***************************************
*** ###easy### TPC-C Load Generator ***
***************************************
option h with value '192.168.122.77'
option P with value '3306'
option d with value 'benchmarker'
option u with value 'root'
option p with value '123456'
option w with value '11'
option c with value '32'
option r with value '22'
option l with value '60'
option i with value '10'
<Parameters>
     [server]: 192.168.122.77
     [port]: 3306
     [DBname]: benchmarker
       [user]: root
       [pass]: 123456
  [warehouse]: 11
 [connection]: 32
     [rampup]: 22 (sec.)
    [measure]: 60 (sec.)

RAMP-UP TIME.(22 sec.)

MEASURING START.

  10, trx: 2275, 95%: 136.503, 99%: 169.131, max_rt: 257.118, 2281|207.864, 228|36.761, 227|286.727, 229|494.488
  20, trx: 2248, 95%: 135.444, 99%: 169.333, max_rt: 203.180, 2245|220.200, 225|30.533, 225|276.766, 222|413.225
  30, trx: 2244, 95%: 137.817, 99%: 168.171, max_rt: 229.458, 2251|260.560, 225|30.566, 226|282.362, 228|445.422
  40, trx: 2244, 95%: 132.160, 99%: 162.238, max_rt: 216.412, 2240|246.124, 224|32.155, 225|294.711, 223|405.075
  50, trx: 2228, 95%: 139.769, 99%: 170.861, max_rt: 218.597, 2227|174.595, 222|79.239, 223|333.424, 222|466.014
  60, trx: 2240, 95%: 137.693, 99%: 166.319, max_rt: 253.145, 2242|139.901, 225|38.282, 222|290.865, 225|447.672

STOPPING THREADS................................

<Raw Results>
  [0] sc:1 lt:13478  rt:0  fl:0 avg_rt: 102.3 (5)
  [1] sc:958 lt:12528  rt:0  fl:0 avg_rt: 34.6 (5)
  [2] sc:590 lt:759  rt:0  fl:0 avg_rt: 9.8 (5)
  [3] sc:25 lt:1323  rt:0  fl:0 avg_rt: 215.5 (80)
  [4] sc:0 lt:1349  rt:0  fl:0 avg_rt: 350.2 (20)
 in 60 sec.

<Raw Results2(sum ver.)>
  [0] sc:1  lt:13478  rt:0  fl:0 
  [1] sc:958  lt:12529  rt:0  fl:0 
  [2] sc:590  lt:759  rt:0  fl:0 
  [3] sc:25  lt:1323  rt:0  fl:0 
  [4] sc:0  lt:1349  rt:0  fl:0 

<Constraint Check> (all must be [OK])
 [transaction percentage]
        Payment: 43.49% (>=43.0%) [OK]
   Order-Status: 4.35% (>= 4.0%) [OK]
       Delivery: 4.35% (>= 4.0%) [OK]
    Stock-Level: 4.35% (>= 4.0%) [OK]
 [response time (at least 90% passed)]
      New-Order: 0.01%  [NG] *
        Payment: 7.10%  [NG] *
   Order-Status: 43.74%  [NG] *
       Delivery: 1.85%  [NG] *
    Stock-Level: 0.00%  [NG] *

<TpmC>
                 13479.000 TpmC
