***************************************
*** ###easy### TPC-C Load Generator ***
***************************************
option h with value '192.168.122.77'
option P with value '3306'
option d with value 'benchmarker'
option u with value 'root'
option p with value '123456'
option w with value '11'
option c with value '4'
option r with value '22'
option l with value '60'
option i with value '10'
<Parameters>
     [server]: 192.168.122.77
     [port]: 3306
     [DBname]: benchmarker
       [user]: root
       [pass]: 123456
  [warehouse]: 11
 [connection]: 4
     [rampup]: 22 (sec.)
    [measure]: 60 (sec.)

RAMP-UP TIME.(22 sec.)

MEASURING START.

  10, trx: 1115, 95%: 35.007, 99%: 47.012, max_rt: 68.572, 1111|27.800, 112|16.986, 111|96.258, 112|146.933
  20, trx: 1192, 95%: 32.116, 99%: 38.480, max_rt: 49.438, 1196|28.383, 119|16.160, 119|75.700, 119|108.655
  30, trx: 1127, 95%: 32.923, 99%: 40.550, max_rt: 60.172, 1130|25.173, 113|6.966, 113|87.810, 113|145.336
  40, trx: 1151, 95%: 31.610, 99%: 39.566, max_rt: 50.843, 1148|36.674, 115|12.933, 115|76.835, 115|118.026
  50, trx: 1229, 95%: 29.507, 99%: 39.084, max_rt: 46.523, 1226|23.684, 123|14.048, 122|70.221, 122|99.114
  60, trx: 1175, 95%: 32.221, 99%: 43.453, max_rt: 60.640, 1179|32.258, 116|8.821, 119|73.760, 118|110.153

STOPPING THREADS....

<Raw Results>
  [0] sc:2 lt:6987  rt:0  fl:0 avg_rt: 24.9 (5)
  [1] sc:4884 lt:2106  rt:0  fl:0 avg_rt: 6.3 (5)
  [2] sc:667 lt:31  rt:0  fl:0 avg_rt: 3.3 (5)
  [3] sc:697 lt:2  rt:0  fl:0 avg_rt: 59.6 (80)
  [4] sc:0 lt:699  rt:0  fl:0 avg_rt: 93.8 (20)
 in 60 sec.

<Raw Results2(sum ver.)>
  [0] sc:2  lt:6987  rt:0  fl:0 
  [1] sc:4884  lt:2106  rt:0  fl:0 
  [2] sc:667  lt:31  rt:0  fl:0 
  [3] sc:697  lt:2  rt:0  fl:0 
  [4] sc:0  lt:699  rt:0  fl:0 

<Constraint Check> (all must be [OK])
 [transaction percentage]
        Payment: 43.48% (>=43.0%) [OK]
   Order-Status: 4.34% (>= 4.0%) [OK]
       Delivery: 4.35% (>= 4.0%) [OK]
    Stock-Level: 4.35% (>= 4.0%) [OK]
 [response time (at least 90% passed)]
      New-Order: 0.03%  [NG] *
        Payment: 69.87%  [NG] *
   Order-Status: 95.56%  [OK]
       Delivery: 99.71%  [OK]
    Stock-Level: 0.00%  [NG] *

<TpmC>
                 6989.000 TpmC
