***************************************
*** ###easy### TPC-C Load Generator ***
***************************************
option h with value '192.168.122.77'
option P with value '3306'
option d with value 'benchmarker'
option u with value 'root'
option p with value '123456'
option w with value '11'
option c with value '64'
option r with value '22'
option l with value '60'
option i with value '10'
<Parameters>
     [server]: 192.168.122.77
     [port]: 3306
     [DBname]: benchmarker
       [user]: root
       [pass]: 123456
  [warehouse]: 11
 [connection]: 64
     [rampup]: 22 (sec.)
    [measure]: 60 (sec.)

RAMP-UP TIME.(22 sec.)

MEASURING START.

  10, trx: 897, 95%: 562.066, 99%: 723.400, max_rt: 1042.108, 875|1033.708, 89|200.072, 89|1170.588, 92|1640.021
  20, trx: 909, 95%: 563.583, 99%: 681.771, max_rt: 846.368, 928|1649.762, 91|198.420, 92|1346.869, 89|1589.099
  30, trx: 870, 95%: 618.939, 99%: 791.843, max_rt: 1196.643, 866|1457.527, 86|171.216, 86|1040.127, 88|1804.069
  40, trx: 917, 95%: 546.799, 99%: 742.709, max_rt: 1641.269, 925|817.836, 93|137.464, 91|1034.646, 91|1478.457
  50, trx: 914, 95%: 578.972, 99%: 718.652, max_rt: 958.058, 913|1072.485, 91|184.813, 91|1099.292, 92|1746.734
  60, trx: 912, 95%: 605.924, 99%: 724.050, max_rt: 953.078, 915|1041.325, 92|106.332, 92|1178.947, 92|1664.699

STOPPING THREADS................................................................

<Raw Results>
  [0] sc:0 lt:5419  rt:0  fl:0 avg_rt: 459.1 (5)
  [1] sc:64 lt:5358  rt:0  fl:0 avg_rt: 249.7 (5)
  [2] sc:58 lt:484  rt:0  fl:0 avg_rt: 51.7 (5)
  [3] sc:0 lt:541  rt:0  fl:0 avg_rt: 971.9 (80)
  [4] sc:0 lt:544  rt:0  fl:0 avg_rt: 1557.2 (20)
 in 60 sec.

<Raw Results2(sum ver.)>
  [0] sc:0  lt:5419  rt:0  fl:0 
  [1] sc:64  lt:5358  rt:0  fl:0 
  [2] sc:58  lt:484  rt:0  fl:0 
  [3] sc:0  lt:541  rt:0  fl:0 
  [4] sc:0  lt:544  rt:0  fl:0 

<Constraint Check> (all must be [OK])
 [transaction percentage]
        Payment: 43.49% (>=43.0%) [OK]
   Order-Status: 4.35% (>= 4.0%) [OK]
       Delivery: 4.34% (>= 4.0%) [OK]
    Stock-Level: 4.36% (>= 4.0%) [OK]
 [response time (at least 90% passed)]
      New-Order: 0.00%  [NG] *
        Payment: 1.18%  [NG] *
   Order-Status: 10.70%  [NG] *
       Delivery: 0.00%  [NG] *
    Stock-Level: 0.00%  [NG] *

<TpmC>
                 5419.000 TpmC
