***************************************
*** ###easy### TPC-C Load Generator ***
***************************************
option h with value '192.168.122.77'
option P with value '3306'
option d with value 'benchmarker'
option u with value 'root'
option p with value '123456'
option w with value '11'
option c with value '8'
option r with value '22'
option l with value '60'
option i with value '10'
<Parameters>
     [server]: 192.168.122.77
     [port]: 3306
     [DBname]: benchmarker
       [user]: root
       [pass]: 123456
  [warehouse]: 11
 [connection]: 8
     [rampup]: 22 (sec.)
    [measure]: 60 (sec.)

RAMP-UP TIME.(22 sec.)

MEASURING START.

  10, trx: 5152, 95%: 15.277, 99%: 20.851, max_rt: 38.881, 5152|22.147, 515|9.213, 515|47.666, 515|50.686
  20, trx: 4857, 95%: 16.874, 99%: 21.926, max_rt: 36.786, 4853|20.993, 485|6.473, 486|45.363, 485|41.162
  30, trx: 4541, 95%: 17.813, 99%: 23.609, max_rt: 35.754, 4543|31.383, 454|7.485, 454|48.140, 455|50.897
  40, trx: 4296, 95%: 18.631, 99%: 24.531, max_rt: 46.028, 4296|31.343, 430|7.766, 429|52.457, 429|47.776
  50, trx: 4163, 95%: 19.698, 99%: 26.052, max_rt: 37.160, 4164|27.820, 417|7.773, 416|56.553, 417|48.387
  60, trx: 4215, 95%: 19.365, 99%: 24.767, max_rt: 40.704, 4215|22.366, 421|7.415, 422|53.594, 422|46.961

STOPPING THREADS........

<Raw Results>
  [0] sc:4031 lt:23194  rt:0  fl:0 avg_rt: 12.8 (5)
  [1] sc:24967 lt:2257  rt:0  fl:0 avg_rt: 3.7 (5)
  [2] sc:2667 lt:55  rt:0  fl:0 avg_rt: 2.2 (5)
  [3] sc:2722 lt:0  rt:0  fl:0 avg_rt: 34.5 (80)
  [4] sc:180 lt:2543  rt:0  fl:0 avg_rt: 39.3 (20)
 in 60 sec.

<Raw Results2(sum ver.)>
  [0] sc:4031  lt:23194  rt:0  fl:0 
  [1] sc:24967  lt:2257  rt:0  fl:0 
  [2] sc:2667  lt:55  rt:0  fl:0 
  [3] sc:2722  lt:0  rt:0  fl:0 
  [4] sc:180  lt:2543  rt:0  fl:0 

<Constraint Check> (all must be [OK])
 [transaction percentage]
        Payment: 43.48% (>=43.0%) [OK]
   Order-Status: 4.35% (>= 4.0%) [OK]
       Delivery: 4.35% (>= 4.0%) [OK]
    Stock-Level: 4.35% (>= 4.0%) [OK]
 [response time (at least 90% passed)]
      New-Order: 14.81%  [NG] *
        Payment: 91.71%  [OK]
   Order-Status: 97.98%  [OK]
       Delivery: 100.00%  [OK]
    Stock-Level: 6.61%  [NG] *

<TpmC>
                 27225.000 TpmC
