***************************************
*** ###easy### TPC-C Load Generator ***
***************************************
option h with value '10.0.1.105'
option P with value '3306'
option d with value 'benchmarker'
option u with value 'root'
option p with value '123456'
option w with value '11'
option c with value '8'
option r with value '22'
option l with value '60'
option i with value '10'
<Parameters>
     [server]: 10.0.1.105
     [port]: 3306
     [DBname]: benchmarker
       [user]: root
       [pass]: 123456
  [warehouse]: 11
 [connection]: 8
     [rampup]: 22 (sec.)
    [measure]: 60 (sec.)

RAMP-UP TIME.(22 sec.)

MEASURING START.

  10, trx: 6272, 95%: 10.906, 99%: 14.572, max_rt: 80.965, 6270|63.789, 627|5.301, 627|99.382, 626|88.671
  20, trx: 6141, 95%: 10.377, 99%: 12.982, max_rt: 18.767, 6141|15.123, 614|3.443, 614|34.913, 614|42.549
  30, trx: 6179, 95%: 10.661, 99%: 13.766, max_rt: 21.719, 6176|12.922, 618|2.650, 618|41.380, 618|41.726
  40, trx: 6216, 95%: 10.575, 99%: 13.473, max_rt: 17.869, 6220|11.800, 622|2.561, 622|31.957, 623|39.354
  50, trx: 6114, 95%: 11.124, 99%: 14.550, max_rt: 22.040, 6114|13.751, 611|3.893, 611|38.448, 611|46.572
  60, trx: 6267, 95%: 10.309, 99%: 13.017, max_rt: 18.643, 6266|13.085, 627|2.072, 626|33.102, 626|42.315

STOPPING THREADS........

<Raw Results>
  [0] sc:9147 lt:28042  rt:0  fl:0 avg_rt: 9.3 (5)
  [1] sc:36568 lt:619  rt:0  fl:0 avg_rt: 2.5 (5)
  [2] sc:3719 lt:0  rt:0  fl:0 avg_rt: 1.1 (5)
  [3] sc:3718 lt:0  rt:0  fl:0 avg_rt: 23.4 (80)
  [4] sc:258 lt:3461  rt:0  fl:0 avg_rt: 34.5 (20)
 in 60 sec.

<Raw Results2(sum ver.)>
  [0] sc:9147  lt:28042  rt:0  fl:0 
  [1] sc:36568  lt:619  rt:0  fl:0 
  [2] sc:3719  lt:0  rt:0  fl:0 
  [3] sc:3718  lt:0  rt:0  fl:0 
  [4] sc:258  lt:3461  rt:0  fl:0 

<Constraint Check> (all must be [OK])
 [transaction percentage]
        Payment: 43.48% (>=43.0%) [OK]
   Order-Status: 4.35% (>= 4.0%) [OK]
       Delivery: 4.35% (>= 4.0%) [OK]
    Stock-Level: 4.35% (>= 4.0%) [OK]
 [response time (at least 90% passed)]
      New-Order: 24.60%  [NG] *
        Payment: 98.34%  [OK]
   Order-Status: 100.00%  [OK]
       Delivery: 100.00%  [OK]
    Stock-Level: 6.94%  [NG] *

<TpmC>
                 37189.000 TpmC
