***************************************
*** ###easy### TPC-C Load Generator ***
***************************************
option h with value '10.0.1.105'
option P with value '3306'
option d with value 'benchmarker'
option u with value 'root'
option p with value '123456'
option w with value '11'
option c with value '24'
option r with value '22'
option l with value '60'
option i with value '10'
<Parameters>
     [server]: 10.0.1.105
     [port]: 3306
     [DBname]: benchmarker
       [user]: root
       [pass]: 123456
  [warehouse]: 11
 [connection]: 24
     [rampup]: 22 (sec.)
    [measure]: 60 (sec.)

RAMP-UP TIME.(22 sec.)

MEASURING START.

  10, trx: 11589, 95%: 18.476, 99%: 22.735, max_rt: 51.482, 11584|32.960, 1159|9.323, 1158|58.820, 1157|59.903
  20, trx: 11595, 95%: 18.114, 99%: 22.270, max_rt: 34.256, 11596|28.073, 1159|8.345, 1159|51.919, 1161|56.864
  30, trx: 11546, 95%: 18.487, 99%: 22.735, max_rt: 41.340, 11544|26.702, 1155|10.961, 1155|54.550, 1153|52.506
  40, trx: 11590, 95%: 18.349, 99%: 22.694, max_rt: 35.291, 11589|24.679, 1158|11.944, 1158|56.950, 1159|55.154
  50, trx: 11580, 95%: 18.250, 99%: 22.384, max_rt: 36.355, 11580|43.463, 1159|6.766, 1159|56.873, 1159|53.561
  60, trx: 11562, 95%: 18.311, 99%: 22.735, max_rt: 39.637, 11561|28.601, 1156|9.355, 1156|58.206, 1156|53.447

STOPPING THREADS........................

<Raw Results>
  [0] sc:4293 lt:65172  rt:0  fl:0 avg_rt: 14.4 (5)
  [1] sc:56299 lt:13159  rt:0  fl:0 avg_rt: 5.1 (5)
  [2] sc:6912 lt:34  rt:0  fl:0 avg_rt: 1.5 (5)
  [3] sc:6945 lt:0  rt:0  fl:0 avg_rt: 41.2 (80)
  [4] sc:16 lt:6929  rt:0  fl:0 avg_rt: 45.7 (20)
 in 60 sec.

<Raw Results2(sum ver.)>
  [0] sc:4293  lt:65172  rt:0  fl:0 
  [1] sc:56301  lt:13159  rt:0  fl:0 
  [2] sc:6912  lt:34  rt:0  fl:0 
  [3] sc:6945  lt:0  rt:0  fl:0 
  [4] sc:16  lt:6929  rt:0  fl:0 

<Constraint Check> (all must be [OK])
 [transaction percentage]
        Payment: 43.48% (>=43.0%) [OK]
   Order-Status: 4.35% (>= 4.0%) [OK]
       Delivery: 4.35% (>= 4.0%) [OK]
    Stock-Level: 4.35% (>= 4.0%) [OK]
 [response time (at least 90% passed)]
      New-Order: 6.18%  [NG] *
        Payment: 81.05%  [NG] *
   Order-Status: 99.51%  [OK]
       Delivery: 100.00%  [OK]
    Stock-Level: 0.23%  [NG] *

<TpmC>
                 69465.000 TpmC
