***************************************
*** ###easy### TPC-C Load Generator ***
***************************************
option h with value '192.168.122.79'
option P with value '3306'
option d with value 'benchmarker'
option u with value 'root'
option p with value '123456'
option w with value '11'
option c with value '64'
option r with value '22'
option l with value '60'
option i with value '10'
<Parameters>
     [server]: 192.168.122.79
     [port]: 3306
     [DBname]: benchmarker
       [user]: root
       [pass]: 123456
  [warehouse]: 11
 [connection]: 64
     [rampup]: 22 (sec.)
    [measure]: 60 (sec.)

RAMP-UP TIME.(22 sec.)

MEASURING START.

  10, trx: 4682, 95%: 115.782, 99%: 155.068, max_rt: 337.007, 4691|431.268, 468|78.053, 473|663.722, 469|280.284
  20, trx: 4691, 95%: 112.367, 99%: 147.198, max_rt: 293.852, 4688|295.120, 471|52.561, 473|538.780, 470|241.975
  30, trx: 4670, 95%: 113.279, 99%: 154.466, max_rt: 339.894, 4663|291.469, 465|61.550, 462|511.607, 465|235.841
  40, trx: 4574, 95%: 120.304, 99%: 166.220, max_rt: 308.885, 4589|334.501, 459|58.469, 456|526.520, 458|276.580
  50, trx: 4631, 95%: 115.540, 99%: 155.719, max_rt: 284.906, 4626|294.099, 463|50.979, 466|581.447, 464|268.023
  60, trx: 4750, 95%: 113.144, 99%: 150.180, max_rt: 322.515, 4753|293.287, 475|76.337, 471|561.082, 475|252.261

STOPPING THREADS................................................................

<Raw Results>
  [0] sc:2 lt:27997  rt:0  fl:0 avg_rt: 79.0 (5)
  [1] sc:2116 lt:25894  rt:0  fl:0 avg_rt: 60.0 (5)
  [2] sc:1412 lt:1389  rt:0  fl:0 avg_rt: 9.5 (5)
  [3] sc:53 lt:2748  rt:0  fl:0 avg_rt: 316.2 (80)
  [4] sc:0 lt:2801  rt:0  fl:0 avg_rt: 151.1 (20)
 in 60 sec.

<Raw Results2(sum ver.)>
  [0] sc:2  lt:27997  rt:0  fl:0 
  [1] sc:2116  lt:25897  rt:0  fl:0 
  [2] sc:1412  lt:1389  rt:0  fl:0 
  [3] sc:53  lt:2748  rt:0  fl:0 
  [4] sc:0  lt:2801  rt:0  fl:0 

<Constraint Check> (all must be [OK])
 [transaction percentage]
        Payment: 43.49% (>=43.0%) [OK]
   Order-Status: 4.35% (>= 4.0%) [OK]
       Delivery: 4.35% (>= 4.0%) [OK]
    Stock-Level: 4.35% (>= 4.0%) [OK]
 [response time (at least 90% passed)]
      New-Order: 0.01%  [NG] *
        Payment: 7.55%  [NG] *
   Order-Status: 50.41%  [NG] *
       Delivery: 1.89%  [NG] *
    Stock-Level: 0.00%  [NG] *

<TpmC>
                 27999.000 TpmC
