***************************************
*** ###easy### TPC-C Load Generator ***
***************************************
option h with value '192.168.122.77'
option P with value '3306'
option d with value 'benchmarker'
option u with value 'root'
option p with value '123456'
option w with value '11'
option c with value '16'
option r with value '22'
option l with value '60'
option i with value '10'
<Parameters>
     [server]: 192.168.122.77
     [port]: 3306
     [DBname]: benchmarker
       [user]: root
       [pass]: 123456
  [warehouse]: 11
 [connection]: 16
     [rampup]: 22 (sec.)
    [measure]: 60 (sec.)

RAMP-UP TIME.(22 sec.)

MEASURING START.

  10, trx: 5811, 95%: 26.461, 99%: 34.087, max_rt: 67.908, 5809|43.596, 582|15.377, 581|88.682, 581|72.172
  20, trx: 5365, 95%: 29.419, 99%: 38.411, max_rt: 61.269, 5366|40.792, 536|10.126, 537|76.035, 536|71.996
  30, trx: 5413, 95%: 28.637, 99%: 37.334, max_rt: 61.035, 5409|41.958, 541|14.152, 540|84.263, 542|75.758
  40, trx: 5549, 95%: 28.628, 99%: 36.956, max_rt: 76.735, 5550|40.384, 556|11.503, 556|105.523, 555|69.243
  50, trx: 5410, 95%: 29.516, 99%: 38.434, max_rt: 57.086, 5411|49.882, 540|10.586, 541|82.184, 541|74.785
  60, trx: 5342, 95%: 30.313, 99%: 39.025, max_rt: 63.807, 5344|41.411, 534|14.001, 534|88.647, 534|86.868

STOPPING THREADS................

<Raw Results>
  [0] sc:489 lt:32401  rt:0  fl:0 avg_rt: 21.5 (5)
  [1] sc:22016 lt:10873  rt:0  fl:0 avg_rt: 6.8 (5)
  [2] sc:2992 lt:297  rt:0  fl:0 avg_rt: 3.3 (5)
  [3] sc:3280 lt:9  rt:0  fl:0 avg_rt: 54.9 (80)
  [4] sc:4 lt:3285  rt:0  fl:0 avg_rt: 56.4 (20)
 in 60 sec.

<Raw Results2(sum ver.)>
  [0] sc:489  lt:32401  rt:0  fl:0 
  [1] sc:22019  lt:10873  rt:0  fl:0 
  [2] sc:2992  lt:297  rt:0  fl:0 
  [3] sc:3280  lt:9  rt:0  fl:0 
  [4] sc:4  lt:3285  rt:0  fl:0 

<Constraint Check> (all must be [OK])
 [transaction percentage]
        Payment: 43.48% (>=43.0%) [OK]
   Order-Status: 4.35% (>= 4.0%) [OK]
       Delivery: 4.35% (>= 4.0%) [OK]
    Stock-Level: 4.35% (>= 4.0%) [OK]
 [response time (at least 90% passed)]
      New-Order: 1.49%  [NG] *
        Payment: 66.94%  [NG] *
   Order-Status: 90.97%  [OK]
       Delivery: 99.73%  [OK]
    Stock-Level: 0.12%  [NG] *

<TpmC>
                 32890.000 TpmC
