***************************************
*** ###easy### TPC-C Load Generator ***
***************************************
option h with value '192.168.122.77'
option P with value '3306'
option d with value 'benchmarker'
option u with value 'root'
option p with value '123456'
option w with value '11'
option c with value '8'
option r with value '22'
option l with value '60'
option i with value '10'
<Parameters>
     [server]: 192.168.122.77
     [port]: 3306
     [DBname]: benchmarker
       [user]: root
       [pass]: 123456
  [warehouse]: 11
 [connection]: 8
     [rampup]: 22 (sec.)
    [measure]: 60 (sec.)

RAMP-UP TIME.(22 sec.)

MEASURING START.

  10, trx: 5509, 95%: 14.407, 99%: 19.318, max_rt: 35.431, 5510|25.236, 551|7.222, 551|43.968, 551|44.074
  20, trx: 5270, 95%: 14.889, 99%: 19.935, max_rt: 32.289, 5271|26.676, 527|5.246, 528|37.532, 528|36.539
  30, trx: 4813, 95%: 16.798, 99%: 21.880, max_rt: 40.231, 4813|29.665, 481|6.483, 480|43.023, 481|47.712
  40, trx: 4601, 95%: 18.060, 99%: 23.230, max_rt: 49.433, 4600|24.218, 460|7.268, 460|52.315, 460|45.276
  50, trx: 4588, 95%: 17.888, 99%: 23.244, max_rt: 36.851, 4590|20.307, 460|6.086, 459|49.858, 459|48.965
  60, trx: 4530, 95%: 17.739, 99%: 23.461, max_rt: 41.207, 4526|20.781, 452|7.347, 453|43.411, 453|44.121

STOPPING THREADS........

<Raw Results>
  [0] sc:5183 lt:24128  rt:0  fl:0 avg_rt: 11.8 (5)
  [1] sc:26790 lt:2520  rt:0  fl:0 avg_rt: 3.6 (5)
  [2] sc:2907 lt:24  rt:0  fl:0 avg_rt: 2.0 (5)
  [3] sc:2931 lt:0  rt:0  fl:0 avg_rt: 31.4 (80)
  [4] sc:367 lt:2565  rt:0  fl:0 avg_rt: 36.0 (20)
 in 60 sec.

<Raw Results2(sum ver.)>
  [0] sc:5183  lt:24128  rt:0  fl:0 
  [1] sc:26792  lt:2520  rt:0  fl:0 
  [2] sc:2907  lt:24  rt:0  fl:0 
  [3] sc:2931  lt:0  rt:0  fl:0 
  [4] sc:367  lt:2565  rt:0  fl:0 

<Constraint Check> (all must be [OK])
 [transaction percentage]
        Payment: 43.48% (>=43.0%) [OK]
   Order-Status: 4.35% (>= 4.0%) [OK]
       Delivery: 4.35% (>= 4.0%) [OK]
    Stock-Level: 4.35% (>= 4.0%) [OK]
 [response time (at least 90% passed)]
      New-Order: 17.68%  [NG] *
        Payment: 91.40%  [OK]
   Order-Status: 99.18%  [OK]
       Delivery: 100.00%  [OK]
    Stock-Level: 12.52%  [NG] *

<TpmC>
                 29311.000 TpmC
