***************************************
*** ###easy### TPC-C Load Generator ***
***************************************
option h with value '192.168.122.77'
option P with value '3306'
option d with value 'benchmarker'
option u with value 'root'
option p with value '123456'
option w with value '11'
option c with value '1'
option r with value '22'
option l with value '60'
option i with value '10'
<Parameters>
     [server]: 192.168.122.77
     [port]: 3306
     [DBname]: benchmarker
       [user]: root
       [pass]: 123456
  [warehouse]: 11
 [connection]: 1
     [rampup]: 22 (sec.)
    [measure]: 60 (sec.)

RAMP-UP TIME.(22 sec.)

MEASURING START.

  10, trx: 1026, 95%: 8.438, 99%: 13.091, max_rt: 23.507, 1027|9.355, 103|3.623, 103|34.674, 103|31.708
  20, trx: 1046, 95%: 8.293, 99%: 12.690, max_rt: 19.220, 1049|7.072, 105|1.882, 105|36.975, 104|28.983
  30, trx: 1030, 95%: 8.687, 99%: 14.142, max_rt: 23.756, 1030|6.528, 103|2.970, 103|29.819, 103|27.999
  40, trx: 1031, 95%: 9.331, 99%: 15.941, max_rt: 25.883, 1030|10.332, 103|2.460, 103|28.358, 103|29.139
  50, trx: 1047, 95%: 8.459, 99%: 12.758, max_rt: 20.220, 1048|10.048, 105|3.453, 105|27.686, 104|27.190
  60, trx: 1064, 95%: 7.814, 99%: 12.085, max_rt: 19.648, 1064|7.502, 106|2.858, 106|29.193, 108|26.848

STOPPING THREADS.

<Raw Results>
  [0] sc:3444 lt:2800  rt:0  fl:0 avg_rt: 6.9 (5)
  [1] sc:6222 lt:26  rt:0  fl:0 avg_rt: 1.9 (5)
  [2] sc:625 lt:0  rt:0  fl:0 avg_rt: 1.0 (5)
  [3] sc:625 lt:0  rt:0  fl:0 avg_rt: 20.1 (80)
  [4] sc:534 lt:91  rt:0  fl:0 avg_rt: 22.6 (20)
 in 60 sec.

<Raw Results2(sum ver.)>
  [0] sc:3444  lt:2800  rt:0  fl:0 
  [1] sc:6222  lt:26  rt:0  fl:0 
  [2] sc:625  lt:0  rt:0  fl:0 
  [3] sc:625  lt:0  rt:0  fl:0 
  [4] sc:534  lt:91  rt:0  fl:0 

<Constraint Check> (all must be [OK])
 [transaction percentage]
        Payment: 43.49% (>=43.0%) [OK]
   Order-Status: 4.35% (>= 4.0%) [OK]
       Delivery: 4.35% (>= 4.0%) [OK]
    Stock-Level: 4.35% (>= 4.0%) [OK]
 [response time (at least 90% passed)]
      New-Order: 55.16%  [NG] *
        Payment: 99.58%  [OK]
   Order-Status: 100.00%  [OK]
       Delivery: 100.00%  [OK]
    Stock-Level: 85.44%  [NG] *

<TpmC>
                 6244.000 TpmC
