***************************************
*** ###easy### TPC-C Load Generator ***
***************************************
option h with value '192.168.122.79'
option P with value '3306'
option d with value 'benchmarker'
option u with value 'root'
option p with value '123456'
option w with value '11'
option c with value '2'
option r with value '22'
option l with value '60'
option i with value '10'
<Parameters>
     [server]: 192.168.122.79
     [port]: 3306
     [DBname]: benchmarker
       [user]: root
       [pass]: 123456
  [warehouse]: 11
 [connection]: 2
     [rampup]: 22 (sec.)
    [measure]: 60 (sec.)

RAMP-UP TIME.(22 sec.)

MEASURING START.

  10, trx: 1189, 95%: 14.172, 99%: 23.965, max_rt: 38.380, 1190|20.366, 119|17.109, 119|56.966, 120|63.464
  20, trx: 1196, 95%: 13.473, 99%: 20.007, max_rt: 33.833, 1196|16.881, 119|13.289, 120|44.634, 119|53.359
  30, trx: 1082, 95%: 17.057, 99%: 23.538, max_rt: 32.341, 1082|18.236, 108|9.528, 108|53.679, 108|60.257
  40, trx: 1152, 95%: 14.317, 99%: 22.117, max_rt: 37.431, 1152|16.665, 115|3.531, 115|42.843, 115|59.783
  50, trx: 1133, 95%: 15.042, 99%: 23.510, max_rt: 30.821, 1134|16.106, 114|5.718, 113|50.713, 114|53.394
  60, trx: 1136, 95%: 14.871, 99%: 23.272, max_rt: 34.880, 1133|13.924, 113|11.760, 114|44.443, 112|62.349

STOPPING THREADS..

<Raw Results>
  [0] sc:415 lt:6473  rt:0  fl:0 avg_rt: 12.6 (5)
  [1] sc:6712 lt:175  rt:0  fl:0 avg_rt: 3.2 (5)
  [2] sc:680 lt:8  rt:0  fl:0 avg_rt: 1.8 (5)
  [3] sc:689 lt:0  rt:0  fl:0 avg_rt: 31.2 (80)
  [4] sc:0 lt:688  rt:0  fl:0 avg_rt: 47.2 (20)
 in 60 sec.

<Raw Results2(sum ver.)>
  [0] sc:415  lt:6473  rt:0  fl:0 
  [1] sc:6712  lt:175  rt:0  fl:0 
  [2] sc:680  lt:8  rt:0  fl:0 
  [3] sc:689  lt:0  rt:0  fl:0 
  [4] sc:0  lt:688  rt:0  fl:0 

<Constraint Check> (all must be [OK])
 [transaction percentage]
        Payment: 43.48% (>=43.0%) [OK]
   Order-Status: 4.34% (>= 4.0%) [OK]
       Delivery: 4.35% (>= 4.0%) [OK]
    Stock-Level: 4.34% (>= 4.0%) [OK]
 [response time (at least 90% passed)]
      New-Order: 6.02%  [NG] *
        Payment: 97.46%  [OK]
   Order-Status: 98.84%  [OK]
       Delivery: 100.00%  [OK]
    Stock-Level: 0.00%  [NG] *

<TpmC>
                 6888.000 TpmC
