***************************************
*** ###easy### TPC-C Load Generator ***
***************************************
option h with value '192.168.122.79'
option P with value '3306'
option d with value 'benchmarker'
option u with value 'root'
option p with value '123456'
option w with value '11'
option c with value '8'
option r with value '22'
option l with value '60'
option i with value '10'
<Parameters>
     [server]: 192.168.122.79
     [port]: 3306
     [DBname]: benchmarker
       [user]: root
       [pass]: 123456
  [warehouse]: 11
 [connection]: 8
     [rampup]: 22 (sec.)
    [measure]: 60 (sec.)

RAMP-UP TIME.(22 sec.)

MEASURING START.

  10, trx: 1178, 95%: 69.855, 99%: 78.200, max_rt: 94.124, 1181|73.287, 117|19.573, 118|146.132, 118|243.698
  20, trx: 1183, 95%: 71.591, 99%: 80.649, max_rt: 98.704, 1182|55.956, 119|13.037, 118|143.615, 119|240.912
  30, trx: 1172, 95%: 71.292, 99%: 79.095, max_rt: 93.956, 1174|69.017, 117|15.982, 118|138.813, 117|240.018
  40, trx: 1175, 95%: 69.542, 99%: 79.024, max_rt: 92.247, 1170|63.815, 117|19.007, 117|131.433, 117|228.498
  50, trx: 1176, 95%: 70.866, 99%: 79.856, max_rt: 92.234, 1179|72.293, 118|14.267, 117|143.803, 118|235.862
  60, trx: 1190, 95%: 70.002, 99%: 78.411, max_rt: 86.501, 1193|60.424, 120|16.088, 120|135.476, 119|225.614

STOPPING THREADS........

<Raw Results>
  [0] sc:1 lt:7073  rt:0  fl:0 avg_rt: 49.6 (5)
  [1] sc:2177 lt:4902  rt:0  fl:0 avg_rt: 12.6 (5)
  [2] sc:387 lt:321  rt:0  fl:0 avg_rt: 6.3 (5)
  [3] sc:259 lt:449  rt:0  fl:0 avg_rt: 111.2 (80)
  [4] sc:0 lt:708  rt:0  fl:0 avg_rt: 186.5 (20)
 in 60 sec.

<Raw Results2(sum ver.)>
  [0] sc:1  lt:7073  rt:0  fl:0 
  [1] sc:2177  lt:4902  rt:0  fl:0 
  [2] sc:387  lt:321  rt:0  fl:0 
  [3] sc:259  lt:449  rt:0  fl:0 
  [4] sc:0  lt:708  rt:0  fl:0 

<Constraint Check> (all must be [OK])
 [transaction percentage]
        Payment: 43.49% (>=43.0%) [OK]
   Order-Status: 4.35% (>= 4.0%) [OK]
       Delivery: 4.35% (>= 4.0%) [OK]
    Stock-Level: 4.35% (>= 4.0%) [OK]
 [response time (at least 90% passed)]
      New-Order: 0.01%  [NG] *
        Payment: 30.75%  [NG] *
   Order-Status: 54.66%  [NG] *
       Delivery: 36.58%  [NG] *
    Stock-Level: 0.00%  [NG] *

<TpmC>
                 7074.000 TpmC
