***************************************
*** ###easy### TPC-C Load Generator ***
***************************************
option h with value '192.168.122.79'
option P with value '3306'
option d with value 'benchmarker'
option u with value 'root'
option p with value '123456'
option w with value '11'
option c with value '4'
option r with value '22'
option l with value '60'
option i with value '10'
<Parameters>
     [server]: 192.168.122.79
     [port]: 3306
     [DBname]: benchmarker
       [user]: root
       [pass]: 123456
  [warehouse]: 11
 [connection]: 4
     [rampup]: 22 (sec.)
    [measure]: 60 (sec.)

RAMP-UP TIME.(22 sec.)

MEASURING START.

  10, trx: 1232, 95%: 31.337, 99%: 38.182, max_rt: 59.928, 1228|26.795, 123|13.941, 123|75.325, 123|114.382
  20, trx: 1228, 95%: 32.039, 99%: 38.446, max_rt: 45.423, 1230|27.137, 123|14.490, 122|64.988, 123|110.746
  30, trx: 1181, 95%: 31.168, 99%: 37.536, max_rt: 48.645, 1183|24.905, 119|6.638, 119|82.420, 118|115.439
  40, trx: 1204, 95%: 31.752, 99%: 38.630, max_rt: 46.036, 1205|34.498, 120|17.304, 120|62.809, 121|101.518
  50, trx: 1212, 95%: 30.577, 99%: 36.901, max_rt: 45.700, 1208|23.653, 121|9.462, 121|65.863, 122|103.093
  60, trx: 1194, 95%: 31.131, 99%: 38.079, max_rt: 47.500, 1195|32.103, 119|9.270, 120|67.466, 118|104.477

STOPPING THREADS....

<Raw Results>
  [0] sc:0 lt:7251  rt:0  fl:0 avg_rt: 24.1 (5)
  [1] sc:5069 lt:2180  rt:0  fl:0 avg_rt: 5.9 (5)
  [2] sc:693 lt:32  rt:0  fl:0 avg_rt: 3.2 (5)
  [3] sc:724 lt:1  rt:0  fl:0 avg_rt: 56.9 (80)
  [4] sc:0 lt:725  rt:0  fl:0 avg_rt: 91.7 (20)
 in 60 sec.

<Raw Results2(sum ver.)>
  [0] sc:0  lt:7251  rt:0  fl:0 
  [1] sc:5069  lt:2180  rt:0  fl:0 
  [2] sc:693  lt:32  rt:0  fl:0 
  [3] sc:724  lt:1  rt:0  fl:0 
  [4] sc:0  lt:725  rt:0  fl:0 

<Constraint Check> (all must be [OK])
 [transaction percentage]
        Payment: 43.47% (>=43.0%) [OK]
   Order-Status: 4.35% (>= 4.0%) [OK]
       Delivery: 4.35% (>= 4.0%) [OK]
    Stock-Level: 4.35% (>= 4.0%) [OK]
 [response time (at least 90% passed)]
      New-Order: 0.00%  [NG] *
        Payment: 69.93%  [NG] *
   Order-Status: 95.59%  [OK]
       Delivery: 99.86%  [OK]
    Stock-Level: 0.00%  [NG] *

<TpmC>
                 7251.000 TpmC
