[OVERALL], RunTime(ms), 198
[OVERALL], Throughput(ops/sec), 5050.50505050505
[TOTAL_GCS_PS_Scavenge], Count, 0
[TOTAL_GC_TIME_PS_Scavenge], Time(ms), 0
[TOTAL_GC_TIME_%_PS_Scavenge], Time(%), 0.0
[TOTAL_GCS_PS_MarkSweep], Count, 0
[TOTAL_GC_TIME_PS_MarkSweep], Time(ms), 0
[TOTAL_GC_TIME_%_PS_MarkSweep], Time(%), 0.0
[TOTAL_GCs], Count, 0
[TOTAL_GC_TIME], Time(ms), 0
[TOTAL_GC_TIME_%], Time(%), 0.0
[CLEANUP], Operations, 8
[CLEANUP], AverageLatency(us), 76.75
[CLEANUP], MinLatency(us), 25
[CLEANUP], MaxLatency(us), 378
[CLEANUP], 95thPercentileLatency(us), 378
[CLEANUP], 99thPercentileLatency(us), 378
[INSERT], Operations, 1000
[INSERT], AverageLatency(us), 890.559
[INSERT], MinLatency(us), 154
[INSERT], MaxLatency(us), 16135
[INSERT], 95thPercentileLatency(us), 2757
[INSERT], 99thPercentileLatency(us), 9151
[INSERT], Return=OK, 1000
