[OVERALL], RunTime(ms), 181
[OVERALL], Throughput(ops/sec), 5524.861878453039
[TOTAL_GCS_PS_Scavenge], Count, 0
[TOTAL_GC_TIME_PS_Scavenge], Time(ms), 0
[TOTAL_GC_TIME_%_PS_Scavenge], Time(%), 0.0
[TOTAL_GCS_PS_MarkSweep], Count, 0
[TOTAL_GC_TIME_PS_MarkSweep], Time(ms), 0
[TOTAL_GC_TIME_%_PS_MarkSweep], Time(%), 0.0
[TOTAL_GCs], Count, 0
[TOTAL_GC_TIME], Time(ms), 0
[TOTAL_GC_TIME_%], Time(%), 0.0
[CLEANUP], Operations, 8
[CLEANUP], AverageLatency(us), 77.5
[CLEANUP], MinLatency(us), 21
[CLEANUP], MaxLatency(us), 425
[CLEANUP], 95thPercentileLatency(us), 425
[CLEANUP], 99thPercentileLatency(us), 425
[INSERT], Operations, 1000
[INSERT], AverageLatency(us), 806.374
[INSERT], MinLatency(us), 149
[INSERT], MaxLatency(us), 10871
[INSERT], 95thPercentileLatency(us), 1951
[INSERT], 99thPercentileLatency(us), 4691
[INSERT], Return=OK, 1000
