[OVERALL], RunTime(ms), 170
[OVERALL], Throughput(ops/sec), 5882.35294117647
[TOTAL_GCS_PS_Scavenge], Count, 0
[TOTAL_GC_TIME_PS_Scavenge], Time(ms), 0
[TOTAL_GC_TIME_%_PS_Scavenge], Time(%), 0.0
[TOTAL_GCS_PS_MarkSweep], Count, 0
[TOTAL_GC_TIME_PS_MarkSweep], Time(ms), 0
[TOTAL_GC_TIME_%_PS_MarkSweep], Time(%), 0.0
[TOTAL_GCs], Count, 0
[TOTAL_GC_TIME], Time(ms), 0
[TOTAL_GC_TIME_%], Time(%), 0.0
[CLEANUP], Operations, 8
[CLEANUP], AverageLatency(us), 81.625
[CLEANUP], MinLatency(us), 25
[CLEANUP], MaxLatency(us), 420
[CLEANUP], 95thPercentileLatency(us), 420
[CLEANUP], 99thPercentileLatency(us), 420
[INSERT], Operations, 1000
[INSERT], AverageLatency(us), 758.066
[INSERT], MinLatency(us), 170
[INSERT], MaxLatency(us), 17935
[INSERT], 95thPercentileLatency(us), 1449
[INSERT], 99thPercentileLatency(us), 9647
[INSERT], Return=OK, 1000
