[OVERALL], RunTime(ms), 167
[OVERALL], Throughput(ops/sec), 5988.023952095808
[TOTAL_GCS_PS_Scavenge], Count, 0
[TOTAL_GC_TIME_PS_Scavenge], Time(ms), 0
[TOTAL_GC_TIME_%_PS_Scavenge], Time(%), 0.0
[TOTAL_GCS_PS_MarkSweep], Count, 0
[TOTAL_GC_TIME_PS_MarkSweep], Time(ms), 0
[TOTAL_GC_TIME_%_PS_MarkSweep], Time(%), 0.0
[TOTAL_GCs], Count, 0
[TOTAL_GC_TIME], Time(ms), 0
[TOTAL_GC_TIME_%], Time(%), 0.0
[CLEANUP], Operations, 8
[CLEANUP], AverageLatency(us), 112.5
[CLEANUP], MinLatency(us), 24
[CLEANUP], MaxLatency(us), 698
[CLEANUP], 95thPercentileLatency(us), 698
[CLEANUP], 99thPercentileLatency(us), 698
[INSERT], Operations, 1000
[INSERT], AverageLatency(us), 870.768
[INSERT], MinLatency(us), 185
[INSERT], MaxLatency(us), 19119
[INSERT], 95thPercentileLatency(us), 1908
[INSERT], 99thPercentileLatency(us), 7423
[INSERT], Return=OK, 1000
