[OVERALL], RunTime(ms), 154
[OVERALL], Throughput(ops/sec), 6493.506493506494
[TOTAL_GCS_PS_Scavenge], Count, 0
[TOTAL_GC_TIME_PS_Scavenge], Time(ms), 0
[TOTAL_GC_TIME_%_PS_Scavenge], Time(%), 0.0
[TOTAL_GCS_PS_MarkSweep], Count, 0
[TOTAL_GC_TIME_PS_MarkSweep], Time(ms), 0
[TOTAL_GC_TIME_%_PS_MarkSweep], Time(%), 0.0
[TOTAL_GCs], Count, 0
[TOTAL_GC_TIME], Time(ms), 0
[TOTAL_GC_TIME_%], Time(%), 0.0
[CLEANUP], Operations, 8
[CLEANUP], AverageLatency(us), 105.625
[CLEANUP], MinLatency(us), 23
[CLEANUP], MaxLatency(us), 582
[CLEANUP], 95thPercentileLatency(us), 582
[CLEANUP], 99thPercentileLatency(us), 582
[INSERT], Operations, 1000
[INSERT], AverageLatency(us), 696.737
[INSERT], MinLatency(us), 149
[INSERT], MaxLatency(us), 11623
[INSERT], 95thPercentileLatency(us), 1406
[INSERT], 99thPercentileLatency(us), 4303
[INSERT], Return=OK, 1000
