***************************************
*** ###easy### TPC-C Load Generator ***
***************************************
option h with value '192.168.122.77'
option P with value '3306'
option d with value 'benchmarker'
option u with value 'root'
option p with value '123456'
option w with value '11'
option c with value '4'
option r with value '22'
option l with value '60'
option i with value '10'
<Parameters>
     [server]: 192.168.122.77
     [port]: 3306
     [DBname]: benchmarker
       [user]: root
       [pass]: 123456
  [warehouse]: 11
 [connection]: 4
     [rampup]: 22 (sec.)
    [measure]: 60 (sec.)

RAMP-UP TIME.(22 sec.)

MEASURING START.

  10, trx: 2018, 95%: 18.777, 99%: 23.147, max_rt: 37.856, 2019|17.229, 202|9.553, 202|47.469, 202|71.278
  20, trx: 2026, 95%: 18.615, 99%: 22.104, max_rt: 35.060, 2025|16.919, 202|7.932, 203|45.520, 204|67.334
  30, trx: 1992, 95%: 19.077, 99%: 23.715, max_rt: 31.939, 1991|19.555, 199|4.744, 199|47.715, 198|66.756
  40, trx: 1999, 95%: 19.633, 99%: 23.265, max_rt: 33.034, 1998|16.454, 200|3.060, 199|51.138, 199|68.862
  50, trx: 2007, 95%: 19.971, 99%: 23.356, max_rt: 28.982, 2011|19.886, 201|3.633, 201|44.051, 202|66.585
  60, trx: 2013, 95%: 19.569, 99%: 23.581, max_rt: 30.261, 2009|14.127, 201|3.616, 201|45.775, 201|63.678

STOPPING THREADS....

<Raw Results>
  [0] sc:240 lt:11815  rt:0  fl:0 avg_rt: 14.9 (5)
  [1] sc:11779 lt:274  rt:0  fl:0 avg_rt: 3.5 (5)
  [2] sc:1202 lt:3  rt:0  fl:0 avg_rt: 1.8 (5)
  [3] sc:1205 lt:0  rt:0  fl:0 avg_rt: 32.7 (80)
  [4] sc:0 lt:1206  rt:0  fl:0 avg_rt: 53.3 (20)
 in 60 sec.

<Raw Results2(sum ver.)>
  [0] sc:240  lt:11815  rt:0  fl:0 
  [1] sc:11779  lt:274  rt:0  fl:0 
  [2] sc:1202  lt:3  rt:0  fl:0 
  [3] sc:1205  lt:0  rt:0  fl:0 
  [4] sc:0  lt:1206  rt:0  fl:0 

<Constraint Check> (all must be [OK])
 [transaction percentage]
        Payment: 43.47% (>=43.0%) [OK]
   Order-Status: 4.35% (>= 4.0%) [OK]
       Delivery: 4.35% (>= 4.0%) [OK]
    Stock-Level: 4.35% (>= 4.0%) [OK]
 [response time (at least 90% passed)]
      New-Order: 1.99%  [NG] *
        Payment: 97.73%  [OK]
   Order-Status: 99.75%  [OK]
       Delivery: 100.00%  [OK]
    Stock-Level: 0.00%  [NG] *

<TpmC>
                 12055.000 TpmC
