Initializing 300 connections...
Initializing 100 workers and preparing statements...
_elapsed___errors__ops/sec(inst)___ops/sec(cum)__p50(ms)__p95(ms)__p99(ms)_pMax(ms)
      1s        0            2.7            6.0     71.3     96.5     96.5     96.5 delivery
      1s        0           28.1           63.0     41.9     92.3     96.5    104.9 newOrder
      1s        0            2.7            6.0      6.3      8.1      8.1      8.1 orderStatus
      1s        0           27.2           61.0     22.0     52.4     75.5    100.7 payment
      1s        0            2.7            6.0     22.0     39.8     39.8     39.8 stockLevel
      2s        0            6.0            6.0    104.9    226.5    226.5    226.5 delivery
      2s        0           72.0           67.5     88.1    201.3    285.2    302.0 newOrder
      2s        0            5.0            5.5     22.0     37.7     37.7     37.7 orderStatus
      2s        0           76.0           68.5     48.2    176.2    218.1    226.5 payment
      2s        0            6.0            6.0     35.7     75.5     75.5     75.5 stockLevel
      3s        0           11.0            7.7    104.9    142.6    142.6    142.6 delivery
      3s        0           75.0           70.0     71.3    402.7    604.0    805.3 newOrder
      3s        0            8.0            6.3      8.4     12.6     12.6     12.6 orderStatus
      3s        0           72.0           69.7     52.4    251.7    604.0   1208.0 payment
      3s        0            8.0            6.7     25.2     39.8     39.8     39.8 stockLevel
      4s        0            5.0            7.0    130.0    142.6    142.6    142.6 delivery
      4s        0           74.0           71.0     83.9    419.4    671.1    738.2 newOrder
      4s        0           12.0            7.7     11.5     32.5     41.9     41.9 orderStatus
      4s        0           63.0           68.0     52.4    469.8   1208.0   1342.2 payment
      4s        0            8.0            7.0     35.7    251.7    251.7    251.7 stockLevel
_elapsed___errors__ops/sec(inst)___ops/sec(cum)__p50(ms)__p95(ms)__p99(ms)_pMax(ms)
      5s        0            6.0            6.8    159.4    453.0    453.0    453.0 delivery
      5s        0           72.0           71.2    159.4   1208.0   1811.9   1946.2 newOrder
      5s        0            3.0            6.8     17.8     21.0     21.0     21.0 orderStatus
      5s        0           66.0           67.6     54.5    335.5   1040.2   1275.1 payment
      5s        0            8.0            7.2     71.3   1140.9   1140.9   1140.9 stockLevel
      6s        0           10.0            7.3    121.6    436.2    436.2    436.2 delivery
      6s        0           73.0           71.5    109.1    738.2   1140.9   1409.3 newOrder
      6s        0            6.0            6.7     14.7     22.0     22.0     22.0 orderStatus
      6s        0           76.0           69.0     60.8    738.2   2147.5   3892.3 payment
      6s        0            6.0            7.0     41.9    243.3    243.3    243.3 stockLevel
      7s        0            9.0            7.6    117.4    302.0    302.0    302.0 delivery
      7s        0           73.0           71.7     96.5    453.0   1006.6   1476.4 newOrder
      7s        0            9.0            7.0     14.7     24.1     24.1     24.1 orderStatus
      7s        0           76.0           70.0     67.1   1208.0   3087.0   3758.1 payment
      7s        0            4.0            6.6     28.3     96.5     96.5     96.5 stockLevel
      8s        0            6.0            7.4    100.7    226.5    226.5    226.5 delivery
      8s        0           73.0           71.9    201.3   1543.5   2147.5   3087.0 newOrder
      8s        0            6.0            6.9     10.0     14.2     14.2     14.2 orderStatus
      8s        0           75.0           70.6     83.9   1409.3   2080.4   5905.6 payment
      8s        0            5.0            6.4    176.2   1677.7   1677.7   1677.7 stockLevel
_elapsed___errors__ops/sec(inst)___ops/sec(cum)__p50(ms)__p95(ms)__p99(ms)_pMax(ms)
      9s        0            9.0            7.6    159.4    671.1    671.1    671.1 delivery
      9s        0           59.0           70.4    142.6    738.2    838.9   2952.8 newOrder
      9s        0           12.0            7.4     13.1     31.5     35.7     35.7 orderStatus
      9s        0           63.0           69.8    121.6   1476.4   1946.2   6442.5 payment
      9s        0            1.0            5.8     37.7     37.7     37.7     37.7 stockLevel
     10s        0           10.0            7.8    159.4    906.0    906.0    906.0 delivery
     10s        0           62.0           69.6    113.2   1744.8   2080.4   2080.4 newOrder
     10s        0            4.0            7.1      9.4     21.0     21.0     21.0 orderStatus
     10s        0           57.0           68.5     92.3   1140.9   1811.9   6442.5 payment
     10s        0            7.0            5.9     52.4    176.2    176.2    176.2 stockLevel
_elapsed___errors__ops/sec(inst)___ops/sec(cum)__p50(ms)__p95(ms)__p99(ms)_pMax(ms)
      1s        0            4.0            4.0    226.5    285.2    285.2    285.2 delivery
      1s        0           42.0           42.1    192.9    469.8    520.1    520.1 newOrder
      1s        0            4.0            4.0     15.2     62.9     62.9     62.9 orderStatus
      1s        0           38.0           38.0    125.8    369.1    872.4    872.4 payment
      1s        0            4.0            4.0     79.7    285.2    285.2    285.2 stockLevel
      2s        0            6.0            5.0    100.7    243.3    243.3    243.3 delivery
      2s        0           68.0           55.0     92.3    637.5    939.5   1275.1 newOrder
      2s        0           10.0            7.0      8.1     19.9     19.9     19.9 orderStatus
      2s        0           68.0           53.0     54.5   1006.6   1342.2   1476.4 payment
      2s        0           10.0            7.0     30.4    453.0    453.0    453.0 stockLevel
      3s        0            7.0            5.7    226.5    453.0    453.0    453.0 delivery
      3s        0           68.0           59.4    109.1    469.8   1208.0   1610.6 newOrder
      3s        0            7.0            7.0     11.0     25.2     25.2     25.2 orderStatus
      3s        0           56.0           54.0     48.2   1409.3   1946.2   2013.3 payment
      3s        0            9.0            7.7     41.9    117.4    117.4    117.4 stockLevel
      4s        0            5.0            5.5     88.1    109.1    109.1    109.1 delivery
      4s        0           71.0           62.3     75.5    872.4   3087.0   3221.2 newOrder
      4s        0            5.0            6.5      8.9     13.1     13.1     13.1 orderStatus
      4s        0           62.0           56.0     41.9    939.5   1610.6   3087.0 payment
      4s        0            6.0            7.3     29.4   2080.4   2080.4   2080.4 stockLevel
_elapsed___errors__ops/sec(inst)___ops/sec(cum)__p50(ms)__p95(ms)__p99(ms)_pMax(ms)
      5s        0            5.0            5.4    151.0    209.7    209.7    209.7 delivery
      5s        0           66.0           63.0    100.7   2550.1   4026.5   4295.0 newOrder
      5s        0           11.0            7.4     12.1     17.8     27.3     27.3 orderStatus
      5s        0           71.0           59.0     56.6    486.5    671.1   2147.5 payment
      5s        0           10.0            7.8     30.4    872.4    872.4    872.4 stockLevel
      6s        0            9.0            6.0    117.4    243.3    243.3    243.3 delivery
      6s        0           63.0           63.0    100.7   1610.6   2415.9   2550.1 newOrder
      6s        0            5.0            7.0      9.4     14.7     14.7     14.7 orderStatus
      6s        0           69.0           60.7     71.3    469.8    805.3   1040.2 payment
      6s        0           10.0            8.2     31.5    167.8    167.8    167.8 stockLevel
      7s        0            6.0            6.0     75.5    113.2    113.2    113.2 delivery
      7s        0           67.0           63.6     75.5   3623.9   5905.6   6442.5 newOrder
      7s        0            7.0            7.0      7.1     16.8     16.8     16.8 orderStatus
      7s        0           65.0           61.3     25.2    260.0    520.1   6174.0 payment
      7s        0            6.0            7.9     37.7     88.1     88.1     88.1 stockLevel
      8s        0           10.0            6.5    121.6    151.0    151.0    151.0 delivery
      8s        0           60.0           63.1     58.7   3087.0   5368.7   6710.9 newOrder
      8s        0            4.0            6.6      8.9     16.8     16.8     16.8 orderStatus
      8s        0           53.0           60.3     26.2     62.9     83.9    113.2 payment
      8s        0            6.0            7.6     33.6    536.9    536.9    536.9 stockLevel
_elapsed___errors__ops/sec(inst)___ops/sec(cum)__p50(ms)__p95(ms)__p99(ms)_pMax(ms)
      9s        0            6.0            6.4     96.5    234.9    234.9    234.9 delivery
      9s        0           61.0           62.9     88.1    302.0   6442.5   6442.5 newOrder
      9s        0            5.0            6.4     10.0     27.3     27.3     27.3 orderStatus
      9s        0           63.0           60.6     41.9    243.3   1879.0   6979.3 payment
      9s        0            9.0            7.8     37.7    209.7    209.7    209.7 stockLevel
     10s        0            8.0            6.6     83.9    302.0    302.0    302.0 delivery
     10s        0           59.0           62.5     60.8    134.2   3221.2   9126.8 newOrder
     10s        0            9.0            6.7     11.0     17.8     17.8     17.8 orderStatus
     10s        0           59.0           60.4     35.7   2550.1   5368.7   7516.2 payment
     10s        0            5.0            7.5     44.0     48.2     48.2     48.2 stockLevel
     11s        0            5.0            6.5    104.9    167.8    167.8    167.8 delivery
     11s        0           54.0           61.7     60.8    167.8   3221.2   3623.9 newOrder
     11s        0            6.0            6.6      6.8     23.1     23.1     23.1 orderStatus
     11s        0           56.0           60.0     27.3     92.3    159.4   5637.1 payment
     11s        0            5.0            7.3     26.2    109.1    109.1    109.1 stockLevel
     12s        0            4.0            6.3    104.9    159.4    159.4    159.4 delivery
     12s        0           59.0           61.5    100.7   3892.3   5905.6   9663.7 newOrder
     12s        0            8.0            6.8     12.6     23.1     23.1     23.1 orderStatus
     12s        0           65.0           60.4     39.8    201.3    302.0  10200.5 payment
     12s        0            6.0            7.2     32.5    117.4    117.4    117.4 stockLevel
_elapsed___errors__ops/sec(inst)___ops/sec(cum)__p50(ms)__p95(ms)__p99(ms)_pMax(ms)
     13s        0            4.0            6.1    159.4    268.4    268.4    268.4 delivery
     13s        0           50.0           60.6     58.7   3355.4   6710.9   6710.9 newOrder
     13s        0            1.0            6.3      6.8      6.8      6.8      6.8 orderStatus
     13s        0           44.0           59.2     28.3    109.1  11274.3  11274.3 payment
     13s        0            5.0            7.0     37.7     60.8     60.8     60.8 stockLevel
     14s        0            6.0            6.1     71.3    192.9    192.9    192.9 delivery
     14s        0           71.0           61.4     56.6    226.5   3758.1   9126.8 newOrder
     14s        0            5.0            6.2      7.3      8.4      8.4      8.4 orderStatus
     14s        0           70.0           59.9     31.5   7247.8  12348.0  13421.8 payment
     14s        0            9.0            7.1     35.7   2281.7   2281.7   2281.7 stockLevel
     15s        0            5.0            6.0     60.8     71.3     71.3     71.3 delivery
     15s        0           61.0           61.3     41.9   2818.6   5100.3   5905.6 newOrder
     15s        0            6.0            6.2      7.3     13.1     13.1     13.1 orderStatus
     15s        0           61.0           60.0     16.3    335.5  11811.2  12348.0 payment
     15s        0            3.0            6.9     21.0     26.2     26.2     26.2 stockLevel
     16s        0            5.0            5.9    100.7    302.0    302.0    302.0 delivery
     16s        0           61.0           61.3     39.8   2080.4   4563.4  10200.5 newOrder
     16s        0            6.0            6.2      7.1     14.7     14.7     14.7 orderStatus
     16s        0           53.0           59.6     19.9     92.3   9126.8  10200.5 payment
     16s        0            9.0            7.0     22.0     58.7     58.7     58.7 stockLevel
_elapsed___errors__ops/sec(inst)___ops/sec(cum)__p50(ms)__p95(ms)__p99(ms)_pMax(ms)
     17s        0            4.0            5.8     52.4     62.9     62.9     62.9 delivery
     17s        0           44.0           60.3     35.7     92.3   4160.7   4160.7 newOrder
     17s        0            7.0            6.2      6.0      7.9      7.9      7.9 orderStatus
     17s        0           52.0           59.1     14.2   2415.9  14495.5  15569.3 payment
     17s        0            3.0            6.8     14.7     44.0     44.0     44.0 stockLevel
     18s        0            8.0            5.9     67.1     92.3     92.3     92.3 delivery
     18s        0           71.0           60.9     46.1   1811.9   4160.7   9663.7 newOrder
     18s        0            6.0            6.2      7.1     14.7     14.7     14.7 orderStatus
     18s        0           66.0           59.5     23.1   6442.5   9663.7  16106.1 payment
     18s        0            9.0            6.9     18.9     52.4     52.4     52.4 stockLevel
     19s        0            7.0            6.0     65.0     88.1     88.1     88.1 delivery
     19s        0           55.0           60.6     41.9    159.4   4831.8   5100.3 newOrder
     19s        0            8.0            6.3      6.0      7.3      7.3      7.3 orderStatus
     19s        0           54.0           59.2     22.0     96.5   4160.7   9126.8 payment
     19s        0            6.0            6.8     17.8    335.5    335.5    335.5 stockLevel
     20s        0            0.0            5.7      0.0      0.0      0.0      0.0 delivery
     20s        0            0.0           57.6      0.0      0.0      0.0      0.0 newOrder
     20s        0            0.0            6.0      0.0      0.0      0.0      0.0 orderStatus
     20s        0            0.0           56.3      0.0      0.0      0.0      0.0 payment
     20s        0            0.0            6.5      0.0      0.0      0.0      0.0 stockLevel
_elapsed___errors__ops/sec(inst)___ops/sec(cum)__p50(ms)__p95(ms)__p99(ms)_pMax(ms)
     21s        0            3.0            5.6    130.0    226.5    226.5    226.5 delivery
     21s        0           37.0           56.6     46.1   5905.6   9126.8   9126.8 newOrder
     21s        0            4.0            5.9      5.2     25.2     25.2     25.2 orderStatus
     21s        0           36.0           55.3     17.8  11274.3  18253.6  18253.6 payment
     21s        0            2.0            6.3     16.3     46.1     46.1     46.1 stockLevel
     22s        0            6.0            5.6     54.5     60.8     60.8     60.8 delivery
     22s        0           43.0           56.0     33.6     92.3   3221.2   3221.2 newOrder
     22s        0            4.0            5.8      5.5      7.3      7.3      7.3 orderStatus
     22s        0           48.0           55.0     13.6     67.1     83.9     83.9 payment
     22s        0            7.0            6.3     16.3   1006.6   1006.6   1006.6 stockLevel
     23s        0            0.0            5.3      0.0      0.0      0.0      0.0 delivery
     23s        0            6.0           53.8     24.1     29.4     29.4     29.4 newOrder
     23s        0            0.0            5.6      0.0      0.0      0.0      0.0 orderStatus
     23s        0            3.0           52.7     10.5     13.1     13.1     13.1 payment
     23s        0            0.0            6.0      0.0      0.0      0.0      0.0 stockLevel
     24s        0            1.0            5.2     44.0     44.0     44.0     44.0 delivery
     24s        0            9.0           51.9     31.5   6174.0   6174.0   6174.0 newOrder
     24s        0            1.0            5.4      6.8      6.8      6.8      6.8 orderStatus
     24s        0            8.0           50.8     12.1     15.7     15.7     15.7 payment
     24s        0            0.0            5.8      0.0      0.0      0.0      0.0 stockLevel
_elapsed___errors__ops/sec(inst)___ops/sec(cum)__p50(ms)__p95(ms)__p99(ms)_pMax(ms)
     25s        0            0.0            5.0      0.0      0.0      0.0      0.0 delivery
     25s        0            0.0           49.8      0.0      0.0      0.0      0.0 newOrder
     25s        0            0.0            5.2      0.0      0.0      0.0      0.0 orderStatus
     25s        0            0.0           48.8      0.0      0.0      0.0      0.0 payment
     25s        0            0.0            5.6      0.0      0.0      0.0      0.0 stockLevel
     26s        0            3.0            4.9     75.5     79.7     79.7     79.7 delivery
     26s        0           29.0           49.0     48.2   4563.4   4831.8   4831.8 newOrder
     26s        0            3.0            5.1      6.0      6.6      6.6      6.6 orderStatus
     26s        0           27.0           48.0     24.1  16106.1  19327.4  19327.4 payment
     26s        0            2.0            5.4     13.6     27.3     27.3     27.3 stockLevel
     27s        0            8.0            5.0     83.9    167.8    167.8    167.8 delivery
     27s        0           69.0           49.8     62.9    176.2    218.1    234.9 newOrder
     27s        0            9.0            5.2      7.9     48.2     48.2     48.2 orderStatus
     27s        0           95.0           49.7     33.6  11274.3  21474.8  22548.6 payment
     27s        0           10.0            5.6     22.0     92.3     92.3     92.3 stockLevel
     28s        0            6.0            5.0     83.9    335.5    335.5    335.5 delivery
     28s        0           76.0           50.7     58.7    151.0    176.2    251.7 newOrder
     28s        0            9.0            5.4      7.3     13.1     13.1     13.1 orderStatus
     28s        0           67.0           50.3     30.4    419.4  21474.8  27917.3 payment
     28s        0            6.0            5.6     60.8   1275.1   1275.1   1275.1 stockLevel
_elapsed___errors__ops/sec(inst)___ops/sec(cum)__p50(ms)__p95(ms)__p99(ms)_pMax(ms)
     29s        0            5.0            5.0     96.5    151.0    151.0    151.0 delivery
     29s        0           81.0           51.8     54.5    243.3   1140.9   1208.0 newOrder
     29s        0            5.0            5.3      7.6     12.1     12.1     12.1 orderStatus
     29s        0           75.0           51.2     29.4    436.2  13958.6  17179.9 payment
     29s        0           10.0            5.8     26.2     65.0     65.0     65.0 stockLevel
     30s        0            7.0            5.1     54.5    109.1    109.1    109.1 delivery
     30s        0           45.0           51.5     29.4    100.7   3355.4   3355.4 newOrder
     30s        0            7.0            5.4      5.0      6.6      6.6      6.6 orderStatus
     30s        0           48.0           51.1     15.2  22548.6  28991.0  28991.0 payment
     30s        0            4.0            5.7     13.1     25.2     25.2     25.2 stockLevel
     31s        0            7.0            5.2     75.5     96.5     96.5     96.5 delivery
     31s        0           61.0           51.8     44.0   1476.4   3221.2   4026.5 newOrder
     31s        0            7.0            5.5      6.6      9.4      9.4      9.4 orderStatus
     31s        0           74.0           51.8     22.0   4831.8  16106.1  18253.6 payment
     31s        0            5.0            5.7     19.9     21.0     21.0     21.0 stockLevel
     32s        0            5.0            5.2     71.3    151.0    151.0    151.0 delivery
     32s        0           58.0           52.0     46.1   1744.8   2080.4   3221.2 newOrder
     32s        0            8.0            5.5      7.9     11.5     11.5     11.5 orderStatus
     32s        0           53.0           51.8     19.9     65.0   2952.8  28991.0 payment
     32s        0            7.0            5.7     25.2     62.9     62.9     62.9 stockLevel
_elapsed___errors__ops/sec(inst)___ops/sec(cum)__p50(ms)__p95(ms)__p99(ms)_pMax(ms)
     33s        0            6.0            5.2     65.0    104.9    104.9    104.9 delivery
     33s        0           62.0           52.3     60.8    838.9   1610.6   1946.2 newOrder
     33s        0            5.0            5.5      6.6     14.2     14.2     14.2 orderStatus
     33s        0           64.0           52.2     33.6    318.8   3087.0  11274.3 payment
     33s        0            9.0            5.8     37.7    192.9    192.9    192.9 stockLevel
     34s        0            1.0            5.1     56.6     56.6     56.6     56.6 delivery
     34s        0           29.0           51.6     37.7   3892.3   4831.8   4831.8 newOrder
     34s        0            3.0            5.4      6.6      7.1      7.1      7.1 orderStatus
     34s        0           34.0           51.7     14.7     50.3  28991.0  28991.0 payment
     34s        0            3.0            5.7     21.0     22.0     22.0     22.0 stockLevel
     35s        0            0.0            4.9      0.0      0.0      0.0      0.0 delivery
     35s        0            2.0           50.2     28.3     29.4     29.4     29.4 newOrder
     35s        0            0.0            5.3      0.0      0.0      0.0      0.0 orderStatus
     35s        0            0.0           50.2      0.0      0.0      0.0      0.0 payment
     35s        0            0.0            5.6      0.0      0.0      0.0      0.0 stockLevel
     36s        0            4.0            4.9     88.1     96.5     96.5     96.5 delivery
     36s        0           49.0           50.2     50.3   3087.0   4831.8   4831.8 newOrder
     36s        0            7.0            5.3      9.4     14.7     14.7     14.7 orderStatus
     36s        0           45.0           50.1     21.0   4831.8  21474.8  21474.8 payment
     36s        0            2.0            5.5     32.5     37.7     37.7     37.7 stockLevel
_elapsed___errors__ops/sec(inst)___ops/sec(cum)__p50(ms)__p95(ms)__p99(ms)_pMax(ms)
     37s        0            4.0            4.9     54.5     88.1     88.1     88.1 delivery
     37s        0           23.0           49.5     37.7     71.3   3355.4   3355.4 newOrder
     37s        0            1.0            5.2      6.0      6.0      6.0      6.0 orderStatus
     37s        0           18.0           49.2     13.6     28.3     39.8     39.8 payment
     37s        0            1.0            5.4     15.2     15.2     15.2     15.2 stockLevel
     38s        0            0.0            4.7      0.0      0.0      0.0      0.0 delivery
     38s        0            0.0           48.2      0.0      0.0      0.0      0.0 newOrder
     38s        0            0.0            5.1      0.0      0.0      0.0      0.0 orderStatus
     38s        0            0.0           47.9      0.0      0.0      0.0      0.0 payment
     38s        0            0.0            5.2      0.0      0.0      0.0      0.0 stockLevel
     39s        0            0.0            4.6      0.0      0.0      0.0      0.0 delivery
     39s        0            0.0           46.9      0.0      0.0      0.0      0.0 newOrder
     39s        0            0.0            4.9      0.0      0.0      0.0      0.0 orderStatus
     39s        0            0.0           46.7      0.0      0.0      0.0      0.0 payment
     39s        0            0.0            5.1      0.0      0.0      0.0      0.0 stockLevel
     40s        0            0.0            4.5      0.0      0.0      0.0      0.0 delivery
     40s        0            1.0           45.8   5905.6   5905.6   5905.6   5905.6 newOrder
     40s        0            0.0            4.8      0.0      0.0      0.0      0.0 orderStatus
     40s        0            0.0           45.5      0.0      0.0      0.0      0.0 payment
     40s        0            0.0            5.0      0.0      0.0      0.0      0.0 stockLevel
_elapsed___errors__ops/sec(inst)___ops/sec(cum)__p50(ms)__p95(ms)__p99(ms)_pMax(ms)
     41s        0            0.0            4.4      0.0      0.0      0.0      0.0 delivery
     41s        0           20.0           45.1     46.1   8053.1   9126.8   9126.8 newOrder
     41s        0            6.0            4.9      8.4     16.8     16.8     16.8 orderStatus
     41s        0           12.0           44.7     14.2     21.0     23.1     23.1 payment
     41s        0            4.0            4.9     28.3   4831.8   4831.8   4831.8 stockLevel
     42s        0            4.0            4.4     62.9     62.9     62.9     62.9 delivery
     42s        0           29.0           44.8     35.7    671.1   5100.3   5100.3 newOrder
     42s        0            3.0            4.8      9.4      9.4      9.4      9.4 orderStatus
     42s        0           30.0           44.3     13.6  27917.3  30064.8  30064.8 payment
     42s        0            4.0            4.9     18.9     27.3     27.3     27.3 stockLevel
     43s        0            6.0            4.4     75.5    167.8    167.8    167.8 delivery
     43s        0           52.0           44.9     46.1    142.6    604.0   7247.8 newOrder
     43s        0            5.0            4.8      7.6      9.4      9.4      9.4 orderStatus
     43s        0           47.0           44.4     25.2  27917.3  40802.2  40802.2 payment
     43s        0            5.0            4.9     25.2     30.4     30.4     30.4 stockLevel
     44s        0            5.0            4.4     79.7    121.6    121.6    121.6 delivery
     44s        0           67.0           45.4     56.6    604.0   2415.9   3489.7 newOrder
     44s        0            5.0            4.8      7.3     14.2     14.2     14.2 orderStatus
     44s        0           65.0           44.9     27.3  26843.5  34359.7  40802.2 payment
     44s        0            5.0            4.9     22.0    117.4    117.4    117.4 stockLevel
_elapsed___errors__ops/sec(inst)___ops/sec(cum)__p50(ms)__p95(ms)__p99(ms)_pMax(ms)
     45s        0            5.0            4.4     83.9    243.3    243.3    243.3 delivery
     45s        0           19.0           44.8     54.5    243.3   8589.9   8589.9 newOrder
     45s        0            3.0            4.8      6.6     11.5     11.5     11.5 orderStatus
     45s        0           28.0           44.5     26.2    604.0    637.5    637.5 payment
     45s        0            2.0            4.8     60.8    176.2    176.2    176.2 stockLevel
     46s        0            3.0            4.4     79.7     83.9     83.9     83.9 delivery
     46s        0           35.0           44.6     54.5    130.0   1208.0   1208.0 newOrder
     46s        0            2.0            4.7      7.9      8.9      8.9      8.9 orderStatus
     46s        0           46.0           44.5     28.3  18253.6  45097.2  45097.2 payment
     46s        0            5.0            4.8     23.1     30.4     30.4     30.4 stockLevel
     47s        0            7.0            4.5    104.9    130.0    130.0    130.0 delivery
     47s        0           60.0           45.0     54.5   1073.7   3355.4   4026.5 newOrder
     47s        0            5.0            4.7      8.4     24.1     24.1     24.1 orderStatus
     47s        0           58.0           44.8     25.2  14495.5  27917.3  45097.2 payment
     47s        0            6.0            4.9     30.4     79.7     79.7     79.7 stockLevel
     48s        0            4.0            4.5     65.0     88.1     88.1     88.1 delivery
     48s        0           36.0           44.8     54.5    117.4   3892.3   3892.3 newOrder
     48s        0            4.0            4.7      7.3     13.1     13.1     13.1 orderStatus
     48s        0           39.0           44.7     21.0     50.3    134.2    134.2 payment
     48s        0            5.0            4.9     19.9     60.8     60.8     60.8 stockLevel
_elapsed___errors__ops/sec(inst)___ops/sec(cum)__p50(ms)__p95(ms)__p99(ms)_pMax(ms)
     49s        0            2.0            4.4     52.4     56.6     56.6     56.6 delivery
     49s        0           17.0           44.2     33.6   2684.4   2818.6   2818.6 newOrder
     49s        0            3.0            4.7      6.6      7.1      7.1      7.1 orderStatus
     49s        0           14.0           44.1     15.7     24.1  33286.0  33286.0 payment
     49s        0            2.0            4.8     12.6     18.9     18.9     18.9 stockLevel
     50s        0            4.0            4.4     58.7     75.5     75.5     75.5 delivery
     50s        0           38.0           44.1     44.0   2818.6   5100.3   5100.3 newOrder
     50s        0            4.0            4.7      6.3      7.1      7.1      7.1 orderStatus
     50s        0           48.0           44.1     19.9   7516.2  16643.0  16643.0 payment
     50s        0            6.0            4.8     18.9     22.0     22.0     22.0 stockLevel
     51s        0            0.0            4.3      0.0      0.0      0.0      0.0 delivery
     51s        0            0.0           43.2      0.0      0.0      0.0      0.0 newOrder
     51s        0            0.0            4.6      0.0      0.0      0.0      0.0 orderStatus
     51s        0            0.0           43.3      0.0      0.0      0.0      0.0 payment
     51s        0            0.0            4.7      0.0      0.0      0.0      0.0 stockLevel
     52s        0            0.0            4.2      0.0      0.0      0.0      0.0 delivery
     52s        0            3.0           42.4   3758.1   3758.1   3758.1   3758.1 newOrder
     52s        0            0.0            4.5      0.0      0.0      0.0      0.0 orderStatus
     52s        0            0.0           42.4      0.0      0.0      0.0      0.0 payment
     52s        0            0.0            4.7      0.0      0.0      0.0      0.0 stockLevel
_elapsed___errors__ops/sec(inst)___ops/sec(cum)__p50(ms)__p95(ms)__p99(ms)_pMax(ms)
     53s        0            2.0            4.2     67.1    104.9    104.9    104.9 delivery
     53s        0           14.0           41.9     48.2     75.5    134.2    134.2 newOrder
     53s        0            2.0            4.4      7.6     15.7     15.7     15.7 orderStatus
     53s        0           16.0           41.9     24.1     44.0     71.3     71.3 payment
     53s        0            1.0            4.6   2550.1   2550.1   2550.1   2550.1 stockLevel
     54s        0            4.0            4.2     96.5    159.4    159.4    159.4 delivery
     54s        0           33.1           41.7     75.5   6979.3   9663.7   9663.7 newOrder
     54s        0            2.0            4.4     10.5     11.0     11.0     11.0 orderStatus
     54s        0           26.1           41.6     41.9  36507.2  47244.6  47244.6 payment
     54s        0            3.0            4.6     35.7     50.3     50.3     50.3 stockLevel
     55s        0            3.0            4.2     96.5    167.8    167.8    167.8 delivery
     55s        0           25.0           41.4     46.1    201.3    226.5    226.5 newOrder
     55s        0            1.0            4.3      6.3      6.3      6.3      6.3 orderStatus
     55s        0           20.0           41.3     21.0     71.3    159.4    159.4 payment
     55s        0            4.0            4.5     28.3    243.3    243.3    243.3 stockLevel
     56s        0            0.0            4.1      0.0      0.0      0.0      0.0 delivery
     56s        0            0.0           40.7      0.0      0.0      0.0      0.0 newOrder
     56s        0            0.0            4.3      0.0      0.0      0.0      0.0 orderStatus
     56s        0            0.0           40.5      0.0      0.0      0.0      0.0 payment
     56s        0            0.0            4.5      0.0      0.0      0.0      0.0 stockLevel
_elapsed___errors__ops/sec(inst)___ops/sec(cum)__p50(ms)__p95(ms)__p99(ms)_pMax(ms)
     57s        0            0.0            4.0      0.0      0.0      0.0      0.0 delivery
     57s        0            2.0           40.0   7784.6   8589.9   8589.9   8589.9 newOrder
     57s        0            0.0            4.2      0.0      0.0      0.0      0.0 orderStatus
     57s        0            1.0           39.8     18.9     18.9     18.9     18.9 payment
     57s        0            0.0            4.4      0.0      0.0      0.0      0.0 stockLevel
     58s        0            1.0            4.0     75.5     75.5     75.5     75.5 delivery
     58s        0            5.0           39.4     31.5     44.0     44.0     44.0 newOrder
     58s        0            0.0            4.1      0.0      0.0      0.0      0.0 orderStatus
     58s        0            6.0           39.2     11.5     21.0     21.0     21.0 payment
     58s        0            0.0            4.3      0.0      0.0      0.0      0.0 stockLevel
     59s        0            0.0            3.9      0.0      0.0      0.0      0.0 delivery
     59s        0            0.0           38.7      0.0      0.0      0.0      0.0 newOrder
     59s        0            0.0            4.0      0.0      0.0      0.0      0.0 orderStatus
     59s        0            0.0           38.6      0.0      0.0      0.0      0.0 payment
     59s        0            0.0            4.2      0.0      0.0      0.0      0.0 stockLevel
    1m0s        0            5.0            3.9     79.7    142.6    142.6    142.6 delivery
    1m0s        0           32.0           38.6     44.0   5905.6  11274.3  11274.3 newOrder
    1m0s        0            4.0            4.0      6.6     12.1     12.1     12.1 orderStatus
    1m0s        0           46.0           38.7     30.4  23622.3  53687.1  53687.1 payment
    1m0s        0            2.0            4.2     39.8     46.1     46.1     46.1 stockLevel

_elapsed___errors_____ops(total)___ops/sec(cum)__avg(ms)__p50(ms)__p95(ms)__p99(ms)_pMax(ms)__total
   60.0s        0            235            3.9    101.1     83.9    234.9    335.5    453.0  delivery
   60.0s        0           2318           38.6    342.7     56.6   2550.1   6442.5  11274.3  newOrder
   60.0s        0            242            4.0      9.5      7.6     19.9     27.3     62.9  orderStatus
   60.0s        0           2322           38.7    936.5     27.3   5368.7  26843.5  53687.1  payment
   60.0s        0            252            4.2    124.4     29.4    285.2   2281.7   4831.8  stockLevel

_elapsed___errors_____ops(total)___ops/sec(cum)__avg(ms)__p50(ms)__p95(ms)__p99(ms)_pMax(ms)__result
   60.0s        0           5369           89.5    563.7     44.0   1946.2  14495.5  53687.1  
Audit check 9.2.1.7: SKIP: not enough delivery transactions to be statistically significant
Audit check 9.2.2.5.1: SKIP: not enough orders to be statistically significant
Audit check 9.2.2.5.2: SKIP: not enough orders to be statistically significant
Audit check 9.2.2.5.3: SKIP: not enough orders to be statistically significant
Audit check 9.2.2.5.4: SKIP: not enough payments to be statistically significant
Audit check 9.2.2.5.5: SKIP: not enough payments to be statistically significant
Audit check 9.2.2.5.6: SKIP: not enough order status transactions to be statistically significant

_elapsed_______tpmC____efc__avg(ms)__p50(ms)__p90(ms)__p95(ms)__p99(ms)_pMax(ms)
   60.0s     2318.0 1802.5%    342.7     56.6    352.3   2550.1   6442.5  11274.3
