Initializing 100 connections...
Initializing 100 workers and preparing statements...
_elapsed___errors__ops/sec(inst)___ops/sec(cum)__p50(ms)__p95(ms)__p99(ms)_pMax(ms)
      1s        0            2.4            4.0    151.0    192.9    192.9    192.9 delivery
      1s        0           20.8           35.0     75.5    117.4    159.4    159.4 newOrder
      1s        0            2.4            4.0      6.8     16.3     16.3     16.3 orderStatus
      1s        0           24.4           41.0     27.3     88.1    142.6    142.6 payment
      1s        0            1.8            3.0     62.9    109.1    109.1    109.1 stockLevel
      2s        0            7.0            5.5    243.3    419.4    419.4    419.4 delivery
      2s        0           54.0           44.5    104.9    285.2    285.2    352.3 newOrder
      2s        0            3.0            3.5     15.2     26.2     26.2     26.2 orderStatus
      2s        0           45.0           43.0     62.9    226.5    302.0    302.0 payment
      2s        0           10.0            6.5     50.3     92.3     92.3     92.3 stockLevel
      3s        0            6.0            5.7    121.6    134.2    134.2    134.2 delivery
      3s        0           64.0           51.0    109.1    369.1    385.9    536.9 newOrder
      3s        0            6.0            4.3     10.5     28.3     28.3     28.3 orderStatus
      3s        0           68.0           51.3     67.1    486.5    520.1    671.1 payment
      3s        0            4.0            5.7     71.3    192.9    192.9    192.9 stockLevel
      4s        0            8.0            6.2    159.4    436.2    436.2    436.2 delivery
      4s        0           62.0           53.7    117.4    570.4    906.0    906.0 newOrder
      4s        0            6.0            4.7     10.0     16.3     16.3     16.3 orderStatus
      4s        0           51.0           51.2    134.2    738.2   1275.1   1946.2 payment
      4s        0            6.0            5.7     54.5    251.7    251.7    251.7 stockLevel
_elapsed___errors__ops/sec(inst)___ops/sec(cum)__p50(ms)__p95(ms)__p99(ms)_pMax(ms)
      5s        0            7.0            6.4    192.9    453.0    453.0    453.0 delivery
      5s        0           54.0           53.8    184.5    771.8    906.0   1409.3 newOrder
      5s        0            3.0            4.4     19.9     33.6     33.6     33.6 orderStatus
      5s        0           57.0           52.4     88.1   1409.3   2080.4   2952.8 payment
      5s        0            9.0            6.4     71.3    130.0    130.0    130.0 stockLevel
      6s        0            4.0            6.0    218.1    335.5    335.5    335.5 delivery
      6s        0           57.0           54.3    209.7    872.4   1275.1   1409.3 newOrder
      6s        0           11.0            5.5     23.1     35.7     46.1     46.1 orderStatus
      6s        0           53.0           52.5    104.9   1543.5   1677.7   2281.7 payment
      6s        0            6.0            6.3     79.7    352.3    352.3    352.3 stockLevel
      7s        0            5.0            5.9    167.8    805.3    805.3    805.3 delivery
      7s        0           58.0           54.9    142.6    805.3   1073.7   1342.2 newOrder
      7s        0            3.0            5.1     19.9     56.6     56.6     56.6 orderStatus
      7s        0           60.0           53.6     79.7   1342.2   1811.9   1811.9 payment
      7s        0            6.0            6.3     58.7     83.9     83.9     83.9 stockLevel
      8s        0            4.0            5.6    167.8    302.0    302.0    302.0 delivery
      8s        0           49.0           54.1    209.7   1677.7   1946.2   1946.2 newOrder
      8s        0            5.0            5.1     19.9     83.9     83.9     83.9 orderStatus
      8s        0           51.0           53.2    104.9   2415.9   2550.1   4026.5 payment
      8s        0            5.0            6.1     83.9    469.8    469.8    469.8 stockLevel
_elapsed___errors__ops/sec(inst)___ops/sec(cum)__p50(ms)__p95(ms)__p99(ms)_pMax(ms)
      9s        0            6.0            5.7    201.3    402.7    402.7    402.7 delivery
      9s        0           49.0           53.6    402.7   1677.7   2550.1   2550.1 newOrder
      9s        0            5.0            5.1     12.6     35.7     35.7     35.7 orderStatus
      9s        0           44.0           52.2    167.8   2818.6   3758.1   3758.1 payment
      9s        0           10.0            6.6    100.7   1073.7   1073.7   1073.7 stockLevel
     10s        0            5.0            5.6    226.5    302.0    302.0    302.0 delivery
     10s        0           50.0           53.2    226.5   1208.0   1811.9   1811.9 newOrder
     10s        0            4.0            5.0     17.8     41.9     41.9     41.9 orderStatus
     10s        0           49.0           51.9    192.9   4563.4   6174.0   6174.0 payment
     10s        0            3.0            6.2    234.9    385.9    385.9    385.9 stockLevel
_elapsed___errors__ops/sec(inst)___ops/sec(cum)__p50(ms)__p95(ms)__p99(ms)_pMax(ms)
      1s        0            4.0            4.0    209.7    318.8    318.8    318.8 delivery
      1s        0           26.0           26.0    184.5    671.1    906.0    906.0 newOrder
      1s        0            5.0            5.0     16.8    176.2    176.2    176.2 orderStatus
      1s        0           26.0           26.0    113.2    671.1    704.6    704.6 payment
      1s        0            4.0            4.0    117.4    503.3    503.3    503.3 stockLevel
      2s        0            7.0            5.5    151.0    234.9    234.9    234.9 delivery
      2s        0           56.0           41.0    151.0   1409.3   1476.4   1744.8 newOrder
      2s        0            8.0            6.5     15.7     83.9     83.9     83.9 orderStatus
      2s        0           54.0           40.0    117.4    637.5    939.5   1275.1 payment
      2s        0            6.0            5.0    100.7    218.1    218.1    218.1 stockLevel
      3s        0            6.0            5.7    109.1    402.7    402.7    402.7 delivery
      3s        0           50.0           44.0    218.1   1275.1   1744.8   1744.8 newOrder
      3s        0            3.0            5.3     13.1    201.3    201.3    201.3 orderStatus
      3s        0           53.0           44.4     75.5   1744.8   1879.0   2550.1 payment
      3s        0            3.0            4.3     41.9    104.9    104.9    104.9 stockLevel
      4s        0            4.0            5.3    113.2    318.8    318.8    318.8 delivery
      4s        0           58.0           47.5    142.6   1946.2   2415.9   2415.9 newOrder
      4s        0            5.0            5.3     14.2     14.7     14.7     14.7 orderStatus
      4s        0           67.0           50.0    176.2   3087.0   3087.0   3355.4 payment
      4s        0            2.0            3.8    151.0    402.7    402.7    402.7 stockLevel
_elapsed___errors__ops/sec(inst)___ops/sec(cum)__p50(ms)__p95(ms)__p99(ms)_pMax(ms)
      5s        0            6.0            5.4    192.9    285.2    285.2    285.2 delivery
      5s        0           52.0           48.4    167.8   1275.1   1275.1   1610.6 newOrder
      5s        0            9.0            6.0     18.9   1208.0   1208.0   1208.0 orderStatus
      5s        0           54.0           50.8    151.0   2281.7   3221.2   3758.1 payment
      5s        0            7.0            4.4     62.9   1275.1   1275.1   1275.1 stockLevel
      6s        0            8.0            5.8    121.6    385.9    385.9    385.9 delivery
      6s        0           66.0           51.3    151.0   1744.8   2080.4   2952.8 newOrder
      6s        0            5.0            5.8     15.7    302.0    302.0    302.0 orderStatus
      6s        0           51.0           50.8    125.8    671.1   4831.8   4831.8 payment
      6s        0            7.0            4.8     67.1    234.9    234.9    234.9 stockLevel
      7s        0            9.0            6.3    125.8    352.3    352.3    352.3 delivery
      7s        0           65.0           53.3     96.5   2818.6   3623.9   5100.3 newOrder
      7s        0            5.0            5.7     31.5    251.7    251.7    251.7 orderStatus
      7s        0           52.0           51.0     50.3    260.0    352.3    369.1 payment
      7s        0            6.0            5.0    142.6   2550.1   2550.1   2550.1 stockLevel
      8s        0            5.0            6.1     71.3    151.0    151.0    151.0 delivery
      8s        0           39.0           51.5     50.3   2281.7   3758.1   3758.1 newOrder
      8s        0            2.0            5.3      6.0      6.6      6.6      6.6 orderStatus
      8s        0           39.0           49.5     35.7   4563.4   5368.7   5368.7 payment
      8s        0            4.0            4.9     23.1    125.8    125.8    125.8 stockLevel
_elapsed___errors__ops/sec(inst)___ops/sec(cum)__p50(ms)__p95(ms)__p99(ms)_pMax(ms)
      9s        0            5.0            6.0    104.9    142.6    142.6    142.6 delivery
      9s        0           67.0           53.2    184.5   4160.7   4563.4   4831.8 newOrder
      9s        0            4.0            5.1     22.0   1006.6   1006.6   1006.6 orderStatus
      9s        0           47.0           49.2    100.7   1811.9   7784.6   7784.6 payment
      9s        0            4.0            4.8     71.3    671.1    671.1    671.1 stockLevel
     10s        0            5.0            5.9    109.1    176.2    176.2    176.2 delivery
     10s        0           69.0           54.8    125.8   1342.2   1677.7   2952.8 newOrder
     10s        0           14.0            6.0      8.9     46.1     83.9     83.9 orderStatus
     10s        0           65.0           50.8     60.8    352.3   5637.1   5637.1 payment
     10s        0           12.0            5.5     39.8    104.9    142.6    142.6 stockLevel
     11s        0            4.0            5.7     88.1    142.6    142.6    142.6 delivery
     11s        0           68.0           56.0     71.3    704.6   1476.4   1476.4 newOrder
     11s        0            3.0            5.7     11.0     13.6     13.6     13.6 orderStatus
     11s        0           74.0           52.9     41.9   4160.7   6710.9   8321.5 payment
     11s        0            7.0            5.6     44.0     96.5     96.5     96.5 stockLevel
     12s        0            5.0            5.7    201.3    369.1    369.1    369.1 delivery
     12s        0           72.0           57.3     88.1   2684.4   4160.7   5100.3 newOrder
     12s        0            9.0            6.0      6.8     23.1     23.1     23.1 orderStatus
     12s        0           50.0           52.7     27.3   7247.8  10200.5  10200.5 payment
     12s        0            6.0            5.7     18.9     79.7     79.7     79.7 stockLevel
_elapsed___errors__ops/sec(inst)___ops/sec(cum)__p50(ms)__p95(ms)__p99(ms)_pMax(ms)
     13s        0            8.0            5.8    100.7    486.5    486.5    486.5 delivery
     13s        0           78.0           58.9    167.8   1811.9   3489.7   3623.9 newOrder
     13s        0            7.0            6.1      9.4    805.3    805.3    805.3 orderStatus
     13s        0           72.0           54.2    134.2   5368.7   8589.9  10737.4 payment
     13s        0            5.0            5.6     33.6    335.5    335.5    335.5 stockLevel
     14s        0           11.0            6.2    142.6    402.7    419.4    419.4 delivery
     14s        0           64.0           59.3    113.2    453.0    503.3   1040.2 newOrder
     14s        0            9.0            6.3     11.0    121.6    121.6    121.6 orderStatus
     14s        0           87.0           56.5     88.1   5100.3   8053.1  10737.4 payment
     14s        0            6.0            5.6     67.1    218.1    218.1    218.1 stockLevel
     15s        0            9.0            6.4     83.9    352.3    352.3    352.3 delivery
     15s        0           74.0           60.3     58.7    637.5    671.1   1140.9 newOrder
     15s        0           10.0            6.5      7.3    503.3    503.3    503.3 orderStatus
     15s        0           72.0           57.5     48.2   3221.2   8321.5   9126.8 payment
     15s        0           10.0            5.9     19.9    436.2    436.2    436.2 stockLevel
     16s        0            8.0            6.5    104.9    486.5    486.5    486.5 delivery
     16s        0           70.0           60.9     96.5    520.1   3087.0   4563.4 newOrder
     16s        0            7.0            6.6     16.8     44.0     44.0     44.0 orderStatus
     16s        0           74.0           58.6     58.7    402.7   8589.9  12348.0 payment
     16s        0            8.0            6.1     50.3    570.4    570.4    570.4 stockLevel
_elapsed___errors__ops/sec(inst)___ops/sec(cum)__p50(ms)__p95(ms)__p99(ms)_pMax(ms)
     17s        0            6.0            6.5     75.5    125.8    125.8    125.8 delivery
     17s        0           78.0           61.9     92.3    285.2    671.1   1409.3 newOrder
     17s        0            9.0            6.7      6.6    369.1    369.1    369.1 orderStatus
     17s        0           58.0           58.5     28.3    176.2  11811.2  15032.4 payment
     17s        0            5.0            6.0     27.3     88.1     88.1     88.1 stockLevel
     18s        0            5.0            6.4    134.2    486.5    486.5    486.5 delivery
     18s        0           49.0           61.2     37.7    436.2   2952.8   2952.8 newOrder
     18s        0            4.0            6.6      5.0     79.7     79.7     79.7 orderStatus
     18s        0           43.0           57.7     16.8    570.4    637.5    637.5 payment
     18s        0            6.0            6.0     23.1    419.4    419.4    419.4 stockLevel
     19s        0            4.0            6.3     62.9    100.7    100.7    100.7 delivery
     19s        0           79.0           62.1     48.2   3758.1   5100.3   5368.7 newOrder
     19s        0            9.0            6.7      6.3    243.3    243.3    243.3 orderStatus
     19s        0           57.0           57.6     23.1    151.0    167.8    436.2 payment
     19s        0            7.0            6.1     14.7     83.9     83.9     83.9 stockLevel
     20s        0            6.0            6.3     54.5     62.9     62.9     62.9 delivery
     20s        0           41.0           61.1     41.9   5637.1   9663.7   9663.7 newOrder
     20s        0            2.0            6.5      3.4      4.7      4.7      4.7 orderStatus
     20s        0           43.0           56.9     14.2    159.4    402.7    402.7 payment
     20s        0            3.0            5.9     41.9    159.4    159.4    159.4 stockLevel
_elapsed___errors__ops/sec(inst)___ops/sec(cum)__p50(ms)__p95(ms)__p99(ms)_pMax(ms)
     21s        0            1.0            6.0     62.9     62.9     62.9     62.9 delivery
     21s        0           32.0           59.7     33.6   2818.6   7784.6   7784.6 newOrder
     21s        0            2.0            6.2      5.0     10.5     10.5     10.5 orderStatus
     21s        0           32.0           55.7     14.2  10737.4  19327.4  19327.4 payment
     21s        0            1.0            5.7    369.1    369.1    369.1    369.1 stockLevel
     22s        0            6.0            6.0     58.7     92.3     92.3     92.3 delivery
     22s        0           64.0           59.9     48.2   2550.1   6979.3   7784.6 newOrder
     22s        0            8.0            6.3      5.8    121.6    121.6    121.6 orderStatus
     22s        0           52.0           55.5     25.2  12348.0  20401.1  21474.8 payment
     22s        0            4.0            5.6     14.2    201.3    201.3    201.3 stockLevel
     23s        0            7.0            6.0     54.5     71.3     71.3     71.3 delivery
     23s        0           47.0           59.3     50.3   2550.1   3892.3   3892.3 newOrder
     23s        0            7.0            6.3      9.4    318.8    318.8    318.8 orderStatus
     23s        0           54.0           55.5     22.0    872.4  11811.2  16106.1 payment
     23s        0            6.0            5.6     16.3    335.5    335.5    335.5 stockLevel
     24s        0            5.0            6.0     71.3   1208.0   1208.0   1208.0 delivery
     24s        0           55.0           59.1     52.4    335.5    469.8   1342.2 newOrder
     24s        0            8.0            6.4      6.0    771.8    771.8    771.8 orderStatus
     24s        0           77.0           56.4     32.5   9663.7  14495.5  21474.8 payment
     24s        0            7.0            5.7     17.8    604.0    604.0    604.0 stockLevel
_elapsed___errors__ops/sec(inst)___ops/sec(cum)__p50(ms)__p95(ms)__p99(ms)_pMax(ms)
     25s        0            9.0            6.1     79.7    419.4    419.4    419.4 delivery
     25s        0           50.0           58.8     46.1    469.8   4295.0   4295.0 newOrder
     25s        0            5.0            6.4      6.6    318.8    318.8    318.8 orderStatus
     25s        0           46.0           56.0     18.9    218.1  21474.8  21474.8 payment
     25s        0            5.0            5.6     19.9    125.8    125.8    125.8 stockLevel
     26s        0            0.0            5.9      0.0      0.0      0.0      0.0 delivery
     26s        0           11.0           56.9     50.3   2684.4   3355.4   3355.4 newOrder
     26s        0            0.0            6.1      0.0      0.0      0.0      0.0 orderStatus
     26s        0           10.0           54.2     16.3    570.4    570.4    570.4 payment
     26s        0            1.0            5.5   2013.3   2013.3   2013.3   2013.3 stockLevel
     27s        0            0.0            5.7      0.0      0.0      0.0      0.0 delivery
     27s        0            0.0           54.8      0.0      0.0      0.0      0.0 newOrder
     27s        0            0.0            5.9      0.0      0.0      0.0      0.0 orderStatus
     27s        0            0.0           52.2      0.0      0.0      0.0      0.0 payment
     27s        0            0.0            5.3      0.0      0.0      0.0      0.0 stockLevel
     28s        0            5.0            5.6     83.9   2550.1   2550.1   2550.1 delivery
     28s        0           60.0           55.0     96.5   3623.9   3758.1   5905.6 newOrder
     28s        0            2.0            5.8      8.1     10.0     10.0     10.0 orderStatus
     28s        0           59.0           52.4     32.5   6442.5   6442.5  26843.5 payment
     28s        0            5.0            5.3     27.3     92.3     92.3     92.3 stockLevel
_elapsed___errors__ops/sec(inst)___ops/sec(cum)__p50(ms)__p95(ms)__p99(ms)_pMax(ms)
     29s        0            9.0            5.8     88.1    192.9    192.9    192.9 delivery
     29s        0           80.0           55.9     71.3    251.7    637.5    973.1 newOrder
     29s        0            5.0            5.7     10.5     44.0     44.0     44.0 orderStatus
     29s        0           72.0           53.1     44.0   5368.7  12884.9  15569.3 payment
     29s        0            7.0            5.3     28.3    109.1    109.1    109.1 stockLevel
     30s        0            6.0            5.8     75.5    100.7    100.7    100.7 delivery
     30s        0           41.0           55.4     46.1    201.3   5100.3   5100.3 newOrder
     30s        0            9.0            5.8     32.5    385.9    385.9    385.9 orderStatus
     30s        0           50.0           53.0     24.1   9663.7  21474.8  21474.8 payment
     30s        0            4.0            5.3     15.2     60.8     60.8     60.8 stockLevel
     31s        0            5.0            5.7     71.3    104.9    104.9    104.9 delivery
     31s        0           69.0           55.8     48.2   2818.6   2952.8   6710.9 newOrder
     31s        0            8.0            5.9      7.9    260.0    260.0    260.0 orderStatus
     31s        0           67.0           53.5     29.4   6174.0  19327.4  25769.8 payment
     31s        0            6.0            5.3     17.8     37.7     37.7     37.7 stockLevel
     32s        0            8.0            5.8    117.4    218.1    218.1    218.1 delivery
     32s        0           80.0           56.6     79.7   2281.7   3758.1   4026.5 newOrder
     32s        0            8.0            6.0     10.5     50.3     50.3     50.3 orderStatus
     32s        0           65.0           53.8     58.7    838.9  18253.6  25769.8 payment
     32s        0            6.0            5.3     46.1    838.9    838.9    838.9 stockLevel
_elapsed___errors__ops/sec(inst)___ops/sec(cum)__p50(ms)__p95(ms)__p99(ms)_pMax(ms)
     33s        0            7.0            5.8    104.9    142.6    142.6    142.6 delivery
     33s        0           65.9           56.9     58.7    167.8    385.9    436.2 newOrder
     33s        0            6.0            6.0     10.5     56.6     56.6     56.6 orderStatus
     33s        0           62.9           54.1     31.5   1006.6  18253.6  30064.8 payment
     33s        0            8.0            5.4     25.2    218.1    218.1    218.1 stockLevel
     34s        0            2.0            5.7     65.0     67.1     67.1     67.1 delivery
     34s        0           24.0           55.9     56.6   5368.7   5637.1   5637.1 newOrder
     34s        0            2.0            5.9      7.1     41.9     41.9     41.9 orderStatus
     34s        0           26.0           53.3     17.8    637.5  18253.6  18253.6 payment
     34s        0            3.0            5.3     58.7     75.5     75.5     75.5 stockLevel
     35s        0            5.0            5.7     75.5    192.9    192.9    192.9 delivery
     35s        0           63.0           56.1     52.4   3221.2   5368.7   7247.8 newOrder
     35s        0            2.0            5.7      7.3      7.3      7.3      7.3 orderStatus
     35s        0           43.0           53.0     25.2   7247.8  23622.3  23622.3 payment
     35s        0            5.0            5.3     26.2    260.0    260.0    260.0 stockLevel
     36s        0            3.0            5.6    104.9    176.2    176.2    176.2 delivery
     36s        0           11.0           54.8     71.3    109.1   6710.9   6710.9 newOrder
     36s        0            3.0            5.7     25.2    209.7    209.7    209.7 orderStatus
     36s        0           26.0           52.2     52.4  23622.3  26843.5  26843.5 payment
     36s        0            1.0            5.2     46.1     46.1     46.1     46.1 stockLevel
_elapsed___errors__ops/sec(inst)___ops/sec(cum)__p50(ms)__p95(ms)__p99(ms)_pMax(ms)
     37s        0            0.0            5.5      0.0      0.0      0.0      0.0 delivery
     37s        0            0.0           53.4      0.0      0.0      0.0      0.0 newOrder
     37s        0            0.0            5.5      0.0      0.0      0.0      0.0 orderStatus
     37s        0            0.0           50.8      0.0      0.0      0.0      0.0 payment
     37s        0            0.0            5.1      0.0      0.0      0.0      0.0 stockLevel
     38s        0            1.0            5.4    268.4    268.4    268.4    268.4 delivery
     38s        0           27.0           52.7    142.6   5368.7   7516.2   7516.2 newOrder
     38s        0            1.0            5.4     15.2     15.2     15.2     15.2 orderStatus
     38s        0           22.0           50.1     35.7  15032.4  23622.3  23622.3 payment
     38s        0            4.0            5.0     79.7    192.9    192.9    192.9 stockLevel
     39s        0            2.0            5.3     54.5     60.8     60.8     60.8 delivery
     39s        0           25.0           52.0     56.6   3087.0   4026.5   4026.5 newOrder
     39s        0            4.0            5.4      9.4     83.9     83.9     83.9 orderStatus
     39s        0           39.0           49.8     17.8    385.9  33286.0  33286.0 payment
     39s        0            1.0            4.9     37.7     37.7     37.7     37.7 stockLevel
     40s        0            0.0            5.2      0.0      0.0      0.0      0.0 delivery
     40s        0            0.0           50.7      0.0      0.0      0.0      0.0 newOrder
     40s        0            0.0            5.2      0.0      0.0      0.0      0.0 orderStatus
     40s        0            0.0           48.5      0.0      0.0      0.0      0.0 payment
     40s        0            0.0            4.8      0.0      0.0      0.0      0.0 stockLevel
_elapsed___errors__ops/sec(inst)___ops/sec(cum)__p50(ms)__p95(ms)__p99(ms)_pMax(ms)
     41s        0            0.0            5.0      0.0      0.0      0.0      0.0 delivery
     41s        0            0.0           49.4      0.0      0.0      0.0      0.0 newOrder
     41s        0            0.0            5.1      0.0      0.0      0.0      0.0 orderStatus
     41s        0            0.0           47.3      0.0      0.0      0.0      0.0 payment
     41s        0            0.0            4.7      0.0      0.0      0.0      0.0 stockLevel
     42s        0            1.0            4.9   3087.0   3087.0   3087.0   3087.0 delivery
     42s        0           24.0           48.8    104.9   9126.8   9126.8   9126.8 newOrder
     42s        0            1.0            5.0   2818.6   2818.6   2818.6   2818.6 orderStatus
     42s        0           17.0           46.6     30.4    453.0   2952.8   2952.8 payment
     42s        0            1.0            4.6     96.5     96.5     96.5     96.5 stockLevel
     43s        0            3.0            4.9    125.8    130.0    130.0    130.0 delivery
     43s        0           40.0           48.6    113.2    637.5   6979.3   6979.3 newOrder
     43s        0            6.0            5.0     32.5    268.4    268.4    268.4 orderStatus
     43s        0           51.0           46.7     88.1  30064.8  31138.5  33286.0 payment
     43s        0            7.0            4.7    113.2    570.4    570.4    570.4 stockLevel
     44s        0            6.0            4.9    159.4    536.9    536.9    536.9 delivery
     44s        0           32.0           48.2     58.7    218.1    973.1    973.1 newOrder
     44s        0            1.0            4.9     12.6     12.6     12.6     12.6 orderStatus
     44s        0           38.0           46.5     75.5  11811.2  15032.4  15032.4 payment
     44s        0            4.0            4.6     33.6     56.6     56.6     56.6 stockLevel
_elapsed___errors__ops/sec(inst)___ops/sec(cum)__p50(ms)__p95(ms)__p99(ms)_pMax(ms)
     45s        0            3.0            4.9    125.8    226.5    226.5    226.5 delivery
     45s        0           32.0           47.9     58.7   1275.1   2684.4   2684.4 newOrder
     45s        0            3.0            4.9      5.0      9.4      9.4      9.4 orderStatus
     45s        0           38.0           46.3     30.4  31138.5  36507.2  36507.2 payment
     45s        0            4.0            4.6     30.4    738.2    738.2    738.2 stockLevel
     46s        0            4.0            4.8     88.1    104.9    104.9    104.9 delivery
     46s        0           62.0           48.2     56.6    738.2   2013.3   2684.4 newOrder
     46s        0            3.0            4.8      7.3     31.5     31.5     31.5 orderStatus
     46s        0           51.0           46.4     28.3  10200.5  24696.1  31138.5 payment
     46s        0            6.0            4.7     44.0    453.0    453.0    453.0 stockLevel
     47s        0            2.0            4.8     67.1    151.0    151.0    151.0 delivery
     47s        0           37.0           47.9    104.9   2080.4   2147.5   2147.5 newOrder
     47s        0            5.0            4.9      7.3    151.0    151.0    151.0 orderStatus
     47s        0           36.0           46.2     26.2    192.9  25769.8  25769.8 payment
     47s        0            4.0            4.6     44.0     58.7     58.7     58.7 stockLevel
     48s        0            6.0            4.8    142.6    419.4    419.4    419.4 delivery
     48s        0           45.0           47.9     92.3   2415.9   5100.3   5100.3 newOrder
     48s        0            4.0            4.8     19.9     41.9     41.9     41.9 orderStatus
     48s        0           37.0           46.0     39.8    134.2    318.8    318.8 payment
     48s        0            2.0            4.6     56.6     83.9     83.9     83.9 stockLevel
_elapsed___errors__ops/sec(inst)___ops/sec(cum)__p50(ms)__p95(ms)__p99(ms)_pMax(ms)
     49s        0            0.0            4.7      0.0      0.0      0.0      0.0 delivery
     49s        0            0.0           46.9      0.0      0.0      0.0      0.0 newOrder
     49s        0            0.0            4.7      0.0      0.0      0.0      0.0 orderStatus
     49s        0            0.0           45.1      0.0      0.0      0.0      0.0 payment
     49s        0            0.0            4.5      0.0      0.0      0.0      0.0 stockLevel
     50s        0            2.0            4.7     65.0    117.4    117.4    117.4 delivery
     50s        0           21.0           46.4     62.9   3892.3   4563.4   4563.4 newOrder
     50s        0            4.0            4.7      7.6     79.7     79.7     79.7 orderStatus
     50s        0           22.0           44.6     21.0   1610.6   1677.7   1677.7 payment
     50s        0            3.0            4.5     41.9     62.9     62.9     62.9 stockLevel
     51s        0            4.0            4.6     50.3    117.4    117.4    117.4 delivery
     51s        0           14.0           45.7     35.7   4026.5   5100.3   5100.3 newOrder
     51s        0            2.0            4.7      5.5     60.8     60.8     60.8 orderStatus
     51s        0           15.0           44.0     16.8    167.8    771.8    771.8 payment
     51s        0            1.0            4.4     58.7     58.7     58.7     58.7 stockLevel
     52s        0            1.0            4.6     50.3     50.3     50.3     50.3 delivery
     52s        0           36.0           45.6     39.8   4026.5   4563.4   4563.4 newOrder
     52s        0            5.0            4.7      4.5      8.4      8.4      8.4 orderStatus
     52s        0           48.0           44.1     18.9  20401.1  36507.2  36507.2 payment
     52s        0            4.0            4.4     15.2     27.3     27.3     27.3 stockLevel
_elapsed___errors__ops/sec(inst)___ops/sec(cum)__p50(ms)__p95(ms)__p99(ms)_pMax(ms)
     53s        0            6.0            4.6     79.7    142.6    142.6    142.6 delivery
     53s        0           48.0           45.6     41.9   1610.6   2684.4   2684.4 newOrder
     53s        0            3.0            4.6      7.1     12.1     12.1     12.1 orderStatus
     53s        0           49.0           44.2     21.0  14495.5  47244.6  47244.6 payment
     53s        0            4.0            4.4     88.1    151.0    151.0    151.0 stockLevel
     54s        0            2.0            4.6     46.1     50.3     50.3     50.3 delivery
     54s        0           33.0           45.4     31.5     71.3     79.7     79.7 newOrder
     54s        0            4.0            4.6      4.2     10.0     10.0     10.0 orderStatus
     54s        0           35.0           44.0     12.1     92.3    109.1    109.1 payment
     54s        0            3.0            4.4     24.1     35.7     35.7     35.7 stockLevel
     55s        0            0.0            4.5      0.0      0.0      0.0      0.0 delivery
     55s        0            3.0           44.6   2013.3   2952.8   2952.8   2952.8 newOrder
     55s        0            2.0            4.6      7.1    335.5    335.5    335.5 orderStatus
     55s        0            6.0           43.3     11.5     15.2     15.2     15.2 payment
     55s        0            0.0            4.3      0.0      0.0      0.0      0.0 stockLevel
     56s        0            1.0            4.4     67.1     67.1     67.1     67.1 delivery
     56s        0           31.0           44.4     75.5   4026.5   8053.1   8053.1 newOrder
     56s        0            6.0            4.6      5.5     17.8     17.8     17.8 orderStatus
     56s        0           22.0           43.0     25.2   6442.5  22548.6  22548.6 payment
     56s        0            2.0            4.2     96.5   3221.2   3221.2   3221.2 stockLevel
_elapsed___errors__ops/sec(inst)___ops/sec(cum)__p50(ms)__p95(ms)__p99(ms)_pMax(ms)
     57s        0            6.0            4.4     75.5    134.2    134.2    134.2 delivery
     57s        0           60.0           44.6     41.9    134.2    192.9    335.5 newOrder
     57s        0            4.0            4.6      5.8     17.8     17.8     17.8 orderStatus
     57s        0           75.0           43.5     27.3  13421.8  30064.8  51539.6 payment
     57s        0            7.0            4.3     32.5     96.5     96.5     96.5 stockLevel
     58s        0            5.0            4.4     56.6    142.6    142.6    142.6 delivery
     58s        0           35.0           44.5     48.2   1677.7   1811.9   1811.9 newOrder
     58s        0            3.0            4.6      6.6     10.0     10.0     10.0 orderStatus
     58s        0           44.0           43.5     29.4  22548.6  36507.2  36507.2 payment
     58s        0            4.0            4.3     71.3   1275.1   1275.1   1275.1 stockLevel
     59s        0            6.0            4.5     83.9    218.1    218.1    218.1 delivery
     59s        0           72.0           44.9     71.3    503.3   2684.4   4563.4 newOrder
     59s        0            8.0            4.6      8.9    251.7    251.7    251.7 orderStatus
     59s        0           63.0           43.9     60.8  26843.5  36507.2  42949.7 payment
     59s        0            6.0            4.3     27.3   1342.2   1342.2   1342.2 stockLevel
    1m0s        0            8.0            4.5    130.0    486.5    486.5    486.5 delivery
    1m0s        0           78.0           45.5     88.1    302.0   2013.3   2080.4 newOrder
    1m0s        0           10.0            4.7      7.9     83.9     83.9     83.9 orderStatus
    1m0s        0           82.0           44.5     37.7    503.3  10200.5  40802.2 payment
    1m0s        0           10.0            4.4     62.9    268.4    268.4    268.4 stockLevel

_elapsed___errors_____ops(total)___ops/sec(cum)__avg(ms)__p50(ms)__p95(ms)__p99(ms)_pMax(ms)__total
   60.0s        0            272            4.5    150.6    100.7    369.1    536.9   3087.0  delivery
   60.0s        0           2729           45.5    392.6     75.5   2550.1   5100.3   9663.7  newOrder
   60.0s        0            283            4.7     64.8     10.0    302.0    805.3   2818.6  orderStatus
   60.0s        0           2670           44.5   1067.1     41.9   6442.5  25769.8  51539.6  payment
   60.0s        0            264            4.4    133.4     41.9    503.3   1342.2   3221.2  stockLevel

_elapsed___errors_____ops(total)___ops/sec(cum)__avg(ms)__p50(ms)__p95(ms)__p99(ms)_pMax(ms)__result
   60.0s        0           6218          103.6    645.7     60.8   2684.4  15032.4  51539.6  
Audit check 9.2.1.7: SKIP: not enough delivery transactions to be statistically significant
Audit check 9.2.2.5.1: SKIP: not enough orders to be statistically significant
Audit check 9.2.2.5.2: SKIP: not enough orders to be statistically significant
Audit check 9.2.2.5.3: SKIP: not enough orders to be statistically significant
Audit check 9.2.2.5.4: SKIP: not enough payments to be statistically significant
Audit check 9.2.2.5.5: SKIP: not enough payments to be statistically significant
Audit check 9.2.2.5.6: SKIP: not enough order status transactions to be statistically significant

_elapsed_______tpmC____efc__avg(ms)__p50(ms)__p90(ms)__p95(ms)__p99(ms)_pMax(ms)
   60.0s     2729.0 2122.1%    392.6     75.5   1006.6   2550.1   5100.3   9663.7
