Initializing 200 connections...
Initializing 100 workers and preparing statements...
_elapsed___errors__ops/sec(inst)___ops/sec(cum)__p50(ms)__p95(ms)__p99(ms)_pMax(ms)
      1s        0            3.1            6.0     67.1     79.7     79.7     79.7 delivery
      1s        0           28.7           55.0     48.2     83.9    100.7    104.9 newOrder
      1s        0            3.7            7.0     10.5     13.6     13.6     13.6 orderStatus
      1s        0           36.0           69.0     22.0     56.6     65.0     75.5 payment
      1s        0            2.6            5.0     19.9     23.1     23.1     23.1 stockLevel
      2s        0            8.0            7.0     92.3    176.2    176.2    176.2 delivery
      2s        0           82.0           68.5     75.5    251.7    260.0    318.8 newOrder
      2s        0            5.0            6.0      8.4     11.5     11.5     11.5 orderStatus
      2s        0           70.0           69.5     44.0    176.2    285.2    402.7 payment
      2s        0           10.0            7.5     33.6    142.6    142.6    142.6 stockLevel
      3s        0            8.0            7.3     96.5    268.4    268.4    268.4 delivery
      3s        0           75.0           70.7     88.1    226.5    352.3    604.0 newOrder
      3s        0            9.0            7.0      9.4     15.7     15.7     15.7 orderStatus
      3s        0           78.0           72.3     56.6    604.0    704.6    872.4 payment
      3s        0            6.0            7.0     35.7    117.4    117.4    117.4 stockLevel
      4s        0            9.0            7.7    121.6    604.0    604.0    604.0 delivery
      4s        0           72.0           71.0    104.9    469.8    503.3    939.5 newOrder
      4s        0            8.0            7.2     11.5     54.5     54.5     54.5 orderStatus
      4s        0           57.0           68.5     54.5    939.5   1275.1   1409.3 payment
      4s        0            9.0            7.5     35.7     50.3     50.3     50.3 stockLevel
_elapsed___errors__ops/sec(inst)___ops/sec(cum)__p50(ms)__p95(ms)__p99(ms)_pMax(ms)
      5s        0            9.0            8.0    151.0    335.5    335.5    335.5 delivery
      5s        0           63.0           69.4    159.4    520.1    671.1   1208.0 newOrder
      5s        0            9.0            7.6     10.5     23.1     23.1     23.1 orderStatus
      5s        0           81.0           71.0     92.3   1208.0   1677.7   2013.3 payment
      5s        0            5.0            7.0     52.4    142.6    142.6    142.6 stockLevel
      6s        0            6.0            7.7     88.1    167.8    167.8    167.8 delivery
      6s        0           91.0           73.0    209.7    838.9   1409.3   1744.8 newOrder
      6s        0            1.0            6.5      6.6      6.6      6.6      6.6 orderStatus
      6s        0           63.0           69.7    151.0   1476.4   1543.5   1677.7 payment
      6s        0            3.0            6.3     32.5     96.5     96.5     96.5 stockLevel
      7s        0            4.0            7.1    117.4    352.3    352.3    352.3 delivery
      7s        0           63.0           71.6    243.3    704.6   1006.6   1275.1 newOrder
      7s        0            6.0            6.4     15.7     60.8     60.8     60.8 orderStatus
      7s        0           67.0           69.3    151.0   1006.6   2013.3   2281.7 payment
      7s        0            6.0            6.3     44.0    486.5    486.5    486.5 stockLevel
      8s        0            6.0            7.0    125.8    192.9    192.9    192.9 delivery
      8s        0           59.0           70.0    302.0   1140.9   1342.2   1543.5 newOrder
      8s        0            5.0            6.2     16.3     39.8     39.8     39.8 orderStatus
      8s        0           80.0           70.6    113.2   1744.8   2684.4   4295.0 payment
      8s        0            9.0            6.6     46.1    369.1    369.1    369.1 stockLevel
_elapsed___errors__ops/sec(inst)___ops/sec(cum)__p50(ms)__p95(ms)__p99(ms)_pMax(ms)
      9s        0            7.0            7.0    142.6    486.5    486.5    486.5 delivery
      9s        0           69.0           69.9    201.3   1140.9   1342.2   1476.4 newOrder
      9s        0            6.0            6.2     15.7     62.9     62.9     62.9 orderStatus
      9s        0           57.0           69.1    604.0   2415.9   4026.5   4831.8 payment
      9s        0            5.0            6.4     71.3    402.7    402.7    402.7 stockLevel
     10s        0            5.0            6.8    151.0    469.8    469.8    469.8 delivery
     10s        0           71.0           70.0    218.1   1006.6   1879.0   2818.6 newOrder
     10s        0           10.0            6.6     10.5     17.8     17.8     17.8 orderStatus
     10s        0           66.0           68.8    302.0   2415.9   2684.4   3087.0 payment
     10s        0           10.0            6.8     37.7   1744.8   1744.8   1744.8 stockLevel
_elapsed___errors__ops/sec(inst)___ops/sec(cum)__p50(ms)__p95(ms)__p99(ms)_pMax(ms)
      1s        0            6.0            6.0    130.0    251.7    251.7    251.7 delivery
      1s        0           53.0           53.1    192.9    604.0    637.5    738.2 newOrder
      1s        0            9.0            9.0      8.4     28.3     28.3     28.3 orderStatus
      1s        0           26.0           26.0     75.5    369.1    503.3    503.3 payment
      1s        0            8.0            8.0     56.6    939.5    939.5    939.5 stockLevel
      2s        0           10.0            8.0    109.1    352.3    352.3    352.3 delivery
      2s        0           59.0           56.0    151.0   1073.7   1275.1   1543.5 newOrder
      2s        0            6.0            7.5      7.9     35.7     35.7     35.7 orderStatus
      2s        0           53.0           39.5     71.3    771.8    939.5   1040.2 payment
      2s        0            7.0            7.5     31.5   1006.6   1006.6   1006.6 stockLevel
      3s        0            5.0            7.0    104.9    130.0    130.0    130.0 delivery
      3s        0           76.0           62.7    130.0   1275.1   1610.6   1610.6 newOrder
      3s        0            7.0            7.3     12.6     19.9     19.9     19.9 orderStatus
      3s        0           68.0           49.0     92.3   2281.7   2684.4   3087.0 payment
      3s        0            6.0            7.0     48.2    318.8    318.8    318.8 stockLevel
      4s        0            7.0            7.0     88.1    268.4    268.4    268.4 delivery
      4s        0           71.0           64.8     79.7   1140.9   2550.1   2550.1 newOrder
      4s        0            4.0            6.5     10.0     19.9     19.9     19.9 orderStatus
      4s        0           69.0           54.0     92.3   2415.9   2684.4   2684.4 payment
      4s        0            8.0            7.3     30.4    906.0    906.0    906.0 stockLevel
_elapsed___errors__ops/sec(inst)___ops/sec(cum)__p50(ms)__p95(ms)__p99(ms)_pMax(ms)
      5s        0            7.0            7.0     92.3    167.8    167.8    167.8 delivery
      5s        0           64.0           64.6    117.4   1811.9   2013.3   2013.3 newOrder
      5s        0            8.0            6.8     10.0     37.7     37.7     37.7 orderStatus
      5s        0           68.0           56.8     39.8   2415.9   3623.9   4295.0 payment
      5s        0            6.0            7.0     33.6   1543.5   1543.5   1543.5 stockLevel
      6s        0            8.0            7.2    100.7    503.3    503.3    503.3 delivery
      6s        0           69.0           65.3     67.1   2281.7   2952.8   3623.9 newOrder
      6s        0            9.0            7.2      7.3     12.6     12.6     12.6 orderStatus
      6s        0           51.0           55.8     37.7    352.3   2684.4   3489.7 payment
      6s        0            3.0            6.3     79.7    117.4    117.4    117.4 stockLevel
      7s        0            5.0            6.9     75.5    100.7    100.7    100.7 delivery
      7s        0           66.0           65.4     62.9   3355.4   3489.7   3758.1 newOrder
      7s        0            8.0            7.3      7.3     31.5     31.5     31.5 orderStatus
      7s        0           55.0           55.7     25.2   2818.6   5637.1   5637.1 payment
      7s        0            8.0            6.6     28.3   1208.0   1208.0   1208.0 stockLevel
      8s        0            5.0            6.6     83.9    142.6    142.6    142.6 delivery
      8s        0           69.0           65.9     56.6   2415.9   2952.8   3355.4 newOrder
      8s        0           10.0            7.6      7.9     46.1     46.1     46.1 orderStatus
      8s        0           91.0           60.1     37.7   5100.3   5637.1   6710.9 payment
      8s        0            7.0            6.6     41.9    805.3    805.3    805.3 stockLevel
_elapsed___errors__ops/sec(inst)___ops/sec(cum)__p50(ms)__p95(ms)__p99(ms)_pMax(ms)
      9s        0            8.0            6.8     96.5    125.8    125.8    125.8 delivery
      9s        0           63.0           65.6     71.3   1879.0   2818.6   3489.7 newOrder
      9s        0            8.0            7.7     10.0     48.2     48.2     48.2 orderStatus
      9s        0           55.0           59.6     37.7   3087.0   7516.2   8589.9 payment
      9s        0            7.0            6.7     21.0   1140.9   1140.9   1140.9 stockLevel
     10s        0            3.0            6.4     96.5    151.0    151.0    151.0 delivery
     10s        0           57.0           64.7     79.7   1409.3   1610.6   2415.9 newOrder
     10s        0            3.0            7.2     14.2     15.2     15.2     15.2 orderStatus
     10s        0           73.0           60.9     27.3   2281.7   6442.5   7247.8 payment
     10s        0            6.0            6.6     29.4    805.3    805.3    805.3 stockLevel
     11s        0            8.0            6.5     83.9    142.6    142.6    142.6 delivery
     11s        0           63.0           64.6     50.3   1677.7   2147.5   2281.7 newOrder
     11s        0            5.0            7.0      7.6     12.1     12.1     12.1 orderStatus
     11s        0           55.0           60.4     25.2   3623.9   5905.6  10737.4 payment
     11s        0            7.0            6.6     19.9    604.0    604.0    604.0 stockLevel
     12s        0            7.0            6.6    121.6    176.2    176.2    176.2 delivery
     12s        0           62.0           64.3     79.7   1879.0   1946.2   2013.3 newOrder
     12s        0            8.0            7.1      7.9     18.9     18.9     18.9 orderStatus
     12s        0           60.0           60.3     48.2   6710.9   8589.9   9663.7 payment
     12s        0            7.0            6.7     32.5   1208.0   1208.0   1208.0 stockLevel
_elapsed___errors__ops/sec(inst)___ops/sec(cum)__p50(ms)__p95(ms)__p99(ms)_pMax(ms)
     13s        0            6.0            6.5     96.5    167.8    167.8    167.8 delivery
     13s        0           67.0           64.5     60.8    419.4   1476.4   1476.4 newOrder
     13s        0            8.0            7.2      8.4     12.6     12.6     12.6 orderStatus
     13s        0           78.0           61.7     37.7   6710.9   9663.7  11274.3 payment
     13s        0            3.0            6.4     39.8     92.3     92.3     92.3 stockLevel
     14s        0            8.0            6.6     79.7    176.2    176.2    176.2 delivery
     14s        0           66.0           64.6     44.0   1677.7   2080.4   2147.5 newOrder
     14s        0            6.0            7.1      6.0     10.5     10.5     10.5 orderStatus
     14s        0           50.0           60.9     17.8   6174.0   7516.2   7516.2 payment
     14s        0            7.0            6.4     25.2    570.4    570.4    570.4 stockLevel
     15s        0            6.0            6.6     65.0    176.2    176.2    176.2 delivery
     15s        0           46.9           63.5     41.9   1543.5   2281.7   2281.7 newOrder
     15s        0            5.0            6.9      6.0     10.0     10.0     10.0 orderStatus
     15s        0           57.9           60.7     19.9   6979.3   7784.6  12348.0 payment
     15s        0            7.0            6.5     22.0    167.8    167.8    167.8 stockLevel
     16s        0            7.0            6.6    151.0    285.2    285.2    285.2 delivery
     16s        0           48.1           62.5     88.1   2952.8   3489.7   3489.7 newOrder
     16s        0            2.0            6.6     12.6     13.6     13.6     13.6 orderStatus
     16s        0           66.1           61.0     48.2   9126.8   9126.8  13958.6 payment
     16s        0            1.0            6.1     50.3     50.3     50.3     50.3 stockLevel
_elapsed___errors__ops/sec(inst)___ops/sec(cum)__p50(ms)__p95(ms)__p99(ms)_pMax(ms)
     17s        0            6.0            6.6    151.0    285.2    285.2    285.2 delivery
     17s        0           73.0           63.1    121.6   2281.7   3221.2   3489.7 newOrder
     17s        0            9.0            6.8      9.4     14.7     14.7     14.7 orderStatus
     17s        0           61.0           61.0     96.5   5368.7  10200.5  14495.5 payment
     17s        0            6.0            6.1     48.2   1677.7   1677.7   1677.7 stockLevel
     18s        0            9.0            6.7    159.4    570.4    570.4    570.4 delivery
     18s        0           55.0           62.7    142.6    738.2   3758.1   3758.1 newOrder
     18s        0            6.0            6.7     10.5     35.7     35.7     35.7 orderStatus
     18s        0           53.0           60.6     83.9   1208.0   5905.6   7516.2 payment
     18s        0            8.0            6.2     60.8   3087.0   3087.0   3087.0 stockLevel
     19s        0            6.0            6.7    121.6    192.9    192.9    192.9 delivery
     19s        0           64.9           62.8     92.3   1744.8   2818.6   4026.5 newOrder
     19s        0            5.0            6.6     14.2     30.4     30.4     30.4 orderStatus
     19s        0           66.9           60.9     50.3    872.4   1409.3   8321.5 payment
     19s        0            7.0            6.3     46.1    218.1    218.1    218.1 stockLevel
     20s        0            6.0            6.7    167.8    369.1    369.1    369.1 delivery
     20s        0           34.1           61.4    184.5    536.9   3892.3   3892.3 newOrder
     20s        0            6.0            6.6     23.1     30.4     30.4     30.4 orderStatus
     20s        0           41.1           59.9     62.9    318.8  10200.5  10200.5 payment
     20s        0            4.0            6.2     56.6    104.9    104.9    104.9 stockLevel
_elapsed___errors__ops/sec(inst)___ops/sec(cum)__p50(ms)__p95(ms)__p99(ms)_pMax(ms)
     21s        0            5.0            6.6    117.4    176.2    176.2    176.2 delivery
     21s        0           62.0           61.4     83.9   6174.0   6442.5   6979.3 newOrder
     21s        0            3.0            6.4      6.6     17.8     17.8     17.8 orderStatus
     21s        0           48.0           59.3     35.7    352.3   1073.7   1073.7 payment
     21s        0            7.0            6.2     32.5     67.1     67.1     67.1 stockLevel
     22s        0            7.0            6.6    104.9    121.6    121.6    121.6 delivery
     22s        0           75.0           62.0    100.7   3758.1   5100.3   5100.3 newOrder
     22s        0            7.0            6.5     10.0     16.8     16.8     16.8 orderStatus
     22s        0           75.0           60.0     54.5    939.5   5637.1  16106.1 payment
     22s        0            4.0            6.1     33.6     83.9     83.9     83.9 stockLevel
     23s        0            9.0            6.7    100.7    201.3    201.3    201.3 delivery
     23s        0           64.9           62.1     65.0    285.2    604.0   4563.4 newOrder
     23s        0            8.0            6.5      7.6     15.7     15.7     15.7 orderStatus
     23s        0           67.9           60.4     37.7    536.9    738.2  22548.6 payment
     23s        0           10.0            6.3     30.4     92.3     92.3     92.3 stockLevel
     24s        0            6.0            6.7    104.9    142.6    142.6    142.6 delivery
     24s        0           54.1           61.8     71.3    226.5   2415.9   4563.4 newOrder
     24s        0            7.0            6.5     10.5     19.9     19.9     19.9 orderStatus
     24s        0           59.1           60.3     44.0    285.2   1140.9  13421.8 payment
     24s        0            9.0            6.4     41.9   1879.0   1879.0   1879.0 stockLevel
_elapsed___errors__ops/sec(inst)___ops/sec(cum)__p50(ms)__p95(ms)__p99(ms)_pMax(ms)
     25s        0            6.0            6.6     62.9     88.1     88.1     88.1 delivery
     25s        0           55.0           61.5     41.9    838.9   2550.1   2952.8 newOrder
     25s        0            5.0            6.5      7.1     13.1     13.1     13.1 orderStatus
     25s        0           50.0           59.9     17.8   3221.2  15032.4  15032.4 payment
     25s        0            5.0            6.3     31.5   1342.2   1342.2   1342.2 stockLevel
     26s        0            5.0            6.6     71.3    113.2    113.2    113.2 delivery
     26s        0           39.0           60.7     37.7     75.5  11811.2  11811.2 newOrder
     26s        0            5.0            6.4      5.5      6.8      6.8      6.8 orderStatus
     26s        0           33.0           58.9     16.3     62.9  24696.1  24696.1 payment
     26s        0            3.0            6.2     15.7     26.2     26.2     26.2 stockLevel
     27s        0            2.0            6.4     44.0     65.0     65.0     65.0 delivery
     27s        0           23.0           59.3     30.4   2550.1   2550.1   2550.1 newOrder
     27s        0            1.0            6.2      6.6      6.6      6.6      6.6 orderStatus
     27s        0           14.0           57.2     12.1     15.2     15.2     15.2 payment
     27s        0            0.0            6.0      0.0      0.0      0.0      0.0 stockLevel
     28s        0            0.0            6.2      0.0      0.0      0.0      0.0 delivery
     28s        0            0.0           57.1      0.0      0.0      0.0      0.0 newOrder
     28s        0            0.0            6.0      0.0      0.0      0.0      0.0 orderStatus
     28s        0            0.0           55.2      0.0      0.0      0.0      0.0 payment
     28s        0            0.0            5.8      0.0      0.0      0.0      0.0 stockLevel
_elapsed___errors__ops/sec(inst)___ops/sec(cum)__p50(ms)__p95(ms)__p99(ms)_pMax(ms)
     29s        0            1.0            6.0     52.4     52.4     52.4     52.4 delivery
     29s        0           16.0           55.7     30.4     37.7   3489.7   3489.7 newOrder
     29s        0            2.0            5.9      5.5      5.8      5.8      5.8 orderStatus
     29s        0           16.0           53.8     12.1     17.8  11274.3  11274.3 payment
     29s        0            2.0            5.6     18.9     21.0     21.0     21.0 stockLevel
     30s        0            1.0            5.8    201.3    201.3    201.3    201.3 delivery
     30s        0           46.1           55.4    113.2   3758.1   6442.5   6442.5 newOrder
     30s        0            2.0            5.7     12.1     12.6     12.6     12.6 orderStatus
     30s        0           39.1           53.3     54.5  16106.1  23622.3  23622.3 payment
     30s        0            4.0            5.6     71.3    121.6    121.6    121.6 stockLevel
     31s        0            5.0            5.8     96.5    151.0    151.0    151.0 delivery
     31s        0           52.0           55.3     46.1    121.6    159.4    159.4 newOrder
     31s        0            7.0            5.8      8.9     16.8     16.8     16.8 orderStatus
     31s        0           48.0           53.2     27.3    285.2  26843.5  26843.5 payment
     31s        0            6.0            5.6     44.0    260.0    260.0    260.0 stockLevel
     32s        0            3.0            5.7     67.1     75.5     75.5     75.5 delivery
     32s        0           32.0           54.6     32.5   3221.2   9663.7   9663.7 newOrder
     32s        0            2.0            5.7      5.8      9.4      9.4      9.4 orderStatus
     32s        0           24.0           52.3     15.7  17179.9  26843.5  26843.5 payment
     32s        0            4.0            5.5     21.0     28.3     28.3     28.3 stockLevel
_elapsed___errors__ops/sec(inst)___ops/sec(cum)__p50(ms)__p95(ms)__p99(ms)_pMax(ms)
     33s        0            3.0            5.6     96.5    104.9    104.9    104.9 delivery
     33s        0           52.0           54.5     60.8   3355.4   6979.3   8321.5 newOrder
     33s        0            2.0            5.5      9.4     10.0     10.0     10.0 orderStatus
     33s        0           59.0           52.5     26.2  20401.1  26843.5  31138.5 payment
     33s        0            6.0            5.5     37.7    369.1    369.1    369.1 stockLevel
     34s        0           11.0            5.8     65.0    100.7    209.7    209.7 delivery
     34s        0           60.0           54.6     46.1   3355.4   3892.3   7516.2 newOrder
     34s        0            6.0            5.6      5.8      7.6      7.6      7.6 orderStatus
     34s        0           65.0           52.8     21.0  23622.3  28991.0  33286.0 payment
     34s        0            5.0            5.5     28.3     39.8     39.8     39.8 stockLevel
     35s        0            6.0            5.8     65.0     79.7     79.7     79.7 delivery
     35s        0           71.0           55.1     39.8     79.7   1409.3   2952.8 newOrder
     35s        0            8.0            5.6      6.0     11.5     11.5     11.5 orderStatus
     35s        0           72.0           53.4     17.8   3758.1  14495.5  24696.1 payment
     35s        0            7.0            5.6     23.1     41.9     41.9     41.9 stockLevel
     36s        0            3.0            5.7     79.7    151.0    151.0    151.0 delivery
     36s        0           44.0           54.8     39.8   1677.7   2080.4   2080.4 newOrder
     36s        0            5.0            5.6      8.9     17.8     17.8     17.8 orderStatus
     36s        0           52.0           53.3     16.3     39.8     71.3   3623.9 payment
     36s        0            6.0            5.6     18.9     33.6     33.6     33.6 stockLevel
_elapsed___errors__ops/sec(inst)___ops/sec(cum)__p50(ms)__p95(ms)__p99(ms)_pMax(ms)
     37s        0            0.0            5.6      0.0      0.0      0.0      0.0 delivery
     37s        0            2.0           53.4     28.3     37.7     37.7     37.7 newOrder
     37s        0            0.0            5.5      0.0      0.0      0.0      0.0 orderStatus
     37s        0            1.0           51.9     15.2     15.2     15.2     15.2 payment
     37s        0            0.0            5.4      0.0      0.0      0.0      0.0 stockLevel
     38s        0            0.0            5.4      0.0      0.0      0.0      0.0 delivery
     38s        0           29.0           52.7     60.8   5637.1   6979.3   6979.3 newOrder
     38s        0            5.0            5.4      8.9     15.2     15.2     15.2 orderStatus
     38s        0           21.0           51.1     18.9     79.7     88.1     88.1 payment
     38s        0            2.0            5.3     37.7     48.2     48.2     48.2 stockLevel
     39s        0            4.0            5.4     88.1    109.1    109.1    109.1 delivery
     39s        0           33.0           52.2     58.7   3355.4   5368.7   5368.7 newOrder
     39s        0            3.0            5.4     10.5     21.0     21.0     21.0 orderStatus
     39s        0           31.0           50.6     22.0     39.8  15569.3  15569.3 payment
     39s        0            1.0            5.2     18.9     18.9     18.9     18.9 stockLevel
     40s        0            2.0            5.3     75.5     88.1     88.1     88.1 delivery
     40s        0           32.0           51.7     41.9     67.1   5100.3   5100.3 newOrder
     40s        0            2.0            5.3      6.8      7.1      7.1      7.1 orderStatus
     40s        0           43.0           50.4     16.8  32212.3  33286.0  33286.0 payment
     40s        0            4.0            5.2     33.6     60.8     60.8     60.8 stockLevel
_elapsed___errors__ops/sec(inst)___ops/sec(cum)__p50(ms)__p95(ms)__p99(ms)_pMax(ms)
     41s        0            3.0            5.2     58.7     65.0     65.0     65.0 delivery
     41s        0           34.0           51.3     44.0   1543.5   3087.0   3087.0 newOrder
     41s        0            2.0            5.2      5.8     10.5     10.5     10.5 orderStatus
     41s        0           30.0           49.9     23.1  24696.1  36507.2  36507.2 payment
     41s        0            4.0            5.2     29.4   1610.6   1610.6   1610.6 stockLevel
     42s        0            0.0            5.1      0.0      0.0      0.0      0.0 delivery
     42s        0           25.0           50.7     39.8     88.1    100.7    100.7 newOrder
     42s        0            4.0            5.2     16.3     29.4     29.4     29.4 orderStatus
     42s        0           27.0           49.4     29.4  12348.0  28991.0  28991.0 payment
     42s        0            4.0            5.1     23.1     46.1     46.1     46.1 stockLevel
     43s        0            6.0            5.1     88.1    142.6    142.6    142.6 delivery
     43s        0           49.0           50.6     50.3   2147.5   2415.9   2415.9 newOrder
     43s        0            2.0            5.1     11.5     12.6     12.6     12.6 orderStatus
     43s        0           47.0           49.3     21.0     50.3     83.9     83.9 payment
     43s        0            4.0            5.1     30.4   1409.3   1409.3   1409.3 stockLevel
     44s        0            3.0            5.1     75.5     75.5     75.5     75.5 delivery
     44s        0           20.0           49.9     39.8   2281.7  10200.5  10200.5 newOrder
     44s        0            3.0            5.1      7.1     17.8     17.8     17.8 orderStatus
     44s        0           17.0           48.6     17.8     24.1     27.3     27.3 payment
     44s        0            1.0            5.0     26.2     26.2     26.2     26.2 stockLevel
_elapsed___errors__ops/sec(inst)___ops/sec(cum)__p50(ms)__p95(ms)__p99(ms)_pMax(ms)
     45s        0            0.0            5.0      0.0      0.0      0.0      0.0 delivery
     45s        0            0.0           48.8      0.0      0.0      0.0      0.0 newOrder
     45s        0            0.0            5.0      0.0      0.0      0.0      0.0 orderStatus
     45s        0            0.0           47.5      0.0      0.0      0.0      0.0 payment
     45s        0            0.0            4.9      0.0      0.0      0.0      0.0 stockLevel
     46s        0            0.0            4.9      0.0      0.0      0.0      0.0 delivery
     46s        0            4.0           47.8   5100.3   6442.5   6442.5   6442.5 newOrder
     46s        0            1.0            4.9     16.3     16.3     16.3     16.3 orderStatus
     46s        0            6.0           46.6     13.1  15569.3  15569.3  15569.3 payment
     46s        0            1.0            4.8     29.4     29.4     29.4     29.4 stockLevel
     47s        0            9.0            5.0     79.7    125.8    125.8    125.8 delivery
     47s        0           64.0           48.2     48.2   3087.0   5100.3   7784.6 newOrder
     47s        0           10.0            5.0      7.6     11.0     11.0     11.0 orderStatus
     47s        0           65.0           47.0     26.2  13958.6  22548.6  32212.3 payment
     47s        0           10.0            4.9     23.1     79.7     79.7     79.7 stockLevel
     48s        0            6.0            5.0     79.7    109.1    109.1    109.1 delivery
     48s        0           67.0           48.6     54.5    243.3    335.5   1208.0 newOrder
     48s        0            4.0            5.0      7.1     14.7     14.7     14.7 orderStatus
     48s        0           66.0           47.4     33.6  22548.6  34359.7  36507.2 payment
     48s        0            7.0            5.0     28.3    121.6    121.6    121.6 stockLevel
_elapsed___errors__ops/sec(inst)___ops/sec(cum)__p50(ms)__p95(ms)__p99(ms)_pMax(ms)
     49s        0            0.0            4.9      0.0      0.0      0.0      0.0 delivery
     49s        0            0.0           47.6      0.0      0.0      0.0      0.0 newOrder
     49s        0            0.0            4.9      0.0      0.0      0.0      0.0 orderStatus
     49s        0            1.0           46.4  16643.0  16643.0  16643.0  16643.0 payment
     49s        0            0.0            4.9      0.0      0.0      0.0      0.0 stockLevel
     50s        0            0.0            4.8      0.0      0.0      0.0      0.0 delivery
     50s        0            3.0           46.7   3355.4   3489.7   3489.7   3489.7 newOrder
     50s        0            0.0            4.8      0.0      0.0      0.0      0.0 orderStatus
     50s        0            4.0           45.6     14.2     17.8     17.8     17.8 payment
     50s        0            2.0            4.8     14.7   2147.5   2147.5   2147.5 stockLevel
     51s        0            0.0            4.7      0.0      0.0      0.0      0.0 delivery
     51s        0            2.0           45.8     39.8   3623.9   3623.9   3623.9 newOrder
     51s        0            0.0            4.7      0.0      0.0      0.0      0.0 orderStatus
     51s        0            0.0           44.7      0.0      0.0      0.0      0.0 payment
     51s        0            0.0            4.7      0.0      0.0      0.0      0.0 stockLevel
     52s        0            7.0            4.7     88.1    167.8    167.8    167.8 delivery
     52s        0           58.0           46.1     65.0   3623.9   5637.1   9126.8 newOrder
     52s        0            8.0            4.7      9.4     23.1     23.1     23.1 orderStatus
     52s        0           59.0           45.0     26.2  19327.4  28991.0  30064.8 payment
     52s        0            4.0            4.7     52.4     75.5     75.5     75.5 stockLevel
_elapsed___errors__ops/sec(inst)___ops/sec(cum)__p50(ms)__p95(ms)__p99(ms)_pMax(ms)
     53s        0            4.0            4.7     88.1    151.0    151.0    151.0 delivery
     53s        0           55.0           46.2     60.8    130.0    151.0    159.4 newOrder
     53s        0            6.0            4.8     11.0     79.7     79.7     79.7 orderStatus
     53s        0           66.0           45.4     28.3  15032.4  36507.2  51539.6 payment
     53s        0            7.0            4.8     35.7     88.1     88.1     88.1 stockLevel
     54s        0            0.0            4.6      0.0      0.0      0.0      0.0 delivery
     54s        0            0.0           45.4      0.0      0.0      0.0      0.0 newOrder
     54s        0            0.0            4.7      0.0      0.0      0.0      0.0 orderStatus
     54s        0            0.0           44.5      0.0      0.0      0.0      0.0 payment
     54s        0            0.0            4.7      0.0      0.0      0.0      0.0 stockLevel
     55s        0            0.0            4.5      0.0      0.0      0.0      0.0 delivery
     55s        0            0.0           44.5      0.0      0.0      0.0      0.0 newOrder
     55s        0            0.0            4.6      0.0      0.0      0.0      0.0 orderStatus
     55s        0            0.0           43.7      0.0      0.0      0.0      0.0 payment
     55s        0            0.0            4.6      0.0      0.0      0.0      0.0 stockLevel
     56s        0            0.0            4.5      0.0      0.0      0.0      0.0 delivery
     56s        0            0.0           43.8      0.0      0.0      0.0      0.0 newOrder
     56s        0            0.0            4.5      0.0      0.0      0.0      0.0 orderStatus
     56s        0            0.0           42.9      0.0      0.0      0.0      0.0 payment
     56s        0            0.0            4.5      0.0      0.0      0.0      0.0 stockLevel
_elapsed___errors__ops/sec(inst)___ops/sec(cum)__p50(ms)__p95(ms)__p99(ms)_pMax(ms)
     57s        0            0.0            4.4      0.0      0.0      0.0      0.0 delivery
     57s        0            0.0           43.0      0.0      0.0      0.0      0.0 newOrder
     57s        0            0.0            4.4      0.0      0.0      0.0      0.0 orderStatus
     57s        0            0.0           42.2      0.0      0.0      0.0      0.0 payment
     57s        0            0.0            4.4      0.0      0.0      0.0      0.0 stockLevel
     58s        0            2.0            4.3     71.3     79.7     79.7     79.7 delivery
     58s        0           28.0           42.7     44.0   8589.9  14495.5  14495.5 newOrder
     58s        0            4.0            4.4      6.8     17.8     17.8     17.8 orderStatus
     58s        0           31.0           42.0     15.2     56.6   5637.1   5637.1 payment
     58s        0            4.0            4.4     30.4   5637.1   5637.1   5637.1 stockLevel
     59s        0            3.0            4.3    104.9    151.0    151.0    151.0 delivery
     59s        0           45.0           42.8     46.1   5637.1   6710.9   6710.9 newOrder
     59s        0            3.0            4.4      7.6     10.5     10.5     10.5 orderStatus
     59s        0           59.0           42.3     17.8     65.0     83.9  15032.4 payment
     59s        0            4.0            4.4     24.1     75.5     75.5     75.5 stockLevel
    1m0s        0            0.0            4.3      0.0      0.0      0.0      0.0 delivery
    1m0s        0            3.0           42.1     27.3     32.5     32.5     32.5 newOrder
    1m0s        0            0.0            4.3      0.0      0.0      0.0      0.0 orderStatus
    1m0s        0            4.0           41.6     13.1     14.2     14.2     14.2 payment
    1m0s        0            0.0            4.3      0.0      0.0      0.0      0.0 stockLevel

_elapsed___errors_____ops(total)___ops/sec(cum)__avg(ms)__p50(ms)__p95(ms)__p99(ms)_pMax(ms)__total
   60.0s        0            255            4.3    110.6     96.5    218.1    352.3    570.4  delivery
   60.0s        0           2526           42.1    396.2     65.0   2415.9   5637.1  14495.5  newOrder
   60.0s        0            259            4.3     11.1      8.9     25.2     39.8     79.7  orderStatus
   60.0s        0           2498           41.6    948.2     30.4   5905.6  23622.3  51539.6  payment
   60.0s        0            260            4.3    169.1     33.6   1140.9   1879.0   5637.1  stockLevel

_elapsed___errors_____ops(total)___ops/sec(cum)__avg(ms)__p50(ms)__p95(ms)__p99(ms)_pMax(ms)__result
   60.0s        0           5798           96.6    594.0     48.2   2684.4  13958.6  51539.6  
Audit check 9.2.1.7: SKIP: not enough delivery transactions to be statistically significant
Audit check 9.2.2.5.1: SKIP: not enough orders to be statistically significant
Audit check 9.2.2.5.2: SKIP: not enough orders to be statistically significant
Audit check 9.2.2.5.3: SKIP: not enough orders to be statistically significant
Audit check 9.2.2.5.4: SKIP: not enough payments to be statistically significant
Audit check 9.2.2.5.5: SKIP: not enough payments to be statistically significant
Audit check 9.2.2.5.6: SKIP: not enough order status transactions to be statistically significant

_elapsed_______tpmC____efc__avg(ms)__p50(ms)__p90(ms)__p95(ms)__p99(ms)_pMax(ms)
   60.0s     2526.0 1964.2%    396.2     65.0   1140.9   2415.9   5637.1  14495.5
