Initializing 200 connections...
Initializing 100 workers and preparing statements...
_elapsed___errors__ops/sec(inst)___ops/sec(cum)__p50(ms)__p95(ms)__p99(ms)_pMax(ms)
      1s        0            0.2            1.0    385.9    385.9    385.9    385.9 delivery
      1s        0            1.0            5.0    159.4    218.1    218.1    218.1 newOrder
      1s        0            0.6            3.0    100.7    151.0    151.0    151.0 orderStatus
      1s        0            2.6           13.0     39.8    142.6    159.4    159.4 payment
      1s        0            0.6            3.0     83.9    268.4    268.4    268.4 stockLevel
      2s        0            1.0            1.0    973.1    973.1    973.1    973.1 delivery
      2s        0           15.0           10.0    486.5    805.3    805.3    805.3 newOrder
      2s        0            1.0            2.0    184.5    184.5    184.5    184.5 orderStatus
      2s        0           10.0           11.5    226.5    838.9    838.9    838.9 payment
      2s        0            0.0            1.5      0.0      0.0      0.0      0.0 stockLevel
      3s        0            3.0            1.7    872.4    939.5    939.5    939.5 delivery
      3s        0           15.0           11.7    453.0    503.3    503.3    503.3 newOrder
      3s        0            1.0            1.7    184.5    184.5    184.5    184.5 orderStatus
      3s        0           11.0           11.3    243.3    285.2    302.0    302.0 payment
      3s        0            0.0            1.0      0.0      0.0      0.0      0.0 stockLevel
      4s        0            3.0            2.0    973.1   1040.2   1040.2   1040.2 delivery
      4s        0            7.0           10.5    453.0   1879.0   1879.0   1879.0 newOrder
      4s        0            2.0            1.7    176.2    302.0    302.0    302.0 orderStatus
      4s        0           11.0           11.2    285.2    302.0   2281.7   2281.7 payment
      4s        0            1.0            1.0    268.4    268.4    268.4    268.4 stockLevel
_elapsed___errors__ops/sec(inst)___ops/sec(cum)__p50(ms)__p95(ms)__p99(ms)_pMax(ms)
      5s        0            1.0            1.8    570.4    570.4    570.4    570.4 delivery
      5s        0            8.0           10.0    738.2   3221.2   3221.2   3221.2 newOrder
      5s        0            1.0            1.6    184.5    184.5    184.5    184.5 orderStatus
      5s        0            9.0           10.8    637.5   3758.1   3758.1   3758.1 payment
      5s        0            1.0            1.0   2550.1   2550.1   2550.1   2550.1 stockLevel
      6s        0            1.0            1.7    486.5    486.5    486.5    486.5 delivery
      6s        0           10.0           10.0   1040.2   2281.7   2281.7   2281.7 newOrder
      6s        0            3.0            1.8    109.1    167.8    167.8    167.8 orderStatus
      6s        0           10.0           10.7    167.8   3221.2   3221.2   3221.2 payment
      6s        0            2.0            1.2   1543.5   1610.6   1610.6   1610.6 stockLevel
      7s        0            0.0            1.4      0.0      0.0      0.0      0.0 delivery
      7s        0           16.0           10.9    671.1   4563.4   5100.3   5100.3 newOrder
      7s        0            1.0            1.7     92.3     92.3     92.3     92.3 orderStatus
      7s        0           12.0           10.9    125.8   3087.0   4160.7   4160.7 payment
      7s        0            1.0            1.1    104.9    104.9    104.9    104.9 stockLevel
      8s        0            0.0            1.2      0.0      0.0      0.0      0.0 delivery
      8s        0           12.0           11.0   2415.9   3892.3   5100.3   5100.3 newOrder
      8s        0            2.0            1.7    234.9    251.7    251.7    251.7 orderStatus
      8s        0           13.0           11.1    369.1   3087.0   3087.0   3087.0 payment
      8s        0            1.0            1.1    117.4    117.4    117.4    117.4 stockLevel
_elapsed___errors__ops/sec(inst)___ops/sec(cum)__p50(ms)__p95(ms)__p99(ms)_pMax(ms)
      9s        0            2.0            1.3    536.9   1040.2   1040.2   1040.2 delivery
      9s        0            7.0           10.6   2080.4   4026.5   4026.5   4026.5 newOrder
      9s        0            0.0            1.6      0.0      0.0      0.0      0.0 orderStatus
      9s        0            9.0           10.9    285.2   5368.7   5368.7   5368.7 payment
      9s        0            0.0            1.0      0.0      0.0      0.0      0.0 stockLevel
     10s        0            2.0            1.4    385.9    385.9    385.9    385.9 delivery
     10s        0           14.0           10.9    738.2   5905.6   6442.5   6442.5 newOrder
     10s        0            0.0            1.4      0.0      0.0      0.0      0.0 orderStatus
     10s        0           16.0           11.4    151.0   3087.0   4563.4   4563.4 payment
     10s        0            1.0            1.0   3623.9   3623.9   3623.9   3623.9 stockLevel
_elapsed___errors__ops/sec(inst)___ops/sec(cum)__p50(ms)__p95(ms)__p99(ms)_pMax(ms)
      1s        0            0.0            0.0      0.0      0.0      0.0      0.0 delivery
      1s        0            3.0            3.0    243.3    260.0    260.0    260.0 newOrder
      1s        0            0.0            0.0      0.0      0.0      0.0      0.0 orderStatus
      1s        0            0.0            0.0      0.0      0.0      0.0      0.0 payment
      1s        0            1.0            1.0    352.3    352.3    352.3    352.3 stockLevel
      2s        0            0.0            0.0      0.0      0.0      0.0      0.0 delivery
      2s        0            6.0            4.5    335.5   1275.1   1275.1   1275.1 newOrder
      2s        0            1.0            0.5    104.9    104.9    104.9    104.9 orderStatus
      2s        0            3.0            1.5    151.0    167.8    167.8    167.8 payment
      2s        0            1.0            1.0   1275.1   1275.1   1275.1   1275.1 stockLevel
      3s        0            0.0            0.0      0.0      0.0      0.0      0.0 delivery
      3s        0            2.0            3.7    167.8    453.0    453.0    453.0 newOrder
      3s        0            1.0            0.7    201.3    201.3    201.3    201.3 orderStatus
      3s        0            4.0            2.3    570.4   1140.9   1140.9   1140.9 payment
      3s        0            0.0            0.7      0.0      0.0      0.0      0.0 stockLevel
      4s        0            0.0            0.0      0.0      0.0      0.0      0.0 delivery
      4s        0            5.0            4.0   2080.4   2952.8   2952.8   2952.8 newOrder
      4s        0            2.0            1.0     92.3    104.9    104.9    104.9 orderStatus
      4s        0           11.0            4.5    201.3   2684.4   3355.4   3355.4 payment
      4s        0            1.0            0.8    243.3    243.3    243.3    243.3 stockLevel
_elapsed___errors__ops/sec(inst)___ops/sec(cum)__p50(ms)__p95(ms)__p99(ms)_pMax(ms)
      5s        0            0.0            0.0      0.0      0.0      0.0      0.0 delivery
      5s        0           15.0            6.2    318.8   4026.5   4026.5   4026.5 newOrder
      5s        0            2.0            1.2     79.7    104.9    104.9    104.9 orderStatus
      5s        0           10.0            5.6    184.5   3087.0   3087.0   3087.0 payment
      5s        0            2.0            1.0    100.7    973.1    973.1    973.1 stockLevel
      6s        0            1.0            0.2    536.9    536.9    536.9    536.9 delivery
      6s        0           12.0            7.2    335.5   1610.6   2550.1   2550.1 newOrder
      6s        0            2.0            1.3     75.5    125.8    125.8    125.8 orderStatus
      6s        0            8.0            6.0    142.6   1275.1   1275.1   1275.1 payment
      6s        0            2.0            1.2    130.0    226.5    226.5    226.5 stockLevel
      7s        0            1.0            0.3    352.3    352.3    352.3    352.3 delivery
      7s        0            9.0            7.4    503.3   4295.0   4295.0   4295.0 newOrder
      7s        0            0.0            1.1      0.0      0.0      0.0      0.0 orderStatus
      7s        0            7.0            6.1    838.9   5905.6   5905.6   5905.6 payment
      7s        0            0.0            1.0      0.0      0.0      0.0      0.0 stockLevel
      8s        0            0.0            0.3      0.0      0.0      0.0      0.0 delivery
      8s        0           15.0            8.4    570.4   4295.0   6979.3   6979.3 newOrder
      8s        0            3.0            1.4     71.3    100.7    100.7    100.7 orderStatus
      8s        0           14.0            7.1    130.0   5637.1   7784.6   7784.6 payment
      8s        0            0.0            0.9      0.0      0.0      0.0      0.0 stockLevel
_elapsed___errors__ops/sec(inst)___ops/sec(cum)__p50(ms)__p95(ms)__p99(ms)_pMax(ms)
      9s        0            1.0            0.3    335.5    335.5    335.5    335.5 delivery
      9s        0           12.0            8.8    520.1   3221.2   3489.7   3489.7 newOrder
      9s        0            3.0            1.6     88.1    109.1    109.1    109.1 orderStatus
      9s        0           17.0            8.2    167.8   8053.1   8053.1   8053.1 payment
      9s        0            3.0            1.1    109.1    604.0    604.0    604.0 stockLevel
     10s        0            1.0            0.4    436.2    436.2    436.2    436.2 delivery
     10s        0           18.0            9.7    469.8   3892.3   4026.5   4026.5 newOrder
     10s        0            1.0            1.5    130.0    130.0    130.0    130.0 orderStatus
     10s        0           19.0            9.3   1677.7   7247.8   7784.6   7784.6 payment
     10s        0            0.0            1.0      0.0      0.0      0.0      0.0 stockLevel
     11s        0            0.0            0.4      0.0      0.0      0.0      0.0 delivery
     11s        0           15.0           10.2   1409.3   9663.7   9663.7   9663.7 newOrder
     11s        0            1.0            1.5    142.6    142.6    142.6    142.6 orderStatus
     11s        0            7.0            9.1   2281.7   7516.2   7516.2   7516.2 payment
     11s        0            1.0            1.0    134.2    134.2    134.2    134.2 stockLevel
     12s        0            2.0            0.5    402.7    771.8    771.8    771.8 delivery
     12s        0           13.0           10.4    805.3   5637.1   7247.8   7247.8 newOrder
     12s        0            3.0            1.6     75.5     92.3     92.3     92.3 orderStatus
     12s        0            8.0            9.0   1140.9   5100.3   5100.3   5100.3 payment
     12s        0            2.0            1.1    100.7   2013.3   2013.3   2013.3 stockLevel
_elapsed___errors__ops/sec(inst)___ops/sec(cum)__p50(ms)__p95(ms)__p99(ms)_pMax(ms)
     13s        0            1.0            0.5    369.1    369.1    369.1    369.1 delivery
     13s        0           18.0           11.0   1476.4   6442.5   6442.5   6442.5 newOrder
     13s        0            2.0            1.6     71.3     79.7     79.7     79.7 orderStatus
     13s        0           24.0           10.2    771.8   8321.5  12884.9  12884.9 payment
     13s        0            1.0            1.1     71.3     71.3     71.3     71.3 stockLevel
     14s        0            0.0            0.5      0.0      0.0      0.0      0.0 delivery
     14s        0            2.0           10.4    251.7   1409.3   1409.3   1409.3 newOrder
     14s        0            0.0            1.5      0.0      0.0      0.0      0.0 orderStatus
     14s        0            6.0            9.9   2013.3   4295.0   4295.0   4295.0 payment
     14s        0            0.0            1.0      0.0      0.0      0.0      0.0 stockLevel
     15s        0            0.0            0.5      0.0      0.0      0.0      0.0 delivery
     15s        0           17.0           10.8   1342.2   3623.9   6442.5   6442.5 newOrder
     15s        0            1.0            1.5    142.6    142.6    142.6    142.6 orderStatus
     15s        0           13.0           10.1    536.9   2684.4   5100.3   5100.3 payment
     15s        0            0.0            0.9      0.0      0.0      0.0      0.0 stockLevel
     16s        0            0.0            0.4      0.0      0.0      0.0      0.0 delivery
     16s        0            0.0           10.1      0.0      0.0      0.0      0.0 newOrder
     16s        0            1.0            1.4    318.8    318.8    318.8    318.8 orderStatus
     16s        0            0.0            9.4      0.0      0.0      0.0      0.0 payment
     16s        0            1.0            0.9     29.4     29.4     29.4     29.4 stockLevel
_elapsed___errors__ops/sec(inst)___ops/sec(cum)__p50(ms)__p95(ms)__p99(ms)_pMax(ms)
     17s        0            1.0            0.5   1610.6   1610.6   1610.6   1610.6 delivery
     17s        0           18.0           10.6   1946.2   4563.4   8321.5   8321.5 newOrder
     17s        0            2.0            1.5     92.3     96.5     96.5     96.5 orderStatus
     17s        0           16.0            9.8   1811.9  11811.2  12884.9  12884.9 payment
     17s        0            4.0            1.1   1744.8   2415.9   2415.9   2415.9 stockLevel
     18s        0            1.0            0.5    520.1    520.1    520.1    520.1 delivery
     18s        0           16.0           10.9    671.1   6174.0   7516.2   7516.2 newOrder
     18s        0            0.0            1.4      0.0      0.0      0.0      0.0 orderStatus
     18s        0           19.0           10.3    159.4   5368.7  11811.2  11811.2 payment
     18s        0            1.0            1.1    100.7    100.7    100.7    100.7 stockLevel
     19s        0            1.0            0.5    436.2    436.2    436.2    436.2 delivery
     19s        0           11.0           10.9   1409.3   2684.4   6174.0   6174.0 newOrder
     19s        0            3.0            1.5     75.5     88.1     88.1     88.1 orderStatus
     19s        0           14.0           10.5    192.9   6174.0  18253.6  18253.6 payment
     19s        0            1.0            1.1     83.9     83.9     83.9     83.9 stockLevel
     20s        0            3.0            0.7    486.5    486.5    486.5    486.5 delivery
     20s        0           20.0           11.4    436.2   9126.8  11274.3  11274.3 newOrder
     20s        0            1.0            1.5     79.7     79.7     79.7     79.7 orderStatus
     20s        0           15.0           10.8    201.3  17179.9  19327.4  19327.4 payment
     20s        0            0.0            1.1      0.0      0.0      0.0      0.0 stockLevel
_elapsed___errors__ops/sec(inst)___ops/sec(cum)__p50(ms)__p95(ms)__p99(ms)_pMax(ms)
     21s        0            4.0            0.8    369.1   1409.3   1409.3   1409.3 delivery
     21s        0           22.0           11.9    218.1  12348.0  13421.8  13421.8 newOrder
     21s        0            2.0            1.5     88.1     92.3     92.3     92.3 orderStatus
     21s        0           15.0           11.0    125.8   4160.7  11274.3  11274.3 payment
     21s        0            1.0            1.0     83.9     83.9     83.9     83.9 stockLevel
     22s        0            1.0            0.8   1208.0   1208.0   1208.0   1208.0 delivery
     22s        0           21.0           12.3    285.2   2281.7   3087.0   3087.0 newOrder
     22s        0            3.0            1.5     71.3    104.9    104.9    104.9 orderStatus
     22s        0           17.0           11.2    637.5  12348.0  16106.1  16106.1 payment
     22s        0            3.0            1.1    151.0    385.9    385.9    385.9 stockLevel
     23s        0            0.0            0.8      0.0      0.0      0.0      0.0 delivery
     23s        0           11.0           12.2    671.1   9126.8  16106.1  16106.1 newOrder
     23s        0            0.0            1.5      0.0      0.0      0.0      0.0 orderStatus
     23s        0           17.0           11.5    151.0   1744.8   5905.6   5905.6 payment
     23s        0            3.0            1.2    973.1   1811.9   1811.9   1811.9 stockLevel
     24s        0            3.0            0.9    520.1    771.8    771.8    771.8 delivery
     24s        0           17.0           12.4   1006.6   8053.1  16106.1  16106.1 newOrder
     24s        0            0.0            1.4      0.0      0.0      0.0      0.0 orderStatus
     24s        0           17.0           11.7    192.9  10737.4  21474.8  21474.8 payment
     24s        0            3.0            1.3    285.2   1946.2   1946.2   1946.2 stockLevel
_elapsed___errors__ops/sec(inst)___ops/sec(cum)__p50(ms)__p95(ms)__p99(ms)_pMax(ms)
     25s        0            3.0            1.0    436.2    486.5    486.5    486.5 delivery
     25s        0           17.0           12.6    335.5  15569.3  24696.1  24696.1 newOrder
     25s        0            3.0            1.5     88.1    100.7    100.7    100.7 orderStatus
     25s        0           23.0           12.2    335.5   8321.5  24696.1  24696.1 payment
     25s        0            2.0            1.3   1879.0   3221.2   3221.2   3221.2 stockLevel
     26s        0            1.0            1.0    469.8    469.8    469.8    469.8 delivery
     26s        0           12.0           12.6    352.3   4563.4   7784.6   7784.6 newOrder
     26s        0            0.0            1.4      0.0      0.0      0.0      0.0 orderStatus
     26s        0            9.0           12.0   1409.3  22548.6  22548.6  22548.6 payment
     26s        0            1.0            1.3    771.8    771.8    771.8    771.8 stockLevel
     27s        0            1.0            1.0    486.5    486.5    486.5    486.5 delivery
     27s        0           10.0           12.5    503.3   2281.7   2281.7   2281.7 newOrder
     27s        0            1.0            1.4    100.7    100.7    100.7    100.7 orderStatus
     27s        0           18.0           12.3    151.0  17179.9  18253.6  18253.6 payment
     27s        0            4.0            1.4   1409.3   5368.7   5368.7   5368.7 stockLevel
     28s        0            3.0            1.0    872.4   1543.5   1543.5   1543.5 delivery
     28s        0           19.0           12.7    226.5   2550.1   2684.4   2684.4 newOrder
     28s        0            5.0            1.5     88.1    104.9    104.9    104.9 orderStatus
     28s        0           14.0           12.3   1040.2  15569.3  16106.1  16106.1 payment
     28s        0            2.0            1.4     83.9    151.0    151.0    151.0 stockLevel
_elapsed___errors__ops/sec(inst)___ops/sec(cum)__p50(ms)__p95(ms)__p99(ms)_pMax(ms)
     29s        0            2.0            1.1    402.7    402.7    402.7    402.7 delivery
     29s        0           25.0           13.1    226.5   7247.8  20401.1  20401.1 newOrder
     29s        0            0.0            1.5      0.0      0.0      0.0      0.0 orderStatus
     29s        0           10.0           12.2    113.2  19327.4  19327.4  19327.4 payment
     29s        0            2.0            1.4     75.5     92.3     92.3     92.3 stockLevel
     30s        0            3.0            1.1    503.3    604.0    604.0    604.0 delivery
     30s        0            9.0           13.0   1208.0   5905.6   5905.6   5905.6 newOrder
     30s        0            1.0            1.5    109.1    109.1    109.1    109.1 orderStatus
     30s        0            9.0           12.1    176.2   8053.1   8053.1   8053.1 payment
     30s        0            1.0            1.4    100.7    100.7    100.7    100.7 stockLevel
     31s        0            1.0            1.1    469.8    469.8    469.8    469.8 delivery
     31s        0           16.0           13.1    226.5   1275.1   3489.7   3489.7 newOrder
     31s        0            1.0            1.5     71.3     71.3     71.3     71.3 orderStatus
     31s        0           20.0           12.4    134.2   7247.8  19327.4  19327.4 payment
     31s        0            0.0            1.4      0.0      0.0      0.0      0.0 stockLevel
     32s        0            2.0            1.2    335.5    402.7    402.7    402.7 delivery
     32s        0           10.0           13.0    176.2   8589.9   8589.9   8589.9 newOrder
     32s        0            1.0            1.4     79.7     79.7     79.7     79.7 orderStatus
     32s        0           15.0           12.5    369.1   9126.8  14495.5  14495.5 payment
     32s        0            4.0            1.5     96.5   3489.7   3489.7   3489.7 stockLevel
_elapsed___errors__ops/sec(inst)___ops/sec(cum)__p50(ms)__p95(ms)__p99(ms)_pMax(ms)
     33s        0            1.0            1.2    503.3    503.3    503.3    503.3 delivery
     33s        0           15.0           13.1    302.0   8589.9   9126.8   9126.8 newOrder
     33s        0            1.0            1.4    113.2    113.2    113.2    113.2 orderStatus
     33s        0           16.0           12.6    125.8   8589.9  16643.0  16643.0 payment
     33s        0            3.0            1.5    130.0    142.6    142.6    142.6 stockLevel
     34s        0            1.0            1.1   1140.9   1140.9   1140.9   1140.9 delivery
     34s        0            8.0           12.9   1677.7  16106.1  16106.1  16106.1 newOrder
     34s        0            0.0            1.4      0.0      0.0      0.0      0.0 orderStatus
     34s        0            4.0           12.3    637.5  33286.0  33286.0  33286.0 payment
     34s        0            1.0            1.5    486.5    486.5    486.5    486.5 stockLevel
     35s        0            2.0            1.2    520.1   1208.0   1208.0   1208.0 delivery
     35s        0           15.0           13.0    352.3   4160.7   6979.3   6979.3 newOrder
     35s        0            0.0            1.3      0.0      0.0      0.0      0.0 orderStatus
     35s        0           13.0           12.3    151.0    771.8   2281.7   2281.7 payment
     35s        0            1.0            1.5    100.7    100.7    100.7    100.7 stockLevel
     36s        0            1.0            1.2    939.5    939.5    939.5    939.5 delivery
     36s        0           12.0           12.9   1140.9   5100.3   6442.5   6442.5 newOrder
     36s        0            3.0            1.4     75.5    151.0    151.0    151.0 orderStatus
     36s        0           16.0           12.4    234.9   5368.7  19327.4  19327.4 payment
     36s        0            0.0            1.4      0.0      0.0      0.0      0.0 stockLevel
_elapsed___errors__ops/sec(inst)___ops/sec(cum)__p50(ms)__p95(ms)__p99(ms)_pMax(ms)
     37s        0            1.0            1.2    469.8    469.8    469.8    469.8 delivery
     37s        0           11.0           12.9    486.5   1275.1   1543.5   1543.5 newOrder
     37s        0            2.0            1.4     75.5    192.9    192.9    192.9 orderStatus
     37s        0           11.0           12.4    130.0   1140.9   9126.8   9126.8 payment
     37s        0            2.0            1.5    302.0    503.3    503.3    503.3 stockLevel
     38s        0            1.0            1.2    419.4    419.4    419.4    419.4 delivery
     38s        0           10.0           12.8    285.2  12884.9  12884.9  12884.9 newOrder
     38s        0            2.0            1.4    113.2    117.4    117.4    117.4 orderStatus
     38s        0           10.0           12.3    121.6  12348.0  12348.0  12348.0 payment
     38s        0            2.0            1.5     79.7    125.8    125.8    125.8 stockLevel
     39s        0            0.0            1.1      0.0      0.0      0.0      0.0 delivery
     39s        0           12.0           12.8    352.3   9663.7  18253.6  18253.6 newOrder
     39s        0            0.0            1.4      0.0      0.0      0.0      0.0 orderStatus
     39s        0           19.0           12.5    318.8  15032.4  16643.0  16643.0 payment
     39s        0            2.0            1.5    113.2    838.9    838.9    838.9 stockLevel
     40s        0            2.0            1.2    570.4    570.4    570.4    570.4 delivery
     40s        0           18.0           12.9    285.2  13958.6  16643.0  16643.0 newOrder
     40s        0            4.0            1.5     92.3    151.0    151.0    151.0 orderStatus
     40s        0           17.0           12.6    142.6    192.9   6979.3   6979.3 payment
     40s        0            3.0            1.5    100.7    117.4    117.4    117.4 stockLevel
_elapsed___errors__ops/sec(inst)___ops/sec(cum)__p50(ms)__p95(ms)__p99(ms)_pMax(ms)
     41s        0            3.0            1.2    436.2   1677.7   1677.7   1677.7 delivery
     41s        0           14.0           13.0    218.1    260.0  18253.6  18253.6 newOrder
     41s        0            2.0            1.5     71.3    134.2    134.2    134.2 orderStatus
     41s        0           15.0           12.7    369.1   6174.0  19327.4  19327.4 payment
     41s        0            1.0            1.5    671.1    671.1    671.1    671.1 stockLevel
     42s        0            1.0            1.2    939.5    939.5    939.5    939.5 delivery
     42s        0           13.0           13.0    243.3   6442.5  20401.1  20401.1 newOrder
     42s        0            1.0            1.5     67.1     67.1     67.1     67.1 orderStatus
     42s        0           11.0           12.6    130.0   2550.1  11274.3  11274.3 payment
     42s        0            0.0            1.5      0.0      0.0      0.0      0.0 stockLevel
     43s        0            1.0            1.2    536.9    536.9    536.9    536.9 delivery
     43s        0           11.0           12.9    260.0    570.4   1073.7   1073.7 newOrder
     43s        0            1.0            1.4     83.9     83.9     83.9     83.9 orderStatus
     43s        0            6.0           12.5   1208.0   3758.1   3758.1   3758.1 payment
     43s        0            1.0            1.5    192.9    192.9    192.9    192.9 stockLevel
     44s        0            1.0            1.2   2415.9   2415.9   2415.9   2415.9 delivery
     44s        0           15.0           13.0    226.5    419.4   2281.7   2281.7 newOrder
     44s        0            3.0            1.5    104.9    104.9    104.9    104.9 orderStatus
     44s        0           15.0           12.5    125.8   7784.6  15569.3  15569.3 payment
     44s        0            1.0            1.5    104.9    104.9    104.9    104.9 stockLevel
_elapsed___errors__ops/sec(inst)___ops/sec(cum)__p50(ms)__p95(ms)__p99(ms)_pMax(ms)
     45s        0            2.0            1.2    436.2    436.2    436.2    436.2 delivery
     45s        0           12.0           12.9    243.3    604.0  15569.3  15569.3 newOrder
     45s        0            2.0            1.5     75.5    130.0    130.0    130.0 orderStatus
     45s        0           17.0           12.6    130.0    226.5  26843.5  26843.5 payment
     45s        0            2.0            1.5    130.0    176.2    176.2    176.2 stockLevel
     46s        0            0.0            1.2      0.0      0.0      0.0      0.0 delivery
     46s        0           17.0           13.0    209.7   1409.3  13958.6  13958.6 newOrder
     46s        0            0.0            1.5      0.0      0.0      0.0      0.0 orderStatus
     46s        0            9.0           12.6    100.7  12884.9  12884.9  12884.9 payment
     46s        0            2.0            1.5     60.8     79.7     79.7     79.7 stockLevel
     47s        0            2.0            1.2    704.6    738.2    738.2    738.2 delivery
     47s        0           12.0           13.0    570.4  19327.4  19327.4  19327.4 newOrder
     47s        0            1.0            1.4    117.4    117.4    117.4    117.4 orderStatus
     47s        0           10.0           12.5    234.9  23622.3  23622.3  23622.3 payment
     47s        0            0.0            1.4      0.0      0.0      0.0      0.0 stockLevel
     48s        0            2.0            1.2    352.3    385.9    385.9    385.9 delivery
     48s        0           16.0           13.1    453.0  19327.4  20401.1  20401.1 newOrder
     48s        0            2.0            1.5     79.7     92.3     92.3     92.3 orderStatus
     48s        0           15.0           12.6    142.6    302.0    671.1    671.1 payment
     48s        0            0.0            1.4      0.0      0.0      0.0      0.0 stockLevel
_elapsed___errors__ops/sec(inst)___ops/sec(cum)__p50(ms)__p95(ms)__p99(ms)_pMax(ms)
     49s        0            1.0            1.2    402.7    402.7    402.7    402.7 delivery
     49s        0           17.0           13.1    234.9   1006.6   1275.1   1275.1 newOrder
     49s        0            1.0            1.4     79.7     79.7     79.7     79.7 orderStatus
     49s        0           11.0           12.5    113.2   1342.2  30064.8  30064.8 payment
     49s        0            2.0            1.4     88.1     96.5     96.5     96.5 stockLevel
     50s        0            2.0            1.2    369.1    385.9    385.9    385.9 delivery
     50s        0           12.0           13.1    234.9  11274.3  11274.3  11274.3 newOrder
     50s        0            1.0            1.4     92.3     92.3     92.3     92.3 orderStatus
     50s        0           15.0           12.6    121.6   1140.9  20401.1  20401.1 payment
     50s        0            0.0            1.4      0.0      0.0      0.0      0.0 stockLevel
     51s        0            1.0            1.2    419.4    419.4    419.4    419.4 delivery
     51s        0           10.0           13.1    352.3    570.4    570.4    570.4 newOrder
     51s        0            1.0            1.4     71.3     71.3     71.3     71.3 orderStatus
     51s        0            5.0           12.4    142.6  24696.1  24696.1  24696.1 payment
     51s        0            2.0            1.4     88.1    318.8    318.8    318.8 stockLevel
     52s        0            3.0            1.3    604.0    604.0    604.0    604.0 delivery
     52s        0            9.0           13.0    285.2   6442.5   6442.5   6442.5 newOrder
     52s        0            0.0            1.4      0.0      0.0      0.0      0.0 orderStatus
     52s        0           11.0           12.4    142.6    335.5   8589.9   8589.9 payment
     52s        0            0.0            1.4      0.0      0.0      0.0      0.0 stockLevel
_elapsed___errors__ops/sec(inst)___ops/sec(cum)__p50(ms)__p95(ms)__p99(ms)_pMax(ms)
     53s        0            1.0            1.2    402.7    402.7    402.7    402.7 delivery
     53s        0           11.0           12.9    209.7   1811.9  23622.3  23622.3 newOrder
     53s        0            0.0            1.4      0.0      0.0      0.0      0.0 orderStatus
     53s        0           14.0           12.4    486.5  15569.3  16643.0  16643.0 payment
     53s        0            1.0            1.4    113.2    113.2    113.2    113.2 stockLevel
     54s        0            2.0            1.3    369.1    402.7    402.7    402.7 delivery
     54s        0           17.0           13.0    234.9    570.4  11811.2  11811.2 newOrder
     54s        0            2.0            1.4     92.3    104.9    104.9    104.9 orderStatus
     54s        0           16.0           12.5    125.8  23622.3  28991.0  28991.0 payment
     54s        0            2.0            1.4    104.9    176.2    176.2    176.2 stockLevel
     55s        0            1.0            1.3    671.1    671.1    671.1    671.1 delivery
     55s        0            7.0           12.9    469.8   8321.5   8321.5   8321.5 newOrder
     55s        0            2.0            1.4    125.8    302.0    302.0    302.0 orderStatus
     55s        0           17.0           12.6    100.7    973.1  13958.6  13958.6 payment
     55s        0            0.0            1.4      0.0      0.0      0.0      0.0 stockLevel
     56s        0            0.0            1.2      0.0      0.0      0.0      0.0 delivery
     56s        0           19.0           13.0    234.9    536.9  14495.5  14495.5 newOrder
     56s        0            1.0            1.4     83.9     83.9     83.9     83.9 orderStatus
     56s        0           11.0           12.6    134.2    486.5    771.8    771.8 payment
     56s        0            1.0            1.4   1208.0   1208.0   1208.0   1208.0 stockLevel
_elapsed___errors__ops/sec(inst)___ops/sec(cum)__p50(ms)__p95(ms)__p99(ms)_pMax(ms)
     57s        0            1.0            1.2    419.4    419.4    419.4    419.4 delivery
     57s        0           13.0           13.0    218.1    268.4    436.2    436.2 newOrder
     57s        0            0.0            1.4      0.0      0.0      0.0      0.0 orderStatus
     57s        0            6.0           12.4    100.7  47244.6  47244.6  47244.6 payment
     57s        0            1.0            1.4    109.1    109.1    109.1    109.1 stockLevel
     58s        0            1.0            1.2    469.8    469.8    469.8    469.8 delivery
     58s        0           12.0           13.0    318.8  20401.1  25769.8  25769.8 newOrder
     58s        0            1.0            1.4    117.4    117.4    117.4    117.4 orderStatus
     58s        0           11.0           12.4    151.0    637.5    671.1    671.1 payment
     58s        0            1.0            1.3    130.0    130.0    130.0    130.0 stockLevel
     59s        0            2.0            1.2    419.4    469.8    469.8    469.8 delivery
     59s        0           12.0           13.0    251.7    318.8    604.0    604.0 newOrder
     59s        0            0.0            1.3      0.0      0.0      0.0      0.0 orderStatus
     59s        0            3.0           12.3    117.4    151.0    151.0    151.0 payment
     59s        0            0.0            1.3      0.0      0.0      0.0      0.0 stockLevel
    1m0s        0            1.0            1.2    604.0    604.0    604.0    604.0 delivery
    1m0s        0            5.0           12.9    318.8    419.4    419.4    419.4 newOrder
    1m0s        0            0.0            1.3      0.0      0.0      0.0      0.0 orderStatus
    1m0s        0            8.0           12.2    201.3  28991.0  28991.0  28991.0 payment
    1m0s        0            1.0            1.3    385.9    385.9    385.9    385.9 stockLevel

_elapsed___errors_____ops(total)___ops/sec(cum)__avg(ms)__p50(ms)__p95(ms)__p99(ms)_pMax(ms)__total
   60.0s        0             74            1.2    588.6    469.8   1409.3   1677.7   2415.9  delivery
   60.0s        0            771           12.8   1755.1    318.8   8589.9  19327.4  25769.8  newOrder
   60.0s        0             79            1.3    100.1     92.3    151.0    302.0    318.8  orderStatus
   60.0s        0            731           12.2   2189.4    167.8  12884.9  24696.1  47244.6  payment
   60.0s        0             79            1.3    560.2    142.6   2013.3   3489.7   5368.7  stockLevel

_elapsed___errors_____ops(total)___ops/sec(cum)__avg(ms)__p50(ms)__p95(ms)__p99(ms)_pMax(ms)__result
   60.0s        0           1734           28.9   1758.6    260.0   9663.7  21474.8  47244.6  
Audit check 9.2.1.7: SKIP: not enough delivery transactions to be statistically significant
Audit check 9.2.2.5.1: SKIP: not enough orders to be statistically significant
Audit check 9.2.2.5.2: SKIP: not enough orders to be statistically significant
Audit check 9.2.2.5.3: SKIP: not enough orders to be statistically significant
Audit check 9.2.2.5.4: SKIP: not enough payments to be statistically significant
Audit check 9.2.2.5.5: SKIP: not enough payments to be statistically significant
Audit check 9.2.2.5.6: SKIP: not enough order status transactions to be statistically significant

_elapsed_______tpmC____efc__avg(ms)__p50(ms)__p90(ms)__p95(ms)__p99(ms)_pMax(ms)
   60.0s      771.0 599.5%   1755.1    318.8   4295.0   8589.9  19327.4  25769.8
