Initializing 300 connections...
Initializing 100 workers and preparing statements...
_elapsed___errors__ops/sec(inst)___ops/sec(cum)__p50(ms)__p95(ms)__p99(ms)_pMax(ms)
      1s        0            0.0            0.0      0.0      0.0      0.0      0.0 delivery
      1s        0            2.0           14.0    192.9    285.2    318.8    318.8 newOrder
      1s        0            0.0            0.0      0.0      0.0      0.0      0.0 orderStatus
      1s        0            1.5           11.0    100.7    176.2    184.5    184.5 payment
      1s        0            0.1            1.0     46.1     46.1     46.1     46.1 stockLevel
      2s        0            1.0            0.5    469.8    469.8    469.8    469.8 delivery
      2s        0           12.0           13.0    335.5    453.0   1073.7   1073.7 newOrder
      2s        0            5.0            2.5    159.4    167.8    167.8    167.8 orderStatus
      2s        0            7.0            9.0    159.4    184.5    184.5    184.5 payment
      2s        0            0.0            0.5      0.0      0.0      0.0      0.0 stockLevel
      3s        0            4.0            1.7    872.4   1006.6   1006.6   1006.6 delivery
      3s        0            9.0           11.7    453.0    973.1    973.1    973.1 newOrder
      3s        0            2.0            2.3    134.2    209.7    209.7    209.7 orderStatus
      3s        0           11.0            9.7    260.0    520.1    570.4    570.4 payment
      3s        0            4.0            1.7    192.9   1140.9   1140.9   1140.9 stockLevel
      4s        0            1.0            1.5    704.6    704.6    704.6    704.6 delivery
      4s        0           12.0           11.7    402.7    486.5    503.3    503.3 newOrder
      4s        0            1.0            2.0    100.7    100.7    100.7    100.7 orderStatus
      4s        0           14.0           10.7    209.7   2281.7   2684.4   2684.4 payment
      4s        0            0.0            1.2      0.0      0.0      0.0      0.0 stockLevel
_elapsed___errors__ops/sec(inst)___ops/sec(cum)__p50(ms)__p95(ms)__p99(ms)_pMax(ms)
      5s        0            2.0            1.6    805.3    906.0    906.0    906.0 delivery
      5s        0           17.0           12.8    503.3   2281.7   2818.6   2818.6 newOrder
      5s        0            2.0            2.0    159.4    184.5    184.5    184.5 orderStatus
      5s        0           10.0           10.6    243.3   2684.4   2684.4   2684.4 payment
      5s        0            2.0            1.4    176.2    192.9    192.9    192.9 stockLevel
      6s        0            1.0            1.5    738.2    738.2    738.2    738.2 delivery
      6s        0           13.0           12.8   1610.6   4026.5   4295.0   4295.0 newOrder
      6s        0            0.0            1.7      0.0      0.0      0.0      0.0 orderStatus
      6s        0           17.0           11.7    176.2   2818.6   4295.0   4295.0 payment
      6s        0            0.0            1.2      0.0      0.0      0.0      0.0 stockLevel
      7s        0            1.0            1.4   2281.7   2281.7   2281.7   2281.7 delivery
      7s        0            5.0           11.7    637.5   1946.2   1946.2   1946.2 newOrder
      7s        0            3.0            1.9    125.8    469.8    469.8    469.8 orderStatus
      7s        0            4.0           10.6    335.5   1811.9   1811.9   1811.9 payment
      7s        0            3.0            1.4   1879.0   2080.4   2080.4   2080.4 stockLevel
      8s        0            3.0            1.6   1040.2   2080.4   2080.4   2080.4 delivery
      8s        0            9.0           11.4    469.8   4831.8   4831.8   4831.8 newOrder
      8s        0            1.0            1.7    176.2    176.2    176.2    176.2 orderStatus
      8s        0           10.0           10.5    209.7   2684.4   2684.4   2684.4 payment
      8s        0            2.0            1.5    134.2   1040.2   1040.2   1040.2 stockLevel
_elapsed___errors__ops/sec(inst)___ops/sec(cum)__p50(ms)__p95(ms)__p99(ms)_pMax(ms)
      9s        0            5.0            2.0    637.5   2952.8   2952.8   2952.8 delivery
      9s        0           11.0           11.3   2818.6   5905.6   5905.6   5905.6 newOrder
      9s        0            2.0            1.8     71.3     96.5     96.5     96.5 orderStatus
      9s        0           14.0           10.9    151.0   2818.6   3221.2   3221.2 payment
      9s        0            0.0            1.3      0.0      0.0      0.0      0.0 stockLevel
     10s        0            1.0            1.9    520.1    520.1    520.1    520.1 delivery
     10s        0           12.0           11.4    973.1   2952.8   4295.0   4295.0 newOrder
     10s        0            2.0            1.8     88.1    134.2    134.2    134.2 orderStatus
     10s        0            3.0           10.1    201.3   1006.6   1006.6   1006.6 payment
     10s        0            2.0            1.4    805.3   1140.9   1140.9   1140.9 stockLevel
_elapsed___errors__ops/sec(inst)___ops/sec(cum)__p50(ms)__p95(ms)__p99(ms)_pMax(ms)
      1s        0            2.0            2.0    385.9    453.0    453.0    453.0 delivery
      1s        0            0.0            0.0      0.0      0.0      0.0      0.0 newOrder
      1s        0            2.0            2.0    104.9    134.2    134.2    134.2 orderStatus
      1s        0            3.0            3.0    130.0    192.9    192.9    192.9 payment
      1s        0            0.0            0.0      0.0      0.0      0.0      0.0 stockLevel
      2s        0            0.0            1.0      0.0      0.0      0.0      0.0 delivery
      2s        0            2.0            1.0    176.2   1744.8   1744.8   1744.8 newOrder
      2s        0            0.0            1.0      0.0      0.0      0.0      0.0 orderStatus
      2s        0            1.0            2.0    142.6    142.6    142.6    142.6 payment
      2s        0            0.0            0.0      0.0      0.0      0.0      0.0 stockLevel
      3s        0            1.0            1.0    453.0    453.0    453.0    453.0 delivery
      3s        0            7.0            3.0    285.2    318.8    318.8    318.8 newOrder
      3s        0            1.0            1.0    167.8    167.8    167.8    167.8 orderStatus
      3s        0            8.0            4.0    142.6    302.0    302.0    302.0 payment
      3s        0            2.0            0.7     71.3    134.2    134.2    134.2 stockLevel
      4s        0            1.0            1.0    453.0    453.0    453.0    453.0 delivery
      4s        0            9.0            4.5    469.8   3489.7   3489.7   3489.7 newOrder
      4s        0            0.0            0.8      0.0      0.0      0.0      0.0 orderStatus
      4s        0            6.0            4.5    251.7   2550.1   2550.1   2550.1 payment
      4s        0            0.0            0.5      0.0      0.0      0.0      0.0 stockLevel
_elapsed___errors__ops/sec(inst)___ops/sec(cum)__p50(ms)__p95(ms)__p99(ms)_pMax(ms)
      5s        0            0.0            0.8      0.0      0.0      0.0      0.0 delivery
      5s        0           11.0            5.8    302.0   1677.7   4563.4   4563.4 newOrder
      5s        0            1.0            0.8     92.3     92.3     92.3     92.3 orderStatus
      5s        0           12.0            6.0    142.6   1946.2   3489.7   3489.7 payment
      5s        0            4.0            1.2    104.9    704.6    704.6    704.6 stockLevel
      6s        0            1.0            0.8    520.1    520.1    520.1    520.1 delivery
      6s        0           13.0            7.0    436.2   3489.7   5100.3   5100.3 newOrder
      6s        0            2.0            1.0     50.3     71.3     71.3     71.3 orderStatus
      6s        0            8.0            6.3    302.0   4563.4   4563.4   4563.4 payment
      6s        0            1.0            1.2    243.3    243.3    243.3    243.3 stockLevel
      7s        0            2.0            1.0    260.0    469.8    469.8    469.8 delivery
      7s        0            8.0            7.1   4563.4   6174.0   6174.0   6174.0 newOrder
      7s        0            1.0            1.0    201.3    201.3    201.3    201.3 orderStatus
      7s        0           15.0            7.6    352.3   2952.8   4831.8   4831.8 payment
      7s        0            2.0            1.3    109.1    125.8    125.8    125.8 stockLevel
      8s        0            2.0            1.1    419.4    486.5    486.5    486.5 delivery
      8s        0           12.0            7.8   1140.9   4160.7   6174.0   6174.0 newOrder
      8s        0            0.0            0.9      0.0      0.0      0.0      0.0 orderStatus
      8s        0           11.0            8.0    226.5   5100.3   5100.3   5100.3 payment
      8s        0            2.0            1.4    201.3    805.3    805.3    805.3 stockLevel
_elapsed___errors__ops/sec(inst)___ops/sec(cum)__p50(ms)__p95(ms)__p99(ms)_pMax(ms)
      9s        0            1.0            1.1   1275.1   1275.1   1275.1   1275.1 delivery
      9s        0           17.0            8.8    260.0   4026.5   8321.5   8321.5 newOrder
      9s        0            1.0            0.9     88.1     88.1     88.1     88.1 orderStatus
      9s        0           12.0            8.4    167.8   2550.1   3355.4   3355.4 payment
      9s        0            2.0            1.4     79.7    104.9    104.9    104.9 stockLevel
     10s        0            0.0            1.0      0.0      0.0      0.0      0.0 delivery
     10s        0            9.0            8.8    906.0   4831.8   4831.8   4831.8 newOrder
     10s        0            1.0            0.9     75.5     75.5     75.5     75.5 orderStatus
     10s        0            6.0            8.2    973.1   8321.5   8321.5   8321.5 payment
     10s        0            0.0            1.3      0.0      0.0      0.0      0.0 stockLevel
     11s        0            0.0            0.9      0.0      0.0      0.0      0.0 delivery
     11s        0           17.0            9.5    251.7   5368.7   6442.5   6442.5 newOrder
     11s        0            1.0            0.9     92.3     92.3     92.3     92.3 orderStatus
     11s        0           10.0            8.4    125.8   8321.5   8321.5   8321.5 payment
     11s        0            0.0            1.2      0.0      0.0      0.0      0.0 stockLevel
     12s        0            3.0            1.1    453.0    453.0    453.0    453.0 delivery
     12s        0           16.0           10.1    318.8   2550.1   6710.9   6710.9 newOrder
     12s        0            0.0            0.8      0.0      0.0      0.0      0.0 orderStatus
     12s        0           10.0            8.5    134.2   4563.4   4563.4   4563.4 payment
     12s        0            0.0            1.1      0.0      0.0      0.0      0.0 stockLevel
_elapsed___errors__ops/sec(inst)___ops/sec(cum)__p50(ms)__p95(ms)__p99(ms)_pMax(ms)
     13s        0            0.0            1.0      0.0      0.0      0.0      0.0 delivery
     13s        0           25.0           11.2    285.2   8053.1   9126.8   9126.8 newOrder
     13s        0            2.0            0.9     62.9     75.5     75.5     75.5 orderStatus
     13s        0           10.0            8.6    125.8   5905.6   5905.6   5905.6 payment
     13s        0            0.0            1.0      0.0      0.0      0.0      0.0 stockLevel
     14s        0            0.0            0.9      0.0      0.0      0.0      0.0 delivery
     14s        0            8.0           11.0   1073.7   5905.6   5905.6   5905.6 newOrder
     14s        0            1.0            0.9     75.5     75.5     75.5     75.5 orderStatus
     14s        0           10.0            8.7    218.1   5637.1   5637.1   5637.1 payment
     14s        0            0.0            0.9      0.0      0.0      0.0      0.0 stockLevel
     15s        0            2.0            1.0    369.1    520.1    520.1    520.1 delivery
     15s        0           11.0           11.0    268.4   5637.1   7516.2   7516.2 newOrder
     15s        0            3.0            1.1     67.1     92.3     92.3     92.3 orderStatus
     15s        0           11.0            8.9    805.3   1811.9   5905.6   5905.6 payment
     15s        0            2.0            1.0    125.8    302.0    302.0    302.0 stockLevel
     16s        0            0.0            0.9      0.0      0.0      0.0      0.0 delivery
     16s        0           15.0           11.3    738.2   6442.5  15032.4  15032.4 newOrder
     16s        0            1.0            1.1     75.5     75.5     75.5     75.5 orderStatus
     16s        0           16.0            9.3    167.8  10200.5  10200.5  10200.5 payment
     16s        0            2.0            1.1     71.3    637.5    637.5    637.5 stockLevel
_elapsed___errors__ops/sec(inst)___ops/sec(cum)__p50(ms)__p95(ms)__p99(ms)_pMax(ms)
     17s        0            1.0            0.9    604.0    604.0    604.0    604.0 delivery
     17s        0           14.0           11.4    419.4   9663.7  10737.4  10737.4 newOrder
     17s        0            1.0            1.1     92.3     92.3     92.3     92.3 orderStatus
     17s        0           13.0            9.5    167.8   6442.5  13958.6  13958.6 payment
     17s        0            3.0            1.2    121.6    159.4    159.4    159.4 stockLevel
     18s        0            1.0            0.9    771.8    771.8    771.8    771.8 delivery
     18s        0            9.0           11.3    637.5   5637.1   5637.1   5637.1 newOrder
     18s        0            0.0            1.0      0.0      0.0      0.0      0.0 orderStatus
     18s        0            7.0            9.4    302.0   6710.9   6710.9   6710.9 payment
     18s        0            0.0            1.1      0.0      0.0      0.0      0.0 stockLevel
     19s        0            2.0            1.0    469.8   2147.5   2147.5   2147.5 delivery
     19s        0           13.0           11.4    604.0  14495.5  14495.5  14495.5 newOrder
     19s        0            0.0            0.9      0.0      0.0      0.0      0.0 orderStatus
     19s        0           14.0            9.6    151.0   8053.1   9663.7   9663.7 payment
     19s        0            2.0            1.2    130.0   1879.0   1879.0   1879.0 stockLevel
     20s        0            0.0            1.0      0.0      0.0      0.0      0.0 delivery
     20s        0           15.0           11.6    805.3   6174.0   6442.5   6442.5 newOrder
     20s        0            3.0            1.1     92.3    104.9    104.9    104.9 orderStatus
     20s        0           15.0            9.9   2684.4  17179.9  18253.6  18253.6 payment
     20s        0            4.0            1.3     96.5   1140.9   1140.9   1140.9 stockLevel
_elapsed___errors__ops/sec(inst)___ops/sec(cum)__p50(ms)__p95(ms)__p99(ms)_pMax(ms)
     21s        0            1.0            1.0    436.2    436.2    436.2    436.2 delivery
     21s        0           15.0           11.7    218.1   4295.0   6442.5   6442.5 newOrder
     21s        0            0.0            1.0      0.0      0.0      0.0      0.0 orderStatus
     21s        0           18.0           10.3    771.8  15032.4  18253.6  18253.6 payment
     21s        0            0.0            1.2      0.0      0.0      0.0      0.0 stockLevel
     22s        0            0.0            0.9      0.0      0.0      0.0      0.0 delivery
     22s        0           11.0           11.7   1543.5   4295.0   4563.4   4563.4 newOrder
     22s        0            0.0            1.0      0.0      0.0      0.0      0.0 orderStatus
     22s        0           15.0           10.5    285.2   7516.2  10737.4  10737.4 payment
     22s        0            1.0            1.2    117.4    117.4    117.4    117.4 stockLevel
     23s        0            1.0            0.9    419.4    419.4    419.4    419.4 delivery
     23s        0           10.0           11.6   1342.2   5905.6   5905.6   5905.6 newOrder
     23s        0            0.0            0.9      0.0      0.0      0.0      0.0 orderStatus
     23s        0            9.0           10.4    520.1  20401.1  20401.1  20401.1 payment
     23s        0            0.0            1.2      0.0      0.0      0.0      0.0 stockLevel
     24s        0            0.0            0.9      0.0      0.0      0.0      0.0 delivery
     24s        0           16.0           11.8    251.7   4563.4   5637.1   5637.1 newOrder
     24s        0            2.0            1.0    142.6    159.4    159.4    159.4 orderStatus
     24s        0           14.0           10.6    192.9  11274.3  11811.2  11811.2 payment
     24s        0            2.0            1.2    117.4    159.4    159.4    159.4 stockLevel
_elapsed___errors__ops/sec(inst)___ops/sec(cum)__p50(ms)__p95(ms)__p99(ms)_pMax(ms)
     25s        0            2.0            0.9    503.3    604.0    604.0    604.0 delivery
     25s        0           18.0           12.0    352.3   9663.7  13958.6  13958.6 newOrder
     25s        0            0.0            0.9      0.0      0.0      0.0      0.0 orderStatus
     25s        0           12.0           10.6    167.8  12884.9  18253.6  18253.6 payment
     25s        0            2.0            1.2    121.6    209.7    209.7    209.7 stockLevel
     26s        0            1.0            0.9    469.8    469.8    469.8    469.8 delivery
     26s        0           18.0           12.3    260.0   4026.5   5905.6   5905.6 newOrder
     26s        0            0.0            0.9      0.0      0.0      0.0      0.0 orderStatus
     26s        0           14.0           10.8    121.6    486.5   5637.1   5637.1 payment
     26s        0            2.0            1.3     83.9   1208.0   1208.0   1208.0 stockLevel
     27s        0            0.0            0.9      0.0      0.0      0.0      0.0 delivery
     27s        0            7.0           12.1   1140.9   6710.9   6710.9   6710.9 newOrder
     27s        0            1.0            0.9     71.3     71.3     71.3     71.3 orderStatus
     27s        0            6.0           10.6   1208.0  16643.0  16643.0  16643.0 payment
     27s        0            2.0            1.3    234.9   6442.5   6442.5   6442.5 stockLevel
     28s        0            0.0            0.9      0.0      0.0      0.0      0.0 delivery
     28s        0           10.0           12.0    419.4   6174.0   6174.0   6174.0 newOrder
     28s        0            1.0            0.9    167.8    167.8    167.8    167.8 orderStatus
     28s        0           13.0           10.7    318.8  21474.8  24696.1  24696.1 payment
     28s        0            2.0            1.3    159.4    906.0    906.0    906.0 stockLevel
_elapsed___errors__ops/sec(inst)___ops/sec(cum)__p50(ms)__p95(ms)__p99(ms)_pMax(ms)
     29s        0            3.0            0.9    671.1    738.2    738.2    738.2 delivery
     29s        0            8.0           11.9    335.5   8053.1   8053.1   8053.1 newOrder
     29s        0            1.0            0.9     75.5     75.5     75.5     75.5 orderStatus
     29s        0           10.0           10.7    167.8   7784.6   7784.6   7784.6 payment
     29s        0            1.0            1.3    201.3    201.3    201.3    201.3 stockLevel
     30s        0            0.0            0.9      0.0      0.0      0.0      0.0 delivery
     30s        0            9.0           11.8    226.5   5637.1   5637.1   5637.1 newOrder
     30s        0            3.0            1.0     88.1    113.2    113.2    113.2 orderStatus
     30s        0           16.0           10.8   3087.0  16643.0  19327.4  19327.4 payment
     30s        0            0.0            1.3      0.0      0.0      0.0      0.0 stockLevel
     31s        0            0.0            0.9      0.0      0.0      0.0      0.0 delivery
     31s        0            8.0           11.6    335.5   9126.8   9126.8   9126.8 newOrder
     31s        0            0.0            0.9      0.0      0.0      0.0      0.0 orderStatus
     31s        0           15.0           11.0    167.8  15032.4  31138.5  31138.5 payment
     31s        0            0.0            1.2      0.0      0.0      0.0      0.0 stockLevel
     32s        0            1.0            0.9    604.0    604.0    604.0    604.0 delivery
     32s        0           15.0           11.8    838.9   9126.8   9663.7   9663.7 newOrder
     32s        0            4.0            1.0    167.8    352.3    352.3    352.3 orderStatus
     32s        0            8.0           10.9    192.9  27917.3  27917.3  27917.3 payment
     32s        0            1.0            1.2   1744.8   1744.8   1744.8   1744.8 stockLevel
_elapsed___errors__ops/sec(inst)___ops/sec(cum)__p50(ms)__p95(ms)__p99(ms)_pMax(ms)
     33s        0            3.0            0.9    536.9   1610.6   1610.6   1610.6 delivery
     33s        0           15.0           11.8   1275.1   7516.2  11274.3  11274.3 newOrder
     33s        0            0.0            1.0      0.0      0.0      0.0      0.0 orderStatus
     33s        0           11.0           10.9    142.6    201.3   1275.1   1275.1 payment
     33s        0            2.0            1.2     92.3    109.1    109.1    109.1 stockLevel
     34s        0            3.0            1.0    436.2    453.0    453.0    453.0 delivery
     34s        0           11.0           11.8    385.9   1342.2   1610.6   1610.6 newOrder
     34s        0            2.0            1.0     83.9     83.9     83.9     83.9 orderStatus
     34s        0            8.0           10.8    125.8   2080.4   2080.4   2080.4 payment
     34s        0            0.0            1.2      0.0      0.0      0.0      0.0 stockLevel
     35s        0            1.0            1.0    436.2    436.2    436.2    436.2 delivery
     35s        0           14.0           11.9    385.9   4563.4  11811.2  11811.2 newOrder
     35s        0            2.0            1.1     71.3     75.5     75.5     75.5 orderStatus
     35s        0           11.0           10.8    113.2   2550.1  13421.8  13421.8 payment
     35s        0            2.0            1.2     79.7    142.6    142.6    142.6 stockLevel
     36s        0            0.0            1.0      0.0      0.0      0.0      0.0 delivery
     36s        0            9.0           11.8    536.9   9663.7   9663.7   9663.7 newOrder
     36s        0            1.0            1.1    302.0    302.0    302.0    302.0 orderStatus
     36s        0            4.0           10.6    503.3  23622.3  23622.3  23622.3 payment
     36s        0            2.0            1.3    159.4    352.3    352.3    352.3 stockLevel
_elapsed___errors__ops/sec(inst)___ops/sec(cum)__p50(ms)__p95(ms)__p99(ms)_pMax(ms)
     37s        0            0.0            0.9      0.0      0.0      0.0      0.0 delivery
     37s        0           11.0           11.8    352.3   6979.3  11811.2  11811.2 newOrder
     37s        0            2.0            1.1     88.1    159.4    159.4    159.4 orderStatus
     37s        0           11.0           10.6    142.6   1073.7   2013.3   2013.3 payment
     37s        0            3.0            1.3    104.9    117.4    117.4    117.4 stockLevel
     38s        0            0.0            0.9      0.0      0.0      0.0      0.0 delivery
     38s        0           12.0           11.8    268.4   8589.9   9663.7   9663.7 newOrder
     38s        0            3.0            1.1     71.3     75.5     75.5     75.5 orderStatus
     38s        0           19.0           10.8    469.8  19327.4  27917.3  27917.3 payment
     38s        0            0.0            1.3      0.0      0.0      0.0      0.0 stockLevel
     39s        0            2.0            0.9    335.5    402.7    402.7    402.7 delivery
     39s        0           14.0           11.8    268.4   1342.2   9126.8   9126.8 newOrder
     39s        0            0.0            1.1      0.0      0.0      0.0      0.0 orderStatus
     39s        0            6.0           10.7    109.1    838.9    838.9    838.9 payment
     39s        0            3.0            1.3    130.0    369.1    369.1    369.1 stockLevel
     40s        0            0.0            0.9      0.0      0.0      0.0      0.0 delivery
     40s        0            9.0           11.8    738.2  14495.5  14495.5  14495.5 newOrder
     40s        0            1.0            1.1    503.3    503.3    503.3    503.3 orderStatus
     40s        0            5.0           10.6    176.2  20401.1  20401.1  20401.1 payment
     40s        0            0.0            1.3      0.0      0.0      0.0      0.0 stockLevel
_elapsed___errors__ops/sec(inst)___ops/sec(cum)__p50(ms)__p95(ms)__p99(ms)_pMax(ms)
     41s        0            1.0            0.9    939.5    939.5    939.5    939.5 delivery
     41s        0           11.0           11.8    268.4  14495.5  18253.6  18253.6 newOrder
     41s        0            0.0            1.1      0.0      0.0      0.0      0.0 orderStatus
     41s        0           11.0           10.6    268.4  21474.8  28991.0  28991.0 payment
     41s        0            3.0            1.3    117.4   1140.9   1140.9   1140.9 stockLevel
     42s        0            1.0            0.9    302.0    302.0    302.0    302.0 delivery
     42s        0            9.0           11.7    201.3   3758.1   3758.1   3758.1 newOrder
     42s        0            0.0            1.0      0.0      0.0      0.0      0.0 orderStatus
     42s        0           14.0           10.7     88.1  15032.4  21474.8  21474.8 payment
     42s        0            1.0            1.3    192.9    192.9    192.9    192.9 stockLevel
     43s        0            2.0            1.0    385.9    436.2    436.2    436.2 delivery
     43s        0           13.0           11.7    335.5   9663.7  13958.6  13958.6 newOrder
     43s        0            2.0            1.1     83.9     88.1     88.1     88.1 orderStatus
     43s        0           14.0           10.7    159.4  21474.8  28991.0  28991.0 payment
     43s        0            1.0            1.3     92.3     92.3     92.3     92.3 stockLevel
     44s        0            1.0            1.0    318.8    318.8    318.8    318.8 delivery
     44s        0           15.0           11.8    209.7  11811.2  20401.1  20401.1 newOrder
     44s        0            2.0            1.1     75.5     88.1     88.1     88.1 orderStatus
     44s        0           19.0           10.9    117.4  14495.5  15569.3  15569.3 payment
     44s        0            1.0            1.3     83.9     83.9     83.9     83.9 stockLevel
_elapsed___errors__ops/sec(inst)___ops/sec(cum)__p50(ms)__p95(ms)__p99(ms)_pMax(ms)
     45s        0            1.0            1.0    503.3    503.3    503.3    503.3 delivery
     45s        0            5.0           11.6    520.1  12348.0  12348.0  12348.0 newOrder
     45s        0            0.0            1.1      0.0      0.0      0.0      0.0 orderStatus
     45s        0            9.0           10.9    218.1  23622.3  23622.3  23622.3 payment
     45s        0            0.0            1.3      0.0      0.0      0.0      0.0 stockLevel
     46s        0            1.0            1.0    570.4    570.4    570.4    570.4 delivery
     46s        0           17.0           11.8    318.8  13958.6  22548.6  22548.6 newOrder
     46s        0            1.0            1.1    117.4    117.4    117.4    117.4 orderStatus
     46s        0            8.0           10.8    167.8  33286.0  33286.0  33286.0 payment
     46s        0            0.0            1.2      0.0      0.0      0.0      0.0 stockLevel
     47s        0            0.0            0.9      0.0      0.0      0.0      0.0 delivery
     47s        0           17.0           11.9    260.0   9663.7  11811.2  11811.2 newOrder
     47s        0            2.0            1.1     67.1     71.3     71.3     71.3 orderStatus
     47s        0            8.0           10.8    121.6  40802.2  40802.2  40802.2 payment
     47s        0            1.0            1.2     88.1     88.1     88.1     88.1 stockLevel
     48s        0            2.0            1.0    385.9    520.1    520.1    520.1 delivery
     48s        0           11.0           11.9    318.8   1879.0   6710.9   6710.9 newOrder
     48s        0            2.0            1.1     75.5     79.7     79.7     79.7 orderStatus
     48s        0            7.0           10.7    151.0  19327.4  19327.4  19327.4 payment
     48s        0            0.0            1.2      0.0      0.0      0.0      0.0 stockLevel
_elapsed___errors__ops/sec(inst)___ops/sec(cum)__p50(ms)__p95(ms)__p99(ms)_pMax(ms)
     49s        0            1.0            1.0    385.9    385.9    385.9    385.9 delivery
     49s        0           14.0           11.9    234.9  15569.3  16106.1  16106.1 newOrder
     49s        0            0.0            1.1      0.0      0.0      0.0      0.0 orderStatus
     49s        0            4.0           10.6    142.6    805.3    805.3    805.3 payment
     49s        0            3.0            1.2    704.6   2415.9   2415.9   2415.9 stockLevel
     50s        0            1.0            1.0    771.8    771.8    771.8    771.8 delivery
     50s        0            9.0           11.8    419.4   6979.3   6979.3   6979.3 newOrder
     50s        0            1.0            1.1     75.5     75.5     75.5     75.5 orderStatus
     50s        0            8.0           10.5    109.1   1409.3   1409.3   1409.3 payment
     50s        0            0.0            1.2      0.0      0.0      0.0      0.0 stockLevel
     51s        0            2.0            1.0    352.3    369.1    369.1    369.1 delivery
     51s        0           14.0           11.9    218.1    503.3   8053.1   8053.1 newOrder
     51s        0            3.0            1.1     75.5     96.5     96.5     96.5 orderStatus
     51s        0           14.0           10.6    121.6  26843.5  28991.0  28991.0 payment
     51s        0            2.0            1.2    100.7   8053.1   8053.1   8053.1 stockLevel
     52s        0            0.0            1.0      0.0      0.0      0.0      0.0 delivery
     52s        0           24.0           12.1    226.5  13958.6  26843.5  26843.5 newOrder
     52s        0            0.0            1.1      0.0      0.0      0.0      0.0 orderStatus
     52s        0           20.0           10.8    117.4  24696.1  31138.5  31138.5 payment
     52s        0            0.0            1.2      0.0      0.0      0.0      0.0 stockLevel
_elapsed___errors__ops/sec(inst)___ops/sec(cum)__p50(ms)__p95(ms)__p99(ms)_pMax(ms)
     53s        0            2.0            1.0    385.9    536.9    536.9    536.9 delivery
     53s        0           16.0           12.2    218.1   9126.8  11811.2  11811.2 newOrder
     53s        0            3.0            1.1     92.3     96.5     96.5     96.5 orderStatus
     53s        0            9.0           10.7    142.6    872.4    872.4    872.4 payment
     53s        0            0.0            1.2      0.0      0.0      0.0      0.0 stockLevel
     54s        0            2.0            1.0    352.3    385.9    385.9    385.9 delivery
     54s        0           11.0           12.2    218.1   1040.2  26843.5  26843.5 newOrder
     54s        0            2.0            1.1     75.5    151.0    151.0    151.0 orderStatus
     54s        0           14.0           10.8    121.6  30064.8  31138.5  31138.5 payment
     54s        0            1.0            1.2    104.9    104.9    104.9    104.9 stockLevel
     55s        0            0.0            1.0      0.0      0.0      0.0      0.0 delivery
     55s        0           14.0           12.2    192.9    226.5    436.2    436.2 newOrder
     55s        0            3.0            1.2     79.7     88.1     88.1     88.1 orderStatus
     55s        0           25.0           11.0    109.1  19327.4  25769.8  25769.8 payment
     55s        0            1.0            1.2    125.8    125.8    125.8    125.8 stockLevel
     56s        0            3.0            1.0    318.8    369.1    369.1    369.1 delivery
     56s        0           17.0           12.3    201.3    671.1   4160.7   4160.7 newOrder
     56s        0            1.0            1.2     71.3     71.3     71.3     71.3 orderStatus
     56s        0           21.0           11.2     96.5   1208.0  30064.8  30064.8 payment
     56s        0            0.0            1.2      0.0      0.0      0.0      0.0 stockLevel
_elapsed___errors__ops/sec(inst)___ops/sec(cum)__p50(ms)__p95(ms)__p99(ms)_pMax(ms)
     57s        0            3.0            1.1    436.2    838.9    838.9    838.9 delivery
     57s        0           12.0           12.3    352.3   7516.2  16106.1  16106.1 newOrder
     57s        0            2.0            1.2    125.8    167.8    167.8    167.8 orderStatus
     57s        0           10.0           11.2    113.2    268.4    268.4    268.4 payment
     57s        0            2.0            1.2    104.9    117.4    117.4    117.4 stockLevel
     58s        0            2.0            1.1    352.3    385.9    385.9    385.9 delivery
     58s        0           19.0           12.4    243.3  18253.6  22548.6  22548.6 newOrder
     58s        0            2.0            1.2     75.5     92.3     92.3     92.3 orderStatus
     58s        0           17.0           11.3    117.4   5637.1  19327.4  19327.4 payment
     58s        0            3.0            1.2    100.7   2147.5   2147.5   2147.5 stockLevel
     59s        0            2.0            1.1    335.5    352.3    352.3    352.3 delivery
     59s        0           20.0           12.5    192.9  17179.9  18253.6  18253.6 newOrder
     59s        0            4.0            1.3     65.0     83.9     83.9     83.9 orderStatus
     59s        0           22.0           11.5    100.7   4563.4  12884.9  12884.9 payment
     59s        0            2.0            1.2     75.5   1073.7   1073.7   1073.7 stockLevel
    1m0s        0            1.0            1.1    335.5    335.5    335.5    335.5 delivery
    1m0s        0           18.0           12.6    268.4   4295.0  10737.4  10737.4 newOrder
    1m0s        0            2.0            1.3     79.7     88.1     88.1     88.1 orderStatus
    1m0s        0           19.0           11.6    104.9  26843.5  53687.1  53687.1 payment
    1m0s        0            0.0            1.2      0.0      0.0      0.0      0.0 stockLevel

_elapsed___errors_____ops(total)___ops/sec(cum)__avg(ms)__p50(ms)__p95(ms)__p99(ms)_pMax(ms)__total
   60.0s        0             65            1.1    512.4    436.2    939.5   1610.6   2147.5  delivery
   60.0s        0            757           12.6   1996.9    318.8   9663.7  17179.9  26843.5  newOrder
   60.0s        0             76            1.3    102.7     83.9    184.5    352.3    503.3  orderStatus
   60.0s        0            696           11.6   2863.6    159.4  18253.6  30064.8  53687.1  payment
   60.0s        0             72            1.2    524.6    121.6   1879.0   6442.5   8053.1  stockLevel

_elapsed___errors_____ops(total)___ops/sec(cum)__avg(ms)__p50(ms)__p95(ms)__p99(ms)_pMax(ms)__result
   60.0s        0           1666           27.8   2151.0    260.0  13421.8  26843.5  53687.1  
Audit check 9.2.1.7: SKIP: not enough delivery transactions to be statistically significant
Audit check 9.2.2.5.1: SKIP: not enough orders to be statistically significant
Audit check 9.2.2.5.2: SKIP: not enough orders to be statistically significant
Audit check 9.2.2.5.3: SKIP: not enough orders to be statistically significant
Audit check 9.2.2.5.4: SKIP: not enough payments to be statistically significant
Audit check 9.2.2.5.5: SKIP: not enough payments to be statistically significant
Audit check 9.2.2.5.6: SKIP: not enough order status transactions to be statistically significant

_elapsed_______tpmC____efc__avg(ms)__p50(ms)__p90(ms)__p95(ms)__p99(ms)_pMax(ms)
   60.0s      757.0 588.6%   1996.9    318.8   6174.0   9663.7  17179.9  26843.5
