Initializing 100 connections...
Initializing 100 workers and preparing statements...
_elapsed___errors__ops/sec(inst)___ops/sec(cum)__p50(ms)__p95(ms)__p99(ms)_pMax(ms)
      1s        0            0.0            0.0      0.0      0.0      0.0      0.0 delivery
      1s        0            4.7           14.0    176.2    260.0    318.8    318.8 newOrder
      1s        0            0.7            2.0     11.0     50.3     50.3     50.3 orderStatus
      1s        0            6.1           18.0    100.7    142.6    151.0    151.0 payment
      1s        0            0.0            0.0      0.0      0.0      0.0      0.0 stockLevel
      2s        0            2.0            1.0    570.4    604.0    604.0    604.0 delivery
      2s        0           11.0           12.5    469.8    637.5    738.2    738.2 newOrder
      2s        0            3.0            2.5    134.2    192.9    192.9    192.9 orderStatus
      2s        0           12.0           15.0    251.7    318.8    419.4    419.4 payment
      2s        0            1.0            0.5    184.5    184.5    184.5    184.5 stockLevel
      3s        0            2.0            1.3    503.3    738.2    738.2    738.2 delivery
      3s        0           13.0           12.7    486.5   1275.1   1946.2   1946.2 newOrder
      3s        0            4.0            3.0    151.0    243.3    243.3    243.3 orderStatus
      3s        0           17.0           15.7    218.1    704.6   1476.4   1476.4 payment
      3s        0            1.0            0.7    192.9    192.9    192.9    192.9 stockLevel
      4s        0            0.0            1.0      0.0      0.0      0.0      0.0 delivery
      4s        0            9.0           11.7    671.1   2415.9   2415.9   2415.9 newOrder
      4s        0            1.0            2.5    385.9    385.9    385.9    385.9 orderStatus
      4s        0           11.0           14.5    469.8    906.0   2281.7   2281.7 payment
      4s        0            2.0            1.0    352.3    469.8    469.8    469.8 stockLevel
_elapsed___errors__ops/sec(inst)___ops/sec(cum)__p50(ms)__p95(ms)__p99(ms)_pMax(ms)
      5s        0            3.0            1.4    704.6    771.8    771.8    771.8 delivery
      5s        0           15.0           12.4    469.8   2147.5   2818.6   2818.6 newOrder
      5s        0            4.0            2.8    159.4    234.9    234.9    234.9 orderStatus
      5s        0            7.0           13.0    234.9    251.7    251.7    251.7 payment
      5s        0            2.0            1.2     88.1   1073.7   1073.7   1073.7 stockLevel
      6s        0            0.0            1.2      0.0      0.0      0.0      0.0 delivery
      6s        0           13.0           12.5    352.3   2550.1   3355.4   3355.4 newOrder
      6s        0            1.0            2.5     96.5     96.5     96.5     96.5 orderStatus
      6s        0           14.0           13.2    176.2   2818.6   2818.6   2818.6 payment
      6s        0            3.0            1.5    453.0    771.8    771.8    771.8 stockLevel
      7s        0            2.0            1.3   2415.9   3758.1   3758.1   3758.1 delivery
      7s        0            6.0           11.6    318.8   2415.9   2415.9   2415.9 newOrder
      7s        0            1.0            2.3    134.2    134.2    134.2    134.2 orderStatus
      7s        0            9.0           12.6    201.3   3355.4   3355.4   3355.4 payment
      7s        0            5.0            2.0    503.3   1543.5   1543.5   1543.5 stockLevel
      8s        0            1.0            1.2   2818.6   2818.6   2818.6   2818.6 delivery
      8s        0            8.0           11.1    671.1   4160.7   4160.7   4160.7 newOrder
      8s        0            2.0            2.2    130.0    419.4    419.4    419.4 orderStatus
      8s        0            8.0           12.0    385.9   4026.5   4026.5   4026.5 payment
      8s        0            2.0            2.0    104.9    192.9    192.9    192.9 stockLevel
_elapsed___errors__ops/sec(inst)___ops/sec(cum)__p50(ms)__p95(ms)__p99(ms)_pMax(ms)
      9s        0            2.0            1.3    671.1    704.6    704.6    704.6 delivery
      9s        0           13.0           11.3   1073.7   3355.4   4563.4   4563.4 newOrder
      9s        0            2.0            2.2     75.5    121.6    121.6    121.6 orderStatus
      9s        0            8.0           11.6    234.9   3758.1   3758.1   3758.1 payment
      9s        0            0.0            1.8      0.0      0.0      0.0      0.0 stockLevel
     10s        0            1.0            1.3   3087.0   3087.0   3087.0   3087.0 delivery
     10s        0           10.0           11.2    570.4   4563.4   4563.4   4563.4 newOrder
     10s        0            3.0            2.3    159.4    570.4    570.4    570.4 orderStatus
     10s        0            8.0           11.2    201.3   4831.8   4831.8   4831.8 payment
     10s        0            0.0            1.6      0.0      0.0      0.0      0.0 stockLevel
_elapsed___errors__ops/sec(inst)___ops/sec(cum)__p50(ms)__p95(ms)__p99(ms)_pMax(ms)
      1s        0            0.0            0.0      0.0      0.0      0.0      0.0 delivery
      1s        0            3.0            3.0    260.0    604.0    604.0    604.0 newOrder
      1s        0            1.0            1.0     71.3     71.3     71.3     71.3 orderStatus
      1s        0            0.0            0.0      0.0      0.0      0.0      0.0 payment
      1s        0            1.0            1.0    402.7    402.7    402.7    402.7 stockLevel
      2s        0            2.0            1.0    419.4    771.8    771.8    771.8 delivery
      2s        0            6.0            4.5    436.2    604.0    604.0    604.0 newOrder
      2s        0            0.0            0.5      0.0      0.0      0.0      0.0 orderStatus
      2s        0            4.0            2.0    104.9    134.2    134.2    134.2 payment
      2s        0            1.0            1.0    738.2    738.2    738.2    738.2 stockLevel
      3s        0            0.0            0.7      0.0      0.0      0.0      0.0 delivery
      3s        0            4.0            4.3    285.2    570.4    570.4    570.4 newOrder
      3s        0            0.0            0.3      0.0      0.0      0.0      0.0 orderStatus
      3s        0            5.0            3.0    243.3   2281.7   2281.7   2281.7 payment
      3s        0            0.0            0.7      0.0      0.0      0.0      0.0 stockLevel
      4s        0            0.0            0.5      0.0      0.0      0.0      0.0 delivery
      4s        0            9.0            5.5    385.9   3221.2   3221.2   3221.2 newOrder
      4s        0            1.0            0.5    268.4    268.4    268.4    268.4 orderStatus
      4s        0            9.0            4.5    184.5    268.4    268.4    268.4 payment
      4s        0            3.0            1.3    436.2   1879.0   1879.0   1879.0 stockLevel
_elapsed___errors__ops/sec(inst)___ops/sec(cum)__p50(ms)__p95(ms)__p99(ms)_pMax(ms)
      5s        0            0.0            0.4      0.0      0.0      0.0      0.0 delivery
      5s        0           13.0            7.0    771.8   4026.5   4295.0   4295.0 newOrder
      5s        0            1.0            0.6    218.1    218.1    218.1    218.1 orderStatus
      5s        0           11.0            5.8    268.4    352.3   3892.3   3892.3 payment
      5s        0            0.0            1.0      0.0      0.0      0.0      0.0 stockLevel
      6s        0            3.0            0.8    671.1   1073.7   1073.7   1073.7 delivery
      6s        0            2.0            6.2   4160.7   5905.6   5905.6   5905.6 newOrder
      6s        0            1.0            0.7    285.2    285.2    285.2    285.2 orderStatus
      6s        0            6.0            5.8    167.8   2147.5   2147.5   2147.5 payment
      6s        0            0.0            0.8      0.0      0.0      0.0      0.0 stockLevel
      7s        0            1.0            0.9    536.9    536.9    536.9    536.9 delivery
      7s        0           11.0            6.9    402.7   2818.6   4026.5   4026.5 newOrder
      7s        0            0.0            0.6      0.0      0.0      0.0      0.0 orderStatus
      7s        0            7.0            6.0    226.5   2684.4   2684.4   2684.4 payment
      7s        0            1.0            0.9    436.2    436.2    436.2    436.2 stockLevel
      8s        0            1.0            0.9    486.5    486.5    486.5    486.5 delivery
      8s        0            9.0            7.1    872.4   4563.4   4563.4   4563.4 newOrder
      8s        0            0.0            0.5      0.0      0.0      0.0      0.0 orderStatus
      8s        0           11.0            6.6    771.8   2818.6   3489.7   3489.7 payment
      8s        0            0.0            0.8      0.0      0.0      0.0      0.0 stockLevel
_elapsed___errors__ops/sec(inst)___ops/sec(cum)__p50(ms)__p95(ms)__p99(ms)_pMax(ms)
      9s        0            1.0            0.9    453.0    453.0    453.0    453.0 delivery
      9s        0           13.0            7.8   1140.9   5100.3   5368.7   5368.7 newOrder
      9s        0            2.0            0.7     92.3    302.0    302.0    302.0 orderStatus
      9s        0           12.0            7.2    134.2   2952.8   5100.3   5100.3 payment
      9s        0            2.0            0.9     79.7    151.0    151.0    151.0 stockLevel
     10s        0            0.0            0.8      0.0      0.0      0.0      0.0 delivery
     10s        0           11.0            8.1   1140.9   3355.4   3892.3   3892.3 newOrder
     10s        0            1.0            0.7     92.3     92.3     92.3     92.3 orderStatus
     10s        0           16.0            8.1    838.9   4160.7   5100.3   5100.3 payment
     10s        0            2.0            1.0    130.0    335.5    335.5    335.5 stockLevel
     11s        0            3.0            1.0    503.3    939.5    939.5    939.5 delivery
     11s        0           14.0            8.6    335.5   1744.8   2147.5   2147.5 newOrder
     11s        0            2.0            0.8    113.2    939.5    939.5    939.5 orderStatus
     11s        0           12.0            8.5    209.7   2415.9   6442.5   6442.5 payment
     11s        0            4.0            1.3    159.4   2013.3   2013.3   2013.3 stockLevel
     12s        0            2.0            1.1    536.9   2415.9   2415.9   2415.9 delivery
     12s        0           13.0            9.0    226.5   2818.6   6979.3   6979.3 newOrder
     12s        0            1.0            0.8     88.1     88.1     88.1     88.1 orderStatus
     12s        0            9.0            8.5    268.4  10737.4  10737.4  10737.4 payment
     12s        0            0.0            1.2      0.0      0.0      0.0      0.0 stockLevel
_elapsed___errors__ops/sec(inst)___ops/sec(cum)__p50(ms)__p95(ms)__p99(ms)_pMax(ms)
     13s        0            0.0            1.0      0.0      0.0      0.0      0.0 delivery
     13s        0           11.0            9.2   1744.8   6442.5   8053.1   8053.1 newOrder
     13s        0            1.0            0.8    285.2    285.2    285.2    285.2 orderStatus
     13s        0           15.0            9.0    939.5   8321.5  10200.5  10200.5 payment
     13s        0            0.0            1.1      0.0      0.0      0.0      0.0 stockLevel
     14s        0            2.0            1.1    453.0    570.4    570.4    570.4 delivery
     14s        0           14.0            9.5    419.4   5905.6  12884.9  12884.9 newOrder
     14s        0            0.0            0.8      0.0      0.0      0.0      0.0 orderStatus
     14s        0            9.0            9.0    167.8  10737.4  10737.4  10737.4 payment
     14s        0            1.0            1.1    113.2    113.2    113.2    113.2 stockLevel
     15s        0            1.0            1.1    704.6    704.6    704.6    704.6 delivery
     15s        0           12.0            9.7    234.9   6174.0  11811.2  11811.2 newOrder
     15s        0            3.0            0.9     71.3     83.9     83.9     83.9 orderStatus
     15s        0           16.0            9.5    142.6   5100.3  14495.5  14495.5 payment
     15s        0            0.0            1.0      0.0      0.0      0.0      0.0 stockLevel
     16s        0            0.0            1.0      0.0      0.0      0.0      0.0 delivery
     16s        0           15.0           10.0    436.2   6710.9   8321.5   8321.5 newOrder
     16s        0            0.0            0.9      0.0      0.0      0.0      0.0 orderStatus
     16s        0           15.0            9.8    335.5   7247.8  12348.0  12348.0 payment
     16s        0            1.0            1.0     83.9     83.9     83.9     83.9 stockLevel
_elapsed___errors__ops/sec(inst)___ops/sec(cum)__p50(ms)__p95(ms)__p99(ms)_pMax(ms)
     17s        0            1.0            1.0    419.4    419.4    419.4    419.4 delivery
     17s        0           17.0           10.4    520.1   6710.9  12348.0  12348.0 newOrder
     17s        0            1.0            0.9     79.7     79.7     79.7     79.7 orderStatus
     17s        0           13.0           10.0    453.0  13421.8  15032.4  15032.4 payment
     17s        0            0.0            0.9      0.0      0.0      0.0      0.0 stockLevel
     18s        0            1.0            1.0    369.1    369.1    369.1    369.1 delivery
     18s        0           10.0           10.4    704.6   7516.2   7516.2   7516.2 newOrder
     18s        0            1.0            0.9    385.9    385.9    385.9    385.9 orderStatus
     18s        0           11.0           10.1    570.4  10200.5  11811.2  11811.2 payment
     18s        0            0.0            0.9      0.0      0.0      0.0      0.0 stockLevel
     19s        0            2.0            1.1    604.0   1342.2   1342.2   1342.2 delivery
     19s        0           13.0           10.5    385.9   2013.3   5905.6   5905.6 newOrder
     19s        0            1.0            0.9     71.3     71.3     71.3     71.3 orderStatus
     19s        0            5.0            9.8    218.1    771.8    771.8    771.8 payment
     19s        0            1.0            0.9    134.2    134.2    134.2    134.2 stockLevel
     20s        0            1.0            1.1   1476.4   1476.4   1476.4   1476.4 delivery
     20s        0           20.0           11.0    453.0   6174.0   6442.5   6442.5 newOrder
     20s        0            1.0            0.9    151.0    151.0    151.0    151.0 orderStatus
     20s        0           20.0           10.3    192.9   8589.9   9126.8   9126.8 payment
     20s        0            0.0            0.9      0.0      0.0      0.0      0.0 stockLevel
_elapsed___errors__ops/sec(inst)___ops/sec(cum)__p50(ms)__p95(ms)__p99(ms)_pMax(ms)
     21s        0            3.0            1.1    453.0    469.8    469.8    469.8 delivery
     21s        0           16.0           11.2    268.4   4295.0   8589.9   8589.9 newOrder
     21s        0            2.0            1.0     79.7     88.1     88.1     88.1 orderStatus
     21s        0           16.0           10.6    201.3   3489.7  12884.9  12884.9 payment
     21s        0            3.0            1.0     75.5   2415.9   2415.9   2415.9 stockLevel
     22s        0            2.0            1.2    335.5   1006.6   1006.6   1006.6 delivery
     22s        0           19.0           11.6    285.2   2684.4   5637.1   5637.1 newOrder
     22s        0            2.0            1.0     71.3    176.2    176.2    176.2 orderStatus
     22s        0           16.0           10.8    151.0  11274.3  17179.9  17179.9 payment
     22s        0            1.0            1.0    285.2    285.2    285.2    285.2 stockLevel
     23s        0            1.0            1.2    402.7    402.7    402.7    402.7 delivery
     23s        0           13.0           11.7    520.1   8589.9   9126.8   9126.8 newOrder
     23s        0            3.0            1.1     83.9   1040.2   1040.2   1040.2 orderStatus
     23s        0           10.0           10.8    134.2   9663.7   9663.7   9663.7 payment
     23s        0            2.0            1.0     88.1    100.7    100.7    100.7 stockLevel
     24s        0            2.0            1.2    453.0    453.0    453.0    453.0 delivery
     24s        0           13.0           11.7    251.7   6979.3   9126.8   9126.8 newOrder
     24s        0            1.0            1.1     75.5     75.5     75.5     75.5 orderStatus
     24s        0           16.0           11.0    159.4   6710.9  15032.4  15032.4 payment
     24s        0            3.0            1.1    134.2    402.7    402.7    402.7 stockLevel
_elapsed___errors__ops/sec(inst)___ops/sec(cum)__p50(ms)__p95(ms)__p99(ms)_pMax(ms)
     25s        0            0.0            1.2      0.0      0.0      0.0      0.0 delivery
     25s        0           16.0           11.9    402.7  10200.5  13421.8  13421.8 newOrder
     25s        0            3.0            1.2    285.2    738.2    738.2    738.2 orderStatus
     25s        0           15.0           11.2    604.0  13421.8  22548.6  22548.6 payment
     25s        0            1.0            1.1    113.2    113.2    113.2    113.2 stockLevel
     26s        0            2.0            1.2    469.8   1879.0   1879.0   1879.0 delivery
     26s        0           16.0           12.0    604.0  12884.9  15032.4  15032.4 newOrder
     26s        0            3.0            1.2    159.4    536.9    536.9    536.9 orderStatus
     26s        0           23.0           11.6    142.6   7247.8   7784.6   7784.6 payment
     26s        0            1.0            1.1     83.9     83.9     83.9     83.9 stockLevel
     27s        0            2.0            1.2    419.4   2013.3   2013.3   2013.3 delivery
     27s        0           16.0           12.2    268.4   1744.8   7247.8   7247.8 newOrder
     27s        0            0.0            1.2      0.0      0.0      0.0      0.0 orderStatus
     27s        0           21.0           12.0    201.3  11811.2  23622.3  23622.3 payment
     27s        0            3.0            1.1   1040.2   2080.4   2080.4   2080.4 stockLevel
     28s        0            0.0            1.2      0.0      0.0      0.0      0.0 delivery
     28s        0           12.0           12.2    285.2   1811.9   5100.3   5100.3 newOrder
     28s        0            1.0            1.2     79.7     79.7     79.7     79.7 orderStatus
     28s        0           14.0           12.0    134.2  15032.4  23622.3  23622.3 payment
     28s        0            3.0            1.2    176.2    352.3    352.3    352.3 stockLevel
_elapsed___errors__ops/sec(inst)___ops/sec(cum)__p50(ms)__p95(ms)__p99(ms)_pMax(ms)
     29s        0            2.0            1.2    402.7    469.8    469.8    469.8 delivery
     29s        0           17.0           12.3    285.2   2147.5  15032.4  15032.4 newOrder
     29s        0            3.0            1.2    130.0    159.4    159.4    159.4 orderStatus
     29s        0           19.0           12.3   1140.9  16106.1  28991.0  28991.0 payment
     29s        0            1.0            1.2     88.1     88.1     88.1     88.1 stockLevel
     30s        0            4.0            1.3    469.8   3489.7   3489.7   3489.7 delivery
     30s        0           14.0           12.4    872.4   6442.5  11811.2  11811.2 newOrder
     30s        0            1.0            1.2    176.2    176.2    176.2    176.2 orderStatus
     30s        0           11.0           12.2   1006.6   6710.9  12884.9  12884.9 payment
     30s        0            1.0            1.2    805.3    805.3    805.3    805.3 stockLevel
     31s        0            1.0            1.3   2818.6   2818.6   2818.6   2818.6 delivery
     31s        0           12.0           12.4    973.1   4831.8  18253.6  18253.6 newOrder
     31s        0            2.0            1.3     71.3    109.1    109.1    109.1 orderStatus
     31s        0            9.0           12.1    738.2   1140.9   1140.9   1140.9 payment
     31s        0            0.0            1.2      0.0      0.0      0.0      0.0 stockLevel
     32s        0            1.0            1.3   1409.3   1409.3   1409.3   1409.3 delivery
     32s        0           13.0           12.4   1208.0   1811.9   7247.8   7247.8 newOrder
     32s        0            1.0            1.3     75.5     75.5     75.5     75.5 orderStatus
     32s        0           10.0           12.1    209.7   2415.9   2415.9   2415.9 payment
     32s        0            3.0            1.2   4563.4   5368.7   5368.7   5368.7 stockLevel
_elapsed___errors__ops/sec(inst)___ops/sec(cum)__p50(ms)__p95(ms)__p99(ms)_pMax(ms)
     33s        0            0.0            1.2      0.0      0.0      0.0      0.0 delivery
     33s        0           14.0           12.5   1140.9  11811.2  12884.9  12884.9 newOrder
     33s        0            0.0            1.2      0.0      0.0      0.0      0.0 orderStatus
     33s        0           12.0           12.1    121.6  13421.8  17179.9  17179.9 payment
     33s        0            0.0            1.2      0.0      0.0      0.0      0.0 stockLevel
     34s        0            1.0            1.2   1476.4   1476.4   1476.4   1476.4 delivery
     34s        0           15.0           12.5    369.1   3221.2   8589.9   8589.9 newOrder
     34s        0            0.0            1.2      0.0      0.0      0.0      0.0 orderStatus
     34s        0            4.0           11.8    134.2   2281.7   2281.7   2281.7 payment
     34s        0            2.0            1.2    604.0    738.2    738.2    738.2 stockLevel
     35s        0            1.0            1.2   1275.1   1275.1   1275.1   1275.1 delivery
     35s        0           18.0           12.7    436.2   3221.2   3758.1   3758.1 newOrder
     35s        0            3.0            1.2     75.5     88.1     88.1     88.1 orderStatus
     35s        0           18.0           12.0    134.2  21474.8  24696.1  24696.1 payment
     35s        0            2.0            1.2     92.3   5100.3   5100.3   5100.3 stockLevel
     36s        0            3.0            1.3    369.1   3758.1   3758.1   3758.1 delivery
     36s        0           15.0           12.8    402.7   7784.6   9126.8   9126.8 newOrder
     36s        0            0.0            1.2      0.0      0.0      0.0      0.0 orderStatus
     36s        0           20.0           12.2    125.8   1006.6   9126.8   9126.8 payment
     36s        0            0.0            1.2      0.0      0.0      0.0      0.0 stockLevel
_elapsed___errors__ops/sec(inst)___ops/sec(cum)__p50(ms)__p95(ms)__p99(ms)_pMax(ms)
     37s        0            3.0            1.3    453.0   1476.4   1476.4   1476.4 delivery
     37s        0           10.0           12.7    805.3  17179.9  17179.9  17179.9 newOrder
     37s        0            0.0            1.2      0.0      0.0      0.0      0.0 orderStatus
     37s        0            6.0           12.1    113.2   2550.1   2550.1   2550.1 payment
     37s        0            0.0            1.2      0.0      0.0      0.0      0.0 stockLevel
     38s        0            2.0            1.3    436.2    436.2    436.2    436.2 delivery
     38s        0            6.0           12.5    260.0  16643.0  16643.0  16643.0 newOrder
     38s        0            0.0            1.1      0.0      0.0      0.0      0.0 orderStatus
     38s        0           14.0           12.1    226.5  36507.2  36507.2  36507.2 payment
     38s        0            1.0            1.2   1073.7   1073.7   1073.7   1073.7 stockLevel
     39s        0            1.0            1.3    352.3    352.3    352.3    352.3 delivery
     39s        0           19.0           12.7    838.9  19327.4  24696.1  24696.1 newOrder
     39s        0            1.0            1.1   2415.9   2415.9   2415.9   2415.9 orderStatus
     39s        0           19.0           12.3    117.4   1073.7  27917.3  27917.3 payment
     39s        0            1.0            1.2    125.8    125.8    125.8    125.8 stockLevel
     40s        0            1.0            1.3   1409.3   1409.3   1409.3   1409.3 delivery
     40s        0           18.0           12.8    704.6  13421.8  13421.8  13421.8 newOrder
     40s        0            1.0            1.1    121.6    121.6    121.6    121.6 orderStatus
     40s        0           10.0           12.2    176.2    486.5    486.5    486.5 payment
     40s        0            2.0            1.2    125.8   3623.9   3623.9   3623.9 stockLevel
_elapsed___errors__ops/sec(inst)___ops/sec(cum)__p50(ms)__p95(ms)__p99(ms)_pMax(ms)
     41s        0            1.0            1.3   1073.7   1073.7   1073.7   1073.7 delivery
     41s        0           11.0           12.8    318.8   5368.7   6710.9   6710.9 newOrder
     41s        0            0.0            1.1      0.0      0.0      0.0      0.0 orderStatus
     41s        0            9.0           12.1   1006.6  14495.5  14495.5  14495.5 payment
     41s        0            0.0            1.1      0.0      0.0      0.0      0.0 stockLevel
     42s        0            1.0            1.3    419.4    419.4    419.4    419.4 delivery
     42s        0           16.0           12.8    738.2   7516.2  12884.9  12884.9 newOrder
     42s        0            1.0            1.1     24.1     24.1     24.1     24.1 orderStatus
     42s        0           16.0           12.2    352.3  11811.2  18253.6  18253.6 payment
     42s        0            3.0            1.2    738.2   2080.4   2080.4   2080.4 stockLevel
     43s        0            2.0            1.3    335.5    419.4    419.4    419.4 delivery
     43s        0           16.0           12.9    218.1   6979.3  12884.9  12884.9 newOrder
     43s        0            2.0            1.1     62.9     79.7     79.7     79.7 orderStatus
     43s        0           19.0           12.4    130.0  19327.4  22548.6  22548.6 payment
     43s        0            1.0            1.2     60.8     60.8     60.8     60.8 stockLevel
     44s        0            1.0            1.3   1543.5   1543.5   1543.5   1543.5 delivery
     44s        0           13.0           12.9    285.2   2818.6   4563.4   4563.4 newOrder
     44s        0            0.0            1.1      0.0      0.0      0.0      0.0 orderStatus
     44s        0           12.0           12.4    151.0   2684.4  31138.5  31138.5 payment
     44s        0            0.0            1.2      0.0      0.0      0.0      0.0 stockLevel
_elapsed___errors__ops/sec(inst)___ops/sec(cum)__p50(ms)__p95(ms)__p99(ms)_pMax(ms)
     45s        0            1.0            1.3    335.5    335.5    335.5    335.5 delivery
     45s        0           15.0           13.0   1140.9   4563.4  10200.5  10200.5 newOrder
     45s        0            3.0            1.1     48.2    117.4    117.4    117.4 orderStatus
     45s        0           16.0           12.5     92.3   9126.8  16643.0  16643.0 payment
     45s        0            0.0            1.1      0.0      0.0      0.0      0.0 stockLevel
     46s        0            1.0            1.3    318.8    318.8    318.8    318.8 delivery
     46s        0           14.0           13.0    209.7   4563.4   7516.2   7516.2 newOrder
     46s        0            1.0            1.1    838.9    838.9    838.9    838.9 orderStatus
     46s        0           18.0           12.6   1275.1  33286.0  34359.7  34359.7 payment
     46s        0            0.0            1.1      0.0      0.0      0.0      0.0 stockLevel
     47s        0            0.0            1.3      0.0      0.0      0.0      0.0 delivery
     47s        0           17.0           13.1    402.7   4831.8   6174.0   6174.0 newOrder
     47s        0            2.0            1.1    104.9    121.6    121.6    121.6 orderStatus
     47s        0           16.0           12.7    536.9   5100.3  40802.2  40802.2 payment
     47s        0            1.0            1.1    973.1    973.1    973.1    973.1 stockLevel
     48s        0            1.0            1.3    453.0    453.0    453.0    453.0 delivery
     48s        0           18.0           13.2    302.0   3623.9   3758.1   3758.1 newOrder
     48s        0            4.0            1.2    104.9    570.4    570.4    570.4 orderStatus
     48s        0            9.0           12.6    176.2   8053.1   8053.1   8053.1 payment
     48s        0            1.0            1.1   1677.7   1677.7   1677.7   1677.7 stockLevel
_elapsed___errors__ops/sec(inst)___ops/sec(cum)__p50(ms)__p95(ms)__p99(ms)_pMax(ms)
     49s        0            1.0            1.3    469.8    469.8    469.8    469.8 delivery
     49s        0           18.0           13.3    671.1  14495.5  15032.4  15032.4 newOrder
     49s        0            1.0            1.2   1946.2   1946.2   1946.2   1946.2 orderStatus
     49s        0           19.0           12.7    486.5  16643.0  17179.9  17179.9 payment
     49s        0            2.0            1.1     79.7    100.7    100.7    100.7 stockLevel
     50s        0            2.0            1.3    486.5    604.0    604.0    604.0 delivery
     50s        0           16.0           13.3    385.9   1946.2   5368.7   5368.7 newOrder
     50s        0            1.0            1.2     79.7     79.7     79.7     79.7 orderStatus
     50s        0           15.0           12.8    402.7   2684.4   6174.0   6174.0 payment
     50s        0            2.0            1.1     96.5    117.4    117.4    117.4 stockLevel
     51s        0            2.0            1.3    453.0   1275.1   1275.1   1275.1 delivery
     51s        0           18.0           13.4    570.4   3355.4   3623.9   3623.9 newOrder
     51s        0            1.0            1.2    100.7    100.7    100.7    100.7 orderStatus
     51s        0           20.0           12.9    167.8   2080.4  49392.1  49392.1 payment
     51s        0            0.0            1.1      0.0      0.0      0.0      0.0 stockLevel
     52s        0            2.0            1.3    369.1    469.8    469.8    469.8 delivery
     52s        0           10.0           13.3    318.8   2281.7   2281.7   2281.7 newOrder
     52s        0            2.0            1.2     75.5     75.5     75.5     75.5 orderStatus
     52s        0           12.0           12.9    637.5   8321.5  15569.3  15569.3 payment
     52s        0            3.0            1.2    503.3    520.1    520.1    520.1 stockLevel
_elapsed___errors__ops/sec(inst)___ops/sec(cum)__p50(ms)__p95(ms)__p99(ms)_pMax(ms)
     53s        0            2.0            1.3    637.5   2013.3   2013.3   2013.3 delivery
     53s        0           12.0           13.3    369.1   1946.2  13421.8  13421.8 newOrder
     53s        0            2.0            1.2     71.3     92.3     92.3     92.3 orderStatus
     53s        0           15.0           12.9    872.4  21474.8  24696.1  24696.1 payment
     53s        0            1.0            1.2    113.2    113.2    113.2    113.2 stockLevel
     54s        0            3.0            1.4    520.1   2281.7   2281.7   2281.7 delivery
     54s        0           13.0           13.3    520.1   3892.3  10200.5  10200.5 newOrder
     54s        0            0.0            1.2      0.0      0.0      0.0      0.0 orderStatus
     54s        0           16.0           13.0    192.9   1744.8   2281.7   2281.7 payment
     54s        0            1.0            1.1     83.9     83.9     83.9     83.9 stockLevel
     55s        0            2.0            1.4    520.1   1073.7   1073.7   1073.7 delivery
     55s        0           18.0           13.4    335.5   6442.5   9663.7   9663.7 newOrder
     55s        0            2.0            1.2    109.1    637.5    637.5    637.5 orderStatus
     55s        0           12.0           13.0    134.2    453.0   2818.6   2818.6 payment
     55s        0            0.0            1.1      0.0      0.0      0.0      0.0 stockLevel
     56s        0            2.0            1.4    385.9   1744.8   1744.8   1744.8 delivery
     56s        0           13.0           13.4    738.2   3758.1   8589.9   8589.9 newOrder
     56s        0            0.0            1.2      0.0      0.0      0.0      0.0 orderStatus
     56s        0            7.0           12.9    159.4    939.5    939.5    939.5 payment
     56s        0            4.0            1.2    251.7    486.5    486.5    486.5 stockLevel
_elapsed___errors__ops/sec(inst)___ops/sec(cum)__p50(ms)__p95(ms)__p99(ms)_pMax(ms)
     57s        0            1.0            1.4    419.4    419.4    419.4    419.4 delivery
     57s        0           16.0           13.4    402.7   2415.9   9126.8   9126.8 newOrder
     57s        0            1.0            1.2     75.5     75.5     75.5     75.5 orderStatus
     57s        0            9.0           12.8    113.2    973.1    973.1    973.1 payment
     57s        0            0.0            1.2      0.0      0.0      0.0      0.0 stockLevel
     58s        0            0.0            1.3      0.0      0.0      0.0      0.0 delivery
     58s        0            9.0           13.4    453.0    906.0    906.0    906.0 newOrder
     58s        0            0.0            1.2      0.0      0.0      0.0      0.0 orderStatus
     58s        0           11.0           12.8    604.0  13958.6  14495.5  14495.5 payment
     58s        0            1.0            1.2     83.9     83.9     83.9     83.9 stockLevel
     59s        0            0.0            1.3      0.0      0.0      0.0      0.0 delivery
     59s        0           18.0           13.4    369.1   1744.8   9126.8   9126.8 newOrder
     59s        0            1.0            1.2    243.3    243.3    243.3    243.3 orderStatus
     59s        0            7.0           12.7    142.6  36507.2  36507.2  36507.2 payment
     59s        0            0.0            1.1      0.0      0.0      0.0      0.0 stockLevel
    1m0s        0            1.0            1.3    637.5    637.5    637.5    637.5 delivery
    1m0s        0           12.0           13.4    536.9   7247.8   7784.6   7784.6 newOrder
    1m0s        0            0.0            1.2      0.0      0.0      0.0      0.0 orderStatus
    1m0s        0            9.0           12.6    151.0  15569.3  15569.3  15569.3 payment
    1m0s        0            1.0            1.1    117.4    117.4    117.4    117.4 stockLevel

_elapsed___errors_____ops(total)___ops/sec(cum)__avg(ms)__p50(ms)__p95(ms)__p99(ms)_pMax(ms)__total
   60.0s        0             79            1.3    824.7    486.5   2281.7   3489.7   3758.1  delivery
   60.0s        0            805           13.4   1738.3    436.2   8053.1  15032.4  24696.1  newOrder
   60.0s        0             69            1.1    237.3     92.3    939.5   1946.2   2415.9  orderStatus
   60.0s        0            756           12.6   2402.1    209.7  14495.5  28991.0  49392.1  payment
   60.0s        0             68            1.1    676.6    176.2   3623.9   5100.3   5368.7  stockLevel

_elapsed___errors_____ops(total)___ops/sec(cum)__avg(ms)__p50(ms)__p95(ms)__p99(ms)_pMax(ms)__result
   60.0s        0           1777           29.6   1881.2    352.3  10200.5  22548.6  49392.1  
Audit check 9.2.1.7: SKIP: not enough delivery transactions to be statistically significant
Audit check 9.2.2.5.1: SKIP: not enough orders to be statistically significant
Audit check 9.2.2.5.2: SKIP: not enough orders to be statistically significant
Audit check 9.2.2.5.3: SKIP: not enough orders to be statistically significant
Audit check 9.2.2.5.4: SKIP: not enough payments to be statistically significant
Audit check 9.2.2.5.5: SKIP: not enough payments to be statistically significant
Audit check 9.2.2.5.6: SKIP: not enough order status transactions to be statistically significant

_elapsed_______tpmC____efc__avg(ms)__p50(ms)__p90(ms)__p95(ms)__p99(ms)_pMax(ms)
   60.0s      805.0 626.0%   1738.3    436.2   5637.1   8053.1  15032.4  24696.1
