precondition: (g=0): rw=write, bs=(R) 128KiB-128KiB, (W) 128KiB-128KiB, (T) 128KiB-128KiB, ioengine=libaio, iodepth=16
rand-read-4K-qd1: (g=1): rw=randread, bs=(R) 4096B-4096B, (W) 4096B-4096B, (T) 4096B-4096B, ioengine=libaio, iodepth=1
rand-write-4K-qd1: (g=2): rw=randwrite, bs=(R) 4096B-4096B, (W) 4096B-4096B, (T) 4096B-4096B, ioengine=libaio, iodepth=1
rand-read-4K-qd16: (g=3): rw=randread, bs=(R) 4096B-4096B, (W) 4096B-4096B, (T) 4096B-4096B, ioengine=libaio, iodepth=4
...
rand-write-4K-qd16: (g=4): rw=randwrite, bs=(R) 4096B-4096B, (W) 4096B-4096B, (T) 4096B-4096B, ioengine=libaio, iodepth=4
...
rand-rw-4K-qd16: (g=5): rw=randrw, bs=(R) 4096B-4096B, (W) 4096B-4096B, (T) 4096B-4096B, ioengine=libaio, iodepth=4
...
rand-read-4K-qd128: (g=6): rw=randread, bs=(R) 4096B-4096B, (W) 4096B-4096B, (T) 4096B-4096B, ioengine=libaio, iodepth=32
...
rand-write-4K-qd128: (g=7): rw=randwrite, bs=(R) 4096B-4096B, (W) 4096B-4096B, (T) 4096B-4096B, ioengine=libaio, iodepth=32
...
rand-rw-4K-qd128: (g=8): rw=randrw, bs=(R) 4096B-4096B, (W) 4096B-4096B, (T) 4096B-4096B, ioengine=libaio, iodepth=32
...
fio-3.1
Starting 27 processes

precondition: (groupid=0, jobs=1): err= 0: pid=41188: Sun Jul 21 22:16:47 2019
  write: IOPS=19.5k, BW=2434MiB/s (2553MB/s)(35.7GiB/15001msec)
    slat (usec): min=6, max=1172, avg=11.74, stdev= 5.09
    clat (usec): min=192, max=2056, avg=808.61, stdev=52.24
     lat (usec): min=209, max=2069, avg=820.52, stdev=52.06
    clat percentiles (usec):
     | 10.000th=[  783], 20.000th=[  791], 30.000th=[  791], 40.000th=[  791],
     | 50.000th=[  791], 70.000th=[  816], 90.000th=[  848], 99.000th=[  963],
     | 99.900th=[ 1532], 99.990th=[ 1909], 99.999th=[ 2024]
   bw (  MiB/s): min= 1789, max= 2334, per=78.99%, avg=1922.98, stdev=88.16, samples=29
   iops        : min=14313, max=18672, avg=15383.17, stdev=705.29, samples=29
  lat (usec)   : 250=0.02%, 500=0.12%, 750=0.18%, 1000=99.21%
  lat (msec)   : 2=0.46%, 4=0.01%
  cpu          : usr=14.62%, sys=21.83%, ctx=288785, majf=0, minf=14
  IO depths    : 1=0.1%, 2=0.1%, 4=0.1%, 8=0.1%, 16=100.0%, 32=0.0%, >=64=0.0%
     submit    : 0=0.0%, 4=100.0%, 8=0.0%, 16=0.0%, 32=0.0%, 64=0.0%, >=64=0.0%
     complete  : 0=0.0%, 4=100.0%, 8=0.0%, 16=0.1%, 32=0.0%, 64=0.0%, >=64=0.0%
     issued rwt: total=0,292154,0, short=0,0,0, dropped=0,0,0
     latency   : target=0, window=0, percentile=100.00%, depth=16
rand-read-4K-qd1: (groupid=1, jobs=1): err= 0: pid=41194: Sun Jul 21 22:16:47 2019
   read: IOPS=80.9k, BW=316MiB/s (331MB/s)(9481MiB/30001msec)
    slat (nsec): min=1846, max=1130.7k, avg=2239.26, stdev=2488.67
    clat (nsec): min=741, max=1150.6k, avg=9542.76, stdev=4861.47
     lat (usec): min=10, max=1152, avg=11.87, stdev= 5.52
    clat percentiles (usec):
     | 10.000th=[   10], 20.000th=[   10], 30.000th=[   10], 40.000th=[   10],
     | 50.000th=[   10], 70.000th=[   10], 90.000th=[   10], 99.000th=[   16],
     | 99.900th=[   37], 99.990th=[   47], 99.999th=[ 1106]
   bw (  KiB/s): min=274259, max=315388, per=89.86%, avg=290782.37, stdev=5021.55, samples=59
   iops        : min=68564, max=78847, avg=72695.15, stdev=1255.40, samples=59
  lat (nsec)   : 750=0.01%, 1000=0.01%
  lat (usec)   : 2=0.01%, 4=0.01%, 10=95.46%, 20=3.78%, 50=0.76%
  lat (usec)   : 100=0.01%, 1000=0.01%
  lat (msec)   : 2=0.01%
  cpu          : usr=24.14%, sys=20.85%, ctx=2427091, majf=0, minf=16
  IO depths    : 1=100.0%, 2=0.0%, 4=0.0%, 8=0.0%, 16=0.0%, 32=0.0%, >=64=0.0%
     submit    : 0=0.0%, 4=100.0%, 8=0.0%, 16=0.0%, 32=0.0%, 64=0.0%, >=64=0.0%
     complete  : 0=0.0%, 4=100.0%, 8=0.0%, 16=0.0%, 32=0.0%, 64=0.0%, >=64=0.0%
     issued rwt: total=2427165,0,0, short=0,0,0, dropped=0,0,0
     latency   : target=0, window=0, percentile=100.00%, depth=1
rand-write-4K-qd1: (groupid=2, jobs=1): err= 0: pid=41198: Sun Jul 21 22:16:47 2019
  write: IOPS=70.1k, BW=274MiB/s (287MB/s)(8218MiB/30001msec)
    slat (usec): min=2, max=946, avg= 2.44, stdev= 1.77
    clat (nsec): min=832, max=879219, avg=11199.04, stdev=4594.94
     lat (usec): min=12, max=961, avg=13.73, stdev= 4.93
    clat percentiles (usec):
     | 10.000th=[   11], 20.000th=[   11], 30.000th=[   11], 40.000th=[   11],
     | 50.000th=[   11], 70.000th=[   12], 90.000th=[   12], 99.000th=[   19],
     | 99.900th=[   47], 99.990th=[   51], 99.999th=[  848]
   bw (  KiB/s): min=186409, max=286272, per=76.97%, avg=215901.81, stdev=42263.78, samples=59
   iops        : min=46602, max=71568, avg=53975.10, stdev=10565.98, samples=59
  lat (nsec)   : 1000=0.01%
  lat (usec)   : 2=0.01%, 10=0.01%, 20=99.22%, 50=0.75%, 100=0.02%
  lat (usec)   : 1000=0.01%
  cpu          : usr=23.85%, sys=18.23%, ctx=2103794, majf=0, minf=15
  IO depths    : 1=100.0%, 2=0.0%, 4=0.0%, 8=0.0%, 16=0.0%, 32=0.0%, >=64=0.0%
     submit    : 0=0.0%, 4=100.0%, 8=0.0%, 16=0.0%, 32=0.0%, 64=0.0%, >=64=0.0%
     complete  : 0=0.0%, 4=100.0%, 8=0.0%, 16=0.0%, 32=0.0%, 64=0.0%, >=64=0.0%
     issued rwt: total=0,2103848,0, short=0,0,0, dropped=0,0,0
     latency   : target=0, window=0, percentile=100.00%, depth=1
rand-read-4K-qd16: (groupid=3, jobs=4): err= 0: pid=41223: Sun Jul 21 22:16:47 2019
   read: IOPS=577k, BW=2255MiB/s (2365MB/s)(66.1GiB/30001msec)
    slat (nsec): min=1780, max=910171, avg=3420.64, stdev=2497.37
    clat (usec): min=9, max=5609, avg=23.54, stdev= 8.14
     lat (usec): min=12, max=5611, avg=27.09, stdev= 8.32
    clat percentiles (usec):
     | 10.000th=[   18], 20.000th=[   20], 30.000th=[   21], 40.000th=[   22],
     | 50.000th=[   23], 70.000th=[   26], 90.000th=[   30], 99.000th=[   43],
     | 99.900th=[   59], 99.990th=[   75], 99.999th=[  791]
   bw (  KiB/s): min=412422, max=532451, per=19.24%, avg=444214.25, stdev=8688.37, samples=236
   iops        : min=103105, max=133112, avg=111053.19, stdev=2172.09, samples=236
  lat (usec)   : 10=0.01%, 20=25.61%, 50=73.81%, 100=0.57%, 250=0.01%
  lat (usec)   : 500=0.01%, 750=0.01%, 1000=0.01%
  lat (msec)   : 10=0.01%
  cpu          : usr=35.67%, sys=50.35%, ctx=3748478, majf=0, minf=11142
  IO depths    : 1=0.1%, 2=0.1%, 4=100.0%, 8=0.0%, 16=0.0%, 32=0.0%, >=64=0.0%
     submit    : 0=0.0%, 4=100.0%, 8=0.0%, 16=0.0%, 32=0.0%, 64=0.0%, >=64=0.0%
     complete  : 0=0.0%, 4=100.0%, 8=0.0%, 16=0.0%, 32=0.0%, 64=0.0%, >=64=0.0%
     issued rwt: total=17320396,0,0, short=0,0,0, dropped=0,0,0
     latency   : target=0, window=0, percentile=100.00%, depth=4
rand-write-4K-qd16: (groupid=4, jobs=4): err= 0: pid=41228: Sun Jul 21 22:16:47 2019
  write: IOPS=624k, BW=2439MiB/s (2557MB/s)(71.5GiB/30018msec)
    slat (nsec): min=1705, max=17299k, avg=3018.36, stdev=6077.99
    clat (usec): min=9, max=17328, avg=21.93, stdev=12.20
     lat (usec): min=12, max=17330, avg=25.05, stdev=13.55
    clat percentiles (usec):
     | 10.000th=[   18], 20.000th=[   19], 30.000th=[   20], 40.000th=[   21],
     | 50.000th=[   22], 70.000th=[   24], 90.000th=[   26], 99.000th=[   44],
     | 99.900th=[   62], 99.990th=[  139], 99.999th=[  742]
   bw (  KiB/s): min=366831, max=731299, per=21.61%, avg=539610.71, stdev=24792.54, samples=236
   iops        : min=91706, max=182824, avg=134902.35, stdev=6198.13, samples=236
  lat (usec)   : 10=0.01%, 20=32.83%, 50=66.51%, 100=0.63%, 250=0.03%
  lat (usec)   : 500=0.01%, 750=0.01%, 1000=0.01%
  lat (msec)   : 2=0.01%, 4=0.01%, 20=0.01%
  cpu          : usr=36.57%, sys=45.51%, ctx=4784712, majf=0, minf=11125
  IO depths    : 1=0.1%, 2=0.1%, 4=100.0%, 8=0.0%, 16=0.0%, 32=0.0%, >=64=0.0%
     submit    : 0=0.0%, 4=100.0%, 8=0.0%, 16=0.0%, 32=0.0%, 64=0.0%, >=64=0.0%
     complete  : 0=0.0%, 4=100.0%, 8=0.0%, 16=0.0%, 32=0.0%, 64=0.0%, >=64=0.0%
     issued rwt: total=0,18740047,0, short=0,0,0, dropped=0,0,0
     latency   : target=0, window=0, percentile=100.00%, depth=4
rand-rw-4K-qd16: (groupid=5, jobs=4): err= 0: pid=41237: Sun Jul 21 22:16:47 2019
   read: IOPS=366k, BW=1430MiB/s (1499MB/s)(41.9GiB/30027msec)
    slat (nsec): min=1661, max=27278k, avg=3109.54, stdev=8569.75
    clat (usec): min=9, max=27302, avg=26.63, stdev=19.70
     lat (usec): min=12, max=27305, avg=29.85, stdev=21.42
    clat percentiles (usec):
     | 10.000th=[   21], 20.000th=[   23], 30.000th=[   24], 40.000th=[   25],
     | 50.000th=[   26], 70.000th=[   29], 90.000th=[   32], 99.000th=[   49],
     | 99.900th=[   93], 99.990th=[  465], 99.999th=[  758]
   bw (  KiB/s): min=260973, max=525030, per=25.09%, avg=367375.39, stdev=23409.92, samples=240
   iops        : min=65243, max=131257, avg=91843.51, stdev=5852.46, samples=240
  write: IOPS=157k, BW=613MiB/s (642MB/s)(17.0GiB/30027msec)
    slat (nsec): min=1712, max=27278k, avg=3260.48, stdev=12768.49
    clat (usec): min=9, max=27302, avg=26.77, stdev=20.81
     lat (usec): min=12, max=27307, avg=30.15, stdev=24.38
    clat percentiles (usec):
     | 10.000th=[   21], 20.000th=[   23], 30.000th=[   25], 40.000th=[   26],
     | 50.000th=[   26], 70.000th=[   29], 90.000th=[   32], 99.000th=[   50],
     | 99.900th=[   96], 99.990th=[  461], 99.999th=[  758]
   bw (  KiB/s): min=113231, max=225199, per=25.09%, avg=157410.67, stdev=9954.60, samples=240
   iops        : min=28307, max=56297, avg=39352.30, stdev=2488.59, samples=240
  lat (usec)   : 10=0.01%, 20=7.79%, 50=91.25%, 100=0.86%, 250=0.05%
  lat (usec)   : 500=0.03%, 750=0.01%, 1000=0.01%
  lat (msec)   : 2=0.01%, 50=0.01%
  cpu          : usr=32.26%, sys=43.44%, ctx=4755603, majf=0, minf=19962
  IO depths    : 1=0.1%, 2=0.1%, 4=100.0%, 8=0.0%, 16=0.0%, 32=0.0%, >=64=0.0%
     submit    : 0=0.0%, 4=100.0%, 8=0.0%, 16=0.0%, 32=0.0%, 64=0.0%, >=64=0.0%
     complete  : 0=0.0%, 4=100.0%, 8=0.0%, 16=0.0%, 32=0.0%, 64=0.0%, >=64=0.0%
     issued rwt: total=10990672,4709257,0, short=0,0,0, dropped=0,0,0
     latency   : target=0, window=0, percentile=100.00%, depth=4
rand-read-4K-qd128: (groupid=6, jobs=4): err= 0: pid=41248: Sun Jul 21 22:16:47 2019
   read: IOPS=583k, BW=2277MiB/s (2387MB/s)(66.7GiB/30001msec)
    slat (nsec): min=1675, max=865662, avg=2897.51, stdev=2291.80
    clat (usec): min=11, max=1115, avg=216.14, stdev=19.27
     lat (usec): min=13, max=1117, avg=219.16, stdev=19.24
    clat percentiles (usec):
     | 10.000th=[  206], 20.000th=[  208], 30.000th=[  210], 40.000th=[  215],
     | 50.000th=[  217], 70.000th=[  221], 90.000th=[  225], 99.000th=[  251],
     | 99.900th=[  273], 99.990th=[  979], 99.999th=[ 1037]
   bw (  KiB/s): min=426798, max=606038, per=18.76%, avg=437431.04, stdev=19943.24, samples=236
   iops        : min=106699, max=151509, avg=109357.36, stdev=4985.81, samples=236
  lat (usec)   : 20=0.01%, 50=0.01%, 100=0.01%, 250=98.51%, 500=1.45%
  lat (usec)   : 750=0.01%, 1000=0.04%
  lat (msec)   : 2=0.01%
  cpu          : usr=33.76%, sys=44.52%, ctx=8497757, majf=0, minf=11133
  IO depths    : 1=0.1%, 2=0.1%, 4=0.1%, 8=0.1%, 16=0.1%, 32=100.0%, >=64=0.0%
     submit    : 0=0.0%, 4=100.0%, 8=0.0%, 16=0.0%, 32=0.0%, 64=0.0%, >=64=0.0%
     complete  : 0=0.0%, 4=100.0%, 8=0.0%, 16=0.0%, 32=0.1%, 64=0.0%, >=64=0.0%
     issued rwt: total=17485641,0,0, short=0,0,0, dropped=0,0,0
     latency   : target=0, window=0, percentile=100.00%, depth=32
rand-write-4K-qd128: (groupid=7, jobs=4): err= 0: pid=41252: Sun Jul 21 22:16:47 2019
  write: IOPS=628k, BW=2453MiB/s (2572MB/s)(71.9GiB/30021msec)
    slat (nsec): min=1755, max=20799k, avg=2861.63, stdev=13200.21
    clat (usec): min=14, max=20958, avg=200.31, stdev=93.30
     lat (usec): min=83, max=20962, avg=203.31, stdev=94.20
    clat percentiles (usec):
     | 10.000th=[  194], 20.000th=[  194], 30.000th=[  196], 40.000th=[  198],
     | 50.000th=[  198], 70.000th=[  200], 90.000th=[  210], 99.000th=[  239],
     | 99.900th=[  297], 99.990th=[  979], 99.999th=[16188]
   bw (  KiB/s): min=464413, max=658864, per=21.48%, avg=539392.84, stdev=14749.18, samples=236
   iops        : min=116103, max=164716, avg=134847.86, stdev=3687.32, samples=236
  lat (usec)   : 20=0.01%, 100=0.01%, 250=99.50%, 500=0.46%, 750=0.01%
  lat (usec)   : 1000=0.04%
  lat (msec)   : 2=0.01%, 4=0.01%, 10=0.01%, 20=0.01%, 50=0.01%
  cpu          : usr=36.07%, sys=44.91%, ctx=8270454, majf=0, minf=14961
  IO depths    : 1=0.1%, 2=0.1%, 4=0.1%, 8=0.1%, 16=0.1%, 32=100.0%, >=64=0.0%
     submit    : 0=0.0%, 4=100.0%, 8=0.0%, 16=0.0%, 32=0.0%, 64=0.0%, >=64=0.0%
     complete  : 0=0.0%, 4=100.0%, 8=0.0%, 16=0.0%, 32=0.1%, 64=0.0%, >=64=0.0%
     issued rwt: total=0,18850461,0, short=0,0,0, dropped=0,0,0
     latency   : target=0, window=0, percentile=100.00%, depth=32
rand-rw-4K-qd128: (groupid=8, jobs=4): err= 0: pid=41260: Sun Jul 21 22:16:47 2019
   read: IOPS=367k, BW=1432MiB/s (1502MB/s)(41.0GiB/30021msec)
    slat (nsec): min=1682, max=22591k, avg=2861.05, stdev=12062.27
    clat (usec): min=13, max=22782, avg=240.70, stdev=80.54
     lat (usec): min=76, max=22785, avg=243.67, stdev=81.39
    clat percentiles (usec):
     | 10.000th=[  229], 20.000th=[  233], 30.000th=[  235], 40.000th=[  237],
     | 50.000th=[  239], 70.000th=[  245], 90.000th=[  253], 99.000th=[  314],
     | 99.900th=[  396], 99.990th=[ 1004], 99.999th=[16188]
   bw (  KiB/s): min=306688, max=470612, per=25.21%, avg=369676.22, stdev=12595.59, samples=239
   iops        : min=76672, max=117653, avg=92418.83, stdev=3148.88, samples=239
  write: IOPS=157k, BW=613MiB/s (643MB/s)(17.0GiB/30021msec)
    slat (nsec): min=1735, max=22593k, avg=3049.70, stdev=14718.87
    clat (usec): min=13, max=22775, avg=241.04, stdev=78.96
     lat (usec): min=85, max=22779, avg=244.21, stdev=80.27
    clat percentiles (usec):
     | 10.000th=[  229], 20.000th=[  233], 30.000th=[  235], 40.000th=[  237],
     | 50.000th=[  239], 70.000th=[  245], 90.000th=[  253], 99.000th=[  314],
     | 99.900th=[  396], 99.990th=[ 1004], 99.999th=[16188]
   bw (  KiB/s): min=130928, max=200758, per=25.21%, avg=158343.53, stdev=5394.90, samples=239
   iops        : min=32732, max=50189, avg=39585.61, stdev=1348.67, samples=239
  lat (usec)   : 20=0.01%, 100=0.01%, 250=86.73%, 500=13.22%, 750=0.01%
  lat (usec)   : 1000=0.04%
  lat (msec)   : 2=0.01%, 10=0.01%, 20=0.01%, 50=0.01%
  cpu          : usr=32.56%, sys=40.08%, ctx=8538221, majf=0, minf=11231
  IO depths    : 1=0.1%, 2=0.1%, 4=0.1%, 8=0.1%, 16=0.1%, 32=100.0%, >=64=0.0%
     submit    : 0=0.0%, 4=100.0%, 8=0.0%, 16=0.0%, 32=0.0%, 64=0.0%, >=64=0.0%
     complete  : 0=0.0%, 4=100.0%, 8=0.0%, 16=0.0%, 32=0.1%, 64=0.0%, >=64=0.0%
     issued rwt: total=11006499,4714523,0, short=0,0,0, dropped=0,0,0
     latency   : target=0, window=0, percentile=100.00%, depth=32

Run status group 0 (all jobs):
  WRITE: bw=2434MiB/s (2553MB/s), 2434MiB/s-2434MiB/s (2553MB/s-2553MB/s), io=35.7GiB (38.3GB), run=15001-15001msec

Run status group 1 (all jobs):
   READ: bw=316MiB/s (331MB/s), 316MiB/s-316MiB/s (331MB/s-331MB/s), io=9481MiB (9942MB), run=30001-30001msec

Run status group 2 (all jobs):
  WRITE: bw=274MiB/s (287MB/s), 274MiB/s-274MiB/s (287MB/s-287MB/s), io=8218MiB (8617MB), run=30001-30001msec

Run status group 3 (all jobs):
   READ: bw=2255MiB/s (2365MB/s), 2255MiB/s-2255MiB/s (2365MB/s-2365MB/s), io=66.1GiB (70.9GB), run=30001-30001msec

Run status group 4 (all jobs):
  WRITE: bw=2439MiB/s (2557MB/s), 2439MiB/s-2439MiB/s (2557MB/s-2557MB/s), io=71.5GiB (76.8GB), run=30018-30018msec

Run status group 5 (all jobs):
   READ: bw=1430MiB/s (1499MB/s), 1430MiB/s-1430MiB/s (1499MB/s-1499MB/s), io=41.9GiB (45.0GB), run=30027-30027msec
  WRITE: bw=613MiB/s (642MB/s), 613MiB/s-613MiB/s (642MB/s-642MB/s), io=17.0GiB (19.3GB), run=30027-30027msec

Run status group 6 (all jobs):
   READ: bw=2277MiB/s (2387MB/s), 2277MiB/s-2277MiB/s (2387MB/s-2387MB/s), io=66.7GiB (71.6GB), run=30001-30001msec

Run status group 7 (all jobs):
  WRITE: bw=2453MiB/s (2572MB/s), 2453MiB/s-2453MiB/s (2572MB/s-2572MB/s), io=71.9GiB (77.2GB), run=30021-30021msec

Run status group 8 (all jobs):
   READ: bw=1432MiB/s (1502MB/s), 1432MiB/s-1432MiB/s (1502MB/s-1502MB/s), io=41.0GiB (45.1GB), run=30021-30021msec
  WRITE: bw=613MiB/s (643MB/s), 613MiB/s-613MiB/s (643MB/s-643MB/s), io=17.0GiB (19.3GB), run=30021-30021msec

Disk stats (read/write):
  nvme0n1: ios=59226722/49408590, merge=0/0, ticks=6945088/5568076, in_queue=12077284, util=76.62%
