precondition: (g=0): rw=write, bs=(R) 128KiB-128KiB, (W) 128KiB-128KiB, (T) 128KiB-128KiB, ioengine=libaio, iodepth=16
rand-read-4K-qd1: (g=1): rw=randread, bs=(R) 4096B-4096B, (W) 4096B-4096B, (T) 4096B-4096B, ioengine=libaio, iodepth=1
rand-write-4K-qd1: (g=2): rw=randwrite, bs=(R) 4096B-4096B, (W) 4096B-4096B, (T) 4096B-4096B, ioengine=libaio, iodepth=1
rand-read-4K-qd16: (g=3): rw=randread, bs=(R) 4096B-4096B, (W) 4096B-4096B, (T) 4096B-4096B, ioengine=libaio, iodepth=4
...
rand-write-4K-qd16: (g=4): rw=randwrite, bs=(R) 4096B-4096B, (W) 4096B-4096B, (T) 4096B-4096B, ioengine=libaio, iodepth=4
...
rand-rw-4K-qd16: (g=5): rw=randrw, bs=(R) 4096B-4096B, (W) 4096B-4096B, (T) 4096B-4096B, ioengine=libaio, iodepth=4
...
rand-read-4K-qd128: (g=6): rw=randread, bs=(R) 4096B-4096B, (W) 4096B-4096B, (T) 4096B-4096B, ioengine=libaio, iodepth=32
...
rand-write-4K-qd128: (g=7): rw=randwrite, bs=(R) 4096B-4096B, (W) 4096B-4096B, (T) 4096B-4096B, ioengine=libaio, iodepth=32
...
rand-rw-4K-qd128: (g=8): rw=randrw, bs=(R) 4096B-4096B, (W) 4096B-4096B, (T) 4096B-4096B, ioengine=libaio, iodepth=32
...
fio-3.1
Starting 51 processes

precondition: (groupid=0, jobs=1): err= 0: pid=40963: Sun Jul 21 22:09:32 2019
  write: IOPS=19.5k, BW=2440MiB/s (2559MB/s)(35.7GiB/15001msec)
    slat (usec): min=7, max=1069, avg=11.61, stdev= 5.00
    clat (usec): min=201, max=1906, avg=806.61, stdev=47.94
     lat (usec): min=216, max=1918, avg=818.41, stdev=47.88
    clat percentiles (usec):
     | 10.000th=[  783], 20.000th=[  783], 30.000th=[  791], 40.000th=[  791],
     | 50.000th=[  791], 70.000th=[  816], 90.000th=[  840], 99.000th=[  938],
     | 99.900th=[ 1467], 99.990th=[ 1795], 99.999th=[ 1876]
   bw (  MiB/s): min= 1809, max= 2360, per=78.87%, avg=1924.62, stdev=90.53, samples=29
   iops        : min=14479, max=18887, avg=15396.48, stdev=724.16, samples=29
  lat (usec)   : 250=0.01%, 500=0.13%, 750=0.11%, 1000=99.44%
  lat (msec)   : 2=0.32%
  cpu          : usr=13.63%, sys=22.53%, ctx=291965, majf=0, minf=13
  IO depths    : 1=0.1%, 2=0.1%, 4=0.1%, 8=0.1%, 16=100.0%, 32=0.0%, >=64=0.0%
     submit    : 0=0.0%, 4=100.0%, 8=0.0%, 16=0.0%, 32=0.0%, 64=0.0%, >=64=0.0%
     complete  : 0=0.0%, 4=100.0%, 8=0.0%, 16=0.1%, 32=0.0%, 64=0.0%, >=64=0.0%
     issued rwt: total=0,292862,0, short=0,0,0, dropped=0,0,0
     latency   : target=0, window=0, percentile=100.00%, depth=16
rand-read-4K-qd1: (groupid=1, jobs=1): err= 0: pid=40972: Sun Jul 21 22:09:32 2019
   read: IOPS=78.1k, BW=305MiB/s (320MB/s)(9154MiB/30001msec)
    slat (usec): min=2, max=868, avg= 2.50, stdev= 1.94
    clat (nsec): min=757, max=866017, avg=9660.88, stdev=4083.51
     lat (usec): min=10, max=881, avg=12.26, stdev= 4.56
    clat percentiles (usec):
     | 10.000th=[   10], 20.000th=[   10], 30.000th=[   10], 40.000th=[   10],
     | 50.000th=[   10], 70.000th=[   10], 90.000th=[   10], 99.000th=[   16],
     | 99.900th=[   38], 99.990th=[   74], 99.999th=[  824]
   bw (  KiB/s): min=275268, max=285992, per=90.62%, avg=283140.37, stdev=1875.04, samples=59
   iops        : min=68817, max=71498, avg=70784.68, stdev=468.74, samples=59
  lat (nsec)   : 1000=0.01%
  lat (usec)   : 2=0.01%, 4=0.01%, 10=94.49%, 20=4.79%, 50=0.68%
  lat (usec)   : 100=0.03%, 250=0.01%, 1000=0.01%
  cpu          : usr=25.75%, sys=21.41%, ctx=2343273, majf=0, minf=16
  IO depths    : 1=100.0%, 2=0.0%, 4=0.0%, 8=0.0%, 16=0.0%, 32=0.0%, >=64=0.0%
     submit    : 0=0.0%, 4=100.0%, 8=0.0%, 16=0.0%, 32=0.0%, 64=0.0%, >=64=0.0%
     complete  : 0=0.0%, 4=100.0%, 8=0.0%, 16=0.0%, 32=0.0%, 64=0.0%, >=64=0.0%
     issued rwt: total=2343461,0,0, short=0,0,0, dropped=0,0,0
     latency   : target=0, window=0, percentile=100.00%, depth=1
rand-write-4K-qd1: (groupid=2, jobs=1): err= 0: pid=40974: Sun Jul 21 22:09:32 2019
  write: IOPS=68.0k, BW=266MiB/s (279MB/s)(7971MiB/30001msec)
    slat (usec): min=2, max=892, avg= 2.74, stdev= 2.29
    clat (nsec): min=809, max=884292, avg=11255.62, stdev=4227.60
     lat (usec): min=12, max=918, avg=14.11, stdev= 4.81
    clat percentiles (usec):
     | 10.000th=[   11], 20.000th=[   11], 30.000th=[   12], 40.000th=[   12],
     | 50.000th=[   12], 70.000th=[   12], 90.000th=[   12], 99.000th=[   15],
     | 99.900th=[   38], 99.990th=[   42], 99.999th=[  848]
   bw (  KiB/s): min=188183, max=271447, per=70.04%, avg=190561.08, stdev=10730.29, samples=59
   iops        : min=47045, max=67861, avg=47639.78, stdev=2682.54, samples=59
  lat (nsec)   : 1000=0.01%
  lat (usec)   : 2=0.01%, 10=0.01%, 20=99.23%, 50=0.77%, 100=0.01%
  lat (usec)   : 1000=0.01%
  cpu          : usr=23.42%, sys=20.42%, ctx=2040544, majf=0, minf=16
  IO depths    : 1=100.0%, 2=0.0%, 4=0.0%, 8=0.0%, 16=0.0%, 32=0.0%, >=64=0.0%
     submit    : 0=0.0%, 4=100.0%, 8=0.0%, 16=0.0%, 32=0.0%, 64=0.0%, >=64=0.0%
     complete  : 0=0.0%, 4=100.0%, 8=0.0%, 16=0.0%, 32=0.0%, 64=0.0%, >=64=0.0%
     issued rwt: total=0,2040627,0, short=0,0,0, dropped=0,0,0
     latency   : target=0, window=0, percentile=100.00%, depth=1
rand-read-4K-qd16: (groupid=3, jobs=8): err= 0: pid=40977: Sun Jul 21 22:09:32 2019
   read: IOPS=583k, BW=2276MiB/s (2387MB/s)(66.7GiB/30001msec)
    slat (usec): min=2, max=1059, avg= 3.38, stdev= 2.47
    clat (usec): min=10, max=4682, avg=50.60, stdev=10.96
     lat (usec): min=12, max=4685, avg=54.13, stdev=11.11
    clat percentiles (usec):
     | 10.000th=[   45], 20.000th=[   47], 30.000th=[   48], 40.000th=[   49],
     | 50.000th=[   50], 70.000th=[   51], 90.000th=[   60], 99.000th=[   78],
     | 99.900th=[   93], 99.990th=[  766], 99.999th=[ 1074]
   bw (  KiB/s): min=229388, max=351155, per=10.20%, avg=237717.90, stdev=8599.68, samples=472
   iops        : min=57347, max=87788, avg=59429.11, stdev=2149.90, samples=472
  lat (usec)   : 20=0.06%, 50=59.04%, 100=40.85%, 250=0.03%, 500=0.01%
  lat (usec)   : 750=0.01%, 1000=0.01%
  lat (msec)   : 2=0.01%, 4=0.01%, 10=0.01%
  cpu          : usr=19.81%, sys=28.72%, ctx=7444159, majf=0, minf=22793
  IO depths    : 1=0.1%, 2=0.1%, 4=100.0%, 8=0.0%, 16=0.0%, 32=0.0%, >=64=0.0%
     submit    : 0=0.0%, 4=100.0%, 8=0.0%, 16=0.0%, 32=0.0%, 64=0.0%, >=64=0.0%
     complete  : 0=0.0%, 4=100.0%, 8=0.0%, 16=0.0%, 32=0.0%, 64=0.0%, >=64=0.0%
     issued rwt: total=17483185,0,0, short=0,0,0, dropped=0,0,0
     latency   : target=0, window=0, percentile=100.00%, depth=4
rand-write-4K-qd16: (groupid=4, jobs=8): err= 0: pid=40991: Sun Jul 21 22:09:32 2019
  write: IOPS=629k, BW=2455MiB/s (2575MB/s)(71.0GiB/30014msec)
    slat (usec): min=2, max=14139, avg= 3.40, stdev= 8.93
    clat (usec): min=11, max=14184, avg=46.62, stdev=17.50
     lat (usec): min=14, max=14187, avg=50.16, stdev=19.58
    clat percentiles (usec):
     | 10.000th=[   42], 20.000th=[   44], 30.000th=[   45], 40.000th=[   46],
     | 50.000th=[   46], 70.000th=[   48], 90.000th=[   51], 99.000th=[   76],
     | 99.900th=[   85], 99.990th=[  208], 99.999th=[  807]
   bw (  KiB/s): min=281771, max=327324, per=11.77%, avg=295845.80, stdev=5272.01, samples=472
   iops        : min=70442, max=81831, avg=73961.08, stdev=1318.00, samples=472
  lat (usec)   : 20=0.05%, 50=88.14%, 100=11.78%, 250=0.03%, 500=0.01%
  lat (usec)   : 750=0.01%, 1000=0.01%
  lat (msec)   : 2=0.01%, 20=0.01%
  cpu          : usr=21.60%, sys=29.55%, ctx=7921301, majf=0, minf=24389
  IO depths    : 1=0.1%, 2=0.1%, 4=100.0%, 8=0.0%, 16=0.0%, 32=0.0%, >=64=0.0%
     submit    : 0=0.0%, 4=100.0%, 8=0.0%, 16=0.0%, 32=0.0%, 64=0.0%, >=64=0.0%
     complete  : 0=0.0%, 4=100.0%, 8=0.0%, 16=0.0%, 32=0.0%, 64=0.0%, >=64=0.0%
     issued rwt: total=0,18866585,0, short=0,0,0, dropped=0,0,0
     latency   : target=0, window=0, percentile=100.00%, depth=4
rand-rw-4K-qd16: (groupid=5, jobs=8): err= 0: pid=41014: Sun Jul 21 22:09:32 2019
   read: IOPS=367k, BW=1432MiB/s (1502MB/s)(41.0GiB/30014msec)
    slat (usec): min=2, max=13546, avg= 3.57, stdev=10.25
    clat (usec): min=11, max=13592, avg=56.44, stdev=19.73
     lat (usec): min=17, max=13595, avg=60.16, stdev=22.16
    clat percentiles (usec):
     | 10.000th=[   51], 20.000th=[   52], 30.000th=[   54], 40.000th=[   55],
     | 50.000th=[   56], 70.000th=[   58], 90.000th=[   65], 99.000th=[   84],
     | 99.900th=[   97], 99.990th=[  791], 99.999th=[  848]
   bw (  KiB/s): min=126886, max=186334, per=8.96%, avg=131461.77, stdev=6976.66, samples=472
   iops        : min=31721, max=46583, avg=32865.08, stdev=1744.17, samples=472
  write: IOPS=157k, BW=614MiB/s (644MB/s)(17.0GiB/30014msec)
    slat (usec): min=2, max=13478, avg= 3.73, stdev= 6.79
    clat (usec): min=13, max=13532, avg=56.59, stdev=16.28
     lat (usec): min=16, max=13535, avg=60.47, stdev=17.55
    clat percentiles (usec):
     | 10.000th=[   51], 20.000th=[   53], 30.000th=[   54], 40.000th=[   55],
     | 50.000th=[   56], 70.000th=[   58], 90.000th=[   65], 99.000th=[   84],
     | 99.900th=[   97], 99.990th=[  791], 99.999th=[  848]
   bw (  KiB/s): min=53925, max=79304, per=8.96%, avg=56350.04, stdev=2959.17, samples=472
   iops        : min=13481, max=19826, avg=14087.15, stdev=739.78, samples=472
  lat (usec)   : 20=0.01%, 50=8.31%, 100=91.64%, 250=0.03%, 500=0.01%
  lat (usec)   : 750=0.01%, 1000=0.01%
  lat (msec)   : 2=0.01%, 20=0.01%
  cpu          : usr=18.28%, sys=28.17%, ctx=7278939, majf=0, minf=29898
  IO depths    : 1=0.1%, 2=0.1%, 4=100.0%, 8=0.0%, 16=0.0%, 32=0.0%, >=64=0.0%
     submit    : 0=0.0%, 4=100.0%, 8=0.0%, 16=0.0%, 32=0.0%, 64=0.0%, >=64=0.0%
     complete  : 0=0.0%, 4=100.0%, 8=0.0%, 16=0.0%, 32=0.0%, 64=0.0%, >=64=0.0%
     issued rwt: total=11004973,4716896,0, short=0,0,0, dropped=0,0,0
     latency   : target=0, window=0, percentile=100.00%, depth=4
rand-read-4K-qd128: (groupid=6, jobs=8): err= 0: pid=41066: Sun Jul 21 22:09:32 2019
   read: IOPS=583k, BW=2279MiB/s (2390MB/s)(66.8GiB/30001msec)
    slat (usec): min=2, max=12686, avg= 2.99, stdev= 4.27
    clat (usec): min=11, max=12900, avg=435.01, stdev=87.38
     lat (usec): min=13, max=12903, avg=438.12, stdev=87.43
    clat percentiles (usec):
     | 10.000th=[  375], 20.000th=[  424], 30.000th=[  429], 40.000th=[  429],
     | 50.000th=[  433], 70.000th=[  437], 90.000th=[  457], 99.000th=[  955],
     | 99.900th=[ 1020], 99.990th=[ 1205], 99.999th=[ 1975]
   bw (  KiB/s): min=125382, max=427809, per=10.31%, avg=240695.83, stdev=26656.13, samples=472
   iops        : min=31345, max=106952, avg=60173.58, stdev=6664.05, samples=472
  lat (usec)   : 20=0.01%, 50=0.01%, 100=0.04%, 250=0.30%, 500=95.87%
  lat (usec)   : 750=1.10%, 1000=2.43%
  lat (msec)   : 2=0.26%, 4=0.01%, 10=0.01%, 20=0.01%
  cpu          : usr=23.03%, sys=27.19%, ctx=16601355, majf=0, minf=18973
  IO depths    : 1=0.1%, 2=0.1%, 4=0.1%, 8=0.1%, 16=0.1%, 32=100.0%, >=64=0.0%
     submit    : 0=0.0%, 4=100.0%, 8=0.0%, 16=0.0%, 32=0.0%, 64=0.0%, >=64=0.0%
     complete  : 0=0.0%, 4=100.0%, 8=0.0%, 16=0.0%, 32=0.1%, 64=0.0%, >=64=0.0%
     issued rwt: total=17503146,0,0, short=0,0,0, dropped=0,0,0
     latency   : target=0, window=0, percentile=100.00%, depth=32
rand-write-4K-qd128: (groupid=7, jobs=8): err= 0: pid=41074: Sun Jul 21 22:09:32 2019
  write: IOPS=629k, BW=2457MiB/s (2577MB/s)(72.0GiB/30019msec)
    slat (usec): min=2, max=18856, avg= 3.16, stdev=10.07
    clat (usec): min=10, max=19338, avg=402.75, stdev=99.02
     lat (usec): min=13, max=19343, avg=406.03, stdev=99.45
    clat percentiles (usec):
     | 10.000th=[  347], 20.000th=[  392], 30.000th=[  396], 40.000th=[  396],
     | 50.000th=[  400], 70.000th=[  400], 90.000th=[  429], 99.000th=[  881],
     | 99.900th=[ 1020], 99.990th=[ 1221], 99.999th=[ 8291]
   bw (  KiB/s): min=157189, max=493822, per=11.72%, avg=294882.62, stdev=31023.24, samples=472
   iops        : min=39297, max=123455, avg=73720.26, stdev=7755.81, samples=472
  lat (usec)   : 20=0.01%, 50=0.01%, 100=0.06%, 250=0.82%, 500=95.34%
  lat (usec)   : 750=2.52%, 1000=1.13%
  lat (msec)   : 2=0.13%, 4=0.01%, 10=0.01%, 20=0.01%
  cpu          : usr=24.20%, sys=31.16%, ctx=17608197, majf=0, minf=22645
  IO depths    : 1=0.1%, 2=0.1%, 4=0.1%, 8=0.1%, 16=0.1%, 32=100.0%, >=64=0.0%
     submit    : 0=0.0%, 4=100.0%, 8=0.0%, 16=0.0%, 32=0.0%, 64=0.0%, >=64=0.0%
     complete  : 0=0.0%, 4=100.0%, 8=0.0%, 16=0.0%, 32=0.1%, 64=0.0%, >=64=0.0%
     issued rwt: total=0,18883575,0, short=0,0,0, dropped=0,0,0
     latency   : target=0, window=0, percentile=100.00%, depth=32
rand-rw-4K-qd128: (groupid=8, jobs=8): err= 0: pid=41085: Sun Jul 21 22:09:32 2019
   read: IOPS=367k, BW=1432MiB/s (1501MB/s)(41.0GiB/30028msec)
    slat (usec): min=2, max=27814, avg= 3.31, stdev=14.84
    clat (usec): min=12, max=28349, avg=484.29, stdev=235.93
     lat (usec): min=16, max=28353, avg=487.74, stdev=236.41
    clat percentiles (usec):
     | 10.000th=[  343], 20.000th=[  359], 30.000th=[  367], 40.000th=[  396],
     | 50.000th=[  420], 70.000th=[  478], 90.000th=[  848], 99.000th=[ 1205],
     | 99.900th=[ 1336], 99.990th=[ 1811], 99.999th=[27919]
   bw (  KiB/s): min=90864, max=280724, per=12.58%, avg=184439.42, stdev=42068.35, samples=480
   iops        : min=22716, max=70181, avg=46109.56, stdev=10517.02, samples=480
  write: IOPS=157k, BW=614MiB/s (644MB/s)(18.0GiB/30028msec)
    slat (usec): min=2, max=27812, avg= 3.48, stdev=22.40
    clat (usec): min=15, max=28354, avg=484.64, stdev=243.99
     lat (usec): min=20, max=28357, avg=488.26, stdev=245.01
    clat percentiles (usec):
     | 10.000th=[  343], 20.000th=[  359], 30.000th=[  367], 40.000th=[  396],
     | 50.000th=[  420], 70.000th=[  478], 90.000th=[  848], 99.000th=[ 1205],
     | 99.900th=[ 1336], 99.990th=[ 1827], 99.999th=[27919]
   bw (  KiB/s): min=38850, max=119751, per=12.58%, avg=79077.10, stdev=18061.76, samples=480
   iops        : min= 9712, max=29937, avg=19768.99, stdev=4515.39, samples=480
  lat (usec)   : 20=0.01%, 50=0.01%, 100=0.64%, 250=0.81%, 500=80.38%
  lat (usec)   : 750=5.82%, 1000=5.30%
  lat (msec)   : 2=7.05%, 4=0.01%, 20=0.01%, 50=0.01%
  cpu          : usr=19.98%, sys=27.29%, ctx=13191643, majf=0, minf=22198
  IO depths    : 1=0.1%, 2=0.1%, 4=0.1%, 8=0.1%, 16=0.1%, 32=100.0%, >=64=0.0%
     submit    : 0=0.0%, 4=100.0%, 8=0.0%, 16=0.0%, 32=0.0%, 64=0.0%, >=64=0.0%
     complete  : 0=0.0%, 4=100.0%, 8=0.0%, 16=0.0%, 32=0.1%, 64=0.0%, >=64=0.0%
     issued rwt: total=11006984,4719188,0, short=0,0,0, dropped=0,0,0
     latency   : target=0, window=0, percentile=100.00%, depth=32

Run status group 0 (all jobs):
  WRITE: bw=2440MiB/s (2559MB/s), 2440MiB/s-2440MiB/s (2559MB/s-2559MB/s), io=35.7GiB (38.4GB), run=15001-15001msec

Run status group 1 (all jobs):
   READ: bw=305MiB/s (320MB/s), 305MiB/s-305MiB/s (320MB/s-320MB/s), io=9154MiB (9599MB), run=30001-30001msec

Run status group 2 (all jobs):
  WRITE: bw=266MiB/s (279MB/s), 266MiB/s-266MiB/s (279MB/s-279MB/s), io=7971MiB (8358MB), run=30001-30001msec

Run status group 3 (all jobs):
   READ: bw=2276MiB/s (2387MB/s), 2276MiB/s-2276MiB/s (2387MB/s-2387MB/s), io=66.7GiB (71.6GB), run=30001-30001msec

Run status group 4 (all jobs):
  WRITE: bw=2455MiB/s (2575MB/s), 2455MiB/s-2455MiB/s (2575MB/s-2575MB/s), io=71.0GiB (77.3GB), run=30014-30014msec

Run status group 5 (all jobs):
   READ: bw=1432MiB/s (1502MB/s), 1432MiB/s-1432MiB/s (1502MB/s-1502MB/s), io=41.0GiB (45.1GB), run=30014-30014msec
  WRITE: bw=614MiB/s (644MB/s), 614MiB/s-614MiB/s (644MB/s-644MB/s), io=17.0GiB (19.3GB), run=30014-30014msec

Run status group 6 (all jobs):
   READ: bw=2279MiB/s (2390MB/s), 2279MiB/s-2279MiB/s (2390MB/s-2390MB/s), io=66.8GiB (71.7GB), run=30001-30001msec

Run status group 7 (all jobs):
  WRITE: bw=2457MiB/s (2577MB/s), 2457MiB/s-2457MiB/s (2577MB/s-2577MB/s), io=72.0GiB (77.3GB), run=30019-30019msec

Run status group 8 (all jobs):
   READ: bw=1432MiB/s (1501MB/s), 1432MiB/s-1432MiB/s (1501MB/s-1501MB/s), io=41.0GiB (45.1GB), run=30028-30028msec
  WRITE: bw=614MiB/s (644MB/s), 614MiB/s-614MiB/s (644MB/s-644MB/s), io=18.0GiB (19.3GB), run=30028-30028msec

Disk stats (read/write):
  nvme0n1: ios=59326500/49513055, merge=0/0, ticks=14291356/11139808, in_queue=26021568, util=78.49%
