precondition: (g=0): rw=write, bs=(R) 128KiB-128KiB, (W) 128KiB-128KiB, (T) 128KiB-128KiB, ioengine=libaio, iodepth=16
rand-read-4K-qd1: (g=1): rw=randread, bs=(R) 4096B-4096B, (W) 4096B-4096B, (T) 4096B-4096B, ioengine=libaio, iodepth=1
rand-write-4K-qd1: (g=2): rw=randwrite, bs=(R) 4096B-4096B, (W) 4096B-4096B, (T) 4096B-4096B, ioengine=libaio, iodepth=1
rand-read-4K-qd16: (g=3): rw=randread, bs=(R) 4096B-4096B, (W) 4096B-4096B, (T) 4096B-4096B, ioengine=libaio, iodepth=4
...
rand-write-4K-qd16: (g=4): rw=randwrite, bs=(R) 4096B-4096B, (W) 4096B-4096B, (T) 4096B-4096B, ioengine=libaio, iodepth=4
...
rand-rw-4K-qd16: (g=5): rw=randrw, bs=(R) 4096B-4096B, (W) 4096B-4096B, (T) 4096B-4096B, ioengine=libaio, iodepth=4
...
rand-read-4K-qd128: (g=6): rw=randread, bs=(R) 4096B-4096B, (W) 4096B-4096B, (T) 4096B-4096B, ioengine=libaio, iodepth=32
...
rand-write-4K-qd128: (g=7): rw=randwrite, bs=(R) 4096B-4096B, (W) 4096B-4096B, (T) 4096B-4096B, ioengine=libaio, iodepth=32
...
rand-rw-4K-qd128: (g=8): rw=randrw, bs=(R) 4096B-4096B, (W) 4096B-4096B, (T) 4096B-4096B, ioengine=libaio, iodepth=32
...
fio-3.1
Starting 27 processes

precondition: (groupid=0, jobs=1): err= 0: pid=1796: Sun Jul 21 16:20:49 2019
  write: IOPS=19.5k, BW=2442MiB/s (2560MB/s)(35.8GiB/15001msec)
    slat (usec): min=5, max=781, avg= 8.65, stdev= 3.67
    clat (usec): min=181, max=1885, avg=807.20, stdev=40.66
     lat (usec): min=190, max=1892, avg=816.57, stdev=40.70
    clat percentiles (usec):
     | 10.000th=[  791], 20.000th=[  791], 30.000th=[  791], 40.000th=[  799],
     | 50.000th=[  799], 70.000th=[  799], 90.000th=[  832], 99.000th=[  930],
     | 99.900th=[ 1319], 99.990th=[ 1680], 99.999th=[ 1876]
   bw (  MiB/s): min= 1837, max= 2406, per=78.80%, avg=1923.90, stdev=96.00, samples=29
   iops        : min=14697, max=19248, avg=15390.76, stdev=768.01, samples=29
  lat (usec)   : 250=0.04%, 500=0.09%, 750=0.11%, 1000=99.49%
  lat (msec)   : 2=0.27%
  cpu          : usr=13.41%, sys=22.45%, ctx=290279, majf=0, minf=12
  IO depths    : 1=0.1%, 2=0.1%, 4=0.1%, 8=0.1%, 16=100.0%, 32=0.0%, >=64=0.0%
     submit    : 0=0.0%, 4=100.0%, 8=0.0%, 16=0.0%, 32=0.0%, 64=0.0%, >=64=0.0%
     complete  : 0=0.0%, 4=100.0%, 8=0.0%, 16=0.1%, 32=0.0%, 64=0.0%, >=64=0.0%
     issued rwt: total=0,293015,0, short=0,0,0, dropped=0,0,0
     latency   : target=0, window=0, percentile=100.00%, depth=16
rand-read-4K-qd1: (groupid=1, jobs=1): err= 0: pid=1805: Sun Jul 21 16:20:49 2019
   read: IOPS=47.0k, BW=184MiB/s (193MB/s)(5508MiB/30001msec)
    slat (usec): min=2, max=820, avg= 3.92, stdev= 2.06
    clat (nsec): min=1254, max=772126, avg=14486.69, stdev=4506.06
     lat (usec): min=14, max=825, avg=19.02, stdev= 5.13
    clat percentiles (usec):
     | 10.000th=[   14], 20.000th=[   14], 30.000th=[   14], 40.000th=[   14],
     | 50.000th=[   15], 70.000th=[   15], 90.000th=[   16], 99.000th=[   25],
     | 99.900th=[   41], 99.990th=[   47], 99.999th=[  758]
   bw (  KiB/s): min=105241, max=176821, per=90.32%, avg=169808.78, stdev=12918.19, samples=59
   iops        : min=26310, max=44205, avg=42451.83, stdev=3229.60, samples=59
  lat (usec)   : 2=0.02%, 4=0.01%, 10=0.04%, 20=98.08%, 50=1.85%
  lat (usec)   : 100=0.01%, 250=0.01%, 750=0.01%, 1000=0.01%
  cpu          : usr=22.68%, sys=35.10%, ctx=1409246, majf=0, minf=9
  IO depths    : 1=100.0%, 2=0.0%, 4=0.0%, 8=0.0%, 16=0.0%, 32=0.0%, >=64=0.0%
     submit    : 0=0.0%, 4=100.0%, 8=0.0%, 16=0.0%, 32=0.0%, 64=0.0%, >=64=0.0%
     complete  : 0=0.0%, 4=100.0%, 8=0.0%, 16=0.0%, 32=0.0%, 64=0.0%, >=64=0.0%
     issued rwt: total=1410125,0,0, short=0,0,0, dropped=0,0,0
     latency   : target=0, window=0, percentile=100.00%, depth=1
rand-write-4K-qd1: (groupid=2, jobs=1): err= 0: pid=1806: Sun Jul 21 16:20:49 2019
  write: IOPS=44.2k, BW=173MiB/s (181MB/s)(5176MiB/30001msec)
    slat (usec): min=2, max=751, avg= 3.97, stdev= 1.96
    clat (nsec): min=1259, max=808478, avg=15790.11, stdev=4890.53
     lat (usec): min=16, max=813, avg=20.37, stdev= 5.52
    clat percentiles (usec):
     | 10.000th=[   15], 20.000th=[   15], 30.000th=[   16], 40.000th=[   16],
     | 50.000th=[   16], 70.000th=[   16], 90.000th=[   17], 99.000th=[   30],
     | 99.900th=[   43], 99.990th=[   51], 99.999th=[  758]
   bw (  KiB/s): min=79030, max=166365, per=90.54%, avg=159970.81, stdev=13763.20, samples=59
   iops        : min=19757, max=41591, avg=39992.34, stdev=3440.82, samples=59
  lat (usec)   : 2=0.01%, 4=0.01%, 10=0.01%, 20=97.85%, 50=2.13%
  lat (usec)   : 100=0.01%, 250=0.01%, 750=0.01%, 1000=0.01%
  cpu          : usr=20.26%, sys=34.04%, ctx=1324992, majf=0, minf=9
  IO depths    : 1=100.0%, 2=0.0%, 4=0.0%, 8=0.0%, 16=0.0%, 32=0.0%, >=64=0.0%
     submit    : 0=0.0%, 4=100.0%, 8=0.0%, 16=0.0%, 32=0.0%, 64=0.0%, >=64=0.0%
     complete  : 0=0.0%, 4=100.0%, 8=0.0%, 16=0.0%, 32=0.0%, 64=0.0%, >=64=0.0%
     issued rwt: total=0,1325182,0, short=0,0,0, dropped=0,0,0
     latency   : target=0, window=0, percentile=100.00%, depth=1
rand-read-4K-qd16: (groupid=3, jobs=4): err= 0: pid=1811: Sun Jul 21 16:20:49 2019
   read: IOPS=217k, BW=849MiB/s (890MB/s)(24.9GiB/30001msec)
    slat (usec): min=2, max=18942, avg=12.22, stdev= 9.85
    clat (usec): min=15, max=18992, avg=57.50, stdev=26.56
     lat (usec): min=25, max=19005, avg=70.51, stdev=28.83
    clat percentiles (usec):
     | 10.000th=[   41], 20.000th=[   45], 30.000th=[   49], 40.000th=[   52],
     | 50.000th=[   53], 70.000th=[   58], 90.000th=[   85], 99.000th=[  119],
     | 99.900th=[  151], 99.990th=[  758], 99.999th=[  824]
   bw (  KiB/s): min=104697, max=213189, per=18.81%, avg=163555.68, stdev=33355.51, samples=236
   iops        : min=26174, max=53297, avg=40888.58, stdev=8338.91, samples=236
  lat (usec)   : 20=0.01%, 50=33.81%, 100=62.52%, 250=3.66%, 500=0.01%
  lat (usec)   : 750=0.01%, 1000=0.01%
  lat (msec)   : 4=0.01%, 10=0.01%, 20=0.01%
  cpu          : usr=28.08%, sys=71.01%, ctx=176601, majf=0, minf=55
  IO depths    : 1=0.1%, 2=0.1%, 4=100.0%, 8=0.0%, 16=0.0%, 32=0.0%, >=64=0.0%
     submit    : 0=0.0%, 4=100.0%, 8=0.0%, 16=0.0%, 32=0.0%, 64=0.0%, >=64=0.0%
     complete  : 0=0.0%, 4=100.0%, 8=0.0%, 16=0.0%, 32=0.0%, 64=0.0%, >=64=0.0%
     issued rwt: total=6522015,0,0, short=0,0,0, dropped=0,0,0
     latency   : target=0, window=0, percentile=100.00%, depth=4
rand-write-4K-qd16: (groupid=4, jobs=4): err= 0: pid=1815: Sun Jul 21 16:20:49 2019
  write: IOPS=230k, BW=898MiB/s (941MB/s)(26.3GiB/30001msec)
    slat (usec): min=2, max=2567, avg=10.83, stdev= 6.86
    clat (usec): min=12, max=2618, avg=54.51, stdev=24.49
     lat (usec): min=23, max=2634, avg=66.31, stdev=27.47
    clat percentiles (usec):
     | 10.000th=[   38], 20.000th=[   41], 30.000th=[   43], 40.000th=[   45],
     | 50.000th=[   48], 70.000th=[   54], 90.000th=[   87], 99.000th=[  145],
     | 99.900th=[  190], 99.990th=[  742], 99.999th=[  832]
   bw (  KiB/s): min=106235, max=262546, per=21.23%, avg=195090.96, stdev=50256.12, samples=236
   iops        : min=26558, max=65636, avg=48772.39, stdev=12563.98, samples=236
  lat (usec)   : 20=0.01%, 50=59.23%, 100=33.72%, 250=7.04%, 500=0.01%
  lat (usec)   : 750=0.01%, 1000=0.01%
  lat (msec)   : 4=0.01%
  cpu          : usr=30.70%, sys=67.77%, ctx=289491, majf=0, minf=40
  IO depths    : 1=0.1%, 2=0.1%, 4=100.0%, 8=0.0%, 16=0.0%, 32=0.0%, >=64=0.0%
     submit    : 0=0.0%, 4=100.0%, 8=0.0%, 16=0.0%, 32=0.0%, 64=0.0%, >=64=0.0%
     complete  : 0=0.0%, 4=100.0%, 8=0.0%, 16=0.0%, 32=0.0%, 64=0.0%, >=64=0.0%
     issued rwt: total=0,6893889,0, short=0,0,0, dropped=0,0,0
     latency   : target=0, window=0, percentile=100.00%, depth=4
rand-rw-4K-qd16: (groupid=5, jobs=4): err= 0: pid=1825: Sun Jul 21 16:20:49 2019
   read: IOPS=161k, BW=630MiB/s (661MB/s)(18.5GiB/30001msec)
    slat (usec): min=2, max=28171, avg=11.06, stdev=17.63
    clat (usec): min=13, max=28258, avg=54.20, stdev=32.97
     lat (usec): min=17, max=28273, avg=66.15, stdev=38.07
    clat percentiles (usec):
     | 10.000th=[   39], 20.000th=[   42], 30.000th=[   44], 40.000th=[   46],
     | 50.000th=[   49], 70.000th=[   55], 90.000th=[   83], 99.000th=[  123],
     | 99.900th=[  155], 99.990th=[  742], 99.999th=[  824]
   bw (  KiB/s): min=64816, max=173541, per=17.37%, avg=112128.16, stdev=26582.33, samples=236
   iops        : min=16204, max=43385, avg=28031.63, stdev=6645.57, samples=236
  write: IOPS=69.2k, BW=270MiB/s (283MB/s)(8110MiB/30001msec)
    slat (usec): min=2, max=3154, avg=11.14, stdev= 7.11
    clat (usec): min=7, max=13280, avg=53.96, stdev=28.45
     lat (usec): min=26, max=13287, avg=66.00, stdev=30.19
    clat percentiles (usec):
     | 10.000th=[   38], 20.000th=[   41], 30.000th=[   44], 40.000th=[   46],
     | 50.000th=[   48], 70.000th=[   54], 90.000th=[   84], 99.000th=[  125],
     | 99.900th=[  159], 99.990th=[  758], 99.999th=[  848]
   bw (  KiB/s): min=27298, max=74871, per=17.37%, avg=48076.22, stdev=11345.74, samples=236
   iops        : min= 6824, max=18717, avg=12018.67, stdev=2836.45, samples=236
  lat (usec)   : 10=0.01%, 20=0.01%, 50=58.42%, 100=37.28%, 250=4.29%
  lat (usec)   : 500=0.01%, 750=0.01%, 1000=0.01%
  lat (msec)   : 4=0.01%, 10=0.01%, 20=0.01%, 50=0.01%
  cpu          : usr=29.44%, sys=69.05%, ctx=276942, majf=0, minf=45
  IO depths    : 1=0.1%, 2=0.1%, 4=100.0%, 8=0.0%, 16=0.0%, 32=0.0%, >=64=0.0%
     submit    : 0=0.0%, 4=100.0%, 8=0.0%, 16=0.0%, 32=0.0%, 64=0.0%, >=64=0.0%
     complete  : 0=0.0%, 4=100.0%, 8=0.0%, 16=0.0%, 32=0.0%, 64=0.0%, >=64=0.0%
     issued rwt: total=4842256,2076250,0, short=0,0,0, dropped=0,0,0
     latency   : target=0, window=0, percentile=100.00%, depth=4
rand-read-4K-qd128: (groupid=6, jobs=4): err= 0: pid=1834: Sun Jul 21 16:20:49 2019
   read: IOPS=218k, BW=853MiB/s (894MB/s)(24.0GiB/30001msec)
    slat (usec): min=2, max=24007, avg=12.40, stdev=14.07
    clat (usec): min=12, max=24436, avg=569.93, stdev=136.84
     lat (usec): min=22, max=24501, avg=583.25, stdev=138.32
    clat percentiles (usec):
     | 10.000th=[  490], 20.000th=[  498], 30.000th=[  506], 40.000th=[  510],
     | 50.000th=[  519], 70.000th=[  537], 90.000th=[  799], 99.000th=[  898],
     | 99.900th=[ 1221], 99.990th=[ 1598], 99.999th=[13960]
   bw (  KiB/s): min=106762, max=199589, per=20.04%, avg=174972.25, stdev=30224.99, samples=236
   iops        : min=26690, max=49897, avg=43742.70, stdev=7556.28, samples=236
  lat (usec)   : 20=0.01%, 50=0.01%, 100=0.01%, 250=0.01%, 500=23.44%
  lat (usec)   : 750=59.59%, 1000=16.79%
  lat (msec)   : 2=0.18%, 4=0.01%, 10=0.01%, 20=0.01%, 50=0.01%
  cpu          : usr=28.18%, sys=71.11%, ctx=142730, majf=0, minf=165
  IO depths    : 1=0.1%, 2=0.1%, 4=0.1%, 8=0.1%, 16=0.1%, 32=100.0%, >=64=0.0%
     submit    : 0=0.0%, 4=100.0%, 8=0.0%, 16=0.0%, 32=0.0%, 64=0.0%, >=64=0.0%
     complete  : 0=0.0%, 4=100.0%, 8=0.0%, 16=0.0%, 32=0.1%, 64=0.0%, >=64=0.0%
     issued rwt: total=6549373,0,0, short=0,0,0, dropped=0,0,0
     latency   : target=0, window=0, percentile=100.00%, depth=32
rand-write-4K-qd128: (groupid=7, jobs=4): err= 0: pid=1838: Sun Jul 21 16:20:49 2019
  write: IOPS=228k, BW=890MiB/s (933MB/s)(26.1GiB/30001msec)
    slat (usec): min=2, max=28172, avg=10.96, stdev=14.19
    clat (usec): min=17, max=28786, avg=546.35, stdev=229.89
     lat (usec): min=26, max=28804, avg=558.24, stdev=233.35
    clat percentiles (usec):
     | 10.000th=[  429], 20.000th=[  441], 30.000th=[  453], 40.000th=[  461],
     | 50.000th=[  469], 70.000th=[  494], 90.000th=[  963], 99.000th=[ 1287],
     | 99.900th=[ 1450], 99.990th=[ 1844], 99.999th=[14484]
   bw (  KiB/s): min=105240, max=256504, per=23.60%, avg=215158.98, stdev=60644.45, samples=236
   iops        : min=26310, max=64126, avg=53789.36, stdev=15161.09, samples=236
  lat (usec)   : 20=0.01%, 50=0.01%, 100=0.01%, 250=0.01%, 500=73.45%
  lat (usec)   : 750=13.84%, 1000=3.81%
  lat (msec)   : 2=8.89%, 4=0.01%, 10=0.01%, 20=0.01%, 50=0.01%
  cpu          : usr=30.64%, sys=68.15%, ctx=227635, majf=0, minf=41
  IO depths    : 1=0.1%, 2=0.1%, 4=0.1%, 8=0.1%, 16=0.1%, 32=100.0%, >=64=0.0%
     submit    : 0=0.0%, 4=100.0%, 8=0.0%, 16=0.0%, 32=0.0%, 64=0.0%, >=64=0.0%
     complete  : 0=0.0%, 4=100.0%, 8=0.0%, 16=0.0%, 32=0.1%, 64=0.0%, >=64=0.0%
     issued rwt: total=0,6837226,0, short=0,0,0, dropped=0,0,0
     latency   : target=0, window=0, percentile=100.00%, depth=32
rand-rw-4K-qd128: (groupid=8, jobs=4): err= 0: pid=1847: Sun Jul 21 16:20:49 2019
   read: IOPS=150k, BW=586MiB/s (615MB/s)(17.2GiB/30001msec)
    slat (usec): min=2, max=16185, avg=12.46, stdev=11.02
    clat (usec): min=13, max=24601, avg=580.33, stdev=168.58
     lat (usec): min=19, max=24610, avg=593.56, stdev=169.97
    clat percentiles (usec):
     | 10.000th=[  478], 20.000th=[  494], 30.000th=[  506], 40.000th=[  515],
     | 50.000th=[  529], 70.000th=[  545], 90.000th=[  881], 99.000th=[ 1037],
     | 99.900th=[ 1221], 99.990th=[ 1680], 99.999th=[12780]
   bw (  KiB/s): min=88989, max=182696, per=25.17%, avg=151129.16, stdev=31497.13, samples=237
   iops        : min=22247, max=45674, avg=37782.05, stdev=7874.38, samples=237
  write: IOPS=64.3k, BW=251MiB/s (263MB/s)(7534MiB/30001msec)
    slat (usec): min=2, max=6604, avg=12.61, stdev= 8.92
    clat (usec): min=21, max=24570, avg=580.36, stdev=169.92
     lat (usec): min=28, max=24579, avg=593.76, stdev=171.29
    clat percentiles (usec):
     | 10.000th=[  478], 20.000th=[  494], 30.000th=[  506], 40.000th=[  515],
     | 50.000th=[  529], 70.000th=[  545], 90.000th=[  881], 99.000th=[ 1045],
     | 99.900th=[ 1221], 99.990th=[ 1696], 99.999th=[16712]
   bw (  KiB/s): min=37314, max=77304, per=25.17%, avg=64729.65, stdev=13518.17, samples=237
   iops        : min= 9328, max=19326, avg=16182.22, stdev=3379.65, samples=237
  lat (usec)   : 20=0.01%, 50=0.01%, 100=0.01%, 250=0.01%, 500=25.34%
  lat (usec)   : 750=58.70%, 1000=13.86%
  lat (msec)   : 2=2.10%, 10=0.01%, 20=0.01%, 50=0.01%
  cpu          : usr=28.09%, sys=70.82%, ctx=204909, majf=0, minf=44
  IO depths    : 1=0.1%, 2=0.1%, 4=0.1%, 8=0.1%, 16=0.1%, 32=100.0%, >=64=0.0%
     submit    : 0=0.0%, 4=100.0%, 8=0.0%, 16=0.0%, 32=0.0%, 64=0.0%, >=64=0.0%
     complete  : 0=0.0%, 4=100.0%, 8=0.0%, 16=0.0%, 32=0.1%, 64=0.0%, >=64=0.0%
     issued rwt: total=4503297,1928708,0, short=0,0,0, dropped=0,0,0
     latency   : target=0, window=0, percentile=100.00%, depth=32

Run status group 0 (all jobs):
  WRITE: bw=2442MiB/s (2560MB/s), 2442MiB/s-2442MiB/s (2560MB/s-2560MB/s), io=35.8GiB (38.4GB), run=15001-15001msec

Run status group 1 (all jobs):
   READ: bw=184MiB/s (193MB/s), 184MiB/s-184MiB/s (193MB/s-193MB/s), io=5508MiB (5776MB), run=30001-30001msec

Run status group 2 (all jobs):
  WRITE: bw=173MiB/s (181MB/s), 173MiB/s-173MiB/s (181MB/s-181MB/s), io=5176MiB (5428MB), run=30001-30001msec

Run status group 3 (all jobs):
   READ: bw=849MiB/s (890MB/s), 849MiB/s-849MiB/s (890MB/s-890MB/s), io=24.9GiB (26.7GB), run=30001-30001msec

Run status group 4 (all jobs):
  WRITE: bw=898MiB/s (941MB/s), 898MiB/s-898MiB/s (941MB/s-941MB/s), io=26.3GiB (28.2GB), run=30001-30001msec

Run status group 5 (all jobs):
   READ: bw=630MiB/s (661MB/s), 630MiB/s-630MiB/s (661MB/s-661MB/s), io=18.5GiB (19.8GB), run=30001-30001msec
  WRITE: bw=270MiB/s (283MB/s), 270MiB/s-270MiB/s (283MB/s-283MB/s), io=8110MiB (8504MB), run=30001-30001msec

Run status group 6 (all jobs):
   READ: bw=853MiB/s (894MB/s), 853MiB/s-853MiB/s (894MB/s-894MB/s), io=24.0GiB (26.8GB), run=30001-30001msec

Run status group 7 (all jobs):
  WRITE: bw=890MiB/s (933MB/s), 890MiB/s-890MiB/s (933MB/s-933MB/s), io=26.1GiB (28.0GB), run=30001-30001msec

Run status group 8 (all jobs):
   READ: bw=586MiB/s (615MB/s), 586MiB/s-586MiB/s (615MB/s-615MB/s), io=17.2GiB (18.4GB), run=30001-30001msec
  WRITE: bw=251MiB/s (263MB/s), 251MiB/s-251MiB/s (263MB/s-263MB/s), io=7534MiB (7900MB), run=30001-30001msec

Disk stats (read/write):
  sdb: ios=23817737/19350134, merge=0/0, ticks=454384/589968, in_queue=710800, util=73.49%
