randw-4K-n1-c1: (g=0): rw=randwrite, bs=(R) 4096B-4096B, (W) 4096B-4096B, (T) 4096B-4096B, ioengine=libaio, iodepth=32
randw-4K-n2-c2: (g=1): rw=randwrite, bs=(R) 4096B-4096B, (W) 4096B-4096B, (T) 4096B-4096B, ioengine=libaio, iodepth=32
...
randw-4K-n4-c4: (g=2): rw=randwrite, bs=(R) 4096B-4096B, (W) 4096B-4096B, (T) 4096B-4096B, ioengine=libaio, iodepth=32
...
randw-4K-n8-c8: (g=3): rw=randwrite, bs=(R) 4096B-4096B, (W) 4096B-4096B, (T) 4096B-4096B, ioengine=libaio, iodepth=32
...
randw-4K-n12-c12: (g=4): rw=randwrite, bs=(R) 4096B-4096B, (W) 4096B-4096B, (T) 4096B-4096B, ioengine=libaio, iodepth=32
...
fio-3.1
Starting 27 processes

randw-4K-n1-c1: (groupid=0, jobs=1): err= 0: pid=1571: Mon Jul 22 02:14:24 2019
  write: IOPS=101k, BW=394MiB/s (413MB/s)(11.5GiB/30001msec)
    slat (usec): min=2, max=762, avg= 3.79, stdev= 2.66
    clat (usec): min=232, max=1108, avg=310.22, stdev=27.69
     lat (usec): min=235, max=1112, avg=314.65, stdev=27.78
    clat percentiles (usec):
     | 10.000th=[  289], 20.000th=[  293], 30.000th=[  297], 40.000th=[  302],
     | 50.000th=[  306], 70.000th=[  322], 90.000th=[  338], 99.000th=[  367],
     | 99.900th=[  396], 99.990th=[ 1057], 99.999th=[ 1090]
   bw (  KiB/s): min=315241, max=392589, per=78.74%, avg=317711.59, stdev=9972.08, samples=59
   iops        : min=78810, max=98147, avg=79427.56, stdev=2493.03, samples=59
  lat (usec)   : 250=0.08%, 500=99.85%, 750=0.01%, 1000=0.01%
  lat (msec)   : 2=0.06%
  cpu          : usr=42.92%, sys=49.43%, ctx=321048, majf=0, minf=10
  IO depths    : 1=0.1%, 2=0.1%, 4=0.1%, 8=0.1%, 16=0.1%, 32=100.0%, >=64=0.0%
     submit    : 0=0.0%, 4=100.0%, 8=0.0%, 16=0.0%, 32=0.0%, 64=0.0%, >=64=0.0%
     complete  : 0=0.0%, 4=100.0%, 8=0.0%, 16=0.0%, 32=0.1%, 64=0.0%, >=64=0.0%
     issued rwt: total=0,3026485,0, short=0,0,0, dropped=0,0,0
     latency   : target=0, window=0, percentile=100.00%, depth=32
randw-4K-n2-c2: (groupid=1, jobs=2): err= 0: pid=1577: Mon Jul 22 02:14:24 2019
  write: IOPS=101k, BW=395MiB/s (414MB/s)(11.6GiB/30001msec)
    slat (usec): min=2, max=3316, avg= 4.36, stdev= 3.55
    clat (usec): min=206, max=9249, avg=625.43, stdev=49.95
     lat (usec): min=215, max=9253, avg=630.45, stdev=50.02
    clat percentiles (usec):
     | 10.000th=[  603], 20.000th=[  603], 30.000th=[  611], 40.000th=[  619],
     | 50.000th=[  627], 70.000th=[  635], 90.000th=[  660], 99.000th=[  685],
     | 99.900th=[ 1139], 99.990th=[ 1369], 99.999th=[ 9110]
   bw (  KiB/s): min=156504, max=206384, per=39.45%, avg=159507.58, stdev=6051.11, samples=118
   iops        : min=39126, max=51596, avg=39876.56, stdev=1512.79, samples=118
  lat (usec)   : 250=0.01%, 500=1.31%, 750=98.55%, 1000=0.02%
  lat (msec)   : 2=0.13%, 4=0.01%, 10=0.01%
  cpu          : usr=24.98%, sys=34.41%, ctx=1642983, majf=0, minf=17
  IO depths    : 1=0.1%, 2=0.1%, 4=0.1%, 8=0.1%, 16=0.1%, 32=100.0%, >=64=0.0%
     submit    : 0=0.0%, 4=100.0%, 8=0.0%, 16=0.0%, 32=0.0%, 64=0.0%, >=64=0.0%
     complete  : 0=0.0%, 4=100.0%, 8=0.0%, 16=0.0%, 32=0.1%, 64=0.0%, >=64=0.0%
     issued rwt: total=0,3032401,0, short=0,0,0, dropped=0,0,0
     latency   : target=0, window=0, percentile=100.00%, depth=32
randw-4K-n4-c4: (groupid=2, jobs=4): err= 0: pid=1581: Mon Jul 22 02:14:24 2019
  write: IOPS=101k, BW=395MiB/s (414MB/s)(11.6GiB/30002msec)
    slat (usec): min=2, max=48044, avg= 4.82, stdev=34.36
    clat (usec): min=250, max=48693, avg=1256.74, stdev=203.75
     lat (usec): min=284, max=48701, avg=1262.33, stdev=206.44
    clat percentiles (usec):
     | 10.000th=[ 1221], 20.000th=[ 1237], 30.000th=[ 1237], 40.000th=[ 1254],
     | 50.000th=[ 1254], 70.000th=[ 1270], 90.000th=[ 1303], 99.000th=[ 1352],
     | 99.900th=[ 1795], 99.990th=[ 2540], 99.999th=[48497]
   bw (  KiB/s): min=90395, max=102447, per=23.38%, avg=94587.00, stdev=2005.60, samples=236
   iops        : min=22598, max=25611, avg=23646.30, stdev=501.41, samples=236
  lat (usec)   : 500=0.15%, 750=0.10%, 1000=1.12%
  lat (msec)   : 2=98.60%, 4=0.02%, 10=0.01%, 20=0.01%, 50=0.01%
  cpu          : usr=13.25%, sys=18.55%, ctx=1505407, majf=0, minf=40
  IO depths    : 1=0.1%, 2=0.1%, 4=0.1%, 8=0.1%, 16=0.1%, 32=100.0%, >=64=0.0%
     submit    : 0=0.0%, 4=100.0%, 8=0.0%, 16=0.0%, 32=0.0%, 64=0.0%, >=64=0.0%
     complete  : 0=0.0%, 4=100.0%, 8=0.0%, 16=0.0%, 32=0.1%, 64=0.0%, >=64=0.0%
     issued rwt: total=0,3034758,0, short=0,0,0, dropped=0,0,0
     latency   : target=0, window=0, percentile=100.00%, depth=32
randw-4K-n8-c8: (groupid=3, jobs=8): err= 0: pid=1587: Mon Jul 22 02:14:24 2019
  write: IOPS=101k, BW=395MiB/s (414MB/s)(11.6GiB/30003msec)
    slat (usec): min=2, max=3687, avg=12.71, stdev=65.27
    clat (usec): min=413, max=8236, avg=2511.27, stdev=265.45
     lat (usec): min=436, max=8248, avg=2525.21, stdev=274.26
    clat percentiles (usec):
     | 10.000th=[ 2212], 20.000th=[ 2442], 30.000th=[ 2474], 40.000th=[ 2507],
     | 50.000th=[ 2507], 70.000th=[ 2540], 90.000th=[ 2606], 99.000th=[ 3752],
     | 99.900th=[ 4686], 99.990th=[ 6063], 99.999th=[ 7373]
   bw (  KiB/s): min=32534, max=65805, per=9.05%, avg=36626.71, stdev=2369.08, samples=472
   iops        : min= 8133, max=16451, avg=9156.30, stdev=592.28, samples=472
  lat (usec)   : 500=0.01%, 750=0.01%, 1000=0.02%
  lat (msec)   : 2=1.61%, 4=97.79%, 10=0.58%
  cpu          : usr=9.39%, sys=12.01%, ctx=971226, majf=0, minf=81
  IO depths    : 1=0.1%, 2=0.1%, 4=0.1%, 8=0.1%, 16=0.1%, 32=100.0%, >=64=0.0%
     submit    : 0=0.0%, 4=100.0%, 8=0.0%, 16=0.0%, 32=0.0%, 64=0.0%, >=64=0.0%
     complete  : 0=0.0%, 4=100.0%, 8=0.0%, 16=0.0%, 32=0.1%, 64=0.0%, >=64=0.0%
     issued rwt: total=0,3036134,0, short=0,0,0, dropped=0,0,0
     latency   : target=0, window=0, percentile=100.00%, depth=32
randw-4K-n12-c12: (groupid=4, jobs=12): err= 0: pid=1598: Mon Jul 22 02:14:24 2019
  write: IOPS=101k, BW=396MiB/s (415MB/s)(11.6GiB/30004msec)
    slat (usec): min=2, max=3513, avg=10.13, stdev=52.80
    clat (usec): min=53, max=17906, avg=3770.11, stdev=265.54
     lat (usec): min=70, max=17915, avg=3781.70, stdev=272.11
    clat percentiles (usec):
     | 10.000th=[ 3654], 20.000th=[ 3720], 30.000th=[ 3752], 40.000th=[ 3752],
     | 50.000th=[ 3785], 70.000th=[ 3818], 90.000th=[ 3884], 99.000th=[ 4490],
     | 99.900th=[ 6718], 99.990th=[ 8979], 99.999th=[17433]
   bw (  KiB/s): min=32000, max=43782, per=8.37%, avg=33927.33, stdev=1281.88, samples=720
   iops        : min= 8000, max=10945, avg=8481.48, stdev=320.46, samples=720
  lat (usec)   : 100=0.01%, 500=0.01%, 750=0.01%, 1000=0.01%
  lat (msec)   : 2=0.01%, 4=98.31%, 10=1.67%, 20=0.01%
  cpu          : usr=7.50%, sys=9.34%, ctx=868059, majf=0, minf=120
  IO depths    : 1=0.1%, 2=0.1%, 4=0.1%, 8=0.1%, 16=0.1%, 32=100.0%, >=64=0.0%
     submit    : 0=0.0%, 4=100.0%, 8=0.0%, 16=0.0%, 32=0.0%, 64=0.0%, >=64=0.0%
     complete  : 0=0.0%, 4=100.0%, 8=0.0%, 16=0.0%, 32=0.1%, 64=0.0%, >=64=0.0%
     issued rwt: total=0,3042179,0, short=0,0,0, dropped=0,0,0
     latency   : target=0, window=0, percentile=100.00%, depth=32

Run status group 0 (all jobs):
  WRITE: bw=394MiB/s (413MB/s), 394MiB/s-394MiB/s (413MB/s-413MB/s), io=11.5GiB (12.4GB), run=30001-30001msec

Run status group 1 (all jobs):
  WRITE: bw=395MiB/s (414MB/s), 395MiB/s-395MiB/s (414MB/s-414MB/s), io=11.6GiB (12.4GB), run=30001-30001msec

Run status group 2 (all jobs):
  WRITE: bw=395MiB/s (414MB/s), 395MiB/s-395MiB/s (414MB/s-414MB/s), io=11.6GiB (12.4GB), run=30002-30002msec

Run status group 3 (all jobs):
  WRITE: bw=395MiB/s (414MB/s), 395MiB/s-395MiB/s (414MB/s-414MB/s), io=11.6GiB (12.4GB), run=30003-30003msec

Run status group 4 (all jobs):
  WRITE: bw=396MiB/s (415MB/s), 396MiB/s-396MiB/s (415MB/s-415MB/s), io=11.6GiB (12.5GB), run=30004-30004msec

Disk stats (read/write):
  vda: ios=267/15151191, merge=0/0, ticks=44/25144480, in_queue=25109528, util=99.14%
