randw-4K-n1-c1: (g=0): rw=randwrite, bs=(R) 4096B-4096B, (W) 4096B-4096B, (T) 4096B-4096B, ioengine=libaio, iodepth=32
randw-4K-n2-c2: (g=1): rw=randwrite, bs=(R) 4096B-4096B, (W) 4096B-4096B, (T) 4096B-4096B, ioengine=libaio, iodepth=32
...
randw-4K-n4-c4: (g=2): rw=randwrite, bs=(R) 4096B-4096B, (W) 4096B-4096B, (T) 4096B-4096B, ioengine=libaio, iodepth=32
...
randw-4K-n8-c8: (g=3): rw=randwrite, bs=(R) 4096B-4096B, (W) 4096B-4096B, (T) 4096B-4096B, ioengine=libaio, iodepth=32
...
randw-4K-n12-c12: (g=4): rw=randwrite, bs=(R) 4096B-4096B, (W) 4096B-4096B, (T) 4096B-4096B, ioengine=libaio, iodepth=32
...
fio-3.1
Starting 27 processes

randw-4K-n1-c1: (groupid=0, jobs=1): err= 0: pid=1246: Fri Jul 26 11:44:22 2019
  write: IOPS=58.8k, BW=230MiB/s (241MB/s)(6897MiB/30001msec)
    slat (usec): min=2, max=745, avg= 4.83, stdev= 3.39
    clat (nsec): min=1425, max=7391.7k, avg=535259.76, stdev=616532.07
     lat (usec): min=12, max=7397, avg=540.93, stdev=616.31
    clat percentiles (usec):
     | 10.000th=[  186], 20.000th=[  281], 30.000th=[  302], 40.000th=[  314],
     | 50.000th=[  326], 70.000th=[  351], 90.000th=[ 1647], 99.000th=[ 2474],
     | 99.900th=[ 4686], 99.990th=[ 6783], 99.999th=[ 7308]
   bw (  KiB/s): min=167628, max=322246, per=80.40%, avg=189260.25, stdev=18134.60, samples=59
   iops        : min=41907, max=80561, avg=47314.76, stdev=4533.62, samples=59
  lat (usec)   : 2=0.01%, 10=0.01%, 20=0.87%, 50=1.71%, 100=2.65%
  lat (usec)   : 250=9.16%, 500=68.71%, 750=1.75%, 1000=1.20%
  lat (msec)   : 2=7.23%, 4=6.58%, 10=0.14%
  cpu          : usr=30.17%, sys=32.79%, ctx=21185, majf=0, minf=11
  IO depths    : 1=0.1%, 2=0.1%, 4=0.1%, 8=0.1%, 16=0.1%, 32=100.0%, >=64=0.0%
     submit    : 0=0.0%, 4=100.0%, 8=0.0%, 16=0.0%, 32=0.0%, 64=0.0%, >=64=0.0%
     complete  : 0=0.0%, 4=100.0%, 8=0.0%, 16=0.0%, 32=0.1%, 64=0.0%, >=64=0.0%
     issued rwt: total=0,1765507,0, short=0,0,0, dropped=0,0,0
     latency   : target=0, window=0, percentile=100.00%, depth=32
randw-4K-n2-c2: (groupid=1, jobs=2): err= 0: pid=1251: Fri Jul 26 11:44:22 2019
  write: IOPS=57.9k, BW=226MiB/s (237MB/s)(6787MiB/30002msec)
    slat (usec): min=2, max=12104, avg= 7.40, stdev=14.56
    clat (nsec): min=1595, max=16786k, avg=1092129.71, stdev=1137446.50
     lat (usec): min=13, max=16789, avg=1100.63, stdev=1137.33
    clat percentiles (usec):
     | 10.000th=[   88], 20.000th=[  172], 30.000th=[  255], 40.000th=[  375],
     | 50.000th=[  668], 70.000th=[ 1237], 90.000th=[ 2900], 99.000th=[ 3884],
     | 99.900th=[ 6915], 99.990th=[ 8586], 99.999th=[16712]
   bw (  KiB/s): min=77974, max=179757, per=40.36%, avg=93492.56, stdev=12268.52, samples=118
   iops        : min=19493, max=44939, avg=23372.77, stdev=3067.13, samples=118
  lat (usec)   : 2=0.01%, 4=0.01%, 10=0.01%, 20=1.16%, 50=4.37%
  lat (usec)   : 100=5.84%, 250=18.01%, 500=15.74%, 750=8.70%, 1000=11.99%
  lat (msec)   : 2=10.07%, 4=23.20%, 10=0.89%, 20=0.01%
  cpu          : usr=20.73%, sys=26.89%, ctx=73771, majf=0, minf=19
  IO depths    : 1=0.1%, 2=0.1%, 4=0.1%, 8=0.1%, 16=0.1%, 32=100.0%, >=64=0.0%
     submit    : 0=0.0%, 4=100.0%, 8=0.0%, 16=0.0%, 32=0.0%, 64=0.0%, >=64=0.0%
     complete  : 0=0.0%, 4=100.0%, 8=0.0%, 16=0.0%, 32=0.1%, 64=0.0%, >=64=0.0%
     issued rwt: total=0,1737576,0, short=0,0,0, dropped=0,0,0
     latency   : target=0, window=0, percentile=100.00%, depth=32
randw-4K-n4-c4: (groupid=2, jobs=4): err= 0: pid=1256: Fri Jul 26 11:44:22 2019
  write: IOPS=48.1k, BW=188MiB/s (197MB/s)(5638MiB/30005msec)
    slat (usec): min=3, max=3818, avg=10.18, stdev=10.44
    clat (nsec): min=1780, max=15686k, avg=2643433.13, stdev=2213095.54
     lat (usec): min=16, max=15696, avg=2655.06, stdev=2212.80
    clat percentiles (usec):
     | 10.000th=[  215], 20.000th=[  388], 30.000th=[  807], 40.000th=[ 1450],
     | 50.000th=[ 2180], 70.000th=[ 3916], 90.000th=[ 5866], 99.000th=[ 8356],
     | 99.900th=[12125], 99.990th=[13304], 99.999th=[14353]
   bw (  KiB/s): min=20634, max=89462, per=20.44%, avg=39339.91, stdev=7457.13, samples=236
   iops        : min= 5158, max=22365, avg=9834.61, stdev=1864.29, samples=236
  lat (usec)   : 2=0.01%, 10=0.01%, 20=0.08%, 50=0.54%, 100=1.55%
  lat (usec)   : 250=10.62%, 500=10.57%, 750=5.45%, 1000=5.06%
  lat (msec)   : 2=13.68%, 4=24.18%, 10=27.79%, 20=0.49%
  cpu          : usr=11.40%, sys=16.39%, ctx=169323, majf=0, minf=43
  IO depths    : 1=0.1%, 2=0.1%, 4=0.1%, 8=0.1%, 16=0.1%, 32=100.0%, >=64=0.0%
     submit    : 0=0.0%, 4=100.0%, 8=0.0%, 16=0.0%, 32=0.0%, 64=0.0%, >=64=0.0%
     complete  : 0=0.0%, 4=100.0%, 8=0.0%, 16=0.0%, 32=0.1%, 64=0.0%, >=64=0.0%
     issued rwt: total=0,1443403,0, short=0,0,0, dropped=0,0,0
     latency   : target=0, window=0, percentile=100.00%, depth=32
randw-4K-n8-c8: (groupid=3, jobs=8): err= 0: pid=1264: Fri Jul 26 11:44:22 2019
  write: IOPS=28.8k, BW=113MiB/s (118MB/s)(3377MiB/30008msec)
    slat (usec): min=3, max=14683, avg=126.68, stdev=580.40
    clat (usec): min=14, max=35011, avg=8749.87, stdev=4566.75
     lat (usec): min=19, max=35023, avg=8878.48, stdev=4609.44
    clat percentiles (usec):
     | 10.000th=[ 3032], 20.000th=[ 4146], 30.000th=[ 5800], 40.000th=[ 6915],
     | 50.000th=[ 8291], 70.000th=[11469], 90.000th=[15008], 99.000th=[18744],
     | 99.900th=[23462], 99.990th=[28181], 99.999th=[33162]
   bw (  KiB/s): min=10063, max=34293, per=12.20%, avg=14058.93, stdev=3631.97, samples=472
   iops        : min= 2515, max= 8573, avg=3514.37, stdev=908.00, samples=472
  lat (usec)   : 20=0.01%, 50=0.02%, 100=0.06%, 250=0.37%, 500=0.31%
  lat (usec)   : 750=0.21%, 1000=0.27%
  lat (msec)   : 2=2.20%, 4=14.83%, 10=43.67%, 20=37.54%, 50=0.52%
  cpu          : usr=4.56%, sys=6.21%, ctx=177319, majf=0, minf=92
  IO depths    : 1=0.1%, 2=0.1%, 4=0.1%, 8=0.1%, 16=0.1%, 32=100.0%, >=64=0.0%
     submit    : 0=0.0%, 4=100.0%, 8=0.0%, 16=0.0%, 32=0.0%, 64=0.0%, >=64=0.0%
     complete  : 0=0.0%, 4=100.0%, 8=0.0%, 16=0.0%, 32=0.1%, 64=0.0%, >=64=0.0%
     issued rwt: total=0,864425,0, short=0,0,0, dropped=0,0,0
     latency   : target=0, window=0, percentile=100.00%, depth=32
randw-4K-n12-c12: (groupid=4, jobs=12): err= 0: pid=1274: Fri Jul 26 11:44:22 2019
  write: IOPS=27.6k, BW=108MiB/s (113MB/s)(3239MiB/30022msec)
    slat (usec): min=3, max=12755, avg=97.98, stdev=541.41
    clat (usec): min=199, max=38720, avg=13791.90, stdev=4812.83
     lat (usec): min=204, max=38780, avg=13891.97, stdev=4850.73
    clat percentiles (usec):
     | 10.000th=[ 7177], 20.000th=[ 9110], 30.000th=[10814], 40.000th=[12387],
     | 50.000th=[14091], 70.000th=[17171], 90.000th=[19006], 99.000th=[23987],
     | 99.900th=[30802], 99.990th=[35390], 99.999th=[36963]
   bw (  KiB/s): min= 7259, max=22606, per=8.37%, avg=9241.80, stdev=2129.80, samples=720
   iops        : min= 1814, max= 5651, avg=2310.19, stdev=532.45, samples=720
  lat (usec)   : 250=0.01%, 500=0.03%, 750=0.02%, 1000=0.11%
  lat (msec)   : 2=0.53%, 4=1.20%, 10=23.36%, 20=69.61%, 50=5.14%
  cpu          : usr=3.72%, sys=5.18%, ctx=274461, majf=0, minf=130
  IO depths    : 1=0.1%, 2=0.1%, 4=0.1%, 8=0.1%, 16=0.1%, 32=100.0%, >=64=0.0%
     submit    : 0=0.0%, 4=100.0%, 8=0.0%, 16=0.0%, 32=0.0%, 64=0.0%, >=64=0.0%
     complete  : 0=0.0%, 4=100.0%, 8=0.0%, 16=0.0%, 32=0.1%, 64=0.0%, >=64=0.0%
     issued rwt: total=0,829166,0, short=0,0,0, dropped=0,0,0
     latency   : target=0, window=0, percentile=100.00%, depth=32

Run status group 0 (all jobs):
  WRITE: bw=230MiB/s (241MB/s), 230MiB/s-230MiB/s (241MB/s-241MB/s), io=6897MiB (7232MB), run=30001-30001msec

Run status group 1 (all jobs):
  WRITE: bw=226MiB/s (237MB/s), 226MiB/s-226MiB/s (237MB/s-237MB/s), io=6787MiB (7117MB), run=30002-30002msec

Run status group 2 (all jobs):
  WRITE: bw=188MiB/s (197MB/s), 188MiB/s-188MiB/s (197MB/s-197MB/s), io=5638MiB (5912MB), run=30005-30005msec

Run status group 3 (all jobs):
  WRITE: bw=113MiB/s (118MB/s), 113MiB/s-113MiB/s (118MB/s-118MB/s), io=3377MiB (3541MB), run=30008-30008msec

Run status group 4 (all jobs):
  WRITE: bw=108MiB/s (113MB/s), 108MiB/s-108MiB/s (113MB/s-113MB/s), io=3239MiB (3396MB), run=30022-30022msec

Disk stats (read/write):
  vda: ios=344/6637151, merge=0/0, ticks=956/23261244, in_queue=23370700, util=92.43%
