[OVERALL], RunTime(ms), 177
[OVERALL], Throughput(ops/sec), 5649.717514124294
[TOTAL_GCS_PS_Scavenge], Count, 0
[TOTAL_GC_TIME_PS_Scavenge], Time(ms), 0
[TOTAL_GC_TIME_%_PS_Scavenge], Time(%), 0.0
[TOTAL_GCS_PS_MarkSweep], Count, 0
[TOTAL_GC_TIME_PS_MarkSweep], Time(ms), 0
[TOTAL_GC_TIME_%_PS_MarkSweep], Time(%), 0.0
[TOTAL_GCs], Count, 0
[TOTAL_GC_TIME], Time(ms), 0
[TOTAL_GC_TIME_%], Time(%), 0.0
[CLEANUP], Operations, 8
[CLEANUP], AverageLatency(us), 87.375
[CLEANUP], MinLatency(us), 27
[CLEANUP], MaxLatency(us), 454
[CLEANUP], 95thPercentileLatency(us), 454
[CLEANUP], 99thPercentileLatency(us), 454
[INSERT], Operations, 1000
[INSERT], AverageLatency(us), 795.918
[INSERT], MinLatency(us), 164
[INSERT], MaxLatency(us), 18511
[INSERT], 95thPercentileLatency(us), 1708
[INSERT], 99thPercentileLatency(us), 8367
[INSERT], Return=OK, 1000
