[OVERALL], RunTime(ms), 177
[OVERALL], Throughput(ops/sec), 5649.717514124294
[TOTAL_GCS_PS_Scavenge], Count, 0
[TOTAL_GC_TIME_PS_Scavenge], Time(ms), 0
[TOTAL_GC_TIME_%_PS_Scavenge], Time(%), 0.0
[TOTAL_GCS_PS_MarkSweep], Count, 0
[TOTAL_GC_TIME_PS_MarkSweep], Time(ms), 0
[TOTAL_GC_TIME_%_PS_MarkSweep], Time(%), 0.0
[TOTAL_GCs], Count, 0
[TOTAL_GC_TIME], Time(ms), 0
[TOTAL_GC_TIME_%], Time(%), 0.0
[CLEANUP], Operations, 8
[CLEANUP], AverageLatency(us), 81.125
[CLEANUP], MinLatency(us), 20
[CLEANUP], MaxLatency(us), 430
[CLEANUP], 95thPercentileLatency(us), 430
[CLEANUP], 99thPercentileLatency(us), 430
[INSERT], Operations, 1000
[INSERT], AverageLatency(us), 919.96
[INSERT], MinLatency(us), 185
[INSERT], MaxLatency(us), 22991
[INSERT], 95thPercentileLatency(us), 2020
[INSERT], 99thPercentileLatency(us), 9839
[INSERT], Return=OK, 1000
