[OVERALL], RunTime(ms), 162
[OVERALL], Throughput(ops/sec), 6172.83950617284
[TOTAL_GCS_PS_Scavenge], Count, 0
[TOTAL_GC_TIME_PS_Scavenge], Time(ms), 0
[TOTAL_GC_TIME_%_PS_Scavenge], Time(%), 0.0
[TOTAL_GCS_PS_MarkSweep], Count, 0
[TOTAL_GC_TIME_PS_MarkSweep], Time(ms), 0
[TOTAL_GC_TIME_%_PS_MarkSweep], Time(%), 0.0
[TOTAL_GCs], Count, 0
[TOTAL_GC_TIME], Time(ms), 0
[TOTAL_GC_TIME_%], Time(%), 0.0
[CLEANUP], Operations, 8
[CLEANUP], AverageLatency(us), 78.125
[CLEANUP], MinLatency(us), 24
[CLEANUP], MaxLatency(us), 382
[CLEANUP], 95thPercentileLatency(us), 382
[CLEANUP], 99thPercentileLatency(us), 382
[INSERT], Operations, 1000
[INSERT], AverageLatency(us), 825.329
[INSERT], MinLatency(us), 176
[INSERT], MaxLatency(us), 25375
[INSERT], 95thPercentileLatency(us), 1360
[INSERT], 99thPercentileLatency(us), 9943
[INSERT], Return=OK, 1000
