precondition: (g=0): rw=write, bs=(R) 128KiB-128KiB, (W) 128KiB-128KiB, (T) 128KiB-128KiB, ioengine=libaio, iodepth=16
rand-read-4K-qd1: (g=1): rw=randread, bs=(R) 4096B-4096B, (W) 4096B-4096B, (T) 4096B-4096B, ioengine=libaio, iodepth=1
rand-write-4K-qd1: (g=2): rw=randwrite, bs=(R) 4096B-4096B, (W) 4096B-4096B, (T) 4096B-4096B, ioengine=libaio, iodepth=1
rand-read-4K-qd16: (g=3): rw=randread, bs=(R) 4096B-4096B, (W) 4096B-4096B, (T) 4096B-4096B, ioengine=libaio, iodepth=4
...
rand-write-4K-qd16: (g=4): rw=randwrite, bs=(R) 4096B-4096B, (W) 4096B-4096B, (T) 4096B-4096B, ioengine=libaio, iodepth=4
...
rand-rw-4K-qd16: (g=5): rw=randrw, bs=(R) 4096B-4096B, (W) 4096B-4096B, (T) 4096B-4096B, ioengine=libaio, iodepth=4
...
rand-read-4K-qd128: (g=6): rw=randread, bs=(R) 4096B-4096B, (W) 4096B-4096B, (T) 4096B-4096B, ioengine=libaio, iodepth=32
...
rand-write-4K-qd128: (g=7): rw=randwrite, bs=(R) 4096B-4096B, (W) 4096B-4096B, (T) 4096B-4096B, ioengine=libaio, iodepth=32
...
rand-rw-4K-qd128: (g=8): rw=randrw, bs=(R) 4096B-4096B, (W) 4096B-4096B, (T) 4096B-4096B, ioengine=libaio, iodepth=32
...
fio-3.1
Starting 15 processes

precondition: (groupid=0, jobs=1): err= 0: pid=41332: Sun Jul 21 22:21:47 2019
  write: IOPS=19.5k, BW=2435MiB/s (2553MB/s)(35.7GiB/15001msec)
    slat (usec): min=7, max=1078, avg=11.53, stdev= 4.34
    clat (usec): min=182, max=2001, avg=808.78, stdev=50.73
     lat (usec): min=192, max=2014, avg=820.46, stdev=50.72
    clat percentiles (usec):
     | 10.000th=[  783], 20.000th=[  791], 30.000th=[  791], 40.000th=[  791],
     | 50.000th=[  791], 70.000th=[  816], 90.000th=[  848], 99.000th=[  963],
     | 99.900th=[ 1483], 99.990th=[ 1811], 99.999th=[ 1942]
   bw (  MiB/s): min= 1767, max= 2369, per=78.65%, avg=1915.02, stdev=97.78, samples=29
   iops        : min=14139, max=18958, avg=15319.59, stdev=782.34, samples=29
  lat (usec)   : 250=0.05%, 500=0.09%, 750=0.12%, 1000=99.31%
  lat (msec)   : 2=0.44%, 4=0.01%
  cpu          : usr=13.42%, sys=22.10%, ctx=291293, majf=0, minf=23
  IO depths    : 1=0.1%, 2=0.1%, 4=0.1%, 8=0.1%, 16=100.0%, 32=0.0%, >=64=0.0%
     submit    : 0=0.0%, 4=100.0%, 8=0.0%, 16=0.0%, 32=0.0%, 64=0.0%, >=64=0.0%
     complete  : 0=0.0%, 4=100.0%, 8=0.0%, 16=0.1%, 32=0.0%, 64=0.0%, >=64=0.0%
     issued rwt: total=0,292188,0, short=0,0,0, dropped=0,0,0
     latency   : target=0, window=0, percentile=100.00%, depth=16
rand-read-4K-qd1: (groupid=1, jobs=1): err= 0: pid=41338: Sun Jul 21 22:21:47 2019
   read: IOPS=80.3k, BW=314MiB/s (329MB/s)(9413MiB/30001msec)
    slat (nsec): min=1830, max=830325, avg=2257.64, stdev=1511.80
    clat (nsec): min=738, max=915122, avg=9616.85, stdev=4094.93
     lat (usec): min=10, max=918, avg=11.95, stdev= 4.37
    clat percentiles (usec):
     | 10.000th=[   10], 20.000th=[   10], 30.000th=[   10], 40.000th=[   10],
     | 50.000th=[   10], 70.000th=[   10], 90.000th=[   10], 99.000th=[   16],
     | 99.900th=[   36], 99.990th=[   42], 99.999th=[  824]
   bw (  KiB/s): min=277283, max=291848, per=89.99%, avg=289121.32, stdev=1995.44, samples=59
   iops        : min=69320, max=72960, avg=72279.93, stdev=498.83, samples=59
  lat (nsec)   : 750=0.01%, 1000=0.01%
  lat (usec)   : 2=0.01%, 10=94.35%, 20=4.94%, 50=0.70%, 100=0.01%
  lat (usec)   : 250=0.01%, 1000=0.01%
  cpu          : usr=25.33%, sys=20.38%, ctx=2409586, majf=0, minf=18
  IO depths    : 1=100.0%, 2=0.0%, 4=0.0%, 8=0.0%, 16=0.0%, 32=0.0%, >=64=0.0%
     submit    : 0=0.0%, 4=100.0%, 8=0.0%, 16=0.0%, 32=0.0%, 64=0.0%, >=64=0.0%
     complete  : 0=0.0%, 4=100.0%, 8=0.0%, 16=0.0%, 32=0.0%, 64=0.0%, >=64=0.0%
     issued rwt: total=2409747,0,0, short=0,0,0, dropped=0,0,0
     latency   : target=0, window=0, percentile=100.00%, depth=1
rand-write-4K-qd1: (groupid=2, jobs=1): err= 0: pid=41340: Sun Jul 21 22:21:47 2019
  write: IOPS=69.5k, BW=271MiB/s (284MB/s)(8140MiB/30001msec)
    slat (usec): min=2, max=845, avg= 2.48, stdev= 1.75
    clat (nsec): min=878, max=880280, avg=11279.65, stdev=4323.24
     lat (usec): min=12, max=882, avg=13.84, stdev= 4.67
    clat percentiles (usec):
     | 10.000th=[   11], 20.000th=[   11], 30.000th=[   12], 40.000th=[   12],
     | 50.000th=[   12], 70.000th=[   12], 90.000th=[   12], 99.000th=[   15],
     | 99.900th=[   38], 99.990th=[   42], 99.999th=[  840]
   bw (  KiB/s): min=191568, max=276816, per=69.90%, avg=194194.36, stdev=10963.51, samples=59
   iops        : min=47892, max=69205, avg=48548.25, stdev=2741.06, samples=59
  lat (nsec)   : 1000=0.01%
  lat (usec)   : 2=0.01%, 4=0.01%, 10=0.01%, 20=99.22%, 50=0.77%
  lat (usec)   : 100=0.01%, 1000=0.01%
  cpu          : usr=23.18%, sys=19.43%, ctx=2083669, majf=0, minf=15
  IO depths    : 1=100.0%, 2=0.0%, 4=0.0%, 8=0.0%, 16=0.0%, 32=0.0%, >=64=0.0%
     submit    : 0=0.0%, 4=100.0%, 8=0.0%, 16=0.0%, 32=0.0%, 64=0.0%, >=64=0.0%
     complete  : 0=0.0%, 4=100.0%, 8=0.0%, 16=0.0%, 32=0.0%, 64=0.0%, >=64=0.0%
     issued rwt: total=0,2083752,0, short=0,0,0, dropped=0,0,0
     latency   : target=0, window=0, percentile=100.00%, depth=1
rand-read-4K-qd16: (groupid=3, jobs=2): err= 0: pid=41343: Sun Jul 21 22:21:47 2019
   read: IOPS=444k, BW=1735MiB/s (1820MB/s)(50.8GiB/30001msec)
    slat (nsec): min=1605, max=750875, avg=3026.30, stdev=2101.33
    clat (usec): min=7, max=767, avg=14.52, stdev= 5.27
     lat (usec): min=11, max=770, avg=17.64, stdev= 5.59
    clat percentiles (usec):
     | 10.000th=[   13], 20.000th=[   13], 30.000th=[   14], 40.000th=[   14],
     | 50.000th=[   14], 70.000th=[   15], 90.000th=[   16], 99.000th=[   28],
     | 99.900th=[   45], 99.990th=[   75], 99.999th=[  750]
   bw (  KiB/s): min=685756, max=883237, per=39.83%, avg=707760.24, stdev=21541.97, samples=118
   iops        : min=171439, max=220809, avg=176939.68, stdev=5385.50, samples=118
  lat (usec)   : 10=0.05%, 20=94.08%, 50=5.83%, 100=0.03%, 250=0.01%
  lat (usec)   : 750=0.01%, 1000=0.01%
  cpu          : usr=37.88%, sys=59.84%, ctx=145378, majf=0, minf=79
  IO depths    : 1=0.1%, 2=0.1%, 4=100.0%, 8=0.0%, 16=0.0%, 32=0.0%, >=64=0.0%
     submit    : 0=0.0%, 4=100.0%, 8=0.0%, 16=0.0%, 32=0.0%, 64=0.0%, >=64=0.0%
     complete  : 0=0.0%, 4=100.0%, 8=0.0%, 16=0.0%, 32=0.0%, 64=0.0%, >=64=0.0%
     issued rwt: total=13328594,0,0, short=0,0,0, dropped=0,0,0
     latency   : target=0, window=0, percentile=100.00%, depth=4
rand-write-4K-qd16: (groupid=4, jobs=2): err= 0: pid=41346: Sun Jul 21 22:21:47 2019
  write: IOPS=426k, BW=1665MiB/s (1746MB/s)(48.8GiB/30011msec)
    slat (nsec): min=1637, max=13280k, avg=2998.58, stdev=4293.67
    clat (usec): min=8, max=13309, avg=15.16, stdev= 8.36
     lat (usec): min=11, max=13311, avg=18.25, stdev= 9.35
    clat percentiles (usec):
     | 10.000th=[   13], 20.000th=[   14], 30.000th=[   15], 40.000th=[   15],
     | 50.000th=[   15], 70.000th=[   16], 90.000th=[   17], 99.000th=[   29],
     | 99.900th=[   50], 99.990th=[   75], 99.999th=[  750]
   bw (  KiB/s): min=613682, max=816661, per=44.83%, avg=764445.93, stdev=33850.47, samples=118
   iops        : min=153420, max=204165, avg=191111.13, stdev=8462.56, samples=118
  lat (usec)   : 10=0.04%, 20=96.33%, 50=3.54%, 100=0.08%, 250=0.01%
  lat (usec)   : 500=0.01%, 750=0.01%, 1000=0.01%
  lat (msec)   : 20=0.01%
  cpu          : usr=44.09%, sys=54.59%, ctx=125189, majf=0, minf=66
  IO depths    : 1=0.1%, 2=0.1%, 4=100.0%, 8=0.0%, 16=0.0%, 32=0.0%, >=64=0.0%
     submit    : 0=0.0%, 4=100.0%, 8=0.0%, 16=0.0%, 32=0.0%, 64=0.0%, >=64=0.0%
     complete  : 0=0.0%, 4=100.0%, 8=0.0%, 16=0.0%, 32=0.0%, 64=0.0%, >=64=0.0%
     issued rwt: total=0,12793912,0, short=0,0,0, dropped=0,0,0
     latency   : target=0, window=0, percentile=100.00%, depth=4
rand-rw-4K-qd16: (groupid=5, jobs=2): err= 0: pid=41351: Sun Jul 21 22:21:47 2019
   read: IOPS=297k, BW=1160MiB/s (1217MB/s)(34.0GiB/30013msec)
    slat (nsec): min=1607, max=792063, avg=2858.57, stdev=2212.28
    clat (usec): min=8, max=13279, avg=15.36, stdev= 9.56
     lat (usec): min=11, max=13281, avg=18.32, stdev= 9.73
    clat percentiles (usec):
     | 10.000th=[   13], 20.000th=[   14], 30.000th=[   14], 40.000th=[   15],
     | 50.000th=[   15], 70.000th=[   16], 90.000th=[   19], 99.000th=[   30],
     | 99.900th=[   48], 99.990th=[   59], 99.999th=[  750]
   bw (  KiB/s): min=360272, max=529641, per=34.44%, avg=409167.55, stdev=17536.17, samples=118
   iops        : min=90068, max=132410, avg=102291.57, stdev=4384.06, samples=118
  write: IOPS=127k, BW=497MiB/s (521MB/s)(14.6GiB/30013msec)
    slat (nsec): min=1655, max=13259k, avg=3032.45, stdev=7092.91
    clat (usec): min=8, max=805, avg=15.36, stdev= 5.46
     lat (usec): min=11, max=13273, avg=18.49, stdev= 8.87
    clat percentiles (usec):
     | 10.000th=[   13], 20.000th=[   13], 30.000th=[   14], 40.000th=[   15],
     | 50.000th=[   15], 70.000th=[   16], 90.000th=[   19], 99.000th=[   31],
     | 99.900th=[   48], 99.990th=[   59], 99.999th=[  750]
   bw (  KiB/s): min=152413, max=227972, per=34.44%, avg=175385.01, stdev=7661.77, samples=118
   iops        : min=38103, max=56993, avg=43845.84, stdev=1915.50, samples=118
  lat (usec)   : 10=0.04%, 20=92.89%, 50=7.02%, 100=0.04%, 250=0.01%
  lat (usec)   : 500=0.01%, 750=0.01%, 1000=0.01%
  lat (msec)   : 20=0.01%
  cpu          : usr=42.01%, sys=54.59%, ctx=430466, majf=0, minf=3740
  IO depths    : 1=0.1%, 2=0.1%, 4=100.0%, 8=0.0%, 16=0.0%, 32=0.0%, >=64=0.0%
     submit    : 0=0.0%, 4=100.0%, 8=0.0%, 16=0.0%, 32=0.0%, 64=0.0%, >=64=0.0%
     complete  : 0=0.0%, 4=100.0%, 8=0.0%, 16=0.0%, 32=0.0%, 64=0.0%, >=64=0.0%
     issued rwt: total=8914671,3821108,0, short=0,0,0, dropped=0,0,0
     latency   : target=0, window=0, percentile=100.00%, depth=4
rand-read-4K-qd128: (groupid=6, jobs=2): err= 0: pid=41356: Sun Jul 21 22:21:47 2019
   read: IOPS=452k, BW=1767MiB/s (1853MB/s)(51.8GiB/30001msec)
    slat (nsec): min=1609, max=16015k, avg=3072.94, stdev=9041.22
    clat (usec): min=10, max=16231, avg=137.89, stdev=56.68
     lat (usec): min=13, max=16234, avg=141.06, stdev=57.41
    clat percentiles (usec):
     | 10.000th=[  131], 20.000th=[  133], 30.000th=[  135], 40.000th=[  135],
     | 50.000th=[  137], 70.000th=[  139], 90.000th=[  147], 99.000th=[  174],
     | 99.900th=[  204], 99.990th=[  881], 99.999th=[16188]
   bw (  KiB/s): min=530575, max=845059, per=38.17%, avg=690856.61, stdev=23692.97, samples=118
   iops        : min=132643, max=211264, avg=172713.65, stdev=5923.28, samples=118
  lat (usec)   : 20=0.01%, 50=0.01%, 100=0.01%, 250=99.95%, 500=0.02%
  lat (usec)   : 750=0.01%, 1000=0.03%
  lat (msec)   : 10=0.01%, 20=0.01%
  cpu          : usr=38.38%, sys=61.51%, ctx=63, majf=0, minf=3825
  IO depths    : 1=0.1%, 2=0.1%, 4=0.1%, 8=0.1%, 16=0.1%, 32=100.0%, >=64=0.0%
     submit    : 0=0.0%, 4=100.0%, 8=0.0%, 16=0.0%, 32=0.0%, 64=0.0%, >=64=0.0%
     complete  : 0=0.0%, 4=100.0%, 8=0.0%, 16=0.0%, 32=0.1%, 64=0.0%, >=64=0.0%
     issued rwt: total=13574581,0,0, short=0,0,0, dropped=0,0,0
     latency   : target=0, window=0, percentile=100.00%, depth=32
rand-write-4K-qd128: (groupid=7, jobs=2): err= 0: pid=41364: Sun Jul 21 22:21:47 2019
  write: IOPS=438k, BW=1713MiB/s (1796MB/s)(50.2GiB/30001msec)
    slat (nsec): min=1641, max=814173, avg=2961.65, stdev=2124.54
    clat (usec): min=10, max=1022, avg=142.43, stdev=15.95
     lat (usec): min=13, max=1027, avg=145.49, stdev=16.15
    clat percentiles (usec):
     | 10.000th=[  135], 20.000th=[  137], 30.000th=[  139], 40.000th=[  139],
     | 50.000th=[  141], 70.000th=[  143], 90.000th=[  153], 99.000th=[  188],
     | 99.900th=[  219], 99.990th=[  881], 99.999th=[  930]
   bw (  KiB/s): min=586401, max=780108, per=42.49%, avg=745275.31, stdev=26258.37, samples=118
   iops        : min=146600, max=195027, avg=186318.47, stdev=6564.59, samples=118
  lat (usec)   : 20=0.01%, 50=0.01%, 100=0.01%, 250=99.96%, 500=0.01%
  lat (usec)   : 1000=0.03%
  lat (msec)   : 2=0.01%
  cpu          : usr=43.58%, sys=56.45%, ctx=58, majf=0, minf=69
  IO depths    : 1=0.1%, 2=0.1%, 4=0.1%, 8=0.1%, 16=0.1%, 32=100.0%, >=64=0.0%
     submit    : 0=0.0%, 4=100.0%, 8=0.0%, 16=0.0%, 32=0.0%, 64=0.0%, >=64=0.0%
     complete  : 0=0.0%, 4=100.0%, 8=0.0%, 16=0.0%, 32=0.1%, 64=0.0%, >=64=0.0%
     issued rwt: total=0,13155343,0, short=0,0,0, dropped=0,0,0
     latency   : target=0, window=0, percentile=100.00%, depth=32
rand-rw-4K-qd128: (groupid=8, jobs=2): err= 0: pid=41370: Sun Jul 21 22:21:47 2019
   read: IOPS=306k, BW=1197MiB/s (1255MB/s)(35.1GiB/30001msec)
    slat (nsec): min=1601, max=16029k, avg=2937.45, stdev=10062.96
    clat (usec): min=12, max=16191, avg=142.58, stdev=65.37
     lat (usec): min=17, max=16193, avg=145.62, stdev=66.15
    clat percentiles (usec):
     | 10.000th=[  133], 20.000th=[  137], 30.000th=[  137], 40.000th=[  139],
     | 50.000th=[  141], 70.000th=[  145], 90.000th=[  153], 99.000th=[  190],
     | 99.900th=[  227], 99.990th=[  889], 99.999th=[16188]
   bw (  KiB/s): min=436336, max=658560, per=50.00%, avg=612835.20, stdev=34112.56, samples=118
   iops        : min=109084, max=164640, avg=153208.80, stdev=8528.09, samples=118
  write: IOPS=131k, BW=513MiB/s (538MB/s)(15.0GiB/30001msec)
    slat (nsec): min=1641, max=16033k, avg=3116.75, stdev=11652.71
    clat (usec): min=23, max=16189, avg=142.59, stdev=67.84
     lat (usec): min=28, max=16192, avg=145.81, stdev=68.85
    clat percentiles (usec):
     | 10.000th=[  133], 20.000th=[  137], 30.000th=[  137], 40.000th=[  139],
     | 50.000th=[  141], 70.000th=[  145], 90.000th=[  153], 99.000th=[  190],
     | 99.900th=[  227], 99.990th=[  889], 99.999th=[16188]
   bw (  KiB/s): min=189512, max=282760, per=50.00%, avg=262810.53, stdev=14281.23, samples=118
   iops        : min=47378, max=70690, avg=65702.57, stdev=3570.29, samples=118
  lat (usec)   : 20=0.01%, 50=0.01%, 100=0.01%, 250=99.93%, 500=0.04%
  lat (usec)   : 750=0.01%, 1000=0.03%
  lat (msec)   : 10=0.01%, 20=0.01%
  cpu          : usr=42.92%, sys=56.91%, ctx=64, majf=0, minf=3750
  IO depths    : 1=0.1%, 2=0.1%, 4=0.1%, 8=0.1%, 16=0.1%, 32=100.0%, >=64=0.0%
     submit    : 0=0.0%, 4=100.0%, 8=0.0%, 16=0.0%, 32=0.0%, 64=0.0%, >=64=0.0%
     complete  : 0=0.0%, 4=100.0%, 8=0.0%, 16=0.0%, 32=0.1%, 64=0.0%, >=64=0.0%
     issued rwt: total=9193206,3941930,0, short=0,0,0, dropped=0,0,0
     latency   : target=0, window=0, percentile=100.00%, depth=32

Run status group 0 (all jobs):
  WRITE: bw=2435MiB/s (2553MB/s), 2435MiB/s-2435MiB/s (2553MB/s-2553MB/s), io=35.7GiB (38.3GB), run=15001-15001msec

Run status group 1 (all jobs):
   READ: bw=314MiB/s (329MB/s), 314MiB/s-314MiB/s (329MB/s-329MB/s), io=9413MiB (9870MB), run=30001-30001msec

Run status group 2 (all jobs):
  WRITE: bw=271MiB/s (284MB/s), 271MiB/s-271MiB/s (284MB/s-284MB/s), io=8140MiB (8535MB), run=30001-30001msec

Run status group 3 (all jobs):
   READ: bw=1735MiB/s (1820MB/s), 1735MiB/s-1735MiB/s (1820MB/s-1820MB/s), io=50.8GiB (54.6GB), run=30001-30001msec

Run status group 4 (all jobs):
  WRITE: bw=1665MiB/s (1746MB/s), 1665MiB/s-1665MiB/s (1746MB/s-1746MB/s), io=48.8GiB (52.4GB), run=30011-30011msec

Run status group 5 (all jobs):
   READ: bw=1160MiB/s (1217MB/s), 1160MiB/s-1160MiB/s (1217MB/s-1217MB/s), io=34.0GiB (36.5GB), run=30013-30013msec
  WRITE: bw=497MiB/s (521MB/s), 497MiB/s-497MiB/s (521MB/s-521MB/s), io=14.6GiB (15.7GB), run=30013-30013msec

Run status group 6 (all jobs):
   READ: bw=1767MiB/s (1853MB/s), 1767MiB/s-1767MiB/s (1853MB/s-1853MB/s), io=51.8GiB (55.6GB), run=30001-30001msec

Run status group 7 (all jobs):
  WRITE: bw=1713MiB/s (1796MB/s), 1713MiB/s-1713MiB/s (1796MB/s-1796MB/s), io=50.2GiB (53.9GB), run=30001-30001msec

Run status group 8 (all jobs):
   READ: bw=1197MiB/s (1255MB/s), 1197MiB/s-1197MiB/s (1255MB/s-1255MB/s), io=35.1GiB (37.7GB), run=30001-30001msec
  WRITE: bw=513MiB/s (538MB/s), 513MiB/s-513MiB/s (538MB/s-538MB/s), io=15.0GiB (16.1GB), run=30001-30001msec

Disk stats (read/write):
  nvme0n1: ios=47348374/36057205, merge=0/0, ticks=464984/632428, in_queue=685136, util=73.54%
