precondition: (g=0): rw=write, bs=(R) 128KiB-128KiB, (W) 128KiB-128KiB, (T) 128KiB-128KiB, ioengine=libaio, iodepth=16
rand-read-4K-qd1: (g=1): rw=randread, bs=(R) 4096B-4096B, (W) 4096B-4096B, (T) 4096B-4096B, ioengine=libaio, iodepth=1
rand-write-4K-qd1: (g=2): rw=randwrite, bs=(R) 4096B-4096B, (W) 4096B-4096B, (T) 4096B-4096B, ioengine=libaio, iodepth=1
rand-read-4K-qd16: (g=3): rw=randread, bs=(R) 4096B-4096B, (W) 4096B-4096B, (T) 4096B-4096B, ioengine=libaio, iodepth=4
...
rand-write-4K-qd16: (g=4): rw=randwrite, bs=(R) 4096B-4096B, (W) 4096B-4096B, (T) 4096B-4096B, ioengine=libaio, iodepth=4
...
rand-rw-4K-qd16: (g=5): rw=randrw, bs=(R) 4096B-4096B, (W) 4096B-4096B, (T) 4096B-4096B, ioengine=libaio, iodepth=4
...
rand-read-4K-qd128: (g=6): rw=randread, bs=(R) 4096B-4096B, (W) 4096B-4096B, (T) 4096B-4096B, ioengine=libaio, iodepth=32
...
rand-write-4K-qd128: (g=7): rw=randwrite, bs=(R) 4096B-4096B, (W) 4096B-4096B, (T) 4096B-4096B, ioengine=libaio, iodepth=32
...
rand-rw-4K-qd128: (g=8): rw=randrw, bs=(R) 4096B-4096B, (W) 4096B-4096B, (T) 4096B-4096B, ioengine=libaio, iodepth=32
...
fio-3.1
Starting 123 processes

precondition: (groupid=0, jobs=1): err= 0: pid=39912: Sun Jul 21 21:31:33 2019
  write: IOPS=19.5k, BW=2439MiB/s (2557MB/s)(35.7GiB/15001msec)
    slat (usec): min=6, max=1137, avg=11.12, stdev= 5.54
    clat (usec): min=190, max=1971, avg=807.86, stdev=48.55
     lat (usec): min=200, max=1981, avg=819.14, stdev=48.46
    clat percentiles (usec):
     | 10.000th=[  783], 20.000th=[  791], 30.000th=[  791], 40.000th=[  791],
     | 50.000th=[  799], 70.000th=[  816], 90.000th=[  840], 99.000th=[  938],
     | 99.900th=[ 1516], 99.990th=[ 1844], 99.999th=[ 1942]
   bw (  MiB/s): min= 1893, max= 2382, per=82.32%, avg=2007.63, stdev=81.42, samples=29
   iops        : min=15146, max=19060, avg=16060.59, stdev=651.43, samples=29
  lat (usec)   : 250=0.04%, 500=0.10%, 750=0.11%, 1000=99.46%
  lat (msec)   : 2=0.29%
  cpu          : usr=13.38%, sys=21.15%, ctx=291827, majf=0, minf=15
  IO depths    : 1=0.1%, 2=0.1%, 4=0.1%, 8=0.1%, 16=100.0%, 32=0.0%, >=64=0.0%
     submit    : 0=0.0%, 4=100.0%, 8=0.0%, 16=0.0%, 32=0.0%, 64=0.0%, >=64=0.0%
     complete  : 0=0.0%, 4=100.0%, 8=0.0%, 16=0.1%, 32=0.0%, 64=0.0%, >=64=0.0%
     issued rwt: total=0,292662,0, short=0,0,0, dropped=0,0,0
     latency   : target=0, window=0, percentile=100.00%, depth=16
rand-read-4K-qd1: (groupid=1, jobs=1): err= 0: pid=39918: Sun Jul 21 21:31:33 2019
   read: IOPS=81.3k, BW=318MiB/s (333MB/s)(9528MiB/30001msec)
    slat (nsec): min=1807, max=866625, avg=2204.21, stdev=1631.06
    clat (nsec): min=720, max=867811, avg=9540.97, stdev=4095.91
     lat (usec): min=9, max=941, avg=11.82, stdev= 4.42
    clat percentiles (usec):
     | 10.000th=[   10], 20.000th=[   10], 30.000th=[   10], 40.000th=[   10],
     | 50.000th=[   10], 70.000th=[   10], 90.000th=[   10], 99.000th=[   16],
     | 99.900th=[   36], 99.990th=[   41], 99.999th=[  840]
   bw (  KiB/s): min=294940, max=311396, per=94.45%, avg=307149.25, stdev=3035.35, samples=59
   iops        : min=73735, max=77851, avg=76787.03, stdev=758.88, samples=59
  lat (nsec)   : 750=0.01%, 1000=0.01%
  lat (usec)   : 2=0.01%, 4=0.01%, 10=95.57%, 20=3.72%, 50=0.70%
  lat (usec)   : 100=0.01%, 250=0.01%, 1000=0.01%
  cpu          : usr=23.95%, sys=20.88%, ctx=2439012, majf=0, minf=17
  IO depths    : 1=100.0%, 2=0.0%, 4=0.0%, 8=0.0%, 16=0.0%, 32=0.0%, >=64=0.0%
     submit    : 0=0.0%, 4=100.0%, 8=0.0%, 16=0.0%, 32=0.0%, 64=0.0%, >=64=0.0%
     complete  : 0=0.0%, 4=100.0%, 8=0.0%, 16=0.0%, 32=0.0%, 64=0.0%, >=64=0.0%
     issued rwt: total=2439102,0,0, short=0,0,0, dropped=0,0,0
     latency   : target=0, window=0, percentile=100.00%, depth=1
rand-write-4K-qd1: (groupid=2, jobs=1): err= 0: pid=39919: Sun Jul 21 21:31:33 2019
  write: IOPS=70.5k, BW=275MiB/s (289MB/s)(8257MiB/30001msec)
    slat (nsec): min=1996, max=857922, avg=2404.30, stdev=1546.28
    clat (nsec): min=789, max=983462, avg=11194.78, stdev=4455.00
     lat (usec): min=12, max=985, avg=13.69, stdev= 4.72
    clat percentiles (usec):
     | 10.000th=[   11], 20.000th=[   11], 30.000th=[   11], 40.000th=[   11],
     | 50.000th=[   11], 70.000th=[   12], 90.000th=[   12], 99.000th=[   15],
     | 99.900th=[   38], 99.990th=[   43], 99.999th=[  848]
   bw (  KiB/s): min=198217, max=280444, per=71.41%, avg=201260.61, stdev=10551.33, samples=59
   iops        : min=49555, max=70111, avg=50314.83, stdev=2637.87, samples=59
  lat (nsec)   : 1000=0.01%
  lat (usec)   : 2=0.01%, 10=0.01%, 20=99.24%, 50=0.75%, 100=0.01%
  lat (usec)   : 1000=0.01%
  cpu          : usr=23.60%, sys=18.38%, ctx=2113891, majf=0, minf=18
  IO depths    : 1=100.0%, 2=0.0%, 4=0.0%, 8=0.0%, 16=0.0%, 32=0.0%, >=64=0.0%
     submit    : 0=0.0%, 4=100.0%, 8=0.0%, 16=0.0%, 32=0.0%, 64=0.0%, >=64=0.0%
     complete  : 0=0.0%, 4=100.0%, 8=0.0%, 16=0.0%, 32=0.0%, 64=0.0%, >=64=0.0%
     issued rwt: total=0,2113913,0, short=0,0,0, dropped=0,0,0
     latency   : target=0, window=0, percentile=100.00%, depth=1
rand-read-4K-qd16: (groupid=3, jobs=20): err= 0: pid=39924: Sun Jul 21 21:31:33 2019
   read: IOPS=583k, BW=2276MiB/s (2386MB/s)(66.7GiB/30004msec)
    slat (usec): min=2, max=2082, avg= 3.90, stdev= 3.07
    clat (usec): min=10, max=3863, avg=132.39, stdev=51.81
     lat (usec): min=12, max=3867, avg=136.41, stdev=51.88
    clat percentiles (usec):
     | 10.000th=[  103], 20.000th=[  110], 30.000th=[  115], 40.000th=[  120],
     | 50.000th=[  125], 70.000th=[  130], 90.000th=[  143], 99.000th=[  396],
     | 99.900th=[  545], 99.990th=[ 1037], 99.999th=[ 1221]
   bw (  KiB/s): min=27714, max=127117, per=4.21%, avg=98102.72, stdev=15663.44, samples=1180
   iops        : min= 6928, max=31777, avg=24525.31, stdev=3915.86, samples=1180
  lat (usec)   : 20=0.01%, 50=0.04%, 100=4.99%, 250=91.97%, 500=2.57%
  lat (usec)   : 750=0.38%, 1000=0.01%
  lat (msec)   : 2=0.02%, 4=0.01%
  cpu          : usr=9.52%, sys=17.94%, ctx=17301402, majf=0, minf=52610
  IO depths    : 1=0.1%, 2=0.1%, 4=100.0%, 8=0.0%, 16=0.0%, 32=0.0%, >=64=0.0%
     submit    : 0=0.0%, 4=100.0%, 8=0.0%, 16=0.0%, 32=0.0%, 64=0.0%, >=64=0.0%
     complete  : 0=0.0%, 4=100.0%, 8=0.0%, 16=0.0%, 32=0.0%, 64=0.0%, >=64=0.0%
     issued rwt: total=17480419,0,0, short=0,0,0, dropped=0,0,0
     latency   : target=0, window=0, percentile=100.00%, depth=4
rand-write-4K-qd16: (groupid=4, jobs=20): err= 0: pid=39944: Sun Jul 21 21:31:33 2019
  write: IOPS=520k, BW=2031MiB/s (2130MB/s)(59.6GiB/30028msec)
    slat (usec): min=2, max=26791, avg= 4.20, stdev=29.69
    clat (usec): min=12, max=27073, avg=148.48, stdev=75.08
     lat (usec): min=16, max=27076, avg=152.82, stdev=80.67
    clat percentiles (usec):
     | 10.000th=[  108], 20.000th=[  122], 30.000th=[  133], 40.000th=[  139],
     | 50.000th=[  141], 70.000th=[  151], 90.000th=[  159], 99.000th=[  404],
     | 99.900th=[  523], 99.990th=[ 1090], 99.999th=[ 1319]
   bw (  KiB/s): min=25997, max=138570, per=3.62%, avg=75294.27, stdev=17556.06, samples=1180
   iops        : min= 6499, max=34642, avg=18823.19, stdev=4389.00, samples=1180
  lat (usec)   : 20=0.01%, 50=0.03%, 100=2.69%, 250=92.27%, 500=4.80%
  lat (usec)   : 750=0.18%, 1000=0.01%
  lat (msec)   : 2=0.02%, 4=0.01%, 50=0.01%
  cpu          : usr=8.98%, sys=16.86%, ctx=15461148, majf=0, minf=34713
  IO depths    : 1=0.1%, 2=0.1%, 4=100.0%, 8=0.0%, 16=0.0%, 32=0.0%, >=64=0.0%
     submit    : 0=0.0%, 4=100.0%, 8=0.0%, 16=0.0%, 32=0.0%, 64=0.0%, >=64=0.0%
     complete  : 0=0.0%, 4=100.0%, 8=0.0%, 16=0.0%, 32=0.0%, 64=0.0%, >=64=0.0%
     issued rwt: total=0,15615239,0, short=0,0,0, dropped=0,0,0
     latency   : target=0, window=0, percentile=100.00%, depth=4
rand-rw-4K-qd16: (groupid=5, jobs=20): err= 0: pid=39968: Sun Jul 21 21:31:33 2019
   read: IOPS=304k, BW=1188MiB/s (1246MB/s)(34.8GiB/30015msec)
    slat (usec): min=2, max=18224, avg= 4.39, stdev=21.37
    clat (usec): min=11, max=18271, avg=178.23, stdev=81.19
     lat (usec): min=19, max=18278, avg=182.76, stdev=83.94
    clat percentiles (usec):
     | 10.000th=[  131], 20.000th=[  153], 30.000th=[  159], 40.000th=[  161],
     | 50.000th=[  165], 70.000th=[  172], 90.000th=[  208], 99.000th=[  498],
     | 99.900th=[  742], 99.990th=[ 1172], 99.999th=[ 2671]
   bw (  KiB/s): min=19372, max=125181, per=4.11%, avg=50023.68, stdev=9599.82, samples=1180
   iops        : min= 4843, max=31295, avg=12505.55, stdev=2399.94, samples=1180
  write: IOPS=130k, BW=509MiB/s (534MB/s)(14.9GiB/30015msec)
    slat (usec): min=2, max=16503, avg= 4.61, stdev=25.26
    clat (usec): min=15, max=18269, avg=178.73, stdev=82.59
     lat (usec): min=19, max=18274, avg=183.48, stdev=86.31
    clat percentiles (usec):
     | 10.000th=[  133], 20.000th=[  155], 30.000th=[  159], 40.000th=[  163],
     | 50.000th=[  165], 70.000th=[  172], 90.000th=[  210], 99.000th=[  498],
     | 99.900th=[  742], 99.990th=[ 1188], 99.999th=[ 2704]
   bw (  KiB/s): min= 8388, max=53541, per=4.11%, avg=21430.94, stdev=4112.06, samples=1180
   iops        : min= 2097, max=13385, avg=5357.37, stdev=1028.04, samples=1180
  lat (usec)   : 20=0.01%, 50=0.06%, 100=2.52%, 250=88.53%, 500=8.06%
  lat (usec)   : 750=0.72%, 1000=0.06%
  lat (msec)   : 2=0.04%, 4=0.01%, 10=0.01%, 20=0.01%
  cpu          : usr=8.18%, sys=15.01%, ctx=12884715, majf=0, minf=55479
  IO depths    : 1=0.1%, 2=0.1%, 4=100.0%, 8=0.0%, 16=0.0%, 32=0.0%, >=64=0.0%
     submit    : 0=0.0%, 4=100.0%, 8=0.0%, 16=0.0%, 32=0.0%, 64=0.0%, >=64=0.0%
     complete  : 0=0.0%, 4=100.0%, 8=0.0%, 16=0.0%, 32=0.0%, 64=0.0%, >=64=0.0%
     issued rwt: total=9131587,3912260,0, short=0,0,0, dropped=0,0,0
     latency   : target=0, window=0, percentile=100.00%, depth=4
rand-read-4K-qd128: (groupid=6, jobs=20): err= 0: pid=39992: Sun Jul 21 21:31:33 2019
   read: IOPS=484k, BW=1889MiB/s (1980MB/s)(55.3GiB/30003msec)
    slat (usec): min=2, max=1295, avg= 4.51, stdev= 6.96
    clat (usec): min=13, max=5689, avg=1317.72, stdev=438.59
     lat (usec): min=16, max=5694, avg=1322.36, stdev=438.57
    clat percentiles (usec):
     | 10.000th=[ 1123], 20.000th=[ 1172], 30.000th=[ 1188], 40.000th=[ 1205],
     | 50.000th=[ 1237], 70.000th=[ 1254], 90.000th=[ 1336], 99.000th=[ 3556],
     | 99.900th=[ 4490], 99.990th=[ 4686], 99.999th=[ 4817]
   bw (  KiB/s): min=24416, max=132554, per=4.84%, avg=93691.31, stdev=19832.07, samples=1185
   iops        : min= 6104, max=33138, avg=23422.46, stdev=4958.01, samples=1185
  lat (usec)   : 20=0.01%, 50=0.01%, 100=0.09%, 250=0.26%, 500=0.27%
  lat (usec)   : 750=0.23%, 1000=0.27%
  lat (msec)   : 2=91.73%, 4=6.77%, 10=0.38%
  cpu          : usr=8.66%, sys=16.65%, ctx=13937784, majf=0, minf=44995
  IO depths    : 1=0.1%, 2=0.1%, 4=0.1%, 8=0.1%, 16=0.1%, 32=100.0%, >=64=0.0%
     submit    : 0=0.0%, 4=100.0%, 8=0.0%, 16=0.0%, 32=0.0%, 64=0.0%, >=64=0.0%
     complete  : 0=0.0%, 4=100.0%, 8=0.0%, 16=0.0%, 32=0.1%, 64=0.0%, >=64=0.0%
     issued rwt: total=14506477,0,0, short=0,0,0, dropped=0,0,0
     latency   : target=0, window=0, percentile=100.00%, depth=32
rand-write-4K-qd128: (groupid=7, jobs=20): err= 0: pid=40012: Sun Jul 21 21:31:33 2019
  write: IOPS=519k, BW=2028MiB/s (2126MB/s)(59.4GiB/30020msec)
    slat (usec): min=2, max=21002, avg= 4.45, stdev=20.99
    clat (usec): min=22, max=22161, avg=1226.53, stdev=378.59
     lat (usec): min=54, max=22165, avg=1231.11, stdev=379.02
    clat percentiles (usec):
     | 10.000th=[ 1004], 20.000th=[ 1090], 30.000th=[ 1139], 40.000th=[ 1156],
     | 50.000th=[ 1172], 70.000th=[ 1221], 90.000th=[ 1270], 99.000th=[ 2769],
     | 99.900th=[ 4015], 99.990th=[ 5014], 99.999th=[21890]
   bw (  KiB/s): min=32102, max=156180, per=3.90%, avg=81029.71, stdev=14734.07, samples=1180
   iops        : min= 8025, max=39045, avg=20257.05, stdev=3683.54, samples=1180
  lat (usec)   : 50=0.01%, 100=0.10%, 250=0.25%, 500=0.25%, 750=0.32%
  lat (usec)   : 1000=9.09%
  lat (msec)   : 2=84.14%, 4=5.73%, 10=0.11%, 20=0.01%, 50=0.01%
  cpu          : usr=9.08%, sys=17.21%, ctx=14956720, majf=0, minf=32137
  IO depths    : 1=0.1%, 2=0.1%, 4=0.1%, 8=0.1%, 16=0.1%, 32=100.0%, >=64=0.0%
     submit    : 0=0.0%, 4=100.0%, 8=0.0%, 16=0.0%, 32=0.0%, 64=0.0%, >=64=0.0%
     complete  : 0=0.0%, 4=100.0%, 8=0.0%, 16=0.0%, 32=0.1%, 64=0.0%, >=64=0.0%
     issued rwt: total=0,15583526,0, short=0,0,0, dropped=0,0,0
     latency   : target=0, window=0, percentile=100.00%, depth=32
rand-rw-4K-qd128: (groupid=8, jobs=20): err= 0: pid=40035: Sun Jul 21 21:31:33 2019
   read: IOPS=305k, BW=1190MiB/s (1248MB/s)(34.9GiB/30023msec)
    slat (usec): min=2, max=22295, avg= 4.61, stdev=25.24
    clat (usec): min=16, max=25722, avg=1463.72, stdev=865.07
     lat (usec): min=38, max=25726, avg=1468.47, stdev=865.39
    clat percentiles (usec):
     | 10.000th=[ 1106], 20.000th=[ 1156], 30.000th=[ 1205], 40.000th=[ 1237],
     | 50.000th=[ 1254], 70.000th=[ 1319], 90.000th=[ 1893], 99.000th=[ 5866],
     | 99.900th=[ 6915], 99.990th=[ 7635], 99.999th=[23462]
   bw (  KiB/s): min=13923, max=87008, per=5.04%, avg=61399.04, stdev=19422.49, samples=1194
   iops        : min= 3480, max=21752, avg=15349.46, stdev=4855.64, samples=1194
  write: IOPS=130k, BW=510MiB/s (535MB/s)(14.9GiB/30023msec)
    slat (usec): min=2, max=22252, avg= 4.84, stdev=28.07
    clat (usec): min=22, max=25721, avg=1464.24, stdev=865.00
     lat (usec): min=62, max=25725, avg=1469.22, stdev=865.39
    clat percentiles (usec):
     | 10.000th=[ 1106], 20.000th=[ 1156], 30.000th=[ 1205], 40.000th=[ 1237],
     | 50.000th=[ 1254], 70.000th=[ 1319], 90.000th=[ 1893], 99.000th=[ 5866],
     | 99.900th=[ 6915], 99.990th=[ 7635], 99.999th=[23462]
   bw (  KiB/s): min= 5818, max=37488, per=5.04%, avg=26300.84, stdev=8333.64, samples=1194
   iops        : min= 1454, max= 9372, avg=6574.90, stdev=2083.43, samples=1194
  lat (usec)   : 20=0.01%, 50=0.01%, 100=0.11%, 250=0.43%, 500=0.41%
  lat (usec)   : 750=0.42%, 1000=0.63%
  lat (msec)   : 2=88.10%, 4=6.57%, 10=3.33%, 50=0.01%
  cpu          : usr=8.18%, sys=15.06%, ctx=12561236, majf=0, minf=41501
  IO depths    : 1=0.1%, 2=0.1%, 4=0.1%, 8=0.1%, 16=0.1%, 32=100.0%, >=64=0.0%
     submit    : 0=0.0%, 4=100.0%, 8=0.0%, 16=0.0%, 32=0.0%, 64=0.0%, >=64=0.0%
     complete  : 0=0.0%, 4=100.0%, 8=0.0%, 16=0.0%, 32=0.1%, 64=0.0%, >=64=0.0%
     issued rwt: total=9146724,3917947,0, short=0,0,0, dropped=0,0,0
     latency   : target=0, window=0, percentile=100.00%, depth=32

Run status group 0 (all jobs):
  WRITE: bw=2439MiB/s (2557MB/s), 2439MiB/s-2439MiB/s (2557MB/s-2557MB/s), io=35.7GiB (38.4GB), run=15001-15001msec

Run status group 1 (all jobs):
   READ: bw=318MiB/s (333MB/s), 318MiB/s-318MiB/s (333MB/s-333MB/s), io=9528MiB (9991MB), run=30001-30001msec

Run status group 2 (all jobs):
  WRITE: bw=275MiB/s (289MB/s), 275MiB/s-275MiB/s (289MB/s-289MB/s), io=8257MiB (8659MB), run=30001-30001msec

Run status group 3 (all jobs):
   READ: bw=2276MiB/s (2386MB/s), 2276MiB/s-2276MiB/s (2386MB/s-2386MB/s), io=66.7GiB (71.6GB), run=30004-30004msec

Run status group 4 (all jobs):
  WRITE: bw=2031MiB/s (2130MB/s), 2031MiB/s-2031MiB/s (2130MB/s-2130MB/s), io=59.6GiB (63.0GB), run=30028-30028msec

Run status group 5 (all jobs):
   READ: bw=1188MiB/s (1246MB/s), 1188MiB/s-1188MiB/s (1246MB/s-1246MB/s), io=34.8GiB (37.4GB), run=30015-30015msec
  WRITE: bw=509MiB/s (534MB/s), 509MiB/s-509MiB/s (534MB/s-534MB/s), io=14.9GiB (16.0GB), run=30015-30015msec

Run status group 6 (all jobs):
   READ: bw=1889MiB/s (1980MB/s), 1889MiB/s-1889MiB/s (1980MB/s-1980MB/s), io=55.3GiB (59.4GB), run=30003-30003msec

Run status group 7 (all jobs):
  WRITE: bw=2028MiB/s (2126MB/s), 2028MiB/s-2028MiB/s (2126MB/s-2126MB/s), io=59.4GiB (63.8GB), run=30020-30020msec

Run status group 8 (all jobs):
   READ: bw=1190MiB/s (1248MB/s), 1190MiB/s-1190MiB/s (1248MB/s-1248MB/s), io=34.9GiB (37.5GB), run=30023-30023msec
  WRITE: bw=510MiB/s (535MB/s), 510MiB/s-510MiB/s (535MB/s-535MB/s), io=14.9GiB (16.0GB), run=30023-30023msec

Disk stats (read/write):
  nvme0n1: ios=52640960/41408310, merge=0/0, ticks=36275988/28006000, in_queue=70823520, util=83.46%
