precondition: (g=0): rw=write, bs=(R) 128KiB-128KiB, (W) 128KiB-128KiB, (T) 128KiB-128KiB, ioengine=libaio, iodepth=16
rand-read-4K-qd1: (g=1): rw=randread, bs=(R) 4096B-4096B, (W) 4096B-4096B, (T) 4096B-4096B, ioengine=libaio, iodepth=1
rand-write-4K-qd1: (g=2): rw=randwrite, bs=(R) 4096B-4096B, (W) 4096B-4096B, (T) 4096B-4096B, ioengine=libaio, iodepth=1
rand-read-4K-qd16: (g=3): rw=randread, bs=(R) 4096B-4096B, (W) 4096B-4096B, (T) 4096B-4096B, ioengine=libaio, iodepth=4
...
rand-write-4K-qd16: (g=4): rw=randwrite, bs=(R) 4096B-4096B, (W) 4096B-4096B, (T) 4096B-4096B, ioengine=libaio, iodepth=4
...
rand-rw-4K-qd16: (g=5): rw=randrw, bs=(R) 4096B-4096B, (W) 4096B-4096B, (T) 4096B-4096B, ioengine=libaio, iodepth=4
...
rand-read-4K-qd128: (g=6): rw=randread, bs=(R) 4096B-4096B, (W) 4096B-4096B, (T) 4096B-4096B, ioengine=libaio, iodepth=32
...
rand-write-4K-qd128: (g=7): rw=randwrite, bs=(R) 4096B-4096B, (W) 4096B-4096B, (T) 4096B-4096B, ioengine=libaio, iodepth=32
...
rand-rw-4K-qd128: (g=8): rw=randrw, bs=(R) 4096B-4096B, (W) 4096B-4096B, (T) 4096B-4096B, ioengine=libaio, iodepth=32
...
fio-3.14-2-gce4d
Starting 27 processes
Jobs: 4 (f=4): [_(23),m(4)][27.6%][r=1360MiB/s,w=583MiB/s][r=348k,w=149k IOPS][eta 11m:15s]
precondition: (groupid=0, jobs=1): err= 0: pid=9801: Sat Jul 13 20:18:30 2019
  write: IOPS=15.4k, BW=1931MiB/s (2024MB/s)(28.3GiB/15002msec); 0 zone resets
    slat (nsec): min=8933, max=68200, avg=12893.86, stdev=2061.69
    clat (usec): min=247, max=2967, avg=1020.93, stdev=85.00
     lat (usec): min=266, max=2980, avg=1034.02, stdev=84.96
    clat percentiles (usec):
     | 10.000th=[  914], 20.000th=[  947], 30.000th=[  971], 40.000th=[  996],
     | 50.000th=[ 1020], 70.000th=[ 1057], 90.000th=[ 1123], 99.000th=[ 1237],
     | 99.900th=[ 1336], 99.990th=[ 2311], 99.999th=[ 2868]
   bw (  MiB/s): min= 1483, max= 1926, per=78.38%, avg=1513.17, stdev=79.87, samples=29
   iops        : min=11866, max=15409, avg=12104.79, stdev=638.90, samples=29
  lat (usec)   : 250=0.01%, 500=0.01%, 750=0.01%, 1000=41.80%
  lat (msec)   : 2=58.18%, 4=0.01%
  cpu          : usr=11.75%, sys=19.90%, ctx=231700, majf=0, minf=11
  IO depths    : 1=0.1%, 2=0.1%, 4=0.1%, 8=0.1%, 16=100.0%, 32=0.0%, >=64=0.0%
     submit    : 0=0.0%, 4=100.0%, 8=0.0%, 16=0.0%, 32=0.0%, 64=0.0%, >=64=0.0%
     complete  : 0=0.0%, 4=100.0%, 8=0.0%, 16=0.1%, 32=0.0%, 64=0.0%, >=64=0.0%
     issued rwts: total=0,231710,0,0 short=0,0,0,0 dropped=0,0,0,0
     latency   : target=0, window=0, percentile=100.00%, depth=16
rand-read-4K-qd1: (groupid=1, jobs=1): err= 0: pid=9806: Sat Jul 13 20:18:30 2019
  read: IOPS=89.4k, BW=349MiB/s (366MB/s)(10.2GiB/30001msec)
    slat (nsec): min=1539, max=56162, avg=1657.77, stdev=212.12
    clat (nsec): min=596, max=60255, avg=8826.03, stdev=1366.30
     lat (nsec): min=9936, max=62005, avg=10546.43, stdev=1384.12
    clat percentiles (nsec):
     | 10.000th=[ 8640], 20.000th=[ 8640], 30.000th=[ 8640], 40.000th=[ 8640],
     | 50.000th=[ 8640], 70.000th=[ 8768], 90.000th=[ 8896], 99.000th=[12224],
     | 99.900th=[34048], 99.990th=[37632], 99.999th=[43264]
   bw (  KiB/s): min=313992, max=355355, per=88.78%, avg=317337.88, stdev=5077.31, samples=59
   iops        : min=78498, max=88838, avg=79334.14, stdev=1269.27, samples=59
  lat (nsec)   : 750=0.01%, 1000=0.01%
  lat (usec)   : 4=0.01%, 10=98.66%, 20=1.03%, 50=0.30%, 100=0.01%
  cpu          : usr=12.59%, sys=26.79%, ctx=2681012, majf=0, minf=13
  IO depths    : 1=100.0%, 2=0.0%, 4=0.0%, 8=0.0%, 16=0.0%, 32=0.0%, >=64=0.0%
     submit    : 0=0.0%, 4=100.0%, 8=0.0%, 16=0.0%, 32=0.0%, 64=0.0%, >=64=0.0%
     complete  : 0=0.0%, 4=100.0%, 8=0.0%, 16=0.0%, 32=0.0%, 64=0.0%, >=64=0.0%
     issued rwts: total=2681008,0,0,0 short=0,0,0,0 dropped=0,0,0,0
     latency   : target=0, window=0, percentile=100.00%, depth=1
rand-write-4K-qd1: (groupid=2, jobs=1): err= 0: pid=9807: Sat Jul 13 20:18:30 2019
  write: IOPS=65.7k, BW=256MiB/s (269MB/s)(7694MiB/30001msec); 0 zone resets
    slat (nsec): min=1612, max=102513, avg=2570.40, stdev=236.14
    clat (nsec): min=922, max=118372, avg=11560.75, stdev=3481.53
     lat (usec): min=11, max=122, avg=14.23, stdev= 3.49
    clat percentiles (nsec):
     | 10.000th=[10944], 20.000th=[11072], 30.000th=[11072], 40.000th=[11072],
     | 50.000th=[11072], 70.000th=[11072], 90.000th=[11200], 99.000th=[38656],
     | 99.900th=[41728], 99.990th=[45312], 99.999th=[69120]
   bw (  KiB/s): min=179063, max=261679, per=69.07%, avg=181398.93, stdev=10639.26, samples=59
   iops        : min=44765, max=65419, avg=45349.31, stdev=2659.77, samples=59
  lat (nsec)   : 1000=0.01%
  lat (usec)   : 2=0.01%, 4=0.01%, 10=0.05%, 20=98.36%, 50=1.59%
  lat (usec)   : 100=0.01%, 250=0.01%
  cpu          : usr=15.55%, sys=28.74%, ctx=1969695, majf=0, minf=13
  IO depths    : 1=100.0%, 2=0.0%, 4=0.0%, 8=0.0%, 16=0.0%, 32=0.0%, >=64=0.0%
     submit    : 0=0.0%, 4=100.0%, 8=0.0%, 16=0.0%, 32=0.0%, 64=0.0%, >=64=0.0%
     complete  : 0=0.0%, 4=100.0%, 8=0.0%, 16=0.0%, 32=0.0%, 64=0.0%, >=64=0.0%
     issued rwts: total=0,1969697,0,0 short=0,0,0,0 dropped=0,0,0,0
     latency   : target=0, window=0, percentile=100.00%, depth=1
rand-read-4K-qd16: (groupid=3, jobs=4): err= 0: pid=9813: Sat Jul 13 20:18:30 2019
  read: IOPS=563k, BW=2200MiB/s (2307MB/s)(64.5GiB/30001msec)
    slat (nsec): min=1330, max=660922, avg=2272.97, stdev=3521.51
    clat (usec): min=7, max=8798, avg=25.47, stdev=47.52
     lat (usec): min=9, max=8802, avg=27.86, stdev=47.67
    clat percentiles (usec):
     | 10.000th=[   11], 20.000th=[   11], 30.000th=[   11], 40.000th=[   11],
     | 50.000th=[   12], 70.000th=[   13], 90.000th=[   30], 99.000th=[  289],
     | 99.900th=[  326], 99.990th=[  611], 99.999th=[  685]
   bw (  MiB/s): min= 1701, max= 2187, per=79.08%, avg=1739.57, stdev=15.03, samples=236
   iops        : min=435709, max=560039, avg=445329.00, stdev=3848.47, samples=236
  lat (usec)   : 10=5.63%, 20=65.36%, 50=22.92%, 100=1.44%, 250=2.54%
  lat (usec)   : 500=2.09%, 750=0.02%, 1000=0.01%
  lat (msec)   : 2=0.01%, 10=0.01%
  cpu          : usr=16.76%, sys=32.88%, ctx=1258270, majf=0, minf=75
  IO depths    : 1=0.1%, 2=0.1%, 4=100.0%, 8=0.0%, 16=0.0%, 32=0.0%, >=64=0.0%
     submit    : 0=0.0%, 4=100.0%, 8=0.0%, 16=0.0%, 32=0.0%, 64=0.0%, >=64=0.0%
     complete  : 0=0.0%, 4=100.0%, 8=0.0%, 16=0.0%, 32=0.0%, 64=0.0%, >=64=0.0%
     issued rwts: total=16895817,0,0,0 short=0,0,0,0 dropped=0,0,0,0
     latency   : target=0, window=0, percentile=100.00%, depth=4
rand-write-4K-qd16: (groupid=4, jobs=4): err= 0: pid=9817: Sat Jul 13 20:18:30 2019
  write: IOPS=467k, BW=1824MiB/s (1912MB/s)(53.5GiB/30013msec); 0 zone resets
    slat (nsec): min=1344, max=14674k, avg=2174.52, stdev=6816.83
    clat (usec): min=7, max=15285, avg=31.42, stdev=23.33
     lat (usec): min=10, max=15287, avg=33.70, stdev=24.24
    clat percentiles (usec):
     | 10.000th=[   11], 20.000th=[   12], 30.000th=[   24], 40.000th=[   27],
     | 50.000th=[   29], 70.000th=[   37], 90.000th=[   55], 99.000th=[   94],
     | 99.900th=[  159], 99.990th=[  273], 99.999th=[  553]
   bw (  MiB/s): min= 1298, max= 2046, per=91.45%, avg=1667.78, stdev=50.09, samples=236
   iops        : min=332390, max=523850, avg=426950.59, stdev=12822.08, samples=236
  lat (usec)   : 10=1.74%, 20=27.06%, 50=53.25%, 100=17.17%, 250=0.76%
  lat (usec)   : 500=0.01%, 750=0.01%, 1000=0.01%
  lat (msec)   : 2=0.01%, 4=0.01%, 10=0.01%, 20=0.01%
  cpu          : usr=14.25%, sys=28.50%, ctx=2733530, majf=0, minf=7345
  IO depths    : 1=0.1%, 2=0.1%, 4=100.0%, 8=0.0%, 16=0.0%, 32=0.0%, >=64=0.0%
     submit    : 0=0.0%, 4=100.0%, 8=0.0%, 16=0.0%, 32=0.0%, 64=0.0%, >=64=0.0%
     complete  : 0=0.0%, 4=100.0%, 8=0.0%, 16=0.0%, 32=0.0%, 64=0.0%, >=64=0.0%
     issued rwts: total=0,14011994,0,0 short=0,0,0,0 dropped=0,0,0,0
     latency   : target=0, window=0, percentile=100.00%, depth=4
rand-rw-4K-qd16: (groupid=5, jobs=4): err= 0: pid=9824: Sat Jul 13 20:18:30 2019
  read: IOPS=345k, BW=1349MiB/s (1414MB/s)(39.5GiB/30012msec)
    slat (nsec): min=1330, max=14063k, avg=2179.71, stdev=6216.66
    clat (usec): min=7, max=14487, avg=29.49, stdev=15.70
     lat (usec): min=9, max=14489, avg=31.78, stdev=16.86
    clat percentiles (usec):
     | 10.000th=[   24], 20.000th=[   26], 30.000th=[   27], 40.000th=[   28],
     | 50.000th=[   29], 70.000th=[   31], 90.000th=[   41], 99.000th=[   64],
     | 99.900th=[   90], 99.990th=[  123], 99.999th=[  190]
   bw (  KiB/s): min=946392, max=1375133, per=71.31%, avg=985030.61, stdev=13031.92, samples=236
   iops        : min=236597, max=343782, avg=246256.02, stdev=3258.00, samples=236
  write: IOPS=148k, BW=578MiB/s (606MB/s)(16.9GiB/30012msec); 0 zone resets
    slat (nsec): min=1354, max=14053k, avg=2266.66, stdev=6712.29
    clat (usec): min=7, max=14490, avg=29.53, stdev=15.71
     lat (usec): min=10, max=14491, avg=31.91, stdev=17.05
    clat percentiles (usec):
     | 10.000th=[   25], 20.000th=[   26], 30.000th=[   27], 40.000th=[   28],
     | 50.000th=[   29], 70.000th=[   30], 90.000th=[   40], 99.000th=[   63],
     | 99.900th=[   88], 99.990th=[  123], 99.999th=[  212]
   bw (  KiB/s): min=405741, max=590099, per=71.32%, avg=422127.75, stdev=5626.33, samples=236
   iops        : min=101434, max=147523, avg=105530.25, stdev=1406.58, samples=236
  lat (usec)   : 10=0.37%, 20=8.14%, 50=85.13%, 100=6.31%, 250=0.04%
  lat (usec)   : 500=0.01%, 750=0.01%
  lat (msec)   : 10=0.01%, 20=0.01%
  cpu          : usr=15.66%, sys=31.35%, ctx=3574290, majf=0, minf=72
  IO depths    : 1=0.1%, 2=0.1%, 4=100.0%, 8=0.0%, 16=0.0%, 32=0.0%, >=64=0.0%
     submit    : 0=0.0%, 4=100.0%, 8=0.0%, 16=0.0%, 32=0.0%, 64=0.0%, >=64=0.0%
     complete  : 0=0.0%, 4=100.0%, 8=0.0%, 16=0.0%, 32=0.0%, 64=0.0%, >=64=0.0%
     issued rwts: total=10363865,4441140,0,0 short=0,0,0,0 dropped=0,0,0,0
     latency   : target=0, window=0, percentile=100.00%, depth=4
rand-read-4K-qd128: (groupid=6, jobs=4): err= 0: pid=10042: Sat Jul 13 20:18:30 2019
  read: IOPS=581k, BW=2270MiB/s (2380MB/s)(66.5GiB/30001msec)
    slat (nsec): min=1331, max=9956.0k, avg=2277.01, stdev=7037.92
    clat (usec): min=9, max=14615, avg=217.34, stdev=180.24
     lat (usec): min=11, max=14619, avg=219.72, stdev=180.47
    clat percentiles (usec):
     | 10.000th=[  105], 20.000th=[  109], 30.000th=[  169], 40.000th=[  212],
     | 50.000th=[  215], 70.000th=[  219], 90.000th=[  245], 99.000th=[ 1090],
     | 99.900th=[ 2212], 99.990th=[ 3490], 99.999th=[ 7177]
   bw (  MiB/s): min= 1822, max= 2266, per=81.69%, avg=1854.44, stdev=13.79, samples=236
   iops        : min=466463, max=580348, avg=474736.05, stdev=3531.09, samples=236
  lat (usec)   : 10=0.01%, 20=0.01%, 50=0.01%, 100=0.64%, 250=90.27%
  lat (usec)   : 500=6.50%, 750=0.48%, 1000=1.00%
  lat (msec)   : 2=0.94%, 4=0.15%, 10=0.01%, 20=0.01%
  cpu          : usr=16.20%, sys=33.58%, ctx=440954, majf=0, minf=3873
  IO depths    : 1=0.1%, 2=0.1%, 4=0.1%, 8=0.1%, 16=0.1%, 32=100.0%, >=64=0.0%
     submit    : 0=0.0%, 4=100.0%, 8=0.0%, 16=0.0%, 32=0.0%, 64=0.0%, >=64=0.0%
     complete  : 0=0.0%, 4=100.0%, 8=0.0%, 16=0.0%, 32=0.1%, 64=0.0%, >=64=0.0%
     issued rwts: total=17434854,0,0,0 short=0,0,0,0 dropped=0,0,0,0
     latency   : target=0, window=0, percentile=100.00%, depth=32
rand-write-4K-qd128: (groupid=7, jobs=4): err= 0: pid=10050: Sat Jul 13 20:18:30 2019
  write: IOPS=516k, BW=2014MiB/s (2112MB/s)(59.0GiB/30010msec); 0 zone resets
    slat (nsec): min=1345, max=12535k, avg=2216.32, stdev=4602.43
    clat (usec): min=11, max=13362, avg=245.35, stdev=45.62
     lat (usec): min=76, max=13363, avg=247.66, stdev=45.81
    clat percentiles (usec):
     | 10.000th=[  212], 20.000th=[  219], 30.000th=[  225], 40.000th=[  231],
     | 50.000th=[  237], 70.000th=[  258], 90.000th=[  289], 99.000th=[  343],
     | 99.900th=[  429], 99.990th=[  996], 99.999th=[ 1795]
   bw (  MiB/s): min= 1875, max= 2004, per=94.25%, avg=1898.48, stdev= 4.00, samples=236
   iops        : min=480138, max=513156, avg=486009.73, stdev=1023.68, samples=236
  lat (usec)   : 20=0.01%, 100=0.06%, 250=63.13%, 500=36.74%, 750=0.04%
  lat (usec)   : 1000=0.02%
  lat (msec)   : 2=0.01%, 10=0.01%, 20=0.01%
  cpu          : usr=14.37%, sys=29.89%, ctx=820109, majf=0, minf=65
  IO depths    : 1=0.1%, 2=0.1%, 4=0.1%, 8=0.1%, 16=0.1%, 32=100.0%, >=64=0.0%
     submit    : 0=0.0%, 4=100.0%, 8=0.0%, 16=0.0%, 32=0.0%, 64=0.0%, >=64=0.0%
     complete  : 0=0.0%, 4=100.0%, 8=0.0%, 16=0.0%, 32=0.1%, 64=0.0%, >=64=0.0%
     issued rwts: total=0,15475153,0,0 short=0,0,0,0 dropped=0,0,0,0
     latency   : target=0, window=0, percentile=100.00%, depth=32
rand-rw-4K-qd128: (groupid=8, jobs=4): err= 0: pid=10057: Sat Jul 13 20:18:30 2019
  read: IOPS=348k, BW=1359MiB/s (1425MB/s)(39.8GiB/30017msec)
    slat (nsec): min=1337, max=19237k, avg=2237.93, stdev=8473.28
    clat (usec): min=14, max=19599, avg=254.60, stdev=57.19
     lat (usec): min=79, max=19601, avg=256.95, stdev=57.80
    clat percentiles (usec):
     | 10.000th=[  235], 20.000th=[  237], 30.000th=[  239], 40.000th=[  243],
     | 50.000th=[  247], 70.000th=[  265], 90.000th=[  281], 99.000th=[  322],
     | 99.900th=[  359], 99.990th=[  840], 99.999th=[ 4686]
   bw (  MiB/s): min= 1344, max= 1379, per=100.00%, avg=1359.55, stdev= 1.44, samples=236
   iops        : min=344304, max=353234, avg=348045.34, stdev=368.68, samples=236
  write: IOPS=149k, BW=582MiB/s (610MB/s)(17.1GiB/30017msec); 0 zone resets
    slat (nsec): min=1363, max=19240k, avg=2336.26, stdev=9155.45
    clat (usec): min=14, max=19595, avg=254.64, stdev=61.61
     lat (usec): min=80, max=19597, avg=257.09, stdev=62.26
    clat percentiles (usec):
     | 10.000th=[  233], 20.000th=[  237], 30.000th=[  239], 40.000th=[  243],
     | 50.000th=[  247], 70.000th=[  265], 90.000th=[  285], 99.000th=[  326],
     | 99.900th=[  359], 99.990th=[  857], 99.999th=[ 6718]
   bw (  KiB/s): min=585640, max=606320, per=100.00%, avg=596135.03, stdev=983.87, samples=236
   iops        : min=146410, max=151580, avg=149033.66, stdev=245.96, samples=236
  lat (usec)   : 20=0.01%, 100=0.04%, 250=57.55%, 500=42.39%, 750=0.01%
  lat (usec)   : 1000=0.01%
  lat (msec)   : 2=0.01%, 4=0.01%, 10=0.01%, 20=0.01%
  cpu          : usr=16.20%, sys=29.62%, ctx=1607620, majf=0, minf=2804
  IO depths    : 1=0.1%, 2=0.1%, 4=0.1%, 8=0.1%, 16=0.1%, 32=100.0%, >=64=0.0%
     submit    : 0=0.0%, 4=100.0%, 8=0.0%, 16=0.0%, 32=0.0%, 64=0.0%, >=64=0.0%
     complete  : 0=0.0%, 4=100.0%, 8=0.0%, 16=0.0%, 32=0.1%, 64=0.0%, >=64=0.0%
     issued rwts: total=10441314,4471464,0,0 short=0,0,0,0 dropped=0,0,0,0
     latency   : target=0, window=0, percentile=100.00%, depth=32

Run status group 0 (all jobs):
  WRITE: bw=1931MiB/s (2024MB/s), 1931MiB/s-1931MiB/s (2024MB/s-2024MB/s), io=28.3GiB (30.4GB), run=15002-15002msec

Run status group 1 (all jobs):
   READ: bw=349MiB/s (366MB/s), 349MiB/s-349MiB/s (366MB/s-366MB/s), io=10.2GiB (10.0GB), run=30001-30001msec

Run status group 2 (all jobs):
  WRITE: bw=256MiB/s (269MB/s), 256MiB/s-256MiB/s (269MB/s-269MB/s), io=7694MiB (8068MB), run=30001-30001msec

Run status group 3 (all jobs):
   READ: bw=2200MiB/s (2307MB/s), 2200MiB/s-2200MiB/s (2307MB/s-2307MB/s), io=64.5GiB (69.2GB), run=30001-30001msec

Run status group 4 (all jobs):
  WRITE: bw=1824MiB/s (1912MB/s), 1824MiB/s-1824MiB/s (1912MB/s-1912MB/s), io=53.5GiB (57.4GB), run=30013-30013msec

Run status group 5 (all jobs):
   READ: bw=1349MiB/s (1414MB/s), 1349MiB/s-1349MiB/s (1414MB/s-1414MB/s), io=39.5GiB (42.5GB), run=30012-30012msec
  WRITE: bw=578MiB/s (606MB/s), 578MiB/s-578MiB/s (606MB/s-606MB/s), io=16.9GiB (18.2GB), run=30012-30012msec

Run status group 6 (all jobs):
   READ: bw=2270MiB/s (2380MB/s), 2270MiB/s-2270MiB/s (2380MB/s-2380MB/s), io=66.5GiB (71.4GB), run=30001-30001msec

Run status group 7 (all jobs):
  WRITE: bw=2014MiB/s (2112MB/s), 2014MiB/s-2014MiB/s (2112MB/s-2112MB/s), io=59.0GiB (63.4GB), run=30010-30010msec

Run status group 8 (all jobs):
   READ: bw=1359MiB/s (1425MB/s), 1359MiB/s-1359MiB/s (1425MB/s-1425MB/s), io=39.8GiB (42.8GB), run=30017-30017msec
  WRITE: bw=582MiB/s (610MB/s), 582MiB/s-582MiB/s (610MB/s-610MB/s), io=17.1GiB (18.3GB), run=30017-30017msec

Disk stats (read/write):
  nvme0n1: ios=57792859/40590711, merge=0/0, ticks=5690760/5270561, in_queue=0, util=99.09%

