precondition: (g=0): rw=write, bs=(R) 128KiB-128KiB, (W) 128KiB-128KiB, (T) 128KiB-128KiB, ioengine=libaio, iodepth=16
rand-read-4K-qd1: (g=1): rw=randread, bs=(R) 4096B-4096B, (W) 4096B-4096B, (T) 4096B-4096B, ioengine=libaio, iodepth=1
rand-write-4K-qd1: (g=2): rw=randwrite, bs=(R) 4096B-4096B, (W) 4096B-4096B, (T) 4096B-4096B, ioengine=libaio, iodepth=1
rand-read-4K-qd16: (g=3): rw=randread, bs=(R) 4096B-4096B, (W) 4096B-4096B, (T) 4096B-4096B, ioengine=libaio, iodepth=4
...
rand-write-4K-qd16: (g=4): rw=randwrite, bs=(R) 4096B-4096B, (W) 4096B-4096B, (T) 4096B-4096B, ioengine=libaio, iodepth=4
...
rand-rw-4K-qd16: (g=5): rw=randrw, bs=(R) 4096B-4096B, (W) 4096B-4096B, (T) 4096B-4096B, ioengine=libaio, iodepth=4
...
rand-read-4K-qd128: (g=6): rw=randread, bs=(R) 4096B-4096B, (W) 4096B-4096B, (T) 4096B-4096B, ioengine=libaio, iodepth=32
...
rand-write-4K-qd128: (g=7): rw=randwrite, bs=(R) 4096B-4096B, (W) 4096B-4096B, (T) 4096B-4096B, ioengine=libaio, iodepth=32
...
rand-rw-4K-qd128: (g=8): rw=randrw, bs=(R) 4096B-4096B, (W) 4096B-4096B, (T) 4096B-4096B, ioengine=libaio, iodepth=32
...
fio-3.1
Starting 75 processes

precondition: (groupid=0, jobs=1): err= 0: pid=40753: Sun Jul 21 22:02:12 2019
  write: IOPS=16.0k, BW=2001MiB/s (2098MB/s)(29.3GiB/15001msec)
    slat (usec): min=6, max=1156, avg=14.31, stdev= 7.00
    clat (usec): min=167, max=2176, avg=983.92, stdev=58.22
     lat (usec): min=179, max=2190, avg=998.41, stdev=57.96
    clat percentiles (usec):
     | 10.000th=[  947], 20.000th=[  955], 30.000th=[  963], 40.000th=[  963],
     | 50.000th=[  979], 70.000th=[  996], 90.000th=[ 1029], 99.000th=[ 1139],
     | 99.900th=[ 1745], 99.990th=[ 2057], 99.999th=[ 2114]
   bw (  MiB/s): min= 1487, max= 1965, per=78.86%, avg=1577.94, stdev=78.69, samples=29
   iops        : min=11903, max=15722, avg=12623.00, stdev=629.44, samples=29
  lat (usec)   : 250=0.01%, 500=0.13%, 750=0.07%, 1000=77.33%
  lat (msec)   : 2=22.43%, 4=0.03%
  cpu          : usr=11.93%, sys=23.23%, ctx=239135, majf=0, minf=12
  IO depths    : 1=0.1%, 2=0.1%, 4=0.1%, 8=0.1%, 16=100.0%, 32=0.0%, >=64=0.0%
     submit    : 0=0.0%, 4=100.0%, 8=0.0%, 16=0.0%, 32=0.0%, 64=0.0%, >=64=0.0%
     complete  : 0=0.0%, 4=100.0%, 8=0.0%, 16=0.1%, 32=0.0%, 64=0.0%, >=64=0.0%
     issued rwt: total=0,240143,0, short=0,0,0, dropped=0,0,0
     latency   : target=0, window=0, percentile=100.00%, depth=16
rand-read-4K-qd1: (groupid=1, jobs=1): err= 0: pid=40761: Sun Jul 21 22:02:12 2019
   read: IOPS=66.6k, BW=260MiB/s (273MB/s)(7806MiB/30001msec)
    slat (usec): min=2, max=861, avg= 2.41, stdev= 1.50
    clat (nsec): min=825, max=918362, avg=12012.37, stdev=8738.93
     lat (usec): min=10, max=921, avg=14.51, stdev= 8.87
    clat percentiles (usec):
     | 10.000th=[   10], 20.000th=[   10], 30.000th=[   10], 40.000th=[   10],
     | 50.000th=[   10], 70.000th=[   10], 90.000th=[   11], 99.000th=[   41],
     | 99.900th=[   45], 99.990th=[   56], 99.999th=[  865]
   bw (  KiB/s): min=236854, max=256775, per=90.58%, avg=241339.05, stdev=2484.92, samples=59
   iops        : min=59211, max=64195, avg=60334.41, stdev=621.48, samples=59
  lat (nsec)   : 1000=0.01%
  lat (usec)   : 2=0.01%, 10=84.79%, 20=6.56%, 50=8.62%, 100=0.03%
  lat (usec)   : 250=0.01%, 1000=0.01%
  cpu          : usr=21.39%, sys=18.56%, ctx=1998228, majf=0, minf=11
  IO depths    : 1=100.0%, 2=0.0%, 4=0.0%, 8=0.0%, 16=0.0%, 32=0.0%, >=64=0.0%
     submit    : 0=0.0%, 4=100.0%, 8=0.0%, 16=0.0%, 32=0.0%, 64=0.0%, >=64=0.0%
     complete  : 0=0.0%, 4=100.0%, 8=0.0%, 16=0.0%, 32=0.0%, 64=0.0%, >=64=0.0%
     issued rwt: total=1998380,0,0, short=0,0,0, dropped=0,0,0
     latency   : target=0, window=0, percentile=100.00%, depth=1
rand-write-4K-qd1: (groupid=2, jobs=1): err= 0: pid=40781: Sun Jul 21 22:02:12 2019
  write: IOPS=59.2k, BW=231MiB/s (243MB/s)(6941MiB/30001msec)
    slat (nsec): min=1941, max=905175, avg=2588.85, stdev=2069.82
    clat (nsec): min=915, max=932639, avg=13669.41, stdev=8462.11
     lat (usec): min=12, max=935, avg=16.35, stdev= 8.72
    clat percentiles (usec):
     | 10.000th=[   11], 20.000th=[   12], 30.000th=[   12], 40.000th=[   12],
     | 50.000th=[   12], 70.000th=[   12], 90.000th=[   14], 99.000th=[   41],
     | 99.900th=[   46], 99.990th=[   62], 99.999th=[  873]
   bw (  KiB/s): min=155057, max=236692, per=70.17%, avg=166233.34, stdev=9898.59, samples=59
   iops        : min=38764, max=59173, avg=41557.97, stdev=2474.70, samples=59
  lat (nsec)   : 1000=0.01%
  lat (usec)   : 2=0.01%, 4=0.01%, 10=0.01%, 20=90.39%, 50=9.56%
  lat (usec)   : 100=0.04%, 250=0.01%, 1000=0.01%
  cpu          : usr=20.09%, sys=17.58%, ctx=1776725, majf=0, minf=14
  IO depths    : 1=100.0%, 2=0.0%, 4=0.0%, 8=0.0%, 16=0.0%, 32=0.0%, >=64=0.0%
     submit    : 0=0.0%, 4=100.0%, 8=0.0%, 16=0.0%, 32=0.0%, 64=0.0%, >=64=0.0%
     complete  : 0=0.0%, 4=100.0%, 8=0.0%, 16=0.0%, 32=0.0%, 64=0.0%, >=64=0.0%
     issued rwt: total=0,1776830,0, short=0,0,0, dropped=0,0,0
     latency   : target=0, window=0, percentile=100.00%, depth=1
rand-read-4K-qd16: (groupid=3, jobs=12): err= 0: pid=40792: Sun Jul 21 22:02:12 2019
   read: IOPS=523k, BW=2041MiB/s (2140MB/s)(59.8GiB/30001msec)
    slat (nsec): min=1883, max=1384.8k, avg=3196.13, stdev=2551.73
    clat (usec): min=10, max=7572, avg=87.81, stdev=29.35
     lat (usec): min=13, max=7575, avg=91.11, stdev=29.48
    clat percentiles (usec):
     | 10.000th=[   64], 20.000th=[   73], 30.000th=[   75], 40.000th=[   76],
     | 50.000th=[   78], 70.000th=[   94], 90.000th=[  118], 99.000th=[  172],
     | 99.900th=[  221], 99.990th=[  873], 99.999th=[ 1057]
   bw (  KiB/s): min=110300, max=188470, per=6.93%, avg=144864.94, stdev=18694.77, samples=708
   iops        : min=27575, max=47117, avg=36215.86, stdev=4673.66, samples=708
  lat (usec)   : 20=0.02%, 50=0.13%, 100=73.63%, 250=26.18%, 500=0.02%
  lat (usec)   : 750=0.01%, 1000=0.02%
  lat (msec)   : 2=0.01%, 4=0.01%, 10=0.01%
  cpu          : usr=12.14%, sys=21.79%, ctx=15315764, majf=0, minf=41830
  IO depths    : 1=0.1%, 2=0.1%, 4=100.0%, 8=0.0%, 16=0.0%, 32=0.0%, >=64=0.0%
     submit    : 0=0.0%, 4=100.0%, 8=0.0%, 16=0.0%, 32=0.0%, 64=0.0%, >=64=0.0%
     complete  : 0=0.0%, 4=100.0%, 8=0.0%, 16=0.0%, 32=0.0%, 64=0.0%, >=64=0.0%
     issued rwt: total=15677386,0,0, short=0,0,0, dropped=0,0,0
     latency   : target=0, window=0, percentile=100.00%, depth=4
rand-write-4K-qd16: (groupid=4, jobs=12): err= 0: pid=40805: Sun Jul 21 22:02:12 2019
  write: IOPS=628k, BW=2455MiB/s (2574MB/s)(71.0GiB/30020msec)
    slat (nsec): min=1656, max=19369k, avg=2875.89, stdev=16072.69
    clat (usec): min=8, max=19398, avg=72.73, stdev=36.33
     lat (usec): min=11, max=19401, avg=75.70, stdev=39.71
    clat percentiles (usec):
     | 10.000th=[   58], 20.000th=[   61], 30.000th=[   64], 40.000th=[   66],
     | 50.000th=[   67], 70.000th=[   72], 90.000th=[  101], 99.000th=[  145],
     | 99.900th=[  194], 99.990th=[  791], 99.999th=[ 1074]
   bw (  KiB/s): min=159291, max=392810, per=8.12%, avg=204128.96, stdev=25049.81, samples=711
   iops        : min=39822, max=98202, avg=51031.86, stdev=6262.44, samples=711
  lat (usec)   : 10=0.01%, 20=0.04%, 50=0.87%, 100=88.93%, 250=10.12%
  lat (usec)   : 500=0.02%, 750=0.01%, 1000=0.01%
  lat (msec)   : 2=0.01%, 4=0.01%, 10=0.01%, 20=0.01%
  cpu          : usr=14.44%, sys=21.73%, ctx=18261604, majf=0, minf=26390
  IO depths    : 1=0.1%, 2=0.1%, 4=100.0%, 8=0.0%, 16=0.0%, 32=0.0%, >=64=0.0%
     submit    : 0=0.0%, 4=100.0%, 8=0.0%, 16=0.0%, 32=0.0%, 64=0.0%, >=64=0.0%
     complete  : 0=0.0%, 4=100.0%, 8=0.0%, 16=0.0%, 32=0.0%, 64=0.0%, >=64=0.0%
     issued rwt: total=0,18865493,0, short=0,0,0, dropped=0,0,0
     latency   : target=0, window=0, percentile=100.00%, depth=4
rand-rw-4K-qd16: (groupid=5, jobs=12): err= 0: pid=40820: Sun Jul 21 22:02:12 2019
   read: IOPS=367k, BW=1432MiB/s (1501MB/s)(41.0GiB/30016msec)
    slat (nsec): min=1924, max=15489k, avg=3324.80, stdev=12614.18
    clat (usec): min=12, max=15559, avg=87.27, stdev=28.31
     lat (usec): min=17, max=15562, avg=90.70, stdev=30.92
    clat percentiles (usec):
     | 10.000th=[   80], 20.000th=[   82], 30.000th=[   84], 40.000th=[   85],
     | 50.000th=[   86], 70.000th=[   88], 90.000th=[   97], 99.000th=[  145],
     | 99.900th=[  178], 99.990th=[  898], 99.999th=[  955]
   bw (  KiB/s): min=88133, max=140332, per=7.27%, avg=106525.34, stdev=4596.49, samples=708
   iops        : min=22033, max=35084, avg=26630.98, stdev=1149.13, samples=708
  write: IOPS=157k, BW=614MiB/s (644MB/s)(17.0GiB/30016msec)
    slat (usec): min=2, max=15486, avg= 3.54, stdev=12.62
    clat (usec): min=13, max=15557, avg=87.57, stdev=23.71
     lat (usec): min=17, max=15560, avg=91.21, stdev=26.80
    clat percentiles (usec):
     | 10.000th=[   80], 20.000th=[   83], 30.000th=[   84], 40.000th=[   85],
     | 50.000th=[   86], 70.000th=[   89], 90.000th=[   97], 99.000th=[  145],
     | 99.900th=[  178], 99.990th=[  898], 99.999th=[  947]
   bw (  KiB/s): min=38181, max=60095, per=7.27%, avg=45665.79, stdev=2043.91, samples=708
   iops        : min= 9545, max=15023, avg=11416.06, stdev=510.96, samples=708
  lat (usec)   : 20=0.01%, 50=0.04%, 100=94.45%, 250=5.47%, 500=0.01%
  lat (usec)   : 750=0.01%, 1000=0.02%
  lat (msec)   : 2=0.01%, 4=0.01%, 10=0.01%, 20=0.01%
  cpu          : usr=12.35%, sys=22.86%, ctx=15526395, majf=0, minf=30796
  IO depths    : 1=0.1%, 2=0.1%, 4=100.0%, 8=0.0%, 16=0.0%, 32=0.0%, >=64=0.0%
     submit    : 0=0.0%, 4=100.0%, 8=0.0%, 16=0.0%, 32=0.0%, 64=0.0%, >=64=0.0%
     complete  : 0=0.0%, 4=100.0%, 8=0.0%, 16=0.0%, 32=0.0%, 64=0.0%, >=64=0.0%
     issued rwt: total=11001114,4716480,0, short=0,0,0, dropped=0,0,0
     latency   : target=0, window=0, percentile=100.00%, depth=4
rand-read-4K-qd128: (groupid=6, jobs=12): err= 0: pid=40836: Sun Jul 21 22:02:12 2019
   read: IOPS=583k, BW=2279MiB/s (2390MB/s)(66.8GiB/30001msec)
    slat (nsec): min=1913, max=1077.2k, avg=3049.96, stdev=3323.68
    clat (usec): min=10, max=4549, avg=654.33, stdev=144.11
     lat (usec): min=13, max=4554, avg=657.47, stdev=144.09
    clat percentiles (usec):
     | 10.000th=[  545], 20.000th=[  594], 30.000th=[  627], 40.000th=[  644],
     | 50.000th=[  652], 70.000th=[  652], 90.000th=[  685], 99.000th=[ 1221],
     | 99.900th=[ 1958], 99.990th=[ 1991], 99.999th=[ 2278]
   bw (  KiB/s): min=55383, max=255014, per=6.00%, avg=140092.29, stdev=27643.89, samples=708
   iops        : min=13845, max=63753, avg=35022.70, stdev=6910.98, samples=708
  lat (usec)   : 20=0.01%, 50=0.01%, 100=0.04%, 250=0.14%, 500=2.80%
  lat (usec)   : 750=91.68%, 1000=0.70%
  lat (msec)   : 2=4.63%, 4=0.01%, 10=0.01%
  cpu          : usr=12.80%, sys=22.61%, ctx=17043366, majf=0, minf=20413
  IO depths    : 1=0.1%, 2=0.1%, 4=0.1%, 8=0.1%, 16=0.1%, 32=100.0%, >=64=0.0%
     submit    : 0=0.0%, 4=100.0%, 8=0.0%, 16=0.0%, 32=0.0%, 64=0.0%, >=64=0.0%
     complete  : 0=0.0%, 4=100.0%, 8=0.0%, 16=0.0%, 32=0.1%, 64=0.0%, >=64=0.0%
     issued rwt: total=17502284,0,0, short=0,0,0, dropped=0,0,0
     latency   : target=0, window=0, percentile=100.00%, depth=32
rand-write-4K-qd128: (groupid=7, jobs=12): err= 0: pid=40848: Sun Jul 21 22:02:12 2019
  write: IOPS=629k, BW=2458MiB/s (2577MB/s)(72.0GiB/30019msec)
    slat (nsec): min=1912, max=18442k, avg=2977.33, stdev=15174.95
    clat (usec): min=12, max=18980, avg=606.31, stdev=161.32
     lat (usec): min=20, max=18984, avg=609.38, stdev=161.94
    clat percentiles (usec):
     | 10.000th=[  545], 20.000th=[  553], 30.000th=[  594], 40.000th=[  603],
     | 50.000th=[  603], 70.000th=[  603], 90.000th=[  635], 99.000th=[ 1254],
     | 99.900th=[ 1844], 99.990th=[ 2147], 99.999th=[18744]
   bw (  KiB/s): min=70797, max=299421, per=6.55%, avg=164799.74, stdev=20674.54, samples=708
   iops        : min=17699, max=74855, avg=41199.55, stdev=5168.63, samples=708
  lat (usec)   : 20=0.01%, 50=0.01%, 100=0.06%, 250=0.19%, 500=7.16%
  lat (usec)   : 750=88.61%, 1000=0.74%
  lat (msec)   : 2=3.22%, 4=0.03%, 10=0.01%, 20=0.01%
  cpu          : usr=14.35%, sys=22.57%, ctx=18366399, majf=0, minf=30358
  IO depths    : 1=0.1%, 2=0.1%, 4=0.1%, 8=0.1%, 16=0.1%, 32=100.0%, >=64=0.0%
     submit    : 0=0.0%, 4=100.0%, 8=0.0%, 16=0.0%, 32=0.0%, 64=0.0%, >=64=0.0%
     complete  : 0=0.0%, 4=100.0%, 8=0.0%, 16=0.0%, 32=0.1%, 64=0.0%, >=64=0.0%
     issued rwt: total=0,18886532,0, short=0,0,0, dropped=0,0,0
     latency   : target=0, window=0, percentile=100.00%, depth=32
rand-rw-4K-qd128: (groupid=8, jobs=12): err= 0: pid=40864: Sun Jul 21 22:02:12 2019
   read: IOPS=367k, BW=1433MiB/s (1502MB/s)(42.0GiB/30033msec)
    slat (nsec): min=1932, max=32023k, avg=3229.73, stdev=23971.48
    clat (usec): min=14, max=33396, avg=728.16, stdev=296.84
     lat (usec): min=25, max=33399, avg=731.49, stdev=297.75
    clat percentiles (usec):
     | 10.000th=[  545], 20.000th=[  594], 30.000th=[  611], 40.000th=[  652],
     | 50.000th=[  676], 70.000th=[  725], 90.000th=[ 1057], 99.000th=[ 1827],
     | 99.900th=[ 2212], 99.990th=[ 2343], 99.999th=[32375]
   bw (  KiB/s): min=42690, max=180120, per=8.38%, avg=123004.35, stdev=27549.71, samples=719
   iops        : min=10672, max=45030, avg=30750.82, stdev=6887.43, samples=719
  write: IOPS=157k, BW=614MiB/s (644MB/s)(18.0GiB/30033msec)
    slat (usec): min=2, max=32023, avg= 3.41, stdev=29.72
    clat (usec): min=17, max=33314, avg=728.33, stdev=295.66
     lat (usec): min=39, max=33317, avg=731.84, stdev=297.05
    clat percentiles (usec):
     | 10.000th=[  545], 20.000th=[  594], 30.000th=[  611], 40.000th=[  652],
     | 50.000th=[  676], 70.000th=[  725], 90.000th=[ 1057], 99.000th=[ 1827],
     | 99.900th=[ 2212], 99.990th=[ 2343], 99.999th=[32375]
   bw (  KiB/s): min=17759, max=77258, per=8.38%, avg=52708.96, stdev=11833.16, samples=719
   iops        : min= 4439, max=19314, avg=13176.97, stdev=2958.30, samples=719
  lat (usec)   : 20=0.01%, 50=0.01%, 100=0.14%, 250=0.28%, 500=2.99%
  lat (usec)   : 750=80.95%, 1000=5.36%
  lat (msec)   : 2=9.79%, 4=0.49%, 10=0.01%, 20=0.01%, 50=0.01%
  cpu          : usr=12.55%, sys=20.87%, ctx=15164594, majf=0, minf=22954
  IO depths    : 1=0.1%, 2=0.1%, 4=0.1%, 8=0.1%, 16=0.1%, 32=100.0%, >=64=0.0%
     submit    : 0=0.0%, 4=100.0%, 8=0.0%, 16=0.0%, 32=0.0%, 64=0.0%, >=64=0.0%
     complete  : 0=0.0%, 4=100.0%, 8=0.0%, 16=0.0%, 32=0.1%, 64=0.0%, >=64=0.0%
     issued rwt: total=11015746,4720529,0, short=0,0,0, dropped=0,0,0
     latency   : target=0, window=0, percentile=100.00%, depth=32

Run status group 0 (all jobs):
  WRITE: bw=2001MiB/s (2098MB/s), 2001MiB/s-2001MiB/s (2098MB/s-2098MB/s), io=29.3GiB (31.5GB), run=15001-15001msec

Run status group 1 (all jobs):
   READ: bw=260MiB/s (273MB/s), 260MiB/s-260MiB/s (273MB/s-273MB/s), io=7806MiB (8185MB), run=30001-30001msec

Run status group 2 (all jobs):
  WRITE: bw=231MiB/s (243MB/s), 231MiB/s-231MiB/s (243MB/s-243MB/s), io=6941MiB (7278MB), run=30001-30001msec

Run status group 3 (all jobs):
   READ: bw=2041MiB/s (2140MB/s), 2041MiB/s-2041MiB/s (2140MB/s-2140MB/s), io=59.8GiB (64.2GB), run=30001-30001msec

Run status group 4 (all jobs):
  WRITE: bw=2455MiB/s (2574MB/s), 2455MiB/s-2455MiB/s (2574MB/s-2574MB/s), io=71.0GiB (77.3GB), run=30020-30020msec

Run status group 5 (all jobs):
   READ: bw=1432MiB/s (1501MB/s), 1432MiB/s-1432MiB/s (1501MB/s-1501MB/s), io=41.0GiB (45.1GB), run=30016-30016msec
  WRITE: bw=614MiB/s (644MB/s), 614MiB/s-614MiB/s (644MB/s-644MB/s), io=17.0GiB (19.3GB), run=30016-30016msec

Run status group 6 (all jobs):
   READ: bw=2279MiB/s (2390MB/s), 2279MiB/s-2279MiB/s (2390MB/s-2390MB/s), io=66.8GiB (71.7GB), run=30001-30001msec

Run status group 7 (all jobs):
  WRITE: bw=2458MiB/s (2577MB/s), 2458MiB/s-2458MiB/s (2577MB/s-2577MB/s), io=72.0GiB (77.4GB), run=30019-30019msec

Run status group 8 (all jobs):
   READ: bw=1433MiB/s (1502MB/s), 1433MiB/s-1433MiB/s (1502MB/s-1502MB/s), io=42.0GiB (45.1GB), run=30033-30033msec
  WRITE: bw=614MiB/s (644MB/s), 614MiB/s-614MiB/s (644MB/s-644MB/s), io=18.0GiB (19.3GB), run=30033-30033msec

Disk stats (read/write):
  nvme0n1: ios=57180447/49199467, merge=0/0, ticks=21718420/16828652, in_queue=39838008, util=79.96%
