randw-4K-n1-c1: (g=0): rw=randwrite, bs=(R) 4096B-4096B, (W) 4096B-4096B, (T) 4096B-4096B, ioengine=libaio, iodepth=32
randw-4K-n2-c2: (g=1): rw=randwrite, bs=(R) 4096B-4096B, (W) 4096B-4096B, (T) 4096B-4096B, ioengine=libaio, iodepth=32
...
randw-4K-n4-c4: (g=2): rw=randwrite, bs=(R) 4096B-4096B, (W) 4096B-4096B, (T) 4096B-4096B, ioengine=libaio, iodepth=32
...
randw-4K-n8-c8: (g=3): rw=randwrite, bs=(R) 4096B-4096B, (W) 4096B-4096B, (T) 4096B-4096B, ioengine=libaio, iodepth=32
...
randw-4K-n12-c12: (g=4): rw=randwrite, bs=(R) 4096B-4096B, (W) 4096B-4096B, (T) 4096B-4096B, ioengine=libaio, iodepth=32
...
randw-4K-n16-c16: (g=5): rw=randwrite, bs=(R) 4096B-4096B, (W) 4096B-4096B, (T) 4096B-4096B, ioengine=libaio, iodepth=32
...
randw-4K-n20-c20: (g=6): rw=randwrite, bs=(R) 4096B-4096B, (W) 4096B-4096B, (T) 4096B-4096B, ioengine=libaio, iodepth=32
...
randw-4K-n24-c24: (g=7): rw=randwrite, bs=(R) 4096B-4096B, (W) 4096B-4096B, (T) 4096B-4096B, ioengine=libaio, iodepth=32
...
randw-4K-n2-c2: (g=8): rw=randwrite, bs=(R) 4096B-4096B, (W) 4096B-4096B, (T) 4096B-4096B, ioengine=libaio, iodepth=32
...
fio-3.1
Starting 89 processes

randw-4K-n1-c1: (groupid=0, jobs=1): err= 0: pid=41479: Sun Jul 21 22:31:16 2019
  write: IOPS=243k, BW=951MiB/s (997MB/s)(27.9GiB/30001msec)
    slat (nsec): min=1626, max=874141, avg=2500.38, stdev=2030.23
    clat (usec): min=11, max=1026, avg=128.44, stdev=14.70
     lat (usec): min=13, max=1029, avg=131.06, stdev=14.88
    clat percentiles (usec):
     | 10.000th=[  122], 20.000th=[  126], 30.000th=[  126], 40.000th=[  127],
     | 50.000th=[  127], 70.000th=[  128], 90.000th=[  139], 99.000th=[  155],
     | 99.900th=[  172], 99.990th=[  930], 99.999th=[  963]
   bw (  KiB/s): min=658568, max=840415, per=80.66%, avg=785552.54, stdev=22716.70, samples=59
   iops        : min=164642, max=210103, avg=196387.92, stdev=5679.15, samples=59
  lat (usec)   : 20=0.01%, 50=0.01%, 100=0.01%, 250=99.97%, 500=0.01%
  lat (usec)   : 1000=0.03%
  lat (msec)   : 2=0.01%
  cpu          : usr=44.43%, sys=55.59%, ctx=43, majf=0, minf=18
  IO depths    : 1=0.1%, 2=0.1%, 4=0.1%, 8=0.1%, 16=0.1%, 32=100.0%, >=64=0.0%
     submit    : 0=0.0%, 4=100.0%, 8=0.0%, 16=0.0%, 32=0.0%, 64=0.0%, >=64=0.0%
     complete  : 0=0.0%, 4=100.0%, 8=0.0%, 16=0.0%, 32=0.1%, 64=0.0%, >=64=0.0%
     issued rwt: total=0,7304642,0, short=0,0,0, dropped=0,0,0
     latency   : target=0, window=0, percentile=100.00%, depth=32
randw-4K-n2-c2: (groupid=1, jobs=2): err= 0: pid=41487: Sun Jul 21 22:31:16 2019
  write: IOPS=438k, BW=1711MiB/s (1795MB/s)(50.2GiB/30009msec)
    slat (nsec): min=1620, max=16444k, avg=2976.83, stdev=5031.53
    clat (usec): min=12, max=16591, avg=142.53, stdev=32.61
     lat (usec): min=14, max=16595, avg=145.61, stdev=33.15
    clat percentiles (usec):
     | 10.000th=[  135], 20.000th=[  137], 30.000th=[  137], 40.000th=[  139],
     | 50.000th=[  141], 70.000th=[  143], 90.000th=[  151], 99.000th=[  192],
     | 99.900th=[  351], 99.990th=[  881], 99.999th=[ 1004]
   bw (  KiB/s): min=391894, max=868931, per=46.97%, avg=823100.37, stdev=60215.13, samples=118
   iops        : min=97973, max=217232, avg=205774.72, stdev=15053.76, samples=118
  lat (usec)   : 20=0.01%, 50=0.01%, 100=0.01%, 250=99.53%, 500=0.45%
  lat (usec)   : 750=0.01%, 1000=0.03%
  lat (msec)   : 2=0.01%, 20=0.01%
  cpu          : usr=43.80%, sys=56.21%, ctx=57, majf=0, minf=77
  IO depths    : 1=0.1%, 2=0.1%, 4=0.1%, 8=0.1%, 16=0.1%, 32=100.0%, >=64=0.0%
     submit    : 0=0.0%, 4=100.0%, 8=0.0%, 16=0.0%, 32=0.0%, 64=0.0%, >=64=0.0%
     complete  : 0=0.0%, 4=100.0%, 8=0.0%, 16=0.0%, 32=0.1%, 64=0.0%, >=64=0.0%
     issued rwt: total=0,13147308,0, short=0,0,0, dropped=0,0,0
     latency   : target=0, window=0, percentile=100.00%, depth=32
randw-4K-n4-c4: (groupid=2, jobs=4): err= 0: pid=41492: Sun Jul 21 22:31:16 2019
  write: IOPS=627k, BW=2450MiB/s (2569MB/s)(71.8GiB/30022msec)
    slat (nsec): min=1679, max=22393k, avg=2878.34, stdev=10642.79
    clat (usec): min=14, max=22545, avg=200.59, stdev=70.87
     lat (usec): min=116, max=22547, avg=203.59, stdev=71.64
    clat percentiles (usec):
     | 10.000th=[  194], 20.000th=[  194], 30.000th=[  196], 40.000th=[  198],
     | 50.000th=[  198], 70.000th=[  202], 90.000th=[  210], 99.000th=[  243],
     | 99.900th=[  351], 99.990th=[  938], 99.999th=[16188]
   bw (  KiB/s): min=362414, max=676735, per=18.50%, avg=463965.97, stdev=21538.91, samples=236
   iops        : min=90605, max=169183, avg=115991.13, stdev=5384.67, samples=236
  lat (usec)   : 20=0.01%, 250=99.24%, 500=0.72%, 750=0.01%, 1000=0.04%
  lat (msec)   : 2=0.01%, 10=0.01%, 20=0.01%, 50=0.01%
  cpu          : usr=36.03%, sys=45.14%, ctx=8244128, majf=0, minf=11192
  IO depths    : 1=0.1%, 2=0.1%, 4=0.1%, 8=0.1%, 16=0.1%, 32=100.0%, >=64=0.0%
     submit    : 0=0.0%, 4=100.0%, 8=0.0%, 16=0.0%, 32=0.0%, 64=0.0%, >=64=0.0%
     complete  : 0=0.0%, 4=100.0%, 8=0.0%, 16=0.0%, 32=0.1%, 64=0.0%, >=64=0.0%
     issued rwt: total=0,18826866,0, short=0,0,0, dropped=0,0,0
     latency   : target=0, window=0, percentile=100.00%, depth=32
randw-4K-n8-c8: (groupid=3, jobs=8): err= 0: pid=41499: Sun Jul 21 22:31:16 2019
  write: IOPS=629k, BW=2457MiB/s (2577MB/s)(72.0GiB/30014msec)
    slat (nsec): min=1672, max=12308k, avg=2721.13, stdev=7890.58
    clat (usec): min=10, max=14014, avg=403.44, stdev=192.92
     lat (usec): min=16, max=14016, avg=406.25, stdev=193.09
    clat percentiles (usec):
     | 10.000th=[  253], 20.000th=[  297], 30.000th=[  302], 40.000th=[  330],
     | 50.000th=[  351], 70.000th=[  400], 90.000th=[  701], 99.000th=[ 1029],
     | 99.900th=[ 1123], 99.990th=[ 1598], 99.999th=[12518]
   bw (  KiB/s): min=114668, max=403694, per=10.37%, avg=261056.88, stdev=61669.62, samples=472
   iops        : min=28667, max=100923, avg=65263.86, stdev=15417.41, samples=472
  lat (usec)   : 20=0.01%, 50=0.01%, 100=0.61%, 250=6.66%, 500=76.72%
  lat (usec)   : 750=8.26%, 1000=5.56%
  lat (msec)   : 2=2.19%, 4=0.01%, 10=0.01%, 20=0.01%
  cpu          : usr=23.18%, sys=24.79%, ctx=16292402, majf=0, minf=30000
  IO depths    : 1=0.1%, 2=0.1%, 4=0.1%, 8=0.1%, 16=0.1%, 32=100.0%, >=64=0.0%
     submit    : 0=0.0%, 4=100.0%, 8=0.0%, 16=0.0%, 32=0.0%, 64=0.0%, >=64=0.0%
     complete  : 0=0.0%, 4=100.0%, 8=0.0%, 16=0.0%, 32=0.1%, 64=0.0%, >=64=0.0%
     issued rwt: total=0,18880775,0, short=0,0,0, dropped=0,0,0
     latency   : target=0, window=0, percentile=100.00%, depth=32
randw-4K-n12-c12: (groupid=4, jobs=12): err= 0: pid=41510: Sun Jul 21 22:31:16 2019
  write: IOPS=629k, BW=2458MiB/s (2578MB/s)(72.1GiB/30013msec)
    slat (nsec): min=1808, max=13357k, avg=2845.42, stdev=10169.56
    clat (usec): min=12, max=14468, avg=606.33, stdev=237.77
     lat (usec): min=16, max=14471, avg=609.26, stdev=237.94
    clat percentiles (usec):
     | 10.000th=[  453], 20.000th=[  498], 30.000th=[  502], 40.000th=[  515],
     | 50.000th=[  545], 70.000th=[  594], 90.000th=[  930], 99.000th=[ 1532],
     | 99.900th=[ 1844], 99.990th=[ 1942], 99.999th=[13698]
   bw (  KiB/s): min=73333, max=302077, per=8.16%, avg=205458.59, stdev=49813.10, samples=715
   iops        : min=18333, max=75519, avg=51364.28, stdev=12453.29, samples=715
  lat (usec)   : 20=0.01%, 50=0.01%, 100=0.15%, 250=0.22%, 500=27.72%
  lat (usec)   : 750=59.26%, 1000=3.77%
  lat (msec)   : 2=8.87%, 4=0.01%, 10=0.01%, 20=0.01%
  cpu          : usr=15.43%, sys=20.00%, ctx=18316302, majf=0, minf=22757
  IO depths    : 1=0.1%, 2=0.1%, 4=0.1%, 8=0.1%, 16=0.1%, 32=100.0%, >=64=0.0%
     submit    : 0=0.0%, 4=100.0%, 8=0.0%, 16=0.0%, 32=0.0%, 64=0.0%, >=64=0.0%
     complete  : 0=0.0%, 4=100.0%, 8=0.0%, 16=0.0%, 32=0.1%, 64=0.0%, >=64=0.0%
     issued rwt: total=0,18889181,0, short=0,0,0, dropped=0,0,0
     latency   : target=0, window=0, percentile=100.00%, depth=32
randw-4K-n16-c16: (groupid=5, jobs=16): err= 0: pid=41525: Sun Jul 21 22:31:16 2019
  write: IOPS=629k, BW=2457MiB/s (2577MB/s)(72.0GiB/30019msec)
    slat (nsec): min=1914, max=17752k, avg=3417.59, stdev=16351.57
    clat (usec): min=13, max=19688, avg=809.11, stdev=377.93
     lat (usec): min=17, max=19691, avg=812.62, stdev=378.23
    clat percentiles (usec):
     | 10.000th=[  570], 20.000th=[  644], 30.000th=[  652], 40.000th=[  701],
     | 50.000th=[  701], 70.000th=[  766], 90.000th=[ 1303], 99.000th=[ 2409],
     | 99.900th=[ 2900], 99.990th=[ 3359], 99.999th=[18220]
   bw (  KiB/s): min=37553, max=190846, per=4.76%, avg=119698.75, stdev=34038.82, samples=944
   iops        : min= 9388, max=47711, avg=29924.33, stdev=8509.72, samples=944
  lat (usec)   : 20=0.01%, 50=0.01%, 100=0.37%, 250=0.35%, 500=1.66%
  lat (usec)   : 750=62.64%, 1000=21.83%
  lat (msec)   : 2=10.37%, 4=2.78%, 10=0.01%, 20=0.01%
  cpu          : usr=11.40%, sys=19.60%, ctx=18166207, majf=0, minf=31541
  IO depths    : 1=0.1%, 2=0.1%, 4=0.1%, 8=0.1%, 16=0.1%, 32=100.0%, >=64=0.0%
     submit    : 0=0.0%, 4=100.0%, 8=0.0%, 16=0.0%, 32=0.0%, 64=0.0%, >=64=0.0%
     complete  : 0=0.0%, 4=100.0%, 8=0.0%, 16=0.0%, 32=0.1%, 64=0.0%, >=64=0.0%
     issued rwt: total=0,18885023,0, short=0,0,0, dropped=0,0,0
     latency   : target=0, window=0, percentile=100.00%, depth=32
randw-4K-n20-c20: (groupid=6, jobs=20): err= 0: pid=41544: Sun Jul 21 22:31:16 2019
  write: IOPS=629k, BW=2456MiB/s (2576MB/s)(72.0GiB/30021msec)
    slat (nsec): min=1923, max=21352k, avg=3941.26, stdev=22459.12
    clat (usec): min=15, max=23095, avg=1012.02, stdev=497.47
     lat (usec): min=24, max=23100, avg=1016.06, stdev=497.90
    clat percentiles (usec):
     | 10.000th=[  750], 20.000th=[  799], 30.000th=[  840], 40.000th=[  857],
     | 50.000th=[  898], 70.000th=[  930], 90.000th=[ 1598], 99.000th=[ 3228],
     | 99.900th=[ 4047], 99.990th=[ 4948], 99.999th=[22152]
   bw (  KiB/s): min=32866, max=161163, per=4.54%, avg=114185.28, stdev=30372.43, samples=1180
   iops        : min= 8216, max=40290, avg=28545.93, stdev=7593.11, samples=1180
  lat (usec)   : 20=0.01%, 50=0.01%, 100=0.36%, 250=0.44%, 500=0.48%
  lat (usec)   : 750=7.96%, 1000=76.64%
  lat (msec)   : 2=8.87%, 4=5.14%, 10=0.10%, 20=0.01%, 50=0.01%
  cpu          : usr=9.97%, sys=18.16%, ctx=18014157, majf=0, minf=74258
  IO depths    : 1=0.1%, 2=0.1%, 4=0.1%, 8=0.1%, 16=0.1%, 32=100.0%, >=64=0.0%
     submit    : 0=0.0%, 4=100.0%, 8=0.0%, 16=0.0%, 32=0.0%, 64=0.0%, >=64=0.0%
     complete  : 0=0.0%, 4=100.0%, 8=0.0%, 16=0.0%, 32=0.1%, 64=0.0%, >=64=0.0%
     issued rwt: total=0,18878813,0, short=0,0,0, dropped=0,0,0
     latency   : target=0, window=0, percentile=100.00%, depth=32
randw-4K-n24-c24: (groupid=7, jobs=24): err= 0: pid=41567: Sun Jul 21 22:31:16 2019
  write: IOPS=628k, BW=2455MiB/s (2574MB/s)(71.0GiB/30027msec)
    slat (usec): min=2, max=26749, avg= 4.31, stdev=26.41
    clat (usec): min=14, max=28835, avg=1215.82, stdev=673.95
     lat (usec): min=28, max=28839, avg=1220.24, stdev=674.41
    clat percentiles (usec):
     | 10.000th=[  807], 20.000th=[  889], 30.000th=[  955], 40.000th=[ 1057],
     | 50.000th=[ 1106], 70.000th=[ 1205], 90.000th=[ 1614], 99.000th=[ 4490],
     | 99.900th=[ 5800], 99.990th=[ 6194], 99.999th=[27395]
   bw (  KiB/s): min=22090, max=150931, per=3.48%, avg=87446.32, stdev=25660.40, samples=1416
   iops        : min= 5522, max=37732, avg=21861.21, stdev=6415.10, samples=1416
  lat (usec)   : 20=0.01%, 50=0.01%, 100=0.43%, 250=0.42%, 500=0.52%
  lat (usec)   : 750=3.10%, 1000=30.14%
  lat (msec)   : 2=58.67%, 4=5.10%, 10=1.61%, 50=0.01%
  cpu          : usr=9.03%, sys=16.45%, ctx=17946161, majf=0, minf=36189
  IO depths    : 1=0.1%, 2=0.1%, 4=0.1%, 8=0.1%, 16=0.1%, 32=100.0%, >=64=0.0%
     submit    : 0=0.0%, 4=100.0%, 8=0.0%, 16=0.0%, 32=0.0%, 64=0.0%, >=64=0.0%
     complete  : 0=0.0%, 4=100.0%, 8=0.0%, 16=0.0%, 32=0.1%, 64=0.0%, >=64=0.0%
     issued rwt: total=0,18868025,0, short=0,0,0, dropped=0,0,0
     latency   : target=0, window=0, percentile=100.00%, depth=32
randw-4K-n2-c2: (groupid=8, jobs=2): err= 0: pid=41594: Sun Jul 21 22:31:16 2019
  write: IOPS=433k, BW=1691MiB/s (1773MB/s)(49.6GiB/30049msec)
    slat (nsec): min=1617, max=50842k, avg=3004.60, stdev=14277.08
    clat (usec): min=13, max=50983, avg=144.19, stdev=82.25
     lat (usec): min=17, max=50986, avg=147.29, stdev=83.58
    clat percentiles (usec):
     | 10.000th=[  135], 20.000th=[  137], 30.000th=[  137], 40.000th=[  139],
     | 50.000th=[  141], 70.000th=[  143], 90.000th=[  153], 99.000th=[  239],
     | 99.900th=[  363], 99.990th=[  898], 99.999th=[ 1237]
   bw (  KiB/s): min=384544, max=930229, per=50.21%, avg=869261.48, stdev=87017.65, samples=119
   iops        : min=96136, max=232557, avg=217315.25, stdev=21754.42, samples=119
  lat (usec)   : 20=0.01%, 50=0.01%, 100=0.01%, 250=99.13%, 500=0.83%
  lat (usec)   : 750=0.01%, 1000=0.03%
  lat (msec)   : 2=0.01%, 100=0.01%
  cpu          : usr=43.32%, sys=56.62%, ctx=63, majf=0, minf=7456
  IO depths    : 1=0.1%, 2=0.1%, 4=0.1%, 8=0.1%, 16=0.1%, 32=100.0%, >=64=0.0%
     submit    : 0=0.0%, 4=100.0%, 8=0.0%, 16=0.0%, 32=0.0%, 64=0.0%, >=64=0.0%
     complete  : 0=0.0%, 4=100.0%, 8=0.0%, 16=0.0%, 32=0.1%, 64=0.0%, >=64=0.0%
     issued rwt: total=0,13005185,0, short=0,0,0, dropped=0,0,0
     latency   : target=0, window=0, percentile=100.00%, depth=32

Run status group 0 (all jobs):
  WRITE: bw=951MiB/s (997MB/s), 951MiB/s-951MiB/s (997MB/s-997MB/s), io=27.9GiB (29.9GB), run=30001-30001msec

Run status group 1 (all jobs):
  WRITE: bw=1711MiB/s (1795MB/s), 1711MiB/s-1711MiB/s (1795MB/s-1795MB/s), io=50.2GiB (53.9GB), run=30009-30009msec

Run status group 2 (all jobs):
  WRITE: bw=2450MiB/s (2569MB/s), 2450MiB/s-2450MiB/s (2569MB/s-2569MB/s), io=71.8GiB (77.1GB), run=30022-30022msec

Run status group 3 (all jobs):
  WRITE: bw=2457MiB/s (2577MB/s), 2457MiB/s-2457MiB/s (2577MB/s-2577MB/s), io=72.0GiB (77.3GB), run=30014-30014msec

Run status group 4 (all jobs):
  WRITE: bw=2458MiB/s (2578MB/s), 2458MiB/s-2458MiB/s (2578MB/s-2578MB/s), io=72.1GiB (77.4GB), run=30013-30013msec

Run status group 5 (all jobs):
  WRITE: bw=2457MiB/s (2577MB/s), 2457MiB/s-2457MiB/s (2577MB/s-2577MB/s), io=72.0GiB (77.4GB), run=30019-30019msec

Run status group 6 (all jobs):
  WRITE: bw=2456MiB/s (2576MB/s), 2456MiB/s-2456MiB/s (2576MB/s-2576MB/s), io=72.0GiB (77.3GB), run=30021-30021msec

Run status group 7 (all jobs):
  WRITE: bw=2455MiB/s (2574MB/s), 2455MiB/s-2455MiB/s (2574MB/s-2574MB/s), io=71.0GiB (77.3GB), run=30027-30027msec

Run status group 8 (all jobs):
  WRITE: bw=1691MiB/s (1773MB/s), 1691MiB/s-1691MiB/s (1773MB/s-1773MB/s), io=49.6GiB (53.3GB), run=30049-30049msec

Disk stats (read/write):
  nvme0n1: ios=745/146685760, merge=0/0, ticks=12/80174324, in_queue=87298212, util=100.00%
