***************************************
*** ###easy### TPC-C Load Generator ***
***************************************
option h with value '192.168.122.77'
option P with value '3306'
option d with value 'benchmarker'
option u with value 'root'
option p with value '123456'
option w with value '11'
option c with value '2'
option r with value '22'
option l with value '60'
option i with value '10'
<Parameters>
     [server]: 192.168.122.77
     [port]: 3306
     [DBname]: benchmarker
       [user]: root
       [pass]: 123456
  [warehouse]: 11
 [connection]: 2
     [rampup]: 22 (sec.)
    [measure]: 60 (sec.)

RAMP-UP TIME.(22 sec.)

MEASURING START.

  10, trx: 1187, 95%: 13.408, 99%: 15.709, max_rt: 30.744, 1190|9.176, 118|2.380, 118|50.761, 118|81.132
  20, trx: 1197, 95%: 14.066, 99%: 18.076, max_rt: 33.020, 1195|14.656, 119|2.521, 119|38.840, 120|60.818
  30, trx: 1156, 95%: 14.235, 99%: 15.360, max_rt: 18.705, 1158|13.767, 116|2.863, 117|31.776, 116|46.338
  40, trx: 1259, 95%: 12.360, 99%: 13.352, max_rt: 14.875, 1256|8.668, 127|2.481, 125|32.107, 126|42.203
  50, trx: 1260, 95%: 12.927, 99%: 16.157, max_rt: 25.369, 1261|10.068, 126|2.900, 126|44.101, 126|42.923
  60, trx: 1101, 95%: 14.317, 99%: 15.420, max_rt: 19.231, 1099|7.357, 109|2.599, 110|33.317, 110|48.002

STOPPING THREADS..

<Raw Results>
  [0] sc:321 lt:6839  rt:0  fl:0 avg_rt: 12.3 (5)
  [1] sc:7128 lt:32  rt:0  fl:0 avg_rt: 3.0 (5)
  [2] sc:715 lt:0  rt:0  fl:0 avg_rt: 1.7 (5)
  [3] sc:715 lt:0  rt:0  fl:0 avg_rt: 28.6 (80)
  [4] sc:0 lt:716  rt:0  fl:0 avg_rt: 45.1 (20)
 in 60 sec.

<Raw Results2(sum ver.)>
  [0] sc:321  lt:6839  rt:0  fl:0 
  [1] sc:7128  lt:32  rt:0  fl:0 
  [2] sc:715  lt:0  rt:0  fl:0 
  [3] sc:715  lt:0  rt:0  fl:0 
  [4] sc:0  lt:716  rt:0  fl:0 

<Constraint Check> (all must be [OK])
 [transaction percentage]
        Payment: 43.48% (>=43.0%) [OK]
   Order-Status: 4.34% (>= 4.0%) [OK]
       Delivery: 4.34% (>= 4.0%) [OK]
    Stock-Level: 4.35% (>= 4.0%) [OK]
 [response time (at least 90% passed)]
      New-Order: 4.48%  [NG] *
        Payment: 99.55%  [OK]
   Order-Status: 100.00%  [OK]
       Delivery: 100.00%  [OK]
    Stock-Level: 0.00%  [NG] *

<TpmC>
                 7160.000 TpmC
