***************************************
*** ###easy### TPC-C Load Generator ***
***************************************
option h with value '192.168.122.83'
option P with value '3306'
option d with value 'benchmarker'
option u with value 'root'
option p with value '123456'
option w with value '11'
option c with value '8'
option r with value '22'
option l with value '60'
option i with value '10'
<Parameters>
     [server]: 192.168.122.83
     [port]: 3306
     [DBname]: benchmarker
       [user]: root
       [pass]: 123456
  [warehouse]: 11
 [connection]: 8
     [rampup]: 22 (sec.)
    [measure]: 60 (sec.)

RAMP-UP TIME.(22 sec.)

MEASURING START.

  10, trx: 1123, 95%: 55.758, 99%: 65.364, max_rt: 138.336, 1119|67.051, 113|34.359, 112|144.891, 111|182.807
  20, trx: 1122, 95%: 55.508, 99%: 62.775, max_rt: 89.394, 1126|53.111, 112|12.620, 112|158.104, 113|194.362
  30, trx: 1117, 95%: 57.470, 99%: 65.756, max_rt: 88.784, 1114|51.175, 111|16.359, 111|146.455, 111|176.584
  40, trx: 1119, 95%: 57.936, 99%: 65.934, max_rt: 112.757, 1123|51.792, 112|12.459, 113|147.023, 112|172.755
  50, trx: 1101, 95%: 57.625, 99%: 67.572, max_rt: 92.219, 1101|44.119, 110|13.959, 109|155.762, 111|183.303
  60, trx: 1099, 95%: 59.145, 99%: 70.718, max_rt: 89.345, 1096|48.017, 110|19.023, 111|167.468, 109|178.384

STOPPING THREADS........

<Raw Results>
  [0] sc:0 lt:6681  rt:0  fl:0 avg_rt: 50.6 (5)
  [1] sc:554 lt:6125  rt:0  fl:0 avg_rt: 13.1 (5)
  [2] sc:329 lt:339  rt:0  fl:0 avg_rt: 7.0 (5)
  [3] sc:34 lt:634  rt:0  fl:0 avg_rt: 139.9 (80)
  [4] sc:0 lt:667  rt:0  fl:0 avg_rt: 198.0 (20)
 in 60 sec.

<Raw Results2(sum ver.)>
  [0] sc:0  lt:6681  rt:0  fl:0 
  [1] sc:554  lt:6125  rt:0  fl:0 
  [2] sc:329  lt:339  rt:0  fl:0 
  [3] sc:34  lt:634  rt:0  fl:0 
  [4] sc:0  lt:667  rt:0  fl:0 

<Constraint Check> (all must be [OK])
 [transaction percentage]
        Payment: 43.47% (>=43.0%) [OK]
   Order-Status: 4.35% (>= 4.0%) [OK]
       Delivery: 4.35% (>= 4.0%) [OK]
    Stock-Level: 4.34% (>= 4.0%) [OK]
 [response time (at least 90% passed)]
      New-Order: 0.00%  [NG] *
        Payment: 8.29%  [NG] *
   Order-Status: 49.25%  [NG] *
       Delivery: 5.09%  [NG] *
    Stock-Level: 0.00%  [NG] *

<TpmC>
                 6681.000 TpmC
