***************************************
*** ###easy### TPC-C Load Generator ***
***************************************
option h with value '192.168.122.77'
option P with value '3306'
option d with value 'benchmarker'
option u with value 'root'
option p with value '123456'
option w with value '11'
option c with value '32'
option r with value '22'
option l with value '60'
option i with value '10'
<Parameters>
     [server]: 192.168.122.77
     [port]: 3306
     [DBname]: benchmarker
       [user]: root
       [pass]: 123456
  [warehouse]: 11
 [connection]: 32
     [rampup]: 22 (sec.)
    [measure]: 60 (sec.)

RAMP-UP TIME.(22 sec.)

MEASURING START.

  10, trx: 5315, 95%: 59.661, 99%: 77.223, max_rt: 138.226, 5324|115.768, 531|24.107, 534|217.636, 530|189.394
  20, trx: 5504, 95%: 57.694, 99%: 75.103, max_rt: 137.815, 5494|86.684, 551|37.587, 549|210.760, 551|176.893
  30, trx: 5358, 95%: 60.163, 99%: 81.182, max_rt: 162.816, 5357|166.988, 534|23.582, 536|208.694, 535|164.007
  40, trx: 5456, 95%: 56.413, 99%: 71.612, max_rt: 109.932, 5454|105.547, 547|30.082, 546|207.296, 547|182.248
  50, trx: 5240, 95%: 59.643, 99%: 82.431, max_rt: 121.595, 5247|103.587, 524|33.564, 523|209.595, 525|168.268
  60, trx: 5224, 95%: 60.037, 99%: 78.953, max_rt: 130.361, 5224|117.378, 522|35.840, 523|210.625, 523|154.259

STOPPING THREADS................................

<Raw Results>
  [0] sc:27 lt:32071  rt:0  fl:0 avg_rt: 42.0 (5)
  [1] sc:9233 lt:22867  rt:0  fl:0 avg_rt: 17.2 (5)
  [2] sc:2097 lt:1112  rt:0  fl:0 avg_rt: 6.4 (5)
  [3] sc:1962 lt:1249  rt:0  fl:0 avg_rt: 104.2 (80)
  [4] sc:0 lt:3211  rt:0  fl:0 avg_rt: 112.4 (20)
 in 60 sec.

<Raw Results2(sum ver.)>
  [0] sc:27  lt:32071  rt:0  fl:0 
  [1] sc:9233  lt:22868  rt:0  fl:0 
  [2] sc:2097  lt:1112  rt:0  fl:0 
  [3] sc:1962  lt:1249  rt:0  fl:0 
  [4] sc:0  lt:3211  rt:0  fl:0 

<Constraint Check> (all must be [OK])
 [transaction percentage]
        Payment: 43.48% (>=43.0%) [OK]
   Order-Status: 4.35% (>= 4.0%) [OK]
       Delivery: 4.35% (>= 4.0%) [OK]
    Stock-Level: 4.35% (>= 4.0%) [OK]
 [response time (at least 90% passed)]
      New-Order: 0.08%  [NG] *
        Payment: 28.76%  [NG] *
   Order-Status: 65.35%  [NG] *
       Delivery: 61.10%  [NG] *
    Stock-Level: 0.00%  [NG] *

<TpmC>
                 32098.000 TpmC
