[OVERALL], RunTime(ms), 313
[OVERALL], Throughput(ops/sec), 3194.888178913738
[TOTAL_GCS_PS_Scavenge], Count, 0
[TOTAL_GC_TIME_PS_Scavenge], Time(ms), 0
[TOTAL_GC_TIME_%_PS_Scavenge], Time(%), 0.0
[TOTAL_GCS_PS_MarkSweep], Count, 0
[TOTAL_GC_TIME_PS_MarkSweep], Time(ms), 0
[TOTAL_GC_TIME_%_PS_MarkSweep], Time(%), 0.0
[TOTAL_GCs], Count, 0
[TOTAL_GC_TIME], Time(ms), 0
[TOTAL_GC_TIME_%], Time(%), 0.0
[CLEANUP], Operations, 1
[CLEANUP], AverageLatency(us), 604.0
[CLEANUP], MinLatency(us), 604
[CLEANUP], MaxLatency(us), 604
[CLEANUP], 95thPercentileLatency(us), 604
[CLEANUP], 99thPercentileLatency(us), 604
[INSERT], Operations, 1000
[INSERT], AverageLatency(us), 253.394
[INSERT], MinLatency(us), 179
[INSERT], MaxLatency(us), 6711
[INSERT], 95thPercentileLatency(us), 371
[INSERT], 99thPercentileLatency(us), 540
[INSERT], Return=OK, 1000
