[OVERALL], RunTime(ms), 311
[OVERALL], Throughput(ops/sec), 3215.434083601286
[TOTAL_GCS_PS_Scavenge], Count, 0
[TOTAL_GC_TIME_PS_Scavenge], Time(ms), 0
[TOTAL_GC_TIME_%_PS_Scavenge], Time(%), 0.0
[TOTAL_GCS_PS_MarkSweep], Count, 0
[TOTAL_GC_TIME_PS_MarkSweep], Time(ms), 0
[TOTAL_GC_TIME_%_PS_MarkSweep], Time(%), 0.0
[TOTAL_GCs], Count, 0
[TOTAL_GC_TIME], Time(ms), 0
[TOTAL_GC_TIME_%], Time(%), 0.0
[CLEANUP], Operations, 1
[CLEANUP], AverageLatency(us), 582.0
[CLEANUP], MinLatency(us), 582
[CLEANUP], MaxLatency(us), 582
[CLEANUP], 95thPercentileLatency(us), 582
[CLEANUP], 99thPercentileLatency(us), 582
[INSERT], Operations, 1000
[INSERT], AverageLatency(us), 248.597
[INSERT], MinLatency(us), 170
[INSERT], MaxLatency(us), 6699
[INSERT], 95thPercentileLatency(us), 379
[INSERT], 99thPercentileLatency(us), 629
[INSERT], Return=OK, 1000
