[OVERALL], RunTime(ms), 328
[OVERALL], Throughput(ops/sec), 3048.7804878048782
[TOTAL_GCS_PS_Scavenge], Count, 0
[TOTAL_GC_TIME_PS_Scavenge], Time(ms), 0
[TOTAL_GC_TIME_%_PS_Scavenge], Time(%), 0.0
[TOTAL_GCS_PS_MarkSweep], Count, 0
[TOTAL_GC_TIME_PS_MarkSweep], Time(ms), 0
[TOTAL_GC_TIME_%_PS_MarkSweep], Time(%), 0.0
[TOTAL_GCs], Count, 0
[TOTAL_GC_TIME], Time(ms), 0
[TOTAL_GC_TIME_%], Time(%), 0.0
[CLEANUP], Operations, 1
[CLEANUP], AverageLatency(us), 612.0
[CLEANUP], MinLatency(us), 612
[CLEANUP], MaxLatency(us), 612
[CLEANUP], 95thPercentileLatency(us), 612
[CLEANUP], 99thPercentileLatency(us), 612
[INSERT], Operations, 1000
[INSERT], AverageLatency(us), 265.371
[INSERT], MinLatency(us), 177
[INSERT], MaxLatency(us), 8027
[INSERT], 95thPercentileLatency(us), 446
[INSERT], 99thPercentileLatency(us), 751
[INSERT], Return=OK, 1000
