***************************************
*** ###easy### TPC-C Load Generator ***
***************************************
option h with value '192.168.122.77'
option P with value '3306'
option d with value 'benchmarker'
option u with value 'root'
option p with value '123456'
option w with value '11'
option c with value '8'
option r with value '22'
option l with value '60'
option i with value '10'
<Parameters>
     [server]: 192.168.122.77
     [port]: 3306
     [DBname]: benchmarker
       [user]: root
       [pass]: 123456
  [warehouse]: 11
 [connection]: 8
     [rampup]: 22 (sec.)
    [measure]: 60 (sec.)

RAMP-UP TIME.(22 sec.)

MEASURING START.

  10, trx: 2527, 95%: 30.890, 99%: 43.950, max_rt: 62.912, 2524|41.166, 252|7.809, 253|115.919, 253|156.639
  20, trx: 2536, 95%: 29.147, 99%: 40.392, max_rt: 65.732, 2537|33.715, 253|7.616, 253|77.084, 254|142.250
  30, trx: 2523, 95%: 28.568, 99%: 40.392, max_rt: 62.258, 2526|44.620, 254|5.874, 253|87.004, 251|137.898
  40, trx: 2452, 95%: 31.224, 99%: 47.209, max_rt: 60.864, 2448|33.313, 245|5.239, 245|96.998, 246|146.454
  50, trx: 2462, 95%: 32.164, 99%: 45.721, max_rt: 65.565, 2465|29.645, 246|8.974, 246|89.210, 246|149.118
  60, trx: 2523, 95%: 30.385, 99%: 46.023, max_rt: 78.171, 2522|45.272, 252|6.989, 252|106.714, 252|156.163

STOPPING THREADS........

<Raw Results>
  [0] sc:0 lt:15024  rt:0  fl:0 avg_rt: 24.0 (5)
  [1] sc:12631 lt:2391  rt:0  fl:0 avg_rt: 5.9 (5)
  [2] sc:1487 lt:15  rt:0  fl:0 avg_rt: 2.7 (5)
  [3] sc:1487 lt:16  rt:0  fl:0 avg_rt: 48.3 (80)
  [4] sc:0 lt:1502  rt:0  fl:0 avg_rt: 86.5 (20)
 in 60 sec.

<Raw Results2(sum ver.)>
  [0] sc:0  lt:15024  rt:0  fl:0 
  [1] sc:12631  lt:2391  rt:0  fl:0 
  [2] sc:1487  lt:15  rt:0  fl:0 
  [3] sc:1487  lt:16  rt:0  fl:0 
  [4] sc:0  lt:1502  rt:0  fl:0 

<Constraint Check> (all must be [OK])
 [transaction percentage]
        Payment: 43.48% (>=43.0%) [OK]
   Order-Status: 4.35% (>= 4.0%) [OK]
       Delivery: 4.35% (>= 4.0%) [OK]
    Stock-Level: 4.35% (>= 4.0%) [OK]
 [response time (at least 90% passed)]
      New-Order: 0.00%  [NG] *
        Payment: 84.08%  [NG] *
   Order-Status: 99.00%  [OK]
       Delivery: 98.94%  [OK]
    Stock-Level: 0.00%  [NG] *

<TpmC>
                 15024.000 TpmC
