***************************************
*** ###easy### TPC-C Load Generator ***
***************************************
option h with value '192.168.122.77'
option P with value '3306'
option d with value 'benchmarker'
option u with value 'root'
option p with value '123456'
option w with value '11'
option c with value '16'
option r with value '22'
option l with value '60'
option i with value '10'
<Parameters>
     [server]: 192.168.122.77
     [port]: 3306
     [DBname]: benchmarker
       [user]: root
       [pass]: 123456
  [warehouse]: 11
 [connection]: 16
     [rampup]: 22 (sec.)
    [measure]: 60 (sec.)

RAMP-UP TIME.(22 sec.)

MEASURING START.

  10, trx: 2481, 95%: 64.547, 99%: 109.217, max_rt: 276.795, 2481|173.451, 248|37.067, 248|333.441, 250|463.049
  20, trx: 2493, 95%: 64.297, 99%: 116.547, max_rt: 221.379, 2496|91.706, 249|22.436, 249|262.095, 249|569.870
  30, trx: 2506, 95%: 64.297, 99%: 106.537, max_rt: 189.030, 2502|99.493, 251|21.922, 250|354.140, 251|302.282
  40, trx: 2532, 95%: 64.412, 99%: 108.988, max_rt: 222.338, 2532|128.533, 253|16.410, 254|241.054, 252|439.362
  50, trx: 2578, 95%: 59.500, 99%: 117.071, max_rt: 176.338, 2583|122.043, 258|25.821, 257|317.054, 259|418.104
  60, trx: 2568, 95%: 61.566, 99%: 104.547, max_rt: 219.553, 2563|122.871, 257|36.965, 257|238.267, 255|449.186

STOPPING THREADS................

<Raw Results>
  [0] sc:0 lt:15158  rt:0  fl:0 avg_rt: 46.4 (5)
  [1] sc:2262 lt:12896  rt:0  fl:0 avg_rt: 13.2 (5)
  [2] sc:1329 lt:187  rt:0  fl:0 avg_rt: 5.0 (5)
  [3] sc:1240 lt:275  rt:0  fl:0 avg_rt: 95.6 (80)
  [4] sc:0 lt:1516  rt:0  fl:0 avg_rt: 168.7 (20)
 in 60 sec.

<Raw Results2(sum ver.)>
  [0] sc:0  lt:15158  rt:0  fl:0 
  [1] sc:2262  lt:12896  rt:0  fl:0 
  [2] sc:1329  lt:187  rt:0  fl:0 
  [3] sc:1240  lt:275  rt:0  fl:0 
  [4] sc:0  lt:1516  rt:0  fl:0 

<Constraint Check> (all must be [OK])
 [transaction percentage]
        Payment: 43.48% (>=43.0%) [OK]
   Order-Status: 4.35% (>= 4.0%) [OK]
       Delivery: 4.35% (>= 4.0%) [OK]
    Stock-Level: 4.35% (>= 4.0%) [OK]
 [response time (at least 90% passed)]
      New-Order: 0.00%  [NG] *
        Payment: 14.92%  [NG] *
   Order-Status: 87.66%  [NG] *
       Delivery: 81.85%  [NG] *
    Stock-Level: 0.00%  [NG] *

<TpmC>
                 15158.000 TpmC
