***************************************
*** ###easy### TPC-C Load Generator ***
***************************************
option h with value '192.168.122.77'
option P with value '3306'
option d with value 'benchmarker'
option u with value 'root'
option p with value '123456'
option w with value '11'
option c with value '8'
option r with value '22'
option l with value '60'
option i with value '10'
<Parameters>
     [server]: 192.168.122.77
     [port]: 3306
     [DBname]: benchmarker
       [user]: root
       [pass]: 123456
  [warehouse]: 11
 [connection]: 8
     [rampup]: 22 (sec.)
    [measure]: 60 (sec.)

RAMP-UP TIME.(22 sec.)

MEASURING START.

  10, trx: 1080, 95%: 60.687, 99%: 69.086, max_rt: 94.197, 1079|68.363, 107|33.328, 108|151.027, 108|192.336
  20, trx: 1088, 95%: 59.074, 99%: 68.550, max_rt: 94.302, 1088|48.874, 109|13.494, 108|138.057, 108|175.434
  30, trx: 1086, 95%: 58.092, 99%: 68.591, max_rt: 82.762, 1087|45.213, 109|19.571, 109|141.238, 109|177.714
  40, trx: 1087, 95%: 59.857, 99%: 69.751, max_rt: 85.428, 1085|47.751, 108|13.741, 108|141.318, 108|181.584
  50, trx: 1097, 95%: 58.406, 99%: 67.937, max_rt: 87.495, 1096|49.807, 110|16.178, 110|133.120, 110|175.832
  60, trx: 1099, 95%: 58.634, 99%: 67.249, max_rt: 85.356, 1101|50.459, 110|11.088, 110|146.573, 110|173.096

STOPPING THREADS........

<Raw Results>
  [0] sc:3 lt:6534  rt:0  fl:0 avg_rt: 52.8 (5)
  [1] sc:530 lt:6006  rt:0  fl:0 avg_rt: 13.0 (5)
  [2] sc:337 lt:316  rt:0  fl:0 avg_rt: 7.1 (5)
  [3] sc:42 lt:611  rt:0  fl:0 avg_rt: 138.2 (80)
  [4] sc:0 lt:653  rt:0  fl:0 avg_rt: 200.6 (20)
 in 60 sec.

<Raw Results2(sum ver.)>
  [0] sc:3  lt:6534  rt:0  fl:0 
  [1] sc:530  lt:6006  rt:0  fl:0 
  [2] sc:337  lt:316  rt:0  fl:0 
  [3] sc:42  lt:611  rt:0  fl:0 
  [4] sc:0  lt:653  rt:0  fl:0 

<Constraint Check> (all must be [OK])
 [transaction percentage]
        Payment: 43.48% (>=43.0%) [OK]
   Order-Status: 4.34% (>= 4.0%) [OK]
       Delivery: 4.34% (>= 4.0%) [OK]
    Stock-Level: 4.34% (>= 4.0%) [OK]
 [response time (at least 90% passed)]
      New-Order: 0.05%  [NG] *
        Payment: 8.11%  [NG] *
   Order-Status: 51.61%  [NG] *
       Delivery: 6.43%  [NG] *
    Stock-Level: 0.00%  [NG] *

<TpmC>
                 6537.000 TpmC
