***************************************
*** ###easy### TPC-C Load Generator ***
***************************************
option h with value '192.168.122.77'
option P with value '3306'
option d with value 'benchmarker'
option u with value 'root'
option p with value '123456'
option w with value '11'
option c with value '1'
option r with value '22'
option l with value '60'
option i with value '10'
<Parameters>
     [server]: 192.168.122.77
     [port]: 3306
     [DBname]: benchmarker
       [user]: root
       [pass]: 123456
  [warehouse]: 11
 [connection]: 1
     [rampup]: 22 (sec.)
    [measure]: 60 (sec.)

RAMP-UP TIME.(22 sec.)

MEASURING START.

  10, trx: 1130, 95%: 6.679, 99%: 10.056, max_rt: 16.500, 1129|8.045, 113|2.829, 114|26.053, 112|29.367
  20, trx: 1136, 95%: 6.633, 99%: 10.032, max_rt: 14.323, 1136|5.624, 114|3.593, 113|24.807, 114|26.396
  30, trx: 1095, 95%: 6.723, 99%: 10.393, max_rt: 16.279, 1093|4.106, 110|3.255, 110|27.173, 109|27.247
  40, trx: 1124, 95%: 6.695, 99%: 10.184, max_rt: 15.167, 1130|8.709, 112|2.052, 112|22.855, 113|30.352
  50, trx: 1119, 95%: 6.624, 99%: 10.248, max_rt: 18.606, 1117|8.376, 111|2.581, 111|23.559, 112|26.597
  60, trx: 1120, 95%: 6.606, 99%: 10.080, max_rt: 15.626, 1123|4.182, 114|3.162, 113|31.103, 112|27.317

STOPPING THREADS.

<Raw Results>
  [0] sc:4116 lt:2608  rt:0  fl:0 avg_rt: 6.3 (5)
  [1] sc:6723 lt:5  rt:0  fl:0 avg_rt: 1.7 (5)
  [2] sc:674 lt:0  rt:0  fl:0 avg_rt: 1.1 (5)
  [3] sc:673 lt:0  rt:0  fl:0 avg_rt: 18.2 (80)
  [4] sc:611 lt:61  rt:0  fl:0 avg_rt: 22.2 (20)
 in 60 sec.

<Raw Results2(sum ver.)>
  [0] sc:4116  lt:2608  rt:0  fl:0 
  [1] sc:6723  lt:5  rt:0  fl:0 
  [2] sc:674  lt:0  rt:0  fl:0 
  [3] sc:673  lt:0  rt:0  fl:0 
  [4] sc:611  lt:61  rt:0  fl:0 

<Constraint Check> (all must be [OK])
 [transaction percentage]
        Payment: 43.49% (>=43.0%) [OK]
   Order-Status: 4.36% (>= 4.0%) [OK]
       Delivery: 4.35% (>= 4.0%) [OK]
    Stock-Level: 4.34% (>= 4.0%) [OK]
 [response time (at least 90% passed)]
      New-Order: 61.21%  [NG] *
        Payment: 99.93%  [OK]
   Order-Status: 100.00%  [OK]
       Delivery: 100.00%  [OK]
    Stock-Level: 90.92%  [OK]

<TpmC>
                 6724.000 TpmC
