***************************************
*** ###easy### TPC-C Load Generator ***
***************************************
option h with value '192.168.122.77'
option P with value '3306'
option d with value 'benchmarker'
option u with value 'root'
option p with value '123456'
option w with value '11'
option c with value '4'
option r with value '22'
option l with value '60'
option i with value '10'
<Parameters>
     [server]: 192.168.122.77
     [port]: 3306
     [DBname]: benchmarker
       [user]: root
       [pass]: 123456
  [warehouse]: 11
 [connection]: 4
     [rampup]: 22 (sec.)
    [measure]: 60 (sec.)

RAMP-UP TIME.(22 sec.)

MEASURING START.

  10, trx: 1091, 95%: 29.340, 99%: 34.230, max_rt: 41.319, 1091|23.174, 109|12.213, 109|76.792, 109|95.210
  20, trx: 1117, 95%: 28.766, 99%: 34.117, max_rt: 42.577, 1121|20.421, 112|7.936, 112|70.878, 112|93.100
  30, trx: 1124, 95%: 30.249, 99%: 36.331, max_rt: 48.933, 1122|21.101, 112|17.525, 113|66.443, 113|87.523
  40, trx: 1144, 95%: 28.947, 99%: 35.365, max_rt: 45.490, 1146|21.498, 114|6.660, 114|73.051, 114|94.350
  50, trx: 1131, 95%: 29.711, 99%: 35.845, max_rt: 47.011, 1129|17.086, 114|15.251, 113|75.018, 112|90.055
  60, trx: 1111, 95%: 30.222, 99%: 35.418, max_rt: 43.209, 1113|26.770, 111|11.144, 111|87.806, 112|89.104

STOPPING THREADS....

<Raw Results>
  [0] sc:2 lt:6716  rt:0  fl:0 avg_rt: 25.6 (5)
  [1] sc:4546 lt:2176  rt:0  fl:0 avg_rt: 6.3 (5)
  [2] sc:639 lt:33  rt:0  fl:0 avg_rt: 3.6 (5)
  [3] sc:671 lt:1  rt:0  fl:0 avg_rt: 69.1 (80)
  [4] sc:0 lt:672  rt:0  fl:0 avg_rt: 97.1 (20)
 in 60 sec.

<Raw Results2(sum ver.)>
  [0] sc:2  lt:6716  rt:0  fl:0 
  [1] sc:4546  lt:2176  rt:0  fl:0 
  [2] sc:639  lt:33  rt:0  fl:0 
  [3] sc:671  lt:1  rt:0  fl:0 
  [4] sc:0  lt:672  rt:0  fl:0 

<Constraint Check> (all must be [OK])
 [transaction percentage]
        Payment: 43.49% (>=43.0%) [OK]
   Order-Status: 4.35% (>= 4.0%) [OK]
       Delivery: 4.35% (>= 4.0%) [OK]
    Stock-Level: 4.35% (>= 4.0%) [OK]
 [response time (at least 90% passed)]
      New-Order: 0.03%  [NG] *
        Payment: 67.63%  [NG] *
   Order-Status: 95.09%  [OK]
       Delivery: 99.85%  [OK]
    Stock-Level: 0.00%  [NG] *

<TpmC>
                 6718.000 TpmC
