***************************************
*** ###easy### TPC-C Load Generator ***
***************************************
option h with value '192.168.122.81'
option P with value '3306'
option d with value 'benchmarker'
option u with value 'root'
option p with value '123456'
option w with value '11'
option c with value '2'
option r with value '22'
option l with value '60'
option i with value '10'
<Parameters>
     [server]: 192.168.122.81
     [port]: 3306
     [DBname]: benchmarker
       [user]: root
       [pass]: 123456
  [warehouse]: 11
 [connection]: 2
     [rampup]: 22 (sec.)
    [measure]: 60 (sec.)

RAMP-UP TIME.(22 sec.)

MEASURING START.

  10, trx: 952, 95%: 18.125, 99%: 29.025, max_rt: 52.246, 944|19.882, 95|14.047, 95|68.092, 95|88.075
  20, trx: 945, 95%: 19.816, 99%: 29.613, max_rt: 41.469, 948|15.220, 95|6.417, 95|71.097, 94|87.244
  30, trx: 953, 95%: 18.245, 99%: 30.751, max_rt: 42.324, 955|19.744, 95|7.234, 95|63.004, 96|76.515
  40, trx: 949, 95%: 19.083, 99%: 31.497, max_rt: 42.013, 947|11.919, 95|14.423, 95|67.245, 95|81.236
  50, trx: 958, 95%: 18.093, 99%: 31.168, max_rt: 41.907, 956|16.146, 96|5.921, 95|58.742, 95|66.904
  60, trx: 923, 95%: 20.406, 99%: 34.353, max_rt: 48.594, 927|17.208, 92|7.239, 93|66.022, 92|75.011

STOPPING THREADS..

<Raw Results>
  [0] sc:46 lt:5634  rt:0  fl:0 avg_rt: 15.0 (5)
  [1] sc:5358 lt:319  rt:0  fl:0 avg_rt: 4.0 (5)
  [2] sc:557 lt:11  rt:0  fl:0 avg_rt: 2.4 (5)
  [3] sc:568 lt:0  rt:0  fl:0 avg_rt: 39.4 (80)
  [4] sc:0 lt:567  rt:0  fl:0 avg_rt: 56.4 (20)
 in 60 sec.

<Raw Results2(sum ver.)>
  [0] sc:46  lt:5634  rt:0  fl:0 
  [1] sc:5358  lt:319  rt:0  fl:0 
  [2] sc:557  lt:11  rt:0  fl:0 
  [3] sc:568  lt:0  rt:0  fl:0 
  [4] sc:0  lt:567  rt:0  fl:0 

<Constraint Check> (all must be [OK])
 [transaction percentage]
        Payment: 43.47% (>=43.0%) [OK]
   Order-Status: 4.35% (>= 4.0%) [OK]
       Delivery: 4.35% (>= 4.0%) [OK]
    Stock-Level: 4.34% (>= 4.0%) [OK]
 [response time (at least 90% passed)]
      New-Order: 0.81%  [NG] *
        Payment: 94.38%  [OK]
   Order-Status: 98.06%  [OK]
       Delivery: 100.00%  [OK]
    Stock-Level: 0.00%  [NG] *

<TpmC>
                 5680.000 TpmC
