***************************************
*** ###easy### TPC-C Load Generator ***
***************************************
option h with value '127.0.0.1'
option P with value '13306'
option d with value 'benchmarker'
option u with value 'root'
option p with value '123456'
option w with value '11'
option c with value '1'
option r with value '22'
option l with value '60'
option i with value '10'
<Parameters>
     [server]: 127.0.0.1
     [port]: 13306
     [DBname]: benchmarker
       [user]: root
       [pass]: 123456
  [warehouse]: 11
 [connection]: 1
     [rampup]: 22 (sec.)
    [measure]: 60 (sec.)

RAMP-UP TIME.(22 sec.)

MEASURING START.

  10, trx: 306, 95%: 33.052, 99%: 47.054, max_rt: 64.600, 308|41.796, 31|5.380, 30|178.686, 30|133.652
  20, trx: 303, 95%: 36.659, 99%: 48.022, max_rt: 50.165, 301|55.739, 31|6.384, 30|85.093, 30|63.866
  30, trx: 307, 95%: 36.593, 99%: 46.147, max_rt: 48.804, 303|38.691, 30|2.321, 30|71.483, 31|57.059
  40, trx: 296, 95%: 42.159, 99%: 47.407, max_rt: 51.779, 297|43.322, 30|9.792, 30|81.859, 29|62.120
  50, trx: 358, 95%: 32.532, 99%: 47.209, max_rt: 49.057, 357|28.537, 35|4.617, 36|71.995, 36|76.796
  60, trx: 306, 95%: 35.985, 99%: 47.237, max_rt: 61.806, 309|34.790, 31|5.669, 31|91.190, 31|69.860

STOPPING THREADS.

<Raw Results>
  [0] sc:0 lt:1876  rt:0  fl:0 avg_rt: 24.6 (5)
  [1] sc:1473 lt:402  rt:0  fl:0 avg_rt: 6.9 (5)
  [2] sc:185 lt:3  rt:0  fl:0 avg_rt: 2.6 (5)
  [3] sc:182 lt:5  rt:0  fl:0 avg_rt: 57.0 (80)
  [4] sc:0 lt:187  rt:0  fl:0 avg_rt: 62.2 (20)
 in 60 sec.

<Raw Results2(sum ver.)>
  [0] sc:0  lt:1876  rt:0  fl:0 
  [1] sc:1473  lt:402  rt:0  fl:0 
  [2] sc:185  lt:3  rt:0  fl:0 
  [3] sc:182  lt:5  rt:0  fl:0 
  [4] sc:0  lt:187  rt:0  fl:0 

<Constraint Check> (all must be [OK])
 [transaction percentage]
        Payment: 43.47% (>=43.0%) [OK]
   Order-Status: 4.36% (>= 4.0%) [OK]
       Delivery: 4.34% (>= 4.0%) [OK]
    Stock-Level: 4.34% (>= 4.0%) [OK]
 [response time (at least 90% passed)]
      New-Order: 0.00%  [NG] *
        Payment: 78.56%  [NG] *
   Order-Status: 98.40%  [OK]
       Delivery: 97.33%  [OK]
    Stock-Level: 0.00%  [NG] *

<TpmC>
                 1876.000 TpmC
