***************************************
*** ###easy### TPC-C Load Generator ***
***************************************
option h with value '192.168.122.79'
option P with value '3306'
option d with value 'benchmarker'
option u with value 'root'
option p with value '123456'
option w with value '11'
option c with value '16'
option r with value '22'
option l with value '60'
option i with value '10'
<Parameters>
     [server]: 192.168.122.79
     [port]: 3306
     [DBname]: benchmarker
       [user]: root
       [pass]: 123456
  [warehouse]: 11
 [connection]: 16
     [rampup]: 22 (sec.)
    [measure]: 60 (sec.)

RAMP-UP TIME.(22 sec.)

MEASURING START.

  10, trx: 3930, 95%: 52.064, 99%: 80.240, max_rt: 232.661, 3928|119.696, 394|34.221, 394|276.379, 394|262.510
  20, trx: 3823, 95%: 52.048, 99%: 80.673, max_rt: 192.294, 3822|175.850, 381|23.529, 380|188.480, 381|273.389
  30, trx: 3778, 95%: 54.504, 99%: 84.986, max_rt: 181.240, 3777|106.019, 379|31.920, 376|274.419, 380|234.930
  40, trx: 3930, 95%: 53.166, 99%: 87.831, max_rt: 178.198, 3930|84.700, 393|16.636, 395|284.525, 391|259.206
  50, trx: 3843, 95%: 55.309, 99%: 83.649, max_rt: 142.410, 3844|84.454, 384|24.948, 385|244.350, 386|256.144
  60, trx: 3998, 95%: 48.819, 99%: 71.505, max_rt: 146.447, 3999|102.227, 400|34.608, 400|186.717, 399|219.735

STOPPING THREADS................

<Raw Results>
  [0] sc:308 lt:22995  rt:0  fl:0 avg_rt: 29.9 (5)
  [1] sc:12861 lt:10439  rt:0  fl:0 avg_rt: 9.9 (5)
  [2] sc:1923 lt:408  rt:0  fl:0 avg_rt: 4.4 (5)
  [3] sc:1922 lt:408  rt:0  fl:0 avg_rt: 78.1 (80)
  [4] sc:2 lt:2329  rt:0  fl:0 avg_rt: 81.8 (20)
 in 60 sec.

<Raw Results2(sum ver.)>
  [0] sc:308  lt:22995  rt:0  fl:0 
  [1] sc:12861  lt:10439  rt:0  fl:0 
  [2] sc:1923  lt:408  rt:0  fl:0 
  [3] sc:1922  lt:408  rt:0  fl:0 
  [4] sc:2  lt:2329  rt:0  fl:0 

<Constraint Check> (all must be [OK])
 [transaction percentage]
        Payment: 43.47% (>=43.0%) [OK]
   Order-Status: 4.35% (>= 4.0%) [OK]
       Delivery: 4.35% (>= 4.0%) [OK]
    Stock-Level: 4.35% (>= 4.0%) [OK]
 [response time (at least 90% passed)]
      New-Order: 1.32%  [NG] *
        Payment: 55.20%  [NG] *
   Order-Status: 82.50%  [NG] *
       Delivery: 82.49%  [NG] *
    Stock-Level: 0.09%  [NG] *

<TpmC>
                 23303.000 TpmC
