***************************************
*** ###easy### TPC-C Load Generator ***
***************************************
option h with value '192.168.122.79'
option P with value '3306'
option d with value 'benchmarker'
option u with value 'root'
option p with value '123456'
option w with value '11'
option c with value '16'
option r with value '22'
option l with value '60'
option i with value '10'
<Parameters>
     [server]: 192.168.122.79
     [port]: 3306
     [DBname]: benchmarker
       [user]: root
       [pass]: 123456
  [warehouse]: 11
 [connection]: 16
     [rampup]: 22 (sec.)
    [measure]: 60 (sec.)

RAMP-UP TIME.(22 sec.)

MEASURING START.

  10, trx: 1206, 95%: 110.764, 99%: 132.715, max_rt: 191.922, 1206|122.264, 121|28.020, 120|302.367, 122|484.117
  20, trx: 1159, 95%: 112.839, 99%: 126.585, max_rt: 159.859, 1159|99.768, 116|22.713, 116|278.703, 116|459.491
  30, trx: 1203, 95%: 114.301, 99%: 147.374, max_rt: 204.262, 1202|173.848, 120|19.688, 121|311.459, 120|435.671
  40, trx: 1115, 95%: 119.479, 99%: 136.994, max_rt: 150.175, 1115|150.523, 111|25.032, 111|240.748, 111|408.216
  50, trx: 1144, 95%: 121.498, 99%: 140.819, max_rt: 183.651, 1145|148.576, 116|25.817, 115|250.907, 115|416.951
  60, trx: 1117, 95%: 127.956, 99%: 148.126, max_rt: 200.734, 1115|109.271, 110|29.624, 110|276.970, 112|444.766

STOPPING THREADS................

<Raw Results>
  [0] sc:0 lt:6944  rt:0  fl:0 avg_rt: 100.7 (5)
  [1] sc:253 lt:6689  rt:0  fl:0 avg_rt: 26.3 (5)
  [2] sc:138 lt:556  rt:0  fl:0 avg_rt: 12.1 (5)
  [3] sc:2 lt:691  rt:0  fl:0 avg_rt: 228.0 (80)
  [4] sc:0 lt:696  rt:0  fl:0 avg_rt: 377.8 (20)
 in 60 sec.

<Raw Results2(sum ver.)>
  [0] sc:0  lt:6944  rt:0  fl:0 
  [1] sc:253  lt:6689  rt:0  fl:0 
  [2] sc:138  lt:556  rt:0  fl:0 
  [3] sc:2  lt:691  rt:0  fl:0 
  [4] sc:0  lt:696  rt:0  fl:0 

<Constraint Check> (all must be [OK])
 [transaction percentage]
        Payment: 43.47% (>=43.0%) [OK]
   Order-Status: 4.35% (>= 4.0%) [OK]
       Delivery: 4.34% (>= 4.0%) [OK]
    Stock-Level: 4.36% (>= 4.0%) [OK]
 [response time (at least 90% passed)]
      New-Order: 0.00%  [NG] *
        Payment: 3.64%  [NG] *
   Order-Status: 19.88%  [NG] *
       Delivery: 0.29%  [NG] *
    Stock-Level: 0.00%  [NG] *

<TpmC>
                 6944.000 TpmC
