***************************************
*** ###easy### TPC-C Load Generator ***
***************************************
option h with value '127.0.0.1'
option P with value '13306'
option d with value 'benchmarker'
option u with value 'root'
option p with value '123456'
option w with value '11'
option c with value '8'
option r with value '22'
option l with value '60'
option i with value '10'
<Parameters>
     [server]: 127.0.0.1
     [port]: 13306
     [DBname]: benchmarker
       [user]: root
       [pass]: 123456
  [warehouse]: 11
 [connection]: 8
     [rampup]: 22 (sec.)
    [measure]: 60 (sec.)

RAMP-UP TIME.(22 sec.)

MEASURING START.

  10, trx: 535, 95%: 131.647, 99%: 165.129, max_rt: 307.832, 539|142.800, 53|37.638, 53|300.748, 54|463.265
  20, trx: 537, 95%: 142.217, 99%: 200.236, max_rt: 262.413, 536|109.286, 54|37.591, 55|357.055, 52|417.493
  30, trx: 539, 95%: 132.517, 99%: 159.828, max_rt: 264.128, 537|143.269, 54|54.715, 53|338.609, 55|515.890
  40, trx: 559, 95%: 131.214, 99%: 149.328, max_rt: 200.877, 557|127.431, 56|41.573, 57|358.532, 56|450.710
  50, trx: 545, 95%: 131.018, 99%: 161.414, max_rt: 247.213, 547|92.954, 54|86.189, 54|305.412, 54|464.279
  60, trx: 559, 95%: 136.544, 99%: 166.918, max_rt: 197.805, 560|100.996, 57|47.818, 55|259.628, 57|416.692

STOPPING THREADS........

<Raw Results>
  [0] sc:0 lt:3274  rt:0  fl:0 avg_rt: 105.8 (5)
  [1] sc:35 lt:3241  rt:0  fl:0 avg_rt: 28.4 (5)
  [2] sc:53 lt:275  rt:0  fl:0 avg_rt: 14.8 (5)
  [3] sc:1 lt:326  rt:0  fl:0 avg_rt: 229.9 (80)
  [4] sc:0 lt:328  rt:0  fl:0 avg_rt: 410.8 (20)
 in 60 sec.

<Raw Results2(sum ver.)>
  [0] sc:0  lt:3274  rt:0  fl:0 
  [1] sc:35  lt:3244  rt:0  fl:0 
  [2] sc:53  lt:275  rt:0  fl:0 
  [3] sc:1  lt:326  rt:0  fl:0 
  [4] sc:0  lt:328  rt:0  fl:0 

<Constraint Check> (all must be [OK])
 [transaction percentage]
        Payment: 43.49% (>=43.0%) [OK]
   Order-Status: 4.35% (>= 4.0%) [OK]
       Delivery: 4.34% (>= 4.0%) [OK]
    Stock-Level: 4.35% (>= 4.0%) [OK]
 [response time (at least 90% passed)]
      New-Order: 0.00%  [NG] *
        Payment: 1.07%  [NG] *
   Order-Status: 16.16%  [NG] *
       Delivery: 0.31%  [NG] *
    Stock-Level: 0.00%  [NG] *

<TpmC>
                 3274.000 TpmC
