randw-4K-n1-c1: (g=0): rw=randwrite, bs=(R) 4096B-4096B, (W) 4096B-4096B, (T) 4096B-4096B, ioengine=libaio, iodepth=32
randw-4K-n2-c2: (g=1): rw=randwrite, bs=(R) 4096B-4096B, (W) 4096B-4096B, (T) 4096B-4096B, ioengine=libaio, iodepth=32
...
randw-4K-n4-c4: (g=2): rw=randwrite, bs=(R) 4096B-4096B, (W) 4096B-4096B, (T) 4096B-4096B, ioengine=libaio, iodepth=32
...
randw-4K-n8-c8: (g=3): rw=randwrite, bs=(R) 4096B-4096B, (W) 4096B-4096B, (T) 4096B-4096B, ioengine=libaio, iodepth=32
...
randw-4K-n12-c12: (g=4): rw=randwrite, bs=(R) 4096B-4096B, (W) 4096B-4096B, (T) 4096B-4096B, ioengine=libaio, iodepth=32
...
fio-3.1
Starting 27 processes

randw-4K-n1-c1: (groupid=0, jobs=1): err= 0: pid=1101: Wed Jul 24 17:27:40 2019
  write: IOPS=110k, BW=429MiB/s (450MB/s)(12.6GiB/30001msec)
    slat (usec): min=2, max=735, avg= 3.28, stdev= 2.11
    clat (usec): min=20, max=1455, avg=284.81, stdev=27.16
     lat (usec): min=26, max=1461, avg=288.77, stdev=27.49
    clat percentiles (usec):
     | 10.000th=[  273], 20.000th=[  273], 30.000th=[  277], 40.000th=[  277],
     | 50.000th=[  277], 70.000th=[  285], 90.000th=[  306], 99.000th=[  351],
     | 99.900th=[  644], 99.990th=[ 1012], 99.999th=[ 1139]
   bw (  KiB/s): min=294520, max=360969, per=80.67%, avg=354530.54, stdev=9275.70, samples=59
   iops        : min=73630, max=90242, avg=88632.22, stdev=2318.81, samples=59
  lat (usec)   : 50=0.01%, 100=0.01%, 250=0.01%, 500=99.82%, 750=0.12%
  lat (usec)   : 1000=0.04%
  lat (msec)   : 2=0.02%
  cpu          : usr=49.74%, sys=50.26%, ctx=65, majf=0, minf=11
  IO depths    : 1=0.1%, 2=0.1%, 4=0.1%, 8=0.1%, 16=0.1%, 32=100.0%, >=64=0.0%
     submit    : 0=0.0%, 4=100.0%, 8=0.0%, 16=0.0%, 32=0.0%, 64=0.0%, >=64=0.0%
     complete  : 0=0.0%, 4=100.0%, 8=0.0%, 16=0.0%, 32=0.1%, 64=0.0%, >=64=0.0%
     issued rwt: total=0,3296264,0, short=0,0,0, dropped=0,0,0
     latency   : target=0, window=0, percentile=100.00%, depth=32
randw-4K-n2-c2: (groupid=1, jobs=2): err= 0: pid=1105: Wed Jul 24 17:27:40 2019
  write: IOPS=158k, BW=618MiB/s (648MB/s)(18.1GiB/30001msec)
    slat (usec): min=2, max=16034, avg= 6.04, stdev= 9.15
    clat (usec): min=18, max=16668, avg=393.95, stdev=143.25
     lat (usec): min=22, max=16677, avg=400.78, stdev=145.24
    clat percentiles (usec):
     | 10.000th=[  302], 20.000th=[  306], 30.000th=[  310], 40.000th=[  314],
     | 50.000th=[  318], 70.000th=[  502], 90.000th=[  523], 99.000th=[  701],
     | 99.900th=[ 1254], 99.990th=[ 1369], 99.999th=[16319]
   bw (  KiB/s): min=111095, max=325575, per=40.61%, avg=256997.59, stdev=64630.27, samples=118
   iops        : min=27773, max=81393, avg=64249.03, stdev=16157.58, samples=118
  lat (usec)   : 20=0.01%, 50=0.01%, 100=0.01%, 250=0.01%, 500=69.81%
  lat (usec)   : 750=29.45%, 1000=0.40%
  lat (msec)   : 2=0.33%, 4=0.01%, 10=0.01%, 20=0.01%
  cpu          : usr=44.19%, sys=55.69%, ctx=59, majf=0, minf=18
  IO depths    : 1=0.1%, 2=0.1%, 4=0.1%, 8=0.1%, 16=0.1%, 32=100.0%, >=64=0.0%
     submit    : 0=0.0%, 4=100.0%, 8=0.0%, 16=0.0%, 32=0.0%, 64=0.0%, >=64=0.0%
     complete  : 0=0.0%, 4=100.0%, 8=0.0%, 16=0.0%, 32=0.1%, 64=0.0%, >=64=0.0%
     issued rwt: total=0,4746480,0, short=0,0,0, dropped=0,0,0
     latency   : target=0, window=0, percentile=100.00%, depth=32
randw-4K-n4-c4: (groupid=2, jobs=4): err= 0: pid=1109: Wed Jul 24 17:27:40 2019
  write: IOPS=210k, BW=822MiB/s (862MB/s)(24.1GiB/30001msec)
    slat (usec): min=2, max=32004, avg= 6.68, stdev=21.19
    clat (usec): min=54, max=48437, avg=596.85, stdev=291.51
     lat (usec): min=60, max=48442, avg=604.46, stdev=295.08
    clat percentiles (usec):
     | 10.000th=[  502], 20.000th=[  510], 30.000th=[  510], 40.000th=[  515],
     | 50.000th=[  519], 70.000th=[  537], 90.000th=[ 1045], 99.000th=[ 1237],
     | 99.900th=[ 1614], 99.990th=[ 3916], 99.999th=[32375]
   bw (  KiB/s): min=78316, max=287954, per=20.56%, avg=173066.63, stdev=47431.79, samples=236
   iops        : min=19579, max=71988, avg=43266.30, stdev=11857.97, samples=236
  lat (usec)   : 100=0.01%, 250=0.01%, 500=8.38%, 750=78.16%, 1000=2.03%
  lat (msec)   : 2=11.39%, 4=0.02%, 10=0.01%, 20=0.01%, 50=0.01%
  cpu          : usr=32.26%, sys=46.19%, ctx=2295836, majf=0, minf=40
  IO depths    : 1=0.1%, 2=0.1%, 4=0.1%, 8=0.1%, 16=0.1%, 32=100.0%, >=64=0.0%
     submit    : 0=0.0%, 4=100.0%, 8=0.0%, 16=0.0%, 32=0.0%, 64=0.0%, >=64=0.0%
     complete  : 0=0.0%, 4=100.0%, 8=0.0%, 16=0.0%, 32=0.1%, 64=0.0%, >=64=0.0%
     issued rwt: total=0,6314415,0, short=0,0,0, dropped=0,0,0
     latency   : target=0, window=0, percentile=100.00%, depth=32
randw-4K-n8-c8: (groupid=3, jobs=8): err= 0: pid=1117: Wed Jul 24 17:27:40 2019
  write: IOPS=212k, BW=828MiB/s (868MB/s)(24.3GiB/30002msec)
    slat (usec): min=2, max=32033, avg= 6.50, stdev=22.58
    clat (usec): min=52, max=33053, avg=1195.86, stdev=184.28
     lat (usec): min=58, max=33060, avg=1203.47, stdev=186.02
    clat percentiles (usec):
     | 10.000th=[ 1156], 20.000th=[ 1172], 30.000th=[ 1188], 40.000th=[ 1205],
     | 50.000th=[ 1205], 70.000th=[ 1221], 90.000th=[ 1270], 99.000th=[ 1352],
     | 99.900th=[ 1795], 99.990th=[ 5473], 99.999th=[28443]
   bw (  KiB/s): min=72713, max=190295, per=10.95%, avg=92820.33, stdev=15750.69, samples=472
   iops        : min=18178, max=47573, avg=23204.70, stdev=3937.66, samples=472
  lat (usec)   : 100=0.01%, 250=0.01%, 500=0.34%, 750=1.33%, 1000=2.13%
  lat (msec)   : 2=96.16%, 4=0.02%, 10=0.01%, 20=0.01%, 50=0.01%
  cpu          : usr=17.89%, sys=23.54%, ctx=1333467, majf=0, minf=82
  IO depths    : 1=0.1%, 2=0.1%, 4=0.1%, 8=0.1%, 16=0.1%, 32=100.0%, >=64=0.0%
     submit    : 0=0.0%, 4=100.0%, 8=0.0%, 16=0.0%, 32=0.0%, 64=0.0%, >=64=0.0%
     complete  : 0=0.0%, 4=100.0%, 8=0.0%, 16=0.0%, 32=0.1%, 64=0.0%, >=64=0.0%
     issued rwt: total=0,6359291,0, short=0,0,0, dropped=0,0,0
     latency   : target=0, window=0, percentile=100.00%, depth=32
randw-4K-n12-c12: (groupid=4, jobs=12): err= 0: pid=1132: Wed Jul 24 17:27:40 2019
  write: IOPS=211k, BW=826MiB/s (866MB/s)(24.2GiB/30002msec)
    slat (usec): min=2, max=2210, avg= 6.97, stdev= 6.85
    clat (usec): min=141, max=4631, avg=1803.40, stdev=126.10
     lat (usec): min=145, max=4641, avg=1811.67, stdev=126.24
    clat percentiles (usec):
     | 10.000th=[ 1762], 20.000th=[ 1778], 30.000th=[ 1795], 40.000th=[ 1811],
     | 50.000th=[ 1811], 70.000th=[ 1844], 90.000th=[ 1876], 99.000th=[ 1975],
     | 99.900th=[ 2376], 99.990th=[ 2704], 99.999th=[ 3982]
   bw (  KiB/s): min=67776, max=94353, per=8.37%, avg=70780.75, stdev=3709.47, samples=719
   iops        : min=16944, max=23588, avg=17694.91, stdev=927.37, samples=719
  lat (usec)   : 250=0.01%, 500=0.01%, 750=0.02%, 1000=0.01%
  lat (msec)   : 2=99.26%, 4=0.69%, 10=0.01%
  cpu          : usr=13.62%, sys=17.03%, ctx=1347216, majf=0, minf=119
  IO depths    : 1=0.1%, 2=0.1%, 4=0.1%, 8=0.1%, 16=0.1%, 32=100.0%, >=64=0.0%
     submit    : 0=0.0%, 4=100.0%, 8=0.0%, 16=0.0%, 32=0.0%, 64=0.0%, >=64=0.0%
     complete  : 0=0.0%, 4=100.0%, 8=0.0%, 16=0.0%, 32=0.1%, 64=0.0%, >=64=0.0%
     issued rwt: total=0,6340457,0, short=0,0,0, dropped=0,0,0
     latency   : target=0, window=0, percentile=100.00%, depth=32

Run status group 0 (all jobs):
  WRITE: bw=429MiB/s (450MB/s), 429MiB/s-429MiB/s (450MB/s-450MB/s), io=12.6GiB (13.5GB), run=30001-30001msec

Run status group 1 (all jobs):
  WRITE: bw=618MiB/s (648MB/s), 618MiB/s-618MiB/s (648MB/s-648MB/s), io=18.1GiB (19.4GB), run=30001-30001msec

Run status group 2 (all jobs):
  WRITE: bw=822MiB/s (862MB/s), 822MiB/s-822MiB/s (862MB/s-862MB/s), io=24.1GiB (25.9GB), run=30001-30001msec

Run status group 3 (all jobs):
  WRITE: bw=828MiB/s (868MB/s), 828MiB/s-828MiB/s (868MB/s-868MB/s), io=24.3GiB (26.0GB), run=30002-30002msec

Run status group 4 (all jobs):
  WRITE: bw=826MiB/s (866MB/s), 826MiB/s-826MiB/s (866MB/s-866MB/s), io=24.2GiB (25.0GB), run=30002-30002msec

Disk stats (read/write):
  vda: ios=290/27035486, merge=0/0, ticks=80/21731236, in_queue=21680128, util=82.07%
