randw-4K-n1-c1: (g=0): rw=randwrite, bs=(R) 4096B-4096B, (W) 4096B-4096B, (T) 4096B-4096B, ioengine=libaio, iodepth=32
randw-4K-n2-c2: (g=1): rw=randwrite, bs=(R) 4096B-4096B, (W) 4096B-4096B, (T) 4096B-4096B, ioengine=libaio, iodepth=32
...
randw-4K-n4-c4: (g=2): rw=randwrite, bs=(R) 4096B-4096B, (W) 4096B-4096B, (T) 4096B-4096B, ioengine=libaio, iodepth=32
...
randw-4K-n8-c8: (g=3): rw=randwrite, bs=(R) 4096B-4096B, (W) 4096B-4096B, (T) 4096B-4096B, ioengine=libaio, iodepth=32
...
randw-4K-n12-c12: (g=4): rw=randwrite, bs=(R) 4096B-4096B, (W) 4096B-4096B, (T) 4096B-4096B, ioengine=libaio, iodepth=32
...
fio-3.1
Starting 27 processes

randw-4K-n1-c1: (groupid=0, jobs=1): err= 0: pid=1108: Wed Jul 24 17:27:40 2019
  write: IOPS=108k, BW=422MiB/s (442MB/s)(12.4GiB/30001msec)
    slat (usec): min=2, max=717, avg= 3.56, stdev= 2.38
    clat (usec): min=22, max=1438, avg=289.64, stdev=29.88
     lat (usec): min=25, max=1442, avg=293.90, stdev=30.24
    clat percentiles (usec):
     | 10.000th=[  277], 20.000th=[  277], 30.000th=[  281], 40.000th=[  281],
     | 50.000th=[  285], 70.000th=[  289], 90.000th=[  310], 99.000th=[  351],
     | 99.900th=[  660], 99.990th=[ 1029], 99.999th=[ 1090]
   bw (  KiB/s): min=289538, max=353348, per=80.43%, avg=347469.56, stdev=9169.10, samples=59
   iops        : min=72384, max=88335, avg=86867.10, stdev=2292.31, samples=59
  lat (usec)   : 50=0.01%, 100=0.01%, 250=0.01%, 500=99.67%, 750=0.27%
  lat (usec)   : 1000=0.01%
  lat (msec)   : 2=0.04%
  cpu          : usr=48.35%, sys=51.65%, ctx=69, majf=0, minf=10
  IO depths    : 1=0.1%, 2=0.1%, 4=0.1%, 8=0.1%, 16=0.1%, 32=100.0%, >=64=0.0%
     submit    : 0=0.0%, 4=100.0%, 8=0.0%, 16=0.0%, 32=0.0%, 64=0.0%, >=64=0.0%
     complete  : 0=0.0%, 4=100.0%, 8=0.0%, 16=0.0%, 32=0.1%, 64=0.0%, >=64=0.0%
     issued rwt: total=0,3240199,0, short=0,0,0, dropped=0,0,0
     latency   : target=0, window=0, percentile=100.00%, depth=32
randw-4K-n2-c2: (groupid=1, jobs=2): err= 0: pid=1113: Wed Jul 24 17:27:40 2019
  write: IOPS=170k, BW=665MiB/s (698MB/s)(19.5GiB/30001msec)
    slat (usec): min=2, max=16062, avg= 5.71, stdev=15.82
    clat (usec): min=10, max=16666, avg=366.01, stdev=159.93
     lat (usec): min=18, max=16674, avg=372.49, stdev=162.22
    clat percentiles (usec):
     | 10.000th=[  269], 20.000th=[  273], 30.000th=[  277], 40.000th=[  277],
     | 50.000th=[  281], 70.000th=[  502], 90.000th=[  529], 99.000th=[  578],
     | 99.900th=[  676], 99.990th=[ 1287], 99.999th=[16319]
   bw (  KiB/s): min=177009, max=372643, per=40.57%, avg=276432.27, stdev=83864.78, samples=118
   iops        : min=44252, max=93160, avg=69107.71, stdev=20966.24, samples=118
  lat (usec)   : 20=0.01%, 50=0.01%, 100=0.01%, 250=0.01%, 500=69.21%
  lat (usec)   : 750=30.70%, 1000=0.03%
  lat (msec)   : 2=0.05%, 4=0.01%, 20=0.01%
  cpu          : usr=44.77%, sys=55.00%, ctx=68, majf=0, minf=16
  IO depths    : 1=0.1%, 2=0.1%, 4=0.1%, 8=0.1%, 16=0.1%, 32=100.0%, >=64=0.0%
     submit    : 0=0.0%, 4=100.0%, 8=0.0%, 16=0.0%, 32=0.0%, 64=0.0%, >=64=0.0%
     complete  : 0=0.0%, 4=100.0%, 8=0.0%, 16=0.0%, 32=0.1%, 64=0.0%, >=64=0.0%
     issued rwt: total=0,5110254,0, short=0,0,0, dropped=0,0,0
     latency   : target=0, window=0, percentile=100.00%, depth=32
randw-4K-n4-c4: (groupid=2, jobs=4): err= 0: pid=1117: Wed Jul 24 17:27:40 2019
  write: IOPS=210k, BW=821MiB/s (861MB/s)(24.0GiB/30001msec)
    slat (usec): min=2, max=32600, avg= 5.99, stdev=19.95
    clat (usec): min=51, max=33499, avg=598.77, stdev=289.62
     lat (usec): min=59, max=33536, avg=605.73, stdev=293.32
    clat percentiles (usec):
     | 10.000th=[  519], 20.000th=[  529], 30.000th=[  537], 40.000th=[  537],
     | 50.000th=[  545], 70.000th=[  562], 90.000th=[  848], 99.000th=[ 1074],
     | 99.900th=[ 2606], 99.990th=[11207], 99.999th=[32637]
   bw (  KiB/s): min=23954, max=276320, per=20.56%, avg=172802.62, stdev=37645.03, samples=236
   iops        : min= 5988, max=69080, avg=43200.30, stdev=9411.26, samples=236
  lat (usec)   : 100=0.01%, 250=0.01%, 500=8.00%, 750=76.46%, 1000=14.43%
  lat (msec)   : 2=0.98%, 4=0.09%, 10=0.02%, 20=0.01%, 50=0.01%
  cpu          : usr=31.11%, sys=42.87%, ctx=2606181, majf=0, minf=36
  IO depths    : 1=0.1%, 2=0.1%, 4=0.1%, 8=0.1%, 16=0.1%, 32=100.0%, >=64=0.0%
     submit    : 0=0.0%, 4=100.0%, 8=0.0%, 16=0.0%, 32=0.0%, 64=0.0%, >=64=0.0%
     complete  : 0=0.0%, 4=100.0%, 8=0.0%, 16=0.0%, 32=0.1%, 64=0.0%, >=64=0.0%
     issued rwt: total=0,6303269,0, short=0,0,0, dropped=0,0,0
     latency   : target=0, window=0, percentile=100.00%, depth=32
randw-4K-n8-c8: (groupid=3, jobs=8): err= 0: pid=1124: Wed Jul 24 17:27:40 2019
  write: IOPS=211k, BW=826MiB/s (866MB/s)(24.2GiB/30002msec)
    slat (usec): min=2, max=7061, avg= 6.44, stdev=11.45
    clat (usec): min=51, max=8902, avg=1198.79, stdev=114.09
     lat (usec): min=56, max=8909, avg=1206.42, stdev=114.69
    clat percentiles (usec):
     | 10.000th=[ 1156], 20.000th=[ 1172], 30.000th=[ 1188], 40.000th=[ 1205],
     | 50.000th=[ 1205], 70.000th=[ 1221], 90.000th=[ 1270], 99.000th=[ 1369],
     | 99.900th=[ 1942], 99.990th=[ 3589], 99.999th=[ 6587]
   bw (  KiB/s): min=97004, max=178027, per=12.21%, avg=103244.73, stdev=6241.27, samples=474
   iops        : min=24251, max=44506, avg=25810.81, stdev=1560.29, samples=474
  lat (usec)   : 100=0.01%, 250=0.01%, 500=0.10%, 750=0.75%, 1000=2.65%
  lat (msec)   : 2=96.40%, 4=0.08%, 10=0.01%
  cpu          : usr=17.73%, sys=23.30%, ctx=1302840, majf=0, minf=73
  IO depths    : 1=0.1%, 2=0.1%, 4=0.1%, 8=0.1%, 16=0.1%, 32=100.0%, >=64=0.0%
     submit    : 0=0.0%, 4=100.0%, 8=0.0%, 16=0.0%, 32=0.0%, 64=0.0%, >=64=0.0%
     complete  : 0=0.0%, 4=100.0%, 8=0.0%, 16=0.0%, 32=0.1%, 64=0.0%, >=64=0.0%
     issued rwt: total=0,6344141,0, short=0,0,0, dropped=0,0,0
     latency   : target=0, window=0, percentile=100.00%, depth=32
randw-4K-n12-c12: (groupid=4, jobs=12): err= 0: pid=1135: Wed Jul 24 17:27:40 2019
  write: IOPS=212k, BW=828MiB/s (868MB/s)(24.2GiB/30002msec)
    slat (usec): min=2, max=2073, avg= 7.56, stdev=12.72
    clat (usec): min=47, max=8025, avg=1798.80, stdev=143.07
     lat (usec): min=50, max=8156, avg=1807.67, stdev=143.91
    clat percentiles (usec):
     | 10.000th=[ 1762], 20.000th=[ 1778], 30.000th=[ 1795], 40.000th=[ 1811],
     | 50.000th=[ 1811], 70.000th=[ 1844], 90.000th=[ 1876], 99.000th=[ 1991],
     | 99.900th=[ 2638], 99.990th=[ 3654], 99.999th=[ 4817]
   bw (  KiB/s): min=67903, max=105059, per=8.38%, avg=71009.11, stdev=4782.50, samples=720
   iops        : min=16975, max=26264, avg=17751.99, stdev=1195.61, samples=720
  lat (usec)   : 50=0.01%, 100=0.01%, 250=0.01%, 500=0.02%, 750=0.01%
  lat (usec)   : 1000=0.01%
  lat (msec)   : 2=99.11%, 4=0.85%, 10=0.01%
  cpu          : usr=13.71%, sys=17.79%, ctx=1323055, majf=0, minf=106
  IO depths    : 1=0.1%, 2=0.1%, 4=0.1%, 8=0.1%, 16=0.1%, 32=100.0%, >=64=0.0%
     submit    : 0=0.0%, 4=100.0%, 8=0.0%, 16=0.0%, 32=0.0%, 64=0.0%, >=64=0.0%
     complete  : 0=0.0%, 4=100.0%, 8=0.0%, 16=0.0%, 32=0.1%, 64=0.0%, >=64=0.0%
     issued rwt: total=0,6356191,0, short=0,0,0, dropped=0,0,0
     latency   : target=0, window=0, percentile=100.00%, depth=32

Run status group 0 (all jobs):
  WRITE: bw=422MiB/s (442MB/s), 422MiB/s-422MiB/s (442MB/s-442MB/s), io=12.4GiB (13.3GB), run=30001-30001msec

Run status group 1 (all jobs):
  WRITE: bw=665MiB/s (698MB/s), 665MiB/s-665MiB/s (698MB/s-698MB/s), io=19.5GiB (20.9GB), run=30001-30001msec

Run status group 2 (all jobs):
  WRITE: bw=821MiB/s (861MB/s), 821MiB/s-821MiB/s (861MB/s-861MB/s), io=24.0GiB (25.8GB), run=30001-30001msec

Run status group 3 (all jobs):
  WRITE: bw=826MiB/s (866MB/s), 826MiB/s-826MiB/s (866MB/s-866MB/s), io=24.2GiB (25.0GB), run=30002-30002msec

Run status group 4 (all jobs):
  WRITE: bw=828MiB/s (868MB/s), 828MiB/s-828MiB/s (868MB/s-868MB/s), io=24.2GiB (26.0GB), run=30002-30002msec

Disk stats (read/write):
  vda: ios=251/27328072, merge=0/0, ticks=48/21915560, in_queue=21861176, util=82.56%
