Initializing 300 connections...
Initializing 100 workers and preparing statements...
_elapsed___errors__ops/sec(inst)___ops/sec(cum)__p50(ms)__p95(ms)__p99(ms)_pMax(ms)
      1s        0            1.7            5.0    117.4    130.0    130.0    130.0 delivery
      1s        0           12.5           36.0     65.0    125.8    134.2    134.2 newOrder
      1s        0            2.1            6.0     32.5     62.9     62.9     62.9 orderStatus
      1s        0           11.5           33.0     52.4     92.3    121.6    121.6 payment
      1s        0            1.0            3.0     23.1     35.7     35.7     35.7 stockLevel
      2s        0            2.0            3.5    234.9    243.3    243.3    243.3 delivery
      2s        0           41.0           38.5    167.8    285.2    520.1    520.1 newOrder
      2s        0            2.0            4.0     58.7     65.0     65.0     65.0 orderStatus
      2s        0           37.0           35.0     92.3    268.4    385.9    385.9 payment
      2s        0            5.0            4.0    109.1    159.4    159.4    159.4 stockLevel
      3s        0            3.0            3.3    385.9    402.7    402.7    402.7 delivery
      3s        0           42.0           39.7    184.5    604.0    671.1    671.1 newOrder
      3s        0            3.0            3.7     71.3     96.5     96.5     96.5 orderStatus
      3s        0           32.0           34.0     96.5    436.2    637.5    637.5 payment
      3s        0            6.0            4.7     75.5     96.5     96.5     96.5 stockLevel
      4s        0            3.0            3.2    352.3    436.2    436.2    436.2 delivery
      4s        0           29.0           37.0    352.3   1073.7   1073.7   1073.7 newOrder
      4s        0            2.0            3.2     75.5    176.2    176.2    176.2 orderStatus
      4s        0           35.0           34.2    192.9   1275.1   1342.2   1342.2 payment
      4s        0            2.0            4.0     71.3    104.9    104.9    104.9 stockLevel
_elapsed___errors__ops/sec(inst)___ops/sec(cum)__p50(ms)__p95(ms)__p99(ms)_pMax(ms)
      5s        0            1.0            2.8    285.2    285.2    285.2    285.2 delivery
      5s        0           31.0           35.8    318.8    906.0   1811.9   1811.9 newOrder
      5s        0            3.0            3.2     71.3     92.3     92.3     92.3 orderStatus
      5s        0           39.0           35.2    176.2   1543.5   3221.2   3221.2 payment
      5s        0            3.0            3.8     71.3     79.7     79.7     79.7 stockLevel
      6s        0            6.0            3.3    453.0   1275.1   1275.1   1275.1 delivery
      6s        0           38.0           36.2    285.2   1342.2   1543.5   1543.5 newOrder
      6s        0            5.0            3.5     79.7     83.9     83.9     83.9 orderStatus
      6s        0           32.0           34.7    134.2   1677.7   2415.9   2415.9 payment
      6s        0            3.0            3.7    352.3    369.1    369.1    369.1 stockLevel
      7s        0            4.0            3.4    285.2    738.2    738.2    738.2 delivery
      7s        0           34.0           35.9    570.4   1543.5   2281.7   2281.7 newOrder
      7s        0            4.0            3.6     54.5    104.9    104.9    104.9 orderStatus
      7s        0           24.0           33.1    117.4   2415.9   2550.1   2550.1 payment
      7s        0            3.0            3.6    109.1    335.5    335.5    335.5 stockLevel
      8s        0            5.0            3.6   1040.2   1476.4   1476.4   1476.4 delivery
      8s        0           40.0           36.4    285.2   1677.7   2281.7   2281.7 newOrder
      8s        0            3.0            3.5     46.1     83.9     83.9     83.9 orderStatus
      8s        0           23.0           31.9    117.4   3087.0   3758.1   3758.1 payment
      8s        0            4.0            3.6    121.6    939.5    939.5    939.5 stockLevel
_elapsed___errors__ops/sec(inst)___ops/sec(cum)__p50(ms)__p95(ms)__p99(ms)_pMax(ms)
      9s        0            4.0            3.7    251.7    402.7    402.7    402.7 delivery
      9s        0           31.0           35.8    771.8   1610.6   2281.7   2281.7 newOrder
      9s        0            5.0            3.7     58.7     71.3     71.3     71.3 orderStatus
      9s        0           36.0           32.3    285.2   3623.9   5100.3   5100.3 payment
      9s        0            4.0            3.7     75.5    234.9    234.9    234.9 stockLevel
     10s        0            4.0            3.7    318.8    385.9    385.9    385.9 delivery
     10s        0           33.0           35.5    604.0   1677.7   1744.8   1744.8 newOrder
     10s        0            1.0            3.4     83.9     83.9     83.9     83.9 orderStatus
     10s        0           39.0           33.0    704.6   4563.4   6442.5   6442.5 payment
     10s        0            2.0            3.5     79.7    302.0    302.0    302.0 stockLevel
_elapsed___errors__ops/sec(inst)___ops/sec(cum)__p50(ms)__p95(ms)__p99(ms)_pMax(ms)
      1s        0            0.0            0.0      0.0      0.0      0.0      0.0 delivery
      1s        0           11.0           11.0    302.0    704.6    771.8    771.8 newOrder
      1s        0            0.0            0.0      0.0      0.0      0.0      0.0 orderStatus
      1s        0           11.0           11.0     88.1    218.1    520.1    520.1 payment
      1s        0            0.0            0.0      0.0      0.0      0.0      0.0 stockLevel
      2s        0            5.0            2.5    302.0    805.3    805.3    805.3 delivery
      2s        0           27.0           19.0    486.5    939.5   1208.0   1208.0 newOrder
      2s        0            7.0            3.5     60.8    113.2    113.2    113.2 orderStatus
      2s        0           21.0           16.0    109.1    704.6    805.3    805.3 payment
      2s        0            0.0            0.0      0.0      0.0      0.0      0.0 stockLevel
      3s        0            2.0            2.3    318.8    352.3    352.3    352.3 delivery
      3s        0           27.0           21.7    704.6   1744.8   1879.0   1879.0 newOrder
      3s        0            1.0            2.7    113.2    113.2    113.2    113.2 orderStatus
      3s        0           24.0           18.7    419.4   2415.9   2818.6   2818.6 payment
      3s        0            4.0            1.3     67.1    184.5    184.5    184.5 stockLevel
      4s        0            5.0            3.0    285.2    436.2    436.2    436.2 delivery
      4s        0           30.0           23.8    201.3   2415.9   2550.1   2550.1 newOrder
      4s        0            3.0            2.8     50.3     67.1     67.1     67.1 orderStatus
      4s        0           26.0           20.5     88.1   2281.7   3355.4   3355.4 payment
      4s        0            4.0            2.0     75.5   1476.4   1476.4   1476.4 stockLevel
_elapsed___errors__ops/sec(inst)___ops/sec(cum)__p50(ms)__p95(ms)__p99(ms)_pMax(ms)
      5s        0            0.0            2.4      0.0      0.0      0.0      0.0 delivery
      5s        0           29.0           24.8    486.5   4026.5   4026.5   4026.5 newOrder
      5s        0            5.0            3.2     65.0    117.4    117.4    117.4 orderStatus
      5s        0           28.0           22.0   1140.9   3623.9   4295.0   4295.0 payment
      5s        0            3.0            2.2     96.5    159.4    159.4    159.4 stockLevel
      6s        0            6.0            3.0    369.1    453.0    453.0    453.0 delivery
      6s        0           29.0           25.5    335.5   3758.1   4831.8   4831.8 newOrder
      6s        0            1.0            2.8     71.3     71.3     71.3     71.3 orderStatus
      6s        0           23.0           22.2    159.4   4026.5   5100.3   5100.3 payment
      6s        0            4.0            2.5     75.5    536.9    536.9    536.9 stockLevel
      7s        0            5.0            3.3    318.8   1140.9   1140.9   1140.9 delivery
      7s        0           29.0           26.0    209.7   1811.9   1946.2   1946.2 newOrder
      7s        0            2.0            2.7     54.5     88.1     88.1     88.1 orderStatus
      7s        0           33.0           23.7    121.6   5637.1   6174.0   6174.0 payment
      7s        0            2.0            2.4     75.5     96.5     96.5     96.5 stockLevel
      8s        0            3.0            3.3    302.0    318.8    318.8    318.8 delivery
      8s        0           33.0           26.9    704.6   4295.0   5637.1   5637.1 newOrder
      8s        0            3.0            2.8     52.4     62.9     62.9     62.9 orderStatus
      8s        0           29.0           24.4    285.2   4831.8   4831.8   4831.8 payment
      8s        0            3.0            2.5    285.2    738.2    738.2    738.2 stockLevel
_elapsed___errors__ops/sec(inst)___ops/sec(cum)__p50(ms)__p95(ms)__p99(ms)_pMax(ms)
      9s        0            3.0            3.2    260.0    268.4    268.4    268.4 delivery
      9s        0           29.0           27.1    419.4   4563.4   5905.6   5905.6 newOrder
      9s        0            1.0            2.6     39.8     39.8     39.8     39.8 orderStatus
      9s        0           39.0           26.0     96.5   7784.6   8321.5   8321.5 payment
      9s        0            1.0            2.3     67.1     67.1     67.1     67.1 stockLevel
     10s        0            2.0            3.1    251.7    369.1    369.1    369.1 delivery
     10s        0           34.0           27.8    604.0   2952.8   6174.0   6174.0 newOrder
     10s        0            4.0            2.7     71.3    109.1    109.1    109.1 orderStatus
     10s        0           37.0           27.1    302.0   4831.8   6442.5   6442.5 payment
     10s        0            1.0            2.2     88.1     88.1     88.1     88.1 stockLevel
     11s        0            4.0            3.2    243.3    520.1    520.1    520.1 delivery
     11s        0           40.0           28.9    503.3   5637.1   6710.9   6710.9 newOrder
     11s        0            6.0            3.0     48.2    100.7    100.7    100.7 orderStatus
     11s        0           27.0           27.1    117.4   3221.2   7247.8   7247.8 payment
     11s        0            4.0            2.4    104.9    285.2    285.2    285.2 stockLevel
     12s        0            3.0            3.2    838.9    939.5    939.5    939.5 delivery
     12s        0           30.0           29.0    486.5   9126.8   9663.7   9663.7 newOrder
     12s        0            3.0            3.0     65.0    100.7    100.7    100.7 orderStatus
     12s        0           18.0           26.3    113.2   1040.2   2281.7   2281.7 payment
     12s        0            5.0            2.6     96.5    671.1    671.1    671.1 stockLevel
_elapsed___errors__ops/sec(inst)___ops/sec(cum)__p50(ms)__p95(ms)__p99(ms)_pMax(ms)
     13s        0            3.0            3.2    335.5   2080.4   2080.4   2080.4 delivery
     13s        0           32.0           29.2    176.2   3221.2   3623.9   3623.9 newOrder
     13s        0            4.0            3.1     46.1     79.7     79.7     79.7 orderStatus
     13s        0           34.0           26.9    121.6   7784.6   9663.7   9663.7 payment
     13s        0            6.0            2.8     58.7    285.2    285.2    285.2 stockLevel
     14s        0            3.0            3.1    260.0    268.4    268.4    268.4 delivery
     14s        0           26.0           29.0    192.9   2818.6   4563.4   4563.4 newOrder
     14s        0            3.0            3.1     71.3     75.5     75.5     75.5 orderStatus
     14s        0           33.0           27.4    268.4   3221.2   6442.5   6442.5 payment
     14s        0            3.0            2.9     75.5    469.8    469.8    469.8 stockLevel
     15s        0            1.0            3.0    192.9    192.9    192.9    192.9 delivery
     15s        0           33.0           29.3   1275.1   6442.5  11811.2  11811.2 newOrder
     15s        0            7.0            3.3     50.3     71.3     71.3     71.3 orderStatus
     15s        0           24.0           27.1    100.7   5100.3  10200.5  10200.5 payment
     15s        0            2.0            2.8     67.1     79.7     79.7     79.7 stockLevel
     16s        0            2.0            2.9    318.8    469.8    469.8    469.8 delivery
     16s        0           24.0           28.9    201.3   2281.7   2550.1   2550.1 newOrder
     16s        0            2.0            3.3     41.9     83.9     83.9     83.9 orderStatus
     16s        0           27.0           27.1    176.2   6442.5  12348.0  12348.0 payment
     16s        0            1.0            2.7     46.1     46.1     46.1     46.1 stockLevel
_elapsed___errors__ops/sec(inst)___ops/sec(cum)__p50(ms)__p95(ms)__p99(ms)_pMax(ms)
     17s        0            6.0            3.1    226.5    234.9    234.9    234.9 delivery
     17s        0           30.0           29.0    151.0   2818.6   2818.6   2818.6 newOrder
     17s        0            3.0            3.2     37.7     71.3     71.3     71.3 orderStatus
     17s        0           22.0           26.8     67.1    260.0   5100.3   5100.3 payment
     17s        0            3.0            2.7     50.3    486.5    486.5    486.5 stockLevel
     18s        0            0.0            2.9      0.0      0.0      0.0      0.0 delivery
     18s        0           24.0           28.7    218.1   6979.3   8053.1   8053.1 newOrder
     18s        0            3.0            3.2     52.4     75.5     75.5     75.5 orderStatus
     18s        0           26.0           26.8     88.1   9126.8  13421.8  13421.8 payment
     18s        0            7.0            2.9     75.5   3221.2   3221.2   3221.2 stockLevel
     19s        0            4.0            3.0    209.7    251.7    251.7    251.7 delivery
     19s        0           16.0           28.1    151.0   1409.3   2684.4   2684.4 newOrder
     19s        0            2.0            3.2     37.7     83.9     83.9     83.9 orderStatus
     19s        0           29.0           26.9    142.6  18253.6  18253.6  18253.6 payment
     19s        0            3.0            2.9     54.5     96.5     96.5     96.5 stockLevel
     20s        0            4.0            3.1    436.2    872.4    872.4    872.4 delivery
     20s        0           34.0           28.4    234.9   2818.6   3355.4   3355.4 newOrder
     20s        0            3.0            3.2     65.0    192.9    192.9    192.9 orderStatus
     20s        0           26.0           26.9    142.6  10737.4  15569.3  15569.3 payment
     20s        0            1.0            2.9    201.3    201.3    201.3    201.3 stockLevel
_elapsed___errors__ops/sec(inst)___ops/sec(cum)__p50(ms)__p95(ms)__p99(ms)_pMax(ms)
     21s        0            5.0            3.1    302.0   1040.2   1040.2   1040.2 delivery
     21s        0           25.0           28.2    226.5   2952.8   3355.4   3355.4 newOrder
     21s        0            1.0            3.0    151.0    151.0    151.0    151.0 orderStatus
     21s        0           27.0           26.9     96.5   6979.3  15032.4  15032.4 payment
     21s        0            2.0            2.8     37.7     92.3     92.3     92.3 stockLevel
     22s        0            3.0            3.1    419.4    453.0    453.0    453.0 delivery
     22s        0           40.0           28.7    260.0   3221.2   5637.1   5637.1 newOrder
     22s        0            4.0            3.1     67.1     92.3     92.3     92.3 orderStatus
     22s        0           25.0           26.8    142.6   9663.7  19327.4  19327.4 payment
     22s        0            3.0            2.8    142.6    142.6    142.6    142.6 stockLevel
     23s        0            2.0            3.1    192.9    402.7    402.7    402.7 delivery
     23s        0           27.0           28.7    159.4   1811.9   3892.3   3892.3 newOrder
     23s        0            4.0            3.1     37.7     54.5     54.5     54.5 orderStatus
     23s        0           34.0           27.1     92.3  13421.8  19327.4  19327.4 payment
     23s        0            1.0            2.7     71.3     71.3     71.3     71.3 stockLevel
     24s        0            1.0            3.0    176.2    176.2    176.2    176.2 delivery
     24s        0           37.0           29.0    142.6   1073.7   1946.2   1946.2 newOrder
     24s        0            4.0            3.2     50.3     62.9     62.9     62.9 orderStatus
     24s        0           40.0           27.6     83.9  13421.8  17179.9  17179.9 payment
     24s        0            4.0            2.8     56.6     96.5     96.5     96.5 stockLevel
_elapsed___errors__ops/sec(inst)___ops/sec(cum)__p50(ms)__p95(ms)__p99(ms)_pMax(ms)
     25s        0            1.0            2.9    268.4    268.4    268.4    268.4 delivery
     25s        0           23.0           28.8    209.7   6174.0   6979.3   6979.3 newOrder
     25s        0            3.0            3.2     71.3    176.2    176.2    176.2 orderStatus
     25s        0           26.0           27.6    109.1  19327.4  21474.8  21474.8 payment
     25s        0            3.0            2.8   3623.9   5368.7   5368.7   5368.7 stockLevel
     26s        0            4.0            3.0    268.4    352.3    352.3    352.3 delivery
     26s        0           36.0           29.0    184.5   3221.2   5637.1   5637.1 newOrder
     26s        0            2.0            3.1     67.1     79.7     79.7     79.7 orderStatus
     26s        0           20.0           27.3    100.7   5637.1  12348.0  12348.0 payment
     26s        0            4.0            2.8     75.5    268.4    268.4    268.4 stockLevel
     27s        0            4.0            3.0    385.9    436.2    436.2    436.2 delivery
     27s        0           23.0           28.8    218.1   2415.9   2684.4   2684.4 newOrder
     27s        0            0.0            3.0      0.0      0.0      0.0      0.0 orderStatus
     27s        0           28.0           27.3    201.3  18253.6  24696.1  24696.1 payment
     27s        0            2.0            2.8     56.6     67.1     67.1     67.1 stockLevel
     28s        0            2.0            3.0    184.5    234.9    234.9    234.9 delivery
     28s        0           33.0           29.0    151.0   2550.1   4831.8   4831.8 newOrder
     28s        0            4.0            3.0     41.9     60.8     60.8     60.8 orderStatus
     28s        0           46.0           28.0    109.1   9663.7  27917.3  27917.3 payment
     28s        0            3.0            2.8     71.3     88.1     88.1     88.1 stockLevel
_elapsed___errors__ops/sec(inst)___ops/sec(cum)__p50(ms)__p95(ms)__p99(ms)_pMax(ms)
     29s        0            4.0            3.0    218.1    285.2    285.2    285.2 delivery
     29s        0           27.0           28.9    369.1   2080.4   3892.3   3892.3 newOrder
     29s        0            0.0            2.9      0.0      0.0      0.0      0.0 orderStatus
     29s        0           26.0           27.9    218.1   5100.3  14495.5  14495.5 payment
     29s        0            2.0            2.8     62.9    251.7    251.7    251.7 stockLevel
     30s        0            1.0            2.9    302.0    302.0    302.0    302.0 delivery
     30s        0           37.0           29.2    260.0   1073.7  11811.2  11811.2 newOrder
     30s        0            4.0            3.0     52.4    104.9    104.9    104.9 orderStatus
     30s        0           34.0           28.1    142.6   8053.1  15032.4  15032.4 payment
     30s        0            5.0            2.9     88.1    176.2    176.2    176.2 stockLevel
     31s        0            1.0            2.9    302.0    302.0    302.0    302.0 delivery
     31s        0           33.0           29.3    243.3   4831.8  10737.4  10737.4 newOrder
     31s        0            2.0            2.9     75.5     79.7     79.7     79.7 orderStatus
     31s        0           25.0           28.0    486.5   5100.3   5637.1   5637.1 payment
     31s        0            6.0            3.0     54.5    134.2    134.2    134.2 stockLevel
     32s        0            6.0            3.0    402.7    436.2    436.2    436.2 delivery
     32s        0           33.0           29.4    243.3   1409.3   3355.4   3355.4 newOrder
     32s        0            4.0            3.0     56.6     79.7     79.7     79.7 orderStatus
     32s        0           29.0           28.0    159.4   6710.9   8321.5   8321.5 payment
     32s        0            3.0            3.0     71.3    226.5    226.5    226.5 stockLevel
_elapsed___errors__ops/sec(inst)___ops/sec(cum)__p50(ms)__p95(ms)__p99(ms)_pMax(ms)
     33s        0            2.0            2.9    268.4    385.9    385.9    385.9 delivery
     33s        0           24.0           29.2    302.0    838.9   1476.4   1476.4 newOrder
     33s        0            5.0            3.0     67.1    109.1    109.1    109.1 orderStatus
     33s        0           34.0           28.2    100.7   2818.6  18253.6  18253.6 payment
     33s        0            3.0            3.0     83.9    109.1    109.1    109.1 stockLevel
     34s        0            4.0            3.0    285.2    302.0    302.0    302.0 delivery
     34s        0           34.0           29.4    159.4   1275.1   1543.5   1543.5 newOrder
     34s        0            6.0            3.1     58.7     75.5     75.5     75.5 orderStatus
     34s        0           35.0           28.4     96.5   7516.2  11811.2  11811.2 payment
     34s        0            5.0            3.0    104.9    402.7    402.7    402.7 stockLevel
     35s        0            4.0            3.0    302.0    436.2    436.2    436.2 delivery
     35s        0           23.0           29.2    260.0   1610.6   7247.8   7247.8 newOrder
     35s        0            3.0            3.1     60.8     62.9     62.9     62.9 orderStatus
     35s        0           32.0           28.5    125.8    973.1   2281.7   2281.7 payment
     35s        0            2.0            3.0     60.8   6979.3   6979.3   6979.3 stockLevel
     36s        0            1.0            2.9    192.9    192.9    192.9    192.9 delivery
     36s        0           34.0           29.3    113.2   1275.1  11274.3  11274.3 newOrder
     36s        0            4.0            3.1     27.3     71.3     71.3     71.3 orderStatus
     36s        0           30.0           28.6     75.5    142.6  19327.4  19327.4 payment
     36s        0            4.0            3.0     79.7    130.0    130.0    130.0 stockLevel
_elapsed___errors__ops/sec(inst)___ops/sec(cum)__p50(ms)__p95(ms)__p99(ms)_pMax(ms)
     37s        0            1.0            2.9    402.7    402.7    402.7    402.7 delivery
     37s        0           27.0           29.3    167.8   6442.5   6442.5   6442.5 newOrder
     37s        0            1.0            3.1     79.7     79.7     79.7     79.7 orderStatus
     37s        0           27.0           28.5     83.9  16643.0  19327.4  19327.4 payment
     37s        0            3.0            3.0   1409.3   4831.8   4831.8   4831.8 stockLevel
     38s        0            6.0            3.0    151.0    285.2    285.2    285.2 delivery
     38s        0           23.0           29.1    134.2   6174.0   6979.3   6979.3 newOrder
     38s        0            4.0            3.1     33.6     83.9     83.9     83.9 orderStatus
     38s        0           32.0           28.6     44.0    100.7  22548.6  22548.6 payment
     38s        0            4.0            3.1     35.7   4563.4   4563.4   4563.4 stockLevel
     39s        0            1.0            2.9    226.5    226.5    226.5    226.5 delivery
     39s        0           29.0           29.1    134.2   2818.6   4026.5   4026.5 newOrder
     39s        0            2.0            3.1     48.2     52.4     52.4     52.4 orderStatus
     39s        0           20.0           28.4     62.9    121.6  22548.6  22548.6 payment
     39s        0            2.0            3.0     75.5     75.5     75.5     75.5 stockLevel
     40s        0            1.0            2.9    226.5    226.5    226.5    226.5 delivery
     40s        0           32.0           29.2    159.4   4295.0   7784.6   7784.6 newOrder
     40s        0            2.0            3.1     15.2     58.7     58.7     58.7 orderStatus
     40s        0           35.0           28.6     75.5    184.5  12884.9  12884.9 payment
     40s        0            3.0            3.0     39.8     58.7     58.7     58.7 stockLevel
_elapsed___errors__ops/sec(inst)___ops/sec(cum)__p50(ms)__p95(ms)__p99(ms)_pMax(ms)
     41s        0            2.0            2.9    184.5    192.9    192.9    192.9 delivery
     41s        0           28.0           29.1    130.0    335.5    369.1    369.1 newOrder
     41s        0            4.0            3.1     29.4     37.7     37.7     37.7 orderStatus
     41s        0           25.0           28.5     62.9   3355.4  31138.5  31138.5 payment
     41s        0            4.0            3.0     62.9    335.5    335.5    335.5 stockLevel
     42s        0            2.0            2.8    268.4    268.4    268.4    268.4 delivery
     42s        0           36.0           29.3    117.4   5905.6  10200.5  10200.5 newOrder
     42s        0            2.0            3.0     46.1     48.2     48.2     48.2 orderStatus
     42s        0           31.0           28.5     56.6    335.5   9663.7   9663.7 payment
     42s        0            1.0            3.0     92.3     92.3     92.3     92.3 stockLevel
     43s        0            2.0            2.8    159.4    167.8    167.8    167.8 delivery
     43s        0           29.0           29.3    134.2   7784.6   8321.5   8321.5 newOrder
     43s        0            1.0            3.0     30.4     30.4     30.4     30.4 orderStatus
     43s        0           22.0           28.4     62.9    121.6    142.6    142.6 payment
     43s        0            0.0            2.9      0.0      0.0      0.0      0.0 stockLevel
     44s        0            2.0            2.8    117.4    604.0    604.0    604.0 delivery
     44s        0           18.0           29.0     79.7    192.9   5100.3   5100.3 newOrder
     44s        0            1.0            3.0     12.6     12.6     12.6     12.6 orderStatus
     44s        0           14.0           28.0     75.5    335.5   1140.9   1140.9 payment
     44s        0            2.0            2.9     37.7     39.8     39.8     39.8 stockLevel
_elapsed___errors__ops/sec(inst)___ops/sec(cum)__p50(ms)__p95(ms)__p99(ms)_pMax(ms)
     45s        0            4.0            2.8    167.8    285.2    285.2    285.2 delivery
     45s        0           17.0           28.8     56.6    104.9    201.3    201.3 newOrder
     45s        0            2.0            2.9     19.9     33.6     33.6     33.6 orderStatus
     45s        0           26.0           28.0     67.1  32212.3  34359.7  34359.7 payment
     45s        0            1.0            2.9     62.9     62.9     62.9     62.9 stockLevel
     46s        0            2.0            2.8    167.8    243.3    243.3    243.3 delivery
     46s        0           25.0           28.7     79.7    453.0   5637.1   5637.1 newOrder
     46s        0            0.0            2.9      0.0      0.0      0.0      0.0 orderStatus
     46s        0           27.0           28.0     46.1  21474.8  32212.3  32212.3 payment
     46s        0            4.0            2.9     24.1     37.7     37.7     37.7 stockLevel
     47s        0            0.0            2.7      0.0      0.0      0.0      0.0 delivery
     47s        0           16.0           28.4     32.5   2684.4  11274.3  11274.3 newOrder
     47s        0            3.0            2.9      7.3     10.5     10.5     10.5 orderStatus
     47s        0            8.0           27.6     10.0     50.3     50.3     50.3 payment
     47s        0            2.0            2.9     13.6   4160.7   4160.7   4160.7 stockLevel
     48s        0            3.0            2.8    117.4    142.6    142.6    142.6 delivery
     48s        0           26.0           28.4     83.9   5100.3   5637.1   5637.1 newOrder
     48s        0            5.0            2.9     37.7     41.9     41.9     41.9 orderStatus
     48s        0           28.0           27.6     35.7     92.3  13421.8  13421.8 payment
     48s        0            5.0            2.9     56.6    100.7    100.7    100.7 stockLevel
_elapsed___errors__ops/sec(inst)___ops/sec(cum)__p50(ms)__p95(ms)__p99(ms)_pMax(ms)
     49s        0            1.0            2.7    192.9    192.9    192.9    192.9 delivery
     49s        0           32.0           28.4    130.0   7516.2  11811.2  11811.2 newOrder
     49s        0            4.0            2.9     37.7     67.1     67.1     67.1 orderStatus
     49s        0           31.0           27.6     75.5  24696.1  38654.7  38654.7 payment
     49s        0            2.0            2.9     44.0     56.6     56.6     56.6 stockLevel
     50s        0            1.0            2.7    402.7    402.7    402.7    402.7 delivery
     50s        0           29.0           28.5    176.2    352.3   1879.0   1879.0 newOrder
     50s        0            2.0            2.9     71.3    184.5    184.5    184.5 orderStatus
     50s        0           36.0           27.8     96.5    570.4  33286.0  33286.0 payment
     50s        0            4.0            2.9     83.9   3892.3   3892.3   3892.3 stockLevel
     51s        0            9.0            2.8    226.5    243.3    243.3    243.3 delivery
     51s        0           24.0           28.4    130.0    285.2    402.7    402.7 newOrder
     51s        0            3.0            2.9     31.5     58.7     58.7     58.7 orderStatus
     51s        0           29.0           27.8     67.1  20401.1  24696.1  24696.1 payment
     51s        0            1.0            2.9     56.6     56.6     56.6     56.6 stockLevel
     52s        0            1.0            2.8    142.6    142.6    142.6    142.6 delivery
     52s        0           25.0           28.3     71.3    251.7    268.4    268.4 newOrder
     52s        0            2.0            2.9     22.0     88.1     88.1     88.1 orderStatus
     52s        0           27.0           27.8     39.8    302.0  24696.1  24696.1 payment
     52s        0            3.0            2.9     44.0    100.7    100.7    100.7 stockLevel
_elapsed___errors__ops/sec(inst)___ops/sec(cum)__p50(ms)__p95(ms)__p99(ms)_pMax(ms)
     53s        0            0.0            2.7      0.0      0.0      0.0      0.0 delivery
     53s        0            0.0           27.8      0.0      0.0      0.0      0.0 newOrder
     53s        0            0.0            2.8      0.0      0.0      0.0      0.0 orderStatus
     53s        0            0.0           27.3      0.0      0.0      0.0      0.0 payment
     53s        0            0.0            2.8      0.0      0.0      0.0      0.0 stockLevel
     54s        0            1.0            2.7    167.8    167.8    167.8    167.8 delivery
     54s        0            9.0           27.4   5368.7  18253.6  18253.6  18253.6 newOrder
     54s        0            1.0            2.8     26.2     26.2     26.2     26.2 orderStatus
     54s        0            8.0           26.9     31.5     75.5     75.5     75.5 payment
     54s        0            0.0            2.8      0.0      0.0      0.0      0.0 stockLevel
     55s        0            0.0            2.6      0.0      0.0      0.0      0.0 delivery
     55s        0           25.0           27.4    176.2  17179.9  19327.4  19327.4 newOrder
     55s        0            1.0            2.8     19.9     19.9     19.9     19.9 orderStatus
     55s        0           13.0           26.7     65.0    121.6  18253.6  18253.6 payment
     55s        0            3.0            2.8     62.9    113.2    113.2    113.2 stockLevel
     56s        0            5.0            2.7    226.5    402.7    402.7    402.7 delivery
     56s        0           23.0           27.3    151.0   5905.6   7516.2   7516.2 newOrder
     56s        0            3.0            2.8     11.0     44.0     44.0     44.0 orderStatus
     56s        0           27.0           26.7     71.3    436.2  40802.2  40802.2 payment
     56s        0            2.0            2.8     44.0     71.3     71.3     71.3 stockLevel
_elapsed___errors__ops/sec(inst)___ops/sec(cum)__p50(ms)__p95(ms)__p99(ms)_pMax(ms)
     57s        0            2.0            2.7     88.1     96.5     96.5     96.5 delivery
     57s        0           29.0           27.3     75.5   4563.4   6710.9   6710.9 newOrder
     57s        0            2.0            2.8      6.3     31.5     31.5     31.5 orderStatus
     57s        0           32.0           26.8     35.7     83.9  36507.2  36507.2 payment
     57s        0            2.0            2.8     24.1     48.2     48.2     48.2 stockLevel
     58s        0            0.0            2.6      0.0      0.0      0.0      0.0 delivery
     58s        0            2.0           26.9     37.7     39.8     39.8     39.8 newOrder
     58s        0            0.0            2.7      0.0      0.0      0.0      0.0 orderStatus
     58s        0            4.0           26.4      8.9     12.1     12.1     12.1 payment
     58s        0            0.0            2.7      0.0      0.0      0.0      0.0 stockLevel
     59s        0            1.0            2.6    142.6    142.6    142.6    142.6 delivery
     59s        0            8.0           26.6     88.1  10200.5  10200.5  10200.5 newOrder
     59s        0            2.0            2.7     13.1     24.1     24.1     24.1 orderStatus
     59s        0           10.0           26.1     30.4  45097.2  45097.2  45097.2 payment
     59s        0            0.0            2.7      0.0      0.0      0.0      0.0 stockLevel
    1m0s        0            3.0            2.6     79.7    100.7    100.7    100.7 delivery
    1m0s        0           24.0           26.5    134.2   9126.8  13958.6  13958.6 newOrder
    1m0s        0            2.0            2.7      8.4     31.5     31.5     31.5 orderStatus
    1m0s        0           16.0           25.9     79.7    218.1  38654.7  38654.7 payment
    1m0s        0            3.0            2.7   4563.4   5368.7   5368.7   5368.7 stockLevel

_elapsed___errors_____ops(total)___ops/sec(cum)__avg(ms)__p50(ms)__p95(ms)__p99(ms)_pMax(ms)__total
   60.0s        0            156            2.6    301.6    260.0    604.0   1040.2   2080.4  delivery
   60.0s        0           1592           26.5    844.4    184.5   4563.4  10200.5  19327.4  newOrder
   60.0s        0            162            2.7     54.5     52.4    109.1    176.2    192.9  orderStatus
   60.0s        0           1556           25.9   1355.4     92.3   7784.6  24696.1  45097.2  payment
   60.0s        0            160            2.7    418.5     75.5   3623.9   5368.7   6979.3  stockLevel

_elapsed___errors_____ops(total)___ops/sec(cum)__avg(ms)__p50(ms)__p95(ms)__p99(ms)_pMax(ms)__result
   60.0s        0           3626           60.4    986.3    142.6   5368.7  17179.9  45097.2  
Audit check 9.2.1.7: SKIP: not enough delivery transactions to be statistically significant
Audit check 9.2.2.5.1: SKIP: not enough orders to be statistically significant
Audit check 9.2.2.5.2: SKIP: not enough orders to be statistically significant
Audit check 9.2.2.5.3: SKIP: not enough orders to be statistically significant
Audit check 9.2.2.5.4: SKIP: not enough payments to be statistically significant
Audit check 9.2.2.5.5: SKIP: not enough payments to be statistically significant
Audit check 9.2.2.5.6: SKIP: not enough order status transactions to be statistically significant

_elapsed_______tpmC____efc__avg(ms)__p50(ms)__p90(ms)__p95(ms)__p99(ms)_pMax(ms)
   60.0s     1592.0 1237.9%    844.4    184.5   2415.9   4563.4  10200.5  19327.4
