Initializing 200 connections...
Initializing 100 workers and preparing statements...
_elapsed___errors__ops/sec(inst)___ops/sec(cum)__p50(ms)__p95(ms)__p99(ms)_pMax(ms)
      1s        0            1.3            3.0     96.5    209.7    209.7    209.7 delivery
      1s        0           13.5           32.0     71.3    184.5    302.0    302.0 newOrder
      1s        0            0.8            2.0      3.1      7.6      7.6      7.6 orderStatus
      1s        0           10.9           26.0     50.3    142.6    151.0    151.0 payment
      1s        0            1.7            4.0     30.4     52.4     52.4     52.4 stockLevel
      2s        0            1.0            2.0    209.7    209.7    209.7    209.7 delivery
      2s        0           41.0           36.5    176.2    570.4    637.5    637.5 newOrder
      2s        0            8.0            5.0     46.1     67.1     67.1     67.1 orderStatus
      2s        0           41.0           33.5     88.1    260.0    402.7    402.7 payment
      2s        0            3.0            3.5     44.0    121.6    121.6    121.6 stockLevel
      3s        0            3.0            2.3    251.7    268.4    268.4    268.4 delivery
      3s        0           39.0           37.3    176.2    469.8    704.6    704.6 newOrder
      3s        0            7.0            5.7     52.4     75.5     75.5     75.5 orderStatus
      3s        0           41.0           36.0    121.6    704.6   1040.2   1040.2 payment
      3s        0            2.0            3.0    318.8    335.5    335.5    335.5 stockLevel
      4s        0            4.0            2.7    302.0    385.9    385.9    385.9 delivery
      4s        0           29.0           35.2    201.3   1073.7   1073.7   1073.7 newOrder
      4s        0            4.0            5.2     62.9     79.7     79.7     79.7 orderStatus
      4s        0           39.0           36.7    130.0    906.0   1140.9   1140.9 payment
      4s        0            5.0            3.5     88.1    738.2    738.2    738.2 stockLevel
_elapsed___errors__ops/sec(inst)___ops/sec(cum)__p50(ms)__p95(ms)__p99(ms)_pMax(ms)
      5s        0            7.0            3.6    302.0    520.1    520.1    520.1 delivery
      5s        0           32.0           34.6    192.9    805.3    906.0    906.0 newOrder
      5s        0            4.0            5.0     75.5    100.7    100.7    100.7 orderStatus
      5s        0           37.0           36.8    130.0   1677.7   2415.9   2415.9 payment
      5s        0            6.0            4.0     71.3    369.1    369.1    369.1 stockLevel
      6s        0            3.0            3.5    369.1    503.3    503.3    503.3 delivery
      6s        0           32.0           34.2    268.4   1208.0   1744.8   1744.8 newOrder
      6s        0            4.0            4.8     54.5     83.9     83.9     83.9 orderStatus
      6s        0           45.0           38.2    142.6   2080.4   2818.6   2818.6 payment
      6s        0            4.0            4.0     75.5     92.3     92.3     92.3 stockLevel
      7s        0            3.0            3.4    402.7    486.5    486.5    486.5 delivery
      7s        0           36.0           34.4    226.5    906.0   2147.5   2147.5 newOrder
      7s        0            3.0            4.6     58.7     92.3     92.3     92.3 orderStatus
      7s        0           29.0           36.9     96.5   1610.6   2281.7   2281.7 payment
      7s        0            4.0            4.0    176.2    486.5    486.5    486.5 stockLevel
      8s        0            6.0            3.7    302.0   1811.9   1811.9   1811.9 delivery
      8s        0           30.0           33.9    192.9   1946.2   2080.4   2080.4 newOrder
      8s        0            2.0            4.2     10.5     32.5     32.5     32.5 orderStatus
      8s        0           38.0           37.0    302.0   3087.0   4563.4   4563.4 payment
      8s        0            4.0            4.0     54.5    570.4    570.4    570.4 stockLevel
_elapsed___errors__ops/sec(inst)___ops/sec(cum)__p50(ms)__p95(ms)__p99(ms)_pMax(ms)
      9s        0            3.0            3.7    805.3    805.3    805.3    805.3 delivery
      9s        0           38.0           34.3    469.8   2818.6   4160.7   4160.7 newOrder
      9s        0            1.0            3.9     71.3     71.3     71.3     71.3 orderStatus
      9s        0           30.0           36.2    117.4   3623.9   5100.3   5100.3 payment
      9s        0            6.0            4.2     88.1    872.4    872.4    872.4 stockLevel
     10s        0            4.0            3.7    318.8   1543.5   1543.5   1543.5 delivery
     10s        0           29.0           33.8    520.1   2281.7   3892.3   3892.3 newOrder
     10s        0            4.0            3.9     44.0     65.0     65.0     65.0 orderStatus
     10s        0           31.0           35.7    100.7   2415.9   4295.0   4295.0 payment
     10s        0            2.0            4.0    906.0   1208.0   1208.0   1208.0 stockLevel
_elapsed___errors__ops/sec(inst)___ops/sec(cum)__p50(ms)__p95(ms)__p99(ms)_pMax(ms)
      1s        0            1.0            1.0    369.1    369.1    369.1    369.1 delivery
      1s        0           18.0           18.0    176.2    604.0    671.1    671.1 newOrder
      1s        0            4.0            4.0     71.3    113.2    113.2    113.2 orderStatus
      1s        0           17.0           17.0    130.0    671.1    704.6    704.6 payment
      1s        0            1.0            1.0     75.5     75.5     75.5     75.5 stockLevel
      2s        0            4.0            2.5    436.2    453.0    453.0    453.0 delivery
      2s        0           30.0           24.0    285.2   1208.0   1342.2   1342.2 newOrder
      2s        0            4.0            4.0     62.9     67.1     67.1     67.1 orderStatus
      2s        0           24.0           20.5    130.0   1006.6   1208.0   1208.0 payment
      2s        0            2.0            1.5     65.0    335.5    335.5    335.5 stockLevel
      3s        0            1.0            2.0    285.2    285.2    285.2    285.2 delivery
      3s        0           42.0           30.0    176.2   1476.4   2550.1   2550.1 newOrder
      3s        0            1.0            3.0     52.4     52.4     52.4     52.4 orderStatus
      3s        0           26.0           22.3    109.1   1476.4   2281.7   2281.7 payment
      3s        0            3.0            2.0     92.3   1006.6   1006.6   1006.6 stockLevel
      4s        0            2.0            2.0    302.0    385.9    385.9    385.9 delivery
      4s        0           25.0           28.8    637.5   2080.4   2952.8   2952.8 newOrder
      4s        0            1.0            2.5     96.5     96.5     96.5     96.5 orderStatus
      4s        0           32.0           24.8    104.9   2818.6   3355.4   3355.4 payment
      4s        0            2.0            2.0    142.6    302.0    302.0    302.0 stockLevel
_elapsed___errors__ops/sec(inst)___ops/sec(cum)__p50(ms)__p95(ms)__p99(ms)_pMax(ms)
      5s        0            3.0            2.2    251.7    302.0    302.0    302.0 delivery
      5s        0           29.0           28.8    192.9   1543.5   1946.2   1946.2 newOrder
      5s        0            4.0            2.8     75.5     83.9     83.9     83.9 orderStatus
      5s        0           26.0           25.0     83.9   2550.1   4026.5   4026.5 payment
      5s        0            5.0            2.6    285.2   1677.7   1677.7   1677.7 stockLevel
      6s        0            4.0            2.5    201.3    385.9    385.9    385.9 delivery
      6s        0           35.0           29.8    419.4   1946.2   5100.3   5100.3 newOrder
      6s        0            2.0            2.7     25.2     79.7     79.7     79.7 orderStatus
      6s        0           28.0           25.5    536.9   3087.0   4831.8   4831.8 payment
      6s        0            7.0            3.3     65.0   1140.9   1140.9   1140.9 stockLevel
      7s        0            3.0            2.6    369.1    369.1    369.1    369.1 delivery
      7s        0           24.0           29.0    176.2    872.4   3623.9   3623.9 newOrder
      7s        0            2.0            2.6     50.3     71.3     71.3     71.3 orderStatus
      7s        0           36.0           27.0    335.5   3489.7   5100.3   5100.3 payment
      7s        0            4.0            3.4     83.9    536.9    536.9    536.9 stockLevel
      8s        0            2.0            2.5    335.5    352.3    352.3    352.3 delivery
      8s        0           35.0           29.8    184.5    906.0   2415.9   2415.9 newOrder
      8s        0            4.0            2.8     39.8     54.5     54.5     54.5 orderStatus
      8s        0           33.0           27.8     88.1   4160.7   7247.8   7247.8 payment
      8s        0            4.0            3.5     52.4    637.5    637.5    637.5 stockLevel
_elapsed___errors__ops/sec(inst)___ops/sec(cum)__p50(ms)__p95(ms)__p99(ms)_pMax(ms)
      9s        0            2.0            2.4    201.3    771.8    771.8    771.8 delivery
      9s        0           27.0           29.4    285.2   3758.1   5368.7   5368.7 newOrder
      9s        0            1.0            2.6    151.0    151.0    151.0    151.0 orderStatus
      9s        0           32.0           28.2    151.0   2013.3   8053.1   8053.1 payment
      9s        0            3.0            3.4     62.9    192.9    192.9    192.9 stockLevel
     10s        0            2.0            2.4    285.2    285.2    285.2    285.2 delivery
     10s        0           31.0           29.6    184.5   2080.4   6710.9   6710.9 newOrder
     10s        0            5.0            2.8     79.7    125.8    125.8    125.8 orderStatus
     10s        0           24.0           27.8    184.5   4160.7   5905.6   5905.6 payment
     10s        0            1.0            3.2     92.3     92.3     92.3     92.3 stockLevel
     11s        0            5.0            2.6    419.4   1006.6   1006.6   1006.6 delivery
     11s        0           35.0           30.1    209.7    771.8   2550.1   2550.1 newOrder
     11s        0            3.0            2.8     67.1    125.8    125.8    125.8 orderStatus
     11s        0           35.0           28.5     92.3   1006.6   4831.8   4831.8 payment
     11s        0            4.0            3.3    100.7    201.3    201.3    201.3 stockLevel
     12s        0            5.0            2.8    268.4    436.2    436.2    436.2 delivery
     12s        0           28.0           29.9    176.2   5368.7   5637.1   5637.1 newOrder
     12s        0            4.0            2.9     58.7     79.7     79.7     79.7 orderStatus
     12s        0           28.0           28.4    104.9   5637.1   6174.0   6174.0 payment
     12s        0            4.0            3.3     75.5    176.2    176.2    176.2 stockLevel
_elapsed___errors__ops/sec(inst)___ops/sec(cum)__p50(ms)__p95(ms)__p99(ms)_pMax(ms)
     13s        0            4.0            2.9    251.7    369.1    369.1    369.1 delivery
     13s        0           36.0           30.4    218.1   1476.4   1476.4   1476.4 newOrder
     13s        0            3.0            2.9     62.9     88.1     88.1     88.1 orderStatus
     13s        0           25.0           28.2    167.8   3892.3   5368.7   5368.7 payment
     13s        0            2.0            3.2    159.4    243.3    243.3    243.3 stockLevel
     14s        0            3.0            2.9    369.1    419.4    419.4    419.4 delivery
     14s        0           35.0           30.7    436.2   1744.8   5905.6   5905.6 newOrder
     14s        0            1.0            2.8    125.8    125.8    125.8    125.8 orderStatus
     14s        0           29.0           28.2    151.0   2013.3  10200.5  10200.5 payment
     14s        0            3.0            3.2     92.3    201.3    201.3    201.3 stockLevel
     15s        0            2.0            2.9    218.1    369.1    369.1    369.1 delivery
     15s        0           34.0           30.9    218.1   6174.0  13421.8  13421.8 newOrder
     15s        0            5.0            2.9     37.7     50.3     50.3     50.3 orderStatus
     15s        0           28.0           28.2    113.2   1073.7   3087.0   3087.0 payment
     15s        0            6.0            3.4     92.3    226.5    226.5    226.5 stockLevel
     16s        0            2.0            2.8    192.9    201.3    201.3    201.3 delivery
     16s        0           37.0           31.3    151.0    704.6   2684.4   2684.4 newOrder
     16s        0            3.0            2.9     60.8     71.3     71.3     71.3 orderStatus
     16s        0           30.0           28.3     88.1    939.5   1946.2   1946.2 payment
     16s        0            3.0            3.4     88.1    335.5    335.5    335.5 stockLevel
_elapsed___errors__ops/sec(inst)___ops/sec(cum)__p50(ms)__p95(ms)__p99(ms)_pMax(ms)
     17s        0            4.0            2.9    260.0    369.1    369.1    369.1 delivery
     17s        0           31.0           31.3    184.5  12348.0  15032.4  15032.4 newOrder
     17s        0            4.0            3.0     50.3     54.5     54.5     54.5 orderStatus
     17s        0           26.0           28.2     96.5   7784.6  10737.4  10737.4 payment
     17s        0            2.0            3.3     54.5     79.7     79.7     79.7 stockLevel
     18s        0            6.0            3.1    302.0    637.5    637.5    637.5 delivery
     18s        0           26.0           31.0    159.4   1409.3  14495.5  14495.5 newOrder
     18s        0            2.0            2.9     46.1     50.3     50.3     50.3 orderStatus
     18s        0           33.0           28.4     83.9    738.2    838.9    838.9 payment
     18s        0            3.0            3.3     71.3     75.5     75.5     75.5 stockLevel
     19s        0            4.0            3.1    318.8    369.1    369.1    369.1 delivery
     19s        0           26.0           30.7    159.4    302.0   1140.9   1140.9 newOrder
     19s        0            5.0            3.1     71.3    100.7    100.7    100.7 orderStatus
     19s        0           26.0           28.3     83.9   8053.1  12884.9  12884.9 payment
     19s        0            2.0            3.2     71.3     75.5     75.5     75.5 stockLevel
     20s        0            6.0            3.3    142.6    335.5    335.5    335.5 delivery
     20s        0           26.0           30.5     88.1    260.0    260.0    260.0 newOrder
     20s        0            4.0            3.1     50.3     62.9     62.9     62.9 orderStatus
     20s        0           32.0           28.5     50.3    159.4    192.9    192.9 payment
     20s        0            1.0            3.1     41.9     41.9     41.9     41.9 stockLevel
_elapsed___errors__ops/sec(inst)___ops/sec(cum)__p50(ms)__p95(ms)__p99(ms)_pMax(ms)
     21s        0            1.0            3.1     50.3     50.3     50.3     50.3 delivery
     21s        0           18.0           29.9     41.9   7247.8   7247.8   7247.8 newOrder
     21s        0            1.0            3.0      8.9      8.9      8.9      8.9 orderStatus
     21s        0           22.0           28.2     19.9     71.3  16643.0  16643.0 payment
     21s        0            1.0            3.0   3355.4   3355.4   3355.4   3355.4 stockLevel
     22s        0            1.0            3.0    243.3    243.3    243.3    243.3 delivery
     22s        0           34.0           30.1    151.0  11811.2  16106.1  16106.1 newOrder
     22s        0            3.0            3.0     60.8     83.9     83.9     83.9 orderStatus
     22s        0           26.0           28.1     75.5    243.3    285.2    285.2 payment
     22s        0            3.0            3.0     58.7     75.5     75.5     75.5 stockLevel
     23s        0            3.0            3.0    151.0    167.8    167.8    167.8 delivery
     23s        0           22.0           29.7     88.1    805.3   6710.9   6710.9 newOrder
     23s        0            2.0            3.0      5.2     19.9     19.9     19.9 orderStatus
     23s        0           25.0           28.0     39.8   7784.6  10200.5  10200.5 payment
     23s        0            2.0            3.0     12.6     44.0     44.0     44.0 stockLevel
     24s        0            2.0            3.0    125.8    201.3    201.3    201.3 delivery
     24s        0           31.0           29.8     83.9   7247.8  10200.5  10200.5 newOrder
     24s        0            1.0            2.9     22.0     22.0     22.0     22.0 orderStatus
     24s        0           27.0           27.9     41.9  19327.4  20401.1  20401.1 payment
     24s        0            2.0            2.9     37.7     48.2     48.2     48.2 stockLevel
_elapsed___errors__ops/sec(inst)___ops/sec(cum)__p50(ms)__p95(ms)__p99(ms)_pMax(ms)
     25s        0            2.0            3.0    192.9    218.1    218.1    218.1 delivery
     25s        0           28.0           29.7    192.9  13421.8  15032.4  15032.4 newOrder
     25s        0            4.0            2.9     60.8    130.0    130.0    130.0 orderStatus
     25s        0           27.0           27.9     88.1    251.7  21474.8  21474.8 payment
     25s        0            5.0            3.0    104.9   1677.7   1677.7   1677.7 stockLevel
     26s        0            3.0            3.0    234.9    520.1    520.1    520.1 delivery
     26s        0           28.0           29.7    209.7   3489.7  18253.6  18253.6 newOrder
     26s        0            3.0            2.9     26.2     75.5     75.5     75.5 orderStatus
     26s        0           21.0           27.6    100.7    402.7    453.0    453.0 payment
     26s        0            4.0            3.0    113.2   2281.7   2281.7   2281.7 stockLevel
     27s        0            3.0            3.0    318.8    486.5    486.5    486.5 delivery
     27s        0           18.0           29.2    176.2    369.1    805.3    805.3 newOrder
     27s        0            0.0            2.8      0.0      0.0      0.0      0.0 orderStatus
     27s        0           15.0           27.1    100.7    939.5  20401.1  20401.1 payment
     27s        0            2.0            3.0     58.7     60.8     60.8     60.8 stockLevel
     28s        0            3.0            3.0    201.3    260.0    260.0    260.0 delivery
     28s        0           22.0           29.0    125.8    226.5    335.5    335.5 newOrder
     28s        0            4.0            2.9     35.7    142.6    142.6    142.6 orderStatus
     28s        0           21.0           26.9    104.9    486.5    604.0    604.0 payment
     28s        0            1.0            2.9     71.3     71.3     71.3     71.3 stockLevel
_elapsed___errors__ops/sec(inst)___ops/sec(cum)__p50(ms)__p95(ms)__p99(ms)_pMax(ms)
     29s        0            2.0            2.9     88.1    352.3    352.3    352.3 delivery
     29s        0           21.0           28.7     71.3    385.9    604.0    604.0 newOrder
     29s        0            0.0            2.8      0.0      0.0      0.0      0.0 orderStatus
     29s        0           16.0           26.6     37.7    419.4    704.6    704.6 payment
     29s        0            1.0            2.9     37.7     37.7     37.7     37.7 stockLevel
     30s        0            3.0            2.9    113.2    113.2    113.2    113.2 delivery
     30s        0           26.0           28.6     71.3   9663.7  12884.9  12884.9 newOrder
     30s        0            2.0            2.7      4.2      7.1      7.1      7.1 orderStatus
     30s        0           21.0           26.4     30.4     83.9  23622.3  23622.3 payment
     30s        0            4.0            2.9     29.4     41.9     41.9     41.9 stockLevel
     31s        0            4.0            3.0    109.1    209.7    209.7    209.7 delivery
     31s        0           21.0           28.4     83.9    226.5    302.0    302.0 newOrder
     31s        0            3.0            2.7     16.8     25.2     25.2     25.2 orderStatus
     31s        0           30.0           26.5     32.5  19327.4  30064.8  30064.8 payment
     31s        0            1.0            2.8     35.7     35.7     35.7     35.7 stockLevel
     32s        0            3.0            3.0    134.2    260.0    260.0    260.0 delivery
     32s        0           34.0           28.5    134.2  16643.0  19327.4  19327.4 newOrder
     32s        0            3.0            2.8     39.8     71.3     71.3     71.3 orderStatus
     32s        0           25.0           26.4     58.7  24696.1  31138.5  31138.5 payment
     32s        0            3.0            2.8     39.8     41.9     41.9     41.9 stockLevel
_elapsed___errors__ops/sec(inst)___ops/sec(cum)__p50(ms)__p95(ms)__p99(ms)_pMax(ms)
     33s        0            1.0            2.9    176.2    176.2    176.2    176.2 delivery
     33s        0           36.0           28.8    201.3   7247.8  10200.5  10200.5 newOrder
     33s        0            4.0            2.8     60.8     92.3     92.3     92.3 orderStatus
     33s        0           34.0           26.7     92.3   2013.3   9663.7   9663.7 payment
     33s        0            4.0            2.9     75.5    469.8    469.8    469.8 stockLevel
     34s        0            2.0            2.9    335.5    352.3    352.3    352.3 delivery
     34s        0           28.0           28.7    159.4    503.3   9126.8   9126.8 newOrder
     34s        0            1.0            2.7     65.0     65.0     65.0     65.0 orderStatus
     34s        0           31.0           26.8     92.3    234.9  30064.8  30064.8 payment
     34s        0            5.0            2.9     67.1    201.3    201.3    201.3 stockLevel
     35s        0            4.0            2.9    285.2    335.5    335.5    335.5 delivery
     35s        0           28.0           28.7    151.0   4295.0   4831.8   4831.8 newOrder
     35s        0            3.0            2.7     79.7     79.7     79.7     79.7 orderStatus
     35s        0           30.0           26.9     75.5  10737.4  30064.8  30064.8 payment
     35s        0            0.0            2.9      0.0      0.0      0.0      0.0 stockLevel
     36s        0            4.0            2.9    285.2    285.2    285.2    285.2 delivery
     36s        0           28.0           28.7    151.0    218.1    268.4    268.4 newOrder
     36s        0            1.0            2.7     41.9     41.9     41.9     41.9 orderStatus
     36s        0           42.0           27.3    100.7  11274.3  26843.5  26843.5 payment
     36s        0            2.0            2.8     71.3    218.1    218.1    218.1 stockLevel
_elapsed___errors__ops/sec(inst)___ops/sec(cum)__p50(ms)__p95(ms)__p99(ms)_pMax(ms)
     37s        0            1.0            2.9    142.6    142.6    142.6    142.6 delivery
     37s        0           31.0           28.8     75.5    134.2   1140.9   1140.9 newOrder
     37s        0            2.0            2.7     13.1     39.8     39.8     39.8 orderStatus
     37s        0           38.0           27.6     39.8    104.9  21474.8  21474.8 payment
     37s        0            7.0            2.9     44.0     75.5     75.5     75.5 stockLevel
     38s        0            1.0            2.8     60.8     60.8     60.8     60.8 delivery
     38s        0           32.0           28.8     79.7   3758.1   6174.0   6174.0 newOrder
     38s        0            2.0            2.7      8.4     26.2     26.2     26.2 orderStatus
     38s        0           25.0           27.5     31.5     71.3   9663.7   9663.7 payment
     38s        0            4.0            3.0     22.0     54.5     54.5     54.5 stockLevel
     39s        0            4.0            2.9    113.2    226.5    226.5    226.5 delivery
     39s        0           31.0           28.9    104.9   6442.5  15569.3  15569.3 newOrder
     39s        0            4.0            2.7     35.7     44.0     44.0     44.0 orderStatus
     39s        0           40.0           27.8     52.4   5637.1  30064.8  30064.8 payment
     39s        0            2.0            2.9     67.1     71.3     71.3     71.3 stockLevel
     40s        0            6.0            3.0    285.2    385.9    385.9    385.9 delivery
     40s        0           25.0           28.8    159.4   5368.7  19327.4  19327.4 newOrder
     40s        0            5.0            2.8     46.1     75.5     75.5     75.5 orderStatus
     40s        0           25.0           27.8     92.3    243.3  21474.8  21474.8 payment
     40s        0            3.0            3.0     65.0    201.3    201.3    201.3 stockLevel
_elapsed___errors__ops/sec(inst)___ops/sec(cum)__p50(ms)__p95(ms)__p99(ms)_pMax(ms)
     41s        0            2.0            2.9    201.3    369.1    369.1    369.1 delivery
     41s        0           34.0           28.9    167.8  11811.2  23622.3  23622.3 newOrder
     41s        0            3.0            2.8     71.3    109.1    109.1    109.1 orderStatus
     41s        0           32.0           27.9     96.5    352.3  40802.2  40802.2 payment
     41s        0            2.0            2.9     52.4   1275.1   1275.1   1275.1 stockLevel
     42s        0            2.0            2.9    226.5    285.2    285.2    285.2 delivery
     42s        0           33.0           29.0    192.9    536.9   8053.1   8053.1 newOrder
     42s        0            5.0            2.8     54.5     79.7     79.7     79.7 orderStatus
     42s        0           33.0           28.0    125.8   4563.4  27917.3  27917.3 payment
     42s        0            2.0            2.9     48.2     56.6     56.6     56.6 stockLevel
     43s        0            3.0            2.9    159.4    192.9    192.9    192.9 delivery
     43s        0           29.0           29.0    167.8   5100.3  11811.2  11811.2 newOrder
     43s        0            5.0            2.9     62.9     71.3     71.3     71.3 orderStatus
     43s        0           30.0           28.0    100.7    671.1    771.8    771.8 payment
     43s        0            3.0            2.9     83.9    192.9    192.9    192.9 stockLevel
     44s        0            5.0            3.0    251.7    302.0    302.0    302.0 delivery
     44s        0           33.0           29.1    159.4   7784.6  11274.3  11274.3 newOrder
     44s        0            8.0            3.0     41.9     71.3     71.3     71.3 orderStatus
     44s        0           23.0           27.9     83.9    369.1  33286.0  33286.0 payment
     44s        0            2.0            2.9     65.0    167.8    167.8    167.8 stockLevel
_elapsed___errors__ops/sec(inst)___ops/sec(cum)__p50(ms)__p95(ms)__p99(ms)_pMax(ms)
     45s        0            2.0            2.9    125.8    151.0    151.0    151.0 delivery
     45s        0           30.0           29.1     92.3   1610.6   6174.0   6174.0 newOrder
     45s        0            1.0            2.9     17.8     17.8     17.8     17.8 orderStatus
     45s        0           26.0           27.9     50.3    104.9    109.1    109.1 payment
     45s        0            3.0            2.9     35.7     48.2     48.2     48.2 stockLevel
     46s        0            2.0            2.9     44.0     48.2     48.2     48.2 delivery
     46s        0           21.0           29.0     39.8   3758.1   5368.7   5368.7 newOrder
     46s        0            2.0            2.9      5.2     13.1     13.1     13.1 orderStatus
     46s        0           21.0           27.7     13.6     31.5  26843.5  26843.5 payment
     46s        0            2.0            2.9     14.2     18.9     18.9     18.9 stockLevel
     47s        0            1.0            2.9    159.4    159.4    159.4    159.4 delivery
     47s        0            8.0           28.5     37.7  15569.3  15569.3  15569.3 newOrder
     47s        0            0.0            2.9      0.0      0.0      0.0      0.0 orderStatus
     47s        0            3.0           27.2     14.2     21.0     21.0     21.0 payment
     47s        0            0.0            2.8      0.0      0.0      0.0      0.0 stockLevel
     48s        0            3.0            2.9    251.7    285.2    285.2    285.2 delivery
     48s        0           25.0           28.4    218.1   8053.1  12348.0  12348.0 newOrder
     48s        0            3.0            2.9     71.3    104.9    104.9    104.9 orderStatus
     48s        0           15.0           27.0    117.4    369.1  23622.3  23622.3 payment
     48s        0            2.0            2.8     44.0   3489.7   3489.7   3489.7 stockLevel
_elapsed___errors__ops/sec(inst)___ops/sec(cum)__p50(ms)__p95(ms)__p99(ms)_pMax(ms)
     49s        0            3.0            2.9    226.5    536.9    536.9    536.9 delivery
     49s        0           31.0           28.5    121.6   4831.8  12884.9  12884.9 newOrder
     49s        0            1.0            2.8     25.2     25.2     25.2     25.2 orderStatus
     49s        0           29.0           27.0     52.4    570.4  32212.3  32212.3 payment
     49s        0            1.0            2.8     71.3     71.3     71.3     71.3 stockLevel
     50s        0            1.0            2.8    285.2    285.2    285.2    285.2 delivery
     50s        0           30.0           28.5    167.8    302.0    335.5    335.5 newOrder
     50s        0            3.0            2.8     50.3     60.8     60.8     60.8 orderStatus
     50s        0           28.0           27.0    100.7  45097.2  49392.1  49392.1 payment
     50s        0            6.0            2.8     67.1    209.7    209.7    209.7 stockLevel
     51s        0            7.0            2.9    218.1    318.8    318.8    318.8 delivery
     51s        0           27.0           28.5    109.1    285.2    453.0    453.0 newOrder
     51s        0            1.0            2.8     52.4     52.4     52.4     52.4 orderStatus
     51s        0           36.0           27.2     67.1  10200.5  40802.2  40802.2 payment
     51s        0            3.0            2.8     58.7    906.0    906.0    906.0 stockLevel
     52s        0            1.0            2.9    109.1    109.1    109.1    109.1 delivery
     52s        0           29.0           28.5     71.3   3758.1   8053.1   8053.1 newOrder
     52s        0            4.0            2.8     26.2     48.2     48.2     48.2 orderStatus
     52s        0           35.0           27.3     37.7    159.4    234.9    234.9 payment
     52s        0            1.0            2.8     25.2     25.2     25.2     25.2 stockLevel
_elapsed___errors__ops/sec(inst)___ops/sec(cum)__p50(ms)__p95(ms)__p99(ms)_pMax(ms)
     53s        0            3.0            2.9    109.1    176.2    176.2    176.2 delivery
     53s        0           23.0           28.4     88.1    121.6    130.0    130.0 newOrder
     53s        0            3.0            2.8     30.4     41.9     41.9     41.9 orderStatus
     53s        0           35.0           27.5     52.4  36507.2  49392.1  49392.1 payment
     53s        0            3.0            2.8     35.7     37.7     37.7     37.7 stockLevel
     54s        0            4.0            2.9     92.3    201.3    201.3    201.3 delivery
     54s        0           28.0           28.4     56.6     75.5    151.0    151.0 newOrder
     54s        0            2.0            2.8     12.1     12.1     12.1     12.1 orderStatus
     54s        0           18.0           27.3     24.1     41.9  20401.1  20401.1 payment
     54s        0            1.0            2.8     46.1     46.1     46.1     46.1 stockLevel
     55s        0            2.0            2.9    121.6    176.2    176.2    176.2 delivery
     55s        0           25.0           28.3     88.1   4563.4  11274.3  11274.3 newOrder
     55s        0            3.0            2.8     10.0     39.8     39.8     39.8 orderStatus
     55s        0           30.0           27.4     41.9  23622.3  40802.2  40802.2 payment
     55s        0            5.0            2.8     52.4   3221.2   3221.2   3221.2 stockLevel
     56s        0            1.0            2.9    402.7    402.7    402.7    402.7 delivery
     56s        0           31.0           28.4    192.9  10737.4  13421.8  13421.8 newOrder
     56s        0            6.0            2.9     79.7    100.7    100.7    100.7 orderStatus
     56s        0           30.0           27.4    109.1  18253.6  40802.2  40802.2 payment
     56s        0            1.0            2.8     83.9     83.9     83.9     83.9 stockLevel
_elapsed___errors__ops/sec(inst)___ops/sec(cum)__p50(ms)__p95(ms)__p99(ms)_pMax(ms)
     57s        0            2.0            2.8    243.3    302.0    302.0    302.0 delivery
     57s        0           33.0           28.5    167.8    385.9   3758.1   3758.1 newOrder
     57s        0            1.0            2.8     39.8     39.8     39.8     39.8 orderStatus
     57s        0           29.0           27.4     83.9    268.4  49392.1  49392.1 payment
     57s        0            6.0            2.8     56.6    302.0    302.0    302.0 stockLevel
     58s        0            4.0            2.9    201.3    226.5    226.5    226.5 delivery
     58s        0           27.0           28.4    113.2    285.2   8053.1   8053.1 newOrder
     58s        0            5.0            2.9     52.4     58.7     58.7     58.7 orderStatus
     58s        0           39.0           27.6     65.0   9126.8  51539.6  51539.6 payment
     58s        0            3.0            2.8     48.2     79.7     79.7     79.7 stockLevel
     59s        0            7.0            2.9    260.0    335.5    335.5    335.5 delivery
     59s        0           28.0           28.4    142.6   3355.4   7247.8   7247.8 newOrder
     59s        0            4.0            2.9     37.7     83.9     83.9     83.9 orderStatus
     59s        0           29.0           27.7     83.9  22548.6  33286.0  33286.0 payment
     59s        0            2.0            2.8     54.5     65.0     65.0     65.0 stockLevel
    1m0s        0            1.0            2.9     71.3     71.3     71.3     71.3 delivery
    1m0s        0           19.0           28.3     54.5  10200.5  12348.0  12348.0 newOrder
    1m0s        0            1.0            2.9      6.3      6.3      6.3      6.3 orderStatus
    1m0s        0           20.0           27.5     25.2    151.0   8053.1   8053.1 payment
    1m0s        0            1.0            2.8     15.7     15.7     15.7     15.7 stockLevel

_elapsed___errors_____ops(total)___ops/sec(cum)__avg(ms)__p50(ms)__p95(ms)__p99(ms)_pMax(ms)__total
   60.0s        0            174            2.9    251.6    251.7    436.2    637.5   1006.6  delivery
   60.0s        0           1696           28.3    818.4    159.4   5100.3  12884.9  23622.3  newOrder
   60.0s        0            171            2.9     52.5     52.4    104.9    130.0    151.0  orderStatus
   60.0s        0           1652           27.5   1187.5     79.7   4563.4  30064.8  51539.6  payment
   60.0s        0            167            2.8    237.3     71.3   1275.1   3221.2   3489.7  stockLevel

_elapsed___errors_____ops(total)___ops/sec(cum)__avg(ms)__p50(ms)__p95(ms)__p99(ms)_pMax(ms)__result
   60.0s        0           3860           64.3    891.8    113.2   3892.3  20401.1  51539.6  
Audit check 9.2.1.7: SKIP: not enough delivery transactions to be statistically significant
Audit check 9.2.2.5.1: SKIP: not enough orders to be statistically significant
Audit check 9.2.2.5.2: SKIP: not enough orders to be statistically significant
Audit check 9.2.2.5.3: SKIP: not enough orders to be statistically significant
Audit check 9.2.2.5.4: SKIP: not enough payments to be statistically significant
Audit check 9.2.2.5.5: SKIP: not enough payments to be statistically significant
Audit check 9.2.2.5.6: SKIP: not enough order status transactions to be statistically significant

_elapsed_______tpmC____efc__avg(ms)__p50(ms)__p90(ms)__p95(ms)__p99(ms)_pMax(ms)
   60.0s     1696.0 1318.8%    818.4    159.4   1409.3   5100.3  12884.9  23622.3
