Initializing 200 connections...
Initializing 100 workers and preparing statements...
_elapsed___errors__ops/sec(inst)___ops/sec(cum)__p50(ms)__p95(ms)__p99(ms)_pMax(ms)
      1s        0            2.3            5.0    125.8    125.8    125.8    125.8 delivery
      1s        0           18.2           40.0     71.3    121.6    130.0    130.0 newOrder
      1s        0            1.8            4.0      8.9     14.7     14.7     14.7 orderStatus
      1s        0           20.0           44.0     31.5     75.5    113.2    113.2 payment
      1s        0            0.9            2.0     39.8     52.4     52.4     52.4 stockLevel
      2s        0            4.0            4.5    159.4    234.9    234.9    234.9 delivery
      2s        0           63.9           52.0    100.7    218.1    486.5    637.5 newOrder
      2s        0            3.0            3.5     12.6     13.1     13.1     13.1 orderStatus
      2s        0           44.9           44.5     50.3    318.8    352.3    352.3 payment
      2s        0            6.0            4.0     41.9     71.3     71.3     71.3 stockLevel
      3s        0            6.0            5.0    285.2    419.4    419.4    419.4 delivery
      3s        0           39.1           47.7    209.7    503.3    872.4    872.4 newOrder
      3s        0            5.0            4.0     32.5    130.0    130.0    130.0 orderStatus
      3s        0           44.1           44.3    151.0    604.0    771.8    771.8 payment
      3s        0            6.0            4.7    100.7    872.4    872.4    872.4 stockLevel
      4s        0            8.9            6.0    226.5    469.8    469.8    469.8 delivery
      4s        0           49.7           48.2    192.9    604.0   1073.7   1073.7 newOrder
      4s        0            8.0            5.0     22.0     54.5     54.5     54.5 orderStatus
      4s        0           52.7           46.5    184.5    838.9    973.1   1208.0 payment
      4s        0            8.0            5.5     71.3    218.1    218.1    218.1 stockLevel
_elapsed___errors__ops/sec(inst)___ops/sec(cum)__p50(ms)__p95(ms)__p99(ms)_pMax(ms)
      5s        0            4.0            5.6    369.1    385.9    385.9    385.9 delivery
      5s        0           46.2           47.8    419.4    671.1    906.0    906.0 newOrder
      5s        0            3.0            4.6     35.7    109.1    109.1    109.1 orderStatus
      5s        0           53.3           47.8    234.9    939.5   1610.6   1946.2 payment
      5s        0            7.0            5.8    167.8    385.9    385.9    385.9 stockLevel
      6s        0            7.0            5.8    192.9    973.1    973.1    973.1 delivery
      6s        0           55.0           49.0    302.0    906.0    973.1   1006.6 newOrder
      6s        0            6.0            4.8     14.2     39.8     39.8     39.8 orderStatus
      6s        0           46.0           47.5    285.2   1208.0   1811.9   1811.9 payment
      6s        0            6.0            5.8    226.5    402.7    402.7    402.7 stockLevel
      7s        0            3.0            5.4    184.5    469.8    469.8    469.8 delivery
      7s        0           60.0           50.6    352.3   1140.9   1208.0   1275.1 newOrder
      7s        0           11.0            5.7     22.0     37.7     54.5     54.5 orderStatus
      7s        0           55.0           48.6    251.7   1744.8   2550.1   2550.1 payment
      7s        0            4.0            5.6     71.3    302.0    302.0    302.0 stockLevel
      8s        0            3.0            5.1    192.9    209.7    209.7    209.7 delivery
      8s        0           68.0           52.7    318.8   1476.4   2147.5   2281.7 newOrder
      8s        0            6.0            5.7     22.0     37.7     37.7     37.7 orderStatus
      8s        0           56.0           49.5    121.6   1811.9   2952.8   2952.8 payment
      8s        0            3.0            5.2    109.1    130.0    130.0    130.0 stockLevel
_elapsed___errors__ops/sec(inst)___ops/sec(cum)__p50(ms)__p95(ms)__p99(ms)_pMax(ms)
      9s        0            8.0            5.4    176.2    536.9    536.9    536.9 delivery
      9s        0           54.0           52.9    192.9    973.1   1275.1   1409.3 newOrder
      9s        0            5.0            5.7     14.7     39.8     39.8     39.8 orderStatus
      9s        0           68.0           51.6    335.5   2013.3   2147.5   2281.7 payment
      9s        0            6.0            5.3     58.7    251.7    251.7    251.7 stockLevel
     10s        0            7.0            5.6    117.4    167.8    167.8    167.8 delivery
     10s        0           71.0           54.7    151.0   1040.2   1476.4   1476.4 newOrder
     10s        0            6.0            5.7      7.6     31.5     31.5     31.5 orderStatus
     10s        0           53.0           51.7    130.0   2818.6   3489.7   3892.3 payment
     10s        0            7.0            5.5     56.6    671.1    671.1    671.1 stockLevel
_elapsed___errors__ops/sec(inst)___ops/sec(cum)__p50(ms)__p95(ms)__p99(ms)_pMax(ms)
      1s        0            5.0            5.0    121.6    151.0    151.0    151.0 delivery
      1s        0           54.1           54.1     88.1    335.5    637.5    838.9 newOrder
      1s        0            8.0            8.0      7.6     21.0     21.0     21.0 orderStatus
      1s        0           40.0           40.1     41.9    285.2    520.1    520.1 payment
      1s        0            5.0            5.0     31.5    285.2    285.2    285.2 stockLevel
      2s        0            2.0            3.5    109.1    134.2    134.2    134.2 delivery
      2s        0           55.0           54.5    142.6    906.0   1006.6   1610.6 newOrder
      2s        0           11.0            9.5     10.5     32.5     33.6     33.6 orderStatus
      2s        0           56.0           48.0     56.6    771.8   1208.0   1275.1 payment
      2s        0            3.0            4.0    520.1   1476.4   1476.4   1476.4 stockLevel
      3s        0            8.0            5.0    113.2    570.4    570.4    570.4 delivery
      3s        0           65.0           58.0    184.5   1342.2   1610.6   1946.2 newOrder
      3s        0            7.0            8.7      9.4     56.6     56.6     56.6 orderStatus
      3s        0           51.0           49.0     75.5    738.2   1006.6   1879.0 payment
      3s        0            7.0            5.0     54.5    704.6    704.6    704.6 stockLevel
      4s        0            6.0            5.3    151.0    838.9    838.9    838.9 delivery
      4s        0           49.0           55.8    151.0   1275.1   2147.5   2147.5 newOrder
      4s        0            2.0            7.0     11.5     21.0     21.0     21.0 orderStatus
      4s        0           46.0           48.3     92.3   2818.6   3489.7   3489.7 payment
      4s        0            7.0            5.5     60.8    570.4    570.4    570.4 stockLevel
_elapsed___errors__ops/sec(inst)___ops/sec(cum)__p50(ms)__p95(ms)__p99(ms)_pMax(ms)
      5s        0            5.0            5.2    243.3    369.1    369.1    369.1 delivery
      5s        0           48.9           54.4    218.1   1409.3   2080.4   2080.4 newOrder
      5s        0            8.0            7.2     25.2     56.6     56.6     56.6 orderStatus
      5s        0           38.9           46.4    201.3   3087.0   3623.9   3623.9 payment
      5s        0            3.0            5.0     60.8     79.7     79.7     79.7 stockLevel
      6s        0            6.0            5.3    184.5   1140.9   1140.9   1140.9 delivery
      6s        0           47.1           53.2    226.5   2952.8   3221.2   3221.2 newOrder
      6s        0            6.0            7.0     21.0     54.5     54.5     54.5 orderStatus
      6s        0           47.1           46.5    318.8   3892.3   5368.7   5368.7 payment
      6s        0            4.0            4.8     58.7   1208.0   1208.0   1208.0 stockLevel
      7s        0            3.0            5.0    176.2    268.4    268.4    268.4 delivery
      7s        0           51.0           52.9    234.9    906.0   1006.6   1879.0 newOrder
      7s        0            4.0            6.6     13.6     31.5     31.5     31.5 orderStatus
      7s        0           49.0           46.9    117.4   4563.4   6442.5   6442.5 payment
      7s        0           10.0            5.6    117.4    771.8    771.8    771.8 stockLevel
      8s        0            5.0            5.0    142.6    184.5    184.5    184.5 delivery
      8s        0           59.0           53.6    121.6    939.5   1879.0   2281.7 newOrder
      8s        0            6.0            6.5     13.1     35.7     35.7     35.7 orderStatus
      8s        0           63.0           48.9    209.7   4831.8   5100.3   5368.7 payment
      8s        0            6.0            5.6     50.3    184.5    184.5    184.5 stockLevel
_elapsed___errors__ops/sec(inst)___ops/sec(cum)__p50(ms)__p95(ms)__p99(ms)_pMax(ms)
      9s        0            6.0            5.1    121.6    176.2    176.2    176.2 delivery
      9s        0           45.9           52.8     88.1   1744.8   3758.1   3758.1 newOrder
      9s        0            3.0            6.1      7.9     13.1     13.1     13.1 orderStatus
      9s        0           54.9           49.6     44.0   2550.1   3758.1   8053.1 payment
      9s        0            7.0            5.8     39.8     83.9     83.9     83.9 stockLevel
     10s        0            4.0            5.0    117.4    159.4    159.4    159.4 delivery
     10s        0           63.1           53.8    117.4   1879.0   3489.7   5100.3 newOrder
     10s        0            7.0            6.2     11.0     54.5     54.5     54.5 orderStatus
     10s        0           67.1           51.3     62.9   3758.1   6174.0   7247.8 payment
     10s        0            4.0            5.6     41.9    100.7    100.7    100.7 stockLevel
     11s        0            8.0            5.3    121.6    184.5    184.5    184.5 delivery
     11s        0           55.0           53.9    117.4   1476.4   3087.0   3758.1 newOrder
     11s        0            6.0            6.2     12.1     60.8     60.8     60.8 orderStatus
     11s        0           42.0           50.5     50.3   5637.1   9663.7   9663.7 payment
     11s        0            7.0            5.7     35.7    218.1    218.1    218.1 stockLevel
     12s        0            4.0            5.2     71.3    234.9    234.9    234.9 delivery
     12s        0           78.0           55.9    109.1   1946.2   2415.9   2818.6 newOrder
     12s        0            6.0            6.2     11.5     21.0     21.0     21.0 orderStatus
     12s        0           73.0           52.3     41.9   7516.2  10737.4  11274.3 payment
     12s        0            5.0            5.7     65.0    671.1    671.1    671.1 stockLevel
_elapsed___errors__ops/sec(inst)___ops/sec(cum)__p50(ms)__p95(ms)__p99(ms)_pMax(ms)
     13s        0            5.0            5.2     65.0    104.9    104.9    104.9 delivery
     13s        0           48.0           55.3     48.2   1275.1   1543.5   1543.5 newOrder
     13s        0            4.0            6.0      8.4     15.2     15.2     15.2 orderStatus
     13s        0           56.0           52.6     19.9   5637.1   9663.7  10737.4 payment
     13s        0            5.0            5.6     22.0    302.0    302.0    302.0 stockLevel
     14s        0           11.0            5.6    130.0    419.4    453.0    453.0 delivery
     14s        0           60.0           55.6     75.5   1946.2   2684.4   2684.4 newOrder
     14s        0            8.0            6.1     12.1     17.8     17.8     17.8 orderStatus
     14s        0           51.0           52.5     44.0   8053.1  11811.2  12884.9 payment
     14s        0            5.0            5.6     37.7     67.1     67.1     67.1 stockLevel
     15s        0            5.0            5.5    201.3    453.0    453.0    453.0 delivery
     15s        0           69.0           56.5     92.3   2550.1   2952.8   3221.2 newOrder
     15s        0            3.0            5.9     17.8     22.0     22.0     22.0 orderStatus
     15s        0           61.0           53.1     62.9   2952.8   7247.8  10200.5 payment
     15s        0            6.0            5.6     62.9   1744.8   1744.8   1744.8 stockLevel
     16s        0            9.0            5.8     83.9    100.7    100.7    100.7 delivery
     16s        0           65.0           57.1     60.8    251.7    486.5   2550.1 newOrder
     16s        0           11.0            6.3      8.9     12.1     12.6     12.6 orderStatus
     16s        0           75.0           54.4     39.8   2952.8  11811.2  12884.9 payment
     16s        0            5.0            5.6     30.4     41.9     41.9     41.9 stockLevel
_elapsed___errors__ops/sec(inst)___ops/sec(cum)__p50(ms)__p95(ms)__p99(ms)_pMax(ms)
     17s        0            2.0            5.5     88.1     88.1     88.1     88.1 delivery
     17s        0           76.0           58.2     60.8   2550.1   3489.7   4026.5 newOrder
     17s        0            5.0            6.2      7.6     11.0     11.0     11.0 orderStatus
     17s        0           65.0           55.1     28.3  11274.3  12884.9  15032.4 payment
     17s        0           13.0            6.0     21.0     39.8    151.0    151.0 stockLevel
     18s        0            4.0            5.4     83.9    109.1    109.1    109.1 delivery
     18s        0           38.0           57.1     54.5    604.0   1040.2   1040.2 newOrder
     18s        0            4.0            6.1      6.0      9.4      9.4      9.4 orderStatus
     18s        0           49.0           54.7     21.0   4563.4   8321.5   8321.5 payment
     18s        0            4.0            5.9     22.0     31.5     31.5     31.5 stockLevel
     19s        0            7.0            5.5     65.0     83.9     83.9     83.9 delivery
     19s        0           51.0           56.7     44.0   2147.5   2281.7   3489.7 newOrder
     19s        0            1.0            5.8      5.2      5.2      5.2      5.2 orderStatus
     19s        0           46.0           54.3     19.9   1610.6  11274.3  11274.3 payment
     19s        0            9.0            6.1     18.9    704.6    704.6    704.6 stockLevel
     20s        0           10.0            5.8     67.1     88.1     88.1     88.1 delivery
     20s        0           54.0           56.6     46.1   1342.2   2147.5   2415.9 newOrder
     20s        0            5.0            5.8      6.6     12.1     12.1     12.1 orderStatus
     20s        0           60.0           54.6     21.0   8589.9  12884.9  16106.1 payment
     20s        0            5.0            6.0     31.5    738.2    738.2    738.2 stockLevel
_elapsed___errors__ops/sec(inst)___ops/sec(cum)__p50(ms)__p95(ms)__p99(ms)_pMax(ms)
     21s        0            7.0            5.8     88.1    130.0    130.0    130.0 delivery
     21s        0           78.0           57.6     65.0    906.0   1879.0   2818.6 newOrder
     21s        0            5.0            5.7      7.6      9.4      9.4      9.4 orderStatus
     21s        0           77.0           55.6     37.7   6979.3  10737.4  11811.2 payment
     21s        0            5.0            6.0     24.1    192.9    192.9    192.9 stockLevel
     22s        0            6.0            5.8     83.9    113.2    113.2    113.2 delivery
     22s        0           82.0           58.7     71.3    805.3   2080.4   5368.7 newOrder
     22s        0            8.0            5.8      7.3     12.1     12.1     12.1 orderStatus
     22s        0           67.0           56.1     32.5  10200.5  12884.9  16643.0 payment
     22s        0            5.0            5.9     35.7     58.7     58.7     58.7 stockLevel
     23s        0            8.0            5.9     62.9     79.7     79.7     79.7 delivery
     23s        0           73.0           59.4     50.3   1409.3   2415.9   2818.6 newOrder
     23s        0           10.0            6.0      5.5     12.1     12.1     12.1 orderStatus
     23s        0           68.0           56.7     16.8     79.7   8321.5  10737.4 payment
     23s        0           11.0            6.1     32.5     71.3     71.3     71.3 stockLevel
     24s        0            2.0            5.8     50.3     62.9     62.9     62.9 delivery
     24s        0           25.0           57.9     33.6     58.7     96.5     96.5 newOrder
     24s        0            2.0            5.8      5.2      5.8      5.8      5.8 orderStatus
     24s        0           28.0           55.5     13.6     22.0     37.7     37.7 payment
     24s        0            4.0            6.0     17.8     21.0     21.0     21.0 stockLevel
_elapsed___errors__ops/sec(inst)___ops/sec(cum)__p50(ms)__p95(ms)__p99(ms)_pMax(ms)
     25s        0            2.0            5.6     39.8     83.9     83.9     83.9 delivery
     25s        0           20.0           56.4     30.4   3758.1   4831.8   4831.8 newOrder
     25s        0            2.0            5.7      5.5      5.5      5.5      5.5 orderStatus
     25s        0           15.0           53.8     13.6     24.1     24.1     24.1 payment
     25s        0            2.0            5.9     12.1   1543.5   1543.5   1543.5 stockLevel
     26s        0            7.0            5.7     50.3     75.5     75.5     75.5 delivery
     26s        0           57.0           56.4     46.1   3489.7   4295.0   5100.3 newOrder
     26s        0            4.0            5.6      5.5     39.8     39.8     39.8 orderStatus
     26s        0           52.0           53.8     18.9   2952.8   7516.2   9663.7 payment
     26s        0            6.0            5.9     24.1     67.1     67.1     67.1 stockLevel
     27s        0            5.0            5.6     62.9    134.2    134.2    134.2 delivery
     27s        0           58.0           56.5     39.8     88.1    771.8   2281.7 newOrder
     27s        0            7.0            5.7      6.3     14.7     14.7     14.7 orderStatus
     27s        0           68.0           54.3     16.3   2281.7  11274.3  22548.6 payment
     27s        0            7.0            5.9     22.0     26.2     26.2     26.2 stockLevel
     28s        0            5.0            5.6     50.3     58.7     58.7     58.7 delivery
     28s        0           57.0           56.5     37.7    436.2   4295.0   5368.7 newOrder
     28s        0            5.0            5.6      5.5      6.0      6.0      6.0 orderStatus
     28s        0           46.0           54.0     15.7   7516.2  18253.6  18253.6 payment
     28s        0            2.0            5.8     14.7     15.7     15.7     15.7 stockLevel
_elapsed___errors__ops/sec(inst)___ops/sec(cum)__p50(ms)__p95(ms)__p99(ms)_pMax(ms)
     29s        0            3.0            5.5     48.2     75.5     75.5     75.5 delivery
     29s        0           39.0           55.9     39.8   2684.4   5100.3   5100.3 newOrder
     29s        0            4.0            5.6      6.0     12.6     12.6     12.6 orderStatus
     29s        0           38.0           53.5     15.7     30.4     41.9     41.9 payment
     29s        0            5.0            5.8     18.9     21.0     21.0     21.0 stockLevel
     30s        0            1.0            5.4     50.3     50.3     50.3     50.3 delivery
     30s        0            3.0           54.1     26.2     30.4     30.4     30.4 newOrder
     30s        0            0.0            5.4      0.0      0.0      0.0      0.0 orderStatus
     30s        0            6.0           51.9     12.1     16.8     16.8     16.8 payment
     30s        0            0.0            5.6      0.0      0.0      0.0      0.0 stockLevel
     31s        0           11.0            5.5     71.3    159.4    159.4    159.4 delivery
     31s        0           64.0           54.5     48.2   2952.8   3087.0   8053.1 newOrder
     31s        0            9.0            5.5      6.0     21.0     21.0     21.0 orderStatus
     31s        0           70.0           52.5     27.3  15032.4  20401.1  23622.3 payment
     31s        0            7.0            5.6     21.0     67.1     67.1     67.1 stockLevel
     32s        0           12.0            5.8     71.3    192.9    226.5    226.5 delivery
     32s        0           70.0           54.9     48.2    159.4   3087.0   3221.2 newOrder
     32s        0            8.0            5.6      7.1     13.1     13.1     13.1 orderStatus
     32s        0           59.0           52.7     22.0    100.7  11274.3  13421.8 payment
     32s        0            5.0            5.6     28.3     31.5     31.5     31.5 stockLevel
_elapsed___errors__ops/sec(inst)___ops/sec(cum)__p50(ms)__p95(ms)__p99(ms)_pMax(ms)
     33s        0            0.0            5.6      0.0      0.0      0.0      0.0 delivery
     33s        0            4.0           53.4     25.2     35.7     35.7     35.7 newOrder
     33s        0            0.0            5.4      0.0      0.0      0.0      0.0 orderStatus
     33s        0            4.0           51.2     11.5     12.1     12.1     12.1 payment
     33s        0            1.0            5.5     12.1     12.1     12.1     12.1 stockLevel
     34s        0            0.0            5.4      0.0      0.0      0.0      0.0 delivery
     34s        0            1.0           51.9   4160.7   4160.7   4160.7   4160.7 newOrder
     34s        0            0.0            5.3      0.0      0.0      0.0      0.0 orderStatus
     34s        0            0.0           49.7      0.0      0.0      0.0      0.0 payment
     34s        0            0.0            5.3      0.0      0.0      0.0      0.0 stockLevel
     35s        0            0.0            5.3      0.0      0.0      0.0      0.0 delivery
     35s        0           14.0           50.8     27.3   3892.3   4563.4   4563.4 newOrder
     35s        0            1.0            5.1      5.2      5.2      5.2      5.2 orderStatus
     35s        0           13.0           48.6     13.6  20401.1  27917.3  27917.3 payment
     35s        0            1.0            5.2     15.2     15.2     15.2     15.2 stockLevel
     36s        0            0.0            5.1      0.0      0.0      0.0      0.0 delivery
     36s        0           35.0           50.3     75.5   4295.0   5637.1   5637.1 newOrder
     36s        0            4.0            5.1      6.3     14.7     14.7     14.7 orderStatus
     36s        0           26.0           48.0     32.5  17179.9  25769.8  25769.8 payment
     36s        0            2.0            5.1     31.5    805.3    805.3    805.3 stockLevel
_elapsed___errors__ops/sec(inst)___ops/sec(cum)__p50(ms)__p95(ms)__p99(ms)_pMax(ms)
     37s        0            9.0            5.2     96.5    260.0    260.0    260.0 delivery
     37s        0           63.9           50.7     60.8    251.7    302.0   4026.5 newOrder
     37s        0            8.0            5.2      8.1     11.5     11.5     11.5 orderStatus
     37s        0           65.9           48.5     31.5  15569.3  23622.3  27917.3 payment
     37s        0           11.0            5.2     41.9    142.6    176.2    176.2 stockLevel
     38s        0            6.0            5.2     71.3    192.9    192.9    192.9 delivery
     38s        0           64.1           51.1     44.0    121.6    260.0    436.2 newOrder
     38s        0            6.0            5.2      8.4     22.0     22.0     22.0 orderStatus
     38s        0           71.1           49.1     25.2  12348.0  18253.6  25769.8 payment
     38s        0            7.0            5.3     26.2     60.8     60.8     60.8 stockLevel
     39s        0            4.0            5.2     48.2     54.5     54.5     54.5 delivery
     39s        0           23.0           50.3     29.4     35.7     37.7     37.7 newOrder
     39s        0            3.0            5.2      7.1      8.9      8.9      8.9 orderStatus
     39s        0           24.0           48.4     13.1  22548.6  22548.6  22548.6 payment
     39s        0            2.0            5.2     13.1     16.8     16.8     16.8 stockLevel
     40s        0            4.0            5.2     75.5     83.9     83.9     83.9 delivery
     40s        0           40.0           50.1     48.2   2415.9   3221.2   3221.2 newOrder
     40s        0            5.0            5.2      6.8     11.0     11.0     11.0 orderStatus
     40s        0           33.0           48.1     21.0  11811.2  23622.3  23622.3 payment
     40s        0            3.0            5.2     29.4     46.1     46.1     46.1 stockLevel
_elapsed___errors__ops/sec(inst)___ops/sec(cum)__p50(ms)__p95(ms)__p99(ms)_pMax(ms)
     41s        0            3.0            5.1    104.9    125.8    125.8    125.8 delivery
     41s        0           69.0           50.5     60.8   2684.4   3623.9   4563.4 newOrder
     41s        0            8.0            5.2      7.6     16.8     16.8     16.8 orderStatus
     41s        0           81.0           48.9     30.4  16106.1  23622.3  25769.8 payment
     41s        0            4.0            5.1     19.9    109.1    109.1    109.1 stockLevel
     42s        0            7.0            5.2    113.2    260.0    260.0    260.0 delivery
     42s        0           70.1           51.0     60.8    159.4    226.5   4831.8 newOrder
     42s        0            9.0            5.3      8.1     26.2     26.2     26.2 orderStatus
     42s        0           76.1           49.5     32.5   4295.0  32212.3  34359.7 payment
     42s        0            8.0            5.2     33.6     67.1     67.1     67.1 stockLevel
     43s        0            8.0            5.2     60.8    109.1    109.1    109.1 delivery
     43s        0           92.0           52.0     46.1   1140.9   2550.1   6710.9 newOrder
     43s        0            5.0            5.3      5.8      6.8      6.8      6.8 orderStatus
     43s        0           91.0           50.5     23.1  18253.6  26843.5  34359.7 payment
     43s        0            6.0            5.2     19.9     22.0     22.0     22.0 stockLevel
     44s        0            8.0            5.3     54.5     79.7     79.7     79.7 delivery
     44s        0           79.0           52.6     39.8    113.2    771.8   1040.2 newOrder
     44s        0            5.0            5.3      5.2      6.6      6.6      6.6 orderStatus
     44s        0           70.0           50.9     18.9    134.2  22548.6  24696.1 payment
     44s        0            9.0            5.3     15.7    192.9    192.9    192.9 stockLevel
_elapsed___errors__ops/sec(inst)___ops/sec(cum)__p50(ms)__p95(ms)__p99(ms)_pMax(ms)
     45s        0            3.0            5.2     62.9     75.5     75.5     75.5 delivery
     45s        0           28.0           52.0     32.5   2684.4   2684.4   2684.4 newOrder
     45s        0            2.0            5.2      4.7     10.0     10.0     10.0 orderStatus
     45s        0           23.0           50.3     12.6     21.0     23.1     23.1 payment
     45s        0            3.0            5.2     16.8     16.8     16.8     16.8 stockLevel
     46s        0            2.0            5.2     50.3     62.9     62.9     62.9 delivery
     46s        0           22.0           51.4     44.0   5100.3   5368.7   5368.7 newOrder
     46s        0            3.0            5.2     10.0     10.5     10.5     10.5 orderStatus
     46s        0           23.0           49.7     14.7     28.3  36507.2  36507.2 payment
     46s        0            3.0            5.2     17.8     23.1     23.1     23.1 stockLevel
     47s        0            7.0            5.2     75.5    109.1    109.1    109.1 delivery
     47s        0           70.0           51.8     48.2   1543.5   3892.3   5905.6 newOrder
     47s        0            9.0            5.3      6.8     39.8     39.8     39.8 orderStatus
     47s        0           75.0           50.2     21.0   6979.3  32212.3  32212.3 payment
     47s        0            7.0            5.2     22.0    159.4    159.4    159.4 stockLevel
     48s        0            7.0            5.3    117.4    302.0    302.0    302.0 delivery
     48s        0           55.0           51.8     50.3    113.2    838.9    838.9 newOrder
     48s        0            3.0            5.2      6.6      7.3      7.3      7.3 orderStatus
     48s        0           61.0           50.5     23.1    130.0   5368.7  31138.5 payment
     48s        0            9.0            5.3     22.0     35.7     35.7     35.7 stockLevel
_elapsed___errors__ops/sec(inst)___ops/sec(cum)__p50(ms)__p95(ms)__p99(ms)_pMax(ms)
     49s        0            0.0            5.1      0.0      0.0      0.0      0.0 delivery
     49s        0            0.0           50.8      0.0      0.0      0.0      0.0 newOrder
     49s        0            0.0            5.1      0.0      0.0      0.0      0.0 orderStatus
     49s        0            0.0           49.4      0.0      0.0      0.0      0.0 payment
     49s        0            0.0            5.2      0.0      0.0      0.0      0.0 stockLevel
     50s        0            0.0            5.0      0.0      0.0      0.0      0.0 delivery
     50s        0            4.0           49.8     37.7     60.8     60.8     60.8 newOrder
     50s        0            0.0            5.0      0.0      0.0      0.0      0.0 orderStatus
     50s        0           10.0           48.6     15.7  18253.6  18253.6  18253.6 payment
     50s        0            1.0            5.1     25.2     25.2     25.2     25.2 stockLevel
     51s        0            8.0            5.1     71.3    117.4    117.4    117.4 delivery
     51s        0           54.0           49.9     48.2   3892.3   5100.3   6979.3 newOrder
     51s        0            5.0            5.0      9.4     10.0     10.0     10.0 orderStatus
     51s        0           48.0           48.6     25.2  27917.3  42949.7  42949.7 payment
     51s        0            3.0            5.1     24.1     35.7     35.7     35.7 stockLevel
     52s        0            2.0            5.0     44.0     65.0     65.0     65.0 delivery
     52s        0           39.0           49.7     39.8     56.6     75.5     75.5 newOrder
     52s        0            4.0            5.0      5.2      7.3      7.3      7.3 orderStatus
     52s        0           46.0           48.6     16.3   7784.6  20401.1  20401.1 payment
     52s        0            5.0            5.1     18.9     27.3     27.3     27.3 stockLevel
_elapsed___errors__ops/sec(inst)___ops/sec(cum)__p50(ms)__p95(ms)__p99(ms)_pMax(ms)
     53s        0            1.0            5.0     71.3     71.3     71.3     71.3 delivery
     53s        0            7.0           48.9     35.7     41.9     41.9     41.9 newOrder
     53s        0            0.0            4.9      0.0      0.0      0.0      0.0 orderStatus
     53s        0           10.0           47.9     13.1     17.8     17.8     17.8 payment
     53s        0            0.0            5.0      0.0      0.0      0.0      0.0 stockLevel
     54s        0            0.0            4.9      0.0      0.0      0.0      0.0 delivery
     54s        0            1.0           48.0   5905.6   5905.6   5905.6   5905.6 newOrder
     54s        0            1.0            4.8      8.1      8.1      8.1      8.1 orderStatus
     54s        0            2.0           47.0     12.6     15.2     15.2     15.2 payment
     54s        0            0.0            4.9      0.0      0.0      0.0      0.0 stockLevel
     55s        0            0.0            4.8      0.0      0.0      0.0      0.0 delivery
     55s        0            3.0           47.2     39.8   8589.9   8589.9   8589.9 newOrder
     55s        0            0.0            4.7      0.0      0.0      0.0      0.0 orderStatus
     55s        0            3.0           46.2     12.1     13.1     13.1     13.1 payment
     55s        0            0.0            4.8      0.0      0.0      0.0      0.0 stockLevel
     56s        0            5.0            4.8    100.7    176.2    176.2    176.2 delivery
     56s        0           63.7           47.5     79.7   7784.6   8321.5   9663.7 newOrder
     56s        0            9.0            4.8      7.9     13.1     13.1     13.1 orderStatus
     56s        0           52.8           46.3     44.0  16106.1  23622.3  36507.2 payment
     56s        0            8.0            4.9     32.5    109.1    109.1    109.1 stockLevel
_elapsed___errors__ops/sec(inst)___ops/sec(cum)__p50(ms)__p95(ms)__p99(ms)_pMax(ms)
     57s        0            1.0            4.7    335.5    335.5    335.5    335.5 delivery
     57s        0           46.1           47.5    226.5    838.9    906.0    906.0 newOrder
     57s        0            2.0            4.8     10.0     16.8     16.8     16.8 orderStatus
     57s        0           38.1           46.2     67.1  20401.1  36507.2  36507.2 payment
     57s        0            6.0            4.9    104.9    234.9    234.9    234.9 stockLevel
     58s        0           10.0            4.8     88.1    209.7    209.7    209.7 delivery
     58s        0           66.1           47.8     71.3    419.4    503.3    536.9 newOrder
     58s        0            9.0            4.8      8.9     14.7     14.7     14.7 orderStatus
     58s        0           86.1           46.9     41.9   1543.5  16643.0  16643.0 payment
     58s        0            9.0            4.9     33.6    100.7    100.7    100.7 stockLevel
     59s        0            5.0            4.8     88.1     96.5     96.5     96.5 delivery
     59s        0           71.0           48.2     75.5    352.3   3355.4   8321.5 newOrder
     59s        0            6.0            4.8      7.3     25.2     25.2     25.2 orderStatus
     59s        0           78.0           47.4     37.7  11811.2  27917.3  45097.2 payment
     59s        0            5.0            4.9     28.3     96.5     96.5     96.5 stockLevel
    1m0s        0            4.0            4.8     92.3    167.8    167.8    167.8 delivery
    1m0s        0           48.9           48.2     56.6    218.1    402.7    402.7 newOrder
    1m0s        0            4.0            4.8      7.6     10.5     10.5     10.5 orderStatus
    1m0s        0           55.9           47.5     24.1    335.5  27917.3  45097.2 payment
    1m0s        0            4.0            4.9     46.1     96.5     96.5     96.5 stockLevel

_elapsed___errors_____ops(total)___ops/sec(cum)__avg(ms)__p50(ms)__p95(ms)__p99(ms)_pMax(ms)__total
   60.0s        0            288            4.8    113.1     83.9    260.0    570.4   1140.9  delivery
   60.0s        0           2892           48.2    334.1     62.9   1879.0   4563.4   9663.7  newOrder
   60.0s        0            290            4.8     10.8      7.9     27.3     54.5     60.8  orderStatus
   60.0s        0           2852           47.5   1093.4     30.4   7516.2  23622.3  45097.2  payment
   60.0s        0            296            4.9     87.5     30.4    419.4   1208.0   1744.8  stockLevel

_elapsed___errors_____ops(total)___ops/sec(cum)__avg(ms)__p50(ms)__p95(ms)__p99(ms)_pMax(ms)__result
   60.0s        0           6618          110.3    626.5     48.2   2818.6  15569.3  45097.2  
Audit check 9.2.1.7: SKIP: not enough delivery transactions to be statistically significant
Audit check 9.2.2.5.1: SKIP: not enough orders to be statistically significant
Audit check 9.2.2.5.2: SKIP: not enough orders to be statistically significant
Audit check 9.2.2.5.3: SKIP: not enough orders to be statistically significant
Audit check 9.2.2.5.4: SKIP: not enough payments to be statistically significant
Audit check 9.2.2.5.5: SKIP: not enough payments to be statistically significant
Audit check 9.2.2.5.6: SKIP: not enough order status transactions to be statistically significant

_elapsed_______tpmC____efc__avg(ms)__p50(ms)__p90(ms)__p95(ms)__p99(ms)_pMax(ms)
   60.0s     2891.9 2248.7%    334.1     62.9    805.3   1879.0   4563.4   9663.7
