Initializing 300 connections...
Initializing 100 workers and preparing statements...
_elapsed___errors__ops/sec(inst)___ops/sec(cum)__p50(ms)__p95(ms)__p99(ms)_pMax(ms)
      1s        0            1.1            3.0     96.5    104.9    104.9    104.9 delivery
      1s        0           17.6           46.0     58.7    125.8    142.6    142.6 newOrder
      1s        0            1.9            5.0      8.9     10.5     10.5     10.5 orderStatus
      1s        0           16.5           43.0     31.5     83.9    104.9    104.9 payment
      1s        0            1.5            4.0     28.3     46.1     46.1     46.1 stockLevel
      2s        0            9.0            6.0    167.8    503.3    503.3    503.3 delivery
      2s        0           58.0           52.0    100.7    218.1    251.7    302.0 newOrder
      2s        0            5.0            5.0     14.2     54.5     54.5     54.5 orderStatus
      2s        0           49.0           46.0     56.6    352.3    453.0    453.0 payment
      2s        0            6.0            5.0     39.8     71.3     71.3     71.3 stockLevel
      3s        0            6.0            6.0    142.6    285.2    285.2    285.2 delivery
      3s        0           48.9           51.0    176.2    385.9    536.9    536.9 newOrder
      3s        0            7.0            5.7     18.9    100.7    100.7    100.7 orderStatus
      3s        0           61.9           51.3     92.3    385.9    436.2   1208.0 payment
      3s        0            5.0            5.0    109.1    226.5    226.5    226.5 stockLevel
      4s        0            4.0            5.5    251.7    369.1    369.1    369.1 delivery
      4s        0           49.1           50.5    335.5    704.6    838.9    838.9 newOrder
      4s        0            6.0            5.7     22.0     50.3     50.3     50.3 orderStatus
      4s        0           50.1           51.0    121.6   1208.0   1476.4   1476.4 payment
      4s        0            7.0            5.5    167.8    318.8    318.8    318.8 stockLevel
_elapsed___errors__ops/sec(inst)___ops/sec(cum)__p50(ms)__p95(ms)__p99(ms)_pMax(ms)
      5s        0            4.0            5.2    130.0    318.8    318.8    318.8 delivery
      5s        0           68.0           54.0    268.4    805.3   1140.9   1275.1 newOrder
      5s        0            1.0            4.8     11.5     11.5     11.5     11.5 orderStatus
      5s        0           57.0           52.2    209.7   1476.4   1677.7   2281.7 payment
      5s        0            6.0            5.6     62.9    167.8    167.8    167.8 stockLevel
      6s        0            8.0            5.7    318.8   1208.0   1208.0   1208.0 delivery
      6s        0           64.0           55.7    352.3    838.9    906.0   1342.2 newOrder
      6s        0            4.0            4.7      8.9     14.2     14.2     14.2 orderStatus
      6s        0           35.0           49.3    285.2    973.1   1476.4   1476.4 payment
      6s        0            7.0            5.8    100.7    838.9    838.9    838.9 stockLevel
      7s        0            5.0            5.6    209.7    671.1    671.1    671.1 delivery
      7s        0           61.0           56.4    251.7    604.0    838.9   1476.4 newOrder
      7s        0            6.0            4.9     11.0     33.6     33.6     33.6 orderStatus
      7s        0           74.0           52.9    121.6   1208.0   2080.4   2415.9 payment
      7s        0            5.0            5.7     88.1    318.8    318.8    318.8 stockLevel
      8s        0            9.0            6.0    192.9    503.3    503.3    503.3 delivery
      8s        0           49.0           55.5    302.0    973.1   1476.4   1476.4 newOrder
      8s        0            5.0            4.9     10.5     79.7     79.7     79.7 orderStatus
      8s        0           50.0           52.5    260.0   1543.5   2147.5   2147.5 payment
      8s        0            8.0            6.0    121.6    436.2    436.2    436.2 stockLevel
_elapsed___errors__ops/sec(inst)___ops/sec(cum)__p50(ms)__p95(ms)__p99(ms)_pMax(ms)
      9s        0            6.0            6.0    151.0    838.9    838.9    838.9 delivery
      9s        0           45.0           54.3    503.3   1610.6   2013.3   2013.3 newOrder
      9s        0            4.0            4.8     12.1     31.5     31.5     31.5 orderStatus
      9s        0           51.0           52.3    637.5   2952.8   3087.0   3489.7 payment
      9s        0            6.0            6.0    113.2    939.5    939.5    939.5 stockLevel
     10s        0            5.0            5.9    151.0    260.0    260.0    260.0 delivery
     10s        0           71.0           56.0    302.0   1040.2   1409.3   1610.6 newOrder
     10s        0           10.0            5.3     12.1     50.3     50.3     50.3 orderStatus
     10s        0           65.0           53.6    201.3   2415.9   3623.9   4831.8 payment
     10s        0            2.0            5.6     52.4    100.7    100.7    100.7 stockLevel
_elapsed___errors__ops/sec(inst)___ops/sec(cum)__p50(ms)__p95(ms)__p99(ms)_pMax(ms)
      1s        0            5.0            5.0     88.1    243.3    243.3    243.3 delivery
      1s        0           43.1           43.1     79.7    285.2    704.6    704.6 newOrder
      1s        0            7.0            7.0      9.4     14.2     14.2     14.2 orderStatus
      1s        0           33.1           33.1     39.8    838.9    973.1    973.1 payment
      1s        0            7.0            7.0     28.3    486.5    486.5    486.5 stockLevel
      2s        0            5.0            5.0     79.7    176.2    176.2    176.2 delivery
      2s        0           66.0           54.6    109.1   1208.0   1275.1   1610.6 newOrder
      2s        0            3.0            5.0     10.0     10.5     10.5     10.5 orderStatus
      2s        0           53.0           43.1     35.7   1275.1   1476.4   1543.5 payment
      2s        0            6.0            6.5     22.0    671.1    671.1    671.1 stockLevel
      3s        0            7.0            5.7    100.7    352.3    352.3    352.3 delivery
      3s        0           72.0           60.4    142.6   1409.3   1677.7   2013.3 newOrder
      3s        0            7.0            5.7      8.4     11.5     11.5     11.5 orderStatus
      3s        0           54.0           46.7     39.8   1811.9   2281.7   2415.9 payment
      3s        0            6.0            6.3     33.6     39.8     39.8     39.8 stockLevel
      4s        0            7.0            6.0     88.1    104.9    104.9    104.9 delivery
      4s        0           69.0           62.5     71.3   1040.2   1409.3   1476.4 newOrder
      4s        0            7.0            6.0      8.9     12.6     12.6     12.6 orderStatus
      4s        0           69.0           52.3     48.2   2550.1   3087.0   3087.0 payment
      4s        0            7.0            6.5     26.2     39.8     39.8     39.8 stockLevel
_elapsed___errors__ops/sec(inst)___ops/sec(cum)__p50(ms)__p95(ms)__p99(ms)_pMax(ms)
      5s        0            4.0            5.6     83.9    134.2    134.2    134.2 delivery
      5s        0           60.8           62.2     65.0   1879.0   2013.3   2415.9 newOrder
      5s        0            9.0            6.6      7.6     18.9     18.9     18.9 orderStatus
      5s        0           64.8           54.8     28.3   3087.0   3489.7   4160.7 payment
      5s        0            5.0            6.2     39.8    104.9    104.9    104.9 stockLevel
      6s        0           11.0            6.5    130.0    218.1    226.5    226.5 delivery
      6s        0           37.1           58.0    109.1   1476.4   2684.4   2684.4 newOrder
      6s        0            4.0            6.2      9.4     13.6     13.6     13.6 orderStatus
      6s        0           43.1           52.9    134.2   3892.3   4831.8   4831.8 payment
      6s        0            5.0            6.0     56.6    100.7    100.7    100.7 stockLevel
      7s        0            7.0            6.6    117.4    130.0    130.0    130.0 delivery
      7s        0           58.0           58.0    100.7   2147.5   2684.4   3489.7 newOrder
      7s        0           11.0            6.9     11.5     17.8     54.5     54.5 orderStatus
      7s        0           59.0           53.7     46.1   3087.0   5100.3   6710.9 payment
      7s        0            8.0            6.3     32.5    536.9    536.9    536.9 stockLevel
      8s        0            6.0            6.5     96.5    318.8    318.8    318.8 delivery
      8s        0           58.0           58.0     67.1   1140.9   2818.6   3087.0 newOrder
      8s        0            4.0            6.5      7.3     11.0     11.0     11.0 orderStatus
      8s        0           68.0           55.5     44.0   1476.4   2684.4   5905.6 payment
      8s        0            3.0            5.9     19.9     31.5     31.5     31.5 stockLevel
_elapsed___errors__ops/sec(inst)___ops/sec(cum)__p50(ms)__p95(ms)__p99(ms)_pMax(ms)
      9s        0            6.0            6.4     79.7    121.6    121.6    121.6 delivery
      9s        0           57.0           57.9     52.4   2415.9   3355.4   3892.3 newOrder
      9s        0            9.0            6.8      7.1     16.3     16.3     16.3 orderStatus
      9s        0           51.0           55.0     22.0   1744.8   5100.3   5637.1 payment
      9s        0            2.0            5.4     23.1     24.1     24.1     24.1 stockLevel
     10s        0            4.0            6.2    100.7    167.8    167.8    167.8 delivery
     10s        0           59.0           58.0     48.2    369.1   1006.6   1677.7 newOrder
     10s        0            6.0            6.7      6.8     11.0     11.0     11.0 orderStatus
     10s        0           70.0           56.5     27.3   5905.6   8321.5   9663.7 payment
     10s        0            5.0            5.4     35.7     41.9     41.9     41.9 stockLevel
     11s        0            8.0            6.4     83.9    117.4    117.4    117.4 delivery
     11s        0           61.0           58.3     67.1   1677.7   2415.9   2818.6 newOrder
     11s        0            7.0            6.7      7.1     37.7     37.7     37.7 orderStatus
     11s        0           52.0           56.1     29.4   5637.1   9663.7  10200.5 payment
     11s        0            8.0            5.6     37.7    771.8    771.8    771.8 stockLevel
     12s        0            3.0            6.1    104.9    167.8    167.8    167.8 delivery
     12s        0           56.0           58.1     54.5   1744.8   2415.9   3221.2 newOrder
     12s        0            4.0            6.5      4.7     30.4     30.4     30.4 orderStatus
     12s        0           49.0           55.5     28.3   4026.5   9663.7   9663.7 payment
     12s        0            4.0            5.5     26.2     75.5     75.5     75.5 stockLevel
_elapsed___errors__ops/sec(inst)___ops/sec(cum)__p50(ms)__p95(ms)__p99(ms)_pMax(ms)
     13s        0            9.0            6.3     65.0    121.6    121.6    121.6 delivery
     13s        0           55.0           57.9     46.1   1879.0   2550.1   2952.8 newOrder
     13s        0            4.0            6.3      5.2     10.0     10.0     10.0 orderStatus
     13s        0           57.0           55.6     23.1   8321.5  10200.5  11274.3 payment
     13s        0            9.0            5.8     25.2   1275.1   1275.1   1275.1 stockLevel
     14s        0            3.0            6.1     75.5     79.7     79.7     79.7 delivery
     14s        0           66.0           58.4     62.9   1744.8   2818.6   2952.8 newOrder
     14s        0           10.0            6.6      5.5      9.4      9.4      9.4 orderStatus
     14s        0           62.0           56.1     22.0   6710.9   8589.9  12348.0 payment
     14s        0            7.0            5.9     28.3    117.4    117.4    117.4 stockLevel
     15s        0            8.0            6.2     83.9    142.6    142.6    142.6 delivery
     15s        0           67.0           59.0     60.8   1610.6   2281.7   2415.9 newOrder
     15s        0            7.0            6.6      9.4     21.0     21.0     21.0 orderStatus
     15s        0           71.0           57.1     39.8   7247.8  10737.4  13958.6 payment
     15s        0           12.0            6.3     26.2     71.3    226.5    226.5 stockLevel
     16s        0           11.0            6.5    121.6    226.5    285.2    285.2 delivery
     16s        0           71.9           59.8     88.1   1677.7   3221.2   4026.5 newOrder
     16s        0            6.0            6.6      8.4     48.2     48.2     48.2 orderStatus
     16s        0           68.9           57.8     39.8   9126.8  10200.5  12348.0 payment
     16s        0            3.0            6.1     29.4    201.3    201.3    201.3 stockLevel
_elapsed___errors__ops/sec(inst)___ops/sec(cum)__p50(ms)__p95(ms)__p99(ms)_pMax(ms)
     17s        0            9.0            6.6     75.5    184.5    184.5    184.5 delivery
     17s        0           64.0           60.1     60.8    939.5   2013.3   2281.7 newOrder
     17s        0            7.0            6.6      6.6     10.5     10.5     10.5 orderStatus
     17s        0           74.0           58.8     31.5   6710.9  15032.4  15569.3 payment
     17s        0            7.0            6.1     26.2     60.8     60.8     60.8 stockLevel
     18s        0            7.0            6.7     83.9    142.6    142.6    142.6 delivery
     18s        0           80.0           61.2     48.2   1744.8   1879.0   2684.4 newOrder
     18s        0            9.0            6.7      6.3     10.0     10.0     10.0 orderStatus
     18s        0           81.0           60.0     27.3   6710.9  11811.2  15569.3 payment
     18s        0           13.0            6.5     25.2     88.1    436.2    436.2 stockLevel
     19s        0            4.0            6.5     65.0     79.7     79.7     79.7 delivery
     19s        0           88.0           62.6     60.8   2013.3   3489.7   4295.0 newOrder
     19s        0            7.0            6.7      6.6     10.5     10.5     10.5 orderStatus
     19s        0           75.0           60.8     30.4   3489.7  10200.5  16106.1 payment
     19s        0            9.0            6.6     29.4     62.9     62.9     62.9 stockLevel
     20s        0           10.0            6.7     75.5    142.6    142.6    142.6 delivery
     20s        0           74.0           63.2     75.5   1275.1   1879.0   1946.2 newOrder
     20s        0            9.0            6.9      7.3     19.9     19.9     19.9 orderStatus
     20s        0           68.0           61.2     31.5  11811.2  16643.0  19327.4 payment
     20s        0            7.0            6.7     25.2    184.5    184.5    184.5 stockLevel
_elapsed___errors__ops/sec(inst)___ops/sec(cum)__p50(ms)__p95(ms)__p99(ms)_pMax(ms)
     21s        0            5.0            6.6    109.1    125.8    125.8    125.8 delivery
     21s        0           91.0           64.5     46.1    906.0   1409.3   1476.4 newOrder
     21s        0            8.0            6.9      6.8     12.6     12.6     12.6 orderStatus
     21s        0           85.0           62.3     26.2  10737.4  15569.3  17179.9 payment
     21s        0           11.0            6.9     28.3     65.0    113.2    113.2 stockLevel
     22s        0            6.0            6.6     62.9    100.7    100.7    100.7 delivery
     22s        0           81.0           65.2     50.3   1543.5   2952.8   3221.2 newOrder
     22s        0            6.0            6.9      5.5      6.3      6.3      6.3 orderStatus
     22s        0           64.0           62.4     27.3   7516.2  15032.4  16106.1 payment
     22s        0            7.0            6.9     25.2     44.0     44.0     44.0 stockLevel
     23s        0            7.0            6.6     71.3     88.1     88.1     88.1 delivery
     23s        0           81.0           65.9     60.8   2080.4   2818.6   4563.4 newOrder
     23s        0            6.0            6.8      6.3     10.5     10.5     10.5 orderStatus
     23s        0           77.0           63.0     24.1   3355.4   7516.2  11811.2 payment
     23s        0            8.0            6.9     26.2     48.2     48.2     48.2 stockLevel
     24s        0            7.0            6.6     79.7    167.8    167.8    167.8 delivery
     24s        0           72.0           66.2     62.9    805.3    973.1   1040.2 newOrder
     24s        0           10.0            7.0      7.1     15.2     15.2     15.2 orderStatus
     24s        0           77.0           63.6     26.2   6979.3  20401.1  22548.6 payment
     24s        0            5.0            6.8     28.3     30.4     30.4     30.4 stockLevel
_elapsed___errors__ops/sec(inst)___ops/sec(cum)__p50(ms)__p95(ms)__p99(ms)_pMax(ms)
     25s        0            9.0            6.7     67.1    176.2    176.2    176.2 delivery
     25s        0           63.0           66.0     39.8    201.3    805.3   3087.0 newOrder
     25s        0            9.0            7.0      8.9     14.7     14.7     14.7 orderStatus
     25s        0           74.0           64.0     25.2   6979.3  10737.4  12348.0 payment
     25s        0            4.0            6.7     25.2     37.7     37.7     37.7 stockLevel
     26s        0            5.0            6.7     65.0    209.7    209.7    209.7 delivery
     26s        0           68.0           66.1     65.0   4026.5   5100.3   5100.3 newOrder
     26s        0            4.0            6.9      8.4     27.3     27.3     27.3 orderStatus
     26s        0           62.0           63.9     29.4     83.9    184.5  10737.4 payment
     26s        0            8.0            6.8     35.7   2684.4   2684.4   2684.4 stockLevel
     27s        0            4.0            6.6     62.9     75.5     75.5     75.5 delivery
     27s        0           85.0           66.8     62.9   2281.7   4563.4   5100.3 newOrder
     27s        0            7.0            6.9      7.1     10.0     10.0     10.0 orderStatus
     27s        0           58.0           63.7     29.4    251.7    318.8    402.7 payment
     27s        0            6.0            6.7     24.1    192.9    192.9    192.9 stockLevel
     28s        0            1.0            6.4     58.7     58.7     58.7     58.7 delivery
     28s        0            8.0           64.7     29.4     44.0     44.0     44.0 newOrder
     28s        0            2.0            6.8      4.1      6.3      6.3      6.3 orderStatus
     28s        0           15.0           62.0     12.6     24.1     26.2     26.2 payment
     28s        0            0.0            6.5      0.0      0.0      0.0      0.0 stockLevel
_elapsed___errors__ops/sec(inst)___ops/sec(cum)__p50(ms)__p95(ms)__p99(ms)_pMax(ms)
     29s        0            8.0            6.4    109.1    134.2    134.2    134.2 delivery
     29s        0           46.0           64.1    100.7   4160.7   4831.8   4831.8 newOrder
     29s        0            6.0            6.7     11.0     22.0     22.0     22.0 orderStatus
     29s        0           53.0           61.7     44.0   6710.9  20401.1  21474.8 payment
     29s        0            6.0            6.5     27.3    369.1    369.1    369.1 stockLevel
     30s        0            8.0            6.5     67.1    167.8    167.8    167.8 delivery
     30s        0           59.0           63.9     50.3   2952.8   4295.0   6442.5 newOrder
     30s        0            7.0            6.7      8.4     12.1     12.1     12.1 orderStatus
     30s        0           60.0           61.6     30.4  12348.0  17179.9  20401.1 payment
     30s        0            6.0            6.5     22.0     24.1     24.1     24.1 stockLevel
     31s        0            9.0            6.5     83.9    130.0    130.0    130.0 delivery
     31s        0           72.0           64.2     92.3   3355.4   4831.8   6979.3 newOrder
     31s        0            8.0            6.8      8.1     33.6     33.6     33.6 orderStatus
     31s        0           74.0           62.0     41.9   6979.3  10200.5  10737.4 payment
     31s        0            5.0            6.4     31.5     92.3     92.3     92.3 stockLevel
     32s        0            4.0            6.5     88.1    117.4    117.4    117.4 delivery
     32s        0           69.0           64.3     83.9    352.3    570.4    805.3 newOrder
     32s        0            4.0            6.7      7.9     16.8     16.8     16.8 orderStatus
     32s        0           72.0           62.3     46.1    570.4   2080.4   6710.9 payment
     32s        0            9.0            6.5     35.7    100.7    100.7    100.7 stockLevel
_elapsed___errors__ops/sec(inst)___ops/sec(cum)__p50(ms)__p95(ms)__p99(ms)_pMax(ms)
     33s        0            7.0            6.5     71.3    167.8    167.8    167.8 delivery
     33s        0           68.1           64.4     44.0    142.6    209.7    704.6 newOrder
     33s        0           12.0            6.8      8.9     28.3     44.0     44.0 orderStatus
     33s        0           78.1           62.8     22.0   5637.1  17179.9  26843.5 payment
     33s        0            7.0            6.5     27.3    520.1    520.1    520.1 stockLevel
     34s        0            7.0            6.5     48.2    104.9    104.9    104.9 delivery
     34s        0           63.0           64.4     35.7    385.9   2818.6   4563.4 newOrder
     34s        0            3.0            6.7      5.0     10.0     10.0     10.0 orderStatus
     34s        0           66.0           62.9     16.3   4831.8   9126.8  13421.8 payment
     34s        0            4.0            6.4     12.6    604.0    604.0    604.0 stockLevel
     35s        0            8.0            6.5     67.1    151.0    151.0    151.0 delivery
     35s        0           70.0           64.5     41.9   2080.4   3489.7   7247.8 newOrder
     35s        0            5.0            6.7     10.5     24.1     24.1     24.1 orderStatus
     35s        0           65.0           62.9     19.9     48.2   6174.0  13421.8 payment
     35s        0            6.0            6.4     24.1     37.7     37.7     37.7 stockLevel
     36s        0            0.0            6.4      0.0      0.0      0.0      0.0 delivery
     36s        0            7.0           62.9     31.5   3489.7   3489.7   3489.7 newOrder
     36s        0            1.0            6.5      5.2      5.2      5.2      5.2 orderStatus
     36s        0           10.0           61.5     12.1  16643.0  16643.0  16643.0 payment
     36s        0            4.0            6.4     16.8     17.8     17.8     17.8 stockLevel
_elapsed___errors__ops/sec(inst)___ops/sec(cum)__p50(ms)__p95(ms)__p99(ms)_pMax(ms)
     37s        0            2.0            6.2     50.3     65.0     65.0     65.0 delivery
     37s        0           45.0           62.5     35.7   2080.4   5637.1   5637.1 newOrder
     37s        0            8.0            6.6      5.8     13.1     13.1     13.1 orderStatus
     37s        0           51.0           61.2     15.7   4563.4  15569.3  20401.1 payment
     37s        0            5.0            6.3     19.9     27.3     27.3     27.3 stockLevel
     38s        0            7.0            6.3     58.7    159.4    159.4    159.4 delivery
     38s        0           78.0           62.9     39.8   3758.1   6442.5   9126.8 newOrder
     38s        0            5.0            6.5      5.5      8.9      8.9      8.9 orderStatus
     38s        0           57.0           61.1     21.0   6979.3   8589.9  24696.1 payment
     38s        0            5.0            6.3     19.9     30.4     30.4     30.4 stockLevel
     39s        0           10.0            6.4     71.3    268.4    268.4    268.4 delivery
     39s        0           70.0           63.1     48.2   2281.7   6174.0   9663.7 newOrder
     39s        0            6.0            6.5      5.2      7.9      7.9      7.9 orderStatus
     39s        0           71.0           61.3     25.2    302.0  20401.1  28991.0 payment
     39s        0            8.0            6.3     24.1     62.9     62.9     62.9 stockLevel
     40s        0            3.0            6.3     65.0     79.7     79.7     79.7 delivery
     40s        0           38.0           62.4     41.9   1811.9   2415.9   2415.9 newOrder
     40s        0            7.0            6.5      7.1     10.5     10.5     10.5 orderStatus
     40s        0           38.0           60.8     19.9  13421.8  15032.4  15032.4 payment
     40s        0            2.0            6.2     21.0     29.4     29.4     29.4 stockLevel
_elapsed___errors__ops/sec(inst)___ops/sec(cum)__p50(ms)__p95(ms)__p99(ms)_pMax(ms)
     41s        0            8.0            6.3     79.7    121.6    121.6    121.6 delivery
     41s        0           64.0           62.5     48.2   1275.1   2281.7   6174.0 newOrder
     41s        0            8.0            6.6      7.1     26.2     26.2     26.2 orderStatus
     41s        0           77.0           61.2     24.1  17179.9  28991.0  40802.2 payment
     41s        0            5.0            6.2     44.0     79.7     79.7     79.7 stockLevel
     42s        0            6.0            6.3     48.2     92.3     92.3     92.3 delivery
     42s        0           48.0           62.1     39.8    486.5   3087.0   3087.0 newOrder
     42s        0            4.0            6.5      5.0     46.1     46.1     46.1 orderStatus
     42s        0           28.0           60.4     17.8     58.7     75.5     75.5 payment
     42s        0            5.0            6.2     22.0     35.7     35.7     35.7 stockLevel
     43s        0            2.0            6.2     39.8     52.4     52.4     52.4 delivery
     43s        0           29.0           61.4     32.5   2684.4   3892.3   3892.3 newOrder
     43s        0            4.0            6.4      4.5      6.8      6.8      6.8 orderStatus
     43s        0           27.0           59.6     12.6     17.8     21.0     21.0 payment
     43s        0            3.0            6.1     15.7     17.8     17.8     17.8 stockLevel
     44s        0            5.0            6.2     79.7     92.3     92.3     92.3 delivery
     44s        0           41.0           60.9     44.0   2952.8   3087.0   3087.0 newOrder
     44s        0            5.0            6.4      6.8      7.6      7.6      7.6 orderStatus
     44s        0           36.0           59.0     17.8   9126.8  27917.3  27917.3 payment
     44s        0            3.0            6.0     18.9     24.1     24.1     24.1 stockLevel
_elapsed___errors__ops/sec(inst)___ops/sec(cum)__p50(ms)__p95(ms)__p99(ms)_pMax(ms)
     45s        0            4.0            6.1     56.6    117.4    117.4    117.4 delivery
     45s        0           56.0           60.8     44.0   3489.7   3489.7   5100.3 newOrder
     45s        0            6.0            6.4      6.6     10.5     10.5     10.5 orderStatus
     45s        0           47.0           58.8     19.9  18253.6  27917.3  27917.3 payment
     45s        0            5.0            6.0     26.2     71.3     71.3     71.3 stockLevel
     46s        0            4.0            6.1     67.1    167.8    167.8    167.8 delivery
     46s        0           75.0           61.1     48.2    121.6    134.2    469.8 newOrder
     46s        0            3.0            6.3      8.4     10.0     10.0     10.0 orderStatus
     46s        0           75.0           59.1     25.2   8053.1  16643.0  25769.8 payment
     46s        0           10.0            6.1     23.1     71.3     71.3     71.3 stockLevel
     47s        0            9.0            6.1     65.0    209.7    209.7    209.7 delivery
     47s        0           83.0           61.6     44.0    671.1   2415.9   5637.1 newOrder
     47s        0            9.0            6.4      7.1     23.1     23.1     23.1 orderStatus
     47s        0           79.0           59.6     22.0   6174.0  22548.6  23622.3 payment
     47s        0            9.0            6.1     23.1     92.3     92.3     92.3 stockLevel
     48s        0            6.0            6.1     58.7     83.9     83.9     83.9 delivery
     48s        0           65.0           61.6     33.6     79.7    805.3   1140.9 newOrder
     48s        0            3.0            6.3      6.0      7.9      7.9      7.9 orderStatus
     48s        0           68.0           59.7     16.3    402.7  23622.3  23622.3 payment
     48s        0            9.0            6.2     17.8     52.4     52.4     52.4 stockLevel
_elapsed___errors__ops/sec(inst)___ops/sec(cum)__p50(ms)__p95(ms)__p99(ms)_pMax(ms)
     49s        0            0.0            6.0      0.0      0.0      0.0      0.0 delivery
     49s        0            0.0           60.4      0.0      0.0      0.0      0.0 newOrder
     49s        0            0.0            6.2      0.0      0.0      0.0      0.0 orderStatus
     49s        0            0.0           58.5      0.0      0.0      0.0      0.0 payment
     49s        0            0.0            6.1      0.0      0.0      0.0      0.0 stockLevel
     50s        0            0.0            5.9      0.0      0.0      0.0      0.0 delivery
     50s        0            1.0           59.2   6174.0   6174.0   6174.0   6174.0 newOrder
     50s        0            0.0            6.1      0.0      0.0      0.0      0.0 orderStatus
     50s        0            1.0           57.4     13.1     13.1     13.1     13.1 payment
     50s        0            0.0            6.0      0.0      0.0      0.0      0.0 stockLevel
     51s        0            1.0            5.8     58.7     58.7     58.7     58.7 delivery
     51s        0           19.0           58.4     37.7   5905.6   9126.8   9126.8 newOrder
     51s        0            2.0            6.0      5.2      7.1      7.1      7.1 orderStatus
     51s        0           17.0           56.6     13.6     21.0     30.4     30.4 payment
     51s        0            2.0            5.9     15.2    704.6    704.6    704.6 stockLevel
     52s        0            6.0            5.8     71.3    100.7    100.7    100.7 delivery
     52s        0           52.0           58.3     50.3   4026.5   4563.4   6710.9 newOrder
     52s        0            6.0            6.0      6.3      8.4      8.4      8.4 orderStatus
     52s        0           47.0           56.4     26.2  12348.0  19327.4  19327.4 payment
     52s        0            2.0            5.8     18.9     30.4     30.4     30.4 stockLevel
_elapsed___errors__ops/sec(inst)___ops/sec(cum)__p50(ms)__p95(ms)__p99(ms)_pMax(ms)
     53s        0            7.0            5.8     83.9    134.2    134.2    134.2 delivery
     53s        0           56.0           58.2     48.2    184.5   5100.3  11811.2 newOrder
     53s        0            2.0            5.9      6.0     17.8     17.8     17.8 orderStatus
     53s        0           86.0           56.9     25.2  12884.9  22548.6  33286.0 payment
     53s        0            9.0            5.9     28.3     41.9     41.9     41.9 stockLevel
     54s        0            3.0            5.8     48.2     60.8     60.8     60.8 delivery
     54s        0           24.0           57.6     37.7   2684.4   6979.3   6979.3 newOrder
     54s        0            2.0            5.8      5.8      8.9      8.9      8.9 orderStatus
     54s        0           35.0           56.5     16.3  24696.1  34359.7  34359.7 payment
     54s        0            4.0            5.8     16.8     23.1     23.1     23.1 stockLevel
     55s        0            5.0            5.8     67.1     75.5     75.5     75.5 delivery
     55s        0           68.0           57.8     46.1   1879.0   2281.7   3221.2 newOrder
     55s        0            6.0            5.8      4.5     11.0     11.0     11.0 orderStatus
     55s        0           62.0           56.6     19.9  12348.0  15032.4  36507.2 payment
     55s        0            8.0            5.9     23.1   2281.7   2281.7   2281.7 stockLevel
     56s        0            9.0            5.8    100.7    142.6    142.6    142.6 delivery
     56s        0           72.0           58.0     62.9   2147.5   4160.7   7784.6 newOrder
     56s        0            8.0            5.9      8.9     18.9     18.9     18.9 orderStatus
     56s        0           61.0           56.7     32.5  19327.4  25769.8  30064.8 payment
     56s        0            9.0            5.9     31.5    402.7    402.7    402.7 stockLevel
_elapsed___errors__ops/sec(inst)___ops/sec(cum)__p50(ms)__p95(ms)__p99(ms)_pMax(ms)
     57s        0            6.0            5.8     71.3    142.6    142.6    142.6 delivery
     57s        0           80.0           58.4     56.6    167.8    201.3    318.8 newOrder
     57s        0            9.0            5.9      8.4     17.8     17.8     17.8 orderStatus
     57s        0           93.0           57.4     35.7  23622.3  36507.2  36507.2 payment
     57s        0            8.0            6.0     31.5    159.4    159.4    159.4 stockLevel
     58s        0            7.0            5.8    113.2    159.4    159.4    159.4 delivery
     58s        0           71.0           58.6     67.1   1476.4   5368.7  13421.8 newOrder
     58s        0           12.0            6.0      6.8      8.9      9.4      9.4 orderStatus
     58s        0           69.0           57.6     30.4    419.4  10737.4  11274.3 payment
     58s        0            5.0            5.9     35.7     58.7     58.7     58.7 stockLevel
     59s        0            6.0            5.8     56.6    142.6    142.6    142.6 delivery
     59s        0           78.0           59.0     37.7    268.4   2818.6   3221.2 newOrder
     59s        0            6.0            6.0      5.8      8.9      8.9      8.9 orderStatus
     59s        0           95.0           58.2     19.9   4563.4  25769.8  45097.2 payment
     59s        0            5.0            5.9     41.9   2281.7   2281.7   2281.7 stockLevel
    1m0s        0           10.0            5.9     58.7    109.1    109.1    109.1 delivery
    1m0s        0           90.0           59.5     37.7   2415.9   3355.4   3355.4 newOrder
    1m0s        0           13.0            6.2      5.2     11.5     14.2     14.2 orderStatus
    1m0s        0           79.0           58.5     17.8  12884.9  22548.6  40802.2 payment
    1m0s        0           12.0            6.0     29.4   1543.5   2415.9   2415.9 stockLevel

_elapsed___errors_____ops(total)___ops/sec(cum)__avg(ms)__p50(ms)__p95(ms)__p99(ms)_pMax(ms)__total
   60.0s        0            355            5.9     89.3     79.7    167.8    243.3    352.3  delivery
   60.0s        0           3569           59.5    312.4     54.5   1811.9   4295.0  13421.8  newOrder
   60.0s        0            369            6.2      8.8      7.3     19.9     37.7     54.5  orderStatus
   60.0s        0           3512           58.5   1034.4     27.3   6979.3  21474.8  45097.2  payment
   60.0s        0            362            6.0    101.7     26.2    436.2   2147.5   2684.4  stockLevel

_elapsed___errors_____ops(total)___ops/sec(cum)__avg(ms)__p50(ms)__p95(ms)__p99(ms)_pMax(ms)__result
   60.0s        0           8167          136.1    590.1     41.9   2684.4  13958.6  45097.2  
Audit check 9.2.1.7: SKIP: not enough delivery transactions to be statistically significant
Audit check 9.2.2.5.1: SKIP: not enough orders to be statistically significant
Audit check 9.2.2.5.2: SKIP: not enough orders to be statistically significant
Audit check 9.2.2.5.3: SKIP: not enough orders to be statistically significant
Audit check 9.2.2.5.4: SKIP: not enough payments to be statistically significant
Audit check 9.2.2.5.5: SKIP: not enough payments to be statistically significant
Audit check 9.2.2.5.6: SKIP: not enough order status transactions to be statistically significant

_elapsed_______tpmC____efc__avg(ms)__p50(ms)__p90(ms)__p95(ms)__p99(ms)_pMax(ms)
   60.0s     3569.1 2775.3%    312.4     54.5    906.0   1811.9   4295.0  13421.8
