Initializing 200 connections...
Initializing 100 workers and preparing statements...
_elapsed___errors__ops/sec(inst)___ops/sec(cum)__p50(ms)__p95(ms)__p99(ms)_pMax(ms)
      1s        0            0.2            1.0     62.9     62.9     62.9     62.9 delivery
      1s        0            3.4           15.0    176.2    285.2    302.0    302.0 newOrder
      1s        0            0.0            0.0      0.0      0.0      0.0      0.0 orderStatus
      1s        0            3.2           14.0     28.3    159.4    184.5    184.5 payment
      1s        0            0.7            3.0     83.9    134.2    134.2    134.2 stockLevel
      2s        0            0.0            0.5      0.0      0.0      0.0      0.0 delivery
      2s        0           14.0           14.5    352.3    570.4    738.2    738.2 newOrder
      2s        0            1.0            0.5    113.2    113.2    113.2    113.2 orderStatus
      2s        0           12.0           13.0    201.3    469.8    738.2    738.2 payment
      2s        0            2.0            2.5    142.6    201.3    201.3    201.3 stockLevel
      3s        0            2.0            1.0    872.4    973.1    973.1    973.1 delivery
      3s        0            9.0           12.7    486.5   1543.5   1543.5   1543.5 newOrder
      3s        0            3.0            1.3    113.2    260.0    260.0    260.0 orderStatus
      3s        0           11.0           12.3    268.4   1140.9   2147.5   2147.5 payment
      3s        0            2.0            2.3     92.3    167.8    167.8    167.8 stockLevel
      4s        0            1.0            1.0    637.5    637.5    637.5    637.5 delivery
      4s        0           11.0           12.2    402.7   1879.0   2013.3   2013.3 newOrder
      4s        0            2.0            1.5    134.2    142.6    142.6    142.6 orderStatus
      4s        0           10.0           11.7    285.2   2013.3   2013.3   2013.3 payment
      4s        0            1.0            2.0    130.0    130.0    130.0    130.0 stockLevel
_elapsed___errors__ops/sec(inst)___ops/sec(cum)__p50(ms)__p95(ms)__p99(ms)_pMax(ms)
      5s        0            2.0            1.2    838.9    906.0    906.0    906.0 delivery
      5s        0           17.0           13.2    486.5   1476.4   2684.4   2684.4 newOrder
      5s        0            2.0            1.6    192.9    226.5    226.5    226.5 orderStatus
      5s        0           11.0           11.6    226.5    302.0    352.3    352.3 payment
      5s        0            0.0            1.6      0.0      0.0      0.0      0.0 stockLevel
      6s        0            3.0            1.5    486.5   3221.2   3221.2   3221.2 delivery
      6s        0           11.0           12.8    486.5   1006.6   1543.5   1543.5 newOrder
      6s        0            2.0            1.7     96.5    104.9    104.9    104.9 orderStatus
      6s        0            9.0           11.2    226.5   3221.2   3221.2   3221.2 payment
      6s        0            0.0            1.3      0.0      0.0      0.0      0.0 stockLevel
      7s        0            1.0            1.4    738.2    738.2    738.2    738.2 delivery
      7s        0            8.0           12.1    838.9   4563.4   4563.4   4563.4 newOrder
      7s        0            1.0            1.6    159.4    159.4    159.4    159.4 orderStatus
      7s        0            3.0           10.0    671.1    671.1    671.1    671.1 payment
      7s        0            1.0            1.3   3221.2   3221.2   3221.2   3221.2 stockLevel
      8s        0            0.0            1.2      0.0      0.0      0.0      0.0 delivery
      8s        0           14.0           12.4    453.0   4831.8   4831.8   4831.8 newOrder
      8s        0            1.0            1.5    167.8    167.8    167.8    167.8 orderStatus
      8s        0            6.0            9.5   3087.0   5368.7   5368.7   5368.7 payment
      8s        0            2.0            1.4    159.4    167.8    167.8    167.8 stockLevel
_elapsed___errors__ops/sec(inst)___ops/sec(cum)__p50(ms)__p95(ms)__p99(ms)_pMax(ms)
      9s        0            4.0            1.6   3355.4   3623.9   3623.9   3623.9 delivery
      9s        0            6.0           11.7    318.8   2818.6   2818.6   2818.6 newOrder
      9s        0            0.0            1.3      0.0      0.0      0.0      0.0 orderStatus
      9s        0            7.0            9.2    704.6   4026.5   4026.5   4026.5 payment
      9s        0            0.0            1.2      0.0      0.0      0.0      0.0 stockLevel
     10s        0            1.0            1.5    805.3    805.3    805.3    805.3 delivery
     10s        0           10.0           11.5    419.4   4563.4   4563.4   4563.4 newOrder
     10s        0            3.0            1.5    142.6    142.6    142.6    142.6 orderStatus
     10s        0            8.0            9.1    268.4   6174.0   6174.0   6174.0 payment
     10s        0            3.0            1.4    234.9   4026.5   4026.5   4026.5 stockLevel
_elapsed___errors__ops/sec(inst)___ops/sec(cum)__p50(ms)__p95(ms)__p99(ms)_pMax(ms)
      1s        0            0.0            0.0      0.0      0.0      0.0      0.0 delivery
      1s        0            3.0            3.0    226.5    251.7    251.7    251.7 newOrder
      1s        0            1.0            1.0    104.9    104.9    104.9    104.9 orderStatus
      1s        0            2.0            2.0     96.5    121.6    121.6    121.6 payment
      1s        0            0.0            0.0      0.0      0.0      0.0      0.0 stockLevel
      2s        0            0.0            0.0      0.0      0.0      0.0      0.0 delivery
      2s        0            1.0            2.0    385.9    385.9    385.9    385.9 newOrder
      2s        0            1.0            1.0     79.7     79.7     79.7     79.7 orderStatus
      2s        0            6.0            4.0    218.1    402.7    402.7    402.7 payment
      2s        0            0.0            0.0      0.0      0.0      0.0      0.0 stockLevel
      3s        0            1.0            0.3    520.1    520.1    520.1    520.1 delivery
      3s        0            4.0            2.7    318.8   1342.2   1342.2   1342.2 newOrder
      3s        0            1.0            1.0    113.2    113.2    113.2    113.2 orderStatus
      3s        0           11.0            6.3    142.6   2281.7   2684.4   2684.4 payment
      3s        0            0.0            0.0      0.0      0.0      0.0      0.0 stockLevel
      4s        0            3.0            1.0    704.6   1811.9   1811.9   1811.9 delivery
      4s        0           10.0            4.5   1140.9   3355.4   3355.4   3355.4 newOrder
      4s        0            1.0            1.0    159.4    159.4    159.4    159.4 orderStatus
      4s        0            2.0            5.3    167.8    520.1    520.1    520.1 payment
      4s        0            1.0            0.3    151.0    151.0    151.0    151.0 stockLevel
_elapsed___errors__ops/sec(inst)___ops/sec(cum)__p50(ms)__p95(ms)__p99(ms)_pMax(ms)
      5s        0            4.0            1.6    402.7    738.2    738.2    738.2 delivery
      5s        0            8.0            5.2    260.0   3489.7   3489.7   3489.7 newOrder
      5s        0            1.0            1.0     79.7     79.7     79.7     79.7 orderStatus
      5s        0            6.0            5.4    167.8   4563.4   4563.4   4563.4 payment
      5s        0            1.0            0.4    167.8    167.8    167.8    167.8 stockLevel
      6s        0            1.0            1.5    939.5    939.5    939.5    939.5 delivery
      6s        0            7.0            5.5   1677.7   4831.8   4831.8   4831.8 newOrder
      6s        0            1.0            1.0    113.2    113.2    113.2    113.2 orderStatus
      6s        0           10.0            6.2    167.8   3489.7   3489.7   3489.7 payment
      6s        0            1.0            0.5    872.4    872.4    872.4    872.4 stockLevel
      7s        0            1.0            1.4   1610.6   1610.6   1610.6   1610.6 delivery
      7s        0           11.0            6.3    536.9   3758.1   5905.6   5905.6 newOrder
      7s        0            1.0            1.0    176.2    176.2    176.2    176.2 orderStatus
      7s        0            7.0            6.3    285.2   4831.8   4831.8   4831.8 payment
      7s        0            0.0            0.4      0.0      0.0      0.0      0.0 stockLevel
      8s        0            2.0            1.5    453.0   1409.3   1409.3   1409.3 delivery
      8s        0            8.0            6.5    604.0   7516.2   7516.2   7516.2 newOrder
      8s        0            1.0            1.0    142.6    142.6    142.6    142.6 orderStatus
      8s        0           10.0            6.8    176.2   7516.2   7516.2   7516.2 payment
      8s        0            3.0            0.8    125.8    973.1    973.1    973.1 stockLevel
_elapsed___errors__ops/sec(inst)___ops/sec(cum)__p50(ms)__p95(ms)__p99(ms)_pMax(ms)
      9s        0            1.0            1.4    604.0    604.0    604.0    604.0 delivery
      9s        0            7.0            6.6    771.8   4026.5   4026.5   4026.5 newOrder
      9s        0            2.0            1.1    121.6    151.0    151.0    151.0 orderStatus
      9s        0           11.0            7.2    167.8   1946.2   8053.1   8053.1 payment
      9s        0            0.0            0.7      0.0      0.0      0.0      0.0 stockLevel
     10s        0            1.0            1.4    436.2    436.2    436.2    436.2 delivery
     10s        0           13.0            7.2    285.2   4831.8   9663.7   9663.7 newOrder
     10s        0            2.0            1.2     71.3    104.9    104.9    104.9 orderStatus
     10s        0           11.0            7.6    159.4   1476.4   5368.7   5368.7 payment
     10s        0            1.0            0.7    771.8    771.8    771.8    771.8 stockLevel
     11s        0            0.0            1.3      0.0      0.0      0.0      0.0 delivery
     11s        0            4.0            6.9   1275.1   4295.0   4295.0   4295.0 newOrder
     11s        0            0.0            1.1      0.0      0.0      0.0      0.0 orderStatus
     11s        0            4.0            7.3    402.7   8053.1   8053.1   8053.1 payment
     11s        0            0.0            0.6      0.0      0.0      0.0      0.0 stockLevel
     12s        0            1.0            1.3    385.9    385.9    385.9    385.9 delivery
     12s        0           16.0            7.7    872.4   6442.5  10737.4  10737.4 newOrder
     12s        0            0.0            1.0      0.0      0.0      0.0      0.0 orderStatus
     12s        0           11.0            7.6    121.6    159.4   6710.9   6710.9 payment
     12s        0            2.0            0.8    637.5   1543.5   1543.5   1543.5 stockLevel
_elapsed___errors__ops/sec(inst)___ops/sec(cum)__p50(ms)__p95(ms)__p99(ms)_pMax(ms)
     13s        0            0.0            1.2      0.0      0.0      0.0      0.0 delivery
     13s        0            9.0            7.8    402.7  10200.5  10200.5  10200.5 newOrder
     13s        0            1.0            1.0     71.3     71.3     71.3     71.3 orderStatus
     13s        0           12.0            7.9    243.3   3892.3   4563.4   4563.4 payment
     13s        0            5.0            1.1    104.9   3355.4   3355.4   3355.4 stockLevel
     14s        0            2.0            1.2    352.3    436.2    436.2    436.2 delivery
     14s        0           13.0            8.1    335.5   4831.8   7784.6   7784.6 newOrder
     14s        0            2.0            1.1     79.7    209.7    209.7    209.7 orderStatus
     14s        0           12.0            8.2    151.0   1342.2   4026.5   4026.5 payment
     14s        0            0.0            1.0      0.0      0.0      0.0      0.0 stockLevel
     15s        0            1.0            1.2    771.8    771.8    771.8    771.8 delivery
     15s        0           10.0            8.3    520.1   4563.4   4563.4   4563.4 newOrder
     15s        0            1.0            1.1    121.6    121.6    121.6    121.6 orderStatus
     15s        0            5.0            8.0    113.2   3087.0   3087.0   3087.0 payment
     15s        0            1.0            1.0   1275.1   1275.1   1275.1   1275.1 stockLevel
     16s        0            1.0            1.2    402.7    402.7    402.7    402.7 delivery
     16s        0           11.0            8.4    243.3   3892.3   4831.8   4831.8 newOrder
     16s        0            2.0            1.1     67.1     71.3     71.3     71.3 orderStatus
     16s        0           10.0            8.1    117.4  10737.4  10737.4  10737.4 payment
     16s        0            1.0            1.0     96.5     96.5     96.5     96.5 stockLevel
_elapsed___errors__ops/sec(inst)___ops/sec(cum)__p50(ms)__p95(ms)__p99(ms)_pMax(ms)
     17s        0            1.0            1.2    352.3    352.3    352.3    352.3 delivery
     17s        0           18.0            9.0    218.1   9126.8   9663.7   9663.7 newOrder
     17s        0            1.0            1.1     62.9     62.9     62.9     62.9 orderStatus
     17s        0           20.0            8.8    251.7  13958.6  15032.4  15032.4 payment
     17s        0            1.0            1.0     83.9     83.9     83.9     83.9 stockLevel
     18s        0            1.0            1.2    637.5    637.5    637.5    637.5 delivery
     18s        0           13.0            9.2    201.3   4563.4   9126.8   9126.8 newOrder
     18s        0            1.0            1.1     75.5     75.5     75.5     75.5 orderStatus
     18s        0           13.0            9.1    402.7  11811.2  12348.0  12348.0 payment
     18s        0            2.0            1.1     92.3    134.2    134.2    134.2 stockLevel
     19s        0            0.0            1.1      0.0      0.0      0.0      0.0 delivery
     19s        0           14.0            9.5    436.2   3489.7  10737.4  10737.4 newOrder
     19s        0            0.0            1.1      0.0      0.0      0.0      0.0 orderStatus
     19s        0            4.0            8.8    335.5   6979.3   6979.3   6979.3 payment
     19s        0            0.0            1.0      0.0      0.0      0.0      0.0 stockLevel
     20s        0            0.0            1.1      0.0      0.0      0.0      0.0 delivery
     20s        0            0.0            9.0      0.0      0.0      0.0      0.0 newOrder
     20s        0            0.0            1.0      0.0      0.0      0.0      0.0 orderStatus
     20s        0            0.0            8.4      0.0      0.0      0.0      0.0 payment
     20s        0            0.0            1.0      0.0      0.0      0.0      0.0 stockLevel
_elapsed___errors__ops/sec(inst)___ops/sec(cum)__p50(ms)__p95(ms)__p99(ms)_pMax(ms)
     21s        0            0.0            1.0      0.0      0.0      0.0      0.0 delivery
     21s        0           14.0            9.2   1476.4   6979.3  11274.3  11274.3 newOrder
     21s        0            2.0            1.0     83.9     92.3     92.3     92.3 orderStatus
     21s        0           11.0            8.5    671.1  12884.9  16643.0  16643.0 payment
     21s        0            0.0            0.9      0.0      0.0      0.0      0.0 stockLevel
     22s        0            1.0            1.0    453.0    453.0    453.0    453.0 delivery
     22s        0           16.0            9.5    302.0   6979.3  12348.0  12348.0 newOrder
     22s        0            2.0            1.1    109.1    142.6    142.6    142.6 orderStatus
     22s        0           11.0            8.6    159.4   3355.4   4295.0   4295.0 payment
     22s        0            1.0            0.9    134.2    134.2    134.2    134.2 stockLevel
     23s        0            1.0            1.0    486.5    486.5    486.5    486.5 delivery
     23s        0           15.0            9.8    234.9   6174.0  15569.3  15569.3 newOrder
     23s        0            2.0            1.1     79.7     88.1     88.1     88.1 orderStatus
     23s        0           12.0            8.7    134.2  19327.4  20401.1  20401.1 payment
     23s        0            1.0            0.9    486.5    486.5    486.5    486.5 stockLevel
     24s        0            1.0            1.0    570.4    570.4    570.4    570.4 delivery
     24s        0           10.0            9.8    973.1  17179.9  17179.9  17179.9 newOrder
     24s        0            0.0            1.1      0.0      0.0      0.0      0.0 orderStatus
     24s        0           12.0            8.9    318.8  13421.8  22548.6  22548.6 payment
     24s        0            4.0            1.0    117.4    285.2    285.2    285.2 stockLevel
_elapsed___errors__ops/sec(inst)___ops/sec(cum)__p50(ms)__p95(ms)__p99(ms)_pMax(ms)
     25s        0            2.0            1.0    369.1    369.1    369.1    369.1 delivery
     25s        0           16.0           10.0    243.3   7784.6  15032.4  15032.4 newOrder
     25s        0            0.0            1.0      0.0      0.0      0.0      0.0 orderStatus
     25s        0           16.0            9.2    130.0  20401.1  22548.6  22548.6 payment
     25s        0            4.0            1.2    125.8   6174.0   6174.0   6174.0 stockLevel
     26s        0            3.0            1.1    385.9    419.4    419.4    419.4 delivery
     26s        0           12.0           10.1    604.0  10737.4  16643.0  16643.0 newOrder
     26s        0            0.0            1.0      0.0      0.0      0.0      0.0 orderStatus
     26s        0           15.0            9.4    117.4    486.5   7516.2   7516.2 payment
     26s        0            1.0            1.2     96.5     96.5     96.5     96.5 stockLevel
     27s        0            0.0            1.1      0.0      0.0      0.0      0.0 delivery
     27s        0            7.0           10.0   3087.0   9663.7   9663.7   9663.7 newOrder
     27s        0            2.0            1.0     83.9     92.3     92.3     92.3 orderStatus
     27s        0            9.0            9.4    130.0  20401.1  20401.1  20401.1 payment
     27s        0            1.0            1.1    285.2    285.2    285.2    285.2 stockLevel
     28s        0            2.0            1.1    570.4   1073.7   1073.7   1073.7 delivery
     28s        0           17.0           10.3    369.1   6710.9   7516.2   7516.2 newOrder
     28s        0            2.0            1.1    109.1    151.0    151.0    151.0 orderStatus
     28s        0           10.0            9.4    201.3  24696.1  24696.1  24696.1 payment
     28s        0            3.0            1.2    151.0    176.2    176.2    176.2 stockLevel
_elapsed___errors__ops/sec(inst)___ops/sec(cum)__p50(ms)__p95(ms)__p99(ms)_pMax(ms)
     29s        0            1.0            1.1    453.0    453.0    453.0    453.0 delivery
     29s        0           12.0           10.3    671.1   5637.1   7516.2   7516.2 newOrder
     29s        0            0.0            1.0      0.0      0.0      0.0      0.0 orderStatus
     29s        0           14.0            9.6    159.4  12348.0  15032.4  15032.4 payment
     29s        0            1.0            1.2    369.1    369.1    369.1    369.1 stockLevel
     30s        0            3.0            1.2    453.0    536.9    536.9    536.9 delivery
     30s        0           12.0           10.4    285.2   1677.7   2013.3   2013.3 newOrder
     30s        0            0.0            1.0      0.0      0.0      0.0      0.0 orderStatus
     30s        0            8.0            9.5    159.4   1409.3   1409.3   1409.3 payment
     30s        0            1.0            1.2    159.4    159.4    159.4    159.4 stockLevel
     31s        0            0.0            1.1      0.0      0.0      0.0      0.0 delivery
     31s        0           11.0           10.4    469.8    805.3  13958.6  13958.6 newOrder
     31s        0            2.0            1.0     65.0    125.8    125.8    125.8 orderStatus
     31s        0            3.0            9.3    142.6    604.0    604.0    604.0 payment
     31s        0            1.0            1.2    104.9    104.9    104.9    104.9 stockLevel
     32s        0            1.0            1.1    402.7    402.7    402.7    402.7 delivery
     32s        0           15.0           10.5    453.0  10737.4  13958.6  13958.6 newOrder
     32s        0            0.0            1.0      0.0      0.0      0.0      0.0 orderStatus
     32s        0           13.0            9.4    159.4   1208.0  16106.1  16106.1 payment
     32s        0            1.0            1.2    167.8    167.8    167.8    167.8 stockLevel
_elapsed___errors__ops/sec(inst)___ops/sec(cum)__p50(ms)__p95(ms)__p99(ms)_pMax(ms)
     33s        0            3.0            1.2    469.8    486.5    486.5    486.5 delivery
     33s        0           12.0           10.6    243.3   1275.1   4026.5   4026.5 newOrder
     33s        0            3.0            1.1     83.9    109.1    109.1    109.1 orderStatus
     33s        0           16.0            9.6    134.2   1040.2   8053.1   8053.1 payment
     33s        0            4.0            1.3     79.7    100.7    100.7    100.7 stockLevel
     34s        0            1.0            1.2    436.2    436.2    436.2    436.2 delivery
     34s        0           15.0           10.7    738.2   9663.7  16643.0  16643.0 newOrder
     34s        0            4.0            1.1     83.9    100.7    100.7    100.7 orderStatus
     34s        0           15.0            9.8    209.7   8321.5   8589.9   8589.9 payment
     34s        0            0.0            1.2      0.0      0.0      0.0      0.0 stockLevel
     35s        0            0.0            1.1      0.0      0.0      0.0      0.0 delivery
     35s        0            7.0           10.6    302.0    872.4    872.4    872.4 newOrder
     35s        0            1.0            1.1     83.9     83.9     83.9     83.9 orderStatus
     35s        0           14.0            9.9    453.0   1073.7  30064.8  30064.8 payment
     35s        0            1.0            1.2     83.9     83.9     83.9     83.9 stockLevel
     36s        0            1.0            1.1    419.4    419.4    419.4    419.4 delivery
     36s        0           10.0           10.6    520.1  10737.4  10737.4  10737.4 newOrder
     36s        0            1.0            1.1     92.3     92.3     92.3     92.3 orderStatus
     36s        0           19.0           10.1    268.4  28991.0  32212.3  32212.3 payment
     36s        0            0.0            1.2      0.0      0.0      0.0      0.0 stockLevel
_elapsed___errors__ops/sec(inst)___ops/sec(cum)__p50(ms)__p95(ms)__p99(ms)_pMax(ms)
     37s        0            1.0            1.1    570.4    570.4    570.4    570.4 delivery
     37s        0           10.0           10.6    234.9   3489.7   3489.7   3489.7 newOrder
     37s        0            2.0            1.2     75.5     83.9     83.9     83.9 orderStatus
     37s        0           14.0           10.2    226.5   9126.8  11274.3  11274.3 payment
     37s        0            1.0            1.2    121.6    121.6    121.6    121.6 stockLevel
     38s        0            1.0            1.1    419.4    419.4    419.4    419.4 delivery
     38s        0           14.0           10.7    243.3    268.4   4831.8   4831.8 newOrder
     38s        0            1.0            1.2     67.1     67.1     67.1     67.1 orderStatus
     38s        0           14.0           10.3    142.6  27917.3  32212.3  32212.3 payment
     38s        0            2.0            1.2     92.3    436.2    436.2    436.2 stockLevel
     39s        0            0.0            1.1      0.0      0.0      0.0      0.0 delivery
     39s        0           12.0           10.7    226.5    302.0  10737.4  10737.4 newOrder
     39s        0            0.0            1.1      0.0      0.0      0.0      0.0 orderStatus
     39s        0            8.0           10.3    121.6    604.0    604.0    604.0 payment
     39s        0            0.0            1.2      0.0      0.0      0.0      0.0 stockLevel
     40s        0            2.0            1.1    469.8    671.1    671.1    671.1 delivery
     40s        0           15.0           10.8    570.4  34359.7  38654.7  38654.7 newOrder
     40s        0            2.0            1.2     71.3     96.5     96.5     96.5 orderStatus
     40s        0           12.0           10.3    134.2  17179.9  31138.5  31138.5 payment
     40s        0            1.0            1.2    704.6    704.6    704.6    704.6 stockLevel
_elapsed___errors__ops/sec(inst)___ops/sec(cum)__p50(ms)__p95(ms)__p99(ms)_pMax(ms)
     41s        0            1.0            1.1    536.9    536.9    536.9    536.9 delivery
     41s        0           12.0           10.8    218.1    285.2    838.9    838.9 newOrder
     41s        0            3.0            1.2     83.9     96.5     96.5     96.5 orderStatus
     41s        0            7.0           10.2    121.6  25769.8  25769.8  25769.8 payment
     41s        0            0.0            1.1      0.0      0.0      0.0      0.0 stockLevel
     42s        0            0.0            1.1      0.0      0.0      0.0      0.0 delivery
     42s        0           10.0           10.8    218.1    805.3    805.3    805.3 newOrder
     42s        0            2.0            1.2    109.1    109.1    109.1    109.1 orderStatus
     42s        0           11.0           10.3    130.0    192.9    520.1    520.1 payment
     42s        0            2.0            1.2    104.9    130.0    130.0    130.0 stockLevel
     43s        0            0.0            1.1      0.0      0.0      0.0      0.0 delivery
     43s        0           17.0           11.0    218.1   9663.7  10200.5  10200.5 newOrder
     43s        0            0.0            1.2      0.0      0.0      0.0      0.0 orderStatus
     43s        0           17.0           10.4    125.8  19327.4  32212.3  32212.3 payment
     43s        0            1.0            1.2     83.9     83.9     83.9     83.9 stockLevel
     44s        0            1.0            1.1    419.4    419.4    419.4    419.4 delivery
     44s        0           12.0           11.0    402.7  18253.6  20401.1  20401.1 newOrder
     44s        0            1.0            1.2    121.6    121.6    121.6    121.6 orderStatus
     44s        0           16.0           10.5    134.2  17179.9  32212.3  32212.3 payment
     44s        0            2.0            1.2     79.7    234.9    234.9    234.9 stockLevel
_elapsed___errors__ops/sec(inst)___ops/sec(cum)__p50(ms)__p95(ms)__p99(ms)_pMax(ms)
     45s        0            2.0            1.1    469.8    486.5    486.5    486.5 delivery
     45s        0           14.0           11.0    260.0   1342.2   8053.1   8053.1 newOrder
     45s        0            2.0            1.2    109.1    134.2    134.2    134.2 orderStatus
     45s        0           10.0           10.5    142.6   1342.2   1342.2   1342.2 payment
     45s        0            1.0            1.2    335.5    335.5    335.5    335.5 stockLevel
     46s        0            2.0            1.1    335.5    419.4    419.4    419.4 delivery
     46s        0           12.0           11.1    318.8   6710.9  11274.3  11274.3 newOrder
     46s        0            2.0            1.2     88.1    151.0    151.0    151.0 orderStatus
     46s        0            5.0           10.4    167.8    385.9    385.9    385.9 payment
     46s        0            2.0            1.2     92.3     96.5     96.5     96.5 stockLevel
     47s        0            1.0            1.1    419.4    419.4    419.4    419.4 delivery
     47s        0           10.0           11.0    226.5    419.4    419.4    419.4 newOrder
     47s        0            2.0            1.2     71.3     75.5     75.5     75.5 orderStatus
     47s        0           13.0           10.5    151.0   2147.5  19327.4  19327.4 payment
     47s        0            0.0            1.2      0.0      0.0      0.0      0.0 stockLevel
     48s        0            0.0            1.1      0.0      0.0      0.0      0.0 delivery
     48s        0            7.0           11.0    771.8  36507.2  36507.2  36507.2 newOrder
     48s        0            0.0            1.2      0.0      0.0      0.0      0.0 orderStatus
     48s        0           10.0           10.5    243.3  47244.6  47244.6  47244.6 payment
     48s        0            2.0            1.2    113.2    536.9    536.9    536.9 stockLevel
_elapsed___errors__ops/sec(inst)___ops/sec(cum)__p50(ms)__p95(ms)__p99(ms)_pMax(ms)
     49s        0            3.0            1.1    469.8    536.9    536.9    536.9 delivery
     49s        0           15.0           11.0    260.0   2147.5  11811.2  11811.2 newOrder
     49s        0            3.0            1.2     92.3     92.3     92.3     92.3 orderStatus
     49s        0            7.0           10.4    201.3  23622.3  23622.3  23622.3 payment
     49s        0            0.0            1.2      0.0      0.0      0.0      0.0 stockLevel
     50s        0            0.0            1.1      0.0      0.0      0.0      0.0 delivery
     50s        0           16.0           11.1    318.8   6979.3  22548.6  22548.6 newOrder
     50s        0            2.0            1.3    100.7    113.2    113.2    113.2 orderStatus
     50s        0           13.0           10.4    159.4  14495.5  49392.1  49392.1 payment
     50s        0            3.0            1.2    117.4    151.0    151.0    151.0 stockLevel
     51s        0            1.0            1.1    385.9    385.9    385.9    385.9 delivery
     51s        0           18.0           11.3    385.9   3087.0  36507.2  36507.2 newOrder
     51s        0            0.0            1.2      0.0      0.0      0.0      0.0 orderStatus
     51s        0           10.0           10.4    130.0    872.4    872.4    872.4 payment
     51s        0            1.0            1.2     96.5     96.5     96.5     96.5 stockLevel
     52s        0            1.0            1.1    385.9    385.9    385.9    385.9 delivery
     52s        0            8.0           11.2    218.1   1543.5   1543.5   1543.5 newOrder
     52s        0            1.0            1.2     71.3     71.3     71.3     71.3 orderStatus
     52s        0           10.0           10.4    130.0   8589.9   8589.9   8589.9 payment
     52s        0            2.0            1.2    117.4   1543.5   1543.5   1543.5 stockLevel
_elapsed___errors__ops/sec(inst)___ops/sec(cum)__p50(ms)__p95(ms)__p99(ms)_pMax(ms)
     53s        0            2.0            1.1    738.2    738.2    738.2    738.2 delivery
     53s        0            7.0           11.1    251.7  22548.6  22548.6  22548.6 newOrder
     53s        0            1.0            1.2     88.1     88.1     88.1     88.1 orderStatus
     53s        0           23.0           10.7    318.8   2550.1   2550.1   2550.1 payment
     53s        0            1.0            1.2    117.4    117.4    117.4    117.4 stockLevel
     54s        0            2.0            1.1    503.3    503.3    503.3    503.3 delivery
     54s        0           18.0           11.3    285.2   1543.5  24696.1  24696.1 newOrder
     54s        0            0.0            1.2      0.0      0.0      0.0      0.0 orderStatus
     54s        0           16.0           10.8    159.4  33286.0  55834.6  55834.6 payment
     54s        0            1.0            1.2     96.5     96.5     96.5     96.5 stockLevel
     55s        0            3.0            1.2    385.9    570.4    570.4    570.4 delivery
     55s        0           10.0           11.2    738.2   7247.8   7247.8   7247.8 newOrder
     55s        0            1.0            1.2     60.8     60.8     60.8     60.8 orderStatus
     55s        0           16.0           10.9    109.1    738.2  42949.7  42949.7 payment
     55s        0            3.0            1.2    125.8    134.2    134.2    134.2 stockLevel
     56s        0            1.0            1.2    369.1    369.1    369.1    369.1 delivery
     56s        0           12.0           11.3    318.8    973.1   1006.6   1006.6 newOrder
     56s        0            2.0            1.2    113.2    159.4    159.4    159.4 orderStatus
     56s        0            7.0           10.8    167.8   1073.7   1073.7   1073.7 payment
     56s        0            1.0            1.2     83.9     83.9     83.9     83.9 stockLevel
_elapsed___errors__ops/sec(inst)___ops/sec(cum)__p50(ms)__p95(ms)__p99(ms)_pMax(ms)
     57s        0            1.0            1.2    805.3    805.3    805.3    805.3 delivery
     57s        0           15.0           11.3    419.4   1275.1   2550.1   2550.1 newOrder
     57s        0            2.0            1.2     92.3    104.9    104.9    104.9 orderStatus
     57s        0           13.0           10.8    121.6  13958.6  20401.1  20401.1 payment
     57s        0            1.0            1.2     88.1     88.1     88.1     88.1 stockLevel
     58s        0            2.0            1.2    335.5    419.4    419.4    419.4 delivery
     58s        0           14.0           11.4    226.5   1409.3  12884.9  12884.9 newOrder
     58s        0            1.0            1.2     75.5     75.5     75.5     75.5 orderStatus
     58s        0            8.0           10.8    192.9  55834.6  55834.6  55834.6 payment
     58s        0            1.0            1.2    125.8    125.8    125.8    125.8 stockLevel
     59s        0            0.0            1.2      0.0      0.0      0.0      0.0 delivery
     59s        0           15.0           11.4    335.5  16106.1  19327.4  19327.4 newOrder
     59s        0            0.0            1.2      0.0      0.0      0.0      0.0 orderStatus
     59s        0           14.0           10.8    192.9  23622.3  38654.7  38654.7 payment
     59s        0            0.0            1.2      0.0      0.0      0.0      0.0 stockLevel
    1m0s        0            3.0            1.2    469.8    520.1    520.1    520.1 delivery
    1m0s        0           14.0           11.5    260.0    285.2    805.3    805.3 newOrder
    1m0s        0            0.0            1.2      0.0      0.0      0.0      0.0 orderStatus
    1m0s        0            8.0           10.8    142.6  30064.8  30064.8  30064.8 payment
    1m0s        0            3.0            1.2   1040.2   8589.9   8589.9   8589.9 stockLevel

_elapsed___errors_____ops(total)___ops/sec(cum)__avg(ms)__p50(ms)__p95(ms)__p99(ms)_pMax(ms)__total
   60.0s        0             71            1.2    534.9    469.8    939.5   1610.6   1811.9  delivery
   60.0s        0            688           11.5   1892.9    302.0   9663.7  20401.1  38654.7  newOrder
   60.0s        0             71            1.2     97.0     92.3    151.0    176.2    209.7  orderStatus
   60.0s        0            647           10.8   2626.8    159.4  19327.4  33286.0  55834.6  payment
   60.0s        0             74            1.2    487.0    125.8   1543.5   6174.0   8589.9  stockLevel

_elapsed___errors_____ops(total)___ops/sec(cum)__avg(ms)__p50(ms)__p95(ms)__p99(ms)_pMax(ms)__result
   60.0s        0           1551           25.8   1987.6    251.7  10737.4  31138.5  55834.6  
Audit check 9.2.1.7: SKIP: not enough delivery transactions to be statistically significant
Audit check 9.2.2.5.1: SKIP: not enough orders to be statistically significant
Audit check 9.2.2.5.2: SKIP: not enough orders to be statistically significant
Audit check 9.2.2.5.3: SKIP: not enough orders to be statistically significant
Audit check 9.2.2.5.4: SKIP: not enough payments to be statistically significant
Audit check 9.2.2.5.5: SKIP: not enough payments to be statistically significant
Audit check 9.2.2.5.6: SKIP: not enough order status transactions to be statistically significant

_elapsed_______tpmC____efc__avg(ms)__p50(ms)__p90(ms)__p95(ms)__p99(ms)_pMax(ms)
   60.0s      688.0 535.0%   1892.9    302.0   5637.1   9663.7  20401.1  38654.7
