Initializing 100 connections...
Initializing 100 workers and preparing statements...
_elapsed___errors__ops/sec(inst)___ops/sec(cum)__p50(ms)__p95(ms)__p99(ms)_pMax(ms)
      1s        0            0.5            1.0    201.3    201.3    201.3    201.3 delivery
      1s        0            7.8           17.0    142.6    234.9    302.0    302.0 newOrder
      1s        0            0.9            2.0     19.9     32.5     32.5     32.5 orderStatus
      1s        0           11.0           24.0     58.7    209.7    260.0    260.0 payment
      1s        0            1.4            3.0     75.5    159.4    159.4    159.4 stockLevel
      2s        0            2.0            1.5    637.5    637.5    637.5    637.5 delivery
      2s        0           10.0           13.5    369.1    805.3    805.3    805.3 newOrder
      2s        0            2.0            2.0    113.2    201.3    201.3    201.3 orderStatus
      2s        0           13.0           18.5    226.5    285.2    318.8    318.8 payment
      2s        0            2.0            2.5    117.4    226.5    226.5    226.5 stockLevel
      3s        0            2.0            1.7    536.9    738.2    738.2    738.2 delivery
      3s        0           18.0           15.0    419.4    973.1   1040.2   1040.2 newOrder
      3s        0            3.0            2.3     75.5    159.4    159.4    159.4 orderStatus
      3s        0           13.0           16.7    192.9    318.8   1275.1   1275.1 payment
      3s        0            0.0            1.7      0.0      0.0      0.0      0.0 stockLevel
      4s        0            0.0            1.2      0.0      0.0      0.0      0.0 delivery
      4s        0           14.0           14.7    285.2   1208.0   1744.8   1744.8 newOrder
      4s        0            0.0            1.7      0.0      0.0      0.0      0.0 orderStatus
      4s        0           11.0           15.2    201.3   1811.9   2684.4   2684.4 payment
      4s        0            2.0            1.7    872.4   1275.1   1275.1   1275.1 stockLevel
_elapsed___errors__ops/sec(inst)___ops/sec(cum)__p50(ms)__p95(ms)__p99(ms)_pMax(ms)
      5s        0            2.0            1.4    637.5   3355.4   3355.4   3355.4 delivery
      5s        0           12.0           14.2   1140.9   2013.3   2281.7   2281.7 newOrder
      5s        0            1.0            1.6    113.2    113.2    113.2    113.2 orderStatus
      5s        0            9.0           14.0    243.3   2818.6   2818.6   2818.6 payment
      5s        0            2.0            1.8    134.2    167.8    167.8    167.8 stockLevel
      6s        0            0.0            1.2      0.0      0.0      0.0      0.0 delivery
      6s        0            6.0           12.8   2281.7   2952.8   2952.8   2952.8 newOrder
      6s        0            0.0            1.3      0.0      0.0      0.0      0.0 orderStatus
      6s        0            7.0           12.8    167.8   1946.2   1946.2   1946.2 payment
      6s        0            1.0            1.7    104.9    104.9    104.9    104.9 stockLevel
      7s        0            1.0            1.1    771.8    771.8    771.8    771.8 delivery
      7s        0           13.0           12.9   1879.0   3623.9   3758.1   3758.1 newOrder
      7s        0            1.0            1.3    113.2    113.2    113.2    113.2 orderStatus
      7s        0            9.0           12.3    159.4   3892.3   3892.3   3892.3 payment
      7s        0            1.0            1.6   3355.4   3355.4   3355.4   3355.4 stockLevel
      8s        0            5.0            1.6    704.6   3892.3   3892.3   3892.3 delivery
      8s        0            8.0           12.2    436.2   2684.4   2684.4   2684.4 newOrder
      8s        0            0.0            1.1      0.0      0.0      0.0      0.0 orderStatus
      8s        0            8.0           11.7    218.1   3758.1   3758.1   3758.1 payment
      8s        0            0.0            1.4      0.0      0.0      0.0      0.0 stockLevel
_elapsed___errors__ops/sec(inst)___ops/sec(cum)__p50(ms)__p95(ms)__p99(ms)_pMax(ms)
      9s        0            3.0            1.8    536.9   1879.0   1879.0   1879.0 delivery
      9s        0            6.0           11.6   3489.7   4563.4   4563.4   4563.4 newOrder
      9s        0            0.0            1.0      0.0      0.0      0.0      0.0 orderStatus
      9s        0            7.0           11.2    176.2   5100.3   5100.3   5100.3 payment
      9s        0            2.0            1.4    104.9   3355.4   3355.4   3355.4 stockLevel
     10s        0            0.0            1.6      0.0      0.0      0.0      0.0 delivery
     10s        0            6.0           11.0    419.4   3758.1   3758.1   3758.1 newOrder
     10s        0            1.0            1.0     83.9     83.9     83.9     83.9 orderStatus
     10s        0           10.0           11.1   2952.8   7247.8   7247.8   7247.8 payment
     10s        0            4.0            1.7    130.0   3623.9   3623.9   3623.9 stockLevel
_elapsed___errors__ops/sec(inst)___ops/sec(cum)__p50(ms)__p95(ms)__p99(ms)_pMax(ms)
      1s        0            0.0            0.0      0.0      0.0      0.0      0.0 delivery
      1s        0            3.0            3.0    234.9    234.9    234.9    234.9 newOrder
      1s        0            0.0            0.0      0.0      0.0      0.0      0.0 orderStatus
      1s        0            0.0            0.0      0.0      0.0      0.0      0.0 payment
      1s        0            0.0            0.0      0.0      0.0      0.0      0.0 stockLevel
      2s        0            0.0            0.0      0.0      0.0      0.0      0.0 delivery
      2s        0            2.0            2.5    335.5    637.5    637.5    637.5 newOrder
      2s        0            0.0            0.0      0.0      0.0      0.0      0.0 orderStatus
      2s        0            3.0            1.5    167.8    209.7    209.7    209.7 payment
      2s        0            2.0            1.0    121.6   1140.9   1140.9   1140.9 stockLevel
      3s        0            0.0            0.0      0.0      0.0      0.0      0.0 delivery
      3s        0            6.0            3.7    335.5   2080.4   2080.4   2080.4 newOrder
      3s        0            2.0            0.7     79.7    125.8    125.8    125.8 orderStatus
      3s        0            5.0            2.7    201.3    570.4    570.4    570.4 payment
      3s        0            1.0            1.0    159.4    159.4    159.4    159.4 stockLevel
      4s        0            3.0            0.8    637.5   1275.1   1275.1   1275.1 delivery
      4s        0            6.0            4.3    285.2    939.5    939.5    939.5 newOrder
      4s        0            4.0            1.5    142.6   2818.6   2818.6   2818.6 orderStatus
      4s        0            7.0            3.8    352.3   2415.9   2415.9   2415.9 payment
      4s        0            1.0            1.0    142.6    142.6    142.6    142.6 stockLevel
_elapsed___errors__ops/sec(inst)___ops/sec(cum)__p50(ms)__p95(ms)__p99(ms)_pMax(ms)
      5s        0            0.0            0.6      0.0      0.0      0.0      0.0 delivery
      5s        0            7.0            4.8    604.0   4160.7   4160.7   4160.7 newOrder
      5s        0            1.0            1.4   1811.9   1811.9   1811.9   1811.9 orderStatus
      5s        0            6.0            4.2   1342.2   4563.4   4563.4   4563.4 payment
      5s        0            0.0            0.8      0.0      0.0      0.0      0.0 stockLevel
      6s        0            1.0            0.7   1275.1   1275.1   1275.1   1275.1 delivery
      6s        0            6.0            5.0    201.3   4831.8   4831.8   4831.8 newOrder
      6s        0            3.0            1.7     96.5    104.9    104.9    104.9 orderStatus
      6s        0           10.0            5.2    151.0   3087.0   3087.0   3087.0 payment
      6s        0            1.0            0.8    125.8    125.8    125.8    125.8 stockLevel
      7s        0            0.0            0.6      0.0      0.0      0.0      0.0 delivery
      7s        0           12.0            6.0    973.1   3221.2   3623.9   3623.9 newOrder
      7s        0            0.0            1.4      0.0      0.0      0.0      0.0 orderStatus
      7s        0            8.0            5.6    218.1    771.8    771.8    771.8 payment
      7s        0            1.0            0.9   2281.7   2281.7   2281.7   2281.7 stockLevel
      8s        0            2.0            0.8    738.2    771.8    771.8    771.8 delivery
      8s        0            8.0            6.3    419.4   5368.7   5368.7   5368.7 newOrder
      8s        0            2.0            1.5     92.3    520.1    520.1    520.1 orderStatus
      8s        0            4.0            5.4    520.1   4026.5   4026.5   4026.5 payment
      8s        0            0.0            0.8      0.0      0.0      0.0      0.0 stockLevel
_elapsed___errors__ops/sec(inst)___ops/sec(cum)__p50(ms)__p95(ms)__p99(ms)_pMax(ms)
      9s        0            1.0            0.8   1073.7   1073.7   1073.7   1073.7 delivery
      9s        0           13.0            7.0   1140.9   4563.4   4831.8   4831.8 newOrder
      9s        0            0.0            1.3      0.0      0.0      0.0      0.0 orderStatus
      9s        0            6.0            5.4    268.4   5637.1   5637.1   5637.1 payment
      9s        0            1.0            0.8    771.8    771.8    771.8    771.8 stockLevel
     10s        0            1.0            0.8   1476.4   1476.4   1476.4   1476.4 delivery
     10s        0           12.0            7.5    385.9   7784.6   9126.8   9126.8 newOrder
     10s        0            3.0            1.5    121.6    134.2    134.2    134.2 orderStatus
     10s        0            9.0            5.8    159.4    436.2    436.2    436.2 payment
     10s        0            2.0            0.9    184.5   3355.4   3355.4   3355.4 stockLevel
     11s        0            2.0            0.9    402.7    486.5    486.5    486.5 delivery
     11s        0           10.0            7.7   1073.7   8589.9   8589.9   8589.9 newOrder
     11s        0            1.0            1.5    113.2    113.2    113.2    113.2 orderStatus
     11s        0            5.0            5.7    805.3   7784.6   7784.6   7784.6 payment
     11s        0            0.0            0.8      0.0      0.0      0.0      0.0 stockLevel
     12s        0            0.0            0.8      0.0      0.0      0.0      0.0 delivery
     12s        0           11.0            8.0    369.1   6979.3   9126.8   9126.8 newOrder
     12s        0            0.0            1.3      0.0      0.0      0.0      0.0 orderStatus
     12s        0           11.0            6.2    159.4   9663.7  11274.3  11274.3 payment
     12s        0            1.0            0.8    192.9    192.9    192.9    192.9 stockLevel
_elapsed___errors__ops/sec(inst)___ops/sec(cum)__p50(ms)__p95(ms)__p99(ms)_pMax(ms)
     13s        0            0.0            0.8      0.0      0.0      0.0      0.0 delivery
     13s        0           12.0            8.3   1744.8   8321.5   9663.7   9663.7 newOrder
     13s        0            1.0            1.3    218.1    218.1    218.1    218.1 orderStatus
     13s        0           10.0            6.5    209.7  12348.0  12348.0  12348.0 payment
     13s        0            2.0            0.9    109.1    142.6    142.6    142.6 stockLevel
     14s        0            1.0            0.8    402.7    402.7    402.7    402.7 delivery
     14s        0           15.0            8.8    318.8   7784.6   9126.8   9126.8 newOrder
     14s        0            2.0            1.4     96.5    121.6    121.6    121.6 orderStatus
     14s        0           12.0            6.9    167.8   1409.3   6979.3   6979.3 payment
     14s        0            2.0            1.0    100.7   1040.2   1040.2   1040.2 stockLevel
     15s        0            1.0            0.8   1275.1   1275.1   1275.1   1275.1 delivery
     15s        0           15.0            9.2   3355.4   8589.9   8589.9   8589.9 newOrder
     15s        0            1.0            1.3     75.5     75.5     75.5     75.5 orderStatus
     15s        0           16.0            7.5    209.7  10200.5  12348.0  12348.0 payment
     15s        0            0.0            0.9      0.0      0.0      0.0      0.0 stockLevel
     16s        0            0.0            0.8      0.0      0.0      0.0      0.0 delivery
     16s        0           10.0            9.3    268.4  11274.3  11274.3  11274.3 newOrder
     16s        0            1.0            1.3     75.5     75.5     75.5     75.5 orderStatus
     16s        0           11.0            7.7    201.3   2013.3   5368.7   5368.7 payment
     16s        0            2.0            1.0    121.6    134.2    134.2    134.2 stockLevel
_elapsed___errors__ops/sec(inst)___ops/sec(cum)__p50(ms)__p95(ms)__p99(ms)_pMax(ms)
     17s        0            1.0            0.8    486.5    486.5    486.5    486.5 delivery
     17s        0           15.0            9.6    872.4   9126.8  12884.9  12884.9 newOrder
     17s        0            1.0            1.3     92.3     92.3     92.3     92.3 orderStatus
     17s        0           10.0            7.8    151.0  11811.2  11811.2  11811.2 payment
     17s        0            0.0            0.9      0.0      0.0      0.0      0.0 stockLevel
     18s        0            4.0            0.9    469.8   1543.5   1543.5   1543.5 delivery
     18s        0            4.0            9.3   1073.7   4831.8   4831.8   4831.8 newOrder
     18s        0            1.0            1.3     88.1     88.1     88.1     88.1 orderStatus
     18s        0            9.0            7.9    536.9   7516.2   7516.2   7516.2 payment
     18s        0            1.0            0.9    419.4    419.4    419.4    419.4 stockLevel
     19s        0            0.0            0.9      0.0      0.0      0.0      0.0 delivery
     19s        0           17.0            9.7    419.4   5368.7   6710.9   6710.9 newOrder
     19s        0            3.0            1.4    134.2    192.9    192.9    192.9 orderStatus
     19s        0           12.0            8.1    209.7   2818.6   4831.8   4831.8 payment
     19s        0            2.0            1.0    100.7    192.9    192.9    192.9 stockLevel
     20s        0            0.0            0.9      0.0      0.0      0.0      0.0 delivery
     20s        0           13.0            9.9   1140.9   6442.5   6442.5   6442.5 newOrder
     20s        0            1.0            1.4    142.6    142.6    142.6    142.6 orderStatus
     20s        0           14.0            8.4    352.3  16643.0  19327.4  19327.4 payment
     20s        0            0.0            1.0      0.0      0.0      0.0      0.0 stockLevel
_elapsed___errors__ops/sec(inst)___ops/sec(cum)__p50(ms)__p95(ms)__p99(ms)_pMax(ms)
     21s        0            2.0            0.9    570.4    671.1    671.1    671.1 delivery
     21s        0           15.0           10.1    570.4   1275.1   1744.8   1744.8 newOrder
     21s        0            3.0            1.4    121.6    167.8    167.8    167.8 orderStatus
     21s        0           17.0            8.8    209.7  10737.4  20401.1  20401.1 payment
     21s        0            0.0            0.9      0.0      0.0      0.0      0.0 stockLevel
     22s        0            0.0            0.9      0.0      0.0      0.0      0.0 delivery
     22s        0           19.0           10.5   1040.2   9663.7  16643.0  16643.0 newOrder
     22s        0            3.0            1.5    218.1    906.0    906.0    906.0 orderStatus
     22s        0           13.0            9.0    570.4  15032.4  21474.8  21474.8 payment
     22s        0            1.0            0.9    805.3    805.3    805.3    805.3 stockLevel
     23s        0            3.0            1.0    486.5    536.9    536.9    536.9 delivery
     23s        0           13.0           10.6    536.9   1476.4   8589.9   8589.9 newOrder
     23s        0            2.0            1.5     75.5     75.5     75.5     75.5 orderStatus
     23s        0           12.0            9.1    218.1   6442.5  16106.1  16106.1 payment
     23s        0            2.0            1.0    209.7    939.5    939.5    939.5 stockLevel
     24s        0            1.0            1.0    570.4    570.4    570.4    570.4 delivery
     24s        0           17.0           10.9   1946.2   7247.8  11274.3  11274.3 newOrder
     24s        0            1.0            1.5     79.7     79.7     79.7     79.7 orderStatus
     24s        0           13.0            9.3   1073.7   1744.8   1879.0   1879.0 payment
     24s        0            2.0            1.0     88.1    117.4    117.4    117.4 stockLevel
_elapsed___errors__ops/sec(inst)___ops/sec(cum)__p50(ms)__p95(ms)__p99(ms)_pMax(ms)
     25s        0            0.0            0.9      0.0      0.0      0.0      0.0 delivery
     25s        0           14.0           11.0    243.3   1543.5   9663.7   9663.7 newOrder
     25s        0            4.0            1.6     96.5    570.4    570.4    570.4 orderStatus
     25s        0           22.0            9.8    234.9  10200.5  11811.2  11811.2 payment
     25s        0            4.0            1.1    243.3   7247.8   7247.8   7247.8 stockLevel
     26s        0            3.0            1.0    453.0    469.8    469.8    469.8 delivery
     26s        0           11.0           11.0    335.5   2952.8   5637.1   5637.1 newOrder
     26s        0            0.0            1.5      0.0      0.0      0.0      0.0 orderStatus
     26s        0           16.0           10.0    218.1   2415.9   9126.8   9126.8 payment
     26s        0            0.0            1.1      0.0      0.0      0.0      0.0 stockLevel
     27s        0            1.0            1.0   1040.2   1040.2   1040.2   1040.2 delivery
     27s        0           11.0           11.0    805.3   1811.9   3623.9   3623.9 newOrder
     27s        0            1.0            1.5     92.3     92.3     92.3     92.3 orderStatus
     27s        0           14.0           10.2    570.4   2684.4   3758.1   3758.1 payment
     27s        0            0.0            1.0      0.0      0.0      0.0      0.0 stockLevel
     28s        0            1.0            1.0    402.7    402.7    402.7    402.7 delivery
     28s        0           12.0           11.0    973.1   5905.6  10737.4  10737.4 newOrder
     28s        0            0.0            1.5      0.0      0.0      0.0      0.0 orderStatus
     28s        0           11.0           10.2   2818.6  18253.6  21474.8  21474.8 payment
     28s        0            2.0            1.1     96.5   9663.7   9663.7   9663.7 stockLevel
_elapsed___errors__ops/sec(inst)___ops/sec(cum)__p50(ms)__p95(ms)__p99(ms)_pMax(ms)
     29s        0            2.0            1.0    419.4   1409.3   1409.3   1409.3 delivery
     29s        0           15.0           11.2    604.0   4026.5   5368.7   5368.7 newOrder
     29s        0            0.0            1.4      0.0      0.0      0.0      0.0 orderStatus
     29s        0           21.0           10.6    142.6  20401.1  28991.0  28991.0 payment
     29s        0            2.0            1.1     96.5    104.9    104.9    104.9 stockLevel
     30s        0            1.0            1.0    385.9    385.9    385.9    385.9 delivery
     30s        0           13.0           11.2    251.7   3623.9   3758.1   3758.1 newOrder
     30s        0            2.0            1.4     83.9   1342.2   1342.2   1342.2 orderStatus
     30s        0           26.0           11.1    486.5  22548.6  28991.0  28991.0 payment
     30s        0            1.0            1.1    142.6    142.6    142.6    142.6 stockLevel
     31s        0            1.0            1.0   1208.0   1208.0   1208.0   1208.0 delivery
     31s        0           17.0           11.4    218.1   2415.9   3489.7   3489.7 newOrder
     31s        0            1.0            1.4    838.9    838.9    838.9    838.9 orderStatus
     31s        0           16.0           11.3   1073.7  21474.8  22548.6  22548.6 payment
     31s        0            2.0            1.1    109.1    637.5    637.5    637.5 stockLevel
     32s        0            1.0            1.0    671.1    671.1    671.1    671.1 delivery
     32s        0            9.0           11.3   1073.7   4026.5   4026.5   4026.5 newOrder
     32s        0            1.0            1.4    302.0    302.0    302.0    302.0 orderStatus
     32s        0           15.0           11.4    906.0   2952.8   3489.7   3489.7 payment
     32s        0            1.0            1.1    453.0    453.0    453.0    453.0 stockLevel
_elapsed___errors__ops/sec(inst)___ops/sec(cum)__p50(ms)__p95(ms)__p99(ms)_pMax(ms)
     33s        0            0.0            1.0      0.0      0.0      0.0      0.0 delivery
     33s        0           19.0           11.6    268.4   2415.9   4026.5   4026.5 newOrder
     33s        0            2.0            1.4     71.3   3355.4   3355.4   3355.4 orderStatus
     33s        0           17.0           11.5    738.2  16643.0  21474.8  21474.8 payment
     33s        0            2.0            1.2    109.1   3221.2   3221.2   3221.2 stockLevel
     34s        0            1.0            1.0    469.8    469.8    469.8    469.8 delivery
     34s        0           16.0           11.7    268.4   4831.8  10737.4  10737.4 newOrder
     34s        0            3.0            1.5     92.3    637.5    637.5    637.5 orderStatus
     34s        0           15.0           11.6    973.1   7247.8   9126.8   9126.8 payment
     34s        0            1.0            1.1     71.3     71.3     71.3     71.3 stockLevel
     35s        0            0.0            1.0      0.0      0.0      0.0      0.0 delivery
     35s        0           13.0           11.7   1208.0   3221.2   3623.9   3623.9 newOrder
     35s        0            1.0            1.5     83.9     83.9     83.9     83.9 orderStatus
     35s        0            9.0           11.6    285.2   3221.2   3221.2   3221.2 payment
     35s        0            1.0            1.1   3892.3   3892.3   3892.3   3892.3 stockLevel
     36s        0            2.0            1.0    453.0    520.1    520.1    520.1 delivery
     36s        0           17.0           11.9    436.2   2415.9   2952.8   2952.8 newOrder
     36s        0            1.0            1.4    604.0    604.0    604.0    604.0 orderStatus
     36s        0            8.0           11.5    167.8   1543.5   1543.5   1543.5 payment
     36s        0            1.0            1.1   1006.6   1006.6   1006.6   1006.6 stockLevel
_elapsed___errors__ops/sec(inst)___ops/sec(cum)__p50(ms)__p95(ms)__p99(ms)_pMax(ms)
     37s        0            0.0            1.0      0.0      0.0      0.0      0.0 delivery
     37s        0            9.0           11.8   1409.3  26843.5  26843.5  26843.5 newOrder
     37s        0            3.0            1.5    100.7    104.9    104.9    104.9 orderStatus
     37s        0           13.0           11.5    671.1  12884.9  36507.2  36507.2 payment
     37s        0            3.0            1.2    113.2    604.0    604.0    604.0 stockLevel
     38s        0            2.0            1.0    453.0    469.8    469.8    469.8 delivery
     38s        0           18.0           12.0    318.8   3221.2   3758.1   3758.1 newOrder
     38s        0            1.0            1.5     71.3     71.3     71.3     71.3 orderStatus
     38s        0           13.0           11.6    201.3   3758.1   9663.7   9663.7 payment
     38s        0            3.0            1.2    113.2   5637.1   5637.1   5637.1 stockLevel
     39s        0            1.0            1.0   1140.9   1140.9   1140.9   1140.9 delivery
     39s        0           12.0           12.0    335.5   1040.2   3087.0   3087.0 newOrder
     39s        0            1.0            1.5     71.3     71.3     71.3     71.3 orderStatus
     39s        0           12.0           11.6    838.9   5637.1  12348.0  12348.0 payment
     39s        0            0.0            1.2      0.0      0.0      0.0      0.0 stockLevel
     40s        0            1.0            1.0    369.1    369.1    369.1    369.1 delivery
     40s        0           19.0           12.2    302.0   1879.0   3355.4   3355.4 newOrder
     40s        0            0.0            1.4      0.0      0.0      0.0      0.0 orderStatus
     40s        0           12.0           11.6    125.8   1476.4   1677.7   1677.7 payment
     40s        0            2.0            1.2    109.1   1140.9   1140.9   1140.9 stockLevel
_elapsed___errors__ops/sec(inst)___ops/sec(cum)__p50(ms)__p95(ms)__p99(ms)_pMax(ms)
     41s        0            1.0            1.0    453.0    453.0    453.0    453.0 delivery
     41s        0           13.0           12.2    243.3  19327.4  23622.3  23622.3 newOrder
     41s        0            0.0            1.4      0.0      0.0      0.0      0.0 orderStatus
     41s        0           15.0           11.7    369.1  14495.5  15032.4  15032.4 payment
     41s        0            3.0            1.3   5368.7  13958.6  13958.6  13958.6 stockLevel
     42s        0            0.0            1.0      0.0      0.0      0.0      0.0 delivery
     42s        0           13.0           12.2    243.3   2147.5  23622.3  23622.3 newOrder
     42s        0            1.0            1.4     67.1     67.1     67.1     67.1 orderStatus
     42s        0           13.0           11.7    335.5   3355.4  31138.5  31138.5 payment
     42s        0            0.0            1.2      0.0      0.0      0.0      0.0 stockLevel
     43s        0            1.0            1.0    536.9    536.9    536.9    536.9 delivery
     43s        0           15.0           12.3    335.5  15032.4  21474.8  21474.8 newOrder
     43s        0            2.0            1.4     96.5    130.0    130.0    130.0 orderStatus
     43s        0           17.0           11.8    159.4   1476.4   4563.4   4563.4 payment
     43s        0            2.0            1.3    117.4  10737.4  10737.4  10737.4 stockLevel
     44s        0            2.0            1.0    637.5    671.1    671.1    671.1 delivery
     44s        0           15.0           12.3    369.1   1946.2   3355.4   3355.4 newOrder
     44s        0            2.0            1.4    771.8    805.3    805.3    805.3 orderStatus
     44s        0            8.0           11.7    151.0    453.0    453.0    453.0 payment
     44s        0            1.0            1.3   3355.4   3355.4   3355.4   3355.4 stockLevel
_elapsed___errors__ops/sec(inst)___ops/sec(cum)__p50(ms)__p95(ms)__p99(ms)_pMax(ms)
     45s        0            1.0            1.0    302.0    302.0    302.0    302.0 delivery
     45s        0           15.0           12.4   1073.7   2281.7   2415.9   2415.9 newOrder
     45s        0            1.0            1.4     75.5     75.5     75.5     75.5 orderStatus
     45s        0           12.0           11.7    184.5   2147.5   2281.7   2281.7 payment
     45s        0            2.0            1.3    100.7    109.1    109.1    109.1 stockLevel
     46s        0            2.0            1.0    570.4   2818.6   2818.6   2818.6 delivery
     46s        0           13.0           12.4    302.0   1342.2   1946.2   1946.2 newOrder
     46s        0            0.0            1.4      0.0      0.0      0.0      0.0 orderStatus
     46s        0            7.0           11.6    159.4   1140.9   1140.9   1140.9 payment
     46s        0            0.0            1.2      0.0      0.0      0.0      0.0 stockLevel
     47s        0            0.0            1.0      0.0      0.0      0.0      0.0 delivery
     47s        0           19.0           12.5    318.8   6442.5   9663.7   9663.7 newOrder
     47s        0            0.0            1.3      0.0      0.0      0.0      0.0 orderStatus
     47s        0           11.0           11.6    121.6    201.3   2818.6   2818.6 payment
     47s        0            2.0            1.3    159.4   1342.2   1342.2   1342.2 stockLevel
     48s        0            3.0            1.0    419.4   1275.1   1275.1   1275.1 delivery
     48s        0           13.0           12.5    209.7   9126.8  24696.1  24696.1 newOrder
     48s        0            1.0            1.3    939.5    939.5    939.5    939.5 orderStatus
     48s        0            9.0           11.6    117.4   2952.8   2952.8   2952.8 payment
     48s        0            1.0            1.3   7247.8   7247.8   7247.8   7247.8 stockLevel
_elapsed___errors__ops/sec(inst)___ops/sec(cum)__p50(ms)__p95(ms)__p99(ms)_pMax(ms)
     49s        0            3.0            1.1    402.7    402.7    402.7    402.7 delivery
     49s        0            8.0           12.4    243.3  25769.8  25769.8  25769.8 newOrder
     49s        0            0.0            1.3      0.0      0.0      0.0      0.0 orderStatus
     49s        0           13.0           11.6    176.2  31138.5  38654.7  38654.7 payment
     49s        0            0.0            1.2      0.0      0.0      0.0      0.0 stockLevel
     50s        0            3.0            1.1    570.4    604.0    604.0    604.0 delivery
     50s        0           17.0           12.5   5100.3  22548.6  22548.6  22548.6 newOrder
     50s        0            1.0            1.3   2281.7   2281.7   2281.7   2281.7 orderStatus
     50s        0           11.0           11.6    151.0    201.3  15569.3  15569.3 payment
     50s        0            1.0            1.2   2147.5   2147.5   2147.5   2147.5 stockLevel
     51s        0            2.0            1.1    436.2    453.0    453.0    453.0 delivery
     51s        0           17.0           12.6    285.2   4160.7   6442.5   6442.5 newOrder
     51s        0            2.0            1.3     92.3    117.4    117.4    117.4 orderStatus
     51s        0           18.0           11.7    151.0   2080.4   4026.5   4026.5 payment
     51s        0            2.0            1.2    570.4   2818.6   2818.6   2818.6 stockLevel
     52s        0            0.0            1.1      0.0      0.0      0.0      0.0 delivery
     52s        0           10.0           12.6    503.3  47244.6  47244.6  47244.6 newOrder
     52s        0            0.0            1.3      0.0      0.0      0.0      0.0 orderStatus
     52s        0           19.0           11.8    302.0   1811.9   2550.1   2550.1 payment
     52s        0            1.0            1.2    100.7    100.7    100.7    100.7 stockLevel
_elapsed___errors__ops/sec(inst)___ops/sec(cum)__p50(ms)__p95(ms)__p99(ms)_pMax(ms)
     53s        0            2.0            1.1    469.8    671.1    671.1    671.1 delivery
     53s        0           17.0           12.7    604.0   5100.3  38654.7  38654.7 newOrder
     53s        0            3.0            1.3    100.7    104.9    104.9    104.9 orderStatus
     53s        0           19.0           12.0    134.2   2818.6  40802.2  40802.2 payment
     53s        0            1.0            1.2   8589.9   8589.9   8589.9   8589.9 stockLevel
     54s        0            2.0            1.1    419.4   1275.1   1275.1   1275.1 delivery
     54s        0           14.0           12.7    486.5  19327.4  20401.1  20401.1 newOrder
     54s        0            2.0            1.3     83.9   3221.2   3221.2   3221.2 orderStatus
     54s        0           21.0           12.1    151.0  17179.9  17179.9  17179.9 payment
     54s        0            2.0            1.2     83.9     96.5     96.5     96.5 stockLevel
     55s        0            1.0            1.1   1811.9   1811.9   1811.9   1811.9 delivery
     55s        0           13.0           12.7    570.4   8053.1  21474.8  21474.8 newOrder
     55s        0            2.0            1.3    167.8    234.9    234.9    234.9 orderStatus
     55s        0           11.0           12.1    192.9   2415.9   8053.1   8053.1 payment
     55s        0            2.0            1.3    130.0    134.2    134.2    134.2 stockLevel
     56s        0            2.0            1.2    520.1    771.8    771.8    771.8 delivery
     56s        0           12.0           12.7    536.9   2415.9   2684.4   2684.4 newOrder
     56s        0            1.0            1.3    113.2    113.2    113.2    113.2 orderStatus
     56s        0           15.0           12.2   1006.6  42949.7  49392.1  49392.1 payment
     56s        0            2.0            1.3    104.9    209.7    209.7    209.7 stockLevel
_elapsed___errors__ops/sec(inst)___ops/sec(cum)__p50(ms)__p95(ms)__p99(ms)_pMax(ms)
     57s        0            3.0            1.2    369.1    469.8    469.8    469.8 delivery
     57s        0           16.0           12.7    805.3   1677.7   3087.0   3087.0 newOrder
     57s        0            1.0            1.3     75.5     75.5     75.5     75.5 orderStatus
     57s        0           14.0           12.2   1275.1   4563.4  40802.2  40802.2 payment
     57s        0            0.0            1.2      0.0      0.0      0.0      0.0 stockLevel
     58s        0            2.0            1.2    385.9    436.2    436.2    436.2 delivery
     58s        0           15.0           12.8    352.3   3623.9   9663.7   9663.7 newOrder
     58s        0            2.0            1.3     83.9    113.2    113.2    113.2 orderStatus
     58s        0           19.0           12.3    192.9   3623.9  17179.9  17179.9 payment
     58s        0            0.0            1.2      0.0      0.0      0.0      0.0 stockLevel
     59s        0            1.0            1.2   1275.1   1275.1   1275.1   1275.1 delivery
     59s        0           19.0           12.9   1040.2   2684.4   3489.7   3489.7 newOrder
     59s        0            1.0            1.3    192.9    192.9    192.9    192.9 orderStatus
     59s        0           12.0           12.3    251.7   1744.8  19327.4  19327.4 payment
     59s        0            2.0            1.2    201.3    503.3    503.3    503.3 stockLevel
    1m0s        0            1.0            1.2    369.1    369.1    369.1    369.1 delivery
    1m0s        0           15.0           12.9    268.4   1543.5   2080.4   2080.4 newOrder
    1m0s        0            2.0            1.4     75.5   2684.4   2684.4   2684.4 orderStatus
    1m0s        0           16.0           12.4    142.6   1275.1   2147.5   2147.5 payment
    1m0s        0            1.0            1.2    335.5    335.5    335.5    335.5 stockLevel

_elapsed___errors_____ops(total)___ops/sec(cum)__avg(ms)__p50(ms)__p95(ms)__p99(ms)_pMax(ms)__total
   60.0s        0             72            1.2    668.9    486.5   1409.3   1811.9   2818.6  delivery
   60.0s        0            775           12.9   2008.4    486.5   9126.8  22548.6  47244.6  newOrder
   60.0s        0             81            1.4    389.3    104.9   2281.7   3221.2   3355.4  orderStatus
   60.0s        0            743           12.4   2137.8    226.5  12884.9  31138.5  49392.1  payment
   60.0s        0             74            1.2   1443.4    184.5   7247.8  10737.4  13958.6  stockLevel

_elapsed___errors_____ops(total)___ops/sec(cum)__avg(ms)__p50(ms)__p95(ms)__p99(ms)_pMax(ms)__result
   60.0s        0           1745           29.1   1909.1    385.9   9663.7  22548.6  49392.1  
Audit check 9.2.1.7: SKIP: not enough delivery transactions to be statistically significant
Audit check 9.2.2.5.1: SKIP: not enough orders to be statistically significant
Audit check 9.2.2.5.2: SKIP: not enough orders to be statistically significant
Audit check 9.2.2.5.3: SKIP: not enough orders to be statistically significant
Audit check 9.2.2.5.4: SKIP: not enough payments to be statistically significant
Audit check 9.2.2.5.5: SKIP: not enough payments to be statistically significant
Audit check 9.2.2.5.6: SKIP: not enough order status transactions to be statistically significant

_elapsed_______tpmC____efc__avg(ms)__p50(ms)__p90(ms)__p95(ms)__p99(ms)_pMax(ms)
   60.0s      775.0 602.6%   2008.4    486.5   5368.7   9126.8  22548.6  47244.6
