***************************************
*** ###easy### TPC-C Load Generator ***
***************************************
option h with value '192.168.122.79'
option P with value '3306'
option d with value 'benchmarker'
option u with value 'root'
option p with value '123456'
option w with value '11'
option c with value '16'
option r with value '22'
option l with value '60'
option i with value '10'
<Parameters>
     [server]: 192.168.122.79
     [port]: 3306
     [DBname]: benchmarker
       [user]: root
       [pass]: 123456
  [warehouse]: 11
 [connection]: 16
     [rampup]: 22 (sec.)
    [measure]: 60 (sec.)

RAMP-UP TIME.(22 sec.)

MEASURING START.

  10, trx: 1106, 95%: 108.435, 99%: 123.404, max_rt: 379.888, 1104|134.301, 110|40.124, 111|499.596, 110|371.708
  20, trx: 1081, 95%: 112.772, 99%: 124.704, max_rt: 157.254, 1081|103.814, 108|27.887, 107|286.902, 108|353.145
  30, trx: 1032, 95%: 121.498, 99%: 161.125, max_rt: 237.084, 1034|113.024, 104|36.988, 104|419.271, 104|525.759
  40, trx: 1113, 95%: 109.906, 99%: 119.407, max_rt: 159.809, 1112|99.760, 111|25.782, 111|261.744, 111|372.527
  50, trx: 1060, 95%: 115.643, 99%: 188.657, max_rt: 334.364, 1063|212.596, 106|42.683, 106|416.211, 107|537.754
  60, trx: 939, 95%: 149.283, 99%: 226.790, max_rt: 376.555, 938|213.007, 94|64.031, 94|576.377, 93|660.223

STOPPING THREADS................

<Raw Results>
  [0] sc:2 lt:6329  rt:0  fl:0 avg_rt: 106.8 (5)
  [1] sc:269 lt:6063  rt:0  fl:0 avg_rt: 29.2 (5)
  [2] sc:44 lt:589  rt:0  fl:0 avg_rt: 17.3 (5)
  [3] sc:0 lt:633  rt:0  fl:0 avg_rt: 280.6 (80)
  [4] sc:0 lt:633  rt:0  fl:0 avg_rt: 410.0 (20)
 in 60 sec.

<Raw Results2(sum ver.)>
  [0] sc:2  lt:6329  rt:0  fl:0 
  [1] sc:269  lt:6063  rt:0  fl:0 
  [2] sc:44  lt:589  rt:0  fl:0 
  [3] sc:0  lt:633  rt:0  fl:0 
  [4] sc:0  lt:633  rt:0  fl:0 

<Constraint Check> (all must be [OK])
 [transaction percentage]
        Payment: 43.48% (>=43.0%) [OK]
   Order-Status: 4.35% (>= 4.0%) [OK]
       Delivery: 4.35% (>= 4.0%) [OK]
    Stock-Level: 4.35% (>= 4.0%) [OK]
 [response time (at least 90% passed)]
      New-Order: 0.03%  [NG] *
        Payment: 4.25%  [NG] *
   Order-Status: 6.95%  [NG] *
       Delivery: 0.00%  [NG] *
    Stock-Level: 0.00%  [NG] *

<TpmC>
                 6331.000 TpmC
