***************************************
*** ###easy### TPC-C Load Generator ***
***************************************
option h with value '192.168.122.79'
option P with value '3306'
option d with value 'benchmarker'
option u with value 'root'
option p with value '123456'
option w with value '11'
option c with value '24'
option r with value '22'
option l with value '60'
option i with value '10'
<Parameters>
     [server]: 192.168.122.79
     [port]: 3306
     [DBname]: benchmarker
       [user]: root
       [pass]: 123456
  [warehouse]: 11
 [connection]: 24
     [rampup]: 22 (sec.)
    [measure]: 60 (sec.)

RAMP-UP TIME.(22 sec.)

MEASURING START.

  10, trx: 1063, 95%: 177.428, 99%: 209.683, max_rt: 402.189, 1058|354.187, 106|51.093, 107|631.326, 105|804.906
  20, trx: 1091, 95%: 168.020, 99%: 182.491, max_rt: 208.250, 1090|205.091, 109|51.119, 108|387.013, 109|532.136
  30, trx: 1060, 95%: 171.527, 99%: 187.306, max_rt: 249.402, 1065|158.965, 106|41.035, 106|435.793, 108|568.204
  40, trx: 1036, 95%: 181.239, 99%: 207.933, max_rt: 249.543, 1034|216.407, 104|36.426, 103|428.714, 102|631.733
  50, trx: 1041, 95%: 175.421, 99%: 193.403, max_rt: 257.832, 1043|172.349, 104|48.253, 105|474.429, 105|602.152
  60, trx: 1037, 95%: 175.737, 99%: 191.044, max_rt: 243.885, 1034|158.826, 103|52.454, 105|439.537, 103|534.195

STOPPING THREADS........................

<Raw Results>
  [0] sc:1 lt:6327  rt:0  fl:0 avg_rt: 158.9 (5)
  [1] sc:241 lt:6083  rt:0  fl:0 avg_rt: 46.3 (5)
  [2] sc:57 lt:575  rt:0  fl:0 avg_rt: 24.6 (5)
  [3] sc:0 lt:634  rt:0  fl:0 avg_rt: 415.7 (80)
  [4] sc:0 lt:632  rt:0  fl:0 avg_rt: 610.3 (20)
 in 60 sec.

<Raw Results2(sum ver.)>
  [0] sc:1  lt:6327  rt:0  fl:0 
  [1] sc:241  lt:6083  rt:0  fl:0 
  [2] sc:57  lt:575  rt:0  fl:0 
  [3] sc:0  lt:634  rt:0  fl:0 
  [4] sc:0  lt:632  rt:0  fl:0 

<Constraint Check> (all must be [OK])
 [transaction percentage]
        Payment: 43.46% (>=43.0%) [OK]
   Order-Status: 4.34% (>= 4.0%) [OK]
       Delivery: 4.36% (>= 4.0%) [OK]
    Stock-Level: 4.34% (>= 4.0%) [OK]
 [response time (at least 90% passed)]
      New-Order: 0.02%  [NG] *
        Payment: 3.81%  [NG] *
   Order-Status: 9.02%  [NG] *
       Delivery: 0.00%  [NG] *
    Stock-Level: 0.00%  [NG] *

<TpmC>
                 6328.000 TpmC
