***************************************
*** ###easy### TPC-C Load Generator ***
***************************************
option h with value '192.168.122.77'
option P with value '3306'
option d with value 'benchmarker'
option u with value 'root'
option p with value '123456'
option w with value '11'
option c with value '16'
option r with value '22'
option l with value '60'
option i with value '10'
<Parameters>
     [server]: 192.168.122.77
     [port]: 3306
     [DBname]: benchmarker
       [user]: root
       [pass]: 123456
  [warehouse]: 11
 [connection]: 16
     [rampup]: 22 (sec.)
    [measure]: 60 (sec.)

RAMP-UP TIME.(22 sec.)

MEASURING START.

  10, trx: 2439, 95%: 88.624, 99%: 99.449, max_rt: 148.830, 2435|131.402, 243|21.939, 244|236.829, 241|303.006
  20, trx: 2368, 95%: 87.516, 99%: 96.748, max_rt: 149.217, 2372|87.105, 237|19.275, 237|213.135, 238|298.467
  30, trx: 2440, 95%: 88.703, 99%: 99.777, max_rt: 134.731, 2436|107.118, 244|24.442, 246|217.444, 243|294.748
  40, trx: 2407, 95%: 88.756, 99%: 98.530, max_rt: 119.768, 2413|161.383, 240|19.712, 239|229.791, 244|286.690
  50, trx: 2387, 95%: 88.174, 99%: 97.972, max_rt: 126.801, 2383|95.025, 239|26.847, 239|251.313, 237|299.005
  60, trx: 2412, 95%: 88.544, 99%: 98.885, max_rt: 121.812, 2411|124.410, 242|21.324, 240|233.316, 240|286.240

STOPPING THREADS................

<Raw Results>
  [0] sc:1362 lt:13091  rt:0  fl:0 avg_rt: 46.8 (5)
  [1] sc:6666 lt:7784  rt:0  fl:0 avg_rt: 15.1 (5)
  [2] sc:885 lt:560  rt:0  fl:0 avg_rt: 6.3 (5)
  [3] sc:797 lt:648  rt:0  fl:0 avg_rt: 121.7 (80)
  [4] sc:257 lt:1186  rt:0  fl:0 avg_rt: 161.1 (20)
 in 60 sec.

<Raw Results2(sum ver.)>
  [0] sc:1362  lt:13091  rt:0  fl:0 
  [1] sc:6666  lt:7784  rt:0  fl:0 
  [2] sc:885  lt:560  rt:0  fl:0 
  [3] sc:797  lt:648  rt:0  fl:0 
  [4] sc:257  lt:1186  rt:0  fl:0 

<Constraint Check> (all must be [OK])
 [transaction percentage]
        Payment: 43.48% (>=43.0%) [OK]
   Order-Status: 4.35% (>= 4.0%) [OK]
       Delivery: 4.35% (>= 4.0%) [OK]
    Stock-Level: 4.34% (>= 4.0%) [OK]
 [response time (at least 90% passed)]
      New-Order: 9.42%  [NG] *
        Payment: 46.13%  [NG] *
   Order-Status: 61.25%  [NG] *
       Delivery: 55.16%  [NG] *
    Stock-Level: 17.81%  [NG] *

<TpmC>
                 14453.000 TpmC
