***************************************
*** ###easy### TPC-C Load Generator ***
***************************************
option h with value '192.168.122.77'
option P with value '3306'
option d with value 'benchmarker'
option u with value 'root'
option p with value '123456'
option w with value '11'
option c with value '64'
option r with value '22'
option l with value '60'
option i with value '10'
<Parameters>
     [server]: 192.168.122.77
     [port]: 3306
     [DBname]: benchmarker
       [user]: root
       [pass]: 123456
  [warehouse]: 11
 [connection]: 64
     [rampup]: 22 (sec.)
    [measure]: 60 (sec.)

RAMP-UP TIME.(22 sec.)

MEASURING START.

  10, trx: 5888, 95%: 85.292, 99%: 115.263, max_rt: 221.972, 5893|273.196, 589|60.882, 590|758.180, 592|196.920
  20, trx: 5872, 95%: 85.037, 99%: 115.229, max_rt: 212.139, 5872|272.899, 588|43.800, 582|699.635, 586|159.016
  30, trx: 5896, 95%: 85.933, 99%: 114.301, max_rt: 219.134, 5903|247.486, 590|34.494, 590|639.405, 591|187.688
  40, trx: 5880, 95%: 82.777, 99%: 112.704, max_rt: 224.101, 5862|222.379, 587|36.733, 586|701.600, 584|163.046
  50, trx: 5904, 95%: 84.504, 99%: 115.747, max_rt: 251.757, 5906|235.862, 590|57.786, 589|728.367, 594|198.733
  60, trx: 5916, 95%: 82.234, 99%: 110.566, max_rt: 236.480, 5934|302.227, 593|72.162, 590|675.691, 589|196.622

STOPPING THREADS................................................................

<Raw Results>
  [0] sc:5 lt:35356  rt:0  fl:0 avg_rt: 57.2 (5)
  [1] sc:4664 lt:30708  rt:0  fl:0 avg_rt: 43.1 (5)
  [2] sc:2022 lt:1515  rt:0  fl:0 avg_rt: 7.8 (5)
  [3] sc:55 lt:3472  rt:0  fl:0 avg_rt: 358.7 (80)
  [4] sc:0 lt:3536  rt:0  fl:0 avg_rt: 109.6 (20)
 in 60 sec.

<Raw Results2(sum ver.)>
  [0] sc:5  lt:35358  rt:0  fl:0 
  [1] sc:4664  lt:30710  rt:0  fl:0 
  [2] sc:2022  lt:1515  rt:0  fl:0 
  [3] sc:55  lt:3472  rt:0  fl:0 
  [4] sc:0  lt:3536  rt:0  fl:0 

<Constraint Check> (all must be [OK])
 [transaction percentage]
        Payment: 43.49% (>=43.0%) [OK]
   Order-Status: 4.35% (>= 4.0%) [OK]
       Delivery: 4.34% (>= 4.0%) [OK]
    Stock-Level: 4.35% (>= 4.0%) [OK]
 [response time (at least 90% passed)]
      New-Order: 0.01%  [NG] *
        Payment: 13.19%  [NG] *
   Order-Status: 57.17%  [NG] *
       Delivery: 1.56%  [NG] *
    Stock-Level: 0.00%  [NG] *

<TpmC>
                 35361.000 TpmC
