randw-4K-n1-c1: (g=0): rw=randwrite, bs=(R) 4096B-4096B, (W) 4096B-4096B, (T) 4096B-4096B, ioengine=libaio, iodepth=32
randw-4K-n2-c2: (g=1): rw=randwrite, bs=(R) 4096B-4096B, (W) 4096B-4096B, (T) 4096B-4096B, ioengine=libaio, iodepth=32
...
randw-4K-n4-c4: (g=2): rw=randwrite, bs=(R) 4096B-4096B, (W) 4096B-4096B, (T) 4096B-4096B, ioengine=libaio, iodepth=32
...
randw-4K-n8-c8: (g=3): rw=randwrite, bs=(R) 4096B-4096B, (W) 4096B-4096B, (T) 4096B-4096B, ioengine=libaio, iodepth=32
...
randw-4K-n12-c12: (g=4): rw=randwrite, bs=(R) 4096B-4096B, (W) 4096B-4096B, (T) 4096B-4096B, ioengine=libaio, iodepth=32
...
randw-4K-n16-c16: (g=5): rw=randwrite, bs=(R) 4096B-4096B, (W) 4096B-4096B, (T) 4096B-4096B, ioengine=libaio, iodepth=32
...
randw-4K-n20-c20: (g=6): rw=randwrite, bs=(R) 4096B-4096B, (W) 4096B-4096B, (T) 4096B-4096B, ioengine=libaio, iodepth=32
...
randw-4K-n24-c24: (g=7): rw=randwrite, bs=(R) 4096B-4096B, (W) 4096B-4096B, (T) 4096B-4096B, ioengine=libaio, iodepth=32
...
fio-3.14-2-gce4d
Starting 87 processes

randw-4K-n1-c1: (groupid=0, jobs=1): err= 0: pid=13722: Sun Jul 28 10:29:10 2019
  write: IOPS=404k, BW=1579MiB/s (1656MB/s)(185GiB/120001msec); 0 zone resets
    slat (nsec): min=1320, max=176557, avg=1714.66, stdev=406.77
    clat (usec): min=9, max=264, avg=77.11, stdev= 4.78
     lat (usec): min=11, max=266, avg=78.89, stdev= 4.85
    clat percentiles (usec):
     | 10.000th=[   75], 20.000th=[   76], 30.000th=[   77], 40.000th=[   77],
     | 50.000th=[   77], 70.000th=[   78], 90.000th=[   79], 99.000th=[   97],
     | 99.900th=[  133], 99.990th=[  141], 99.999th=[  157]
   bw (  MiB/s): min= 1233, max= 1574, per=79.53%, avg=1256.15, stdev=21.12, samples=239
   iops        : min=315748, max=403060, avg=321574.50, stdev=5405.87, samples=239
  lat (usec)   : 10=0.01%, 20=0.01%, 50=0.01%, 100=99.12%, 250=0.88%
  lat (usec)   : 500=0.01%
  cpu          : usr=29.09%, sys=70.84%, ctx=11062, majf=0, minf=26
  IO depths    : 1=0.1%, 2=0.1%, 4=0.1%, 8=0.1%, 16=0.1%, 32=100.0%, >=64=0.0%
     submit    : 0=0.0%, 4=100.0%, 8=0.0%, 16=0.0%, 32=0.0%, 64=0.0%, >=64=0.0%
     complete  : 0=0.0%, 4=100.0%, 8=0.0%, 16=0.0%, 32=0.1%, 64=0.0%, >=64=0.0%
     issued rwts: total=0,48520477,0,0 short=0,0,0,0 dropped=0,0,0,0
     latency   : target=0, window=0, percentile=100.00%, depth=32
randw-4K-n2-c2: (groupid=1, jobs=2): err= 0: pid=13735: Sun Jul 28 10:29:10 2019
  write: IOPS=553k, BW=2159MiB/s (2263MB/s)(253GiB/120015msec); 0 zone resets
    slat (nsec): min=1322, max=14076k, avg=2543.92, stdev=2038.38
    clat (usec): min=46, max=14245, avg=112.86, stdev=25.62
     lat (usec): min=65, max=14248, avg=115.47, stdev=26.02
    clat percentiles (usec):
     | 10.000th=[   89], 20.000th=[   90], 30.000th=[   92], 40.000th=[   96],
     | 50.000th=[  110], 70.000th=[  131], 90.000th=[  143], 99.000th=[  176],
     | 99.900th=[  200], 99.990th=[  227], 99.999th=[  265]
   bw (  MiB/s): min= 2036, max= 2145, per=95.30%, avg=2057.23, stdev= 4.97, samples=478
   iops        : min=521464, max=549214, avg=526651.25, stdev=1273.45, samples=478
  lat (usec)   : 50=0.01%, 100=44.59%, 250=55.40%, 500=0.01%
  lat (msec)   : 20=0.01%
  cpu          : usr=28.61%, sys=67.42%, ctx=705948, majf=0, minf=1383
  IO depths    : 1=0.1%, 2=0.1%, 4=0.1%, 8=0.1%, 16=0.1%, 32=100.0%, >=64=0.0%
     submit    : 0=0.0%, 4=100.0%, 8=0.0%, 16=0.0%, 32=0.0%, 64=0.0%, >=64=0.0%
     complete  : 0=0.0%, 4=100.0%, 8=0.0%, 16=0.0%, 32=0.1%, 64=0.0%, >=64=0.0%
     issued rwts: total=0,66320873,0,0 short=0,0,0,0 dropped=0,0,0,0
     latency   : target=0, window=0, percentile=100.00%, depth=32
randw-4K-n4-c4: (groupid=2, jobs=4): err= 0: pid=13745: Sun Jul 28 10:29:10 2019
  write: IOPS=559k, BW=2183MiB/s (2289MB/s)(256GiB/120030msec); 0 zone resets
    slat (nsec): min=1329, max=30160k, avg=2399.40, stdev=5244.95
    clat (usec): min=37, max=30944, avg=226.12, stdev=41.84
     lat (usec): min=74, max=30946, avg=228.58, stdev=42.14
    clat percentiles (usec):
     | 10.000th=[  196], 20.000th=[  198], 30.000th=[  200], 40.000th=[  208],
     | 50.000th=[  229], 70.000th=[  235], 90.000th=[  269], 99.000th=[  310],
     | 99.900th=[  347], 99.990th=[  388], 99.999th=[  750]
   bw (  MiB/s): min= 1461, max= 2179, per=67.86%, avg=1481.56, stdev=11.45, samples=956
   iops        : min=374157, max=557971, avg=379277.00, stdev=2932.34, samples=956
  lat (usec)   : 50=0.01%, 100=0.01%, 250=79.25%, 500=20.74%, 750=0.01%
  lat (usec)   : 1000=0.01%
  lat (msec)   : 2=0.01%, 4=0.01%, 50=0.01%
  cpu          : usr=15.73%, sys=37.01%, ctx=12347752, majf=0, minf=97
  IO depths    : 1=0.1%, 2=0.1%, 4=0.1%, 8=0.1%, 16=0.1%, 32=100.0%, >=64=0.0%
     submit    : 0=0.0%, 4=100.0%, 8=0.0%, 16=0.0%, 32=0.0%, 64=0.0%, >=64=0.0%
     complete  : 0=0.0%, 4=100.0%, 8=0.0%, 16=0.0%, 32=0.1%, 64=0.0%, >=64=0.0%
     issued rwts: total=0,67086230,0,0 short=0,0,0,0 dropped=0,0,0,0
     latency   : target=0, window=0, percentile=100.00%, depth=32
randw-4K-n8-c8: (groupid=3, jobs=8): err= 0: pid=13755: Sun Jul 28 10:29:10 2019
  write: IOPS=556k, BW=2173MiB/s (2279MB/s)(255GiB/120016msec); 0 zone resets
    slat (nsec): min=1365, max=15471k, avg=3967.26, stdev=6614.32
    clat (usec): min=11, max=16182, avg=455.08, stdev=73.78
     lat (usec): min=16, max=16185, avg=459.18, stdev=74.80
    clat percentiles (usec):
     | 10.000th=[  392], 20.000th=[  404], 30.000th=[  420], 40.000th=[  433],
     | 50.000th=[  441], 70.000th=[  469], 90.000th=[  523], 99.000th=[  734],
     | 99.900th=[  938], 99.990th=[ 1090], 99.999th=[ 1631]
   bw (  MiB/s): min= 1517, max= 2188, per=78.49%, avg=1705.92, stdev=16.37, samples=1912
   iops        : min=388377, max=560124, avg=436712.65, stdev=4190.45, samples=1912
  lat (usec)   : 20=0.01%, 50=0.01%, 100=0.01%, 250=0.01%, 500=83.88%
  lat (usec)   : 750=15.26%, 1000=0.82%
  lat (msec)   : 2=0.04%, 4=0.01%, 10=0.01%, 20=0.01%
  cpu          : usr=16.56%, sys=32.82%, ctx=30512356, majf=0, minf=7588
  IO depths    : 1=0.1%, 2=0.1%, 4=0.1%, 8=0.1%, 16=0.1%, 32=100.0%, >=64=0.0%
     submit    : 0=0.0%, 4=100.0%, 8=0.0%, 16=0.0%, 32=0.0%, 64=0.0%, >=64=0.0%
     complete  : 0=0.0%, 4=100.0%, 8=0.0%, 16=0.0%, 32=0.1%, 64=0.0%, >=64=0.0%
     issued rwts: total=0,66775979,0,0 short=0,0,0,0 dropped=0,0,0,0
     latency   : target=0, window=0, percentile=100.00%, depth=32
randw-4K-n12-c12: (groupid=4, jobs=12): err= 0: pid=13766: Sun Jul 28 10:29:10 2019
  write: IOPS=557k, BW=2178MiB/s (2283MB/s)(255GiB/120013msec); 0 zone resets
    slat (nsec): min=1337, max=12706k, avg=4608.67, stdev=6221.64
    clat (usec): min=10, max=13348, avg=682.97, stdev=73.24
     lat (usec): min=109, max=13350, avg=687.73, stdev=73.96
    clat percentiles (usec):
     | 10.000th=[  611], 20.000th=[  627], 30.000th=[  644], 40.000th=[  660],
     | 50.000th=[  676], 70.000th=[  709], 90.000th=[  758], 99.000th=[  930],
     | 99.900th=[ 1205], 99.990th=[ 1483], 99.999th=[ 1844]
   bw (  MiB/s): min= 1648, max= 2149, per=85.42%, avg=1860.09, stdev= 7.01, samples=2868
   iops        : min=422074, max=550303, avg=476178.86, stdev=1793.70, samples=2868
  lat (usec)   : 20=0.01%, 250=0.01%, 500=0.01%, 750=87.59%, 1000=11.84%
  lat (msec)   : 2=0.57%, 4=0.01%, 10=0.01%, 20=0.01%
  cpu          : usr=13.19%, sys=26.06%, ctx=31857159, majf=0, minf=7687
  IO depths    : 1=0.1%, 2=0.1%, 4=0.1%, 8=0.1%, 16=0.1%, 32=100.0%, >=64=0.0%
     submit    : 0=0.0%, 4=100.0%, 8=0.0%, 16=0.0%, 32=0.0%, 64=0.0%, >=64=0.0%
     complete  : 0=0.0%, 4=100.0%, 8=0.0%, 16=0.0%, 32=0.1%, 64=0.0%, >=64=0.0%
     issued rwts: total=0,66901333,0,0 short=0,0,0,0 dropped=0,0,0,0
     latency   : target=0, window=0, percentile=100.00%, depth=32
randw-4K-n16-c16: (groupid=5, jobs=16): err= 0: pid=13782: Sun Jul 28 10:29:10 2019
  write: IOPS=555k, BW=2168MiB/s (2273MB/s)(254GiB/120013msec); 0 zone resets
    slat (nsec): min=1317, max=12253k, avg=5211.65, stdev=5990.07
    clat (usec): min=8, max=13352, avg=916.03, stdev=69.94
     lat (usec): min=15, max=13362, avg=921.42, stdev=70.13
    clat percentiles (usec):
     | 10.000th=[  832], 20.000th=[  857], 30.000th=[  881], 40.000th=[  898],
     | 50.000th=[  914], 70.000th=[  947], 90.000th=[ 1004], 99.000th=[ 1090],
     | 99.900th=[ 1172], 99.990th=[ 1303], 99.999th=[ 1663]
   bw (  MiB/s): min= 1936, max= 2195, per=93.68%, avg=2030.48, stdev= 1.92, samples=3824
   iops        : min=495648, max=562005, avg=519796.85, stdev=490.73, samples=3824
  lat (usec)   : 10=0.01%, 20=0.01%, 50=0.01%, 100=0.01%, 250=0.01%
  lat (usec)   : 500=0.01%, 750=0.08%, 1000=89.54%
  lat (msec)   : 2=10.37%, 4=0.01%, 20=0.01%
  cpu          : usr=10.64%, sys=21.86%, ctx=23056830, majf=0, minf=78243
  IO depths    : 1=0.1%, 2=0.1%, 4=0.1%, 8=0.1%, 16=0.1%, 32=100.0%, >=64=0.0%
     submit    : 0=0.0%, 4=100.0%, 8=0.0%, 16=0.0%, 32=0.0%, 64=0.0%, >=64=0.0%
     complete  : 0=0.0%, 4=100.0%, 8=0.0%, 16=0.0%, 32=0.1%, 64=0.0%, >=64=0.0%
     issued rwts: total=0,66595137,0,0 short=0,0,0,0 dropped=0,0,0,0
     latency   : target=0, window=0, percentile=100.00%, depth=32
randw-4K-n20-c20: (groupid=6, jobs=20): err= 0: pid=13806: Sun Jul 28 10:29:10 2019
  write: IOPS=556k, BW=2172MiB/s (2278MB/s)(255GiB/120023msec); 0 zone resets
    slat (nsec): min=1332, max=22759k, avg=5751.16, stdev=12745.99
    clat (usec): min=10, max=23879, avg=1143.62, stdev=100.31
     lat (usec): min=14, max=23886, avg=1149.57, stdev=100.99
    clat percentiles (usec):
     | 10.000th=[ 1057], 20.000th=[ 1074], 30.000th=[ 1106], 40.000th=[ 1123],
     | 50.000th=[ 1139], 70.000th=[ 1172], 90.000th=[ 1237], 99.000th=[ 1336],
     | 99.900th=[ 1434], 99.990th=[ 1598], 99.999th=[ 2933]
   bw (  MiB/s): min= 1556, max= 2194, per=74.80%, avg=1624.75, stdev= 2.16, samples=4780
   iops        : min=398396, max=561833, avg=415928.75, stdev=553.60, samples=4780
  lat (usec)   : 20=0.01%, 50=0.01%, 100=0.01%, 250=0.01%, 500=0.01%
  lat (usec)   : 750=0.01%, 1000=1.59%
  lat (msec)   : 2=98.39%, 4=0.01%, 10=0.01%, 50=0.01%
  cpu          : usr=8.94%, sys=18.90%, ctx=18522381, majf=0, minf=26256
  IO depths    : 1=0.1%, 2=0.1%, 4=0.1%, 8=0.1%, 16=0.1%, 32=100.0%, >=64=0.0%
     submit    : 0=0.0%, 4=100.0%, 8=0.0%, 16=0.0%, 32=0.0%, 64=0.0%, >=64=0.0%
     complete  : 0=0.0%, 4=100.0%, 8=0.0%, 16=0.0%, 32=0.1%, 64=0.0%, >=64=0.0%
     issued rwts: total=0,66740622,0,0 short=0,0,0,0 dropped=0,0,0,0
     latency   : target=0, window=0, percentile=100.00%, depth=32
randw-4K-n24-c24: (groupid=7, jobs=24): err= 0: pid=13831: Sun Jul 28 10:29:10 2019
  write: IOPS=557k, BW=2174MiB/s (2280MB/s)(255GiB/120016msec); 0 zone resets
    slat (nsec): min=1435, max=15010k, avg=6042.99, stdev=8666.19
    clat (usec): min=7, max=16555, avg=1372.24, stdev=90.15
     lat (usec): min=20, max=16557, avg=1378.49, stdev=90.41
    clat percentiles (usec):
     | 10.000th=[ 1270], 20.000th=[ 1303], 30.000th=[ 1336], 40.000th=[ 1352],
     | 50.000th=[ 1369], 70.000th=[ 1418], 90.000th=[ 1483], 99.000th=[ 1582],
     | 99.900th=[ 1680], 99.990th=[ 1876], 99.999th=[ 2606]
   bw (  MiB/s): min= 2106, max= 2225, per=100.00%, avg=2174.06, stdev= 0.85, samples=5750
   iops        : min=539216, max=569612, avg=556559.53, stdev=216.88, samples=5750
  lat (usec)   : 10=0.01%, 20=0.01%, 50=0.01%, 100=0.01%, 250=0.01%
  lat (usec)   : 500=0.01%, 750=0.01%, 1000=0.01%
  lat (msec)   : 2=99.99%, 4=0.01%, 20=0.01%
  cpu          : usr=7.46%, sys=16.56%, ctx=16313027, majf=0, minf=72542
  IO depths    : 1=0.1%, 2=0.1%, 4=0.1%, 8=0.1%, 16=0.1%, 32=100.0%, >=64=0.0%
     submit    : 0=0.0%, 4=100.0%, 8=0.0%, 16=0.0%, 32=0.0%, 64=0.0%, >=64=0.0%
     complete  : 0=0.0%, 4=100.0%, 8=0.0%, 16=0.0%, 32=0.1%, 64=0.0%, >=64=0.0%
     issued rwts: total=0,66794032,0,0 short=0,0,0,0 dropped=0,0,0,0
     latency   : target=0, window=0, percentile=100.00%, depth=32

Run status group 0 (all jobs):
  WRITE: bw=1579MiB/s (1656MB/s), 1579MiB/s-1579MiB/s (1656MB/s-1656MB/s), io=185GiB (199GB), run=120001-120001msec

Run status group 1 (all jobs):
  WRITE: bw=2159MiB/s (2263MB/s), 2159MiB/s-2159MiB/s (2263MB/s-2263MB/s), io=253GiB (272GB), run=120015-120015msec

Run status group 2 (all jobs):
  WRITE: bw=2183MiB/s (2289MB/s), 2183MiB/s-2183MiB/s (2289MB/s-2289MB/s), io=256GiB (275GB), run=120030-120030msec

Run status group 3 (all jobs):
  WRITE: bw=2173MiB/s (2279MB/s), 2173MiB/s-2173MiB/s (2279MB/s-2279MB/s), io=255GiB (274GB), run=120016-120016msec

Run status group 4 (all jobs):
  WRITE: bw=2178MiB/s (2283MB/s), 2178MiB/s-2178MiB/s (2283MB/s-2283MB/s), io=255GiB (274GB), run=120013-120013msec

Run status group 5 (all jobs):
  WRITE: bw=2168MiB/s (2273MB/s), 2168MiB/s-2168MiB/s (2273MB/s-2273MB/s), io=254GiB (273GB), run=120013-120013msec

Run status group 6 (all jobs):
  WRITE: bw=2172MiB/s (2278MB/s), 2172MiB/s-2172MiB/s (2278MB/s-2278MB/s), io=255GiB (273GB), run=120023-120023msec

Run status group 7 (all jobs):
  WRITE: bw=2174MiB/s (2280MB/s), 2174MiB/s-2174MiB/s (2280MB/s-2280MB/s), io=255GiB (274GB), run=120016-120016msec

Disk stats (read/write):
  nvme0n1: ios=798/515626975, merge=0/0, ticks=21/318078659, in_queue=0, util=100.00%
