***************************************
*** ###easy### TPC-C Load Generator ***
***************************************
option h with value '192.168.122.76'
option P with value '3306'
option d with value 'benchmarker'
option u with value 'root'
option p with value '123456'
option w with value '11'
option c with value '32'
option r with value '22'
option l with value '60'
option i with value '10'
<Parameters>
     [server]: 192.168.122.76
     [port]: 3306
     [DBname]: benchmarker
       [user]: root
       [pass]: 123456
  [warehouse]: 11
 [connection]: 32
     [rampup]: 22 (sec.)
    [measure]: 60 (sec.)

RAMP-UP TIME.(22 sec.)

MEASURING START.

  10, trx: 2788, 95%: 152.171, 99%: 259.647, max_rt: 511.850, 2788|492.205, 278|104.783, 280|569.623, 277|842.482
  20, trx: 2714, 95%: 135.323, 99%: 223.220, max_rt: 534.228, 2711|384.191, 272|122.679, 274|666.383, 273|561.914
  30, trx: 2675, 95%: 148.170, 99%: 267.057, max_rt: 575.752, 2679|433.748, 267|102.960, 267|439.551, 265|888.490
  40, trx: 2694, 95%: 150.450, 99%: 278.987, max_rt: 546.609, 2689|417.176, 270|70.230, 266|429.247, 269|601.498
  50, trx: 2725, 95%: 139.644, 99%: 290.840, max_rt: 502.807, 2724|616.564, 272|71.141, 275|395.183, 271|831.239
  60, trx: 2771, 95%: 145.533, 99%: 255.561, max_rt: 423.507, 2771|411.566, 278|49.609, 277|638.776, 279|616.842

STOPPING THREADS................................

<Raw Results>
  [0] sc:0 lt:16367  rt:0  fl:0 avg_rt: 76.8 (5)
  [1] sc:2482 lt:13880  rt:0  fl:0 avg_rt: 37.8 (5)
  [2] sc:1001 lt:636  rt:0  fl:0 avg_rt: 9.4 (5)
  [3] sc:369 lt:1270  rt:0  fl:0 avg_rt: 173.5 (80)
  [4] sc:0 lt:1634  rt:0  fl:0 avg_rt: 265.7 (20)
 in 60 sec.

<Raw Results2(sum ver.)>
  [0] sc:0  lt:16368  rt:0  fl:0 
  [1] sc:2482  lt:13889  rt:0  fl:0 
  [2] sc:1001  lt:636  rt:0  fl:0 
  [3] sc:369  lt:1270  rt:0  fl:0 
  [4] sc:0  lt:1634  rt:0  fl:0 

<Constraint Check> (all must be [OK])
 [transaction percentage]
        Payment: 43.47% (>=43.0%) [OK]
   Order-Status: 4.35% (>= 4.0%) [OK]
       Delivery: 4.35% (>= 4.0%) [OK]
    Stock-Level: 4.34% (>= 4.0%) [OK]
 [response time (at least 90% passed)]
      New-Order: 0.00%  [NG] *
        Payment: 15.17%  [NG] *
   Order-Status: 61.15%  [NG] *
       Delivery: 22.51%  [NG] *
    Stock-Level: 0.00%  [NG] *

<TpmC>
                 16367.000 TpmC
