***************************************
*** ###easy### TPC-C Load Generator ***
***************************************
option h with value '10.0.1.105'
option P with value '3306'
option d with value 'benchmarker'
option u with value 'root'
option p with value '123456'
option w with value '11'
option c with value '1'
option r with value '22'
option l with value '60'
option i with value '10'
<Parameters>
     [server]: 10.0.1.105
     [port]: 3306
     [DBname]: benchmarker
       [user]: root
       [pass]: 123456
  [warehouse]: 11
 [connection]: 1
     [rampup]: 22 (sec.)
    [measure]: 60 (sec.)

RAMP-UP TIME.(22 sec.)

MEASURING START.

  10, trx: 964, 95%: 8.301, 99%: 12.013, max_rt: 16.764, 965|7.924, 97|2.647, 97|28.699, 97|27.434
  20, trx: 968, 95%: 8.731, 99%: 12.625, max_rt: 21.543, 969|5.511, 97|3.184, 97|24.599, 97|29.857
  30, trx: 934, 95%: 9.763, 99%: 14.342, max_rt: 19.442, 936|5.582, 93|2.353, 93|28.025, 93|31.539
  40, trx: 945, 95%: 9.209, 99%: 13.122, max_rt: 16.076, 942|5.991, 95|3.073, 95|27.855, 95|31.051
  50, trx: 942, 95%: 8.507, 99%: 14.364, max_rt: 20.616, 943|7.165, 94|3.204, 94|32.567, 94|31.710
  60, trx: 969, 95%: 9.051, 99%: 13.118, max_rt: 18.523, 969|7.595, 97|3.098, 97|27.543, 96|29.174

STOPPING THREADS.

<Raw Results>
  [0] sc:2473 lt:3249  rt:0  fl:0 avg_rt: 7.6 (5)
  [1] sc:5705 lt:19  rt:0  fl:0 avg_rt: 1.9 (5)
  [2] sc:573 lt:0  rt:0  fl:0 avg_rt: 1.1 (5)
  [3] sc:573 lt:0  rt:0  fl:0 avg_rt: 20.1 (80)
  [4] sc:391 lt:181  rt:0  fl:0 avg_rt: 26.9 (20)
 in 60 sec.

<Raw Results2(sum ver.)>
  [0] sc:2473  lt:3249  rt:0  fl:0 
  [1] sc:5705  lt:19  rt:0  fl:0 
  [2] sc:573  lt:0  rt:0  fl:0 
  [3] sc:573  lt:0  rt:0  fl:0 
  [4] sc:391  lt:181  rt:0  fl:0 

<Constraint Check> (all must be [OK])
 [transaction percentage]
        Payment: 43.48% (>=43.0%) [OK]
   Order-Status: 4.35% (>= 4.0%) [OK]
       Delivery: 4.35% (>= 4.0%) [OK]
    Stock-Level: 4.35% (>= 4.0%) [OK]
 [response time (at least 90% passed)]
      New-Order: 43.22%  [NG] *
        Payment: 99.67%  [OK]
   Order-Status: 100.00%  [OK]
       Delivery: 100.00%  [OK]
    Stock-Level: 68.36%  [NG] *

<TpmC>
                 5722.000 TpmC
