precondition: (g=0): rw=write, bs=(R) 128KiB-128KiB, (W) 128KiB-128KiB, (T) 128KiB-128KiB, ioengine=libaio, iodepth=16
rand-read-4K-qd1: (g=1): rw=randread, bs=(R) 4096B-4096B, (W) 4096B-4096B, (T) 4096B-4096B, ioengine=libaio, iodepth=1
rand-write-4K-qd1: (g=2): rw=randwrite, bs=(R) 4096B-4096B, (W) 4096B-4096B, (T) 4096B-4096B, ioengine=libaio, iodepth=1
rand-read-4K-qd16: (g=3): rw=randread, bs=(R) 4096B-4096B, (W) 4096B-4096B, (T) 4096B-4096B, ioengine=libaio, iodepth=4
...
rand-write-4K-qd16: (g=4): rw=randwrite, bs=(R) 4096B-4096B, (W) 4096B-4096B, (T) 4096B-4096B, ioengine=libaio, iodepth=4
...
rand-rw-4K-qd16: (g=5): rw=randrw, bs=(R) 4096B-4096B, (W) 4096B-4096B, (T) 4096B-4096B, ioengine=libaio, iodepth=4
...
rand-read-4K-qd128: (g=6): rw=randread, bs=(R) 4096B-4096B, (W) 4096B-4096B, (T) 4096B-4096B, ioengine=libaio, iodepth=32
...
rand-write-4K-qd128: (g=7): rw=randwrite, bs=(R) 4096B-4096B, (W) 4096B-4096B, (T) 4096B-4096B, ioengine=libaio, iodepth=32
...
rand-rw-4K-qd128: (g=8): rw=randrw, bs=(R) 4096B-4096B, (W) 4096B-4096B, (T) 4096B-4096B, ioengine=libaio, iodepth=32
...
fio-3.1
Starting 27 processes

precondition: (groupid=0, jobs=1): err= 0: pid=2264: Tue Jul 16 00:04:55 2019
  write: IOPS=4527, BW=566MiB/s (593MB/s)(8490MiB/15002msec)
    slat (usec): min=8, max=853, avg=19.90, stdev=10.56
    clat (usec): min=603, max=7971, avg=3507.75, stdev=1427.26
     lat (usec): min=639, max=8027, avg=3529.06, stdev=1433.58
    clat percentiles (usec):
     | 10.000th=[ 1369], 20.000th=[ 1385], 30.000th=[ 2638], 40.000th=[ 4015],
     | 50.000th=[ 4424], 70.000th=[ 4686], 90.000th=[ 4817], 99.000th=[ 4883],
     | 99.900th=[ 5473], 99.990th=[ 7242], 99.999th=[ 7963]
   bw (  KiB/s): min=335364, max=1170518, per=77.00%, avg=446184.83, stdev=224550.50, samples=29
   iops        : min= 2620, max= 9144, avg=3485.38, stdev=1754.32, samples=29
  lat (usec)   : 750=0.01%, 1000=0.01%
  lat (msec)   : 2=25.44%, 4=14.53%, 10=60.00%
  cpu          : usr=6.02%, sys=11.37%, ctx=61501, majf=0, minf=13
  IO depths    : 1=0.1%, 2=0.1%, 4=0.1%, 8=0.1%, 16=100.0%, 32=0.0%, >=64=0.0%
     submit    : 0=0.0%, 4=100.0%, 8=0.0%, 16=0.0%, 32=0.0%, 64=0.0%, >=64=0.0%
     complete  : 0=0.0%, 4=100.0%, 8=0.0%, 16=0.1%, 32=0.0%, 64=0.0%, >=64=0.0%
     issued rwt: total=0,67919,0, short=0,0,0, dropped=0,0,0
     latency   : target=0, window=0, percentile=100.00%, depth=16
rand-read-4K-qd1: (groupid=1, jobs=1): err= 0: pid=2272: Tue Jul 16 00:04:55 2019
   read: IOPS=44.8k, BW=175MiB/s (183MB/s)(5248MiB/30001msec)
    slat (usec): min=2, max=731, avg= 3.74, stdev= 2.43
    clat (nsec): min=1218, max=779841, avg=15882.56, stdev=5192.22
     lat (usec): min=15, max=784, avg=20.20, stdev= 5.78
    clat percentiles (usec):
     | 10.000th=[   15], 20.000th=[   15], 30.000th=[   15], 40.000th=[   15],
     | 50.000th=[   16], 70.000th=[   16], 90.000th=[   19], 99.000th=[   31],
     | 99.900th=[   46], 99.990th=[   63], 99.999th=[  742]
   bw (  KiB/s): min=117201, max=173661, per=90.47%, avg=162049.19, stdev=10287.17, samples=59
   iops        : min=29300, max=43415, avg=40511.86, stdev=2571.78, samples=59
  lat (usec)   : 2=0.03%, 4=0.01%, 10=0.02%, 20=92.73%, 50=7.17%
  lat (usec)   : 100=0.05%, 250=0.01%, 750=0.01%, 1000=0.01%
  cpu          : usr=18.85%, sys=33.48%, ctx=1342919, majf=0, minf=9
  IO depths    : 1=100.0%, 2=0.0%, 4=0.0%, 8=0.0%, 16=0.0%, 32=0.0%, >=64=0.0%
     submit    : 0=0.0%, 4=100.0%, 8=0.0%, 16=0.0%, 32=0.0%, 64=0.0%, >=64=0.0%
     complete  : 0=0.0%, 4=100.0%, 8=0.0%, 16=0.0%, 32=0.0%, 64=0.0%, >=64=0.0%
     issued rwt: total=1343500,0,0, short=0,0,0, dropped=0,0,0
     latency   : target=0, window=0, percentile=100.00%, depth=1
rand-write-4K-qd1: (groupid=2, jobs=1): err= 0: pid=2273: Tue Jul 16 00:04:55 2019
  write: IOPS=29.3k, BW=114MiB/s (120MB/s)(3431MiB/30001msec)
    slat (usec): min=3, max=730, avg= 4.31, stdev= 2.97
    clat (nsec): min=1641, max=822117, avg=26570.51, stdev=13886.62
     lat (usec): min=20, max=826, avg=31.60, stdev=14.34
    clat percentiles (usec):
     | 10.000th=[   21], 20.000th=[   22], 30.000th=[   23], 40.000th=[   23],
     | 50.000th=[   24], 70.000th=[   26], 90.000th=[   32], 99.000th=[  110],
     | 99.900th=[  145], 99.990th=[  169], 99.999th=[  750]
   bw (  KiB/s): min=25700, max=121837, per=91.33%, avg=106948.85, stdev=19650.61, samples=59
   iops        : min= 6425, max=30459, avg=26736.88, stdev=4912.61, samples=59
  lat (usec)   : 2=0.01%, 4=0.01%, 10=0.01%, 20=4.48%, 50=91.68%
  lat (usec)   : 100=2.81%, 250=1.02%, 750=0.01%, 1000=0.01%
  cpu          : usr=15.22%, sys=24.64%, ctx=878376, majf=0, minf=9
  IO depths    : 1=100.0%, 2=0.0%, 4=0.0%, 8=0.0%, 16=0.0%, 32=0.0%, >=64=0.0%
     submit    : 0=0.0%, 4=100.0%, 8=0.0%, 16=0.0%, 32=0.0%, 64=0.0%, >=64=0.0%
     complete  : 0=0.0%, 4=100.0%, 8=0.0%, 16=0.0%, 32=0.0%, 64=0.0%, >=64=0.0%
     issued rwt: total=0,878292,0, short=0,0,0, dropped=0,0,0
     latency   : target=0, window=0, percentile=100.00%, depth=1
rand-read-4K-qd16: (groupid=3, jobs=4): err= 0: pid=2277: Tue Jul 16 00:04:55 2019
   read: IOPS=80.5k, BW=315MiB/s (330MB/s)(9439MiB/30001msec)
    slat (usec): min=2, max=734, avg= 5.50, stdev= 3.67
    clat (usec): min=25, max=4091, avg=189.28, stdev=31.65
     lat (usec): min=32, max=4109, avg=195.50, stdev=31.54
    clat percentiles (usec):
     | 10.000th=[  172], 20.000th=[  176], 30.000th=[  180], 40.000th=[  182],
     | 50.000th=[  184], 70.000th=[  190], 90.000th=[  206], 99.000th=[  322],
     | 99.900th=[  367], 99.990th=[  906], 99.999th=[ 1029]
   bw (  KiB/s): min=43365, max=82775, per=22.81%, avg=73483.96, stdev=6343.93, samples=236
   iops        : min=10841, max=20693, avg=18370.63, stdev=1585.96, samples=236
  lat (usec)   : 50=0.01%, 100=0.03%, 250=95.01%, 500=4.91%, 750=0.01%
  lat (usec)   : 1000=0.04%
  lat (msec)   : 2=0.01%, 4=0.01%, 10=0.01%
  cpu          : usr=10.97%, sys=16.95%, ctx=1125540, majf=0, minf=55
  IO depths    : 1=0.1%, 2=0.1%, 4=100.0%, 8=0.0%, 16=0.0%, 32=0.0%, >=64=0.0%
     submit    : 0=0.0%, 4=100.0%, 8=0.0%, 16=0.0%, 32=0.0%, 64=0.0%, >=64=0.0%
     complete  : 0=0.0%, 4=100.0%, 8=0.0%, 16=0.0%, 32=0.0%, 64=0.0%, >=64=0.0%
     issued rwt: total=2416271,0,0, short=0,0,0, dropped=0,0,0
     latency   : target=0, window=0, percentile=100.00%, depth=4
rand-write-4K-qd16: (groupid=4, jobs=4): err= 0: pid=2281: Tue Jul 16 00:04:55 2019
  write: IOPS=40.6k, BW=158MiB/s (166MB/s)(4755MiB/30001msec)
    slat (usec): min=2, max=730, avg= 6.89, stdev= 5.33
    clat (usec): min=29, max=7785, avg=382.49, stdev=53.81
     lat (usec): min=35, max=7801, avg=390.35, stdev=54.67
    clat percentiles (usec):
     | 10.000th=[  330], 20.000th=[  355], 30.000th=[  367], 40.000th=[  375],
     | 50.000th=[  383], 70.000th=[  404], 90.000th=[  437], 99.000th=[  490],
     | 99.900th=[  553], 99.990th=[ 1156], 99.999th=[ 1565]
   bw (  KiB/s): min=32351, max=57996, per=22.79%, avg=36984.07, stdev=3877.20, samples=236
   iops        : min= 8087, max=14499, avg=9245.67, stdev=969.32, samples=236
  lat (usec)   : 50=0.01%, 100=0.01%, 250=1.99%, 500=97.48%, 750=0.43%
  lat (usec)   : 1000=0.04%
  lat (msec)   : 2=0.04%, 4=0.01%, 10=0.01%
  cpu          : usr=7.37%, sys=11.21%, ctx=702125, majf=0, minf=41
  IO depths    : 1=0.1%, 2=0.1%, 4=100.0%, 8=0.0%, 16=0.0%, 32=0.0%, >=64=0.0%
     submit    : 0=0.0%, 4=100.0%, 8=0.0%, 16=0.0%, 32=0.0%, 64=0.0%, >=64=0.0%
     complete  : 0=0.0%, 4=100.0%, 8=0.0%, 16=0.0%, 32=0.0%, 64=0.0%, >=64=0.0%
     issued rwt: total=0,1217231,0, short=0,0,0, dropped=0,0,0
     latency   : target=0, window=0, percentile=100.00%, depth=4
rand-rw-4K-qd16: (groupid=5, jobs=4): err= 0: pid=2290: Tue Jul 16 00:04:55 2019
   read: IOPS=40.1k, BW=156MiB/s (164MB/s)(4694MiB/30002msec)
    slat (usec): min=2, max=716, avg= 5.30, stdev= 3.53
    clat (usec): min=27, max=5868, avg=267.64, stdev=110.74
     lat (usec): min=34, max=5874, avg=273.66, stdev=111.49
    clat percentiles (usec):
     | 10.000th=[  223], 20.000th=[  231], 30.000th=[  239], 40.000th=[  243],
     | 50.000th=[  249], 70.000th=[  265], 90.000th=[  289], 99.000th=[  791],
     | 99.900th=[ 1287], 99.990th=[ 1401], 99.999th=[ 2114]
   bw (  KiB/s): min= 6247, max=42312, per=18.23%, avg=29215.34, stdev=5781.98, samples=236
   iops        : min= 1561, max=10578, avg=7303.43, stdev=1445.54, samples=236
  write: IOPS=17.2k, BW=67.2MiB/s (70.5MB/s)(2016MiB/30002msec)
    slat (usec): min=2, max=723, avg= 5.59, stdev= 4.25
    clat (usec): min=27, max=4312, avg=276.11, stdev=110.50
     lat (usec): min=39, max=4320, avg=282.42, stdev=111.36
    clat percentiles (usec):
     | 10.000th=[  233], 20.000th=[  241], 30.000th=[  247], 40.000th=[  251],
     | 50.000th=[  258], 70.000th=[  269], 90.000th=[  297], 99.000th=[  799],
     | 99.900th=[ 1287], 99.990th=[ 1401], 99.999th=[ 1942]
   bw (  KiB/s): min= 2607, max=18611, per=18.23%, avg=12547.05, stdev=2506.15, samples=236
   iops        : min=  651, max= 4652, avg=3136.36, stdev=626.55, samples=236
  lat (usec)   : 50=0.01%, 100=0.01%, 250=47.26%, 500=50.08%, 750=1.48%
  lat (usec)   : 1000=0.28%
  lat (msec)   : 2=0.89%, 4=0.01%, 10=0.01%
  cpu          : usr=8.23%, sys=12.24%, ctx=1088618, majf=0, minf=44
  IO depths    : 1=0.1%, 2=0.1%, 4=100.0%, 8=0.0%, 16=0.0%, 32=0.0%, >=64=0.0%
     submit    : 0=0.0%, 4=100.0%, 8=0.0%, 16=0.0%, 32=0.0%, 64=0.0%, >=64=0.0%
     complete  : 0=0.0%, 4=100.0%, 8=0.0%, 16=0.0%, 32=0.0%, 64=0.0%, >=64=0.0%
     issued rwt: total=1201704,516185,0, short=0,0,0, dropped=0,0,0
     latency   : target=0, window=0, percentile=100.00%, depth=4
rand-read-4K-qd128: (groupid=6, jobs=4): err= 0: pid=2299: Tue Jul 16 00:04:55 2019
   read: IOPS=80.7k, BW=315MiB/s (331MB/s)(9460MiB/30002msec)
    slat (usec): min=2, max=1276, avg= 5.76, stdev= 5.46
    clat (usec): min=387, max=9287, avg=1575.99, stdev=217.18
     lat (usec): min=1054, max=9327, avg=1582.53, stdev=217.43
    clat percentiles (usec):
     | 10.000th=[ 1500], 20.000th=[ 1516], 30.000th=[ 1516], 40.000th=[ 1516],
     | 50.000th=[ 1532], 70.000th=[ 1549], 90.000th=[ 1614], 99.000th=[ 2704],
     | 99.900th=[ 2835], 99.990th=[ 3261], 99.999th=[ 9110]
   bw (  KiB/s): min=33385, max=82838, per=18.29%, avg=59048.74, stdev=6257.60, samples=236
   iops        : min= 8346, max=20709, avg=14761.86, stdev=1564.39, samples=236
  lat (usec)   : 500=0.01%, 1000=0.01%
  lat (msec)   : 2=94.52%, 4=5.48%, 10=0.01%
  cpu          : usr=10.54%, sys=16.41%, ctx=849458, majf=0, minf=165
  IO depths    : 1=0.1%, 2=0.1%, 4=0.1%, 8=0.1%, 16=0.1%, 32=100.0%, >=64=0.0%
     submit    : 0=0.0%, 4=100.0%, 8=0.0%, 16=0.0%, 32=0.0%, 64=0.0%, >=64=0.0%
     complete  : 0=0.0%, 4=100.0%, 8=0.0%, 16=0.0%, 32=0.1%, 64=0.0%, >=64=0.0%
     issued rwt: total=2421797,0,0, short=0,0,0, dropped=0,0,0
     latency   : target=0, window=0, percentile=100.00%, depth=32
rand-write-4K-qd128: (groupid=7, jobs=4): err= 0: pid=2303: Tue Jul 16 00:04:55 2019
  write: IOPS=40.7k, BW=159MiB/s (167MB/s)(4772MiB/30003msec)
    slat (usec): min=2, max=1015, avg= 6.76, stdev= 6.61
    clat (usec): min=1396, max=10052, avg=3131.97, stdev=299.53
     lat (usec): min=1404, max=10061, avg=3139.74, stdev=299.58
    clat percentiles (usec):
     | 10.000th=[ 2802], 20.000th=[ 3163], 30.000th=[ 3195], 40.000th=[ 3195],
     | 50.000th=[ 3228], 70.000th=[ 3261], 90.000th=[ 3294], 99.000th=[ 3392],
     | 99.900th=[ 3884], 99.990th=[ 4490], 99.999th=[10028]
   bw (  KiB/s): min=32105, max=52904, per=20.76%, avg=33816.48, stdev=3285.17, samples=236
   iops        : min= 8026, max=13226, avg=8453.78, stdev=821.27, samples=236
  lat (msec)   : 2=1.99%, 4=97.95%, 10=0.05%, 20=0.01%
  cpu          : usr=6.72%, sys=9.43%, ctx=391654, majf=0, minf=40
  IO depths    : 1=0.1%, 2=0.1%, 4=0.1%, 8=0.1%, 16=0.1%, 32=100.0%, >=64=0.0%
     submit    : 0=0.0%, 4=100.0%, 8=0.0%, 16=0.0%, 32=0.0%, 64=0.0%, >=64=0.0%
     complete  : 0=0.0%, 4=100.0%, 8=0.0%, 16=0.0%, 32=0.1%, 64=0.0%, >=64=0.0%
     issued rwt: total=0,1221616,0, short=0,0,0, dropped=0,0,0
     latency   : target=0, window=0, percentile=100.00%, depth=32
rand-rw-4K-qd128: (groupid=8, jobs=4): err= 0: pid=2312: Tue Jul 16 00:04:55 2019
   read: IOPS=48.6k, BW=190MiB/s (199MB/s)(5699MiB/30001msec)
    slat (usec): min=2, max=9362, avg= 6.44, stdev=72.90
    clat (usec): min=12, max=12281, avg=1830.93, stdev=632.69
     lat (usec): min=20, max=12288, avg=1838.13, stdev=634.55
    clat percentiles (usec):
     | 10.000th=[ 1037], 20.000th=[ 1778], 30.000th=[ 1975], 40.000th=[ 2008],
     | 50.000th=[ 2024], 70.000th=[ 2073], 90.000th=[ 2114], 99.000th=[ 2474],
     | 99.900th=[ 7111], 99.990th=[ 9372], 99.999th=[12256]
   bw (  KiB/s): min=42328, max=134799, per=24.85%, avg=48331.56, stdev=15109.12, samples=238
   iops        : min=10582, max=33699, avg=12082.67, stdev=3777.28, samples=238
  write: IOPS=20.8k, BW=81.3MiB/s (85.3MB/s)(2440MiB/30001msec)
    slat (usec): min=2, max=11964, avg= 6.65, stdev=70.74
    clat (usec): min=25, max=12274, avg=1836.84, stdev=634.78
     lat (usec): min=38, max=12286, avg=1844.27, stdev=636.47
    clat percentiles (usec):
     | 10.000th=[ 1037], 20.000th=[ 1778], 30.000th=[ 1991], 40.000th=[ 2024],
     | 50.000th=[ 2040], 70.000th=[ 2073], 90.000th=[ 2114], 99.000th=[ 2474],
     | 99.900th=[ 7111], 99.990th=[ 9372], 99.999th=[12256]
   bw (  KiB/s): min=17638, max=58137, per=24.85%, avg=20688.45, stdev=6493.36, samples=238
   iops        : min= 4409, max=14534, avg=5171.88, stdev=1623.33, samples=238
  lat (usec)   : 20=0.01%, 50=0.01%, 100=0.01%, 250=0.01%, 500=7.64%
  lat (usec)   : 750=2.06%, 1000=0.17%
  lat (msec)   : 2=25.85%, 4=63.55%, 10=0.72%, 20=0.01%
  cpu          : usr=8.52%, sys=14.56%, ctx=985923, majf=0, minf=44
  IO depths    : 1=0.1%, 2=0.1%, 4=0.1%, 8=0.1%, 16=0.1%, 32=100.0%, >=64=0.0%
     submit    : 0=0.0%, 4=100.0%, 8=0.0%, 16=0.0%, 32=0.0%, 64=0.0%, >=64=0.0%
     complete  : 0=0.0%, 4=100.0%, 8=0.0%, 16=0.0%, 32=0.1%, 64=0.0%, >=64=0.0%
     issued rwt: total=1458850,624551,0, short=0,0,0, dropped=0,0,0
     latency   : target=0, window=0, percentile=100.00%, depth=32

Run status group 0 (all jobs):
  WRITE: bw=566MiB/s (593MB/s), 566MiB/s-566MiB/s (593MB/s-593MB/s), io=8490MiB (8902MB), run=15002-15002msec

Run status group 1 (all jobs):
   READ: bw=175MiB/s (183MB/s), 175MiB/s-175MiB/s (183MB/s-183MB/s), io=5248MiB (5503MB), run=30001-30001msec

Run status group 2 (all jobs):
  WRITE: bw=114MiB/s (120MB/s), 114MiB/s-114MiB/s (120MB/s-120MB/s), io=3431MiB (3597MB), run=30001-30001msec

Run status group 3 (all jobs):
   READ: bw=315MiB/s (330MB/s), 315MiB/s-315MiB/s (330MB/s-330MB/s), io=9439MiB (9897MB), run=30001-30001msec

Run status group 4 (all jobs):
  WRITE: bw=158MiB/s (166MB/s), 158MiB/s-158MiB/s (166MB/s-166MB/s), io=4755MiB (4986MB), run=30001-30001msec

Run status group 5 (all jobs):
   READ: bw=156MiB/s (164MB/s), 156MiB/s-156MiB/s (164MB/s-164MB/s), io=4694MiB (4922MB), run=30002-30002msec
  WRITE: bw=67.2MiB/s (70.5MB/s), 67.2MiB/s-67.2MiB/s (70.5MB/s-70.5MB/s), io=2016MiB (2114MB), run=30002-30002msec

Run status group 6 (all jobs):
   READ: bw=315MiB/s (331MB/s), 315MiB/s-315MiB/s (331MB/s-331MB/s), io=9460MiB (9920MB), run=30002-30002msec

Run status group 7 (all jobs):
  WRITE: bw=159MiB/s (167MB/s), 159MiB/s-159MiB/s (167MB/s-167MB/s), io=4772MiB (5004MB), run=30003-30003msec

Run status group 8 (all jobs):
   READ: bw=190MiB/s (199MB/s), 190MiB/s-190MiB/s (199MB/s-199MB/s), io=5699MiB (5975MB), run=30001-30001msec
  WRITE: bw=81.3MiB/s (85.3MB/s), 81.3MiB/s-81.3MiB/s (85.3MB/s-85.3MB/s), io=2440MiB (2558MB), run=30001-30001msec

Disk stats (read/write):
  sdb: ios=8841813/4525445, merge=0/0, ticks=7080052/5724468, in_queue=12562700, util=75.80%
