precondition: (g=0): rw=write, bs=(R) 128KiB-128KiB, (W) 128KiB-128KiB, (T) 128KiB-128KiB, ioengine=libaio, iodepth=16
rand-read-4K-qd1: (g=1): rw=randread, bs=(R) 4096B-4096B, (W) 4096B-4096B, (T) 4096B-4096B, ioengine=libaio, iodepth=1
rand-write-4K-qd1: (g=2): rw=randwrite, bs=(R) 4096B-4096B, (W) 4096B-4096B, (T) 4096B-4096B, ioengine=libaio, iodepth=1
rand-read-4K-qd16: (g=3): rw=randread, bs=(R) 4096B-4096B, (W) 4096B-4096B, (T) 4096B-4096B, ioengine=libaio, iodepth=4
...
rand-write-4K-qd16: (g=4): rw=randwrite, bs=(R) 4096B-4096B, (W) 4096B-4096B, (T) 4096B-4096B, ioengine=libaio, iodepth=4
...
rand-rw-4K-qd16: (g=5): rw=randrw, bs=(R) 4096B-4096B, (W) 4096B-4096B, (T) 4096B-4096B, ioengine=libaio, iodepth=4
...
rand-read-4K-qd128: (g=6): rw=randread, bs=(R) 4096B-4096B, (W) 4096B-4096B, (T) 4096B-4096B, ioengine=libaio, iodepth=32
...
rand-write-4K-qd128: (g=7): rw=randwrite, bs=(R) 4096B-4096B, (W) 4096B-4096B, (T) 4096B-4096B, ioengine=libaio, iodepth=32
...
rand-rw-4K-qd128: (g=8): rw=randrw, bs=(R) 4096B-4096B, (W) 4096B-4096B, (T) 4096B-4096B, ioengine=libaio, iodepth=32
...
fio-3.1
Starting 27 processes

precondition: (groupid=0, jobs=1): err= 0: pid=2535: Mon Jul 15 11:16:27 2019
  write: IOPS=8049, BW=1006MiB/s (1055MB/s)(14.7GiB/15002msec)
    slat (usec): min=5, max=853, avg=16.52, stdev=10.03
    clat (usec): min=183, max=2963, avg=1964.58, stdev=409.83
     lat (usec): min=192, max=2978, avg=1982.64, stdev=412.60
    clat percentiles (usec):
     | 10.000th=[  898], 20.000th=[ 2057], 30.000th=[ 2073], 40.000th=[ 2089],
     | 50.000th=[ 2114], 70.000th=[ 2147], 90.000th=[ 2180], 99.000th=[ 2245],
     | 99.900th=[ 2507], 99.990th=[ 2933], 99.999th=[ 2966]
   bw (  KiB/s): min=733853, max=2485716, per=78.88%, avg=812704.21, stdev=321816.56, samples=29
   iops        : min= 5733, max=19419, avg=6348.72, stdev=2514.17, samples=29
  lat (usec)   : 250=0.01%, 500=0.01%, 750=0.04%, 1000=10.36%
  lat (msec)   : 2=4.40%, 4=85.18%
  cpu          : usr=11.29%, sys=15.49%, ctx=79009, majf=0, minf=11
  IO depths    : 1=0.1%, 2=0.1%, 4=0.1%, 8=0.1%, 16=100.0%, 32=0.0%, >=64=0.0%
     submit    : 0=0.0%, 4=100.0%, 8=0.0%, 16=0.0%, 32=0.0%, 64=0.0%, >=64=0.0%
     complete  : 0=0.0%, 4=100.0%, 8=0.0%, 16=0.1%, 32=0.0%, 64=0.0%, >=64=0.0%
     issued rwt: total=0,120752,0, short=0,0,0, dropped=0,0,0
     latency   : target=0, window=0, percentile=100.00%, depth=16
rand-read-4K-qd1: (groupid=1, jobs=1): err= 0: pid=2543: Mon Jul 15 11:16:27 2019
   read: IOPS=47.8k, BW=187MiB/s (196MB/s)(5607MiB/30001msec)
    slat (usec): min=2, max=737, avg= 3.58, stdev= 1.63
    clat (nsec): min=1257, max=2090.0k, avg=14414.65, stdev=18050.30
     lat (usec): min=13, max=2115, avg=18.63, stdev=18.42
    clat percentiles (usec):
     | 10.000th=[   13], 20.000th=[   13], 30.000th=[   13], 40.000th=[   15],
     | 50.000th=[   15], 70.000th=[   15], 90.000th=[   16], 99.000th=[   23],
     | 99.900th=[   42], 99.990th=[ 1418], 99.999th=[ 1467]
   bw (  KiB/s): min=74236, max=183372, per=88.41%, avg=169205.85, stdev=13880.47, samples=59
   iops        : min=18559, max=45843, avg=42301.10, stdev=3470.09, samples=59
  lat (usec)   : 2=0.01%, 4=0.01%, 10=0.04%, 20=98.75%, 50=1.18%
  lat (usec)   : 100=0.01%, 250=0.01%, 500=0.01%, 750=0.01%, 1000=0.01%
  lat (msec)   : 2=0.02%, 4=0.01%
  cpu          : usr=21.00%, sys=35.16%, ctx=1435065, majf=0, minf=8
  IO depths    : 1=100.0%, 2=0.0%, 4=0.0%, 8=0.0%, 16=0.0%, 32=0.0%, >=64=0.0%
     submit    : 0=0.0%, 4=100.0%, 8=0.0%, 16=0.0%, 32=0.0%, 64=0.0%, >=64=0.0%
     complete  : 0=0.0%, 4=100.0%, 8=0.0%, 16=0.0%, 32=0.0%, 64=0.0%, >=64=0.0%
     issued rwt: total=1435467,0,0, short=0,0,0, dropped=0,0,0
     latency   : target=0, window=0, percentile=100.00%, depth=1
rand-write-4K-qd1: (groupid=2, jobs=1): err= 0: pid=2544: Mon Jul 15 11:16:27 2019
  write: IOPS=44.2k, BW=173MiB/s (181MB/s)(5177MiB/30001msec)
    slat (usec): min=2, max=756, avg= 3.87, stdev= 2.35
    clat (nsec): min=1395, max=811280, avg=15730.64, stdev=4992.80
     lat (usec): min=15, max=820, avg=20.25, stdev= 5.82
    clat percentiles (usec):
     | 10.000th=[   14], 20.000th=[   14], 30.000th=[   15], 40.000th=[   15],
     | 50.000th=[   15], 70.000th=[   17], 90.000th=[   19], 99.000th=[   30],
     | 99.900th=[   45], 99.990th=[   56], 99.999th=[  758]
   bw (  KiB/s): min=94615, max=187152, per=87.67%, avg=154896.02, stdev=13504.73, samples=59
   iops        : min=23653, max=46788, avg=38723.66, stdev=3376.27, samples=59
  lat (usec)   : 2=0.01%, 4=0.01%, 10=0.03%, 20=95.45%, 50=4.48%
  lat (usec)   : 100=0.03%, 250=0.01%, 750=0.01%, 1000=0.01%
  cpu          : usr=20.23%, sys=34.78%, ctx=1324923, majf=0, minf=7
  IO depths    : 1=100.0%, 2=0.0%, 4=0.0%, 8=0.0%, 16=0.0%, 32=0.0%, >=64=0.0%
     submit    : 0=0.0%, 4=100.0%, 8=0.0%, 16=0.0%, 32=0.0%, 64=0.0%, >=64=0.0%
     complete  : 0=0.0%, 4=100.0%, 8=0.0%, 16=0.0%, 32=0.0%, 64=0.0%, >=64=0.0%
     issued rwt: total=0,1325186,0, short=0,0,0, dropped=0,0,0
     latency   : target=0, window=0, percentile=100.00%, depth=1
rand-read-4K-qd16: (groupid=3, jobs=4): err= 0: pid=2548: Mon Jul 15 11:16:27 2019
   read: IOPS=154k, BW=600MiB/s (629MB/s)(17.6GiB/30001msec)
    slat (usec): min=2, max=34323, avg= 9.48, stdev=118.88
    clat (usec): min=11, max=34372, avg=89.45, stdev=461.39
     lat (usec): min=20, max=34398, avg=99.92, stdev=478.66
    clat percentiles (usec):
     | 10.000th=[   29], 20.000th=[   30], 30.000th=[   31], 40.000th=[   33],
     | 50.000th=[   36], 70.000th=[   51], 90.000th=[   62], 99.000th=[ 1991],
     | 99.900th=[ 4555], 99.990th=[13304], 99.999th=[23462]
   bw (  KiB/s): min=33977, max=285292, per=17.63%, avg=108316.49, stdev=45912.05, samples=236
   iops        : min= 8494, max=71323, avg=27078.78, stdev=11478.04, samples=236
  lat (usec)   : 20=0.01%, 50=68.46%, 100=29.44%, 250=0.28%, 500=0.21%
  lat (usec)   : 750=0.12%, 1000=0.13%
  lat (msec)   : 2=0.35%, 4=0.46%, 10=0.52%, 20=0.02%, 50=0.01%
  cpu          : usr=20.62%, sys=29.18%, ctx=77401, majf=0, minf=47
  IO depths    : 1=0.1%, 2=0.1%, 4=100.0%, 8=0.0%, 16=0.0%, 32=0.0%, >=64=0.0%
     submit    : 0=0.0%, 4=100.0%, 8=0.0%, 16=0.0%, 32=0.0%, 64=0.0%, >=64=0.0%
     complete  : 0=0.0%, 4=100.0%, 8=0.0%, 16=0.0%, 32=0.0%, 64=0.0%, >=64=0.0%
     issued rwt: total=4608385,0,0, short=0,0,0, dropped=0,0,0
     latency   : target=0, window=0, percentile=100.00%, depth=4
rand-write-4K-qd16: (groupid=4, jobs=4): err= 0: pid=2552: Mon Jul 15 11:16:27 2019
  write: IOPS=104k, BW=406MiB/s (426MB/s)(11.9GiB/30001msec)
    slat (usec): min=2, max=16208, avg= 6.05, stdev=28.11
    clat (usec): min=23, max=19650, avg=143.84, stdev=111.00
     lat (usec): min=29, max=19655, avg=150.64, stdev=114.44
    clat percentiles (usec):
     | 10.000th=[  125], 20.000th=[  131], 30.000th=[  135], 40.000th=[  139],
     | 50.000th=[  141], 70.000th=[  149], 90.000th=[  172], 99.000th=[  198],
     | 99.900th=[  285], 99.990th=[ 4490], 99.999th=[13304]
   bw (  KiB/s): min=81707, max=154437, per=20.40%, avg=84884.97, stdev=6773.38, samples=236
   iops        : min=20426, max=38609, avg=21220.83, stdev=1693.36, samples=236
  lat (usec)   : 50=1.94%, 100=1.40%, 250=96.54%, 500=0.04%, 750=0.01%
  lat (usec)   : 1000=0.03%
  lat (msec)   : 2=0.01%, 4=0.01%, 10=0.02%, 20=0.01%
  cpu          : usr=14.13%, sys=21.79%, ctx=1282412, majf=0, minf=33
  IO depths    : 1=0.1%, 2=0.1%, 4=100.0%, 8=0.0%, 16=0.0%, 32=0.0%, >=64=0.0%
     submit    : 0=0.0%, 4=100.0%, 8=0.0%, 16=0.0%, 32=0.0%, 64=0.0%, >=64=0.0%
     complete  : 0=0.0%, 4=100.0%, 8=0.0%, 16=0.0%, 32=0.0%, 64=0.0%, >=64=0.0%
     issued rwt: total=0,3120976,0, short=0,0,0, dropped=0,0,0
     latency   : target=0, window=0, percentile=100.00%, depth=4
rand-rw-4K-qd16: (groupid=5, jobs=4): err= 0: pid=2560: Mon Jul 15 11:16:27 2019
   read: IOPS=104k, BW=407MiB/s (426MB/s)(11.9GiB/30001msec)
    slat (usec): min=2, max=11467, avg= 7.33, stdev=34.55
    clat (usec): min=19, max=12489, avg=96.10, stdev=168.64
     lat (usec): min=25, max=12494, avg=104.28, stdev=172.26
    clat percentiles (usec):
     | 10.000th=[   31], 20.000th=[   34], 30.000th=[   38], 40.000th=[   44],
     | 50.000th=[   50], 70.000th=[   78], 90.000th=[  188], 99.000th=[  750],
     | 99.900th=[ 1811], 99.990th=[ 4490], 99.999th=[ 8029]
   bw (  KiB/s): min=65673, max=126085, per=24.48%, avg=101891.86, stdev=19115.29, samples=236
   iops        : min=16418, max=31521, avg=25472.61, stdev=4778.82, samples=236
  write: IOPS=44.7k, BW=174MiB/s (183MB/s)(5234MiB/30001msec)
    slat (usec): min=2, max=7825, avg= 7.64, stdev=33.80
    clat (usec): min=20, max=12388, avg=94.48, stdev=165.31
     lat (usec): min=27, max=12393, avg=102.99, stdev=169.22
    clat percentiles (usec):
     | 10.000th=[   31], 20.000th=[   34], 30.000th=[   38], 40.000th=[   44],
     | 50.000th=[   50], 70.000th=[   78], 90.000th=[  182], 99.000th=[  734],
     | 99.900th=[ 1795], 99.990th=[ 4490], 99.999th=[ 7898]
   bw (  KiB/s): min=27992, max=55820, per=24.47%, avg=43715.71, stdev=8284.82, samples=236
   iops        : min= 6998, max=13955, avg=10928.56, stdev=2071.19, samples=236
  lat (usec)   : 20=0.01%, 50=49.86%, 100=29.61%, 250=13.35%, 500=4.86%
  lat (usec)   : 750=1.33%, 1000=0.53%
  lat (msec)   : 2=0.38%, 4=0.06%, 10=0.02%, 20=0.01%
  cpu          : usr=20.13%, sys=29.38%, ctx=411542, majf=0, minf=38
  IO depths    : 1=0.1%, 2=0.1%, 4=100.0%, 8=0.0%, 16=0.0%, 32=0.0%, >=64=0.0%
     submit    : 0=0.0%, 4=100.0%, 8=0.0%, 16=0.0%, 32=0.0%, 64=0.0%, >=64=0.0%
     complete  : 0=0.0%, 4=100.0%, 8=0.0%, 16=0.0%, 32=0.0%, 64=0.0%, >=64=0.0%
     issued rwt: total=3122354,1339814,0, short=0,0,0, dropped=0,0,0
     latency   : target=0, window=0, percentile=100.00%, depth=4
rand-read-4K-qd128: (groupid=6, jobs=4): err= 0: pid=2584: Mon Jul 15 11:16:27 2019
   read: IOPS=132k, BW=516MiB/s (541MB/s)(15.1GiB/30007msec)
    slat (usec): min=2, max=21567, avg=21.08, stdev=311.02
    clat (usec): min=9, max=32691, avg=941.93, stdev=1875.96
     lat (usec): min=14, max=32703, avg=964.21, stdev=1900.58
    clat percentiles (usec):
     | 10.000th=[  375], 20.000th=[  383], 30.000th=[  392], 40.000th=[  400],
     | 50.000th=[  412], 70.000th=[  570], 90.000th=[  635], 99.000th=[ 8979],
     | 99.900th=[14222], 99.990th=[19530], 99.999th=[31327]
   bw (  KiB/s): min=29264, max=173586, per=19.27%, avg=101736.84, stdev=21649.14, samples=236
   iops        : min= 7316, max=43396, avg=25433.84, stdev=5412.28, samples=236
  lat (usec)   : 10=0.01%, 20=0.01%, 50=0.01%, 100=0.01%, 250=0.01%
  lat (usec)   : 500=57.38%, 750=35.13%, 1000=0.33%
  lat (msec)   : 2=0.72%, 4=0.20%, 10=5.74%, 20=0.49%, 50=0.01%
  cpu          : usr=18.40%, sys=31.38%, ctx=54804, majf=0, minf=158
  IO depths    : 1=0.1%, 2=0.1%, 4=0.1%, 8=0.1%, 16=0.1%, 32=100.0%, >=64=0.0%
     submit    : 0=0.0%, 4=100.0%, 8=0.0%, 16=0.0%, 32=0.0%, 64=0.0%, >=64=0.0%
     complete  : 0=0.0%, 4=100.0%, 8=0.0%, 16=0.0%, 32=0.1%, 64=0.0%, >=64=0.0%
     issued rwt: total=3961609,0,0, short=0,0,0, dropped=0,0,0
     latency   : target=0, window=0, percentile=100.00%, depth=32
rand-write-4K-qd128: (groupid=7, jobs=4): err= 0: pid=2592: Mon Jul 15 11:16:27 2019
  write: IOPS=104k, BW=405MiB/s (425MB/s)(11.9GiB/30002msec)
    slat (usec): min=2, max=29692, avg= 7.77, stdev=65.33
    clat (usec): min=280, max=30762, avg=1223.06, stdev=485.79
     lat (usec): min=285, max=30786, avg=1231.62, stdev=490.45
    clat percentiles (usec):
     | 10.000th=[ 1172], 20.000th=[ 1205], 30.000th=[ 1205], 40.000th=[ 1221],
     | 50.000th=[ 1221], 70.000th=[ 1254], 90.000th=[ 1270], 99.000th=[ 1336],
     | 99.900th=[ 7373], 99.990th=[21627], 99.999th=[30278]
   bw (  KiB/s): min=66304, max=285173, per=22.82%, avg=94632.50, stdev=13718.44, samples=236
   iops        : min=16576, max=71293, avg=23657.75, stdev=3429.62, samples=236
  lat (usec)   : 500=2.00%, 750=0.91%, 1000=0.22%
  lat (msec)   : 2=96.70%, 4=0.05%, 10=0.04%, 20=0.07%, 50=0.01%
  cpu          : usr=13.22%, sys=25.05%, ctx=947190, majf=0, minf=32
  IO depths    : 1=0.1%, 2=0.1%, 4=0.1%, 8=0.1%, 16=0.1%, 32=100.0%, >=64=0.0%
     submit    : 0=0.0%, 4=100.0%, 8=0.0%, 16=0.0%, 32=0.0%, 64=0.0%, >=64=0.0%
     complete  : 0=0.0%, 4=100.0%, 8=0.0%, 16=0.0%, 32=0.1%, 64=0.0%, >=64=0.0%
     issued rwt: total=0,3109769,0, short=0,0,0, dropped=0,0,0
     latency   : target=0, window=0, percentile=100.00%, depth=32
rand-rw-4K-qd128: (groupid=8, jobs=4): err= 0: pid=2601: Mon Jul 15 11:16:27 2019
   read: IOPS=101k, BW=396MiB/s (415MB/s)(11.6GiB/30001msec)
    slat (usec): min=2, max=15427, avg= 6.95, stdev=65.96
    clat (usec): min=265, max=17229, avg=872.74, stdev=420.25
     lat (usec): min=273, max=17241, avg=880.52, stdev=425.17
    clat percentiles (usec):
     | 10.000th=[  775], 20.000th=[  807], 30.000th=[  824], 40.000th=[  840],
     | 50.000th=[  857], 70.000th=[  889], 90.000th=[  955], 99.000th=[ 1221],
     | 99.900th=[ 8848], 99.990th=[11863], 99.999th=[16450]
   bw (  KiB/s): min=67120, max=122390, per=25.21%, avg=102239.23, stdev=8039.81, samples=240
   iops        : min=16780, max=30597, avg=25559.49, stdev=2009.86, samples=240
  write: IOPS=43.4k, BW=170MiB/s (178MB/s)(5086MiB/30001msec)
    slat (usec): min=2, max=16277, avg= 7.40, stdev=68.99
    clat (usec): min=270, max=17225, avg=872.28, stdev=418.22
     lat (usec): min=275, max=17249, avg=880.50, stdev=423.78
    clat percentiles (usec):
     | 10.000th=[  775], 20.000th=[  807], 30.000th=[  824], 40.000th=[  840],
     | 50.000th=[  857], 70.000th=[  889], 90.000th=[  955], 99.000th=[ 1221],
     | 99.900th=[ 8848], 99.990th=[11731], 99.999th=[16450]
   bw (  KiB/s): min=28840, max=52837, per=25.21%, avg=43767.70, stdev=3541.48, samples=240
   iops        : min= 7210, max=13209, avg=10941.63, stdev=885.31, samples=240
  lat (usec)   : 500=3.14%, 750=3.17%, 1000=89.39%
  lat (msec)   : 2=4.02%, 4=0.02%, 10=0.22%, 20=0.04%
  cpu          : usr=18.30%, sys=28.53%, ctx=490142, majf=0, minf=36
  IO depths    : 1=0.1%, 2=0.1%, 4=0.1%, 8=0.1%, 16=0.1%, 32=100.0%, >=64=0.0%
     submit    : 0=0.0%, 4=100.0%, 8=0.0%, 16=0.0%, 32=0.0%, 64=0.0%, >=64=0.0%
     complete  : 0=0.0%, 4=100.0%, 8=0.0%, 16=0.0%, 32=0.1%, 64=0.0%, >=64=0.0%
     issued rwt: total=3041813,1302143,0, short=0,0,0, dropped=0,0,0
     latency   : target=0, window=0, percentile=100.00%, depth=32

Run status group 0 (all jobs):
  WRITE: bw=1006MiB/s (1055MB/s), 1006MiB/s-1006MiB/s (1055MB/s-1055MB/s), io=14.7GiB (15.8GB), run=15002-15002msec

Run status group 1 (all jobs):
   READ: bw=187MiB/s (196MB/s), 187MiB/s-187MiB/s (196MB/s-196MB/s), io=5607MiB (5880MB), run=30001-30001msec

Run status group 2 (all jobs):
  WRITE: bw=173MiB/s (181MB/s), 173MiB/s-173MiB/s (181MB/s-181MB/s), io=5177MiB (5428MB), run=30001-30001msec

Run status group 3 (all jobs):
   READ: bw=600MiB/s (629MB/s), 600MiB/s-600MiB/s (629MB/s-629MB/s), io=17.6GiB (18.9GB), run=30001-30001msec

Run status group 4 (all jobs):
  WRITE: bw=406MiB/s (426MB/s), 406MiB/s-406MiB/s (426MB/s-426MB/s), io=11.9GiB (12.8GB), run=30001-30001msec

Run status group 5 (all jobs):
   READ: bw=407MiB/s (426MB/s), 407MiB/s-407MiB/s (426MB/s-426MB/s), io=11.9GiB (12.8GB), run=30001-30001msec
  WRITE: bw=174MiB/s (183MB/s), 174MiB/s-174MiB/s (183MB/s-183MB/s), io=5234MiB (5488MB), run=30001-30001msec

Run status group 6 (all jobs):
   READ: bw=516MiB/s (541MB/s), 516MiB/s-516MiB/s (541MB/s-541MB/s), io=15.1GiB (16.2GB), run=30007-30007msec

Run status group 7 (all jobs):
  WRITE: bw=405MiB/s (425MB/s), 405MiB/s-405MiB/s (425MB/s-425MB/s), io=11.9GiB (12.7GB), run=30002-30002msec

Run status group 8 (all jobs):
   READ: bw=396MiB/s (415MB/s), 396MiB/s-396MiB/s (415MB/s-415MB/s), io=11.6GiB (12.5GB), run=30001-30001msec
  WRITE: bw=170MiB/s (178MB/s), 170MiB/s-170MiB/s (178MB/s-178MB/s), io=5086MiB (5334MB), run=30001-30001msec

Disk stats (read/write):
  sdb: ios=16165028/10316474, merge=0/0, ticks=2563644/5362200, in_queue=7682716, util=68.89%
