precondition: (g=0): rw=write, bs=(R) 128KiB-128KiB, (W) 128KiB-128KiB, (T) 128KiB-128KiB, ioengine=libaio, iodepth=16
rand-read-4K-qd1: (g=1): rw=randread, bs=(R) 4096B-4096B, (W) 4096B-4096B, (T) 4096B-4096B, ioengine=libaio, iodepth=1
rand-write-4K-qd1: (g=2): rw=randwrite, bs=(R) 4096B-4096B, (W) 4096B-4096B, (T) 4096B-4096B, ioengine=libaio, iodepth=1
rand-read-4K-qd16: (g=3): rw=randread, bs=(R) 4096B-4096B, (W) 4096B-4096B, (T) 4096B-4096B, ioengine=libaio, iodepth=4
...
rand-write-4K-qd16: (g=4): rw=randwrite, bs=(R) 4096B-4096B, (W) 4096B-4096B, (T) 4096B-4096B, ioengine=libaio, iodepth=4
...
rand-rw-4K-qd16: (g=5): rw=randrw, bs=(R) 4096B-4096B, (W) 4096B-4096B, (T) 4096B-4096B, ioengine=libaio, iodepth=4
...
rand-read-4K-qd128: (g=6): rw=randread, bs=(R) 4096B-4096B, (W) 4096B-4096B, (T) 4096B-4096B, ioengine=libaio, iodepth=32
...
rand-write-4K-qd128: (g=7): rw=randwrite, bs=(R) 4096B-4096B, (W) 4096B-4096B, (T) 4096B-4096B, ioengine=libaio, iodepth=32
...
rand-rw-4K-qd128: (g=8): rw=randrw, bs=(R) 4096B-4096B, (W) 4096B-4096B, (T) 4096B-4096B, ioengine=libaio, iodepth=32
...
fio-3.1
Starting 27 processes

precondition: (groupid=0, jobs=1): err= 0: pid=2177: Sun Jul 14 07:11:47 2019
  write: IOPS=19.6k, BW=2452MiB/s (2572MB/s)(35.9GiB/15001msec)
    slat (usec): min=5, max=1065, avg= 8.38, stdev= 5.45
    clat (usec): min=190, max=1904, avg=803.93, stdev=41.78
     lat (usec): min=199, max=1918, avg=813.07, stdev=41.57
    clat percentiles (usec):
     | 10.000th=[  791], 20.000th=[  791], 30.000th=[  799], 40.000th=[  799],
     | 50.000th=[  799], 70.000th=[  799], 90.000th=[  824], 99.000th=[  865],
     | 99.900th=[ 1532], 99.990th=[ 1844], 99.999th=[ 1893]
   bw (  MiB/s): min= 1864, max= 2449, per=78.58%, avg=1927.15, stdev=100.98, samples=29
   iops        : min=14914, max=19596, avg=15416.62, stdev=807.84, samples=29
  lat (usec)   : 250=0.05%, 500=0.09%, 750=0.11%, 1000=99.57%
  lat (msec)   : 2=0.19%
  cpu          : usr=13.58%, sys=22.09%, ctx=292114, majf=0, minf=13
  IO depths    : 1=0.1%, 2=0.1%, 4=0.1%, 8=0.1%, 16=100.0%, 32=0.0%, >=64=0.0%
     submit    : 0=0.0%, 4=100.0%, 8=0.0%, 16=0.0%, 32=0.0%, 64=0.0%, >=64=0.0%
     complete  : 0=0.0%, 4=100.0%, 8=0.0%, 16=0.1%, 32=0.0%, 64=0.0%, >=64=0.0%
     issued rwt: total=0,294305,0, short=0,0,0, dropped=0,0,0
     latency   : target=0, window=0, percentile=100.00%, depth=16
rand-read-4K-qd1: (groupid=1, jobs=1): err= 0: pid=2186: Sun Jul 14 07:11:47 2019
   read: IOPS=47.1k, BW=184MiB/s (193MB/s)(5516MiB/30001msec)
    slat (usec): min=2, max=784, avg= 3.66, stdev= 1.95
    clat (nsec): min=1168, max=1084.1k, avg=14731.89, stdev=4495.22
     lat (usec): min=15, max=1089, avg=19.02, stdev= 4.99
    clat percentiles (usec):
     | 10.000th=[   15], 20.000th=[   15], 30.000th=[   15], 40.000th=[   15],
     | 50.000th=[   15], 70.000th=[   15], 90.000th=[   16], 99.000th=[   22],
     | 99.900th=[   40], 99.990th=[   46], 99.999th=[  758]
   bw (  KiB/s): min=144794, max=174500, per=90.41%, avg=170212.53, stdev=5752.64, samples=59
   iops        : min=36198, max=43625, avg=42552.75, stdev=1438.24, samples=59
  lat (usec)   : 2=0.01%, 4=0.01%, 10=0.04%, 20=98.70%, 50=1.24%
  lat (usec)   : 100=0.01%, 750=0.01%, 1000=0.01%
  lat (msec)   : 2=0.01%
  cpu          : usr=22.35%, sys=34.09%, ctx=1411718, majf=0, minf=9
  IO depths    : 1=100.0%, 2=0.0%, 4=0.0%, 8=0.0%, 16=0.0%, 32=0.0%, >=64=0.0%
     submit    : 0=0.0%, 4=100.0%, 8=0.0%, 16=0.0%, 32=0.0%, 64=0.0%, >=64=0.0%
     complete  : 0=0.0%, 4=100.0%, 8=0.0%, 16=0.0%, 32=0.0%, 64=0.0%, >=64=0.0%
     issued rwt: total=1412080,0,0, short=0,0,0, dropped=0,0,0
     latency   : target=0, window=0, percentile=100.00%, depth=1
rand-write-4K-qd1: (groupid=2, jobs=1): err= 0: pid=2187: Sun Jul 14 07:11:47 2019
  write: IOPS=43.8k, BW=171MiB/s (180MB/s)(5138MiB/30001msec)
    slat (usec): min=3, max=815, avg= 3.77, stdev= 2.24
    clat (nsec): min=1317, max=890489, avg=16156.91, stdev=4579.20
     lat (usec): min=17, max=897, avg=20.55, stdev= 5.25
    clat percentiles (usec):
     | 10.000th=[   16], 20.000th=[   16], 30.000th=[   16], 40.000th=[   16],
     | 50.000th=[   16], 70.000th=[   17], 90.000th=[   17], 99.000th=[   24],
     | 99.900th=[   42], 99.990th=[   49], 99.999th=[  758]
   bw (  KiB/s): min=105352, max=129486, per=70.60%, avg=123815.69, stdev=3790.12, samples=59
   iops        : min=26338, max=32371, avg=30953.54, stdev=947.55, samples=59
  lat (usec)   : 2=0.01%, 4=0.01%, 10=0.01%, 20=97.82%, 50=2.16%
  lat (usec)   : 100=0.01%, 750=0.01%, 1000=0.01%
  cpu          : usr=21.54%, sys=31.88%, ctx=1315176, majf=0, minf=9
  IO depths    : 1=100.0%, 2=0.0%, 4=0.0%, 8=0.0%, 16=0.0%, 32=0.0%, >=64=0.0%
     submit    : 0=0.0%, 4=100.0%, 8=0.0%, 16=0.0%, 32=0.0%, 64=0.0%, >=64=0.0%
     complete  : 0=0.0%, 4=100.0%, 8=0.0%, 16=0.0%, 32=0.0%, 64=0.0%, >=64=0.0%
     issued rwt: total=0,1315323,0, short=0,0,0, dropped=0,0,0
     latency   : target=0, window=0, percentile=100.00%, depth=1
rand-read-4K-qd16: (groupid=3, jobs=4): err= 0: pid=2191: Sun Jul 14 07:11:47 2019
   read: IOPS=176k, BW=687MiB/s (721MB/s)(20.1GiB/30001msec)
    slat (usec): min=2, max=15378, avg=14.55, stdev=83.98
    clat (usec): min=9, max=15411, avg=72.18, stdev=175.75
     lat (usec): min=17, max=15420, avg=88.37, stdev=195.70
    clat percentiles (usec):
     | 10.000th=[   31], 20.000th=[   32], 30.000th=[   33], 40.000th=[   34],
     | 50.000th=[   35], 70.000th=[   37], 90.000th=[   49], 99.000th=[  922],
     | 99.900th=[ 1860], 99.990th=[ 3654], 99.999th=[ 6259]
   bw (  KiB/s): min=58920, max=334528, per=21.92%, avg=154264.93, stdev=41391.19, samples=236
   iops        : min=14730, max=83632, avg=38565.84, stdev=10347.79, samples=236
  lat (usec)   : 10=0.01%, 20=0.01%, 50=90.41%, 100=2.41%, 250=1.63%
  lat (usec)   : 500=2.46%, 750=1.49%, 1000=0.79%
  lat (msec)   : 2=0.74%, 4=0.07%, 10=0.01%, 20=0.01%
  cpu          : usr=20.60%, sys=28.70%, ctx=238201, majf=0, minf=53
  IO depths    : 1=0.1%, 2=0.1%, 4=100.0%, 8=0.0%, 16=0.0%, 32=0.0%, >=64=0.0%
     submit    : 0=0.0%, 4=100.0%, 8=0.0%, 16=0.0%, 32=0.0%, 64=0.0%, >=64=0.0%
     complete  : 0=0.0%, 4=100.0%, 8=0.0%, 16=0.0%, 32=0.0%, 64=0.0%, >=64=0.0%
     issued rwt: total=5277938,0,0, short=0,0,0, dropped=0,0,0
     latency   : target=0, window=0, percentile=100.00%, depth=4
rand-write-4K-qd16: (groupid=4, jobs=4): err= 0: pid=2196: Sun Jul 14 07:11:47 2019
  write: IOPS=171k, BW=669MiB/s (701MB/s)(19.6GiB/30001msec)
    slat (usec): min=2, max=20418, avg=14.89, stdev=54.99
    clat (usec): min=12, max=20482, avg=74.04, stdev=111.41
     lat (usec): min=16, max=20492, avg=90.87, stdev=123.64
    clat percentiles (usec):
     | 10.000th=[   32], 20.000th=[   34], 30.000th=[   35], 40.000th=[   37],
     | 50.000th=[   38], 70.000th=[   41], 90.000th=[  184], 99.000th=[  562],
     | 99.900th=[  996], 99.990th=[ 1647], 99.999th=[ 3064]
   bw (  KiB/s): min=99456, max=182453, per=17.51%, avg=119942.44, stdev=9120.83, samples=236
   iops        : min=24864, max=45613, avg=29985.26, stdev=2280.21, samples=236
  lat (usec)   : 20=0.01%, 50=81.40%, 100=3.33%, 250=8.64%, 500=5.24%
  lat (usec)   : 750=1.05%, 1000=0.25%
  lat (msec)   : 2=0.09%, 4=0.01%, 10=0.01%, 50=0.01%
  cpu          : usr=19.10%, sys=29.49%, ctx=496998, majf=0, minf=38
  IO depths    : 1=0.1%, 2=0.1%, 4=100.0%, 8=0.0%, 16=0.0%, 32=0.0%, >=64=0.0%
     submit    : 0=0.0%, 4=100.0%, 8=0.0%, 16=0.0%, 32=0.0%, 64=0.0%, >=64=0.0%
     complete  : 0=0.0%, 4=100.0%, 8=0.0%, 16=0.0%, 32=0.0%, 64=0.0%, >=64=0.0%
     issued rwt: total=0,5137493,0, short=0,0,0, dropped=0,0,0
     latency   : target=0, window=0, percentile=100.00%, depth=4
rand-rw-4K-qd16: (groupid=5, jobs=4): err= 0: pid=2207: Sun Jul 14 07:11:47 2019
   read: IOPS=121k, BW=471MiB/s (494MB/s)(13.8GiB/30001msec)
    slat (usec): min=2, max=18016, avg=15.08, stdev=73.32
    clat (usec): min=14, max=18063, avg=71.07, stdev=146.31
     lat (usec): min=21, max=18073, avg=87.36, stdev=163.53
    clat percentiles (usec):
     | 10.000th=[   32], 20.000th=[   32], 30.000th=[   34], 40.000th=[   35],
     | 50.000th=[   36], 70.000th=[   39], 90.000th=[   67], 99.000th=[  750],
     | 99.900th=[ 1336], 99.990th=[ 2900], 99.999th=[ 6718]
   bw (  KiB/s): min=56458, max=106787, per=20.19%, avg=97424.42, stdev=8741.58, samples=236
   iops        : min=14114, max=26696, avg=24355.76, stdev=2185.39, samples=236
  write: IOPS=51.7k, BW=202MiB/s (212MB/s)(6060MiB/30001msec)
    slat (usec): min=2, max=3341, avg=15.07, stdev=69.77
    clat (usec): min=15, max=18050, avg=80.12, stdev=160.95
     lat (usec): min=22, max=18055, avg=96.39, stdev=174.72
    clat percentiles (usec):
     | 10.000th=[   32], 20.000th=[   32], 30.000th=[   34], 40.000th=[   35],
     | 50.000th=[   36], 70.000th=[   39], 90.000th=[  159], 99.000th=[  799],
     | 99.900th=[ 1418], 99.990th=[ 3130], 99.999th=[ 5997]
   bw (  KiB/s): min=24955, max=46787, per=20.19%, avg=41766.27, stdev=3786.46, samples=236
   iops        : min= 6238, max=11696, avg=10441.18, stdev=946.61, samples=236
  lat (usec)   : 20=0.01%, 50=87.19%, 100=3.20%, 250=2.84%, 500=3.91%
  lat (usec)   : 750=1.80%, 1000=0.68%
  lat (msec)   : 2=0.36%, 4=0.02%, 10=0.01%, 20=0.01%
  cpu          : usr=20.65%, sys=28.45%, ctx=294380, majf=0, minf=44
  IO depths    : 1=0.1%, 2=0.1%, 4=100.0%, 8=0.0%, 16=0.0%, 32=0.0%, >=64=0.0%
     submit    : 0=0.0%, 4=100.0%, 8=0.0%, 16=0.0%, 32=0.0%, 64=0.0%, >=64=0.0%
     complete  : 0=0.0%, 4=100.0%, 8=0.0%, 16=0.0%, 32=0.0%, 64=0.0%, >=64=0.0%
     issued rwt: total=3618560,1551421,0, short=0,0,0, dropped=0,0,0
     latency   : target=0, window=0, percentile=100.00%, depth=4
rand-read-4K-qd128: (groupid=6, jobs=4): err= 0: pid=2217: Sun Jul 14 07:11:47 2019
   read: IOPS=177k, BW=692MiB/s (726MB/s)(20.3GiB/30002msec)
    slat (usec): min=2, max=24792, avg=14.36, stdev=129.80
    clat (usec): min=10, max=25458, avg=701.72, stdev=861.44
     lat (usec): min=19, max=25467, avg=719.42, stdev=873.86
    clat percentiles (usec):
     | 10.000th=[  314], 20.000th=[  318], 30.000th=[  322], 40.000th=[  330],
     | 50.000th=[  351], 70.000th=[  375], 90.000th=[ 1762], 99.000th=[ 4113],
     | 99.900th=[ 6915], 99.990th=[15795], 99.999th=[25035]
   bw (  KiB/s): min=65447, max=376193, per=24.25%, avg=171863.93, stdev=111862.56, samples=236
   iops        : min=16361, max=94048, avg=42965.60, stdev=27965.66, samples=236
  lat (usec)   : 20=0.01%, 50=0.01%, 100=0.01%, 250=0.01%, 500=75.23%
  lat (usec)   : 750=3.07%, 1000=3.14%
  lat (msec)   : 2=10.43%, 4=7.03%, 10=1.08%, 20=0.02%, 50=0.01%
  cpu          : usr=20.65%, sys=28.71%, ctx=192015, majf=0, minf=166
  IO depths    : 1=0.1%, 2=0.1%, 4=0.1%, 8=0.1%, 16=0.1%, 32=100.0%, >=64=0.0%
     submit    : 0=0.0%, 4=100.0%, 8=0.0%, 16=0.0%, 32=0.0%, 64=0.0%, >=64=0.0%
     complete  : 0=0.0%, 4=100.0%, 8=0.0%, 16=0.0%, 32=0.1%, 64=0.0%, >=64=0.0%
     issued rwt: total=5316591,0,0, short=0,0,0, dropped=0,0,0
     latency   : target=0, window=0, percentile=100.00%, depth=32
rand-write-4K-qd128: (groupid=7, jobs=4): err= 0: pid=2221: Sun Jul 14 07:11:47 2019
  write: IOPS=175k, BW=682MiB/s (715MB/s)(19.0GiB/30001msec)
    slat (usec): min=2, max=22107, avg=14.81, stdev=81.39
    clat (usec): min=5, max=22465, avg=713.02, stdev=533.14
     lat (usec): min=24, max=22470, avg=730.79, stdev=543.71
    clat percentiles (usec):
     | 10.000th=[  318], 20.000th=[  326], 30.000th=[  330], 40.000th=[  338],
     | 50.000th=[  363], 70.000th=[  963], 90.000th=[ 1500], 99.000th=[ 2278],
     | 99.900th=[ 3064], 99.990th=[ 3916], 99.999th=[13042]
   bw (  KiB/s): min=79750, max=326246, per=18.90%, avg=131961.30, stdev=87469.75, samples=236
   iops        : min=19937, max=81561, avg=32989.95, stdev=21867.42, samples=236
  lat (usec)   : 10=0.01%, 20=0.01%, 50=0.01%, 100=0.01%, 250=0.01%
  lat (usec)   : 500=58.90%, 750=4.67%, 1000=7.78%
  lat (msec)   : 2=26.37%, 4=2.27%, 10=0.01%, 20=0.01%, 50=0.01%
  cpu          : usr=19.35%, sys=29.23%, ctx=487361, majf=0, minf=42
  IO depths    : 1=0.1%, 2=0.1%, 4=0.1%, 8=0.1%, 16=0.1%, 32=100.0%, >=64=0.0%
     submit    : 0=0.0%, 4=100.0%, 8=0.0%, 16=0.0%, 32=0.0%, 64=0.0%, >=64=0.0%
     complete  : 0=0.0%, 4=100.0%, 8=0.0%, 16=0.0%, 32=0.1%, 64=0.0%, >=64=0.0%
     issued rwt: total=0,5235766,0, short=0,0,0, dropped=0,0,0
     latency   : target=0, window=0, percentile=100.00%, depth=32
rand-rw-4K-qd128: (groupid=8, jobs=4): err= 0: pid=2230: Sun Jul 14 07:11:47 2019
   read: IOPS=124k, BW=484MiB/s (507MB/s)(14.2GiB/30001msec)
    slat (usec): min=2, max=21190, avg=15.39, stdev=99.53
    clat (usec): min=21, max=23297, avg=702.48, stdev=606.22
     lat (usec): min=29, max=23305, avg=720.27, stdev=616.92
    clat percentiles (usec):
     | 10.000th=[  318], 20.000th=[  322], 30.000th=[  326], 40.000th=[  334],
     | 50.000th=[  355], 70.000th=[  816], 90.000th=[ 1582], 99.000th=[ 2671],
     | 99.900th=[ 3884], 99.990th=[ 7046], 99.999th=[21627]
   bw (  KiB/s): min=59024, max=270542, per=25.21%, avg=124891.93, stdev=83028.06, samples=238
   iops        : min=14756, max=67635, avg=31222.89, stdev=20756.89, samples=238
  write: IOPS=53.1k, BW=207MiB/s (217MB/s)(6221MiB/30001msec)
    slat (usec): min=2, max=22510, avg=15.10, stdev=97.17
    clat (usec): min=5, max=23246, avg=704.56, stdev=605.49
     lat (usec): min=27, max=23315, avg=721.90, stdev=615.42
    clat percentiles (usec):
     | 10.000th=[  318], 20.000th=[  322], 30.000th=[  326], 40.000th=[  334],
     | 50.000th=[  355], 70.000th=[  824], 90.000th=[ 1582], 99.000th=[ 2671],
     | 99.900th=[ 3884], 99.990th=[ 6718], 99.999th=[21627]
   bw (  KiB/s): min=24600, max=116993, per=25.21%, avg=53532.73, stdev=35594.33, samples=238
   iops        : min= 6150, max=29248, avg=13383.06, stdev=8898.42, samples=238
  lat (usec)   : 10=0.01%, 50=0.01%, 100=0.01%, 250=0.01%, 500=63.63%
  lat (usec)   : 750=4.69%, 1000=6.32%
  lat (msec)   : 2=21.16%, 4=4.12%, 10=0.08%, 20=0.01%, 50=0.01%
  cpu          : usr=20.81%, sys=28.26%, ctx=293772, majf=0, minf=46
  IO depths    : 1=0.1%, 2=0.1%, 4=0.1%, 8=0.1%, 16=0.1%, 32=100.0%, >=64=0.0%
     submit    : 0=0.0%, 4=100.0%, 8=0.0%, 16=0.0%, 32=0.0%, 64=0.0%, >=64=0.0%
     complete  : 0=0.0%, 4=100.0%, 8=0.0%, 16=0.0%, 32=0.1%, 64=0.0%, >=64=0.0%
     issued rwt: total=3715354,1592527,0, short=0,0,0, dropped=0,0,0
     latency   : target=0, window=0, percentile=100.00%, depth=32

Run status group 0 (all jobs):
  WRITE: bw=2452MiB/s (2572MB/s), 2452MiB/s-2452MiB/s (2572MB/s-2572MB/s), io=35.9GiB (38.6GB), run=15001-15001msec

Run status group 1 (all jobs):
   READ: bw=184MiB/s (193MB/s), 184MiB/s-184MiB/s (193MB/s-193MB/s), io=5516MiB (5784MB), run=30001-30001msec

Run status group 2 (all jobs):
  WRITE: bw=171MiB/s (180MB/s), 171MiB/s-171MiB/s (180MB/s-180MB/s), io=5138MiB (5388MB), run=30001-30001msec

Run status group 3 (all jobs):
   READ: bw=687MiB/s (721MB/s), 687MiB/s-687MiB/s (721MB/s-721MB/s), io=20.1GiB (21.6GB), run=30001-30001msec

Run status group 4 (all jobs):
  WRITE: bw=669MiB/s (701MB/s), 669MiB/s-669MiB/s (701MB/s-701MB/s), io=19.6GiB (21.0GB), run=30001-30001msec

Run status group 5 (all jobs):
   READ: bw=471MiB/s (494MB/s), 471MiB/s-471MiB/s (494MB/s-494MB/s), io=13.8GiB (14.8GB), run=30001-30001msec
  WRITE: bw=202MiB/s (212MB/s), 202MiB/s-202MiB/s (212MB/s-212MB/s), io=6060MiB (6355MB), run=30001-30001msec

Run status group 6 (all jobs):
   READ: bw=692MiB/s (726MB/s), 692MiB/s-692MiB/s (726MB/s-726MB/s), io=20.3GiB (21.8GB), run=30002-30002msec

Run status group 7 (all jobs):
  WRITE: bw=682MiB/s (715MB/s), 682MiB/s-682MiB/s (715MB/s-715MB/s), io=19.0GiB (21.4GB), run=30001-30001msec

Run status group 8 (all jobs):
   READ: bw=484MiB/s (507MB/s), 484MiB/s-484MiB/s (507MB/s-507MB/s), io=14.2GiB (15.2GB), run=30001-30001msec
  WRITE: bw=207MiB/s (217MB/s), 207MiB/s-207MiB/s (217MB/s-217MB/s), io=6221MiB (6523MB), run=30001-30001msec

Disk stats (read/write):
  sdb: ios=19315549/15115768, merge=0/0, ticks=221712/429008, in_queue=391760, util=55.11%
