precondition: (g=0): rw=write, bs=(R) 128KiB-128KiB, (W) 128KiB-128KiB, (T) 128KiB-128KiB, ioengine=libaio, iodepth=16
rand-read-4K-qd1: (g=1): rw=randread, bs=(R) 4096B-4096B, (W) 4096B-4096B, (T) 4096B-4096B, ioengine=libaio, iodepth=1
rand-write-4K-qd1: (g=2): rw=randwrite, bs=(R) 4096B-4096B, (W) 4096B-4096B, (T) 4096B-4096B, ioengine=libaio, iodepth=1
rand-read-4K-qd16: (g=3): rw=randread, bs=(R) 4096B-4096B, (W) 4096B-4096B, (T) 4096B-4096B, ioengine=libaio, iodepth=4
...
rand-write-4K-qd16: (g=4): rw=randwrite, bs=(R) 4096B-4096B, (W) 4096B-4096B, (T) 4096B-4096B, ioengine=libaio, iodepth=4
...
rand-rw-4K-qd16: (g=5): rw=randrw, bs=(R) 4096B-4096B, (W) 4096B-4096B, (T) 4096B-4096B, ioengine=libaio, iodepth=4
...
rand-read-4K-qd128: (g=6): rw=randread, bs=(R) 4096B-4096B, (W) 4096B-4096B, (T) 4096B-4096B, ioengine=libaio, iodepth=32
...
rand-write-4K-qd128: (g=7): rw=randwrite, bs=(R) 4096B-4096B, (W) 4096B-4096B, (T) 4096B-4096B, ioengine=libaio, iodepth=32
...
rand-rw-4K-qd128: (g=8): rw=randrw, bs=(R) 4096B-4096B, (W) 4096B-4096B, (T) 4096B-4096B, ioengine=libaio, iodepth=32
...
fio-3.1
Starting 27 processes

precondition: (groupid=0, jobs=1): err= 0: pid=2293: Sun Jul 14 06:50:03 2019
  write: IOPS=19.7k, BW=2458MiB/s (2577MB/s)(36.0GiB/15001msec)
    slat (usec): min=5, max=786, avg= 7.64, stdev= 3.00
    clat (usec): min=192, max=1964, avg=803.11, stdev=34.55
     lat (usec): min=201, max=1971, avg=811.41, stdev=34.43
    clat percentiles (usec):
     | 10.000th=[  791], 20.000th=[  791], 30.000th=[  791], 40.000th=[  799],
     | 50.000th=[  799], 70.000th=[  799], 90.000th=[  824], 99.000th=[  865],
     | 99.900th=[ 1287], 99.990th=[ 1745], 99.999th=[ 1958]
   bw (  MiB/s): min= 1876, max= 2449, per=79.15%, avg=1945.27, stdev=97.65, samples=29
   iops        : min=15015, max=19598, avg=15561.72, stdev=781.14, samples=29
  lat (usec)   : 250=0.05%, 500=0.07%, 750=0.09%, 1000=99.60%
  lat (msec)   : 2=0.19%
  cpu          : usr=12.88%, sys=20.37%, ctx=294221, majf=0, minf=14
  IO depths    : 1=0.1%, 2=0.1%, 4=0.1%, 8=0.1%, 16=100.0%, 32=0.0%, >=64=0.0%
     submit    : 0=0.0%, 4=100.0%, 8=0.0%, 16=0.0%, 32=0.0%, 64=0.0%, >=64=0.0%
     complete  : 0=0.0%, 4=100.0%, 8=0.0%, 16=0.1%, 32=0.0%, 64=0.0%, >=64=0.0%
     issued rwt: total=0,294927,0, short=0,0,0, dropped=0,0,0
     latency   : target=0, window=0, percentile=100.00%, depth=16
rand-read-4K-qd1: (groupid=1, jobs=1): err= 0: pid=2302: Sun Jul 14 06:50:03 2019
   read: IOPS=46.0k, BW=184MiB/s (193MB/s)(5508MiB/30001msec)
    slat (usec): min=3, max=752, avg= 3.92, stdev= 1.99
    clat (nsec): min=1216, max=810862, avg=14588.77, stdev=4643.67
     lat (usec): min=15, max=820, avg=19.14, stdev= 5.32
    clat percentiles (usec):
     | 10.000th=[   14], 20.000th=[   14], 30.000th=[   15], 40.000th=[   15],
     | 50.000th=[   15], 70.000th=[   15], 90.000th=[   16], 99.000th=[   29],
     | 99.900th=[   40], 99.990th=[   47], 99.999th=[  758]
   bw (  KiB/s): min=109260, max=172219, per=88.73%, avg=166807.51, stdev=12320.73, samples=59
   iops        : min=27315, max=43054, avg=41701.47, stdev=3080.17, samples=59
  lat (usec)   : 2=0.01%, 4=0.01%, 10=0.02%, 20=98.15%, 50=1.82%
  lat (usec)   : 100=0.01%, 750=0.01%, 1000=0.01%
  cpu          : usr=22.57%, sys=34.51%, ctx=1409759, majf=0, minf=10
  IO depths    : 1=100.0%, 2=0.0%, 4=0.0%, 8=0.0%, 16=0.0%, 32=0.0%, >=64=0.0%
     submit    : 0=0.0%, 4=100.0%, 8=0.0%, 16=0.0%, 32=0.0%, 64=0.0%, >=64=0.0%
     complete  : 0=0.0%, 4=100.0%, 8=0.0%, 16=0.0%, 32=0.0%, 64=0.0%, >=64=0.0%
     issued rwt: total=1409961,0,0, short=0,0,0, dropped=0,0,0
     latency   : target=0, window=0, percentile=100.00%, depth=1
rand-write-4K-qd1: (groupid=2, jobs=1): err= 0: pid=2303: Sun Jul 14 06:50:03 2019
  write: IOPS=42.8k, BW=167MiB/s (175MB/s)(5018MiB/30001msec)
    slat (usec): min=3, max=788, avg= 4.01, stdev= 2.72
    clat (nsec): min=1320, max=770394, avg=16393.57, stdev=4555.84
     lat (usec): min=17, max=810, avg=21.04, stdev= 5.46
    clat percentiles (usec):
     | 10.000th=[   16], 20.000th=[   16], 30.000th=[   16], 40.000th=[   16],
     | 50.000th=[   16], 70.000th=[   17], 90.000th=[   18], 99.000th=[   25],
     | 99.900th=[   42], 99.990th=[   49], 99.999th=[  750]
   bw (  KiB/s): min=110888, max=158598, per=89.10%, avg=152603.27, stdev=8492.30, samples=59
   iops        : min=27722, max=39649, avg=38150.47, stdev=2123.06, samples=59
  lat (usec)   : 2=0.01%, 4=0.01%, 10=0.01%, 20=96.50%, 50=3.49%
  lat (usec)   : 100=0.01%, 250=0.01%, 750=0.01%, 1000=0.01%
  cpu          : usr=21.00%, sys=33.67%, ctx=1284623, majf=0, minf=10
  IO depths    : 1=100.0%, 2=0.0%, 4=0.0%, 8=0.0%, 16=0.0%, 32=0.0%, >=64=0.0%
     submit    : 0=0.0%, 4=100.0%, 8=0.0%, 16=0.0%, 32=0.0%, 64=0.0%, >=64=0.0%
     complete  : 0=0.0%, 4=100.0%, 8=0.0%, 16=0.0%, 32=0.0%, 64=0.0%, >=64=0.0%
     issued rwt: total=0,1284640,0, short=0,0,0, dropped=0,0,0
     latency   : target=0, window=0, percentile=100.00%, depth=1
rand-read-4K-qd16: (groupid=3, jobs=4): err= 0: pid=2312: Sun Jul 14 06:50:03 2019
   read: IOPS=171k, BW=666MiB/s (699MB/s)(19.5GiB/30001msec)
    slat (usec): min=2, max=26602, avg=14.51, stdev=94.94
    clat (usec): min=10, max=26657, avg=74.98, stdev=211.68
     lat (usec): min=16, max=26664, avg=91.23, stdev=233.23
    clat percentiles (usec):
     | 10.000th=[   34], 20.000th=[   35], 30.000th=[   35], 40.000th=[   36],
     | 50.000th=[   36], 70.000th=[   37], 90.000th=[   44], 99.000th=[ 1172],
     | 99.900th=[ 2343], 99.990th=[ 3556], 99.999th=[ 6849]
   bw (  KiB/s): min=88862, max=158128, per=17.80%, avg=121479.74, stdev=6308.16, samples=236
   iops        : min=22215, max=39532, avg=30369.57, stdev=1577.05, samples=236
  lat (usec)   : 20=0.01%, 50=92.67%, 100=1.87%, 250=0.94%, 500=1.32%
  lat (usec)   : 750=1.07%, 1000=0.77%
  lat (msec)   : 2=1.17%, 4=0.20%, 10=0.01%, 20=0.01%, 50=0.01%
  cpu          : usr=20.01%, sys=29.46%, ctx=168997, majf=0, minf=60
  IO depths    : 1=0.1%, 2=0.1%, 4=100.0%, 8=0.0%, 16=0.0%, 32=0.0%, >=64=0.0%
     submit    : 0=0.0%, 4=100.0%, 8=0.0%, 16=0.0%, 32=0.0%, 64=0.0%, >=64=0.0%
     complete  : 0=0.0%, 4=100.0%, 8=0.0%, 16=0.0%, 32=0.0%, 64=0.0%, >=64=0.0%
     issued rwt: total=5118856,0,0, short=0,0,0, dropped=0,0,0
     latency   : target=0, window=0, percentile=100.00%, depth=4
rand-write-4K-qd16: (groupid=4, jobs=4): err= 0: pid=2326: Sun Jul 14 06:50:03 2019
  write: IOPS=164k, BW=641MiB/s (672MB/s)(18.8GiB/30001msec)
    slat (usec): min=2, max=18137, avg=16.09, stdev=73.30
    clat (usec): min=16, max=18174, avg=77.30, stdev=148.95
     lat (usec): min=23, max=18184, avg=95.05, stdev=165.21
    clat percentiles (usec):
     | 10.000th=[   35], 20.000th=[   36], 30.000th=[   37], 40.000th=[   37],
     | 50.000th=[   38], 70.000th=[   41], 90.000th=[  123], 99.000th=[  766],
     | 99.900th=[ 1352], 99.990th=[ 2147], 99.999th=[ 4883]
   bw (  KiB/s): min=118032, max=141973, per=20.74%, avg=136124.00, stdev=3592.70, samples=236
   iops        : min=29508, max=35493, avg=34030.61, stdev=898.15, samples=236
  lat (usec)   : 20=0.01%, 50=87.81%, 100=1.76%, 250=3.32%, 500=4.19%
  lat (usec)   : 750=1.85%, 1000=0.68%
  lat (msec)   : 2=0.38%, 4=0.01%, 10=0.01%, 20=0.01%
  cpu          : usr=20.32%, sys=28.70%, ctx=310419, majf=0, minf=45
  IO depths    : 1=0.1%, 2=0.1%, 4=100.0%, 8=0.0%, 16=0.0%, 32=0.0%, >=64=0.0%
     submit    : 0=0.0%, 4=100.0%, 8=0.0%, 16=0.0%, 32=0.0%, 64=0.0%, >=64=0.0%
     complete  : 0=0.0%, 4=100.0%, 8=0.0%, 16=0.0%, 32=0.0%, 64=0.0%, >=64=0.0%
     issued rwt: total=0,4922229,0, short=0,0,0, dropped=0,0,0
     latency   : target=0, window=0, percentile=100.00%, depth=4
rand-rw-4K-qd16: (groupid=5, jobs=4): err= 0: pid=2337: Sun Jul 14 06:50:03 2019
   read: IOPS=115k, BW=448MiB/s (470MB/s)(13.1GiB/30001msec)
    slat (usec): min=2, max=16692, avg=14.67, stdev=74.44
    clat (usec): min=7, max=23630, avg=76.31, stdev=158.19
     lat (usec): min=16, max=23642, avg=92.89, stdev=175.45
    clat percentiles (usec):
     | 10.000th=[   35], 20.000th=[   36], 30.000th=[   36], 40.000th=[   37],
     | 50.000th=[   37], 70.000th=[   40], 90.000th=[   63], 99.000th=[  857],
     | 99.900th=[ 1631], 99.990th=[ 2376], 99.999th=[ 3195]
   bw (  KiB/s): min=55951, max=121257, per=24.76%, avg=113713.92, stdev=10667.49, samples=239
   iops        : min=13987, max=30314, avg=28428.10, stdev=2666.87, samples=239
  write: IOPS=49.2k, BW=192MiB/s (202MB/s)(5768MiB/30001msec)
    slat (usec): min=2, max=23586, avg=16.93, stdev=82.18
    clat (usec): min=9, max=23627, avg=79.86, stdev=171.72
     lat (usec): min=23, max=23634, avg=98.61, stdev=190.22
    clat percentiles (usec):
     | 10.000th=[   35], 20.000th=[   36], 30.000th=[   36], 40.000th=[   37],
     | 50.000th=[   38], 70.000th=[   40], 90.000th=[   65], 99.000th=[  914],
     | 99.900th=[ 1729], 99.990th=[ 2507], 99.999th=[ 3458]
   bw (  KiB/s): min=24114, max=52113, per=24.76%, avg=48746.24, stdev=4559.07, samples=239
   iops        : min= 6028, max=13028, avg=12186.19, stdev=1139.79, samples=239
  lat (usec)   : 10=0.01%, 20=0.01%, 50=88.30%, 100=2.35%, 250=2.85%
  lat (usec)   : 500=3.42%, 750=1.63%, 1000=0.77%
  lat (msec)   : 2=0.64%, 4=0.04%, 10=0.01%, 20=0.01%, 50=0.01%
  cpu          : usr=20.93%, sys=28.11%, ctx=291721, majf=0, minf=50
  IO depths    : 1=0.1%, 2=0.1%, 4=100.0%, 8=0.0%, 16=0.0%, 32=0.0%, >=64=0.0%
     submit    : 0=0.0%, 4=100.0%, 8=0.0%, 16=0.0%, 32=0.0%, 64=0.0%, >=64=0.0%
     complete  : 0=0.0%, 4=100.0%, 8=0.0%, 16=0.0%, 32=0.0%, 64=0.0%, >=64=0.0%
     issued rwt: total=3444567,1476578,0, short=0,0,0, dropped=0,0,0
     latency   : target=0, window=0, percentile=100.00%, depth=4
rand-read-4K-qd128: (groupid=6, jobs=4): err= 0: pid=2346: Sun Jul 14 06:50:03 2019
   read: IOPS=176k, BW=686MiB/s (719MB/s)(20.1GiB/30001msec)
    slat (usec): min=2, max=30687, avg=14.52, stdev=124.15
    clat (usec): min=9, max=31868, avg=708.06, stdev=803.94
     lat (usec): min=14, max=31877, avg=726.38, stdev=816.06
    clat percentiles (usec):
     | 10.000th=[  330], 20.000th=[  334], 30.000th=[  343], 40.000th=[  351],
     | 50.000th=[  355], 70.000th=[  375], 90.000th=[ 1729], 99.000th=[ 3916],
     | 99.900th=[ 6259], 99.990th=[ 9765], 99.999th=[24511]
   bw (  KiB/s): min=54860, max=311092, per=19.45%, avg=136627.62, stdev=81030.82, samples=236
   iops        : min=13715, max=77773, avg=34156.53, stdev=20257.71, samples=236
  lat (usec)   : 10=0.01%, 20=0.01%, 50=0.01%, 100=0.01%, 250=0.01%
  lat (usec)   : 500=73.74%, 750=3.02%, 1000=3.36%
  lat (msec)   : 2=12.25%, 4=6.73%, 10=0.88%, 20=0.01%, 50=0.01%
  cpu          : usr=21.13%, sys=28.32%, ctx=170192, majf=0, minf=170
  IO depths    : 1=0.1%, 2=0.1%, 4=0.1%, 8=0.1%, 16=0.1%, 32=100.0%, >=64=0.0%
     submit    : 0=0.0%, 4=100.0%, 8=0.0%, 16=0.0%, 32=0.0%, 64=0.0%, >=64=0.0%
     complete  : 0=0.0%, 4=100.0%, 8=0.0%, 16=0.0%, 32=0.1%, 64=0.0%, >=64=0.0%
     issued rwt: total=5268469,0,0, short=0,0,0, dropped=0,0,0
     latency   : target=0, window=0, percentile=100.00%, depth=32
rand-write-4K-qd128: (groupid=7, jobs=4): err= 0: pid=2446: Sun Jul 14 06:50:03 2019
  write: IOPS=177k, BW=692MiB/s (725MB/s)(20.3GiB/30001msec)
    slat (usec): min=2, max=27896, avg=15.16, stdev=116.87
    clat (usec): min=5, max=28578, avg=702.91, stdev=677.37
     lat (usec): min=23, max=28587, avg=720.37, stdev=687.95
    clat percentiles (usec):
     | 10.000th=[  338], 20.000th=[  343], 30.000th=[  343], 40.000th=[  347],
     | 50.000th=[  351], 70.000th=[  594], 90.000th=[ 1663], 99.000th=[ 3195],
     | 99.900th=[ 4817], 99.990th=[ 7242], 99.999th=[20841]
   bw (  KiB/s): min=92561, max=342516, per=23.35%, avg=165373.71, stdev=99733.76, samples=236
   iops        : min=23140, max=85629, avg=41343.01, stdev=24933.43, samples=236
  lat (usec)   : 10=0.01%, 20=0.01%, 50=0.01%, 100=0.01%, 250=0.01%
  lat (usec)   : 500=68.55%, 750=4.37%, 1000=5.22%
  lat (msec)   : 2=15.66%, 4=5.92%, 10=0.28%, 20=0.01%, 50=0.01%
  cpu          : usr=20.62%, sys=28.66%, ctx=222568, majf=0, minf=45
  IO depths    : 1=0.1%, 2=0.1%, 4=0.1%, 8=0.1%, 16=0.1%, 32=100.0%, >=64=0.0%
     submit    : 0=0.0%, 4=100.0%, 8=0.0%, 16=0.0%, 32=0.0%, 64=0.0%, >=64=0.0%
     complete  : 0=0.0%, 4=100.0%, 8=0.0%, 16=0.0%, 32=0.1%, 64=0.0%, >=64=0.0%
     issued rwt: total=0,5312122,0, short=0,0,0, dropped=0,0,0
     latency   : target=0, window=0, percentile=100.00%, depth=32
rand-rw-4K-qd128: (groupid=8, jobs=4): err= 0: pid=2456: Sun Jul 14 06:50:03 2019
   read: IOPS=116k, BW=454MiB/s (476MB/s)(13.3GiB/30003msec)
    slat (usec): min=2, max=20059, avg=14.82, stdev=89.15
    clat (usec): min=5, max=29168, avg=749.47, stdev=592.00
     lat (usec): min=16, max=29173, avg=767.43, stdev=601.12
    clat percentiles (usec):
     | 10.000th=[  359], 20.000th=[  363], 30.000th=[  371], 40.000th=[  375],
     | 50.000th=[  383], 70.000th=[  922], 90.000th=[ 1598], 99.000th=[ 2638],
     | 99.900th=[ 3785], 99.990th=[ 5276], 99.999th=[22938]
   bw (  KiB/s): min=64949, max=236192, per=25.07%, avg=116575.87, stdev=67043.87, samples=240
   iops        : min=16237, max=59048, avg=29143.73, stdev=16761.08, samples=240
  write: IOPS=49.9k, BW=195MiB/s (204MB/s)(5844MiB/30003msec)
    slat (usec): min=2, max=28242, avg=18.60, stdev=107.76
    clat (usec): min=19, max=29134, avg=746.54, stdev=588.34
     lat (usec): min=24, max=29193, avg=768.19, stdev=600.87
    clat percentiles (usec):
     | 10.000th=[  359], 20.000th=[  363], 30.000th=[  371], 40.000th=[  375],
     | 50.000th=[  383], 70.000th=[  914], 90.000th=[ 1582], 99.000th=[ 2638],
     | 99.900th=[ 3752], 99.990th=[ 5342], 99.999th=[22676]
   bw (  KiB/s): min=27760, max=101908, per=25.07%, avg=50002.15, stdev=28846.30, samples=240
   iops        : min= 6940, max=25477, avg=12500.33, stdev=7211.68, samples=240
  lat (usec)   : 10=0.01%, 20=0.01%, 50=0.01%, 100=0.01%, 250=0.01%
  lat (usec)   : 500=60.38%, 750=4.97%, 1000=7.04%
  lat (msec)   : 2=23.45%, 4=4.10%, 10=0.06%, 20=0.01%, 50=0.01%
  cpu          : usr=20.55%, sys=28.49%, ctx=278425, majf=0, minf=48
  IO depths    : 1=0.1%, 2=0.1%, 4=0.1%, 8=0.1%, 16=0.1%, 32=100.0%, >=64=0.0%
     submit    : 0=0.0%, 4=100.0%, 8=0.0%, 16=0.0%, 32=0.0%, 64=0.0%, >=64=0.0%
     complete  : 0=0.0%, 4=100.0%, 8=0.0%, 16=0.0%, 32=0.1%, 64=0.0%, >=64=0.0%
     issued rwt: total=3487752,1496005,0, short=0,0,0, dropped=0,0,0
     latency   : target=0, window=0, percentile=100.00%, depth=32

Run status group 0 (all jobs):
  WRITE: bw=2458MiB/s (2577MB/s), 2458MiB/s-2458MiB/s (2577MB/s-2577MB/s), io=36.0GiB (38.7GB), run=15001-15001msec

Run status group 1 (all jobs):
   READ: bw=184MiB/s (193MB/s), 184MiB/s-184MiB/s (193MB/s-193MB/s), io=5508MiB (5775MB), run=30001-30001msec

Run status group 2 (all jobs):
  WRITE: bw=167MiB/s (175MB/s), 167MiB/s-167MiB/s (175MB/s-175MB/s), io=5018MiB (5262MB), run=30001-30001msec

Run status group 3 (all jobs):
   READ: bw=666MiB/s (699MB/s), 666MiB/s-666MiB/s (699MB/s-699MB/s), io=19.5GiB (20.0GB), run=30001-30001msec

Run status group 4 (all jobs):
  WRITE: bw=641MiB/s (672MB/s), 641MiB/s-641MiB/s (672MB/s-672MB/s), io=18.8GiB (20.2GB), run=30001-30001msec

Run status group 5 (all jobs):
   READ: bw=448MiB/s (470MB/s), 448MiB/s-448MiB/s (470MB/s-470MB/s), io=13.1GiB (14.1GB), run=30001-30001msec
  WRITE: bw=192MiB/s (202MB/s), 192MiB/s-192MiB/s (202MB/s-202MB/s), io=5768MiB (6048MB), run=30001-30001msec

Run status group 6 (all jobs):
   READ: bw=686MiB/s (719MB/s), 686MiB/s-686MiB/s (719MB/s-719MB/s), io=20.1GiB (21.6GB), run=30001-30001msec

Run status group 7 (all jobs):
  WRITE: bw=692MiB/s (725MB/s), 692MiB/s-692MiB/s (725MB/s-725MB/s), io=20.3GiB (21.8GB), run=30001-30001msec

Run status group 8 (all jobs):
   READ: bw=454MiB/s (476MB/s), 454MiB/s-454MiB/s (476MB/s-476MB/s), io=13.3GiB (14.3GB), run=30003-30003msec
  WRITE: bw=195MiB/s (204MB/s), 195MiB/s-195MiB/s (204MB/s-204MB/s), io=5844MiB (6128MB), run=30003-30003msec

Disk stats (read/write):
  sdb: ios=18722370/14783245, merge=0/0, ticks=216556/424832, in_queue=370312, util=49.99%
