***************************************
*** ###easy### TPC-C Load Generator ***
***************************************
option h with value '192.168.122.77'
option P with value '3306'
option d with value 'benchmarker'
option u with value 'root'
option p with value '123456'
option w with value '11'
option c with value '8'
option r with value '22'
option l with value '60'
option i with value '10'
<Parameters>
     [server]: 192.168.122.77
     [port]: 3306
     [DBname]: benchmarker
       [user]: root
       [pass]: 123456
  [warehouse]: 11
 [connection]: 8
     [rampup]: 22 (sec.)
    [measure]: 60 (sec.)

RAMP-UP TIME.(22 sec.)

MEASURING START.

  10, trx: 1071, 95%: 59.768, 99%: 71.806, max_rt: 147.185, 1076|58.506, 108|37.387, 108|205.866, 108|313.300
  20, trx: 1072, 95%: 59.518, 99%: 72.323, max_rt: 123.897, 1063|49.227, 106|15.370, 106|154.552, 107|180.777
  30, trx: 1079, 95%: 56.633, 99%: 64.780, max_rt: 103.389, 1081|56.326, 109|16.402, 108|145.516, 108|189.678
  40, trx: 1078, 95%: 58.722, 99%: 71.142, max_rt: 130.192, 1081|47.483, 107|37.718, 108|155.380, 108|180.597
  50, trx: 1071, 95%: 60.542, 99%: 71.784, max_rt: 99.189, 1070|49.158, 108|18.716, 108|143.108, 107|186.433
  60, trx: 1060, 95%: 60.524, 99%: 69.417, max_rt: 95.417, 1063|39.457, 105|14.333, 105|171.965, 106|184.693

STOPPING THREADS........

<Raw Results>
  [0] sc:0 lt:6431  rt:0  fl:0 avg_rt: 52.7 (5)
  [1] sc:442 lt:5992  rt:0  fl:0 avg_rt: 13.6 (5)
  [2] sc:283 lt:360  rt:0  fl:0 avg_rt: 7.6 (5)
  [3] sc:21 lt:622  rt:0  fl:0 avg_rt: 143.9 (80)
  [4] sc:0 lt:644  rt:0  fl:0 avg_rt: 204.7 (20)
 in 60 sec.

<Raw Results2(sum ver.)>
  [0] sc:0  lt:6431  rt:0  fl:0 
  [1] sc:442  lt:5992  rt:0  fl:0 
  [2] sc:283  lt:360  rt:0  fl:0 
  [3] sc:21  lt:622  rt:0  fl:0 
  [4] sc:0  lt:644  rt:0  fl:0 

<Constraint Check> (all must be [OK])
 [transaction percentage]
        Payment: 43.49% (>=43.0%) [OK]
   Order-Status: 4.35% (>= 4.0%) [OK]
       Delivery: 4.35% (>= 4.0%) [OK]
    Stock-Level: 4.35% (>= 4.0%) [OK]
 [response time (at least 90% passed)]
      New-Order: 0.00%  [NG] *
        Payment: 6.87%  [NG] *
   Order-Status: 44.01%  [NG] *
       Delivery: 3.27%  [NG] *
    Stock-Level: 0.00%  [NG] *

<TpmC>
                 6431.000 TpmC
