***************************************
*** ###easy### TPC-C Load Generator ***
***************************************
option h with value '127.0.0.1'
option P with value '13306'
option d with value 'benchmarker'
option u with value 'root'
option p with value '123456'
option w with value '11'
option c with value '2'
option r with value '22'
option l with value '60'
option i with value '10'
<Parameters>
     [server]: 127.0.0.1
     [port]: 13306
     [DBname]: benchmarker
       [user]: root
       [pass]: 123456
  [warehouse]: 11
 [connection]: 2
     [rampup]: 22 (sec.)
    [measure]: 60 (sec.)

RAMP-UP TIME.(22 sec.)

MEASURING START.

  10, trx: 980, 95%: 21.789, 99%: 27.478, max_rt: 62.493, 981|19.453, 98|6.658, 99|99.795, 98|116.851
  20, trx: 1068, 95%: 15.033, 99%: 20.043, max_rt: 31.026, 1068|11.130, 106|7.453, 106|46.383, 106|55.127
  30, trx: 1054, 95%: 15.186, 99%: 22.264, max_rt: 32.804, 1055|15.245, 106|3.990, 105|42.360, 105|57.628
  40, trx: 1067, 95%: 15.378, 99%: 18.726, max_rt: 24.611, 1067|11.143, 107|4.568, 108|37.273, 107|59.373
  50, trx: 1064, 95%: 15.204, 99%: 18.587, max_rt: 24.699, 1059|12.098, 105|5.770, 105|36.595, 106|55.068
  60, trx: 1052, 95%: 15.091, 99%: 21.172, max_rt: 28.043, 1055|8.180, 106|4.700, 106|40.796, 106|56.929

STOPPING THREADS..

<Raw Results>
  [0] sc:54 lt:6231  rt:0  fl:0 avg_rt: 14.2 (5)
  [1] sc:6172 lt:113  rt:0  fl:0 avg_rt: 3.4 (5)
  [2] sc:626 lt:2  rt:0  fl:0 avg_rt: 1.8 (5)
  [3] sc:628 lt:1  rt:0  fl:0 avg_rt: 31.6 (80)
  [4] sc:0 lt:628  rt:0  fl:0 avg_rt: 52.0 (20)
 in 60 sec.

<Raw Results2(sum ver.)>
  [0] sc:54  lt:6231  rt:0  fl:0 
  [1] sc:6172  lt:113  rt:0  fl:0 
  [2] sc:626  lt:2  rt:0  fl:0 
  [3] sc:628  lt:1  rt:0  fl:0 
  [4] sc:0  lt:628  rt:0  fl:0 

<Constraint Check> (all must be [OK])
 [transaction percentage]
        Payment: 43.48% (>=43.0%) [OK]
   Order-Status: 4.34% (>= 4.0%) [OK]
       Delivery: 4.35% (>= 4.0%) [OK]
    Stock-Level: 4.34% (>= 4.0%) [OK]
 [response time (at least 90% passed)]
      New-Order: 0.86%  [NG] *
        Payment: 98.20%  [OK]
   Order-Status: 99.68%  [OK]
       Delivery: 99.84%  [OK]
    Stock-Level: 0.00%  [NG] *

<TpmC>
                 6285.000 TpmC
