Initializing 100 connections...
Initializing 100 workers and preparing statements...
_elapsed___errors__ops/sec(inst)___ops/sec(cum)__p50(ms)__p95(ms)__p99(ms)_pMax(ms)
      1s        0            1.4            3.0    151.0    234.9    234.9    234.9 delivery
      1s        0           12.2           27.0     96.5    176.2    226.5    226.5 newOrder
      1s        0            2.3            5.0     19.9     37.7     37.7     37.7 orderStatus
      1s        0            8.6           19.0     46.1    151.0    285.2    285.2 payment
      1s        0            0.5            1.0     44.0     44.0     44.0     44.0 stockLevel
      2s        0            2.0            2.5    285.2    285.2    285.2    285.2 delivery
      2s        0           28.0           27.5    176.2    469.8    536.9    536.9 newOrder
      2s        0            4.0            4.5     71.3     79.7     79.7     79.7 orderStatus
      2s        0           38.0           28.5     88.1    302.0    604.0    604.0 payment
      2s        0            6.0            3.5     71.3    121.6    121.6    121.6 stockLevel
      3s        0            1.0            2.0    402.7    402.7    402.7    402.7 delivery
      3s        0           35.0           30.0    285.2    704.6    838.9    838.9 newOrder
      3s        0            3.0            4.0     75.5    167.8    167.8    167.8 orderStatus
      3s        0           29.0           28.7    121.6    671.1    738.2    738.2 payment
      3s        0            3.0            3.3    104.9    218.1    218.1    218.1 stockLevel
      4s        0            5.0            2.7    218.1    260.0    260.0    260.0 delivery
      4s        0           26.0           29.0    151.0    872.4   2684.4   2684.4 newOrder
      4s        0            2.0            3.5     41.9     75.5     75.5     75.5 orderStatus
      4s        0           38.0           31.0    100.7   1342.2   2013.3   2013.3 payment
      4s        0            7.0            4.2     56.6    872.4    872.4    872.4 stockLevel
_elapsed___errors__ops/sec(inst)___ops/sec(cum)__p50(ms)__p95(ms)__p99(ms)_pMax(ms)
      5s        0            4.0            3.0    352.3    419.4    419.4    419.4 delivery
      5s        0           34.0           30.0    226.5   1073.7   1409.3   1409.3 newOrder
      5s        0            3.0            3.4     75.5     79.7     79.7     79.7 orderStatus
      5s        0           23.0           29.4     96.5   1073.7   1140.9   1140.9 payment
      5s        0            4.0            4.2     88.1     92.3     92.3     92.3 stockLevel
      6s        0            3.0            3.0    604.0    771.8    771.8    771.8 delivery
      6s        0           40.0           31.7    218.1   1543.5   1946.2   1946.2 newOrder
      6s        0            5.0            3.7     67.1    104.9    104.9    104.9 orderStatus
      6s        0           28.0           29.2    109.1   2818.6   3489.7   3489.7 payment
      6s        0            1.0            3.7     96.5     96.5     96.5     96.5 stockLevel
      7s        0            3.0            3.0    260.0    268.4    268.4    268.4 delivery
      7s        0           30.0           31.4    335.5   2080.4   2415.9   2415.9 newOrder
      7s        0            4.0            3.7     41.9     79.7     79.7     79.7 orderStatus
      7s        0           40.0           30.7    142.6   2818.6   2952.8   2952.8 payment
      7s        0            3.0            3.6    738.2   1811.9   1811.9   1811.9 stockLevel
      8s        0            4.0            3.1    436.2    805.3    805.3    805.3 delivery
      8s        0           26.0           30.7    226.5   1610.6   1811.9   1811.9 newOrder
      8s        0            0.0            3.2      0.0      0.0      0.0      0.0 orderStatus
      8s        0           31.0           30.7    243.3   3623.9   5905.6   5905.6 payment
      8s        0            3.0            3.5     96.5    159.4    159.4    159.4 stockLevel
_elapsed___errors__ops/sec(inst)___ops/sec(cum)__p50(ms)__p95(ms)__p99(ms)_pMax(ms)
      9s        0            4.0            3.2    335.5    973.1    973.1    973.1 delivery
      9s        0           32.0           30.9    243.3   1140.9   1744.8   1744.8 newOrder
      9s        0            0.0            2.9      0.0      0.0      0.0      0.0 orderStatus
      9s        0           28.0           30.4    125.8   3221.2   3221.2   3221.2 payment
      9s        0            5.0            3.7    100.7    159.4    159.4    159.4 stockLevel
     10s        0            6.0            3.5    369.1   1409.3   1409.3   1409.3 delivery
     10s        0           24.0           30.2    704.6   2952.8   5100.3   5100.3 newOrder
     10s        0            1.0            2.7     71.3     71.3     71.3     71.3 orderStatus
     10s        0           28.0           30.2    260.0   4026.5   6174.0   6174.0 payment
     10s        0            5.0            3.8    104.9   2818.6   2818.6   2818.6 stockLevel
_elapsed___errors__ops/sec(inst)___ops/sec(cum)__p50(ms)__p95(ms)__p99(ms)_pMax(ms)
      1s        0            0.0            0.0      0.0      0.0      0.0      0.0 delivery
      1s        0            5.0            5.0    201.3    771.8    771.8    771.8 newOrder
      1s        0            0.0            0.0      0.0      0.0      0.0      0.0 orderStatus
      1s        0           12.0           12.0    130.0    335.5    704.6    704.6 payment
      1s        0            2.0            2.0     79.7    260.0    260.0    260.0 stockLevel
      2s        0            3.0            1.5    260.0    385.9    385.9    385.9 delivery
      2s        0           21.0           13.0    335.5   1476.4   1677.7   1677.7 newOrder
      2s        0            6.0            3.0     71.3    771.8    771.8    771.8 orderStatus
      2s        0           14.0           13.0    176.2   1208.0   1409.3   1409.3 payment
      2s        0            1.0            1.5     62.9     62.9     62.9     62.9 stockLevel
      3s        0            2.0            1.7    402.7    486.5    486.5    486.5 delivery
      3s        0           31.0           19.0    704.6   1946.2   2415.9   2415.9 newOrder
      3s        0            1.0            2.3     75.5     75.5     75.5     75.5 orderStatus
      3s        0           15.0           13.7    226.5   1208.0   1744.8   1744.8 payment
      3s        0            4.0            2.3    838.9   2080.4   2080.4   2080.4 stockLevel
      4s        0            3.0            2.0    520.1   1677.7   1677.7   1677.7 delivery
      4s        0           27.0           21.0    939.5   2550.1   2952.8   2952.8 newOrder
      4s        0            3.0            2.5     46.1     50.3     50.3     50.3 orderStatus
      4s        0           32.0           18.3    302.0   2684.4   3623.9   3623.9 payment
      4s        0            3.0            2.5    604.0   1140.9   1140.9   1140.9 stockLevel
_elapsed___errors__ops/sec(inst)___ops/sec(cum)__p50(ms)__p95(ms)__p99(ms)_pMax(ms)
      5s        0            1.0            1.8    302.0    302.0    302.0    302.0 delivery
      5s        0           27.0           22.2    604.0   1677.7   3892.3   3892.3 newOrder
      5s        0            2.0            2.4     50.3     58.7     58.7     58.7 orderStatus
      5s        0           32.0           21.0    436.2   2147.5   3758.1   3758.1 payment
      5s        0            3.0            2.6    637.5   2080.4   2080.4   2080.4 stockLevel
      6s        0            4.0            2.2    385.9    486.5    486.5    486.5 delivery
      6s        0           29.0           23.3    486.5   2415.9   5100.3   5100.3 newOrder
      6s        0            1.0            2.2     33.6     33.6     33.6     33.6 orderStatus
      6s        0           15.0           20.0    453.0   3221.2   4295.0   4295.0 payment
      6s        0            2.0            2.5     71.3    570.4    570.4    570.4 stockLevel
      7s        0            3.0            2.3    218.1    385.9    385.9    385.9 delivery
      7s        0           25.0           23.6    268.4   4563.4   4831.8   4831.8 newOrder
      7s        0            5.0            2.6     71.3    671.1    671.1    671.1 orderStatus
      7s        0           23.0           20.4    117.4   3892.3   4563.4   4563.4 payment
      7s        0            1.0            2.3    151.0    151.0    151.0    151.0 stockLevel
      8s        0            1.0            2.1    352.3    352.3    352.3    352.3 delivery
      8s        0           32.0           24.6    771.8   5905.6   7516.2   7516.2 newOrder
      8s        0            4.0            2.8     71.3    234.9    234.9    234.9 orderStatus
      8s        0           34.0           22.1    251.7   5100.3   6710.9   6710.9 payment
      8s        0            3.0            2.4    151.0    453.0    453.0    453.0 stockLevel
_elapsed___errors__ops/sec(inst)___ops/sec(cum)__p50(ms)__p95(ms)__p99(ms)_pMax(ms)
      9s        0            5.0            2.4    268.4    385.9    385.9    385.9 delivery
      9s        0           24.0           24.6    469.8   6442.5   6442.5   6442.5 newOrder
      9s        0            2.0            2.7     37.7     50.3     50.3     50.3 orderStatus
      9s        0           22.0           22.1    130.0    872.4   5905.6   5905.6 payment
      9s        0            3.0            2.4    226.5    570.4    570.4    570.4 stockLevel
     10s        0            3.0            2.5    268.4    318.8    318.8    318.8 delivery
     10s        0           25.0           24.6    184.5   5637.1   6174.0   6174.0 newOrder
     10s        0            2.0            2.6     41.9    151.0    151.0    151.0 orderStatus
     10s        0           31.0           23.0     96.5   5637.1   9663.7   9663.7 payment
     10s        0            4.0            2.6     71.3   2550.1   2550.1   2550.1 stockLevel
     11s        0            5.0            2.7    369.1    637.5    637.5    637.5 delivery
     11s        0           30.0           25.1    260.0   3355.4   6174.0   6174.0 newOrder
     11s        0            4.0            2.7     65.0   1040.2   1040.2   1040.2 orderStatus
     11s        0           18.0           22.5    318.8   8321.5   9126.8   9126.8 payment
     11s        0            2.0            2.5    385.9   1811.9   1811.9   1811.9 stockLevel
     12s        0            3.0            2.8    671.1    838.9    838.9    838.9 delivery
     12s        0           27.0           25.3    302.0   3489.7   5637.1   5637.1 newOrder
     12s        0            5.0            2.9     65.0    167.8    167.8    167.8 orderStatus
     12s        0           30.0           23.2    184.5  10737.4  10737.4  10737.4 payment
     12s        0            5.0            2.8    142.6    704.6    704.6    704.6 stockLevel
_elapsed___errors__ops/sec(inst)___ops/sec(cum)__p50(ms)__p95(ms)__p99(ms)_pMax(ms)
     13s        0            4.0            2.8    268.4    906.0    906.0    906.0 delivery
     13s        0           30.0           25.6    302.0   6174.0   9663.7   9663.7 newOrder
     13s        0            2.0            2.8     62.9     71.3     71.3     71.3 orderStatus
     13s        0           26.0           23.4    159.4   9663.7  10200.5  10200.5 payment
     13s        0            1.0            2.6    419.4    419.4    419.4    419.4 stockLevel
     14s        0            3.0            2.9    285.2    419.4    419.4    419.4 delivery
     14s        0           29.0           25.9    738.2   6710.9   7247.8   7247.8 newOrder
     14s        0            3.0            2.9     71.3    402.7    402.7    402.7 orderStatus
     14s        0           29.0           23.8    352.3   8589.9  11274.3  11274.3 payment
     14s        0            3.0            2.6     92.3    104.9    104.9    104.9 stockLevel
     15s        0            3.0            2.9    671.1   1208.0   1208.0   1208.0 delivery
     15s        0           30.0           26.1    209.7   3489.7   7516.2   7516.2 newOrder
     15s        0            3.0            2.9     92.3     92.3     92.3     92.3 orderStatus
     15s        0           25.0           23.9    159.4   5368.7   9663.7   9663.7 payment
     15s        0            3.0            2.7     48.2     50.3     50.3     50.3 stockLevel
     16s        0            1.0            2.8    352.3    352.3    352.3    352.3 delivery
     16s        0           27.0           26.2    402.7   2550.1   3087.0   3087.0 newOrder
     16s        0            8.0            3.2     62.9    503.3    503.3    503.3 orderStatus
     16s        0           33.0           24.4    167.8   6174.0  12884.9  12884.9 payment
     16s        0            4.0            2.8     79.7     83.9     83.9     83.9 stockLevel
_elapsed___errors__ops/sec(inst)___ops/sec(cum)__p50(ms)__p95(ms)__p99(ms)_pMax(ms)
     17s        0            4.0            2.8    302.0    503.3    503.3    503.3 delivery
     17s        0           22.0           25.9    302.0   5637.1   7784.6   7784.6 newOrder
     17s        0            2.0            3.1     37.7     41.9     41.9     41.9 orderStatus
     17s        0           24.0           24.4    218.1   9663.7  12884.9  12884.9 payment
     17s        0            0.0            2.6      0.0      0.0      0.0      0.0 stockLevel
     18s        0            2.0            2.8    201.3    838.9    838.9    838.9 delivery
     18s        0           27.0           26.0    453.0   6174.0   8321.5   8321.5 newOrder
     18s        0            3.0            3.1     46.1    151.0    151.0    151.0 orderStatus
     18s        0           36.0           25.1    176.2   8589.9  13958.6  13958.6 payment
     18s        0            4.0            2.7     71.3   4160.7   4160.7   4160.7 stockLevel
     19s        0            1.0            2.7    453.0    453.0    453.0    453.0 delivery
     19s        0           34.0           26.4    243.3   2550.1   7784.6   7784.6 newOrder
     19s        0            2.0            3.1     62.9     83.9     83.9     83.9 orderStatus
     19s        0           21.0           24.8    167.8   2415.9   4563.4   4563.4 payment
     19s        0            1.0            2.6     65.0     65.0     65.0     65.0 stockLevel
     20s        0            5.0            2.8    302.0    536.9    536.9    536.9 delivery
     20s        0           27.0           26.5    486.5   2952.8   3489.7   3489.7 newOrder
     20s        0            4.0            3.1     75.5    503.3    503.3    503.3 orderStatus
     20s        0           28.0           25.0    302.0   8589.9  15569.3  15569.3 payment
     20s        0            1.0            2.5     79.7     79.7     79.7     79.7 stockLevel
_elapsed___errors__ops/sec(inst)___ops/sec(cum)__p50(ms)__p95(ms)__p99(ms)_pMax(ms)
     21s        0            5.0            2.9    385.9    637.5    637.5    637.5 delivery
     21s        0           30.0           26.6    201.3   7784.6   8321.5   8321.5 newOrder
     21s        0            2.0            3.0     46.1     46.1     46.1     46.1 orderStatus
     21s        0           26.0           25.0    130.0   9663.7  18253.6  18253.6 payment
     21s        0            4.0            2.6     67.1    302.0    302.0    302.0 stockLevel
     22s        0            3.0            2.9    318.8    637.5    637.5    637.5 delivery
     22s        0           21.0           26.4    335.5   1744.8   1811.9   1811.9 newOrder
     22s        0            1.0            3.0     39.8     39.8     39.8     39.8 orderStatus
     22s        0           31.0           25.3    369.1  11274.3  20401.1  20401.1 payment
     22s        0            3.0            2.6    335.5    503.3    503.3    503.3 stockLevel
     23s        0            4.0            3.0    318.8    604.0    604.0    604.0 delivery
     23s        0           21.0           26.1    218.1    906.0   1677.7   1677.7 newOrder
     23s        0            4.0            3.0     79.7     96.5     96.5     96.5 orderStatus
     23s        0           38.0           25.9    318.8   5368.7  16106.1  16106.1 payment
     23s        0            4.0            2.7     67.1    872.4    872.4    872.4 stockLevel
     24s        0            3.0            3.0    318.8    604.0    604.0    604.0 delivery
     24s        0           31.0           26.3    251.7   1073.7  12348.0  12348.0 newOrder
     24s        0            3.0            3.0     65.0     71.3     71.3     71.3 orderStatus
     24s        0           31.0           26.1    302.0   4026.5   8321.5   8321.5 payment
     24s        0            2.0            2.6     88.1    176.2    176.2    176.2 stockLevel
_elapsed___errors__ops/sec(inst)___ops/sec(cum)__p50(ms)__p95(ms)__p99(ms)_pMax(ms)
     25s        0            3.0            3.0    209.7    285.2    285.2    285.2 delivery
     25s        0           36.0           26.7    151.0    838.9   1744.8   1744.8 newOrder
     25s        0            7.0            3.2     41.9     92.3     92.3     92.3 orderStatus
     25s        0           31.0           26.3    117.4   4295.0   5368.7   5368.7 payment
     25s        0            1.0            2.6    218.1    218.1    218.1    218.1 stockLevel
     26s        0            1.0            2.9    335.5    335.5    335.5    335.5 delivery
     26s        0           36.0           27.1    226.5  10737.4  14495.5  14495.5 newOrder
     26s        0            4.0            3.2     48.2     75.5     75.5     75.5 orderStatus
     26s        0           27.0           26.3    117.4   9663.7  10737.4  10737.4 payment
     26s        0            0.0            2.5      0.0      0.0      0.0      0.0 stockLevel
     27s        0            2.0            2.9    268.4    385.9    385.9    385.9 delivery
     27s        0           29.0           27.1    369.1  10200.5  12348.0  12348.0 newOrder
     27s        0            3.0            3.2     54.5    109.1    109.1    109.1 orderStatus
     27s        0           21.0           26.1    104.9   2281.7   6979.3   6979.3 payment
     27s        0            4.0            2.5    335.5   1946.2   1946.2   1946.2 stockLevel
     28s        0            2.0            2.8    973.1   1476.4   1476.4   1476.4 delivery
     28s        0           30.0           27.3    436.2   8321.5  12348.0  12348.0 newOrder
     28s        0            5.0            3.3     92.3    100.7    100.7    100.7 orderStatus
     28s        0           23.0           26.0    121.6   1476.4   2952.8   2952.8 payment
     28s        0            6.0            2.6     83.9   4295.0   4295.0   4295.0 stockLevel
_elapsed___errors__ops/sec(inst)___ops/sec(cum)__p50(ms)__p95(ms)__p99(ms)_pMax(ms)
     29s        0            3.0            2.8    285.2   1208.0   1208.0   1208.0 delivery
     29s        0           30.0           27.3    285.2   5100.3   9126.8   9126.8 newOrder
     29s        0            3.0            3.2     71.3     75.5     75.5     75.5 orderStatus
     29s        0           28.0           26.1    100.7  13958.6  26843.5  26843.5 payment
     29s        0            4.0            2.7    486.5   2147.5   2147.5   2147.5 stockLevel
     30s        0            4.0            2.9    369.1    453.0    453.0    453.0 delivery
     30s        0           30.0           27.4    184.5   1006.6   3087.0   3087.0 newOrder
     30s        0            5.0            3.3     75.5    268.4    268.4    268.4 orderStatus
     30s        0           36.0           26.4    117.4  11274.3  13958.6  13958.6 payment
     30s        0            5.0            2.8    201.3    369.1    369.1    369.1 stockLevel
     31s        0            1.0            2.8    104.9    104.9    104.9    104.9 delivery
     31s        0           29.0           27.5    209.7    906.0   1409.3   1409.3 newOrder
     31s        0            0.0            3.2      0.0      0.0      0.0      0.0 orderStatus
     31s        0           26.0           26.4     56.6    671.1    671.1    671.1 payment
     31s        0            2.0            2.7     30.4    167.8    167.8    167.8 stockLevel
     32s        0            2.0            2.8    209.7    352.3    352.3    352.3 delivery
     32s        0           26.0           27.4    234.9  10200.5  10737.4  10737.4 newOrder
     32s        0            2.0            3.2      4.7     26.2     26.2     26.2 orderStatus
     32s        0           20.0           26.2     75.5    520.1    604.0    604.0 payment
     32s        0            3.0            2.8     30.4   5905.6   5905.6   5905.6 stockLevel
_elapsed___errors__ops/sec(inst)___ops/sec(cum)__p50(ms)__p95(ms)__p99(ms)_pMax(ms)
     33s        0            6.0            2.9    243.3    436.2    436.2    436.2 delivery
     33s        0           30.0           27.5    201.3   9663.7  15569.3  15569.3 newOrder
     33s        0            3.0            3.2     75.5    167.8    167.8    167.8 orderStatus
     33s        0           20.0           26.0    109.1   1140.9   9663.7   9663.7 payment
     33s        0            1.0            2.7    318.8    318.8    318.8    318.8 stockLevel
     34s        0            1.0            2.8    419.4    419.4    419.4    419.4 delivery
     34s        0           18.0           27.2    234.9   4160.7  22548.6  22548.6 newOrder
     34s        0            0.0            3.1      0.0      0.0      0.0      0.0 orderStatus
     34s        0           12.0           25.6    184.5    402.7    704.6    704.6 payment
     34s        0            2.0            2.7     88.1     96.5     96.5     96.5 stockLevel
     35s        0            3.0            2.8    192.9    973.1    973.1    973.1 delivery
     35s        0           22.0           27.1    192.9   1040.2   1275.1   1275.1 newOrder
     35s        0            2.0            3.0     10.0     28.3     28.3     28.3 orderStatus
     35s        0           30.0           25.7    192.9  16106.1  19327.4  19327.4 payment
     35s        0            5.0            2.7    201.3    838.9    838.9    838.9 stockLevel
     36s        0            0.0            2.8      0.0      0.0      0.0      0.0 delivery
     36s        0           18.0           26.8    130.0   4026.5   4160.7   4160.7 newOrder
     36s        0            2.0            3.0     28.3     29.4     29.4     29.4 orderStatus
     36s        0           23.0           25.6     35.7   9663.7  31138.5  31138.5 payment
     36s        0            3.0            2.8   2684.4   3892.3   3892.3   3892.3 stockLevel
_elapsed___errors__ops/sec(inst)___ops/sec(cum)__p50(ms)__p95(ms)__p99(ms)_pMax(ms)
     37s        0            3.0            2.8    201.3    285.2    285.2    285.2 delivery
     37s        0           22.0           26.7    104.9  10737.4  12348.0  12348.0 newOrder
     37s        0            0.0            2.9      0.0      0.0      0.0      0.0 orderStatus
     37s        0           10.0           25.2     60.8   1409.3   1409.3   1409.3 payment
     37s        0            0.0            2.7      0.0      0.0      0.0      0.0 stockLevel
     38s        0            3.0            2.8    113.2    176.2    176.2    176.2 delivery
     38s        0           22.0           26.6    167.8  13958.6  18253.6  18253.6 newOrder
     38s        0            3.0            2.9    285.2    385.9    385.9    385.9 orderStatus
     38s        0           23.0           25.2     75.5   1040.2  19327.4  19327.4 payment
     38s        0            2.0            2.7    335.5    503.3    503.3    503.3 stockLevel
     39s        0            3.0            2.8    419.4    469.8    469.8    469.8 delivery
     39s        0           30.0           26.7    218.1  12348.0  17179.9  17179.9 newOrder
     39s        0            5.0            3.0     54.5     92.3     92.3     92.3 orderStatus
     39s        0           25.0           25.2    100.7    251.7    520.1    520.1 payment
     39s        0            6.0            2.7     83.9    226.5    226.5    226.5 stockLevel
     40s        0            3.0            2.8    352.3    352.3    352.3    352.3 delivery
     40s        0           28.0           26.7    192.9   6979.3  12348.0  12348.0 newOrder
     40s        0            1.0            2.9    436.2    436.2    436.2    436.2 orderStatus
     40s        0           20.0           25.0     83.9   8053.1  11274.3  11274.3 payment
     40s        0            1.0            2.7     67.1     67.1     67.1     67.1 stockLevel
_elapsed___errors__ops/sec(inst)___ops/sec(cum)__p50(ms)__p95(ms)__p99(ms)_pMax(ms)
     41s        0            2.0            2.8    151.0    243.3    243.3    243.3 delivery
     41s        0           30.0           26.8    142.6  19327.4  19327.4  19327.4 newOrder
     41s        0            2.0            2.9     56.6    125.8    125.8    125.8 orderStatus
     41s        0           27.0           25.1     67.1  16643.0  26843.5  26843.5 payment
     41s        0            3.0            2.7    251.7    285.2    285.2    285.2 stockLevel
     42s        0            2.0            2.7    159.4    369.1    369.1    369.1 delivery
     42s        0           26.0           26.8    134.2    973.1  15569.3  15569.3 newOrder
     42s        0            3.0            2.9     27.3     54.5     54.5     54.5 orderStatus
     42s        0           43.0           25.5    117.4    805.3  21474.8  21474.8 payment
     42s        0            2.0            2.7     52.4    176.2    176.2    176.2 stockLevel
     43s        0            3.0            2.7    201.3    285.2    285.2    285.2 delivery
     43s        0           23.0           26.7    125.8   5100.3  12884.9  12884.9 newOrder
     43s        0            1.0            2.9     31.5     31.5     31.5     31.5 orderStatus
     43s        0           23.0           25.4     71.3   9663.7  22548.6  22548.6 payment
     43s        0            3.0            2.7    100.7    113.2    113.2    113.2 stockLevel
     44s        0            1.0            2.7    201.3    201.3    201.3    201.3 delivery
     44s        0           14.0           26.4    130.0   5100.3   9663.7   9663.7 newOrder
     44s        0            0.0            2.8      0.0      0.0      0.0      0.0 orderStatus
     44s        0           14.0           25.2     56.6  30064.8  38654.7  38654.7 payment
     44s        0            1.0            2.7     44.0     44.0     44.0     44.0 stockLevel
_elapsed___errors__ops/sec(inst)___ops/sec(cum)__p50(ms)__p95(ms)__p99(ms)_pMax(ms)
     45s        0            2.0            2.7    302.0    419.4    419.4    419.4 delivery
     45s        0           20.0           26.2    142.6  14495.5  15032.4  15032.4 newOrder
     45s        0            1.0            2.8    704.6    704.6    704.6    704.6 orderStatus
     45s        0           18.0           25.0     83.9  24696.1  42949.7  42949.7 payment
     45s        0            2.0            2.6     27.3    209.7    209.7    209.7 stockLevel
     46s        0            1.0            2.7    251.7    251.7    251.7    251.7 delivery
     46s        0           28.0           26.3    226.5    503.3   2281.7   2281.7 newOrder
     46s        0            2.0            2.7      7.1     96.5     96.5     96.5 orderStatus
     46s        0           26.0           25.0     96.5    604.0   7516.2   7516.2 payment
     46s        0            5.0            2.7     83.9   6710.9   6710.9   6710.9 stockLevel
     47s        0            2.0            2.6    226.5    419.4    419.4    419.4 delivery
     47s        0           25.0           26.3     96.5   4831.8   8053.1   8053.1 newOrder
     47s        0            1.0            2.7     24.1     24.1     24.1     24.1 orderStatus
     47s        0           23.0           25.0     48.2    226.5    419.4    419.4 payment
     47s        0            1.0            2.7     33.6     33.6     33.6     33.6 stockLevel
     48s        0            3.0            2.6    251.7    285.2    285.2    285.2 delivery
     48s        0           25.0           26.2    159.4   2818.6   7516.2   7516.2 newOrder
     48s        0            2.0            2.7     54.5     54.5     54.5     54.5 orderStatus
     48s        0           18.0           24.9     83.9    604.0  20401.1  20401.1 payment
     48s        0            4.0            2.7     71.3    486.5    486.5    486.5 stockLevel
_elapsed___errors__ops/sec(inst)___ops/sec(cum)__p50(ms)__p95(ms)__p99(ms)_pMax(ms)
     49s        0            4.0            2.7    176.2    352.3    352.3    352.3 delivery
     49s        0           19.0           26.1    117.4   2415.9   9663.7   9663.7 newOrder
     49s        0            5.0            2.7     58.7    130.0    130.0    130.0 orderStatus
     49s        0           28.0           24.9     71.3    176.2    184.5    184.5 payment
     49s        0            4.0            2.7     50.3    209.7    209.7    209.7 stockLevel
     50s        0            5.0            2.7    159.4    218.1    218.1    218.1 delivery
     50s        0           32.0           26.2    113.2   3623.9   6710.9   6710.9 newOrder
     50s        0            3.0            2.7     16.3     75.5     75.5     75.5 orderStatus
     50s        0           25.0           24.9    302.0  24696.1  49392.1  49392.1 payment
     50s        0            1.0            2.7   3087.0   3087.0   3087.0   3087.0 stockLevel
     51s        0            1.0            2.7    453.0    453.0    453.0    453.0 delivery
     51s        0           27.0           26.2    125.8   5905.6   6174.0   6174.0 newOrder
     51s        0            4.0            2.8     62.9    453.0    453.0    453.0 orderStatus
     51s        0           35.0           25.1     71.3  11274.3  45097.2  45097.2 payment
     51s        0            4.0            2.7     58.7    738.2    738.2    738.2 stockLevel
     52s        0            6.0            2.8    251.7    536.9    536.9    536.9 delivery
     52s        0           25.0           26.2    167.8    671.1   3758.1   3758.1 newOrder
     52s        0            2.0            2.8     14.7     39.8     39.8     39.8 orderStatus
     52s        0           18.0           25.0    109.1    352.3  34359.7  34359.7 payment
     52s        0            3.0            2.7     75.5    302.0    302.0    302.0 stockLevel
_elapsed___errors__ops/sec(inst)___ops/sec(cum)__p50(ms)__p95(ms)__p99(ms)_pMax(ms)
     53s        0            1.0            2.7    486.5    486.5    486.5    486.5 delivery
     53s        0           14.0           26.0    100.7    604.0  20401.1  20401.1 newOrder
     53s        0            1.0            2.7     71.3     71.3     71.3     71.3 orderStatus
     53s        0           11.0           24.7     83.9    151.0    318.8    318.8 payment
     53s        0            1.0            2.7    486.5    486.5    486.5    486.5 stockLevel
     54s        0            0.0            2.7      0.0      0.0      0.0      0.0 delivery
     54s        0            7.0           25.6   3489.7   7247.8   7247.8   7247.8 newOrder
     54s        0            2.0            2.7     26.2   1476.4   1476.4   1476.4 orderStatus
     54s        0            2.0           24.3     23.1  20401.1  20401.1  20401.1 payment
     54s        0            0.0            2.6      0.0      0.0      0.0      0.0 stockLevel
     55s        0            0.0            2.6      0.0      0.0      0.0      0.0 delivery
     55s        0            3.0           25.2     29.4   5905.6   5905.6   5905.6 newOrder
     55s        0            0.0            2.7      0.0      0.0      0.0      0.0 orderStatus
     55s        0            3.0           23.9     44.0  25769.8  25769.8  25769.8 payment
     55s        0            0.0            2.6      0.0      0.0      0.0      0.0 stockLevel
     56s        0            1.0            2.6    192.9    192.9    192.9    192.9 delivery
     56s        0           19.0           25.1    671.1   8321.5  13958.6  13958.6 newOrder
     56s        0            3.0            2.7      9.4     13.6     13.6     13.6 orderStatus
     56s        0           21.0           23.9     48.2  20401.1  55834.6  55834.6 payment
     56s        0            1.0            2.6   1140.9   1140.9   1140.9   1140.9 stockLevel
_elapsed___errors__ops/sec(inst)___ops/sec(cum)__p50(ms)__p95(ms)__p99(ms)_pMax(ms)
     57s        0            3.0            2.6    285.2   1208.0   1208.0   1208.0 delivery
     57s        0           21.0           25.0    167.8   2281.7   7247.8   7247.8 newOrder
     57s        0            0.0            2.6      0.0      0.0      0.0      0.0 orderStatus
     57s        0           24.0           23.9     92.3    536.9  32212.3  32212.3 payment
     57s        0            2.0            2.5     54.5     71.3     71.3     71.3 stockLevel
     58s        0            1.0            2.6    268.4    268.4    268.4    268.4 delivery
     58s        0           26.0           25.0    159.4   5637.1   7784.6   7784.6 newOrder
     58s        0            3.0            2.6     33.6     41.9     41.9     41.9 orderStatus
     58s        0           31.0           24.0     71.3    335.5  22548.6  22548.6 payment
     58s        0            3.0            2.6    142.6    151.0    151.0    151.0 stockLevel
     59s        0            3.0            2.6    268.4    318.8    318.8    318.8 delivery
     59s        0           24.0           25.0    142.6    385.9   8321.5   8321.5 newOrder
     59s        0            7.0            2.7     60.8    113.2    113.2    113.2 orderStatus
     59s        0           35.0           24.2     75.5    604.0  20401.1  20401.1 payment
     59s        0            6.0            2.6     60.8    453.0    453.0    453.0 stockLevel
    1m0s        0            2.0            2.6    260.0    302.0    302.0    302.0 delivery
    1m0s        0           30.0           25.1    201.3   1476.4   9126.8   9126.8 newOrder
    1m0s        0            4.0            2.7     46.1     71.3     71.3     71.3 orderStatus
    1m0s        0           27.0           24.2    100.7  28991.0  38654.7  38654.7 payment
    1m0s        0            3.0            2.6     83.9   2281.7   2281.7   2281.7 stockLevel

_elapsed___errors_____ops(total)___ops/sec(cum)__avg(ms)__p50(ms)__p95(ms)__p99(ms)_pMax(ms)__total
   60.0s        0            154            2.6    355.3    302.0    838.9   1208.0   1677.7  delivery
   60.0s        0           1506           25.1   1077.8    234.9   5905.6  12348.0  22548.6  newOrder
   60.0s        0            163            2.7    107.8     62.9    436.2    771.8   1476.4  orderStatus
   60.0s        0           1453           24.2   1469.5    117.4   9126.8  25769.8  55834.6  payment
   60.0s        0            157            2.6    483.0    113.2   2281.7   4295.0   6710.9  stockLevel

_elapsed___errors_____ops(total)___ops/sec(cum)__avg(ms)__p50(ms)__p95(ms)__p99(ms)_pMax(ms)__result
   60.0s        0           3433           57.2   1137.9    184.5   6174.0  18253.6  55834.6  
Audit check 9.2.1.7: SKIP: not enough delivery transactions to be statistically significant
Audit check 9.2.2.5.1: SKIP: not enough orders to be statistically significant
Audit check 9.2.2.5.2: SKIP: not enough orders to be statistically significant
Audit check 9.2.2.5.3: SKIP: not enough orders to be statistically significant
Audit check 9.2.2.5.4: SKIP: not enough payments to be statistically significant
Audit check 9.2.2.5.5: SKIP: not enough payments to be statistically significant
Audit check 9.2.2.5.6: SKIP: not enough order status transactions to be statistically significant

_elapsed_______tpmC____efc__avg(ms)__p50(ms)__p90(ms)__p95(ms)__p99(ms)_pMax(ms)
   60.0s     1506.0 1171.1%   1077.8    234.9   2952.8   5905.6  12348.0  22548.6
