Initializing 300 connections...
Initializing 100 workers and preparing statements...
_elapsed___errors__ops/sec(inst)___ops/sec(cum)__p50(ms)__p95(ms)__p99(ms)_pMax(ms)
      1s        0            0.7            2.0    192.9    226.5    226.5    226.5 delivery
      1s        0            9.5           29.0     75.5    176.2    176.2    176.2 newOrder
      1s        0            2.0            6.0     27.3     56.6     56.6     56.6 orderStatus
      1s        0           11.8           36.0     37.7    121.6    134.2    134.2 payment
      1s        0            1.0            3.0     46.1     48.2     48.2     48.2 stockLevel
      2s        0            2.0            2.0    218.1    369.1    369.1    369.1 delivery
      2s        0           31.0           30.0    167.8    402.7    503.3    503.3 newOrder
      2s        0            1.0            3.5     11.5     11.5     11.5     11.5 orderStatus
      2s        0           28.0           32.0     71.3    520.1    536.9    536.9 payment
      2s        0            5.0            4.0     54.5     79.7     79.7     79.7 stockLevel
      3s        0            1.0            1.7    268.4    268.4    268.4    268.4 delivery
      3s        0           22.0           27.3    285.2   1006.6   1946.2   1946.2 newOrder
      3s        0            2.0            3.0     23.1     54.5     54.5     54.5 orderStatus
      3s        0           22.0           28.7    109.1   1208.0   1476.4   1476.4 payment
      3s        0            4.0            4.0    142.6    704.6    704.6    704.6 stockLevel
      4s        0            3.0            2.0    335.5    486.5    486.5    486.5 delivery
      4s        0           38.0           30.0    260.0    906.0    973.1    973.1 newOrder
      4s        0            3.0            3.0     48.2     67.1     67.1     67.1 orderStatus
      4s        0           35.0           30.2    151.0   1140.9   1342.2   1342.2 payment
      4s        0            0.0            3.0      0.0      0.0      0.0      0.0 stockLevel
_elapsed___errors__ops/sec(inst)___ops/sec(cum)__p50(ms)__p95(ms)__p99(ms)_pMax(ms)
      5s        0            3.0            2.2    402.7    570.4    570.4    570.4 delivery
      5s        0           20.0           28.0    369.1   1073.7   1811.9   1811.9 newOrder
      5s        0            2.0            2.8     10.0     88.1     88.1     88.1 orderStatus
      5s        0           12.0           26.6    243.3    402.7    838.9    838.9 payment
      5s        0            1.0            2.6    352.3    352.3    352.3    352.3 stockLevel
      6s        0            3.0            2.3    318.8    872.4    872.4    872.4 delivery
      6s        0           36.0           29.3    469.8   1811.9   2013.3   2013.3 newOrder
      6s        0            0.0            2.3      0.0      0.0      0.0      0.0 orderStatus
      6s        0           32.0           27.5    318.8   2415.9   3355.4   3355.4 payment
      6s        0            3.0            2.7    159.4    184.5    184.5    184.5 stockLevel
      7s        0            0.0            2.0      0.0      0.0      0.0      0.0 delivery
      7s        0           27.0           29.0    536.9   2080.4   2147.5   2147.5 newOrder
      7s        0            1.0            2.1    113.2    113.2    113.2    113.2 orderStatus
      7s        0           29.0           27.7    520.1   3758.1   4160.7   4160.7 payment
      7s        0            6.0            3.1    243.3    469.8    469.8    469.8 stockLevel
      8s        0            6.0            2.5    385.9    486.5    486.5    486.5 delivery
      8s        0           29.0           29.0    520.1   2550.1   2684.4   2684.4 newOrder
      8s        0            3.0            2.2     71.3    134.2    134.2    134.2 orderStatus
      8s        0           21.0           26.9    318.8   3489.7   4563.4   4563.4 payment
      8s        0            2.0            3.0     88.1    121.6    121.6    121.6 stockLevel
_elapsed___errors__ops/sec(inst)___ops/sec(cum)__p50(ms)__p95(ms)__p99(ms)_pMax(ms)
      9s        0            4.0            2.7    570.4    771.8    771.8    771.8 delivery
      9s        0           29.0           29.0    939.5   2952.8   3087.0   3087.0 newOrder
      9s        0            3.0            2.3    159.4    226.5    226.5    226.5 orderStatus
      9s        0           29.0           27.1    226.5   2684.4   4295.0   4295.0 payment
      9s        0            2.0            2.9    109.1    671.1    671.1    671.1 stockLevel
     10s        0            5.0            2.9    704.6   1476.4   1476.4   1476.4 delivery
     10s        0           29.0           29.0    453.0   3489.7   3892.3   3892.3 newOrder
     10s        0            4.0            2.5     67.1     79.7     79.7     79.7 orderStatus
     10s        0           30.0           27.4    184.5   4160.7   6710.9   6710.9 payment
     10s        0            2.0            2.8    302.0    637.5    637.5    637.5 stockLevel
_elapsed___errors__ops/sec(inst)___ops/sec(cum)__p50(ms)__p95(ms)__p99(ms)_pMax(ms)
      1s        0            0.0            0.0      0.0      0.0      0.0      0.0 delivery
      1s        0            8.0            8.0    218.1    469.8    469.8    469.8 newOrder
      1s        0            3.0            3.0     96.5    151.0    151.0    151.0 orderStatus
      1s        0           11.0           11.0     79.7    159.4    167.8    167.8 payment
      1s        0            2.0            2.0     46.1     92.3     92.3     92.3 stockLevel
      2s        0            2.0            1.0    604.0    704.6    704.6    704.6 delivery
      2s        0           14.0           11.0    268.4   1208.0   1879.0   1879.0 newOrder
      2s        0            2.0            2.5     75.5     83.9     83.9     83.9 orderStatus
      2s        0           18.0           14.5     88.1    604.0   1073.7   1073.7 payment
      2s        0            5.0            3.5    486.5   1476.4   1476.4   1476.4 stockLevel
      3s        0            3.0            1.7    318.8    453.0    453.0    453.0 delivery
      3s        0           25.0           15.7    285.2   1744.8   1946.2   1946.2 newOrder
      3s        0            5.0            3.3     65.0     88.1     88.1     88.1 orderStatus
      3s        0           17.0           15.3     83.9    453.0    570.4    570.4 payment
      3s        0            3.0            3.3     88.1    604.0    604.0    604.0 stockLevel
      4s        0            1.0            1.5    671.1    671.1    671.1    671.1 delivery
      4s        0           27.0           18.5    419.4   2952.8   2952.8   2952.8 newOrder
      4s        0            2.0            3.0     37.7     67.1     67.1     67.1 orderStatus
      4s        0           22.0           17.0    104.9   2550.1   2952.8   2952.8 payment
      4s        0            1.0            2.8    704.6    704.6    704.6    704.6 stockLevel
_elapsed___errors__ops/sec(inst)___ops/sec(cum)__p50(ms)__p95(ms)__p99(ms)_pMax(ms)
      5s        0            4.0            2.0    352.3    486.5    486.5    486.5 delivery
      5s        0           32.0           21.2    335.5   3087.0   4026.5   4026.5 newOrder
      5s        0            1.0            2.6     71.3     71.3     71.3     71.3 orderStatus
      5s        0           20.0           17.6    285.2   3087.0   3221.2   3221.2 payment
      5s        0            1.0            2.4     60.8     60.8     60.8     60.8 stockLevel
      6s        0            5.0            2.5    302.0    536.9    536.9    536.9 delivery
      6s        0           24.0           21.7    201.3   3489.7   4160.7   4160.7 newOrder
      6s        0            1.0            2.3     75.5     75.5     75.5     75.5 orderStatus
      6s        0           22.0           18.3    117.4   2818.6   3758.1   3758.1 payment
      6s        0            3.0            2.5    436.2   2013.3   2013.3   2013.3 stockLevel
      7s        0            2.0            2.4    704.6    872.4    872.4    872.4 delivery
      7s        0           28.0           22.6    318.8   2684.4   3623.9   3623.9 newOrder
      7s        0            2.0            2.3     39.8     48.2     48.2     48.2 orderStatus
      7s        0           32.0           20.3    192.9   5100.3   5368.7   5368.7 payment
      7s        0            4.0            2.7     96.5   1409.3   1409.3   1409.3 stockLevel
      8s        0            1.0            2.3    285.2    285.2    285.2    285.2 delivery
      8s        0           36.0           24.3    318.8   6442.5   7516.2   7516.2 newOrder
      8s        0            4.0            2.5     92.3    100.7    100.7    100.7 orderStatus
      8s        0           22.0           20.5    104.9   4831.8   5905.6   5905.6 payment
      8s        0            2.0            2.6   2281.7   3087.0   3087.0   3087.0 stockLevel
_elapsed___errors__ops/sec(inst)___ops/sec(cum)__p50(ms)__p95(ms)__p99(ms)_pMax(ms)
      9s        0            2.0            2.2    218.1    469.8    469.8    469.8 delivery
      9s        0           30.0           24.9    973.1   5100.3   5905.6   5905.6 newOrder
      9s        0            3.0            2.6     46.1     48.2     48.2     48.2 orderStatus
      9s        0           26.0           21.1     83.9   5368.7   6174.0   6174.0 payment
      9s        0            3.0            2.7     52.4    125.8    125.8    125.8 stockLevel
     10s        0            3.0            2.3    318.8    637.5    637.5    637.5 delivery
     10s        0           30.0           25.4    234.9   6442.5   6710.9   6710.9 newOrder
     10s        0            1.0            2.4     54.5     54.5     54.5     54.5 orderStatus
     10s        0           20.0           21.0    104.9   8053.1   8589.9   8589.9 payment
     10s        0            3.0            2.7     58.7     83.9     83.9     83.9 stockLevel
     11s        0            1.0            2.2    285.2    285.2    285.2    285.2 delivery
     11s        0           34.0           26.2    251.7   2818.6   6710.9   6710.9 newOrder
     11s        0            1.0            2.3    100.7    100.7    100.7    100.7 orderStatus
     11s        0           25.0           21.4    117.4   3892.3   9663.7   9663.7 payment
     11s        0            1.0            2.5     79.7     79.7     79.7     79.7 stockLevel
     12s        0            5.0            2.4    335.5    369.1    369.1    369.1 delivery
     12s        0           26.0           26.2    201.3   4831.8   9663.7   9663.7 newOrder
     12s        0            0.0            2.1      0.0      0.0      0.0      0.0 orderStatus
     12s        0           18.0           21.1    121.6   8321.5  10737.4  10737.4 payment
     12s        0            3.0            2.6     65.0    637.5    637.5    637.5 stockLevel
_elapsed___errors__ops/sec(inst)___ops/sec(cum)__p50(ms)__p95(ms)__p99(ms)_pMax(ms)
     13s        0            3.0            2.5    318.8    318.8    318.8    318.8 delivery
     13s        0           19.0           25.6    167.8    637.5   1811.9   1811.9 newOrder
     13s        0            5.0            2.3     58.7     79.7     79.7     79.7 orderStatus
     13s        0           30.0           21.8    121.6   9126.8  11274.3  11274.3 payment
     13s        0            2.0            2.5     71.3    100.7    100.7    100.7 stockLevel
     14s        0            2.0            2.4    637.5    671.1    671.1    671.1 delivery
     14s        0           26.0           25.6    176.2   2818.6   5905.6   5905.6 newOrder
     14s        0            3.0            2.4     60.8    113.2    113.2    113.2 orderStatus
     14s        0           37.0           22.9    570.4   9126.8  12884.9  12884.9 payment
     14s        0            3.0            2.6     67.1    109.1    109.1    109.1 stockLevel
     15s        0            2.0            2.4    369.1    453.0    453.0    453.0 delivery
     15s        0           36.0           26.3    335.5   4026.5   6710.9   6710.9 newOrder
     15s        0            6.0            2.6     83.9    234.9    234.9    234.9 orderStatus
     15s        0           28.0           23.2    117.4   7784.6   8321.5   8321.5 payment
     15s        0            3.0            2.6    226.5   1744.8   1744.8   1744.8 stockLevel
     16s        0            3.0            2.4    251.7    302.0    302.0    302.0 delivery
     16s        0           28.0           26.4    218.1   1342.2   2550.1   2550.1 newOrder
     16s        0            4.0            2.7     35.7     58.7     58.7     58.7 orderStatus
     16s        0           28.0           23.5     96.5   8589.9  14495.5  14495.5 payment
     16s        0            4.0            2.7     75.5     96.5     96.5     96.5 stockLevel
_elapsed___errors__ops/sec(inst)___ops/sec(cum)__p50(ms)__p95(ms)__p99(ms)_pMax(ms)
     17s        0            2.0            2.4    369.1    486.5    486.5    486.5 delivery
     17s        0           22.0           26.2    285.2   2952.8   3623.9   3623.9 newOrder
     17s        0            4.0            2.8     75.5     96.5     96.5     96.5 orderStatus
     17s        0           24.0           23.5    209.7   9126.8   9663.7   9663.7 payment
     17s        0            8.0            3.0     92.3    192.9    192.9    192.9 stockLevel
     18s        0            1.0            2.3    218.1    218.1    218.1    218.1 delivery
     18s        0           25.0           26.1    218.1   3758.1  10200.5  10200.5 newOrder
     18s        0            5.0            2.9     46.1     46.1     46.1     46.1 orderStatus
     18s        0           33.0           24.1     92.3  11274.3  15032.4  15032.4 payment
     18s        0            5.0            3.1     96.5   2013.3   2013.3   2013.3 stockLevel
     19s        0            3.0            2.4    369.1    385.9    385.9    385.9 delivery
     19s        0           26.0           26.1    192.9   3355.4   5368.7   5368.7 newOrder
     19s        0            2.0            2.8     44.0     62.9     62.9     62.9 orderStatus
     19s        0           23.0           24.0    134.2   6979.3   7516.2   7516.2 payment
     19s        0            3.0            3.1    130.0    159.4    159.4    159.4 stockLevel
     20s        0            3.0            2.4    285.2    302.0    302.0    302.0 delivery
     20s        0           30.0           26.3    218.1   5100.3   5100.3   5100.3 newOrder
     20s        0            2.0            2.8     71.3     79.7     79.7     79.7 orderStatus
     20s        0           26.0           24.1    113.2  12884.9  19327.4  19327.4 payment
     20s        0            1.0            3.0     71.3     71.3     71.3     71.3 stockLevel
_elapsed___errors__ops/sec(inst)___ops/sec(cum)__p50(ms)__p95(ms)__p99(ms)_pMax(ms)
     21s        0            1.0            2.3    251.7    251.7    251.7    251.7 delivery
     21s        0           30.0           26.5    218.1   3221.2   6710.9   6710.9 newOrder
     21s        0            3.0            2.8     50.3     56.6     56.6     56.6 orderStatus
     21s        0           23.0           24.0    100.7  11274.3  12884.9  12884.9 payment
     21s        0            2.0            3.0     60.8    385.9    385.9    385.9 stockLevel
     22s        0            2.0            2.3    318.8    369.1    369.1    369.1 delivery
     22s        0           30.0           26.6    184.5  10737.4  11811.2  11811.2 newOrder
     22s        0            4.0            2.9     62.9    113.2    113.2    113.2 orderStatus
     22s        0           29.0           24.3    100.7  17179.9  19327.4  19327.4 payment
     22s        0            1.0            2.9     52.4     52.4     52.4     52.4 stockLevel
     23s        0            3.0            2.3    260.0    453.0    453.0    453.0 delivery
     23s        0           30.0           26.8    234.9   5100.3   5637.1   5637.1 newOrder
     23s        0            2.0            2.8     60.8     79.7     79.7     79.7 orderStatus
     23s        0           22.0           24.2     92.3   2818.6  10737.4  10737.4 payment
     23s        0            1.0            2.8     83.9     83.9     83.9     83.9 stockLevel
     24s        0            4.0            2.4    201.3    520.1    520.1    520.1 delivery
     24s        0           20.0           26.5    234.9   6174.0  10737.4  10737.4 newOrder
     24s        0            4.0            2.9     21.0    104.9    104.9    104.9 orderStatus
     24s        0           25.0           24.2    125.8   9663.7  11811.2  11811.2 payment
     24s        0            1.0            2.7   3892.3   3892.3   3892.3   3892.3 stockLevel
_elapsed___errors__ops/sec(inst)___ops/sec(cum)__p50(ms)__p95(ms)__p99(ms)_pMax(ms)
     25s        0            2.0            2.4    335.5    369.1    369.1    369.1 delivery
     25s        0           28.0           26.6    201.3   3221.2   3221.2   3221.2 newOrder
     25s        0            2.0            2.8     56.6     83.9     83.9     83.9 orderStatus
     25s        0           31.0           24.5    117.4   4160.7  15569.3  15569.3 payment
     25s        0            4.0            2.8     75.5    159.4    159.4    159.4 stockLevel
     26s        0            3.0            2.4    260.0    335.5    335.5    335.5 delivery
     26s        0           27.0           26.6    167.8   6174.0   6979.3   6979.3 newOrder
     26s        0            2.0            2.8     54.5     96.5     96.5     96.5 orderStatus
     26s        0           35.0           24.9    109.1   9663.7  12348.0  12348.0 payment
     26s        0            0.0            2.7      0.0      0.0      0.0      0.0 stockLevel
     27s        0            5.0            2.5    226.5    671.1    671.1    671.1 delivery
     27s        0           25.0           26.5    234.9   8053.1  11811.2  11811.2 newOrder
     27s        0            2.0            2.8     50.3     92.3     92.3     92.3 orderStatus
     27s        0           28.0           25.0     83.9  14495.5  22548.6  22548.6 payment
     27s        0            1.0            2.6     75.5     75.5     75.5     75.5 stockLevel
     28s        0            2.0            2.5    167.8    302.0    302.0    302.0 delivery
     28s        0           23.0           26.4    234.9   6442.5   7516.2   7516.2 newOrder
     28s        0            2.0            2.8     41.9     46.1     46.1     46.1 orderStatus
     28s        0           30.0           25.2    142.6  11811.2  18253.6  18253.6 payment
     28s        0            3.0            2.6     79.7     83.9     83.9     83.9 stockLevel
_elapsed___errors__ops/sec(inst)___ops/sec(cum)__p50(ms)__p95(ms)__p99(ms)_pMax(ms)
     29s        0            3.0            2.5    302.0    352.3    352.3    352.3 delivery
     29s        0           28.0           26.4    234.9   3087.0   5100.3   5100.3 newOrder
     29s        0            0.0            2.7      0.0      0.0      0.0      0.0 orderStatus
     29s        0           32.0           25.4     88.1   2147.5   4563.4   4563.4 payment
     29s        0            3.0            2.6     79.7    604.0    604.0    604.0 stockLevel
     30s        0            2.0            2.5    268.4    335.5    335.5    335.5 delivery
     30s        0           28.0           26.5    192.9   3758.1   7516.2   7516.2 newOrder
     30s        0            1.0            2.6     31.5     31.5     31.5     31.5 orderStatus
     30s        0           31.0           25.6    167.8   8589.9  21474.8  21474.8 payment
     30s        0            0.0            2.5      0.0      0.0      0.0      0.0 stockLevel
     31s        0            3.0            2.5    335.5    436.2    436.2    436.2 delivery
     31s        0           23.0           26.4    184.5   3758.1   5637.1   5637.1 newOrder
     31s        0            2.0            2.6     33.6    125.8    125.8    125.8 orderStatus
     31s        0           34.0           25.9     96.5   8053.1  28991.0  28991.0 payment
     31s        0            4.0            2.6    125.8   1744.8   1744.8   1744.8 stockLevel
     32s        0            0.0            2.4      0.0      0.0      0.0      0.0 delivery
     32s        0           30.0           26.5    159.4   4563.4   6174.0   6174.0 newOrder
     32s        0            0.0            2.5      0.0      0.0      0.0      0.0 orderStatus
     32s        0           21.0           25.7    335.5   8589.9  10200.5  10200.5 payment
     32s        0            1.0            2.5   4563.4   4563.4   4563.4   4563.4 stockLevel
_elapsed___errors__ops/sec(inst)___ops/sec(cum)__p50(ms)__p95(ms)__p99(ms)_pMax(ms)
     33s        0            1.0            2.4    436.2    436.2    436.2    436.2 delivery
     33s        0           26.0           26.5    268.4   6979.3   7247.8   7247.8 newOrder
     33s        0            1.0            2.5    117.4    117.4    117.4    117.4 orderStatus
     33s        0           24.0           25.7    151.0   5100.3  12348.0  12348.0 payment
     33s        0            3.0            2.5    130.0    134.2    134.2    134.2 stockLevel
     34s        0            5.0            2.5    402.7    436.2    436.2    436.2 delivery
     34s        0           27.0           26.5    209.7   4831.8   4831.8   4831.8 newOrder
     34s        0            3.0            2.5     60.8     83.9     83.9     83.9 orderStatus
     34s        0           22.0           25.6    117.4  13958.6  13958.6  13958.6 payment
     34s        0            7.0            2.7    142.6    352.3    352.3    352.3 stockLevel
     35s        0            5.0            2.5    352.3    369.1    369.1    369.1 delivery
     35s        0           24.0           26.4    251.7   5637.1   7247.8   7247.8 newOrder
     35s        0            2.0            2.5     54.5     96.5     96.5     96.5 orderStatus
     35s        0           31.0           25.7    486.5  21474.8  34359.7  34359.7 payment
     35s        0            1.0            2.6   1677.7   1677.7   1677.7   1677.7 stockLevel
     36s        0            4.0            2.6    285.2    805.3    805.3    805.3 delivery
     36s        0           21.0           26.3    419.4   3489.7   5905.6   5905.6 newOrder
     36s        0            4.0            2.5     88.1    117.4    117.4    117.4 orderStatus
     36s        0           29.0           25.8    192.9  18253.6  21474.8  21474.8 payment
     36s        0            0.0            2.6      0.0      0.0      0.0      0.0 stockLevel
_elapsed___errors__ops/sec(inst)___ops/sec(cum)__p50(ms)__p95(ms)__p99(ms)_pMax(ms)
     37s        0            5.0            2.6    402.7    419.4    419.4    419.4 delivery
     37s        0           24.0           26.2    285.2   2952.8   3355.4   3355.4 newOrder
     37s        0            3.0            2.5     71.3     71.3     71.3     71.3 orderStatus
     37s        0           36.0           26.1    234.9  10200.5  25769.8  25769.8 payment
     37s        0            7.0            2.7     92.3   1543.5   1543.5   1543.5 stockLevel
     38s        0            3.0            2.7    260.0    302.0    302.0    302.0 delivery
     38s        0           28.0           26.3    176.2   3892.3   4563.4   4563.4 newOrder
     38s        0            2.0            2.5     44.0     65.0     65.0     65.0 orderStatus
     38s        0           25.0           26.1    113.2   1879.0  15569.3  15569.3 payment
     38s        0            1.0            2.6     67.1     67.1     67.1     67.1 stockLevel
     39s        0            2.0            2.6    192.9    302.0    302.0    302.0 delivery
     39s        0           22.0           26.2    151.0   1006.6   8589.9   8589.9 newOrder
     39s        0            5.0            2.6     58.7     71.3     71.3     71.3 orderStatus
     39s        0           32.0           26.2    251.7  13958.6  38654.7  38654.7 payment
     39s        0            4.0            2.7     71.3    419.4    419.4    419.4 stockLevel
     40s        0            3.0            2.7    402.7    419.4    419.4    419.4 delivery
     40s        0           28.0           26.2    218.1   9126.8  10737.4  10737.4 newOrder
     40s        0            3.0            2.6     65.0     83.9     83.9     83.9 orderStatus
     40s        0           31.0           26.3    104.9   4563.4  26843.5  26843.5 payment
     40s        0            4.0            2.7     92.3    436.2    436.2    436.2 stockLevel
_elapsed___errors__ops/sec(inst)___ops/sec(cum)__p50(ms)__p95(ms)__p99(ms)_pMax(ms)
     41s        0            3.0            2.7    184.5    184.5    184.5    184.5 delivery
     41s        0           24.0           26.1    352.3   4026.5   4831.8   4831.8 newOrder
     41s        0            7.0            2.7     54.5    192.9    192.9    192.9 orderStatus
     41s        0           23.0           26.2     79.7    704.6   4160.7   4160.7 payment
     41s        0            6.0            2.8     88.1    113.2    113.2    113.2 stockLevel
     42s        0            2.0            2.6    121.6    184.5    184.5    184.5 delivery
     42s        0           34.0           26.3    142.6   3355.4   5905.6   5905.6 newOrder
     42s        0            3.0            2.7     24.1     44.0     44.0     44.0 orderStatus
     42s        0           22.0           26.1     60.8   3623.9  10737.4  10737.4 payment
     42s        0            5.0            2.8     60.8     92.3     92.3     92.3 stockLevel
     43s        0            2.0            2.6    302.0    469.8    469.8    469.8 delivery
     43s        0           25.0           26.3    226.5   1946.2   2684.4   2684.4 newOrder
     43s        0            0.0            2.6      0.0      0.0      0.0      0.0 orderStatus
     43s        0           32.0           26.3    117.4  17179.9  36507.2  36507.2 payment
     43s        0            1.0            2.8     83.9     83.9     83.9     83.9 stockLevel
     44s        0            6.0            2.7    318.8   1006.6   1006.6   1006.6 delivery
     44s        0           27.0           26.3    226.5   4563.4   8321.5   8321.5 newOrder
     44s        0            8.0            2.8     67.1     79.7     79.7     79.7 orderStatus
     44s        0           28.0           26.3    117.4   4831.8  23622.3  23622.3 payment
     44s        0            1.0            2.8    302.0    302.0    302.0    302.0 stockLevel
_elapsed___errors__ops/sec(inst)___ops/sec(cum)__p50(ms)__p95(ms)__p99(ms)_pMax(ms)
     45s        0            3.0            2.7    209.7    469.8    469.8    469.8 delivery
     45s        0           23.0           26.2    260.0   5368.7   5368.7   5368.7 newOrder
     45s        0            1.0            2.7     92.3     92.3     92.3     92.3 orderStatus
     45s        0           19.0           26.2    142.6   1342.2  13958.6  13958.6 payment
     45s        0            3.0            2.8   1476.4   3355.4   3355.4   3355.4 stockLevel
     46s        0            2.0            2.7    159.4    285.2    285.2    285.2 delivery
     46s        0           27.0           26.3    192.9   1208.0   9126.8   9126.8 newOrder
     46s        0            2.0            2.7     71.3     79.7     79.7     79.7 orderStatus
     46s        0           38.0           26.4     96.5  13958.6  30064.8  30064.8 payment
     46s        0            5.0            2.8     75.5    159.4    159.4    159.4 stockLevel
     47s        0            1.0            2.7    268.4    268.4    268.4    268.4 delivery
     47s        0           21.0           26.1    142.6    302.0   1543.5   1543.5 newOrder
     47s        0            2.0            2.7     46.1     58.7     58.7     58.7 orderStatus
     47s        0           38.0           26.7    117.4  14495.5  19327.4  19327.4 payment
     47s        0            5.0            2.9     71.3    285.2    285.2    285.2 stockLevel
     48s        0            3.0            2.7    251.7    285.2    285.2    285.2 delivery
     48s        0           30.0           26.2    176.2   1275.1   6442.5   6442.5 newOrder
     48s        0            3.0            2.7     52.4     71.3     71.3     71.3 orderStatus
     48s        0           31.0           26.8     96.5   1677.7  11811.2  11811.2 payment
     48s        0            1.0            2.8     71.3     71.3     71.3     71.3 stockLevel
_elapsed___errors__ops/sec(inst)___ops/sec(cum)__p50(ms)__p95(ms)__p99(ms)_pMax(ms)
     49s        0            5.0            2.7    402.7    872.4    872.4    872.4 delivery
     49s        0           26.0           26.2    201.3   3087.0   3355.4   3355.4 newOrder
     49s        0            2.0            2.7     62.9     65.0     65.0     65.0 orderStatus
     49s        0           19.0           26.6     88.1  11811.2  20401.1  20401.1 payment
     49s        0            2.0            2.8    104.9    520.1    520.1    520.1 stockLevel
     50s        0            4.0            2.7    352.3   1677.7   1677.7   1677.7 delivery
     50s        0           29.0           26.3    209.7   2550.1   2952.8   2952.8 newOrder
     50s        0            4.0            2.7     50.3     75.5     75.5     75.5 orderStatus
     50s        0           31.0           26.7     96.5   3892.3   8321.5   8321.5 payment
     50s        0            4.0            2.8     75.5   2147.5   2147.5   2147.5 stockLevel
     51s        0            1.0            2.7    218.1    218.1    218.1    218.1 delivery
     51s        0           32.0           26.4    167.8    536.9   1040.2   1040.2 newOrder
     51s        0            4.0            2.7     25.2     54.5     54.5     54.5 orderStatus
     51s        0           36.0           26.9    104.9   4563.4  16106.1  16106.1 payment
     51s        0            2.0            2.8     79.7    226.5    226.5    226.5 stockLevel
     52s        0            3.0            2.7    243.3    318.8    318.8    318.8 delivery
     52s        0           36.0           26.6    151.0    604.0    805.3    805.3 newOrder
     52s        0            1.0            2.7     33.6     33.6     33.6     33.6 orderStatus
     52s        0           25.0           26.8     65.0   1275.1  12348.0  12348.0 payment
     52s        0            2.0            2.8     48.2    151.0    151.0    151.0 stockLevel
_elapsed___errors__ops/sec(inst)___ops/sec(cum)__p50(ms)__p95(ms)__p99(ms)_pMax(ms)
     53s        0            3.0            2.7    243.3    318.8    318.8    318.8 delivery
     53s        0           27.0           26.6    142.6    419.4   8053.1   8053.1 newOrder
     53s        0            4.0            2.7     54.5     62.9     62.9     62.9 orderStatus
     53s        0           25.0           26.8     79.7    335.5  25769.8  25769.8 payment
     53s        0            3.0            2.8     54.5     60.8     60.8     60.8 stockLevel
     54s        0            3.0            2.7    159.4    251.7    251.7    251.7 delivery
     54s        0           18.0           26.4    104.9   4026.5  18253.6  18253.6 newOrder
     54s        0            3.0            2.7     44.0     46.1     46.1     46.1 orderStatus
     54s        0           33.0           26.9     54.5  16106.1  22548.6  22548.6 payment
     54s        0            2.0            2.8     29.4    167.8    167.8    167.8 stockLevel
     55s        0            3.0            2.7    218.1    268.4    268.4    268.4 delivery
     55s        0           36.0           26.6    176.2   6710.9  10737.4  10737.4 newOrder
     55s        0            5.0            2.8     54.5     75.5     75.5     75.5 orderStatus
     55s        0           21.0           26.8     75.5    159.4    176.2    176.2 payment
     55s        0            4.0            2.8    125.8   5905.6   5905.6   5905.6 stockLevel
     56s        0            1.0            2.7    218.1    218.1    218.1    218.1 delivery
     56s        0           21.0           26.5    159.4    369.1  11274.3  11274.3 newOrder
     56s        0            1.0            2.7     58.7     58.7     58.7     58.7 orderStatus
     56s        0           25.0           26.8     92.3  11811.2  47244.6  47244.6 payment
     56s        0            2.0            2.8     75.5   4160.7   4160.7   4160.7 stockLevel
_elapsed___errors__ops/sec(inst)___ops/sec(cum)__p50(ms)__p95(ms)__p99(ms)_pMax(ms)
     57s        0            6.0            2.8    184.5    352.3    352.3    352.3 delivery
     57s        0           29.0           26.5    117.4    218.1    226.5    226.5 newOrder
     57s        0            3.0            2.7     41.9     50.3     50.3     50.3 orderStatus
     57s        0           23.0           26.7     67.1  16643.0  25769.8  25769.8 payment
     57s        0            1.0            2.8     48.2     48.2     48.2     48.2 stockLevel
     58s        0            0.0            2.7      0.0      0.0      0.0      0.0 delivery
     58s        0           29.0           26.6    100.7   2684.4   9663.7   9663.7 newOrder
     58s        0            3.0            2.7     28.3     41.9     41.9     41.9 orderStatus
     58s        0           27.0           26.7     58.7  13421.8  34359.7  34359.7 payment
     58s        0            2.0            2.7     48.2     83.9     83.9     83.9 stockLevel
     59s        0            3.0            2.7     88.1    218.1    218.1    218.1 delivery
     59s        0           16.0           26.4     46.1   8589.9   9126.8   9126.8 newOrder
     59s        0            0.0            2.7      0.0      0.0      0.0      0.0 orderStatus
     59s        0           15.0           26.5     14.2     67.1  21474.8  21474.8 payment
     59s        0            1.0            2.7     96.5     96.5     96.5     96.5 stockLevel
    1m0s        0            2.0            2.7     37.7    125.8    125.8    125.8 delivery
    1m0s        0           24.0           26.4     58.7   4160.7   8589.9   8589.9 newOrder
    1m0s        0            2.0            2.7      6.6     10.5     10.5     10.5 orderStatus
    1m0s        0           23.0           26.5     18.9     44.0   9126.8   9126.8 payment
    1m0s        0            2.0            2.7     23.1     30.4     30.4     30.4 stockLevel

_elapsed___errors_____ops(total)___ops/sec(cum)__avg(ms)__p50(ms)__p95(ms)__p99(ms)_pMax(ms)__total
   60.0s        0            162            2.7    336.7    302.0    704.6    939.5   1677.7  delivery
   60.0s        0           1582           26.4    858.0    209.7   4563.4   8589.9  18253.6  newOrder
   60.0s        0            161            2.7     60.4     58.7    113.2    192.9    234.9  orderStatus
   60.0s        0           1587           26.5   1572.6    104.9  10200.5  22548.6  47244.6  payment
   60.0s        0            162            2.7    393.6     88.1   2013.3   4160.7   5905.6  stockLevel

_elapsed___errors_____ops(total)___ops/sec(cum)__avg(ms)__p50(ms)__p95(ms)__p99(ms)_pMax(ms)__result
   60.0s        0           3654           60.9   1089.5    167.8   5905.6  16106.1  47244.6  
Audit check 9.2.1.7: SKIP: not enough delivery transactions to be statistically significant
Audit check 9.2.2.5.1: SKIP: not enough orders to be statistically significant
Audit check 9.2.2.5.2: SKIP: not enough orders to be statistically significant
Audit check 9.2.2.5.3: SKIP: not enough orders to be statistically significant
Audit check 9.2.2.5.4: SKIP: not enough payments to be statistically significant
Audit check 9.2.2.5.5: SKIP: not enough payments to be statistically significant
Audit check 9.2.2.5.6: SKIP: not enough order status transactions to be statistically significant

_elapsed_______tpmC____efc__avg(ms)__p50(ms)__p90(ms)__p95(ms)__p99(ms)_pMax(ms)
   60.0s     1582.0 1230.2%    858.0    209.7   2684.4   4563.4   8589.9  18253.6
