randw-4K-n1-c1: (g=0): rw=randwrite, bs=(R) 4096B-4096B, (W) 4096B-4096B, (T) 4096B-4096B, ioengine=libaio, iodepth=32
randw-4K-n2-c2: (g=1): rw=randwrite, bs=(R) 4096B-4096B, (W) 4096B-4096B, (T) 4096B-4096B, ioengine=libaio, iodepth=32
...
randw-4K-n4-c4: (g=2): rw=randwrite, bs=(R) 4096B-4096B, (W) 4096B-4096B, (T) 4096B-4096B, ioengine=libaio, iodepth=32
...
randw-4K-n8-c8: (g=3): rw=randwrite, bs=(R) 4096B-4096B, (W) 4096B-4096B, (T) 4096B-4096B, ioengine=libaio, iodepth=32
...
randw-4K-n12-c12: (g=4): rw=randwrite, bs=(R) 4096B-4096B, (W) 4096B-4096B, (T) 4096B-4096B, ioengine=libaio, iodepth=32
...
fio-3.1
Starting 27 processes

randw-4K-n1-c1: (groupid=0, jobs=1): err= 0: pid=1644: Fri Jul 26 10:37:56 2019
  write: IOPS=57.7k, BW=225MiB/s (236MB/s)(6759MiB/30001msec)
    slat (usec): min=2, max=762, avg= 4.90, stdev= 3.57
    clat (nsec): min=1332, max=7386.6k, avg=546097.25, stdev=614182.81
     lat (usec): min=13, max=7390, avg=551.84, stdev=613.93
    clat percentiles (usec):
     | 10.000th=[  194], 20.000th=[  285], 30.000th=[  306], 40.000th=[  322],
     | 50.000th=[  334], 70.000th=[  363], 90.000th=[ 1647], 99.000th=[ 2474],
     | 99.900th=[ 4424], 99.990th=[ 6849], 99.999th=[ 7308]
   bw (  KiB/s): min=174019, max=317277, per=80.57%, avg=185888.85, stdev=18112.23, samples=59
   iops        : min=43504, max=79319, avg=46471.86, stdev=4528.09, samples=59
  lat (usec)   : 2=0.01%, 10=0.01%, 20=0.76%, 50=1.57%, 100=2.46%
  lat (usec)   : 250=8.95%, 500=69.02%, 750=1.79%, 1000=1.22%
  lat (msec)   : 2=7.51%, 4=6.58%, 10=0.14%
  cpu          : usr=29.00%, sys=34.60%, ctx=19107, majf=0, minf=9
  IO depths    : 1=0.1%, 2=0.1%, 4=0.1%, 8=0.1%, 16=0.1%, 32=100.0%, >=64=0.0%
     submit    : 0=0.0%, 4=100.0%, 8=0.0%, 16=0.0%, 32=0.0%, 64=0.0%, >=64=0.0%
     complete  : 0=0.0%, 4=100.0%, 8=0.0%, 16=0.0%, 32=0.1%, 64=0.0%, >=64=0.0%
     issued rwt: total=0,1730402,0, short=0,0,0, dropped=0,0,0
     latency   : target=0, window=0, percentile=100.00%, depth=32
randw-4K-n2-c2: (groupid=1, jobs=2): err= 0: pid=1648: Fri Jul 26 10:37:56 2019
  write: IOPS=60.2k, BW=235MiB/s (247MB/s)(7060MiB/30003msec)
    slat (usec): min=2, max=4099, avg= 7.25, stdev= 7.71
    clat (nsec): min=1642, max=14950k, avg=1049704.70, stdev=1064526.35
     lat (usec): min=14, max=14956, avg=1058.06, stdev=1064.30
    clat percentiles (usec):
     | 10.000th=[  110], 20.000th=[  200], 30.000th=[  285], 40.000th=[  408],
     | 50.000th=[  644], 70.000th=[ 1156], 90.000th=[ 2835], 99.000th=[ 3621],
     | 99.900th=[ 6390], 99.990th=[ 8586], 99.999th=[14746]
   bw (  KiB/s): min=81213, max=183016, per=40.70%, avg=98069.14, stdev=12710.90, samples=118
   iops        : min=20303, max=45754, avg=24516.91, stdev=3177.75, samples=118
  lat (usec)   : 2=0.01%, 4=0.01%, 10=0.01%, 20=0.90%, 50=3.37%
  lat (usec)   : 100=4.78%, 250=17.07%, 500=18.59%, 750=10.65%, 1000=11.57%
  lat (msec)   : 2=10.67%, 4=21.77%, 10=0.62%, 20=0.01%
  cpu          : usr=21.87%, sys=26.52%, ctx=65987, majf=0, minf=16
  IO depths    : 1=0.1%, 2=0.1%, 4=0.1%, 8=0.1%, 16=0.1%, 32=100.0%, >=64=0.0%
     submit    : 0=0.0%, 4=100.0%, 8=0.0%, 16=0.0%, 32=0.0%, 64=0.0%, >=64=0.0%
     complete  : 0=0.0%, 4=100.0%, 8=0.0%, 16=0.0%, 32=0.1%, 64=0.0%, >=64=0.0%
     issued rwt: total=0,1807365,0, short=0,0,0, dropped=0,0,0
     latency   : target=0, window=0, percentile=100.00%, depth=32
randw-4K-n4-c4: (groupid=2, jobs=4): err= 0: pid=1653: Fri Jul 26 10:37:56 2019
  write: IOPS=60.3k, BW=235MiB/s (247MB/s)(7062MiB/30005msec)
    slat (usec): min=3, max=4288, avg=10.80, stdev=10.40
    clat (nsec): min=1749, max=17788k, avg=2106508.67, stdev=1648255.20
     lat (usec): min=16, max=17795, avg=2118.77, stdev=1647.58
    clat percentiles (usec):
     | 10.000th=[  212], 20.000th=[  363], 30.000th=[  889], 40.000th=[ 1303],
     | 50.000th=[ 1762], 70.000th=[ 3097], 90.000th=[ 4113], 99.000th=[ 6194],
     | 99.900th=[ 7570], 99.990th=[ 9372], 99.999th=[17171]
   bw (  KiB/s): min=41754, max=98514, per=20.57%, avg=49575.89, stdev=6730.95, samples=236
   iops        : min=10438, max=24628, avg=12393.57, stdev=1682.72, samples=236
  lat (usec)   : 2=0.01%, 4=0.01%, 10=0.01%, 20=0.08%, 50=0.53%
  lat (usec)   : 100=1.48%, 250=11.31%, 500=9.88%, 750=4.04%, 1000=5.22%
  lat (msec)   : 2=22.65%, 4=33.05%, 10=11.76%, 20=0.01%
  cpu          : usr=13.30%, sys=21.15%, ctx=145316, majf=0, minf=38
  IO depths    : 1=0.1%, 2=0.1%, 4=0.1%, 8=0.1%, 16=0.1%, 32=100.0%, >=64=0.0%
     submit    : 0=0.0%, 4=100.0%, 8=0.0%, 16=0.0%, 32=0.0%, 64=0.0%, >=64=0.0%
     complete  : 0=0.0%, 4=100.0%, 8=0.0%, 16=0.0%, 32=0.1%, 64=0.0%, >=64=0.0%
     issued rwt: total=0,1807937,0, short=0,0,0, dropped=0,0,0
     latency   : target=0, window=0, percentile=100.00%, depth=32
randw-4K-n8-c8: (groupid=3, jobs=8): err= 0: pid=1660: Fri Jul 26 10:37:56 2019
  write: IOPS=59.2k, BW=231MiB/s (243MB/s)(6942MiB/30008msec)
    slat (usec): min=3, max=6542, avg=18.11, stdev=118.30
    clat (usec): min=14, max=16667, avg=4296.10, stdev=1758.87
     lat (usec): min=19, max=16677, avg=4315.86, stdev=1760.38
    clat percentiles (usec):
     | 10.000th=[ 1909], 20.000th=[ 2868], 30.000th=[ 3261], 40.000th=[ 3818],
     | 50.000th=[ 4228], 70.000th=[ 5014], 90.000th=[ 6849], 99.000th=[ 7963],
     | 99.900th=[10290], 99.990th=[12911], 99.999th=[15664]
   bw (  KiB/s): min=26838, max=47419, per=12.40%, avg=29374.86, stdev=2407.65, samples=474
   iops        : min= 6709, max=11854, avg=7343.33, stdev=601.91, samples=474
  lat (usec)   : 20=0.01%, 50=0.01%, 100=0.02%, 250=0.10%, 500=0.10%
  lat (usec)   : 750=0.14%, 1000=0.79%
  lat (msec)   : 2=10.13%, 4=33.49%, 10=55.07%, 20=0.15%
  cpu          : usr=7.64%, sys=10.87%, ctx=346276, majf=0, minf=76
  IO depths    : 1=0.1%, 2=0.1%, 4=0.1%, 8=0.1%, 16=0.1%, 32=100.0%, >=64=0.0%
     submit    : 0=0.0%, 4=100.0%, 8=0.0%, 16=0.0%, 32=0.0%, 64=0.0%, >=64=0.0%
     complete  : 0=0.0%, 4=100.0%, 8=0.0%, 16=0.0%, 32=0.1%, 64=0.0%, >=64=0.0%
     issued rwt: total=0,1777147,0, short=0,0,0, dropped=0,0,0
     latency   : target=0, window=0, percentile=100.00%, depth=32
randw-4K-n12-c12: (groupid=4, jobs=12): err= 0: pid=1671: Fri Jul 26 10:37:56 2019
  write: IOPS=58.7k, BW=229MiB/s (240MB/s)(6876MiB/30009msec)
    slat (usec): min=3, max=7308, avg=25.54, stdev=146.26
    clat (usec): min=152, max=16006, avg=6509.36, stdev=1741.62
     lat (usec): min=167, max=16015, avg=6537.00, stdev=1744.75
    clat percentiles (usec):
     | 10.000th=[ 4228], 20.000th=[ 4948], 30.000th=[ 5538], 40.000th=[ 6128],
     | 50.000th=[ 6783], 70.000th=[ 7767], 90.000th=[ 8160], 99.000th=[10683],
     | 99.900th=[12780], 99.990th=[14615], 99.999th=[15401]
   bw (  KiB/s): min=16496, max=29600, per=8.36%, avg=19619.57, stdev=1476.40, samples=720
   iops        : min= 4124, max= 7400, avg=4904.55, stdev=369.10, samples=720
  lat (usec)   : 250=0.01%, 500=0.04%, 750=0.07%, 1000=0.19%
  lat (msec)   : 2=0.53%, 4=5.55%, 10=91.55%, 20=2.06%
  cpu          : usr=7.34%, sys=10.37%, ctx=535956, majf=0, minf=109
  IO depths    : 1=0.1%, 2=0.1%, 4=0.1%, 8=0.1%, 16=0.1%, 32=100.0%, >=64=0.0%
     submit    : 0=0.0%, 4=100.0%, 8=0.0%, 16=0.0%, 32=0.0%, 64=0.0%, >=64=0.0%
     complete  : 0=0.0%, 4=100.0%, 8=0.0%, 16=0.0%, 32=0.1%, 64=0.0%, >=64=0.0%
     issued rwt: total=0,1760272,0, short=0,0,0, dropped=0,0,0
     latency   : target=0, window=0, percentile=100.00%, depth=32

Run status group 0 (all jobs):
  WRITE: bw=225MiB/s (236MB/s), 225MiB/s-225MiB/s (236MB/s-236MB/s), io=6759MiB (7088MB), run=30001-30001msec

Run status group 1 (all jobs):
  WRITE: bw=235MiB/s (247MB/s), 235MiB/s-235MiB/s (247MB/s-247MB/s), io=7060MiB (7403MB), run=30003-30003msec

Run status group 2 (all jobs):
  WRITE: bw=235MiB/s (247MB/s), 235MiB/s-235MiB/s (247MB/s-247MB/s), io=7062MiB (7405MB), run=30005-30005msec

Run status group 3 (all jobs):
  WRITE: bw=231MiB/s (243MB/s), 231MiB/s-231MiB/s (243MB/s-243MB/s), io=6942MiB (7279MB), run=30008-30008msec

Run status group 4 (all jobs):
  WRITE: bw=229MiB/s (240MB/s), 229MiB/s-229MiB/s (240MB/s-240MB/s), io=6876MiB (7210MB), run=30009-30009msec

Disk stats (read/write):
  vda: ios=295/8877362, merge=0/0, ticks=648/23998628, in_queue=23784260, util=92.15%
