randw-4K-n1-c1: (g=0): rw=randwrite, bs=(R) 4096B-4096B, (W) 4096B-4096B, (T) 4096B-4096B, ioengine=libaio, iodepth=32
randw-4K-n2-c2: (g=1): rw=randwrite, bs=(R) 4096B-4096B, (W) 4096B-4096B, (T) 4096B-4096B, ioengine=libaio, iodepth=32
...
randw-4K-n4-c4: (g=2): rw=randwrite, bs=(R) 4096B-4096B, (W) 4096B-4096B, (T) 4096B-4096B, ioengine=libaio, iodepth=32
...
randw-4K-n8-c8: (g=3): rw=randwrite, bs=(R) 4096B-4096B, (W) 4096B-4096B, (T) 4096B-4096B, ioengine=libaio, iodepth=32
...
randw-4K-n12-c12: (g=4): rw=randwrite, bs=(R) 4096B-4096B, (W) 4096B-4096B, (T) 4096B-4096B, ioengine=libaio, iodepth=32
...
randw-4K-n16-c16: (g=5): rw=randwrite, bs=(R) 4096B-4096B, (W) 4096B-4096B, (T) 4096B-4096B, ioengine=libaio, iodepth=32
...
randw-4K-n20-c20: (g=6): rw=randwrite, bs=(R) 4096B-4096B, (W) 4096B-4096B, (T) 4096B-4096B, ioengine=libaio, iodepth=32
...
randw-4K-n24-c24: (g=7): rw=randwrite, bs=(R) 4096B-4096B, (W) 4096B-4096B, (T) 4096B-4096B, ioengine=libaio, iodepth=32
...
fio-3.1
Starting 87 processes

randw-4K-n1-c1: (groupid=0, jobs=1): err= 0: pid=1347: Sun Jul 21 22:52:28 2019
  write: IOPS=113k, BW=440MiB/s (462MB/s)(12.9GiB/30001msec)
    slat (usec): min=2, max=819, avg= 3.93, stdev= 2.74
    clat (usec): min=13, max=1478, avg=277.22, stdev=29.14
     lat (usec): min=19, max=1495, avg=281.88, stdev=29.53
    clat percentiles (usec):
     | 10.000th=[  265], 20.000th=[  269], 30.000th=[  273], 40.000th=[  273],
     | 50.000th=[  273], 70.000th=[  277], 90.000th=[  285], 99.000th=[  347],
     | 99.900th=[  660], 99.990th=[ 1045], 99.999th=[ 1106]
   bw (  KiB/s): min=295103, max=379425, per=81.01%, avg=365255.83, stdev=12668.26, samples=59
   iops        : min=73775, max=94856, avg=91313.51, stdev=3167.05, samples=59
  lat (usec)   : 20=0.01%, 50=0.01%, 100=0.01%, 250=0.02%, 500=99.69%
  lat (usec)   : 750=0.24%, 1000=0.01%
  lat (msec)   : 2=0.06%
  cpu          : usr=47.55%, sys=52.45%, ctx=67, majf=0, minf=11
  IO depths    : 1=0.1%, 2=0.1%, 4=0.1%, 8=0.1%, 16=0.1%, 32=100.0%, >=64=0.0%
     submit    : 0=0.0%, 4=100.0%, 8=0.0%, 16=0.0%, 32=0.0%, 64=0.0%, >=64=0.0%
     complete  : 0=0.0%, 4=100.0%, 8=0.0%, 16=0.0%, 32=0.1%, 64=0.0%, >=64=0.0%
     issued rwt: total=0,3381651,0, short=0,0,0, dropped=0,0,0
     latency   : target=0, window=0, percentile=100.00%, depth=32
randw-4K-n2-c2: (groupid=1, jobs=2): err= 0: pid=1352: Sun Jul 21 22:52:28 2019
  write: IOPS=176k, BW=688MiB/s (721MB/s)(20.1GiB/30001msec)
    slat (usec): min=2, max=16017, avg= 5.32, stdev=12.61
    clat (usec): min=15, max=16367, avg=353.97, stdev=127.45
     lat (usec): min=18, max=16371, avg=360.04, stdev=129.66
    clat percentiles (usec):
     | 10.000th=[  277], 20.000th=[  281], 30.000th=[  285], 40.000th=[  289],
     | 50.000th=[  302], 70.000th=[  429], 90.000th=[  457], 99.000th=[  553],
     | 99.900th=[  693], 99.990th=[ 1221], 99.999th=[16319]
   bw (  KiB/s): min=206373, max=429007, per=48.31%, avg=340202.59, stdev=73593.48, samples=118
   iops        : min=51593, max=107251, avg=85050.29, stdev=18398.38, samples=118
  lat (usec)   : 20=0.01%, 50=0.01%, 100=0.01%, 250=0.01%, 500=98.05%
  lat (usec)   : 750=1.87%, 1000=0.01%
  lat (msec)   : 2=0.07%, 10=0.01%, 20=0.01%
  cpu          : usr=45.37%, sys=54.47%, ctx=60, majf=0, minf=17
  IO depths    : 1=0.1%, 2=0.1%, 4=0.1%, 8=0.1%, 16=0.1%, 32=100.0%, >=64=0.0%
     submit    : 0=0.0%, 4=100.0%, 8=0.0%, 16=0.0%, 32=0.0%, 64=0.0%, >=64=0.0%
     complete  : 0=0.0%, 4=100.0%, 8=0.0%, 16=0.0%, 32=0.1%, 64=0.0%, >=64=0.0%
     issued rwt: total=0,5281398,0, short=0,0,0, dropped=0,0,0
     latency   : target=0, window=0, percentile=100.00%, depth=32
randw-4K-n4-c4: (groupid=2, jobs=4): err= 0: pid=1357: Sun Jul 21 22:52:28 2019
  write: IOPS=284k, BW=1107MiB/s (1161MB/s)(32.4GiB/30001msec)
    slat (usec): min=2, max=32017, avg= 7.31, stdev=23.15
    clat (usec): min=13, max=32285, avg=439.52, stdev=374.99
     lat (usec): min=19, max=32291, avg=447.73, stdev=380.15
    clat percentiles (usec):
     | 10.000th=[  330], 20.000th=[  334], 30.000th=[  338], 40.000th=[  343],
     | 50.000th=[  347], 70.000th=[  359], 90.000th=[  441], 99.000th=[ 1860],
     | 99.900th=[ 2212], 99.990th=[ 2769], 99.999th=[24511]
   bw (  KiB/s): min=50185, max=298039, per=18.70%, avg=212091.45, stdev=89666.25, samples=236
   iops        : min=12546, max=74509, avg=53022.47, stdev=22416.56, samples=236
  lat (usec)   : 20=0.01%, 50=0.01%, 100=0.01%, 250=0.10%, 500=91.79%
  lat (usec)   : 750=1.34%, 1000=0.26%
  lat (msec)   : 2=6.12%, 4=0.39%, 10=0.01%, 20=0.01%, 50=0.01%
  cpu          : usr=40.62%, sys=59.02%, ctx=104, majf=0, minf=41
  IO depths    : 1=0.1%, 2=0.1%, 4=0.1%, 8=0.1%, 16=0.1%, 32=100.0%, >=64=0.0%
     submit    : 0=0.0%, 4=100.0%, 8=0.0%, 16=0.0%, 32=0.0%, 64=0.0%, >=64=0.0%
     complete  : 0=0.0%, 4=100.0%, 8=0.0%, 16=0.0%, 32=0.1%, 64=0.0%, >=64=0.0%
     issued rwt: total=0,8505781,0, short=0,0,0, dropped=0,0,0
     latency   : target=0, window=0, percentile=100.00%, depth=32
randw-4K-n8-c8: (groupid=3, jobs=8): err= 0: pid=1366: Sun Jul 21 22:52:28 2019
  write: IOPS=371k, BW=1449MiB/s (1519MB/s)(42.4GiB/30001msec)
    slat (usec): min=2, max=16040, avg=15.53, stdev=22.24
    clat (usec): min=10, max=17076, avg=670.80, stdev=197.13
     lat (usec): min=20, max=17101, avg=687.23, stdev=198.52
    clat percentiles (usec):
     | 10.000th=[  586], 20.000th=[  603], 30.000th=[  611], 40.000th=[  627],
     | 50.000th=[  635], 70.000th=[  660], 90.000th=[  807], 99.000th=[ 1123],
     | 99.900th=[ 2008], 99.990th=[ 4359], 99.999th=[16712]
   bw (  KiB/s): min=33415, max=195062, per=10.87%, avg=161279.36, stdev=24527.92, samples=472
   iops        : min= 8353, max=48765, avg=40319.46, stdev=6131.96, samples=472
  lat (usec)   : 20=0.01%, 50=0.01%, 100=0.01%, 250=0.01%, 500=0.09%
  lat (usec)   : 750=89.10%, 1000=4.87%
  lat (msec)   : 2=5.83%, 4=0.08%, 10=0.02%, 20=0.01%
  cpu          : usr=22.45%, sys=77.36%, ctx=154, majf=0, minf=85
  IO depths    : 1=0.1%, 2=0.1%, 4=0.1%, 8=0.1%, 16=0.1%, 32=100.0%, >=64=0.0%
     submit    : 0=0.0%, 4=100.0%, 8=0.0%, 16=0.0%, 32=0.0%, 64=0.0%, >=64=0.0%
     complete  : 0=0.0%, 4=100.0%, 8=0.0%, 16=0.0%, 32=0.1%, 64=0.0%, >=64=0.0%
     issued rwt: total=0,11126777,0, short=0,0,0, dropped=0,0,0
     latency   : target=0, window=0, percentile=100.00%, depth=32
randw-4K-n12-c12: (groupid=4, jobs=12): err= 0: pid=1380: Sun Jul 21 22:52:28 2019
  write: IOPS=628k, BW=2452MiB/s (2571MB/s)(71.8GiB/30002msec)
    slat (usec): min=2, max=24067, avg=13.29, stdev=20.62
    clat (usec): min=15, max=25613, avg=593.83, stdev=274.27
     lat (usec): min=19, max=25644, avg=607.95, stdev=279.81
    clat percentiles (usec):
     | 10.000th=[  363], 20.000th=[  375], 30.000th=[  392], 40.000th=[  490],
     | 50.000th=[  578], 70.000th=[  676], 90.000th=[  816], 99.000th=[ 1827],
     | 99.900th=[ 2278], 99.990th=[ 2769], 99.999th=[13698]
   bw (  KiB/s): min=45500, max=306470, per=6.13%, avg=153981.69, stdev=49017.63, samples=708
   iops        : min=11375, max=76617, avg=38495.06, stdev=12254.40, samples=708
  lat (usec)   : 20=0.01%, 50=0.01%, 100=0.01%, 250=0.01%, 500=40.54%
  lat (usec)   : 750=40.88%, 1000=15.36%
  lat (msec)   : 2=2.78%, 4=0.44%, 10=0.01%, 20=0.01%, 50=0.01%
  cpu          : usr=26.10%, sys=60.07%, ctx=833709, majf=0, minf=120
  IO depths    : 1=0.1%, 2=0.1%, 4=0.1%, 8=0.1%, 16=0.1%, 32=100.0%, >=64=0.0%
     submit    : 0=0.0%, 4=100.0%, 8=0.0%, 16=0.0%, 32=0.0%, 64=0.0%, >=64=0.0%
     complete  : 0=0.0%, 4=100.0%, 8=0.0%, 16=0.0%, 32=0.1%, 64=0.0%, >=64=0.0%
     issued rwt: total=0,18830811,0, short=0,0,0, dropped=0,0,0
     latency   : target=0, window=0, percentile=100.00%, depth=32
randw-4K-n16-c16: (groupid=5, jobs=16): err= 0: pid=1404: Sun Jul 21 22:52:28 2019
  write: IOPS=629k, BW=2458MiB/s (2577MB/s)(72.0GiB/30001msec)
    slat (usec): min=2, max=20224, avg=20.70, stdev=46.04
    clat (usec): min=15, max=32734, avg=789.39, stdev=229.09
     lat (usec): min=20, max=32739, avg=810.81, stdev=231.54
    clat percentiles (usec):
     | 10.000th=[  594], 20.000th=[  644], 30.000th=[  701], 40.000th=[  750],
     | 50.000th=[  791], 70.000th=[  824], 90.000th=[  889], 99.000th=[ 1647],
     | 99.900th=[ 1860], 99.990th=[ 3884], 99.999th=[16909]
   bw (  KiB/s): min=36927, max=226339, per=5.55%, avg=139605.27, stdev=33789.04, samples=945
   iops        : min= 9231, max=56584, avg=34900.95, stdev=8447.27, samples=945
  lat (usec)   : 20=0.01%, 50=0.01%, 100=0.01%, 250=0.01%, 500=1.44%
  lat (usec)   : 750=38.02%, 1000=53.47%
  lat (msec)   : 2=6.98%, 4=0.07%, 10=0.01%, 20=0.01%, 50=0.01%
  cpu          : usr=16.70%, sys=50.21%, ctx=1113679, majf=0, minf=167
  IO depths    : 1=0.1%, 2=0.1%, 4=0.1%, 8=0.1%, 16=0.1%, 32=100.0%, >=64=0.0%
     submit    : 0=0.0%, 4=100.0%, 8=0.0%, 16=0.0%, 32=0.0%, 64=0.0%, >=64=0.0%
     complete  : 0=0.0%, 4=100.0%, 8=0.0%, 16=0.0%, 32=0.1%, 64=0.0%, >=64=0.0%
     issued rwt: total=0,18876877,0, short=0,0,0, dropped=0,0,0
     latency   : target=0, window=0, percentile=100.00%, depth=32
randw-4K-n20-c20: (groupid=6, jobs=20): err= 0: pid=1433: Sun Jul 21 22:52:28 2019
  write: IOPS=630k, BW=2461MiB/s (2580MB/s)(72.1GiB/30017msec)
    slat (usec): min=2, max=11832, avg=23.91, stdev=106.77
    clat (usec): min=12, max=20930, avg=987.23, stdev=707.51
     lat (usec): min=18, max=20937, avg=1011.98, stdev=726.52
    clat percentiles (usec):
     | 10.000th=[  545], 20.000th=[  570], 30.000th=[  594], 40.000th=[  693],
     | 50.000th=[  791], 70.000th=[ 1106], 90.000th=[ 1401], 99.000th=[ 4359],
     | 99.900th=[ 7570], 99.990th=[10552], 99.999th=[13829]
   bw (  KiB/s): min=22362, max=233700, per=4.46%, avg=112496.31, stdev=57388.08, samples=1180
   iops        : min= 5590, max=58425, avg=28123.71, stdev=14347.02, samples=1180
  lat (usec)   : 20=0.01%, 50=0.01%, 100=0.01%, 250=0.01%, 500=0.93%
  lat (usec)   : 750=45.16%, 1000=17.90%
  lat (msec)   : 2=31.77%, 4=3.01%, 10=1.21%, 20=0.02%, 50=0.01%
  cpu          : usr=15.49%, sys=32.25%, ctx=3300531, majf=0, minf=201
  IO depths    : 1=0.1%, 2=0.1%, 4=0.1%, 8=0.1%, 16=0.1%, 32=100.0%, >=64=0.0%
     submit    : 0=0.0%, 4=100.0%, 8=0.0%, 16=0.0%, 32=0.0%, 64=0.0%, >=64=0.0%
     complete  : 0=0.0%, 4=100.0%, 8=0.0%, 16=0.0%, 32=0.1%, 64=0.0%, >=64=0.0%
     issued rwt: total=0,18909665,0, short=0,0,0, dropped=0,0,0
     latency   : target=0, window=0, percentile=100.00%, depth=32
randw-4K-n24-c24: (groupid=7, jobs=24): err= 0: pid=1463: Sun Jul 21 22:52:28 2019
  write: IOPS=629k, BW=2459MiB/s (2578MB/s)(72.0GiB/30002msec)
    slat (usec): min=2, max=12273, avg=32.83, stdev=105.79
    clat (usec): min=11, max=14940, avg=1182.87, stdev=532.63
     lat (usec): min=18, max=14969, avg=1216.50, stdev=543.60
    clat percentiles (usec):
     | 10.000th=[  717], 20.000th=[  799], 30.000th=[  906], 40.000th=[ 1020],
     | 50.000th=[ 1139], 70.000th=[ 1254], 90.000th=[ 1713], 99.000th=[ 3326],
     | 99.900th=[ 5866], 99.990th=[ 8717], 99.999th=[11469]
   bw (  KiB/s): min=56638, max=166925, per=4.19%, avg=105602.29, stdev=28182.88, samples=1434
   iops        : min=14159, max=41731, avg=26400.30, stdev=7045.70, samples=1434
  lat (usec)   : 20=0.01%, 50=0.01%, 100=0.01%, 250=0.01%, 500=0.16%
  lat (usec)   : 750=13.97%, 1000=24.09%
  lat (msec)   : 2=57.14%, 4=4.11%, 10=0.53%, 20=0.01%
  cpu          : usr=12.04%, sys=28.56%, ctx=1902493, majf=0, minf=241
  IO depths    : 1=0.1%, 2=0.1%, 4=0.1%, 8=0.1%, 16=0.1%, 32=100.0%, >=64=0.0%
     submit    : 0=0.0%, 4=100.0%, 8=0.0%, 16=0.0%, 32=0.0%, 64=0.0%, >=64=0.0%
     complete  : 0=0.0%, 4=100.0%, 8=0.0%, 16=0.0%, 32=0.1%, 64=0.0%, >=64=0.0%
     issued rwt: total=0,18884786,0, short=0,0,0, dropped=0,0,0
     latency   : target=0, window=0, percentile=100.00%, depth=32

Run status group 0 (all jobs):
  WRITE: bw=440MiB/s (462MB/s), 440MiB/s-440MiB/s (462MB/s-462MB/s), io=12.9GiB (13.9GB), run=30001-30001msec

Run status group 1 (all jobs):
  WRITE: bw=688MiB/s (721MB/s), 688MiB/s-688MiB/s (721MB/s-721MB/s), io=20.1GiB (21.6GB), run=30001-30001msec

Run status group 2 (all jobs):
  WRITE: bw=1107MiB/s (1161MB/s), 1107MiB/s-1107MiB/s (1161MB/s-1161MB/s), io=32.4GiB (34.8GB), run=30001-30001msec

Run status group 3 (all jobs):
  WRITE: bw=1449MiB/s (1519MB/s), 1449MiB/s-1449MiB/s (1519MB/s-1519MB/s), io=42.4GiB (45.6GB), run=30001-30001msec

Run status group 4 (all jobs):
  WRITE: bw=2452MiB/s (2571MB/s), 2452MiB/s-2452MiB/s (2571MB/s-2571MB/s), io=71.8GiB (77.1GB), run=30002-30002msec

Run status group 5 (all jobs):
  WRITE: bw=2458MiB/s (2577MB/s), 2458MiB/s-2458MiB/s (2577MB/s-2577MB/s), io=72.0GiB (77.3GB), run=30001-30001msec

Run status group 6 (all jobs):
  WRITE: bw=2461MiB/s (2580MB/s), 2461MiB/s-2461MiB/s (2580MB/s-2580MB/s), io=72.1GiB (77.5GB), run=30017-30017msec

Run status group 7 (all jobs):
  WRITE: bw=2459MiB/s (2578MB/s), 2459MiB/s-2459MiB/s (2578MB/s-2578MB/s), io=72.0GiB (77.4GB), run=30002-30002msec

Disk stats (read/write):
  vda: ios=1030/103661570, merge=0/0, ticks=84/33142780, in_queue=32172016, util=89.11%
