randw-4K-n1-c1: (g=0): rw=randwrite, bs=(R) 4096B-4096B, (W) 4096B-4096B, (T) 4096B-4096B, ioengine=libaio, iodepth=32
randw-4K-n2-c2: (g=1): rw=randwrite, bs=(R) 4096B-4096B, (W) 4096B-4096B, (T) 4096B-4096B, ioengine=libaio, iodepth=32
...
randw-4K-n4-c4: (g=2): rw=randwrite, bs=(R) 4096B-4096B, (W) 4096B-4096B, (T) 4096B-4096B, ioengine=libaio, iodepth=32
...
randw-4K-n8-c8: (g=3): rw=randwrite, bs=(R) 4096B-4096B, (W) 4096B-4096B, (T) 4096B-4096B, ioengine=libaio, iodepth=32
...
randw-4K-n12-c12: (g=4): rw=randwrite, bs=(R) 4096B-4096B, (W) 4096B-4096B, (T) 4096B-4096B, ioengine=libaio, iodepth=32
...
fio-3.1
Starting 27 processes

randw-4K-n1-c1: (groupid=0, jobs=1): err= 0: pid=3278: Sat Jul 27 22:20:52 2019
  write: IOPS=130k, BW=510MiB/s (534MB/s)(59.7GiB/120001msec)
    slat (usec): min=2, max=6455, avg= 2.38, stdev= 2.00
    clat (usec): min=14, max=729, avg=239.75, stdev=12.27
     lat (usec): min=17, max=7087, avg=242.71, stdev=12.50
    clat percentiles (usec):
     | 10.000th=[  233], 20.000th=[  233], 30.000th=[  235], 40.000th=[  235],
     | 50.000th=[  237], 70.000th=[  239], 90.000th=[  255], 99.000th=[  285],
     | 99.900th=[  306], 99.990th=[  326], 99.999th=[  594]
   bw (  KiB/s): min=418226, max=513766, per=80.96%, avg=422583.59, stdev=6070.14, samples=239
   iops        : min=104556, max=128441, avg=105645.55, stdev=1517.53, samples=239
  lat (usec)   : 20=0.01%, 50=0.01%, 100=0.01%, 250=86.63%, 500=13.37%
  lat (usec)   : 750=0.01%
  cpu          : usr=52.05%, sys=47.94%, ctx=415, majf=0, minf=10
  IO depths    : 1=0.1%, 2=0.1%, 4=0.1%, 8=0.1%, 16=0.1%, 32=100.0%, >=64=0.0%
     submit    : 0=0.0%, 4=100.0%, 8=0.0%, 16=0.0%, 32=0.0%, 64=0.0%, >=64=0.0%
     complete  : 0=0.0%, 4=100.0%, 8=0.0%, 16=0.0%, 32=0.1%, 64=0.0%, >=64=0.0%
     issued rwt: total=0,15658257,0, short=0,0,0, dropped=0,0,0
     latency   : target=0, window=0, percentile=100.00%, depth=32
randw-4K-n2-c2: (groupid=1, jobs=2): err= 0: pid=3284: Sat Jul 27 22:20:52 2019
  write: IOPS=245k, BW=955MiB/s (1002MB/s)(112GiB/120002msec)
    slat (usec): min=2, max=16021, avg= 2.65, stdev= 4.03
    clat (usec): min=12, max=28719, avg=256.05, stdev=43.97
     lat (usec): min=18, max=28727, avg=259.35, stdev=44.17
    clat percentiles (usec):
     | 10.000th=[  247], 20.000th=[  249], 30.000th=[  251], 40.000th=[  251],
     | 50.000th=[  253], 70.000th=[  255], 90.000th=[  273], 99.000th=[  306],
     | 99.900th=[  322], 99.990th=[  347], 99.999th=[  693]
   bw (  KiB/s): min=390244, max=455540, per=40.69%, avg=398024.62, stdev=5748.32, samples=478
   iops        : min=97561, max=113885, avg=99505.76, stdev=1437.07, samples=478
  lat (usec)   : 20=0.01%, 50=0.01%, 100=0.01%, 250=23.75%, 500=76.25%
  lat (usec)   : 750=0.01%, 1000=0.01%
  lat (msec)   : 20=0.01%, 50=0.01%
  cpu          : usr=54.29%, sys=45.67%, ctx=620, majf=0, minf=18
  IO depths    : 1=0.1%, 2=0.1%, 4=0.1%, 8=0.1%, 16=0.1%, 32=100.0%, >=64=0.0%
     submit    : 0=0.0%, 4=100.0%, 8=0.0%, 16=0.0%, 32=0.0%, 64=0.0%, >=64=0.0%
     complete  : 0=0.0%, 4=100.0%, 8=0.0%, 16=0.0%, 32=0.1%, 64=0.0%, >=64=0.0%
     issued rwt: total=0,29344636,0, short=0,0,0, dropped=0,0,0
     latency   : target=0, window=0, percentile=100.00%, depth=32
randw-4K-n4-c4: (groupid=2, jobs=4): err= 0: pid=3289: Sat Jul 27 22:20:52 2019
  write: IOPS=457k, BW=1784MiB/s (1871MB/s)(209GiB/120005msec)
    slat (usec): min=2, max=24057, avg= 3.34, stdev= 6.83
    clat (usec): min=17, max=24707, avg=273.16, stdev=49.90
     lat (usec): min=20, max=24715, avg=277.13, stdev=50.51
    clat percentiles (usec):
     | 10.000th=[  255], 20.000th=[  262], 30.000th=[  265], 40.000th=[  269],
     | 50.000th=[  273], 70.000th=[  277], 90.000th=[  297], 99.000th=[  318],
     | 99.900th=[  334], 99.990th=[  537], 99.999th=[ 2966]
   bw (  KiB/s): min=386648, max=486561, per=24.40%, avg=445863.11, stdev=14732.62, samples=956
   iops        : min=96662, max=121640, avg=111465.43, stdev=3683.18, samples=956
  lat (usec)   : 20=0.01%, 50=0.01%, 100=0.01%, 250=4.41%, 500=95.57%
  lat (usec)   : 750=0.01%, 1000=0.01%
  lat (msec)   : 2=0.01%, 4=0.01%, 10=0.01%, 20=0.01%, 50=0.01%
  cpu          : usr=50.06%, sys=49.90%, ctx=1436, majf=0, minf=42
  IO depths    : 1=0.1%, 2=0.1%, 4=0.1%, 8=0.1%, 16=0.1%, 32=100.0%, >=64=0.0%
     submit    : 0=0.0%, 4=100.0%, 8=0.0%, 16=0.0%, 32=0.0%, 64=0.0%, >=64=0.0%
     complete  : 0=0.0%, 4=100.0%, 8=0.0%, 16=0.0%, 32=0.1%, 64=0.0%, >=64=0.0%
     issued rwt: total=0,54820919,0, short=0,0,0, dropped=0,0,0
     latency   : target=0, window=0, percentile=100.00%, depth=32
randw-4K-n8-c8: (groupid=3, jobs=8): err= 0: pid=3296: Sat Jul 27 22:20:52 2019
  write: IOPS=563k, BW=2198MiB/s (2304MB/s)(258GiB/120005msec)
    slat (usec): min=2, max=12765, avg= 3.82, stdev= 3.44
    clat (usec): min=12, max=14390, avg=448.00, stdev=47.39
     lat (usec): min=145, max=14398, avg=452.47, stdev=47.35
    clat percentiles (usec):
     | 10.000th=[  392], 20.000th=[  416], 30.000th=[  424], 40.000th=[  429],
     | 50.000th=[  445], 70.000th=[  465], 90.000th=[  502], 99.000th=[  562],
     | 99.900th=[  635], 99.990th=[  775], 99.999th=[ 1942]
   bw (  KiB/s): min=190615, max=400187, per=8.65%, avg=194576.32, stdev=6873.99, samples=1912
   iops        : min=47653, max=100046, avg=48643.70, stdev=1718.49, samples=1912
  lat (usec)   : 20=0.01%, 100=0.01%, 250=0.01%, 500=88.71%, 750=11.28%
  lat (usec)   : 1000=0.01%
  lat (msec)   : 2=0.01%, 4=0.01%, 10=0.01%, 20=0.01%
  cpu          : usr=31.03%, sys=38.65%, ctx=24292400, majf=0, minf=82
  IO depths    : 1=0.1%, 2=0.1%, 4=0.1%, 8=0.1%, 16=0.1%, 32=100.0%, >=64=0.0%
     submit    : 0=0.0%, 4=100.0%, 8=0.0%, 16=0.0%, 32=0.0%, 64=0.0%, >=64=0.0%
     complete  : 0=0.0%, 4=100.0%, 8=0.0%, 16=0.0%, 32=0.1%, 64=0.0%, >=64=0.0%
     issued rwt: total=0,67515631,0, short=0,0,0, dropped=0,0,0
     latency   : target=0, window=0, percentile=100.00%, depth=32
randw-4K-n12-c12: (groupid=4, jobs=12): err= 0: pid=3307: Sat Jul 27 22:20:52 2019
  write: IOPS=559k, BW=2182MiB/s (2288MB/s)(256GiB/120026msec)
    slat (usec): min=2, max=20449, avg= 3.70, stdev= 4.57
    clat (usec): min=20, max=25977, avg=680.47, stdev=57.32
     lat (usec): min=220, max=25983, avg=684.82, stdev=57.34
    clat percentiles (usec):
     | 10.000th=[  619], 20.000th=[  635], 30.000th=[  652], 40.000th=[  668],
     | 50.000th=[  676], 70.000th=[  701], 90.000th=[  750], 99.000th=[  816],
     | 99.900th=[  873], 99.990th=[  930], 99.999th=[ 2540]
   bw (  KiB/s): min=181461, max=189545, per=8.37%, avg=187012.24, stdev=711.94, samples=2880
   iops        : min=45365, max=47386, avg=46752.73, stdev=177.94, samples=2880
  lat (usec)   : 50=0.01%, 250=0.01%, 500=0.01%, 750=90.04%, 1000=9.94%
  lat (msec)   : 2=0.01%, 4=0.01%, 10=0.01%, 50=0.01%
  cpu          : usr=21.84%, sys=27.28%, ctx=36706742, majf=0, minf=117
  IO depths    : 1=0.1%, 2=0.1%, 4=0.1%, 8=0.1%, 16=0.1%, 32=100.0%, >=64=0.0%
     submit    : 0=0.0%, 4=100.0%, 8=0.0%, 16=0.0%, 32=0.0%, 64=0.0%, >=64=0.0%
     complete  : 0=0.0%, 4=100.0%, 8=0.0%, 16=0.0%, 32=0.1%, 64=0.0%, >=64=0.0%
     issued rwt: total=0,67044566,0, short=0,0,0, dropped=0,0,0
     latency   : target=0, window=0, percentile=100.00%, depth=32

Run status group 0 (all jobs):
  WRITE: bw=510MiB/s (534MB/s), 510MiB/s-510MiB/s (534MB/s-534MB/s), io=59.7GiB (64.1GB), run=120001-120001msec

Run status group 1 (all jobs):
  WRITE: bw=955MiB/s (1002MB/s), 955MiB/s-955MiB/s (1002MB/s-1002MB/s), io=112GiB (120GB), run=120002-120002msec

Run status group 2 (all jobs):
  WRITE: bw=1784MiB/s (1871MB/s), 1784MiB/s-1784MiB/s (1871MB/s-1871MB/s), io=209GiB (225GB), run=120005-120005msec

Run status group 3 (all jobs):
  WRITE: bw=2198MiB/s (2304MB/s), 2198MiB/s-2198MiB/s (2304MB/s-2304MB/s), io=258GiB (277GB), run=120005-120005msec

Run status group 4 (all jobs):
  WRITE: bw=2182MiB/s (2288MB/s), 2182MiB/s-2182MiB/s (2288MB/s-2288MB/s), io=256GiB (275GB), run=120026-120026msec

Disk stats (read/write):
  nvme0n1: ios=399/234285109, merge=0/0, ticks=16/76166244, in_queue=74845740, util=83.62%
