[OVERALL], RunTime(ms), 339
[OVERALL], Throughput(ops/sec), 2949.8525073746314
[TOTAL_GCS_PS_Scavenge], Count, 0
[TOTAL_GC_TIME_PS_Scavenge], Time(ms), 0
[TOTAL_GC_TIME_%_PS_Scavenge], Time(%), 0.0
[TOTAL_GCS_PS_MarkSweep], Count, 0
[TOTAL_GC_TIME_PS_MarkSweep], Time(ms), 0
[TOTAL_GC_TIME_%_PS_MarkSweep], Time(%), 0.0
[TOTAL_GCs], Count, 0
[TOTAL_GC_TIME], Time(ms), 0
[TOTAL_GC_TIME_%], Time(%), 0.0
[CLEANUP], Operations, 1
[CLEANUP], AverageLatency(us), 496.0
[CLEANUP], MinLatency(us), 496
[CLEANUP], MaxLatency(us), 496
[CLEANUP], 95thPercentileLatency(us), 496
[CLEANUP], 99thPercentileLatency(us), 496
[INSERT], Operations, 1000
[INSERT], AverageLatency(us), 287.783
[INSERT], MinLatency(us), 178
[INSERT], MaxLatency(us), 6579
[INSERT], 95thPercentileLatency(us), 441
[INSERT], 99thPercentileLatency(us), 655
[INSERT], Return=OK, 1000
