[OVERALL], RunTime(ms), 344
[OVERALL], Throughput(ops/sec), 2906.9767441860463
[TOTAL_GCS_PS_Scavenge], Count, 0
[TOTAL_GC_TIME_PS_Scavenge], Time(ms), 0
[TOTAL_GC_TIME_%_PS_Scavenge], Time(%), 0.0
[TOTAL_GCS_PS_MarkSweep], Count, 0
[TOTAL_GC_TIME_PS_MarkSweep], Time(ms), 0
[TOTAL_GC_TIME_%_PS_MarkSweep], Time(%), 0.0
[TOTAL_GCs], Count, 0
[TOTAL_GC_TIME], Time(ms), 0
[TOTAL_GC_TIME_%], Time(%), 0.0
[CLEANUP], Operations, 1
[CLEANUP], AverageLatency(us), 400.0
[CLEANUP], MinLatency(us), 400
[CLEANUP], MaxLatency(us), 400
[CLEANUP], 95thPercentileLatency(us), 400
[CLEANUP], 99thPercentileLatency(us), 400
[INSERT], Operations, 1000
[INSERT], AverageLatency(us), 278.673
[INSERT], MinLatency(us), 183
[INSERT], MaxLatency(us), 10143
[INSERT], 95thPercentileLatency(us), 411
[INSERT], 99thPercentileLatency(us), 871
[INSERT], Return=OK, 1000
