[OVERALL], RunTime(ms), 318
[OVERALL], Throughput(ops/sec), 3144.6540880503144
[TOTAL_GCS_PS_Scavenge], Count, 0
[TOTAL_GC_TIME_PS_Scavenge], Time(ms), 0
[TOTAL_GC_TIME_%_PS_Scavenge], Time(%), 0.0
[TOTAL_GCS_PS_MarkSweep], Count, 0
[TOTAL_GC_TIME_PS_MarkSweep], Time(ms), 0
[TOTAL_GC_TIME_%_PS_MarkSweep], Time(%), 0.0
[TOTAL_GCs], Count, 0
[TOTAL_GC_TIME], Time(ms), 0
[TOTAL_GC_TIME_%], Time(%), 0.0
[CLEANUP], Operations, 1
[CLEANUP], AverageLatency(us), 651.0
[CLEANUP], MinLatency(us), 651
[CLEANUP], MaxLatency(us), 651
[CLEANUP], 95thPercentileLatency(us), 651
[CLEANUP], 99thPercentileLatency(us), 651
[INSERT], Operations, 1000
[INSERT], AverageLatency(us), 260.648
[INSERT], MinLatency(us), 179
[INSERT], MaxLatency(us), 6743
[INSERT], 95thPercentileLatency(us), 403
[INSERT], 99thPercentileLatency(us), 817
[INSERT], Return=OK, 1000
