[OVERALL], RunTime(ms), 165
[OVERALL], Throughput(ops/sec), 6060.606060606061
[TOTAL_GCS_PS_Scavenge], Count, 0
[TOTAL_GC_TIME_PS_Scavenge], Time(ms), 0
[TOTAL_GC_TIME_%_PS_Scavenge], Time(%), 0.0
[TOTAL_GCS_PS_MarkSweep], Count, 0
[TOTAL_GC_TIME_PS_MarkSweep], Time(ms), 0
[TOTAL_GC_TIME_%_PS_MarkSweep], Time(%), 0.0
[TOTAL_GCs], Count, 0
[TOTAL_GC_TIME], Time(ms), 0
[TOTAL_GC_TIME_%], Time(%), 0.0
[CLEANUP], Operations, 8
[CLEANUP], AverageLatency(us), 95.5
[CLEANUP], MinLatency(us), 25
[CLEANUP], MaxLatency(us), 554
[CLEANUP], 95thPercentileLatency(us), 554
[CLEANUP], 99thPercentileLatency(us), 554
[INSERT], Operations, 1000
[INSERT], AverageLatency(us), 856.688
[INSERT], MinLatency(us), 157
[INSERT], MaxLatency(us), 12063
[INSERT], 95thPercentileLatency(us), 1911
[INSERT], 99thPercentileLatency(us), 6651
[INSERT], Return=OK, 1000
