[OVERALL], RunTime(ms), 160
[OVERALL], Throughput(ops/sec), 6250.0
[TOTAL_GCS_PS_Scavenge], Count, 0
[TOTAL_GC_TIME_PS_Scavenge], Time(ms), 0
[TOTAL_GC_TIME_%_PS_Scavenge], Time(%), 0.0
[TOTAL_GCS_PS_MarkSweep], Count, 0
[TOTAL_GC_TIME_PS_MarkSweep], Time(ms), 0
[TOTAL_GC_TIME_%_PS_MarkSweep], Time(%), 0.0
[TOTAL_GCs], Count, 0
[TOTAL_GC_TIME], Time(ms), 0
[TOTAL_GC_TIME_%], Time(%), 0.0
[CLEANUP], Operations, 8
[CLEANUP], AverageLatency(us), 93.5
[CLEANUP], MinLatency(us), 26
[CLEANUP], MaxLatency(us), 475
[CLEANUP], 95thPercentileLatency(us), 475
[CLEANUP], 99thPercentileLatency(us), 475
[INSERT], Operations, 1000
[INSERT], AverageLatency(us), 759.113
[INSERT], MinLatency(us), 188
[INSERT], MaxLatency(us), 20959
[INSERT], 95thPercentileLatency(us), 1331
[INSERT], 99thPercentileLatency(us), 6591
[INSERT], Return=OK, 1000
