[OVERALL], RunTime(ms), 177
[OVERALL], Throughput(ops/sec), 5649.717514124294
[TOTAL_GCS_PS_Scavenge], Count, 0
[TOTAL_GC_TIME_PS_Scavenge], Time(ms), 0
[TOTAL_GC_TIME_%_PS_Scavenge], Time(%), 0.0
[TOTAL_GCS_PS_MarkSweep], Count, 0
[TOTAL_GC_TIME_PS_MarkSweep], Time(ms), 0
[TOTAL_GC_TIME_%_PS_MarkSweep], Time(%), 0.0
[TOTAL_GCs], Count, 0
[TOTAL_GC_TIME], Time(ms), 0
[TOTAL_GC_TIME_%], Time(%), 0.0
[CLEANUP], Operations, 8
[CLEANUP], AverageLatency(us), 104.75
[CLEANUP], MinLatency(us), 29
[CLEANUP], MaxLatency(us), 605
[CLEANUP], 95thPercentileLatency(us), 605
[CLEANUP], 99thPercentileLatency(us), 605
[INSERT], Operations, 1000
[INSERT], AverageLatency(us), 885.503
[INSERT], MinLatency(us), 224
[INSERT], MaxLatency(us), 9087
[INSERT], 95thPercentileLatency(us), 2221
[INSERT], 99thPercentileLatency(us), 5195
[INSERT], Return=OK, 1000
