***************************************
*** ###easy### TPC-C Load Generator ***
***************************************
option h with value '192.168.122.77'
option P with value '3306'
option d with value 'benchmarker'
option u with value 'root'
option p with value '123456'
option w with value '11'
option c with value '64'
option r with value '22'
option l with value '60'
option i with value '10'
<Parameters>
     [server]: 192.168.122.77
     [port]: 3306
     [DBname]: benchmarker
       [user]: root
       [pass]: 123456
  [warehouse]: 11
 [connection]: 64
     [rampup]: 22 (sec.)
    [measure]: 60 (sec.)

RAMP-UP TIME.(22 sec.)

MEASURING START.

  10, trx: 2412, 95%: 241.287, 99%: 324.127, max_rt: 517.568, 2420|620.435, 242|82.405, 242|519.627, 241|887.381
  20, trx: 2373, 95%: 245.513, 99%: 313.910, max_rt: 621.921, 2374|586.247, 238|65.316, 237|496.697, 236|781.322
  30, trx: 2280, 95%: 253.049, 99%: 327.933, max_rt: 439.893, 2279|583.004, 227|61.243, 227|484.496, 229|985.548
  40, trx: 2314, 95%: 247.876, 99%: 320.077, max_rt: 483.791, 2303|762.486, 231|58.314, 232|521.236, 231|822.690
  50, trx: 2407, 95%: 245.219, 99%: 333.077, max_rt: 448.224, 2425|570.892, 241|46.747, 240|446.049, 240|736.100
  60, trx: 2283, 95%: 246.249, 99%: 339.622, max_rt: 449.750, 2289|531.647, 229|44.481, 227|486.224, 229|702.362

STOPPING THREADS................................................................

<Raw Results>
  [0] sc:0 lt:14069  rt:0  fl:0 avg_rt: 166.3 (5)
  [1] sc:50 lt:14040  rt:0  fl:0 avg_rt: 117.8 (5)
  [2] sc:611 lt:797  rt:0  fl:0 avg_rt: 12.6 (5)
  [3] sc:4 lt:1401  rt:0  fl:0 avg_rt: 302.0 (80)
  [4] sc:0 lt:1406  rt:0  fl:0 avg_rt: 559.2 (20)
 in 60 sec.

<Raw Results2(sum ver.)>
  [0] sc:0  lt:14069  rt:0  fl:0 
  [1] sc:50  lt:14041  rt:0  fl:0 
  [2] sc:611  lt:797  rt:0  fl:0 
  [3] sc:4  lt:1402  rt:0  fl:0 
  [4] sc:0  lt:1406  rt:0  fl:0 

<Constraint Check> (all must be [OK])
 [transaction percentage]
        Payment: 43.52% (>=43.0%) [OK]
   Order-Status: 4.35% (>= 4.0%) [OK]
       Delivery: 4.34% (>= 4.0%) [OK]
    Stock-Level: 4.34% (>= 4.0%) [OK]
 [response time (at least 90% passed)]
      New-Order: 0.00%  [NG] *
        Payment: 0.35%  [NG] *
   Order-Status: 43.39%  [NG] *
       Delivery: 0.28%  [NG] *
    Stock-Level: 0.00%  [NG] *

<TpmC>
                 14069.000 TpmC
