***************************************
*** ###easy### TPC-C Load Generator ***
***************************************
option h with value '192.168.122.79'
option P with value '3306'
option d with value 'benchmarker'
option u with value 'root'
option p with value '123456'
option w with value '11'
option c with value '128'
option r with value '22'
option l with value '60'
option i with value '10'
<Parameters>
     [server]: 192.168.122.79
     [port]: 3306
     [DBname]: benchmarker
       [user]: root
       [pass]: 123456
  [warehouse]: 11
 [connection]: 128
     [rampup]: 22 (sec.)
    [measure]: 60 (sec.)

RAMP-UP TIME.(22 sec.)

MEASURING START.

  10, trx: 4799, 95%: 139.895, 99%: 198.684, max_rt: 599.164, 4803|923.243, 479|105.484, 483|1753.234, 478|290.693
  20, trx: 4714, 95%: 143.715, 99%: 199.937, max_rt: 478.047, 4705|578.952, 471|75.544, 466|1680.327, 468|247.275
  30, trx: 4831, 95%: 144.838, 99%: 211.132, max_rt: 446.963, 4845|835.986, 484|63.503, 482|1381.363, 488|241.333
  40, trx: 4792, 95%: 146.451, 99%: 211.258, max_rt: 594.083, 4802|602.150, 480|50.840, 479|1974.054, 477|254.943
  50, trx: 4793, 95%: 146.846, 99%: 219.247, max_rt: 558.831, 4750|743.303, 479|104.132, 493|2011.589, 481|227.952
  60, trx: 4792, 95%: 143.157, 99%: 198.031, max_rt: 404.916, 4814|806.145, 479|77.525, 470|1574.021, 477|238.211

STOPPING THREADS................................................................................................................................

<Raw Results>
  [0] sc:2 lt:28719  rt:0  fl:0 avg_rt: 93.8 (5)
  [1] sc:961 lt:27759  rt:0  fl:0 avg_rt: 159.8 (5)
  [2] sc:1292 lt:1580  rt:0  fl:0 avg_rt: 10.7 (5)
  [3] sc:3 lt:2870  rt:0  fl:0 avg_rt: 926.4 (80)
  [4] sc:0 lt:2869  rt:0  fl:0 avg_rt: 150.1 (20)
 in 60 sec.

<Raw Results2(sum ver.)>
  [0] sc:2  lt:28719  rt:0  fl:0 
  [1] sc:961  lt:27771  rt:0  fl:0 
  [2] sc:1292  lt:1580  rt:0  fl:0 
  [3] sc:3  lt:2870  rt:0  fl:0 
  [4] sc:0  lt:2869  rt:0  fl:0 

<Constraint Check> (all must be [OK])
 [transaction percentage]
        Payment: 43.48% (>=43.0%) [OK]
   Order-Status: 4.35% (>= 4.0%) [OK]
       Delivery: 4.35% (>= 4.0%) [OK]
    Stock-Level: 4.34% (>= 4.0%) [OK]
 [response time (at least 90% passed)]
      New-Order: 0.01%  [NG] *
        Payment: 3.35%  [NG] *
   Order-Status: 44.99%  [NG] *
       Delivery: 0.10%  [NG] *
    Stock-Level: 0.00%  [NG] *

<TpmC>
                 28721.000 TpmC
