***************************************
*** ###easy### TPC-C Load Generator ***
***************************************
option h with value '192.168.122.77'
option P with value '3306'
option d with value 'benchmarker'
option u with value 'root'
option p with value '123456'
option w with value '11'
option c with value '8'
option r with value '22'
option l with value '60'
option i with value '10'
<Parameters>
     [server]: 192.168.122.77
     [port]: 3306
     [DBname]: benchmarker
       [user]: root
       [pass]: 123456
  [warehouse]: 11
 [connection]: 8
     [rampup]: 22 (sec.)
    [measure]: 60 (sec.)

RAMP-UP TIME.(22 sec.)

MEASURING START.

  10, trx: 736, 95%: 92.971, 99%: 104.515, max_rt: 122.559, 734|88.058, 73|29.984, 74|167.906, 74|273.686
  20, trx: 693, 95%: 94.685, 99%: 107.691, max_rt: 141.285, 697|74.159, 71|43.094, 69|160.132, 69|261.151
  30, trx: 678, 95%: 100.316, 99%: 109.119, max_rt: 126.632, 676|90.214, 67|15.655, 68|162.891, 67|258.508
  40, trx: 674, 95%: 96.690, 99%: 109.544, max_rt: 126.979, 678|74.911, 67|23.464, 68|162.894, 68|281.363
  50, trx: 679, 95%: 97.270, 99%: 109.676, max_rt: 133.865, 675|76.837, 69|20.150, 68|153.569, 68|299.090
  60, trx: 680, 95%: 97.562, 99%: 108.143, max_rt: 118.207, 682|72.085, 67|14.590, 68|169.143, 68|266.820

STOPPING THREADS........

<Raw Results>
  [0] sc:0 lt:4140  rt:0  fl:0 avg_rt: 88.3 (5)
  [1] sc:86 lt:4056  rt:0  fl:0 avg_rt: 21.1 (5)
  [2] sc:106 lt:308  rt:0  fl:0 avg_rt: 10.5 (5)
  [3] sc:0 lt:415  rt:0  fl:0 avg_rt: 182.8 (80)
  [4] sc:0 lt:414  rt:0  fl:0 avg_rt: 295.0 (20)
 in 60 sec.

<Raw Results2(sum ver.)>
  [0] sc:0  lt:4140  rt:0  fl:0 
  [1] sc:86  lt:4056  rt:0  fl:0 
  [2] sc:106  lt:308  rt:0  fl:0 
  [3] sc:0  lt:415  rt:0  fl:0 
  [4] sc:0  lt:414  rt:0  fl:0 

<Constraint Check> (all must be [OK])
 [transaction percentage]
        Payment: 43.49% (>=43.0%) [OK]
   Order-Status: 4.35% (>= 4.0%) [OK]
       Delivery: 4.36% (>= 4.0%) [OK]
    Stock-Level: 4.35% (>= 4.0%) [OK]
 [response time (at least 90% passed)]
      New-Order: 0.00%  [NG] *
        Payment: 2.08%  [NG] *
   Order-Status: 25.60%  [NG] *
       Delivery: 0.00%  [NG] *
    Stock-Level: 0.00%  [NG] *

<TpmC>
                 4140.000 TpmC
