***************************************
*** ###easy### TPC-C Load Generator ***
***************************************
option h with value '192.168.122.77'
option P with value '3306'
option d with value 'benchmarker'
option u with value 'root'
option p with value '123456'
option w with value '11'
option c with value '64'
option r with value '22'
option l with value '60'
option i with value '10'
<Parameters>
     [server]: 192.168.122.77
     [port]: 3306
     [DBname]: benchmarker
       [user]: root
       [pass]: 123456
  [warehouse]: 11
 [connection]: 64
     [rampup]: 22 (sec.)
    [measure]: 60 (sec.)

RAMP-UP TIME.(22 sec.)

MEASURING START.

  10, trx: 651, 95%: 775.656, 99%: 1015.173, max_rt: 1386.562, 658|1411.683, 65|202.947, 65|1159.743, 65|2089.530
  20, trx: 664, 95%: 818.350, 99%: 993.528, max_rt: 1189.802, 660|1073.855, 66|118.081, 65|1122.289, 65|2036.716
  30, trx: 666, 95%: 803.302, 99%: 994.123, max_rt: 1183.620, 668|1802.885, 68|166.234, 66|1056.076, 68|1761.141
  40, trx: 670, 95%: 764.362, 99%: 951.897, max_rt: 1195.512, 662|1463.702, 66|224.731, 66|1325.354, 68|1924.722
  50, trx: 681, 95%: 767.801, 99%: 970.018, max_rt: 1397.647, 675|1596.142, 68|159.927, 70|1281.588, 69|1793.731
  60, trx: 657, 95%: 751.655, 99%: 998.298, max_rt: 1271.145, 664|1426.812, 66|86.249, 66|1052.707, 65|1908.361

STOPPING THREADS................................................................

<Raw Results>
  [0] sc:0 lt:3989  rt:0  fl:0 avg_rt: 668.6 (5)
  [1] sc:34 lt:3953  rt:0  fl:0 avg_rt: 303.7 (5)
  [2] sc:79 lt:320  rt:0  fl:0 avg_rt: 46.4 (5)
  [3] sc:0 lt:398  rt:0  fl:0 avg_rt: 1282.3 (80)
  [4] sc:0 lt:400  rt:0  fl:0 avg_rt: 2076.6 (20)
 in 60 sec.

<Raw Results2(sum ver.)>
  [0] sc:0  lt:3989  rt:0  fl:0 
  [1] sc:34  lt:3953  rt:0  fl:0 
  [2] sc:79  lt:320  rt:0  fl:0 
  [3] sc:0  lt:398  rt:0  fl:0 
  [4] sc:0  lt:400  rt:0  fl:0 

<Constraint Check> (all must be [OK])
 [transaction percentage]
        Payment: 43.46% (>=43.0%) [OK]
   Order-Status: 4.35% (>= 4.0%) [OK]
       Delivery: 4.34% (>= 4.0%) [OK]
    Stock-Level: 4.36% (>= 4.0%) [OK]
 [response time (at least 90% passed)]
      New-Order: 0.00%  [NG] *
        Payment: 0.85%  [NG] *
   Order-Status: 19.80%  [NG] *
       Delivery: 0.00%  [NG] *
    Stock-Level: 0.00%  [NG] *

<TpmC>
                 3989.000 TpmC
