***************************************
*** ###easy### TPC-C Load Generator ***
***************************************
option h with value '192.168.122.79'
option P with value '3306'
option d with value 'benchmarker'
option u with value 'root'
option p with value '123456'
option w with value '11'
option c with value '16'
option r with value '22'
option l with value '60'
option i with value '10'
<Parameters>
     [server]: 192.168.122.79
     [port]: 3306
     [DBname]: benchmarker
       [user]: root
       [pass]: 123456
  [warehouse]: 11
 [connection]: 16
     [rampup]: 22 (sec.)
    [measure]: 60 (sec.)

RAMP-UP TIME.(22 sec.)

MEASURING START.

  10, trx: 5542, 95%: 37.189, 99%: 60.705, max_rt: 178.398, 5548|81.669, 554|61.181, 554|339.881, 553|200.359
  20, trx: 5599, 95%: 35.641, 99%: 57.694, max_rt: 183.954, 5593|113.552, 560|23.491, 559|141.541, 560|272.474
  30, trx: 5497, 95%: 35.748, 99%: 61.033, max_rt: 195.540, 5497|74.241, 549|24.027, 551|202.828, 548|153.315
  40, trx: 5259, 95%: 38.619, 99%: 59.732, max_rt: 157.859, 5256|147.402, 526|26.223, 525|173.256, 529|265.165
  50, trx: 5194, 95%: 42.501, 99%: 64.799, max_rt: 130.812, 5191|67.318, 520|27.336, 519|185.204, 518|218.136
  60, trx: 5498, 95%: 35.578, 99%: 56.786, max_rt: 112.637, 5504|93.779, 550|11.779, 550|234.071, 550|332.281

STOPPING THREADS................

<Raw Results>
  [0] sc:1714 lt:30875  rt:0  fl:0 avg_rt: 21.5 (5)
  [1] sc:23384 lt:9205  rt:0  fl:0 avg_rt: 6.9 (5)
  [2] sc:2958 lt:301  rt:0  fl:0 avg_rt: 3.0 (5)
  [3] sc:3026 lt:232  rt:0  fl:0 avg_rt: 55.9 (80)
  [4] sc:74 lt:3184  rt:0  fl:0 avg_rt: 59.8 (20)
 in 60 sec.

<Raw Results2(sum ver.)>
  [0] sc:1714  lt:30876  rt:0  fl:0 
  [1] sc:23386  lt:9206  rt:0  fl:0 
  [2] sc:2958  lt:301  rt:0  fl:0 
  [3] sc:3026  lt:232  rt:0  fl:0 
  [4] sc:74  lt:3184  rt:0  fl:0 

<Constraint Check> (all must be [OK])
 [transaction percentage]
        Payment: 43.48% (>=43.0%) [OK]
   Order-Status: 4.35% (>= 4.0%) [OK]
       Delivery: 4.35% (>= 4.0%) [OK]
    Stock-Level: 4.35% (>= 4.0%) [OK]
 [response time (at least 90% passed)]
      New-Order: 5.26%  [NG] *
        Payment: 71.75%  [NG] *
   Order-Status: 90.76%  [OK]
       Delivery: 92.88%  [OK]
    Stock-Level: 2.27%  [NG] *

<TpmC>
                 32589.000 TpmC
