***************************************
*** ###easy### TPC-C Load Generator ***
***************************************
option h with value '192.168.122.79'
option P with value '3306'
option d with value 'benchmarker'
option u with value 'root'
option p with value '123456'
option w with value '11'
option c with value '8'
option r with value '22'
option l with value '60'
option i with value '10'
<Parameters>
     [server]: 192.168.122.79
     [port]: 3306
     [DBname]: benchmarker
       [user]: root
       [pass]: 123456
  [warehouse]: 11
 [connection]: 8
     [rampup]: 22 (sec.)
    [measure]: 60 (sec.)

RAMP-UP TIME.(22 sec.)

MEASURING START.

  10, trx: 3768, 95%: 20.751, 99%: 26.908, max_rt: 74.386, 3765|35.430, 377|9.571, 377|110.916, 377|152.759
  20, trx: 3694, 95%: 21.821, 99%: 27.536, max_rt: 40.077, 3692|25.969, 369|14.113, 370|60.989, 369|72.481
  30, trx: 3737, 95%: 20.449, 99%: 27.216, max_rt: 37.013, 3742|27.595, 375|12.722, 374|61.756, 375|77.400
  40, trx: 3698, 95%: 21.414, 99%: 28.161, max_rt: 38.050, 3696|21.724, 369|13.446, 369|65.734, 369|66.215
  50, trx: 3788, 95%: 20.382, 99%: 27.135, max_rt: 46.516, 3787|24.158, 379|9.306, 379|59.769, 379|83.556
  60, trx: 3818, 95%: 20.437, 99%: 26.201, max_rt: 40.028, 3816|32.820, 382|6.688, 381|53.769, 383|72.492

STOPPING THREADS........

<Raw Results>
  [0] sc:948 lt:21555  rt:0  fl:0 avg_rt: 15.6 (5)
  [1] sc:20361 lt:2138  rt:0  fl:0 avg_rt: 4.3 (5)
  [2] sc:2226 lt:25  rt:0  fl:0 avg_rt: 2.0 (5)
  [3] sc:2250 lt:0  rt:0  fl:0 avg_rt: 38.5 (80)
  [4] sc:54 lt:2198  rt:0  fl:0 avg_rt: 52.2 (20)
 in 60 sec.

<Raw Results2(sum ver.)>
  [0] sc:948  lt:21555  rt:0  fl:0 
  [1] sc:20361  lt:2138  rt:0  fl:0 
  [2] sc:2226  lt:25  rt:0  fl:0 
  [3] sc:2250  lt:0  rt:0  fl:0 
  [4] sc:54  lt:2198  rt:0  fl:0 

<Constraint Check> (all must be [OK])
 [transaction percentage]
        Payment: 43.47% (>=43.0%) [OK]
   Order-Status: 4.35% (>= 4.0%) [OK]
       Delivery: 4.35% (>= 4.0%) [OK]
    Stock-Level: 4.35% (>= 4.0%) [OK]
 [response time (at least 90% passed)]
      New-Order: 4.21%  [NG] *
        Payment: 90.50%  [OK]
   Order-Status: 98.89%  [OK]
       Delivery: 100.00%  [OK]
    Stock-Level: 2.40%  [NG] *

<TpmC>
                 22503.000 TpmC
