Initializing 100 connections...
Initializing 100 workers and preparing statements...
_elapsed___errors__ops/sec(inst)___ops/sec(cum)__p50(ms)__p95(ms)__p99(ms)_pMax(ms)
      1s        0            5.3            8.0     50.3     62.9     62.9     62.9 delivery
      1s        0           52.5           79.0     33.6     83.9     92.3    100.7 newOrder
      1s        0            4.6            7.0      4.7      5.5      5.5      5.5 orderStatus
      1s        0           51.1           77.0     17.8     52.4     62.9     83.9 payment
      1s        0            4.0            6.0     13.1     58.7     58.7     58.7 stockLevel
      2s        0            8.0            8.0     75.5    100.7    100.7    100.7 delivery
      2s        0          101.0           90.0     54.5    209.7    285.2    570.4 newOrder
      2s        0           12.0            9.5      5.5      7.6     10.0     10.0 orderStatus
      2s        0           97.0           87.0     28.3    226.5    469.8    704.6 payment
      2s        0            7.0            6.5     27.3     54.5     54.5     54.5 stockLevel
      3s        0            7.0            7.7     79.7    704.6    704.6    704.6 delivery
      3s        0           95.0           91.7     67.1    243.3    402.7    436.2 newOrder
      3s        0            6.0            8.3      5.8     10.5     10.5     10.5 orderStatus
      3s        0           99.0           91.0     39.8    302.0    520.1    671.1 payment
      3s        0           11.0            8.0     60.8    167.8    209.7    209.7 stockLevel
      4s        0           14.0            9.2    104.9    385.9    385.9    385.9 delivery
      4s        0           86.0           90.2    109.1    604.0    805.3    939.5 newOrder
      4s        0            9.0            8.5      8.9     16.3     16.3     16.3 orderStatus
      4s        0           75.0           87.0     83.9    805.3   1040.2   1040.2 payment
      4s        0           10.0            8.5     31.5    142.6    142.6    142.6 stockLevel
_elapsed___errors__ops/sec(inst)___ops/sec(cum)__p50(ms)__p95(ms)__p99(ms)_pMax(ms)
      5s        0            5.0            8.4    113.2    192.9    192.9    192.9 delivery
      5s        0           91.0           90.4     92.3    402.7    604.0    671.1 newOrder
      5s        0           11.0            9.0      8.1     10.0     15.2     15.2 orderStatus
      5s        0           91.0           87.8     92.3    637.5    973.1   1811.9 payment
      5s        0           10.0            8.8     28.3    243.3    243.3    243.3 stockLevel
      6s        0            9.0            8.5    117.4    385.9    385.9    385.9 delivery
      6s        0           82.0           89.0    100.7    771.8    939.5   1040.2 newOrder
      6s        0            9.0            9.0      8.9     19.9     19.9     19.9 orderStatus
      6s        0           85.0           87.3     75.5   1342.2   1677.7   1879.0 payment
      6s        0            9.0            8.8     32.5    771.8    771.8    771.8 stockLevel
      7s        0            6.0            8.1     83.9    184.5    184.5    184.5 delivery
      7s        0           77.0           87.3    226.5    771.8   1409.3   2013.3 newOrder
      7s        0           10.0            9.1     14.7     35.7     35.7     35.7 orderStatus
      7s        0           79.0           86.1    151.0   1811.9   2013.3   2415.9 payment
      7s        0            9.0            8.9     56.6    637.5    637.5    637.5 stockLevel
      8s        0            9.0            8.2    151.0    184.5    184.5    184.5 delivery
      8s        0           76.0           85.9    251.7   1073.7   1811.9   3489.7 newOrder
      8s        0            7.0            8.9      8.1     21.0     21.0     21.0 orderStatus
      8s        0           63.0           83.2    176.2   2147.5   2550.1   2684.4 payment
      8s        0            2.0            8.0     96.5    906.0    906.0    906.0 stockLevel
_elapsed___errors__ops/sec(inst)___ops/sec(cum)__p50(ms)__p95(ms)__p99(ms)_pMax(ms)
      9s        0            7.0            8.1    117.4    335.5    335.5    335.5 delivery
      9s        0           83.0           85.6    192.9   1040.2   1275.1   2281.7 newOrder
      9s        0            9.0            8.9      6.8     17.8     17.8     17.8 orderStatus
      9s        0           75.0           82.3     60.8   1409.3   1811.9   2281.7 payment
      9s        0            9.0            8.1     44.0    176.2    176.2    176.2 stockLevel
     10s        0            9.0            8.2    151.0    318.8    318.8    318.8 delivery
     10s        0           66.0           83.6    234.9   1543.5   1811.9   3221.2 newOrder
     10s        0            3.0            8.3     11.0     41.9     41.9     41.9 orderStatus
     10s        0           57.0           79.8    318.8   2013.3   3221.2   3892.3 payment
     10s        0            9.0            8.2     58.7    285.2    285.2    285.2 stockLevel
_elapsed___errors__ops/sec(inst)___ops/sec(cum)__p50(ms)__p95(ms)__p99(ms)_pMax(ms)
      1s        0            7.0            7.0     83.9    268.4    268.4    268.4 delivery
      1s        0           51.0           51.1     92.3    402.7    503.3    671.1 newOrder
      1s        0            8.0            8.0      8.4     75.5     75.5     75.5 orderStatus
      1s        0           52.0           52.1     44.0    453.0    604.0    671.1 payment
      1s        0            9.0            9.0     29.4    243.3    243.3    243.3 stockLevel
      2s        0           10.0            8.5    130.0    260.0    260.0    260.0 delivery
      2s        0           74.0           62.5    109.1    738.2   1006.6   1140.9 newOrder
      2s        0            8.0            8.0      7.3    201.3    201.3    201.3 orderStatus
      2s        0           71.0           61.5     71.3    671.1   1476.4   1543.5 payment
      2s        0            7.0            8.0    151.0    335.5    335.5    335.5 stockLevel
      3s        0            5.0            7.3     92.3    285.2    285.2    285.2 delivery
      3s        0           83.0           69.4    142.6   1946.2   2013.3   2415.9 newOrder
      3s        0           10.0            8.7     10.0     18.9     18.9     18.9 orderStatus
      3s        0           67.0           63.4    117.4   2147.5   2415.9   2550.1 payment
      3s        0            5.0            7.0     83.9    125.8    125.8    125.8 stockLevel
      4s        0            7.0            7.3    125.8    486.5    486.5    486.5 delivery
      4s        0           77.0           71.3    134.2   1275.1   1879.0   3087.0 newOrder
      4s        0            5.0            7.8      6.6    167.8    167.8    167.8 orderStatus
      4s        0           88.0           69.5    113.2   2818.6   3355.4   3623.9 payment
      4s        0           10.0            7.8     26.2   1543.5   1543.5   1543.5 stockLevel
_elapsed___errors__ops/sec(inst)___ops/sec(cum)__p50(ms)__p95(ms)__p99(ms)_pMax(ms)
      5s        0            8.0            7.4    109.1    285.2    285.2    285.2 delivery
      5s        0           77.1           72.4     92.3   1208.0   2550.1   2952.8 newOrder
      5s        0            8.0            7.8      7.3     96.5     96.5     96.5 orderStatus
      5s        0           88.1           73.2     62.9   1543.5   2818.6   3758.1 payment
      5s        0           12.0            8.6     29.4    159.4    637.5    637.5 stockLevel
      6s        0            8.0            7.5     83.9    402.7    402.7    402.7 delivery
      6s        0           87.0           74.8     71.3   1543.5   2415.9   2550.1 newOrder
      6s        0            7.0            7.7     12.1    167.8    167.8    167.8 orderStatus
      6s        0           88.0           75.7     39.8   3221.2   5100.3   5905.6 payment
      6s        0            9.0            8.7     30.4    104.9    104.9    104.9 stockLevel
      7s        0            9.0            7.7    134.2    352.3    352.3    352.3 delivery
      7s        0           89.0           76.9    121.6   2415.9   2415.9   3221.2 newOrder
      7s        0           12.0            8.3      7.1     37.7     75.5     75.5 orderStatus
      7s        0           75.0           75.6     62.9    704.6   2550.1   5905.6 payment
      7s        0            9.0            8.7     65.0    352.3    352.3    352.3 stockLevel
      8s        0           15.0            8.6     88.1    209.7    209.7    209.7 delivery
      8s        0           69.0           75.9     71.3    671.1   1476.4   2550.1 newOrder
      8s        0           12.0            8.8      9.4     29.4     54.5     54.5 orderStatus
      8s        0           94.0           77.9     46.1   1610.6   2550.1   6979.3 payment
      8s        0            9.0            8.8     44.0    125.8    125.8    125.8 stockLevel
_elapsed___errors__ops/sec(inst)___ops/sec(cum)__p50(ms)__p95(ms)__p99(ms)_pMax(ms)
      9s        0            6.0            8.3     65.0    117.4    117.4    117.4 delivery
      9s        0           68.0           75.0     44.0    226.5    268.4    318.8 newOrder
      9s        0            6.0            8.4      4.5     15.2     15.2     15.2 orderStatus
      9s        0           68.0           76.8     27.3    469.8   5637.1   6710.9 payment
      9s        0            7.0            8.6     30.4     88.1     88.1     88.1 stockLevel
     10s        0            0.0            7.5      0.0      0.0      0.0      0.0 delivery
     10s        0           27.0           70.2   1677.7   5100.3   5905.6   5905.6 newOrder
     10s        0            1.0            7.7     13.6     13.6     13.6     13.6 orderStatus
     10s        0           13.0           70.4     50.3   1006.6   9663.7   9663.7 payment
     10s        0            2.0            7.9     65.0    104.9    104.9    104.9 stockLevel
     11s        0            7.0            7.5     60.8    134.2    134.2    134.2 delivery
     11s        0          102.9           73.2    109.1   4026.5   5637.1   6174.0 newOrder
     11s        0           10.0            7.9      7.9    209.7    209.7    209.7 orderStatus
     11s        0           93.0           72.5     52.4    302.0   5637.1  10200.5 payment
     11s        0            7.0            7.8     54.5    184.5    184.5    184.5 stockLevel
     12s        0            7.0            7.4    104.9    167.8    167.8    167.8 delivery
     12s        0           53.0           71.5     48.2    130.0    142.6    159.4 newOrder
     12s        0            4.0            7.6      8.4    184.5    184.5    184.5 orderStatus
     12s        0           42.0           69.9     44.0   5100.3   7516.2   7516.2 payment
     12s        0            4.0            7.5     65.0     75.5     75.5     75.5 stockLevel
_elapsed___errors__ops/sec(inst)___ops/sec(cum)__p50(ms)__p95(ms)__p99(ms)_pMax(ms)
     13s        0            4.0            7.2     44.0     83.9     83.9     83.9 delivery
     13s        0           63.0           70.9     46.1   2684.4   2952.8   7784.6 newOrder
     13s        0            7.0            7.5      4.7    113.2    113.2    113.2 orderStatus
     13s        0           71.0           70.0     24.1   4160.7  10737.4  11274.3 payment
     13s        0           10.0            7.7     19.9    906.0    906.0    906.0 stockLevel
     14s        0            9.0            7.3     56.6    159.4    159.4    159.4 delivery
     14s        0           76.0           71.2     37.7   2281.7   3087.0   3221.2 newOrder
     14s        0           10.0            7.7      5.0     52.4     52.4     52.4 orderStatus
     14s        0           68.0           69.9     19.9    117.4   5637.1   5637.1 payment
     14s        0            5.0            7.5     18.9     27.3     27.3     27.3 stockLevel
     15s        0            7.0            7.3     67.1    117.4    117.4    117.4 delivery
     15s        0           50.0           69.8     60.8   1543.5   5368.7   5368.7 newOrder
     15s        0            6.0            7.6      4.2     18.9     18.9     18.9 orderStatus
     15s        0           64.0           69.5     23.1   3221.2   3758.1  12348.0 payment
     15s        0            6.0            7.4     19.9    385.9    385.9    385.9 stockLevel
     16s        0            8.0            7.3     56.6    268.4    268.4    268.4 delivery
     16s        0           73.0           70.0     79.7   1342.2   2818.6   4831.8 newOrder
     16s        0            8.0            7.6      4.5      7.1      7.1      7.1 orderStatus
     16s        0           73.0           69.7     16.8   2684.4   7516.2   9126.8 payment
     16s        0            8.0            7.4     22.0    142.6    142.6    142.6 stockLevel
_elapsed___errors__ops/sec(inst)___ops/sec(cum)__p50(ms)__p95(ms)__p99(ms)_pMax(ms)
     17s        0            9.0            7.4     88.1    671.1    671.1    671.1 delivery
     17s        0           71.0           70.1     46.1    604.0   1610.6   2550.1 newOrder
     17s        0            6.0            7.5      6.3    369.1    369.1    369.1 orderStatus
     17s        0           73.0           69.9     22.0   8321.5  12884.9  13421.8 payment
     17s        0            4.0            7.2     26.2    939.5    939.5    939.5 stockLevel
     18s        0            4.0            7.2     62.9    192.9    192.9    192.9 delivery
     18s        0           68.0           69.9     29.4    419.4    503.3    503.3 newOrder
     18s        0            6.0            7.4      5.5    104.9    104.9    104.9 orderStatus
     18s        0           58.0           69.2     27.3   5100.3  11811.2  15569.3 payment
     18s        0            9.0            7.3     46.1    117.4    117.4    117.4 stockLevel
     19s        0            6.0            7.2     56.6    335.5    335.5    335.5 delivery
     19s        0           52.0           69.0     39.8   2415.9   2550.1   2952.8 newOrder
     19s        0            5.0            7.3      4.2      6.3      6.3      6.3 orderStatus
     19s        0           54.0           68.4     23.1    218.1    260.0  16106.1 payment
     19s        0           11.0            7.5     22.0    251.7    704.6    704.6 stockLevel
     20s        0            0.0            6.8      0.0      0.0      0.0      0.0 delivery
     20s        0            3.0           65.7     26.2   2080.4   2080.4   2080.4 newOrder
     20s        0            1.0            7.0    503.3    503.3    503.3    503.3 orderStatus
     20s        0            0.0           65.0      0.0      0.0      0.0      0.0 payment
     20s        0            0.0            7.2      0.0      0.0      0.0      0.0 stockLevel
_elapsed___errors__ops/sec(inst)___ops/sec(cum)__p50(ms)__p95(ms)__p99(ms)_pMax(ms)
     21s        0            4.0            6.7     58.7    159.4    159.4    159.4 delivery
     21s        0           34.0           64.2     83.9   4026.5   4563.4   4563.4 newOrder
     21s        0            4.0            6.9      3.9      5.0      5.0      5.0 orderStatus
     21s        0           26.0           63.1     14.2  10737.4  10737.4  10737.4 payment
     21s        0            0.0            6.8      0.0      0.0      0.0      0.0 stockLevel
     22s        0            3.0            6.5     71.3     79.7     79.7     79.7 delivery
     22s        0           47.0           63.4     44.0    604.0    973.1    973.1 newOrder
     22s        0            4.0            6.7      5.0    486.5    486.5    486.5 orderStatus
     22s        0           73.0           63.6     29.4  10737.4  15569.3  16643.0 payment
     22s        0            2.0            6.6     11.0     28.3     28.3     28.3 stockLevel
     23s        0            9.0            6.6     75.5    167.8    167.8    167.8 delivery
     23s        0           76.0           64.0     48.2    385.9   3623.9   4160.7 newOrder
     23s        0            9.0            6.8     12.6    604.0    604.0    604.0 orderStatus
     23s        0           79.0           64.3     32.5   1409.3  11811.2  20401.1 payment
     23s        0           11.0            6.8     27.3    104.9    130.0    130.0 stockLevel
     24s        0            2.0            6.4     41.9     79.7     79.7     79.7 delivery
     24s        0           59.0           63.8     33.6   2080.4   2818.6   3087.0 newOrder
     24s        0            4.0            6.7      3.5      5.0      5.0      5.0 orderStatus
     24s        0           50.0           63.7     26.2  15569.3  21474.8  21474.8 payment
     24s        0            4.0            6.7     14.7     17.8     17.8     17.8 stockLevel
_elapsed___errors__ops/sec(inst)___ops/sec(cum)__p50(ms)__p95(ms)__p99(ms)_pMax(ms)
     25s        0            9.0            6.5     65.0    604.0    604.0    604.0 delivery
     25s        0           82.0           64.5     46.1   1040.2   2550.1   8321.5 newOrder
     25s        0            9.0            6.8      6.8    738.2    738.2    738.2 orderStatus
     25s        0           68.0           63.8     21.0   6174.0   8321.5  19327.4 payment
     25s        0            9.0            6.8     88.1    419.4    419.4    419.4 stockLevel
     26s        0            5.0            6.5     65.0    159.4    159.4    159.4 delivery
     26s        0           83.0           65.2     71.3   1342.2   2818.6   3758.1 newOrder
     26s        0            6.0            6.8      8.4    838.9    838.9    838.9 orderStatus
     26s        0           97.0           65.1     52.4  13958.6  22548.6  22548.6 payment
     26s        0            9.0            6.8     17.8     37.7     37.7     37.7 stockLevel
     27s        0           15.0            6.8    121.6    318.8    436.2    436.2 delivery
     27s        0           90.0           66.1     62.9    469.8    637.5    771.8 newOrder
     27s        0           15.0            7.1      6.6     37.7     46.1     46.1 orderStatus
     27s        0           89.0           66.0     88.1  10737.4  20401.1  22548.6 payment
     27s        0           13.0            7.1     46.1    121.6    125.8    125.8 stockLevel
     28s        0           11.0            6.9     65.0    109.1    109.1    109.1 delivery
     28s        0           97.0           67.2     54.5    285.2   1879.0   2415.9 newOrder
     28s        0            8.0            7.1      6.0    104.9    104.9    104.9 orderStatus
     28s        0          122.0           68.0     32.5    503.3  18253.6  25769.8 payment
     28s        0            8.0            7.1     23.1    671.1    671.1    671.1 stockLevel
_elapsed___errors__ops/sec(inst)___ops/sec(cum)__p50(ms)__p95(ms)__p99(ms)_pMax(ms)
     29s        0            5.0            6.9     54.5    109.1    109.1    109.1 delivery
     29s        0           94.0           68.1     37.7   1342.2   2550.1   3623.9 newOrder
     29s        0            9.0            7.2      5.0     46.1     46.1     46.1 orderStatus
     29s        0           81.0           68.5     17.8    151.0   3623.9   7516.2 payment
     29s        0            8.0            7.1     17.8     54.5     54.5     54.5 stockLevel
     30s        0            1.0            6.7     44.0     44.0     44.0     44.0 delivery
     30s        0           33.0           67.0     48.2   2684.4   4026.5   4026.5 newOrder
     30s        0            2.0            7.0      3.0    570.4    570.4    570.4 orderStatus
     30s        0           37.0           67.4     12.1    503.3  12884.9  12884.9 payment
     30s        0            2.0            7.0     12.6     14.2     14.2     14.2 stockLevel
     31s        0           11.0            6.8     65.0    117.4    243.3    243.3 delivery
     31s        0           81.0           67.4     46.1   1744.8   3489.7   3489.7 newOrder
     31s        0           10.0            7.1      4.7     27.3     27.3     27.3 orderStatus
     31s        0           66.0           67.4     27.3   3489.7  13958.6  14495.5 payment
     31s        0            6.0            6.9     21.0     65.0     65.0     65.0 stockLevel
     32s        0            0.0            6.6      0.0      0.0      0.0      0.0 delivery
     32s        0            4.0           65.4     28.3    113.2    113.2    113.2 newOrder
     32s        0            0.0            6.9      0.0      0.0      0.0      0.0 orderStatus
     32s        0            7.0           65.5     11.5    176.2    176.2    176.2 payment
     32s        0            0.0            6.7      0.0      0.0      0.0      0.0 stockLevel
_elapsed___errors__ops/sec(inst)___ops/sec(cum)__p50(ms)__p95(ms)__p99(ms)_pMax(ms)
     33s        0            1.0            6.4     62.9     62.9     62.9     62.9 delivery
     33s        0           23.0           64.2     71.3   3489.7   4563.4   4563.4 newOrder
     33s        0            3.0            6.8      5.2      6.3      6.3      6.3 orderStatus
     33s        0           14.0           63.9     12.1    142.6    176.2    176.2 payment
     33s        0            3.0            6.6     21.0   2080.4   2080.4   2080.4 stockLevel
     34s        0            0.0            6.2      0.0      0.0      0.0      0.0 delivery
     34s        0            1.0           62.3   3758.1   3758.1   3758.1   3758.1 newOrder
     34s        0            0.0            6.6      0.0      0.0      0.0      0.0 orderStatus
     34s        0            1.0           62.1      9.4      9.4      9.4      9.4 payment
     34s        0            0.0            6.4      0.0      0.0      0.0      0.0 stockLevel
     35s        0            0.0            6.1      0.0      0.0      0.0      0.0 delivery
     35s        0            0.0           60.5      0.0      0.0      0.0      0.0 newOrder
     35s        0            0.0            6.4      0.0      0.0      0.0      0.0 orderStatus
     35s        0            0.0           60.3      0.0      0.0      0.0      0.0 payment
     35s        0            0.0            6.2      0.0      0.0      0.0      0.0 stockLevel
     36s        0            3.0            6.0     96.5    113.2    113.2    113.2 delivery
     36s        0           33.0           59.8     62.9   4831.8   5637.1   5637.1 newOrder
     36s        0            1.0            6.2      5.5      5.5      5.5      5.5 orderStatus
     36s        0           39.0           59.7     37.7  11811.2  36507.2  36507.2 payment
     36s        0            5.0            6.2     18.9     41.9     41.9     41.9 stockLevel
_elapsed___errors__ops/sec(inst)___ops/sec(cum)__p50(ms)__p95(ms)__p99(ms)_pMax(ms)
     37s        0            9.0            6.1     71.3    192.9    192.9    192.9 delivery
     37s        0           73.0           60.1     41.9    201.3    570.4   6979.3 newOrder
     37s        0            8.0            6.3      4.7     16.3     16.3     16.3 orderStatus
     37s        0           77.0           60.2     29.4   8589.9  21474.8  31138.5 payment
     37s        0            7.0            6.2     24.1    209.7    209.7    209.7 stockLevel
     38s        0            2.0            5.9     41.9    104.9    104.9    104.9 delivery
     38s        0           18.0           59.0     35.7     67.1    738.2    738.2 newOrder
     38s        0            0.0            6.1      0.0      0.0      0.0      0.0 orderStatus
     38s        0           14.0           58.9     13.6    117.4  17179.9  17179.9 payment
     38s        0            2.0            6.1     32.5    113.2    113.2    113.2 stockLevel
     39s        0            0.0            5.8      0.0      0.0      0.0      0.0 delivery
     39s        0            0.0           57.5      0.0      0.0      0.0      0.0 newOrder
     39s        0            0.0            5.9      0.0      0.0      0.0      0.0 orderStatus
     39s        0            0.0           57.4      0.0      0.0      0.0      0.0 payment
     39s        0            0.0            5.9      0.0      0.0      0.0      0.0 stockLevel
     40s        0            0.0            5.7      0.0      0.0      0.0      0.0 delivery
     40s        0            0.0           56.1      0.0      0.0      0.0      0.0 newOrder
     40s        0            0.0            5.8      0.0      0.0      0.0      0.0 orderStatus
     40s        0            0.0           56.0      0.0      0.0      0.0      0.0 payment
     40s        0            0.0            5.8      0.0      0.0      0.0      0.0 stockLevel
_elapsed___errors__ops/sec(inst)___ops/sec(cum)__p50(ms)__p95(ms)__p99(ms)_pMax(ms)
     41s        0            0.0            5.5      0.0      0.0      0.0      0.0 delivery
     41s        0           22.0           55.2     35.7   3355.4   4026.5   4026.5 newOrder
     41s        0            2.0            5.7      3.7   3087.0   3087.0   3087.0 orderStatus
     41s        0           18.0           55.1     11.0    209.7   3355.4   3355.4 payment
     41s        0            2.0            5.7     13.1   3221.2   3221.2   3221.2 stockLevel
     42s        0            0.0            5.4      0.0      0.0      0.0      0.0 delivery
     42s        0            2.0           54.0     22.0   5100.3   5100.3   5100.3 newOrder
     42s        0            0.0            5.6      0.0      0.0      0.0      0.0 orderStatus
     42s        0            0.0           53.8      0.0      0.0      0.0      0.0 payment
     42s        0            0.0            5.6      0.0      0.0      0.0      0.0 stockLevel
     43s        0           11.0            5.5     67.1    192.9    268.4    268.4 delivery
     43s        0           75.0           54.4     58.7   5368.7   5905.6   6442.5 newOrder
     43s        0            6.0            5.6     41.9    142.6    142.6    142.6 orderStatus
     43s        0           68.0           54.1     26.2  19327.4  28991.0  36507.2 payment
     43s        0            9.0            5.7     25.2    469.8    469.8    469.8 stockLevel
     44s        0            4.0            5.5     41.9    151.0    151.0    151.0 delivery
     44s        0           67.0           54.7     44.0    251.7   2684.4   7247.8 newOrder
     44s        0            8.0            5.6      5.8    251.7    251.7    251.7 orderStatus
     44s        0           66.0           54.4     17.8    134.2  19327.4  24696.1 payment
     44s        0            4.0            5.6     24.1     92.3     92.3     92.3 stockLevel
_elapsed___errors__ops/sec(inst)___ops/sec(cum)__p50(ms)__p95(ms)__p99(ms)_pMax(ms)
     45s        0            0.0            5.4      0.0      0.0      0.0      0.0 delivery
     45s        0            0.0           53.5      0.0      0.0      0.0      0.0 newOrder
     45s        0            0.0            5.5      0.0      0.0      0.0      0.0 orderStatus
     45s        0            0.0           53.2      0.0      0.0      0.0      0.0 payment
     45s        0            0.0            5.5      0.0      0.0      0.0      0.0 stockLevel
     46s        0            0.0            5.2      0.0      0.0      0.0      0.0 delivery
     46s        0            0.0           52.3      0.0      0.0      0.0      0.0 newOrder
     46s        0            0.0            5.4      0.0      0.0      0.0      0.0 orderStatus
     46s        0            0.0           52.0      0.0      0.0      0.0      0.0 payment
     46s        0            0.0            5.4      0.0      0.0      0.0      0.0 stockLevel
     47s        0            0.0            5.1      0.0      0.0      0.0      0.0 delivery
     47s        0            0.0           51.2      0.0      0.0      0.0      0.0 newOrder
     47s        0            0.0            5.3      0.0      0.0      0.0      0.0 orderStatus
     47s        0            0.0           50.9      0.0      0.0      0.0      0.0 payment
     47s        0            0.0            5.3      0.0      0.0      0.0      0.0 stockLevel
     48s        0            3.0            5.1     88.1   4026.5   4026.5   4026.5 delivery
     48s        0           24.0           50.7     44.0   5100.3   5637.1   5637.1 newOrder
     48s        0            2.0            5.2      3.4      3.8      3.8      3.8 orderStatus
     48s        0           22.0           50.3     11.0   3892.3  45097.2  45097.2 payment
     48s        0            3.0            5.2     18.9     26.2     26.2     26.2 stockLevel
_elapsed___errors__ops/sec(inst)___ops/sec(cum)__p50(ms)__p95(ms)__p99(ms)_pMax(ms)
     49s        0            8.0            5.1     75.5    268.4    268.4    268.4 delivery
     49s        0           88.0           51.4     41.9    104.9    402.7  11811.2 newOrder
     49s        0            6.0            5.2      5.2     10.5     10.5     10.5 orderStatus
     49s        0           92.0           51.1     24.1  20401.1  25769.8  31138.5 payment
     49s        0            8.0            5.3     22.0     52.4     52.4     52.4 stockLevel
     50s        0            6.0            5.2     60.8     88.1     88.1     88.1 delivery
     50s        0           74.0           51.9     52.4    159.4    302.0    302.0 newOrder
     50s        0            7.0            5.3      4.7     52.4     52.4     52.4 orderStatus
     50s        0           68.0           51.5     28.3  20401.1  25769.8  28991.0 payment
     50s        0            6.0            5.3     24.1    192.9    192.9    192.9 stockLevel
     51s        0            0.0            5.1      0.0      0.0      0.0      0.0 delivery
     51s        0            0.0           50.9      0.0      0.0      0.0      0.0 newOrder
     51s        0            0.0            5.2      0.0      0.0      0.0      0.0 orderStatus
     51s        0            0.0           50.5      0.0      0.0      0.0      0.0 payment
     51s        0            0.0            5.2      0.0      0.0      0.0      0.0 stockLevel
     52s        0            4.0            5.0     48.2    184.5    184.5    184.5 delivery
     52s        0           58.0           51.0     33.6   3221.2   7516.2   7516.2 newOrder
     52s        0            5.0            5.2    125.8    226.5    226.5    226.5 orderStatus
     52s        0           46.0           50.4     14.2    192.9    226.5    226.5 payment
     52s        0            4.0            5.2     21.0   1811.9   1811.9   1811.9 stockLevel
_elapsed___errors__ops/sec(inst)___ops/sec(cum)__p50(ms)__p95(ms)__p99(ms)_pMax(ms)
     53s        0            3.0            5.0     50.3     54.5     54.5     54.5 delivery
     53s        0           28.0           50.6     30.4   4295.0   4831.8   4831.8 newOrder
     53s        0            3.0            5.1      4.1      4.2      4.2      4.2 orderStatus
     53s        0           28.0           50.0     10.5  10200.5  15569.3  15569.3 payment
     53s        0            3.0            5.1     67.1    167.8    167.8    167.8 stockLevel
     54s        0            0.0            4.9      0.0      0.0      0.0      0.0 delivery
     54s        0            0.0           49.6      0.0      0.0      0.0      0.0 newOrder
     54s        0            0.0            5.0      0.0      0.0      0.0      0.0 orderStatus
     54s        0            0.0           49.0      0.0      0.0      0.0      0.0 payment
     54s        0            0.0            5.0      0.0      0.0      0.0      0.0 stockLevel
     55s        0            0.0            4.8      0.0      0.0      0.0      0.0 delivery
     55s        0            5.0           48.8   2415.9   3221.2   3221.2   3221.2 newOrder
     55s        0            0.0            4.9      0.0      0.0      0.0      0.0 orderStatus
     55s        0            4.0           48.2      8.4   2147.5   2147.5   2147.5 payment
     55s        0            0.0            4.9      0.0      0.0      0.0      0.0 stockLevel
     56s        0            0.0            4.7      0.0      0.0      0.0      0.0 delivery
     56s        0            0.0           47.9      0.0      0.0      0.0      0.0 newOrder
     56s        0            0.0            4.8      0.0      0.0      0.0      0.0 orderStatus
     56s        0            0.0           47.4      0.0      0.0      0.0      0.0 payment
     56s        0            0.0            4.8      0.0      0.0      0.0      0.0 stockLevel
_elapsed___errors__ops/sec(inst)___ops/sec(cum)__p50(ms)__p95(ms)__p99(ms)_pMax(ms)
     57s        0            8.0            4.8     75.5    192.9    192.9    192.9 delivery
     57s        0           66.0           48.3     48.2   3892.3   6710.9   7247.8 newOrder
     57s        0            7.0            4.9      6.3     71.3     71.3     71.3 orderStatus
     57s        0           74.0           47.8     31.5  14495.5  30064.8  47244.6 payment
     57s        0            8.0            4.9     19.9    125.8    125.8    125.8 stockLevel
     58s        0            6.0            4.8     50.3    234.9    234.9    234.9 delivery
     58s        0           41.0           48.1     31.5    159.4    176.2    176.2 newOrder
     58s        0            8.0            4.9      4.5    176.2    176.2    176.2 orderStatus
     58s        0           45.0           47.8     18.9  40802.2  47244.6  47244.6 payment
     58s        0            5.0            4.9     16.3     19.9     19.9     19.9 stockLevel
     59s        0            0.0            4.7      0.0      0.0      0.0      0.0 delivery
     59s        0            0.0           47.3      0.0      0.0      0.0      0.0 newOrder
     59s        0            0.0            4.8      0.0      0.0      0.0      0.0 orderStatus
     59s        0            0.0           47.0      0.0      0.0      0.0      0.0 payment
     59s        0            0.0            4.8      0.0      0.0      0.0      0.0 stockLevel
    1m0s        0            0.0            4.7      0.0      0.0      0.0      0.0 delivery
    1m0s        0            0.0           46.5      0.0      0.0      0.0      0.0 newOrder
    1m0s        0            0.0            4.8      0.0      0.0      0.0      0.0 orderStatus
    1m0s        0            0.0           46.2      0.0      0.0      0.0      0.0 payment
    1m0s        0            0.0            4.7      0.0      0.0      0.0      0.0 stockLevel

_elapsed___errors_____ops(total)___ops/sec(cum)__avg(ms)__p50(ms)__p95(ms)__p99(ms)_pMax(ms)__total
   60.0s        0            279            4.7    120.9     79.7    285.2    486.5   4026.5  delivery
   60.0s        0           2792           46.5    338.5     56.6   2281.7   5100.3  11811.2  newOrder
   60.0s        0            286            4.8     49.9      6.3    201.3    604.0   3087.0  orderStatus
   60.0s        0           2771           46.2    910.4     31.5   4831.8  20401.1  47244.6  payment
   60.0s        0            284            4.7    105.0     27.3    352.3   1744.8   3221.2  stockLevel

_elapsed___errors_____ops(total)___ops/sec(cum)__avg(ms)__p50(ms)__p95(ms)__p99(ms)_pMax(ms)__result
   60.0s        0           6412          106.9    553.0     46.1   2415.9  13958.6  47244.6  
Audit check 9.2.1.7: SKIP: not enough delivery transactions to be statistically significant
Audit check 9.2.2.5.1: SKIP: not enough orders to be statistically significant
Audit check 9.2.2.5.2: SKIP: not enough orders to be statistically significant
Audit check 9.2.2.5.3: SKIP: not enough orders to be statistically significant
Audit check 9.2.2.5.4: SKIP: not enough payments to be statistically significant
Audit check 9.2.2.5.5: SKIP: not enough payments to be statistically significant
Audit check 9.2.2.5.6: SKIP: not enough order status transactions to be statistically significant

_elapsed_______tpmC____efc__avg(ms)__p50(ms)__p90(ms)__p95(ms)__p99(ms)_pMax(ms)
   60.0s     2792.0 2171.1%    338.5     56.6    671.1   2281.7   5100.3  11811.2
