randw-4K-n1-c1: (g=0): rw=randwrite, bs=(R) 4096B-4096B, (W) 4096B-4096B, (T) 4096B-4096B, ioengine=libaio, iodepth=32
randw-4K-n2-c2: (g=1): rw=randwrite, bs=(R) 4096B-4096B, (W) 4096B-4096B, (T) 4096B-4096B, ioengine=libaio, iodepth=32
...
randw-4K-n4-c4: (g=2): rw=randwrite, bs=(R) 4096B-4096B, (W) 4096B-4096B, (T) 4096B-4096B, ioengine=libaio, iodepth=32
...
randw-4K-n8-c8: (g=3): rw=randwrite, bs=(R) 4096B-4096B, (W) 4096B-4096B, (T) 4096B-4096B, ioengine=libaio, iodepth=32
...
randw-4K-n12-c12: (g=4): rw=randwrite, bs=(R) 4096B-4096B, (W) 4096B-4096B, (T) 4096B-4096B, ioengine=libaio, iodepth=32
...
fio-3.1
Starting 27 processes

randw-4K-n1-c1: (groupid=0, jobs=1): err= 0: pid=1143: Wed Jul 24 14:46:20 2019
  write: IOPS=51.7k, BW=202MiB/s (212MB/s)(6062MiB/30001msec)
    slat (usec): min=2, max=787, avg= 3.48, stdev= 2.39
    clat (usec): min=236, max=1428, avg=612.02, stdev=53.19
     lat (usec): min=239, max=1434, avg=616.18, stdev=52.79
    clat percentiles (usec):
     | 10.000th=[  586], 20.000th=[  594], 30.000th=[  603], 40.000th=[  611],
     | 50.000th=[  619], 70.000th=[  635], 90.000th=[  652], 99.000th=[  685],
     | 99.900th=[ 1074], 99.990th=[ 1319], 99.999th=[ 1385]
   bw (  KiB/s): min=161477, max=273095, per=79.91%, avg=165354.54, stdev=16308.43, samples=59
   iops        : min=40369, max=68273, avg=41338.25, stdev=4077.09, samples=59
  lat (usec)   : 250=0.01%, 500=3.34%, 750=96.52%, 1000=0.01%
  lat (msec)   : 2=0.12%
  cpu          : usr=24.21%, sys=32.68%, ctx=1188684, majf=0, minf=12
  IO depths    : 1=0.1%, 2=0.1%, 4=0.1%, 8=0.1%, 16=0.1%, 32=100.0%, >=64=0.0%
     submit    : 0=0.0%, 4=100.0%, 8=0.0%, 16=0.0%, 32=0.0%, 64=0.0%, >=64=0.0%
     complete  : 0=0.0%, 4=100.0%, 8=0.0%, 16=0.0%, 32=0.1%, 64=0.0%, >=64=0.0%
     issued rwt: total=0,1551992,0, short=0,0,0, dropped=0,0,0
     latency   : target=0, window=0, percentile=100.00%, depth=32
randw-4K-n2-c2: (groupid=1, jobs=2): err= 0: pid=1147: Wed Jul 24 14:46:20 2019
  write: IOPS=51.3k, BW=201MiB/s (210MB/s)(6017MiB/30002msec)
    slat (usec): min=2, max=759, avg= 3.83, stdev= 2.71
    clat (usec): min=238, max=4129, avg=1239.54, stdev=72.72
     lat (usec): min=242, max=4134, avg=1244.07, stdev=72.67
    clat percentiles (usec):
     | 10.000th=[ 1205], 20.000th=[ 1221], 30.000th=[ 1237], 40.000th=[ 1237],
     | 50.000th=[ 1254], 70.000th=[ 1270], 90.000th=[ 1287], 99.000th=[ 1336],
     | 99.900th=[ 1631], 99.990th=[ 1958], 99.999th=[ 4113]
   bw (  KiB/s): min=80673, max=107744, per=39.98%, avg=82113.08, stdev=4620.41, samples=118
   iops        : min=20169, max=26936, avg=20527.88, stdev=1155.10, samples=118
  lat (usec)   : 250=0.01%, 500=0.01%, 750=0.48%, 1000=1.02%
  lat (msec)   : 2=98.49%, 4=0.01%, 10=0.01%
  cpu          : usr=12.27%, sys=18.70%, ctx=1361985, majf=0, minf=19
  IO depths    : 1=0.1%, 2=0.1%, 4=0.1%, 8=0.1%, 16=0.1%, 32=100.0%, >=64=0.0%
     submit    : 0=0.0%, 4=100.0%, 8=0.0%, 16=0.0%, 32=0.0%, 64=0.0%, >=64=0.0%
     complete  : 0=0.0%, 4=100.0%, 8=0.0%, 16=0.0%, 32=0.1%, 64=0.0%, >=64=0.0%
     issued rwt: total=0,1540332,0, short=0,0,0, dropped=0,0,0
     latency   : target=0, window=0, percentile=100.00%, depth=32
randw-4K-n4-c4: (groupid=2, jobs=4): err= 0: pid=1152: Wed Jul 24 14:46:20 2019
  write: IOPS=51.5k, BW=201MiB/s (211MB/s)(6039MiB/30002msec)
    slat (usec): min=2, max=735, avg= 5.16, stdev= 3.91
    clat (usec): min=183, max=12664, avg=2474.32, stdev=158.64
     lat (usec): min=190, max=12670, avg=2480.42, stdev=158.52
    clat percentiles (usec):
     | 10.000th=[ 2442], 20.000th=[ 2442], 30.000th=[ 2474], 40.000th=[ 2474],
     | 50.000th=[ 2507], 70.000th=[ 2507], 90.000th=[ 2540], 99.000th=[ 2606],
     | 99.900th=[ 2999], 99.990th=[ 3916], 99.999th=[12649]
   bw (  KiB/s): min=40600, max=60463, per=20.27%, avg=41785.26, stdev=2800.71, samples=236
   iops        : min=10150, max=15115, avg=10445.98, stdev=700.16, samples=236
  lat (usec)   : 250=0.01%, 500=0.01%, 750=0.01%, 1000=0.01%
  lat (msec)   : 2=2.01%, 4=97.96%, 10=0.01%, 20=0.01%
  cpu          : usr=7.68%, sys=11.17%, ctx=1000702, majf=0, minf=44
  IO depths    : 1=0.1%, 2=0.1%, 4=0.1%, 8=0.1%, 16=0.1%, 32=100.0%, >=64=0.0%
     submit    : 0=0.0%, 4=100.0%, 8=0.0%, 16=0.0%, 32=0.0%, 64=0.0%, >=64=0.0%
     complete  : 0=0.0%, 4=100.0%, 8=0.0%, 16=0.0%, 32=0.1%, 64=0.0%, >=64=0.0%
     issued rwt: total=0,1546072,0, short=0,0,0, dropped=0,0,0
     latency   : target=0, window=0, percentile=100.00%, depth=32
randw-4K-n8-c8: (groupid=3, jobs=8): err= 0: pid=1159: Wed Jul 24 14:46:20 2019
  write: IOPS=51.5k, BW=201MiB/s (211MB/s)(6036MiB/30005msec)
    slat (usec): min=2, max=5769, avg=68.30, stdev=263.61
    clat (usec): min=299, max=14854, avg=4895.93, stdev=1137.46
     lat (usec): min=310, max=15975, avg=4965.65, stdev=1169.91
    clat percentiles (usec):
     | 10.000th=[ 3752], 20.000th=[ 4293], 30.000th=[ 4359], 40.000th=[ 4490],
     | 50.000th=[ 4883], 70.000th=[ 5014], 90.000th=[ 6325], 99.000th=[ 8848],
     | 99.900th=[11076], 99.990th=[12780], 99.999th=[13960]
   bw (  KiB/s): min=20353, max=37875, per=12.11%, avg=24946.89, stdev=2485.80, samples=472
   iops        : min= 5088, max= 9468, avg=6236.32, stdev=621.43, samples=472
  lat (usec)   : 500=0.01%, 750=0.01%, 1000=0.01%
  lat (msec)   : 2=0.33%, 4=14.57%, 10=84.77%, 20=0.32%
  cpu          : usr=5.45%, sys=7.26%, ctx=461391, majf=0, minf=90
  IO depths    : 1=0.1%, 2=0.1%, 4=0.1%, 8=0.1%, 16=0.1%, 32=100.0%, >=64=0.0%
     submit    : 0=0.0%, 4=100.0%, 8=0.0%, 16=0.0%, 32=0.0%, 64=0.0%, >=64=0.0%
     complete  : 0=0.0%, 4=100.0%, 8=0.0%, 16=0.0%, 32=0.1%, 64=0.0%, >=64=0.0%
     issued rwt: total=0,1545177,0, short=0,0,0, dropped=0,0,0
     latency   : target=0, window=0, percentile=100.00%, depth=32
randw-4K-n12-c12: (groupid=4, jobs=12): err= 0: pid=1170: Wed Jul 24 14:46:20 2019
  write: IOPS=51.7k, BW=202MiB/s (212MB/s)(6058MiB/30007msec)
    slat (usec): min=2, max=6925, avg=23.81, stdev=173.17
    clat (usec): min=274, max=23233, avg=7396.95, stdev=773.25
     lat (usec): min=283, max=23254, avg=7422.44, stdev=800.48
    clat percentiles (usec):
     | 10.000th=[ 6849], 20.000th=[ 6980], 30.000th=[ 7373], 40.000th=[ 7439],
     | 50.000th=[ 7504], 70.000th=[ 7504], 90.000th=[ 7635], 99.000th=[10814],
     | 99.900th=[13960], 99.990th=[17171], 99.999th=[21365]
   bw (  KiB/s): min=15286, max=23179, per=8.37%, avg=17311.73, stdev=976.98, samples=720
   iops        : min= 3821, max= 5794, avg=4327.62, stdev=244.23, samples=720
  lat (usec)   : 500=0.01%, 750=0.01%, 1000=0.01%
  lat (msec)   : 2=0.01%, 4=0.02%, 10=98.44%, 20=1.54%, 50=0.01%
  cpu          : usr=4.82%, sys=6.13%, ctx=498012, majf=0, minf=133
  IO depths    : 1=0.1%, 2=0.1%, 4=0.1%, 8=0.1%, 16=0.1%, 32=100.0%, >=64=0.0%
     submit    : 0=0.0%, 4=100.0%, 8=0.0%, 16=0.0%, 32=0.0%, 64=0.0%, >=64=0.0%
     complete  : 0=0.0%, 4=100.0%, 8=0.0%, 16=0.0%, 32=0.1%, 64=0.0%, >=64=0.0%
     issued rwt: total=0,1550955,0, short=0,0,0, dropped=0,0,0
     latency   : target=0, window=0, percentile=100.00%, depth=32

Run status group 0 (all jobs):
  WRITE: bw=202MiB/s (212MB/s), 202MiB/s-202MiB/s (212MB/s-212MB/s), io=6062MiB (6357MB), run=30001-30001msec

Run status group 1 (all jobs):
  WRITE: bw=201MiB/s (210MB/s), 201MiB/s-201MiB/s (210MB/s-210MB/s), io=6017MiB (6309MB), run=30002-30002msec

Run status group 2 (all jobs):
  WRITE: bw=201MiB/s (211MB/s), 201MiB/s-201MiB/s (211MB/s-211MB/s), io=6039MiB (6333MB), run=30002-30002msec

Run status group 3 (all jobs):
  WRITE: bw=201MiB/s (211MB/s), 201MiB/s-201MiB/s (211MB/s-211MB/s), io=6036MiB (6329MB), run=30005-30005msec

Run status group 4 (all jobs):
  WRITE: bw=202MiB/s (212MB/s), 202MiB/s-202MiB/s (212MB/s-212MB/s), io=6058MiB (6353MB), run=30007-30007msec

Disk stats (read/write):
  vda: ios=321/7729465, merge=0/0, ticks=92/24135976, in_queue=24136884, util=99.01%
