randw-4K-n1-c1: (g=0): rw=randwrite, bs=(R) 4096B-4096B, (W) 4096B-4096B, (T) 4096B-4096B, ioengine=libaio, iodepth=32
randw-4K-n2-c2: (g=1): rw=randwrite, bs=(R) 4096B-4096B, (W) 4096B-4096B, (T) 4096B-4096B, ioengine=libaio, iodepth=32
...
randw-4K-n4-c4: (g=2): rw=randwrite, bs=(R) 4096B-4096B, (W) 4096B-4096B, (T) 4096B-4096B, ioengine=libaio, iodepth=32
...
randw-4K-n8-c8: (g=3): rw=randwrite, bs=(R) 4096B-4096B, (W) 4096B-4096B, (T) 4096B-4096B, ioengine=libaio, iodepth=32
...
randw-4K-n12-c12: (g=4): rw=randwrite, bs=(R) 4096B-4096B, (W) 4096B-4096B, (T) 4096B-4096B, ioengine=libaio, iodepth=32
...
fio-3.1
Starting 27 processes

randw-4K-n1-c1: (groupid=0, jobs=1): err= 0: pid=1176: Wed Jul 24 14:46:21 2019
  write: IOPS=51.3k, BW=201MiB/s (210MB/s)(6016MiB/30001msec)
    slat (usec): min=2, max=744, avg= 3.32, stdev= 2.27
    clat (usec): min=231, max=1423, avg=616.93, stdev=44.38
     lat (usec): min=236, max=1427, avg=620.98, stdev=44.36
    clat percentiles (usec):
     | 10.000th=[  594], 20.000th=[  603], 30.000th=[  603], 40.000th=[  611],
     | 50.000th=[  619], 70.000th=[  635], 90.000th=[  652], 99.000th=[  685],
     | 99.900th=[ 1045], 99.990th=[ 1319], 99.999th=[ 1369]
   bw (  KiB/s): min=160492, max=211778, per=79.33%, avg=162905.10, stdev=8679.43, samples=59
   iops        : min=40123, max=52944, avg=40725.92, stdev=2169.87, samples=59
  lat (usec)   : 250=0.07%, 500=1.59%, 750=98.21%, 1000=0.01%
  lat (msec)   : 2=0.11%
  cpu          : usr=23.24%, sys=34.34%, ctx=1379753, majf=0, minf=9
  IO depths    : 1=0.1%, 2=0.1%, 4=0.1%, 8=0.1%, 16=0.1%, 32=100.0%, >=64=0.0%
     submit    : 0=0.0%, 4=100.0%, 8=0.0%, 16=0.0%, 32=0.0%, 64=0.0%, >=64=0.0%
     complete  : 0=0.0%, 4=100.0%, 8=0.0%, 16=0.0%, 32=0.1%, 64=0.0%, >=64=0.0%
     issued rwt: total=0,1540173,0, short=0,0,0, dropped=0,0,0
     latency   : target=0, window=0, percentile=100.00%, depth=32
randw-4K-n2-c2: (groupid=1, jobs=2): err= 0: pid=1180: Wed Jul 24 14:46:21 2019
  write: IOPS=51.6k, BW=201MiB/s (211MB/s)(6044MiB/30002msec)
    slat (usec): min=2, max=699, avg= 3.66, stdev= 2.31
    clat (usec): min=182, max=3109, avg=1234.31, stdev=89.56
     lat (usec): min=188, max=3113, avg=1238.63, stdev=89.43
    clat percentiles (usec):
     | 10.000th=[ 1205], 20.000th=[ 1221], 30.000th=[ 1237], 40.000th=[ 1237],
     | 50.000th=[ 1254], 70.000th=[ 1270], 90.000th=[ 1287], 99.000th=[ 1336],
     | 99.900th=[ 1582], 99.990th=[ 1958], 99.999th=[ 3097]
   bw (  KiB/s): min=79729, max=127309, per=39.54%, avg=81559.20, stdev=6892.55, samples=118
   iops        : min=19932, max=31827, avg=20389.43, stdev=1723.14, samples=118
  lat (usec)   : 250=0.01%, 500=0.01%, 750=0.93%, 1000=1.92%
  lat (msec)   : 2=97.14%, 4=0.01%
  cpu          : usr=10.96%, sys=19.92%, ctx=1470095, majf=0, minf=13
  IO depths    : 1=0.1%, 2=0.1%, 4=0.1%, 8=0.1%, 16=0.1%, 32=100.0%, >=64=0.0%
     submit    : 0=0.0%, 4=100.0%, 8=0.0%, 16=0.0%, 32=0.0%, 64=0.0%, >=64=0.0%
     complete  : 0=0.0%, 4=100.0%, 8=0.0%, 16=0.0%, 32=0.1%, 64=0.0%, >=64=0.0%
     issued rwt: total=0,1547274,0, short=0,0,0, dropped=0,0,0
     latency   : target=0, window=0, percentile=100.00%, depth=32
randw-4K-n4-c4: (groupid=2, jobs=4): err= 0: pid=1185: Wed Jul 24 14:46:21 2019
  write: IOPS=51.8k, BW=203MiB/s (212MB/s)(6076MiB/30003msec)
    slat (usec): min=2, max=2255, avg= 3.67, stdev= 2.55
    clat (usec): min=182, max=8715, avg=2461.95, stdev=192.35
     lat (usec): min=189, max=8720, avg=2466.36, stdev=192.17
    clat percentiles (usec):
     | 10.000th=[ 2442], 20.000th=[ 2474], 30.000th=[ 2474], 40.000th=[ 2474],
     | 50.000th=[ 2507], 70.000th=[ 2507], 90.000th=[ 2540], 99.000th=[ 2606],
     | 99.900th=[ 2900], 99.990th=[ 3523], 99.999th=[ 8717]
   bw (  KiB/s): min=39943, max=69044, per=19.86%, avg=41183.99, stdev=4032.52, samples=236
   iops        : min= 9985, max=17261, avg=10295.64, stdev=1008.14, samples=236
  lat (usec)   : 250=0.01%, 500=0.01%, 750=0.01%, 1000=0.01%
  lat (msec)   : 2=3.78%, 4=96.21%, 10=0.01%
  cpu          : usr=6.01%, sys=9.93%, ctx=1425885, majf=0, minf=31
  IO depths    : 1=0.1%, 2=0.1%, 4=0.1%, 8=0.1%, 16=0.1%, 32=100.0%, >=64=0.0%
     submit    : 0=0.0%, 4=100.0%, 8=0.0%, 16=0.0%, 32=0.0%, 64=0.0%, >=64=0.0%
     complete  : 0=0.0%, 4=100.0%, 8=0.0%, 16=0.0%, 32=0.1%, 64=0.0%, >=64=0.0%
     issued rwt: total=0,1555441,0, short=0,0,0, dropped=0,0,0
     latency   : target=0, window=0, percentile=100.00%, depth=32
randw-4K-n8-c8: (groupid=3, jobs=8): err= 0: pid=1192: Wed Jul 24 14:46:21 2019
  write: IOPS=51.8k, BW=202MiB/s (212MB/s)(6072MiB/30005msec)
    slat (usec): min=2, max=5512, avg=87.03, stdev=301.57
    clat (usec): min=192, max=17199, avg=4848.25, stdev=1413.46
     lat (usec): min=199, max=17207, avg=4936.57, stdev=1454.98
    clat percentiles (usec):
     | 10.000th=[ 3294], 20.000th=[ 3752], 30.000th=[ 4080], 40.000th=[ 4359],
     | 50.000th=[ 4555], 70.000th=[ 5080], 90.000th=[ 6783], 99.000th=[ 9372],
     | 99.900th=[11600], 99.990th=[13698], 99.999th=[15270]
   bw (  KiB/s): min=20377, max=39282, per=11.87%, avg=24598.28, stdev=3789.04, samples=472
   iops        : min= 5094, max= 9820, avg=6149.18, stdev=947.26, samples=472
  lat (usec)   : 250=0.01%, 750=0.01%, 1000=0.01%
  lat (msec)   : 2=0.33%, 4=28.67%, 10=70.43%, 20=0.56%
  cpu          : usr=5.00%, sys=6.26%, ctx=477086, majf=0, minf=67
  IO depths    : 1=0.1%, 2=0.1%, 4=0.1%, 8=0.1%, 16=0.1%, 32=100.0%, >=64=0.0%
     submit    : 0=0.0%, 4=100.0%, 8=0.0%, 16=0.0%, 32=0.0%, 64=0.0%, >=64=0.0%
     complete  : 0=0.0%, 4=100.0%, 8=0.0%, 16=0.0%, 32=0.1%, 64=0.0%, >=64=0.0%
     issued rwt: total=0,1554486,0, short=0,0,0, dropped=0,0,0
     latency   : target=0, window=0, percentile=100.00%, depth=32
randw-4K-n12-c12: (groupid=4, jobs=12): err= 0: pid=1203: Wed Jul 24 14:46:21 2019
  write: IOPS=52.7k, BW=206MiB/s (216MB/s)(6174MiB/30004msec)
    slat (usec): min=3, max=6185, avg=15.11, stdev=115.64
    clat (usec): min=322, max=19830, avg=7265.97, stdev=934.12
     lat (usec): min=333, max=19841, avg=7282.75, stdev=945.68
    clat percentiles (usec):
     | 10.000th=[ 6783], 20.000th=[ 7373], 30.000th=[ 7439], 40.000th=[ 7439],
     | 50.000th=[ 7504], 70.000th=[ 7504], 90.000th=[ 7635], 99.000th=[ 9241],
     | 99.900th=[13435], 99.990th=[16450], 99.999th=[17695]
   bw (  KiB/s): min=15484, max=33883, per=8.37%, avg=17628.11, stdev=2415.08, samples=720
   iops        : min= 3871, max= 8470, avg=4406.75, stdev=603.76, samples=720
  lat (usec)   : 500=0.01%, 750=0.01%, 1000=0.01%
  lat (msec)   : 2=0.01%, 4=3.96%, 10=95.31%, 20=0.72%
  cpu          : usr=4.46%, sys=5.60%, ctx=540899, majf=0, minf=92
  IO depths    : 1=0.1%, 2=0.1%, 4=0.1%, 8=0.1%, 16=0.1%, 32=100.0%, >=64=0.0%
     submit    : 0=0.0%, 4=100.0%, 8=0.0%, 16=0.0%, 32=0.0%, 64=0.0%, >=64=0.0%
     complete  : 0=0.0%, 4=100.0%, 8=0.0%, 16=0.0%, 32=0.1%, 64=0.0%, >=64=0.0%
     issued rwt: total=0,1580631,0, short=0,0,0, dropped=0,0,0
     latency   : target=0, window=0, percentile=100.00%, depth=32

Run status group 0 (all jobs):
  WRITE: bw=201MiB/s (210MB/s), 201MiB/s-201MiB/s (210MB/s-210MB/s), io=6016MiB (6309MB), run=30001-30001msec

Run status group 1 (all jobs):
  WRITE: bw=201MiB/s (211MB/s), 201MiB/s-201MiB/s (211MB/s-211MB/s), io=6044MiB (6338MB), run=30002-30002msec

Run status group 2 (all jobs):
  WRITE: bw=203MiB/s (212MB/s), 203MiB/s-203MiB/s (212MB/s-212MB/s), io=6076MiB (6371MB), run=30003-30003msec

Run status group 3 (all jobs):
  WRITE: bw=202MiB/s (212MB/s), 202MiB/s-202MiB/s (212MB/s-212MB/s), io=6072MiB (6367MB), run=30005-30005msec

Run status group 4 (all jobs):
  WRITE: bw=206MiB/s (216MB/s), 206MiB/s-206MiB/s (216MB/s-216MB/s), io=6174MiB (6474MB), run=30004-30004msec

Disk stats (read/write):
  vda: ios=309/7771660, merge=0/0, ticks=84/23793872, in_queue=23723868, util=99.19%
