randw-4K-n1-c1: (g=0): rw=randwrite, bs=(R) 4096B-4096B, (W) 4096B-4096B, (T) 4096B-4096B, ioengine=libaio, iodepth=32
randw-4K-n2-c2: (g=1): rw=randwrite, bs=(R) 4096B-4096B, (W) 4096B-4096B, (T) 4096B-4096B, ioengine=libaio, iodepth=32
...
randw-4K-n4-c4: (g=2): rw=randwrite, bs=(R) 4096B-4096B, (W) 4096B-4096B, (T) 4096B-4096B, ioengine=libaio, iodepth=32
...
randw-4K-n8-c8: (g=3): rw=randwrite, bs=(R) 4096B-4096B, (W) 4096B-4096B, (T) 4096B-4096B, ioengine=libaio, iodepth=32
...
randw-4K-n12-c12: (g=4): rw=randwrite, bs=(R) 4096B-4096B, (W) 4096B-4096B, (T) 4096B-4096B, ioengine=libaio, iodepth=32
...
fio-3.1
Starting 27 processes

randw-4K-n1-c1: (groupid=0, jobs=1): err= 0: pid=1566: Wed Jul 24 14:46:19 2019
  write: IOPS=53.7k, BW=210MiB/s (220MB/s)(6297MiB/30001msec)
    slat (usec): min=2, max=814, avg= 3.40, stdev= 2.66
    clat (usec): min=227, max=1463, avg=588.91, stdev=96.86
     lat (usec): min=235, max=1480, avg=593.05, stdev=96.33
    clat percentiles (usec):
     | 10.000th=[  388], 20.000th=[  594], 30.000th=[  603], 40.000th=[  611],
     | 50.000th=[  619], 70.000th=[  627], 90.000th=[  652], 99.000th=[  676],
     | 99.900th=[ 1029], 99.990th=[ 1319], 99.999th=[ 1385]
   bw (  KiB/s): min=162611, max=316416, per=80.43%, avg=172878.76, stdev=33212.48, samples=59
   iops        : min=40652, max=79104, avg=43219.31, stdev=8303.17, samples=59
  lat (usec)   : 250=0.07%, 500=11.29%, 750=88.51%, 1000=0.02%
  lat (msec)   : 2=0.11%
  cpu          : usr=24.52%, sys=34.99%, ctx=1296186, majf=0, minf=12
  IO depths    : 1=0.1%, 2=0.1%, 4=0.1%, 8=0.1%, 16=0.1%, 32=100.0%, >=64=0.0%
     submit    : 0=0.0%, 4=100.0%, 8=0.0%, 16=0.0%, 32=0.0%, 64=0.0%, >=64=0.0%
     complete  : 0=0.0%, 4=100.0%, 8=0.0%, 16=0.0%, 32=0.1%, 64=0.0%, >=64=0.0%
     issued rwt: total=0,1612144,0, short=0,0,0, dropped=0,0,0
     latency   : target=0, window=0, percentile=100.00%, depth=32
randw-4K-n2-c2: (groupid=1, jobs=2): err= 0: pid=1568: Wed Jul 24 14:46:19 2019
  write: IOPS=51.5k, BW=201MiB/s (211MB/s)(6041MiB/30002msec)
    slat (usec): min=2, max=1192, avg= 3.87, stdev= 3.02
    clat (usec): min=232, max=14433, avg=1234.47, stdev=110.81
     lat (usec): min=244, max=14437, avg=1239.06, stdev=110.28
    clat percentiles (usec):
     | 10.000th=[ 1205], 20.000th=[ 1221], 30.000th=[ 1237], 40.000th=[ 1237],
     | 50.000th=[ 1254], 70.000th=[ 1270], 90.000th=[ 1287], 99.000th=[ 1336],
     | 99.900th=[ 1614], 99.990th=[ 2278], 99.999th=[14091]
   bw (  KiB/s): min=80898, max=110113, per=40.40%, avg=83298.19, stdev=5014.08, samples=118
   iops        : min=20224, max=27528, avg=20824.17, stdev=1253.53, samples=118
  lat (usec)   : 250=0.01%, 500=0.04%, 750=1.22%, 1000=1.54%
  lat (msec)   : 2=97.19%, 4=0.01%, 10=0.01%, 20=0.01%
  cpu          : usr=11.60%, sys=19.85%, ctx=1445272, majf=0, minf=19
  IO depths    : 1=0.1%, 2=0.1%, 4=0.1%, 8=0.1%, 16=0.1%, 32=100.0%, >=64=0.0%
     submit    : 0=0.0%, 4=100.0%, 8=0.0%, 16=0.0%, 32=0.0%, 64=0.0%, >=64=0.0%
     complete  : 0=0.0%, 4=100.0%, 8=0.0%, 16=0.0%, 32=0.1%, 64=0.0%, >=64=0.0%
     issued rwt: total=0,1546574,0, short=0,0,0, dropped=0,0,0
     latency   : target=0, window=0, percentile=100.00%, depth=32
randw-4K-n4-c4: (groupid=2, jobs=4): err= 0: pid=1571: Wed Jul 24 14:46:19 2019
  write: IOPS=51.8k, BW=202MiB/s (212MB/s)(6065MiB/30003msec)
    slat (usec): min=2, max=728, avg= 4.05, stdev= 3.09
    clat (usec): min=219, max=11913, avg=2466.01, stdev=186.02
     lat (usec): min=230, max=11927, avg=2470.74, stdev=185.71
    clat percentiles (usec):
     | 10.000th=[ 2442], 20.000th=[ 2474], 30.000th=[ 2474], 40.000th=[ 2474],
     | 50.000th=[ 2507], 70.000th=[ 2507], 90.000th=[ 2540], 99.000th=[ 2606],
     | 99.900th=[ 2900], 99.990th=[ 3359], 99.999th=[11731]
   bw (  KiB/s): min=48582, max=70590, per=24.27%, avg=50244.13, stdev=3270.93, samples=236
   iops        : min=12145, max=17647, avg=12560.67, stdev=817.74, samples=236
  lat (usec)   : 250=0.01%, 500=0.01%, 750=0.01%, 1000=0.01%
  lat (msec)   : 2=3.36%, 4=96.62%, 10=0.01%, 20=0.01%
  cpu          : usr=6.06%, sys=9.95%, ctx=1395971, majf=0, minf=44
  IO depths    : 1=0.1%, 2=0.1%, 4=0.1%, 8=0.1%, 16=0.1%, 32=100.0%, >=64=0.0%
     submit    : 0=0.0%, 4=100.0%, 8=0.0%, 16=0.0%, 32=0.0%, 64=0.0%, >=64=0.0%
     complete  : 0=0.0%, 4=100.0%, 8=0.0%, 16=0.0%, 32=0.1%, 64=0.0%, >=64=0.0%
     issued rwt: total=0,1552662,0, short=0,0,0, dropped=0,0,0
     latency   : target=0, window=0, percentile=100.00%, depth=32
randw-4K-n8-c8: (groupid=3, jobs=8): err= 0: pid=1576: Wed Jul 24 14:46:19 2019
  write: IOPS=51.8k, BW=202MiB/s (212MB/s)(6073MiB/30005msec)
    slat (usec): min=2, max=5869, avg=74.56, stdev=281.55
    clat (usec): min=494, max=24346, avg=4859.32, stdev=1310.32
     lat (usec): min=507, max=24355, avg=4935.22, stdev=1349.69
    clat percentiles (usec):
     | 10.000th=[ 3654], 20.000th=[ 3785], 30.000th=[ 4293], 40.000th=[ 4424],
     | 50.000th=[ 4817], 70.000th=[ 5080], 90.000th=[ 6587], 99.000th=[ 9241],
     | 99.900th=[11469], 99.990th=[14091], 99.999th=[21890]
   bw (  KiB/s): min=15291, max=36926, per=9.49%, avg=19678.35, stdev=2888.99, samples=472
   iops        : min= 3822, max= 9231, avg=4919.20, stdev=722.25, samples=472
  lat (usec)   : 500=0.01%, 750=0.01%, 1000=0.01%
  lat (msec)   : 2=0.89%, 4=22.96%, 10=75.64%, 20=0.49%, 50=0.01%
  cpu          : usr=5.16%, sys=7.03%, ctx=490623, majf=0, minf=90
  IO depths    : 1=0.1%, 2=0.1%, 4=0.1%, 8=0.1%, 16=0.1%, 32=100.0%, >=64=0.0%
     submit    : 0=0.0%, 4=100.0%, 8=0.0%, 16=0.0%, 32=0.0%, 64=0.0%, >=64=0.0%
     complete  : 0=0.0%, 4=100.0%, 8=0.0%, 16=0.0%, 32=0.1%, 64=0.0%, >=64=0.0%
     issued rwt: total=0,1554802,0, short=0,0,0, dropped=0,0,0
     latency   : target=0, window=0, percentile=100.00%, depth=32
randw-4K-n12-c12: (groupid=4, jobs=12): err= 0: pid=1585: Wed Jul 24 14:46:19 2019
  write: IOPS=51.8k, BW=202MiB/s (212MB/s)(6076MiB/30006msec)
    slat (usec): min=2, max=10579, avg=66.16, stdev=351.28
    clat (usec): min=378, max=28234, avg=7333.90, stdev=1623.42
     lat (usec): min=398, max=28570, avg=7401.70, stdev=1686.30
    clat percentiles (usec):
     | 10.000th=[ 6194], 20.000th=[ 6325], 30.000th=[ 6783], 40.000th=[ 6849],
     | 50.000th=[ 6980], 70.000th=[ 7504], 90.000th=[ 8848], 99.000th=[13829],
     | 99.900th=[18220], 99.990th=[22152], 99.999th=[26608]
   bw (  KiB/s): min=12779, max=24512, per=8.36%, avg=17336.57, stdev=1795.41, samples=720
   iops        : min= 3194, max= 6128, avg=4333.84, stdev=448.89, samples=720
  lat (usec)   : 500=0.01%, 750=0.01%, 1000=0.01%
  lat (msec)   : 2=0.01%, 4=0.53%, 10=92.86%, 20=6.57%, 50=0.03%
  cpu          : usr=4.64%, sys=5.89%, ctx=495632, majf=0, minf=129
  IO depths    : 1=0.1%, 2=0.1%, 4=0.1%, 8=0.1%, 16=0.1%, 32=100.0%, >=64=0.0%
     submit    : 0=0.0%, 4=100.0%, 8=0.0%, 16=0.0%, 32=0.0%, 64=0.0%, >=64=0.0%
     complete  : 0=0.0%, 4=100.0%, 8=0.0%, 16=0.0%, 32=0.1%, 64=0.0%, >=64=0.0%
     issued rwt: total=0,1555334,0, short=0,0,0, dropped=0,0,0
     latency   : target=0, window=0, percentile=100.00%, depth=32

Run status group 0 (all jobs):
  WRITE: bw=210MiB/s (220MB/s), 210MiB/s-210MiB/s (220MB/s-220MB/s), io=6297MiB (6603MB), run=30001-30001msec

Run status group 1 (all jobs):
  WRITE: bw=201MiB/s (211MB/s), 201MiB/s-201MiB/s (211MB/s-211MB/s), io=6041MiB (6335MB), run=30002-30002msec

Run status group 2 (all jobs):
  WRITE: bw=202MiB/s (212MB/s), 202MiB/s-202MiB/s (212MB/s-212MB/s), io=6065MiB (6360MB), run=30003-30003msec

Run status group 3 (all jobs):
  WRITE: bw=202MiB/s (212MB/s), 202MiB/s-202MiB/s (212MB/s-212MB/s), io=6073MiB (6368MB), run=30005-30005msec

Run status group 4 (all jobs):
  WRITE: bw=202MiB/s (212MB/s), 202MiB/s-202MiB/s (212MB/s-212MB/s), io=6076MiB (6371MB), run=30006-30006msec

Disk stats (read/write):
  vda: ios=246/7811878, merge=0/0, ticks=112/23171116, in_queue=23210864, util=98.15%
