***************************************
*** ###easy### TPC-C Load Generator ***
***************************************
option h with value '192.168.122.83'
option P with value '3306'
option d with value 'benchmarker'
option u with value 'root'
option p with value '123456'
option w with value '11'
option c with value '16'
option r with value '22'
option l with value '60'
option i with value '10'
<Parameters>
     [server]: 192.168.122.83
     [port]: 3306
     [DBname]: benchmarker
       [user]: root
       [pass]: 123456
  [warehouse]: 11
 [connection]: 16
     [rampup]: 22 (sec.)
    [measure]: 60 (sec.)

RAMP-UP TIME.(22 sec.)

MEASURING START.

  10, trx: 2663, 95%: 55.144, 99%: 69.792, max_rt: 128.635, 2662|79.794, 266|43.686, 266|135.895, 264|197.427
  20, trx: 2738, 95%: 59.911, 99%: 77.571, max_rt: 113.644, 2738|84.726, 274|34.283, 274|136.778, 274|170.326
  30, trx: 3092, 95%: 50.741, 99%: 62.009, max_rt: 88.177, 3094|61.732, 309|21.558, 310|110.498, 310|135.801
  40, trx: 3170, 95%: 49.614, 99%: 62.214, max_rt: 93.081, 3166|75.650, 317|25.950, 317|120.542, 318|140.080
  50, trx: 3073, 95%: 51.383, 99%: 65.130, max_rt: 92.441, 3076|74.418, 307|26.095, 306|127.634, 307|159.951
  60, trx: 3046, 95%: 51.153, 99%: 63.875, max_rt: 89.714, 3046|59.783, 304|28.426, 304|124.718, 303|150.939

STOPPING THREADS................

<Raw Results>
  [0] sc:14 lt:17768  rt:0  fl:0 avg_rt: 39.5 (5)
  [1] sc:5710 lt:12072  rt:0  fl:0 avg_rt: 12.5 (5)
  [2] sc:1221 lt:556  rt:0  fl:0 avg_rt: 6.1 (5)
  [3] sc:1528 lt:249  rt:0  fl:0 avg_rt: 85.9 (80)
  [4] sc:0 lt:1776  rt:0  fl:0 avg_rt: 125.9 (20)
 in 60 sec.

<Raw Results2(sum ver.)>
  [0] sc:14  lt:17768  rt:0  fl:0 
  [1] sc:5710  lt:12072  rt:0  fl:0 
  [2] sc:1221  lt:556  rt:0  fl:0 
  [3] sc:1528  lt:249  rt:0  fl:0 
  [4] sc:0  lt:1776  rt:0  fl:0 

<Constraint Check> (all must be [OK])
 [transaction percentage]
        Payment: 43.48% (>=43.0%) [OK]
   Order-Status: 4.35% (>= 4.0%) [OK]
       Delivery: 4.35% (>= 4.0%) [OK]
    Stock-Level: 4.34% (>= 4.0%) [OK]
 [response time (at least 90% passed)]
      New-Order: 0.08%  [NG] *
        Payment: 32.11%  [NG] *
   Order-Status: 68.71%  [NG] *
       Delivery: 85.99%  [NG] *
    Stock-Level: 0.00%  [NG] *

<TpmC>
                 17782.000 TpmC
