randw-4K-n1-c1: (g=0): rw=randwrite, bs=(R) 4096B-4096B, (W) 4096B-4096B, (T) 4096B-4096B, ioengine=libaio, iodepth=32
randw-4K-n2-c2: (g=1): rw=randwrite, bs=(R) 4096B-4096B, (W) 4096B-4096B, (T) 4096B-4096B, ioengine=libaio, iodepth=32
...
randw-4K-n4-c4: (g=2): rw=randwrite, bs=(R) 4096B-4096B, (W) 4096B-4096B, (T) 4096B-4096B, ioengine=libaio, iodepth=32
...
randw-4K-n8-c8: (g=3): rw=randwrite, bs=(R) 4096B-4096B, (W) 4096B-4096B, (T) 4096B-4096B, ioengine=libaio, iodepth=32
...
randw-4K-n12-c12: (g=4): rw=randwrite, bs=(R) 4096B-4096B, (W) 4096B-4096B, (T) 4096B-4096B, ioengine=libaio, iodepth=32
...
fio-3.1
Starting 27 processes

randw-4K-n1-c1: (groupid=0, jobs=1): err= 0: pid=1282: Sat Jul 27 21:57:53 2019
  write: IOPS=121k, BW=474MiB/s (497MB/s)(55.6GiB/120001msec)
    slat (usec): min=2, max=100, avg= 3.42, stdev= 1.72
    clat (usec): min=197, max=771, avg=256.95, stdev=22.43
     lat (usec): min=200, max=776, avg=260.95, stdev=22.62
    clat percentiles (usec):
     | 10.000th=[  235], 20.000th=[  241], 30.000th=[  245], 40.000th=[  249],
     | 50.000th=[  253], 70.000th=[  265], 90.000th=[  285], 99.000th=[  330],
     | 99.900th=[  379], 99.990th=[  441], 99.999th=[  676]
   bw (  KiB/s): min=331133, max=476760, per=78.05%, avg=378878.60, stdev=7413.32, samples=239
   iops        : min=82783, max=119190, avg=94719.26, stdev=1853.34, samples=239
  lat (usec)   : 250=44.43%, 500=55.57%, 750=0.01%, 1000=0.01%
  cpu          : usr=47.76%, sys=51.81%, ctx=33259, majf=0, minf=11
  IO depths    : 1=0.1%, 2=0.1%, 4=0.1%, 8=0.1%, 16=0.1%, 32=100.0%, >=64=0.0%
     submit    : 0=0.0%, 4=100.0%, 8=0.0%, 16=0.0%, 32=0.0%, 64=0.0%, >=64=0.0%
     complete  : 0=0.0%, 4=100.0%, 8=0.0%, 16=0.0%, 32=0.1%, 64=0.0%, >=64=0.0%
     issued rwt: total=0,14563389,0, short=0,0,0, dropped=0,0,0
     latency   : target=0, window=0, percentile=100.00%, depth=32
randw-4K-n2-c2: (groupid=1, jobs=2): err= 0: pid=1286: Sat Jul 27 21:57:53 2019
  write: IOPS=117k, BW=457MiB/s (480MB/s)(53.6GiB/120008msec)
    slat (usec): min=2, max=18150, avg= 4.05, stdev= 6.81
    clat (usec): min=98, max=18820, avg=539.39, stdev=155.45
     lat (usec): min=198, max=18824, avg=544.10, stdev=156.01
    clat percentiles (usec):
     | 10.000th=[  420], 20.000th=[  433], 30.000th=[  453], 40.000th=[  465],
     | 50.000th=[  482], 70.000th=[  529], 90.000th=[  832], 99.000th=[  947],
     | 99.900th=[ 1029], 99.990th=[ 1106], 99.999th=[ 1237]
   bw (  KiB/s): min=116268, max=272980, per=39.45%, avg=184767.89, stdev=41967.18, samples=478
   iops        : min=29067, max=68245, avg=46191.60, stdev=10491.79, samples=478
  lat (usec)   : 100=0.01%, 250=0.01%, 500=59.55%, 750=23.24%, 1000=16.97%
  lat (msec)   : 2=0.24%, 4=0.01%, 20=0.01%
  cpu          : usr=24.49%, sys=34.94%, ctx=8029241, majf=0, minf=18
  IO depths    : 1=0.1%, 2=0.1%, 4=0.1%, 8=0.1%, 16=0.1%, 32=100.0%, >=64=0.0%
     submit    : 0=0.0%, 4=100.0%, 8=0.0%, 16=0.0%, 32=0.0%, 64=0.0%, >=64=0.0%
     complete  : 0=0.0%, 4=100.0%, 8=0.0%, 16=0.0%, 32=0.1%, 64=0.0%, >=64=0.0%
     issued rwt: total=0,14053347,0, short=0,0,0, dropped=0,0,0
     latency   : target=0, window=0, percentile=100.00%, depth=32
randw-4K-n4-c4: (groupid=2, jobs=4): err= 0: pid=1291: Sat Jul 27 21:57:53 2019
  write: IOPS=102k, BW=398MiB/s (417MB/s)(46.6GiB/120017msec)
    slat (usec): min=2, max=18476, avg= 3.76, stdev= 9.57
    clat (usec): min=87, max=22497, avg=1249.32, stdev=640.00
     lat (usec): min=188, max=22502, avg=1253.75, stdev=640.47
    clat percentiles (usec):
     | 10.000th=[  570], 20.000th=[  611], 30.000th=[  635], 40.000th=[  676],
     | 50.000th=[ 1401], 70.000th=[ 1860], 90.000th=[ 1991], 99.000th=[ 2114],
     | 99.900th=[ 2376], 99.990th=[ 2606], 99.999th=[15270]
   bw (  KiB/s): min=57520, max=222007, per=23.13%, avg=94261.06, stdev=54455.30, samples=956
   iops        : min=14380, max=55501, avg=23564.89, stdev=13613.82, samples=956
  lat (usec)   : 100=0.01%, 250=0.01%, 500=1.72%, 750=46.91%, 1000=1.26%
  lat (msec)   : 2=41.57%, 4=8.54%, 10=0.01%, 20=0.01%, 50=0.01%
  cpu          : usr=12.95%, sys=17.03%, ctx=11224536, majf=0, minf=40
  IO depths    : 1=0.1%, 2=0.1%, 4=0.1%, 8=0.1%, 16=0.1%, 32=100.0%, >=64=0.0%
     submit    : 0=0.0%, 4=100.0%, 8=0.0%, 16=0.0%, 32=0.0%, 64=0.0%, >=64=0.0%
     complete  : 0=0.0%, 4=100.0%, 8=0.0%, 16=0.0%, 32=0.1%, 64=0.0%, >=64=0.0%
     issued rwt: total=0,12227939,0, short=0,0,0, dropped=0,0,0
     latency   : target=0, window=0, percentile=100.00%, depth=32
randw-4K-n8-c8: (groupid=3, jobs=8): err= 0: pid=1298: Sat Jul 27 21:57:53 2019
  write: IOPS=138k, BW=540MiB/s (566MB/s)(63.3GiB/120015msec)
    slat (usec): min=2, max=15952, avg= 4.09, stdev= 6.14
    clat (usec): min=73, max=17274, avg=1843.27, stdev=661.92
     lat (usec): min=80, max=17278, avg=1848.08, stdev=662.51
    clat percentiles (usec):
     | 10.000th=[  898], 20.000th=[  971], 30.000th=[ 1729], 40.000th=[ 1795],
     | 50.000th=[ 1844], 70.000th=[ 1958], 90.000th=[ 2802], 99.000th=[ 2966],
     | 99.900th=[ 3097], 99.990th=[ 3195], 99.999th=[ 5538]
   bw (  KiB/s): min=32978, max=135040, per=9.14%, avg=50541.89, stdev=20739.55, samples=1912
   iops        : min= 8244, max=33760, avg=12635.11, stdev=5184.89, samples=1912
  lat (usec)   : 100=0.01%, 250=0.01%, 500=0.01%, 750=0.22%, 1000=22.05%
  lat (msec)   : 2=50.32%, 4=27.40%, 10=0.01%, 20=0.01%
  cpu          : usr=10.14%, sys=13.13%, ctx=15631815, majf=0, minf=82
  IO depths    : 1=0.1%, 2=0.1%, 4=0.1%, 8=0.1%, 16=0.1%, 32=100.0%, >=64=0.0%
     submit    : 0=0.0%, 4=100.0%, 8=0.0%, 16=0.0%, 32=0.0%, 64=0.0%, >=64=0.0%
     complete  : 0=0.0%, 4=100.0%, 8=0.0%, 16=0.0%, 32=0.1%, 64=0.0%, >=64=0.0%
     issued rwt: total=0,16597961,0, short=0,0,0, dropped=0,0,0
     latency   : target=0, window=0, percentile=100.00%, depth=32
randw-4K-n12-c12: (groupid=4, jobs=12): err= 0: pid=1309: Sat Jul 27 21:57:53 2019
  write: IOPS=141k, BW=550MiB/s (576MB/s)(64.4GiB/120017msec)
    slat (usec): min=2, max=14477, avg= 6.82, stdev=10.05
    clat (usec): min=5, max=19579, avg=2716.29, stdev=633.88
     lat (usec): min=233, max=19583, avg=2724.37, stdev=634.33
    clat percentiles (usec):
     | 10.000th=[ 1827], 20.000th=[ 2212], 30.000th=[ 2671], 40.000th=[ 2704],
     | 50.000th=[ 2769], 70.000th=[ 2868], 90.000th=[ 3654], 99.000th=[ 3916],
     | 99.900th=[ 4047], 99.990th=[ 4146], 99.999th=[15139]
   bw (  KiB/s): min=34136, max=183597, per=8.37%, avg=47078.02, stdev=13677.15, samples=2880
   iops        : min= 8534, max=45899, avg=11769.22, stdev=3419.28, samples=2880
  lat (usec)   : 10=0.01%, 20=0.01%, 50=0.01%, 250=0.01%, 500=0.01%
  lat (usec)   : 750=1.66%, 1000=0.30%
  lat (msec)   : 2=16.85%, 4=81.00%, 10=0.19%, 20=0.01%
  cpu          : usr=10.21%, sys=12.62%, ctx=9814026, majf=0, minf=124
  IO depths    : 1=0.1%, 2=0.1%, 4=0.1%, 8=0.1%, 16=0.1%, 32=100.0%, >=64=0.0%
     submit    : 0=0.0%, 4=100.0%, 8=0.0%, 16=0.0%, 32=0.0%, 64=0.0%, >=64=0.0%
     complete  : 0=0.0%, 4=100.0%, 8=0.0%, 16=0.0%, 32=0.1%, 64=0.0%, >=64=0.0%
     issued rwt: total=0,16886217,0, short=0,0,0, dropped=0,0,0
     latency   : target=0, window=0, percentile=100.00%, depth=32

Run status group 0 (all jobs):
  WRITE: bw=474MiB/s (497MB/s), 474MiB/s-474MiB/s (497MB/s-497MB/s), io=55.6GiB (59.7GB), run=120001-120001msec

Run status group 1 (all jobs):
  WRITE: bw=457MiB/s (480MB/s), 457MiB/s-457MiB/s (480MB/s-480MB/s), io=53.6GiB (57.6GB), run=120008-120008msec

Run status group 2 (all jobs):
  WRITE: bw=398MiB/s (417MB/s), 398MiB/s-398MiB/s (417MB/s-417MB/s), io=46.6GiB (50.1GB), run=120017-120017msec

Run status group 3 (all jobs):
  WRITE: bw=540MiB/s (566MB/s), 540MiB/s-540MiB/s (566MB/s-566MB/s), io=63.3GiB (67.0GB), run=120015-120015msec

Run status group 4 (all jobs):
  WRITE: bw=550MiB/s (576MB/s), 550MiB/s-550MiB/s (576MB/s-576MB/s), io=64.4GiB (69.2GB), run=120017-120017msec

Disk stats (read/write):
  nvme0n1: ios=346/74210946, merge=0/0, ticks=32/99593380, in_queue=99672984, util=98.19%
