randw-4K-n1-c1: (g=0): rw=randwrite, bs=(R) 4096B-4096B, (W) 4096B-4096B, (T) 4096B-4096B, ioengine=libaio, iodepth=32
randw-4K-n2-c2: (g=1): rw=randwrite, bs=(R) 4096B-4096B, (W) 4096B-4096B, (T) 4096B-4096B, ioengine=libaio, iodepth=32
...
randw-4K-n4-c4: (g=2): rw=randwrite, bs=(R) 4096B-4096B, (W) 4096B-4096B, (T) 4096B-4096B, ioengine=libaio, iodepth=32
...
randw-4K-n8-c8: (g=3): rw=randwrite, bs=(R) 4096B-4096B, (W) 4096B-4096B, (T) 4096B-4096B, ioengine=libaio, iodepth=32
...
randw-4K-n12-c12: (g=4): rw=randwrite, bs=(R) 4096B-4096B, (W) 4096B-4096B, (T) 4096B-4096B, ioengine=libaio, iodepth=32
...
fio-3.1
Starting 27 processes

randw-4K-n1-c1: (groupid=0, jobs=1): err= 0: pid=1287: Sat Jul 27 21:57:53 2019
  write: IOPS=118k, BW=461MiB/s (483MB/s)(54.0GiB/120001msec)
    slat (usec): min=2, max=3035, avg= 3.23, stdev= 1.93
    clat (usec): min=210, max=3500, avg=264.54, stdev=18.05
     lat (usec): min=213, max=3505, avg=268.44, stdev=18.19
    clat percentiles (usec):
     | 10.000th=[  249], 20.000th=[  253], 30.000th=[  258], 40.000th=[  260],
     | 50.000th=[  262], 70.000th=[  269], 90.000th=[  281], 99.000th=[  322],
     | 99.900th=[  351], 99.990th=[  404], 99.999th=[  660]
   bw (  KiB/s): min=347214, max=468037, per=77.98%, avg=368064.93, stdev=6833.87, samples=239
   iops        : min=86803, max=117009, avg=92015.86, stdev=1708.47, samples=239
  lat (usec)   : 250=13.22%, 500=86.78%, 750=0.01%
  lat (msec)   : 4=0.01%
  cpu          : usr=49.95%, sys=49.89%, ctx=11473, majf=0, minf=11
  IO depths    : 1=0.1%, 2=0.1%, 4=0.1%, 8=0.1%, 16=0.1%, 32=100.0%, >=64=0.0%
     submit    : 0=0.0%, 4=100.0%, 8=0.0%, 16=0.0%, 32=0.0%, 64=0.0%, >=64=0.0%
     complete  : 0=0.0%, 4=100.0%, 8=0.0%, 16=0.0%, 32=0.1%, 64=0.0%, >=64=0.0%
     issued rwt: total=0,14160442,0, short=0,0,0, dropped=0,0,0
     latency   : target=0, window=0, percentile=100.00%, depth=32
randw-4K-n2-c2: (groupid=1, jobs=2): err= 0: pid=1292: Sat Jul 27 21:57:53 2019
  write: IOPS=139k, BW=542MiB/s (569MB/s)(63.6GiB/120012msec)
    slat (usec): min=2, max=19459, avg= 3.26, stdev= 5.49
    clat (usec): min=80, max=20053, avg=454.66, stdev=63.43
     lat (usec): min=235, max=20056, avg=458.58, stdev=63.56
    clat percentiles (usec):
     | 10.000th=[  383], 20.000th=[  408], 30.000th=[  424], 40.000th=[  437],
     | 50.000th=[  453], 70.000th=[  482], 90.000th=[  529], 99.000th=[  594],
     | 99.900th=[  693], 99.990th=[  824], 99.999th=[ 2507]
   bw (  KiB/s): min=202738, max=269547, per=39.02%, avg=216757.93, stdev=13138.98, samples=478
   iops        : min=50684, max=67386, avg=54189.10, stdev=3284.72, samples=478
  lat (usec)   : 100=0.01%, 250=0.01%, 500=79.77%, 750=20.18%, 1000=0.04%
  lat (msec)   : 2=0.01%, 4=0.01%, 10=0.01%, 20=0.01%, 50=0.01%
  cpu          : usr=30.05%, sys=36.99%, ctx=10073054, majf=0, minf=17
  IO depths    : 1=0.1%, 2=0.1%, 4=0.1%, 8=0.1%, 16=0.1%, 32=100.0%, >=64=0.0%
     submit    : 0=0.0%, 4=100.0%, 8=0.0%, 16=0.0%, 32=0.0%, 64=0.0%, >=64=0.0%
     complete  : 0=0.0%, 4=100.0%, 8=0.0%, 16=0.0%, 32=0.1%, 64=0.0%, >=64=0.0%
     issued rwt: total=0,16666571,0, short=0,0,0, dropped=0,0,0
     latency   : target=0, window=0, percentile=100.00%, depth=32
randw-4K-n4-c4: (groupid=2, jobs=4): err= 0: pid=1297: Sat Jul 27 21:57:53 2019
  write: IOPS=186k, BW=725MiB/s (760MB/s)(84.0GiB/120012msec)
    slat (usec): min=2, max=15601, avg= 3.21, stdev= 6.92
    clat (usec): min=114, max=17402, avg=683.56, stdev=201.61
     lat (usec): min=126, max=17405, avg=687.42, stdev=201.86
    clat percentiles (usec):
     | 10.000th=[  562], 20.000th=[  586], 30.000th=[  611], 40.000th=[  619],
     | 50.000th=[  635], 70.000th=[  676], 90.000th=[  758], 99.000th=[ 1598],
     | 99.900th=[ 1762], 99.990th=[ 2024], 99.999th=[ 4293]
   bw (  KiB/s): min=72902, max=243844, per=23.32%, avg=173066.41, stdev=35098.62, samples=956
   iops        : min=18225, max=60961, avg=43266.22, stdev=8774.65, samples=956
  lat (usec)   : 250=0.01%, 500=1.68%, 750=87.69%, 1000=2.69%
  lat (msec)   : 2=7.94%, 4=0.01%, 10=0.01%, 20=0.01%
  cpu          : usr=22.43%, sys=28.75%, ctx=20964137, majf=0, minf=37
  IO depths    : 1=0.1%, 2=0.1%, 4=0.1%, 8=0.1%, 16=0.1%, 32=100.0%, >=64=0.0%
     submit    : 0=0.0%, 4=100.0%, 8=0.0%, 16=0.0%, 32=0.0%, 64=0.0%, >=64=0.0%
     complete  : 0=0.0%, 4=100.0%, 8=0.0%, 16=0.0%, 32=0.1%, 64=0.0%, >=64=0.0%
     issued rwt: total=0,22269875,0, short=0,0,0, dropped=0,0,0
     latency   : target=0, window=0, percentile=100.00%, depth=32
randw-4K-n8-c8: (groupid=3, jobs=8): err= 0: pid=1304: Sat Jul 27 21:57:53 2019
  write: IOPS=138k, BW=540MiB/s (567MB/s)(63.3GiB/120013msec)
    slat (usec): min=2, max=13456, avg= 4.07, stdev= 7.27
    clat (usec): min=107, max=17725, avg=1842.67, stdev=662.98
     lat (usec): min=198, max=17732, avg=1847.51, stdev=663.45
    clat percentiles (usec):
     | 10.000th=[  898], 20.000th=[  971], 30.000th=[ 1729], 40.000th=[ 1795],
     | 50.000th=[ 1844], 70.000th=[ 1958], 90.000th=[ 2802], 99.000th=[ 2966],
     | 99.900th=[ 3097], 99.990th=[ 3228], 99.999th=[ 7046]
   bw (  KiB/s): min=32262, max=165020, per=8.99%, avg=49770.80, stdev=20361.58, samples=1912
   iops        : min= 8065, max=41255, avg=12442.33, stdev=5090.42, samples=1912
  lat (usec)   : 250=0.01%, 500=0.01%, 750=0.25%, 1000=21.99%
  lat (msec)   : 2=50.33%, 4=27.42%, 10=0.01%, 20=0.01%
  cpu          : usr=10.35%, sys=12.91%, ctx=15165808, majf=0, minf=78
  IO depths    : 1=0.1%, 2=0.1%, 4=0.1%, 8=0.1%, 16=0.1%, 32=100.0%, >=64=0.0%
     submit    : 0=0.0%, 4=100.0%, 8=0.0%, 16=0.0%, 32=0.0%, 64=0.0%, >=64=0.0%
     complete  : 0=0.0%, 4=100.0%, 8=0.0%, 16=0.0%, 32=0.1%, 64=0.0%, >=64=0.0%
     issued rwt: total=0,16602442,0, short=0,0,0, dropped=0,0,0
     latency   : target=0, window=0, percentile=100.00%, depth=32
randw-4K-n12-c12: (groupid=4, jobs=12): err= 0: pid=1315: Sat Jul 27 21:57:53 2019
  write: IOPS=139k, BW=542MiB/s (569MB/s)(63.5GiB/120014msec)
    slat (usec): min=2, max=13973, avg= 6.84, stdev=10.21
    clat (usec): min=59, max=17009, avg=2753.76, stdev=216.56
     lat (usec): min=251, max=17014, avg=2761.82, stdev=216.70
    clat percentiles (usec):
     | 10.000th=[ 2638], 20.000th=[ 2671], 30.000th=[ 2704], 40.000th=[ 2737],
     | 50.000th=[ 2769], 70.000th=[ 2835], 90.000th=[ 2900], 99.000th=[ 3064],
     | 99.900th=[ 3818], 99.990th=[ 4047], 99.999th=[14091]
   bw (  KiB/s): min=34116, max=93064, per=8.38%, avg=46543.21, stdev=3693.86, samples=2880
   iops        : min= 8529, max=23266, avg=11635.49, stdev=923.46, samples=2880
  lat (usec)   : 100=0.01%, 250=0.01%, 500=0.01%, 750=0.01%, 1000=0.01%
  lat (msec)   : 2=1.72%, 4=98.26%, 10=0.01%, 20=0.01%
  cpu          : usr=10.07%, sys=12.52%, ctx=10377739, majf=0, minf=124
  IO depths    : 1=0.1%, 2=0.1%, 4=0.1%, 8=0.1%, 16=0.1%, 32=100.0%, >=64=0.0%
     submit    : 0=0.0%, 4=100.0%, 8=0.0%, 16=0.0%, 32=0.0%, 64=0.0%, >=64=0.0%
     complete  : 0=0.0%, 4=100.0%, 8=0.0%, 16=0.0%, 32=0.1%, 64=0.0%, >=64=0.0%
     issued rwt: total=0,16657484,0, short=0,0,0, dropped=0,0,0
     latency   : target=0, window=0, percentile=100.00%, depth=32

Run status group 0 (all jobs):
  WRITE: bw=461MiB/s (483MB/s), 461MiB/s-461MiB/s (483MB/s-483MB/s), io=54.0GiB (58.0GB), run=120001-120001msec

Run status group 1 (all jobs):
  WRITE: bw=542MiB/s (569MB/s), 542MiB/s-542MiB/s (569MB/s-569MB/s), io=63.6GiB (68.3GB), run=120012-120012msec

Run status group 2 (all jobs):
  WRITE: bw=725MiB/s (760MB/s), 725MiB/s-725MiB/s (760MB/s-760MB/s), io=84.0GiB (91.2GB), run=120012-120012msec

Run status group 3 (all jobs):
  WRITE: bw=540MiB/s (567MB/s), 540MiB/s-540MiB/s (567MB/s-567MB/s), io=63.3GiB (68.0GB), run=120013-120013msec

Run status group 4 (all jobs):
  WRITE: bw=542MiB/s (569MB/s), 542MiB/s-542MiB/s (569MB/s-569MB/s), io=63.5GiB (68.2GB), run=120014-120014msec

Disk stats (read/write):
  nvme0n1: ios=359/86326298, merge=0/0, ticks=16/99230052, in_queue=100001244, util=97.21%
