randw-4K-n1-c1: (g=0): rw=randwrite, bs=(R) 4096B-4096B, (W) 4096B-4096B, (T) 4096B-4096B, ioengine=libaio, iodepth=32
randw-4K-n2-c2: (g=1): rw=randwrite, bs=(R) 4096B-4096B, (W) 4096B-4096B, (T) 4096B-4096B, ioengine=libaio, iodepth=32
...
randw-4K-n4-c4: (g=2): rw=randwrite, bs=(R) 4096B-4096B, (W) 4096B-4096B, (T) 4096B-4096B, ioengine=libaio, iodepth=32
...
randw-4K-n8-c8: (g=3): rw=randwrite, bs=(R) 4096B-4096B, (W) 4096B-4096B, (T) 4096B-4096B, ioengine=libaio, iodepth=32
...
randw-4K-n12-c12: (g=4): rw=randwrite, bs=(R) 4096B-4096B, (W) 4096B-4096B, (T) 4096B-4096B, ioengine=libaio, iodepth=32
...
fio-3.1
Starting 27 processes

randw-4K-n1-c1: (groupid=0, jobs=1): err= 0: pid=1266: Sat Jul 27 21:57:52 2019
  write: IOPS=117k, BW=459MiB/s (481MB/s)(53.7GiB/120001msec)
    slat (usec): min=2, max=117, avg= 3.29, stdev= 1.78
    clat (usec): min=213, max=717, avg=265.94, stdev=17.14
     lat (usec): min=218, max=737, avg=269.95, stdev=17.29
    clat percentiles (usec):
     | 10.000th=[  249], 20.000th=[  255], 30.000th=[  258], 40.000th=[  262],
     | 50.000th=[  265], 70.000th=[  269], 90.000th=[  281], 99.000th=[  326],
     | 99.900th=[  347], 99.990th=[  392], 99.999th=[  644]
   bw (  KiB/s): min=359158, max=477433, per=77.94%, avg=365940.09, stdev=7510.21, samples=239
   iops        : min=89789, max=119358, avg=91484.68, stdev=1877.55, samples=239
  lat (usec)   : 250=10.70%, 500=89.30%, 750=0.01%
  cpu          : usr=49.17%, sys=50.72%, ctx=9380, majf=0, minf=9
  IO depths    : 1=0.1%, 2=0.1%, 4=0.1%, 8=0.1%, 16=0.1%, 32=100.0%, >=64=0.0%
     submit    : 0=0.0%, 4=100.0%, 8=0.0%, 16=0.0%, 32=0.0%, 64=0.0%, >=64=0.0%
     complete  : 0=0.0%, 4=100.0%, 8=0.0%, 16=0.0%, 32=0.1%, 64=0.0%, >=64=0.0%
     issued rwt: total=0,14085781,0, short=0,0,0, dropped=0,0,0
     latency   : target=0, window=0, percentile=100.00%, depth=32
randw-4K-n2-c2: (groupid=1, jobs=2): err= 0: pid=1270: Sat Jul 27 21:57:52 2019
  write: IOPS=139k, BW=544MiB/s (570MB/s)(63.7GiB/120011msec)
    slat (usec): min=2, max=14434, avg= 3.26, stdev= 4.28
    clat (usec): min=68, max=15145, avg=453.64, stdev=62.82
     lat (usec): min=225, max=15150, avg=457.57, stdev=62.85
    clat percentiles (usec):
     | 10.000th=[  383], 20.000th=[  404], 30.000th=[  424], 40.000th=[  437],
     | 50.000th=[  453], 70.000th=[  482], 90.000th=[  529], 99.000th=[  594],
     | 99.900th=[  652], 99.990th=[  717], 99.999th=[  914]
   bw (  KiB/s): min=205430, max=312105, per=39.08%, avg=217600.93, stdev=14644.23, samples=478
   iops        : min=51357, max=78026, avg=54399.86, stdev=3661.07, samples=478
  lat (usec)   : 100=0.01%, 250=0.01%, 500=79.90%, 750=20.09%, 1000=0.01%
  lat (msec)   : 2=0.01%, 4=0.01%, 10=0.01%, 20=0.01%
  cpu          : usr=29.77%, sys=37.30%, ctx=10068733, majf=0, minf=13
  IO depths    : 1=0.1%, 2=0.1%, 4=0.1%, 8=0.1%, 16=0.1%, 32=100.0%, >=64=0.0%
     submit    : 0=0.0%, 4=100.0%, 8=0.0%, 16=0.0%, 32=0.0%, 64=0.0%, >=64=0.0%
     complete  : 0=0.0%, 4=100.0%, 8=0.0%, 16=0.0%, 32=0.1%, 64=0.0%, >=64=0.0%
     issued rwt: total=0,16704262,0, short=0,0,0, dropped=0,0,0
     latency   : target=0, window=0, percentile=100.00%, depth=32
randw-4K-n4-c4: (groupid=2, jobs=4): err= 0: pid=1275: Sat Jul 27 21:57:52 2019
  write: IOPS=102k, BW=400MiB/s (419MB/s)(46.8GiB/120012msec)
    slat (usec): min=2, max=16063, avg= 3.38, stdev= 8.49
    clat (usec): min=76, max=18404, avg=1244.26, stdev=638.10
     lat (usec): min=195, max=18408, avg=1248.31, stdev=638.41
    clat percentiles (usec):
     | 10.000th=[  570], 20.000th=[  611], 30.000th=[  635], 40.000th=[  676],
     | 50.000th=[ 1205], 70.000th=[ 1860], 90.000th=[ 1991], 99.000th=[ 2114],
     | 99.900th=[ 2212], 99.990th=[ 2311], 99.999th=[16188]
   bw (  KiB/s): min=55427, max=264509, per=21.88%, avg=89552.31, stdev=51833.13, samples=956
   iops        : min=13856, max=66127, avg=22387.70, stdev=12958.28, samples=956
  lat (usec)   : 100=0.01%, 250=0.01%, 500=2.21%, 750=46.49%, 1000=1.16%
  lat (msec)   : 2=41.73%, 4=8.41%, 10=0.01%, 20=0.01%
  cpu          : usr=12.68%, sys=16.33%, ctx=11471267, majf=0, minf=32
  IO depths    : 1=0.1%, 2=0.1%, 4=0.1%, 8=0.1%, 16=0.1%, 32=100.0%, >=64=0.0%
     submit    : 0=0.0%, 4=100.0%, 8=0.0%, 16=0.0%, 32=0.0%, 64=0.0%, >=64=0.0%
     complete  : 0=0.0%, 4=100.0%, 8=0.0%, 16=0.0%, 32=0.1%, 64=0.0%, >=64=0.0%
     issued rwt: total=0,12280792,0, short=0,0,0, dropped=0,0,0
     latency   : target=0, window=0, percentile=100.00%, depth=32
randw-4K-n8-c8: (groupid=3, jobs=8): err= 0: pid=1282: Sat Jul 27 21:57:52 2019
  write: IOPS=138k, BW=541MiB/s (567MB/s)(63.4GiB/120023msec)
    slat (usec): min=2, max=23326, avg= 3.61, stdev=11.65
    clat (usec): min=150, max=28086, avg=1841.33, stdev=932.50
     lat (usec): min=188, max=28090, avg=1845.65, stdev=933.06
    clat percentiles (usec):
     | 10.000th=[  865], 20.000th=[  898], 30.000th=[  930], 40.000th=[  971],
     | 50.000th=[ 1205], 70.000th=[ 2737], 90.000th=[ 2868], 99.000th=[ 2999],
     | 99.900th=[ 3097], 99.990th=[ 3195], 99.999th=[ 5932]
   bw (  KiB/s): min=30719, max=186923, per=8.55%, avg=47370.27, stdev=27489.83, samples=1912
   iops        : min= 7679, max=46730, avg=11842.18, stdev=6872.46, samples=1912
  lat (usec)   : 250=0.01%, 500=0.02%, 750=0.56%, 1000=43.95%
  lat (msec)   : 2=5.76%, 4=49.72%, 10=0.01%, 20=0.01%, 50=0.01%
  cpu          : usr=9.42%, sys=11.85%, ctx=15912915, majf=0, minf=69
  IO depths    : 1=0.1%, 2=0.1%, 4=0.1%, 8=0.1%, 16=0.1%, 32=100.0%, >=64=0.0%
     submit    : 0=0.0%, 4=100.0%, 8=0.0%, 16=0.0%, 32=0.0%, 64=0.0%, >=64=0.0%
     complete  : 0=0.0%, 4=100.0%, 8=0.0%, 16=0.0%, 32=0.1%, 64=0.0%, >=64=0.0%
     issued rwt: total=0,16621973,0, short=0,0,0, dropped=0,0,0
     latency   : target=0, window=0, percentile=100.00%, depth=32
randw-4K-n12-c12: (groupid=4, jobs=12): err= 0: pid=1293: Sat Jul 27 21:57:52 2019
  write: IOPS=138k, BW=540MiB/s (566MB/s)(63.3GiB/120005msec)
    slat (usec): min=2, max=557, avg= 6.24, stdev= 4.70
    clat (usec): min=231, max=8361, avg=2765.15, stdev=489.02
     lat (usec): min=235, max=8378, avg=2772.56, stdev=489.26
    clat percentiles (usec):
     | 10.000th=[ 1909], 20.000th=[ 2638], 30.000th=[ 2704], 40.000th=[ 2737],
     | 50.000th=[ 2769], 70.000th=[ 2835], 90.000th=[ 3621], 99.000th=[ 3884],
     | 99.900th=[ 4015], 99.990th=[ 4146], 99.999th=[ 6390]
   bw (  KiB/s): min=34048, max=91983, per=8.37%, avg=46274.09, stdev=8484.45, samples=2880
   iops        : min= 8512, max=22995, avg=11568.31, stdev=2121.06, samples=2880
  lat (usec)   : 250=0.01%, 500=0.01%, 750=0.01%, 1000=0.01%
  lat (msec)   : 2=12.44%, 4=87.40%, 10=0.15%
  cpu          : usr=9.48%, sys=11.74%, ctx=11421835, majf=0, minf=94
  IO depths    : 1=0.1%, 2=0.1%, 4=0.1%, 8=0.1%, 16=0.1%, 32=100.0%, >=64=0.0%
     submit    : 0=0.0%, 4=100.0%, 8=0.0%, 16=0.0%, 32=0.0%, 64=0.0%, >=64=0.0%
     complete  : 0=0.0%, 4=100.0%, 8=0.0%, 16=0.0%, 32=0.1%, 64=0.0%, >=64=0.0%
     issued rwt: total=0,16594537,0, short=0,0,0, dropped=0,0,0
     latency   : target=0, window=0, percentile=100.00%, depth=32

Run status group 0 (all jobs):
  WRITE: bw=459MiB/s (481MB/s), 459MiB/s-459MiB/s (481MB/s-481MB/s), io=53.7GiB (57.7GB), run=120001-120001msec

Run status group 1 (all jobs):
  WRITE: bw=544MiB/s (570MB/s), 544MiB/s-544MiB/s (570MB/s-570MB/s), io=63.7GiB (68.4GB), run=120011-120011msec

Run status group 2 (all jobs):
  WRITE: bw=400MiB/s (419MB/s), 400MiB/s-400MiB/s (419MB/s-419MB/s), io=46.8GiB (50.3GB), run=120012-120012msec

Run status group 3 (all jobs):
  WRITE: bw=541MiB/s (567MB/s), 541MiB/s-541MiB/s (567MB/s-567MB/s), io=63.4GiB (68.1GB), run=120023-120023msec

Run status group 4 (all jobs):
  WRITE: bw=540MiB/s (566MB/s), 540MiB/s-540MiB/s (566MB/s-566MB/s), io=63.3GiB (67.0GB), run=120005-120005msec

Disk stats (read/write):
  nvme0n1: ios=365/76272627, merge=0/0, ticks=16/99497800, in_queue=100910568, util=97.50%
