***************************************
*** ###easy### TPC-C Load Generator ***
***************************************
option h with value '192.168.122.81'
option P with value '3306'
option d with value 'benchmarker'
option u with value 'root'
option p with value '123456'
option w with value '11'
option c with value '24'
option r with value '22'
option l with value '60'
option i with value '10'
<Parameters>
     [server]: 192.168.122.81
     [port]: 3306
     [DBname]: benchmarker
       [user]: root
       [pass]: 123456
  [warehouse]: 11
 [connection]: 24
     [rampup]: 22 (sec.)
    [measure]: 60 (sec.)

RAMP-UP TIME.(22 sec.)

MEASURING START.

  10, trx: 1718, 95%: 121.135, 99%: 146.495, max_rt: 244.070, 1717|158.666, 172|77.322, 172|409.243, 173|442.922
  20, trx: 1762, 95%: 116.164, 99%: 143.930, max_rt: 189.192, 1763|121.620, 176|37.637, 176|333.713, 176|413.524
  30, trx: 1749, 95%: 120.990, 99%: 139.895, max_rt: 222.675, 1746|128.649, 175|31.076, 173|303.634, 174|379.815
  40, trx: 1729, 95%: 121.790, 99%: 144.708, max_rt: 185.594, 1733|173.647, 174|85.100, 174|319.958, 173|415.376
  50, trx: 1801, 95%: 112.166, 99%: 126.244, max_rt: 161.473, 1798|131.516, 180|33.254, 181|291.428, 180|367.428
  60, trx: 1824, 95%: 107.788, 99%: 128.570, max_rt: 181.622, 1829|132.174, 182|50.890, 182|283.586, 182|358.623

STOPPING THREADS........................

<Raw Results>
  [0] sc:9 lt:10574  rt:0  fl:0 avg_rt: 96.1 (5)
  [1] sc:732 lt:9854  rt:0  fl:0 avg_rt: 28.8 (5)
  [2] sc:243 lt:816  rt:0  fl:0 avg_rt: 12.7 (5)
  [3] sc:11 lt:1047  rt:0  fl:0 avg_rt: 253.0 (80)
  [4] sc:0 lt:1058  rt:0  fl:0 avg_rt: 343.7 (20)
 in 60 sec.

<Raw Results2(sum ver.)>
  [0] sc:9  lt:10574  rt:0  fl:0 
  [1] sc:732  lt:9854  rt:0  fl:0 
  [2] sc:243  lt:816  rt:0  fl:0 
  [3] sc:11  lt:1047  rt:0  fl:0 
  [4] sc:0  lt:1058  rt:0  fl:0 

<Constraint Check> (all must be [OK])
 [transaction percentage]
        Payment: 43.49% (>=43.0%) [OK]
   Order-Status: 4.35% (>= 4.0%) [OK]
       Delivery: 4.35% (>= 4.0%) [OK]
    Stock-Level: 4.35% (>= 4.0%) [OK]
 [response time (at least 90% passed)]
      New-Order: 0.09%  [NG] *
        Payment: 6.91%  [NG] *
   Order-Status: 22.95%  [NG] *
       Delivery: 1.04%  [NG] *
    Stock-Level: 0.00%  [NG] *

<TpmC>
                 10583.000 TpmC
