Initializing 300 connections...
Initializing 100 workers and preparing statements...
_elapsed___errors__ops/sec(inst)___ops/sec(cum)__p50(ms)__p95(ms)__p99(ms)_pMax(ms)
      1s        0            1.8            4.0     60.8     83.9     83.9     83.9 delivery
      1s        0           23.2           53.0     50.3     83.9    113.2    142.6 newOrder
      1s        0            3.5            8.0      8.4     16.8     16.8     16.8 orderStatus
      1s        0           28.5           65.0     22.0     71.3     96.5    151.0 payment
      1s        0            2.6            6.0     23.1     24.1     24.1     24.1 stockLevel
      2s        0            7.0            5.5    109.1    167.8    167.8    167.8 delivery
      2s        0           71.0           62.0     79.7    184.5    226.5    520.1 newOrder
      2s        0            7.0            7.5     11.0     17.8     17.8     17.8 orderStatus
      2s        0           61.0           63.0     48.2    167.8    318.8    536.9 payment
      2s        0            8.0            7.0     33.6    142.6    142.6    142.6 stockLevel
      3s        0            9.0            6.7    121.6    218.1    218.1    218.1 delivery
      3s        0           72.0           65.3     92.3    570.4    637.5    805.3 newOrder
      3s        0            2.0            5.7     10.0     16.3     16.3     16.3 orderStatus
      3s        0           62.0           62.7     52.4    352.3    906.0   1040.2 payment
      3s        0            7.0            7.0     46.1    100.7    100.7    100.7 stockLevel
      4s        0            5.0            6.2    121.6    142.6    142.6    142.6 delivery
      4s        0           76.0           68.0    121.6    604.0    906.0   1677.7 newOrder
      4s        0           10.0            6.7      8.9     16.8     16.8     16.8 orderStatus
      4s        0           70.0           64.5     56.6    704.6   1040.2   1275.1 payment
      4s        0            5.0            6.5     58.7    469.8    469.8    469.8 stockLevel
_elapsed___errors__ops/sec(inst)___ops/sec(cum)__p50(ms)__p95(ms)__p99(ms)_pMax(ms)
      5s        0            8.0            6.6    121.6    369.1    369.1    369.1 delivery
      5s        0           74.0           69.2    130.0    604.0    671.1   1342.2 newOrder
      5s        0            9.0            7.2     12.1     17.8     17.8     17.8 orderStatus
      5s        0           68.0           65.2     92.3    906.0   1744.8   1744.8 payment
      5s        0           11.0            7.4     35.7    167.8    318.8    318.8 stockLevel
      6s        0            6.0            6.5    125.8    218.1    218.1    218.1 delivery
      6s        0           67.0           68.8    142.6    973.1   1342.2   1744.8 newOrder
      6s        0            8.0            7.3     14.2     71.3     71.3     71.3 orderStatus
      6s        0           67.0           65.5     44.0   1208.0   1610.6   1946.2 payment
      6s        0            8.0            7.5    109.1    167.8    167.8    167.8 stockLevel
      7s        0            4.0            6.1    151.0    536.9    536.9    536.9 delivery
      7s        0           70.0           69.0    201.3   1208.0   1744.8   1744.8 newOrder
      7s        0            7.0            7.3     18.9     24.1     24.1     24.1 orderStatus
      7s        0           76.0           67.0    100.7   1811.9   2684.4   3489.7 payment
      7s        0            6.0            7.3     41.9    604.0    604.0    604.0 stockLevel
      8s        0            5.0            6.0    117.4    906.0    906.0    906.0 delivery
      8s        0           79.0           70.2    184.5   1543.5   2550.1   3623.9 newOrder
      8s        0            4.0            6.9     10.0     18.9     18.9     18.9 orderStatus
      8s        0           73.0           67.7    125.8    805.3   1342.2   3623.9 payment
      8s        0           10.0            7.6     41.9    453.0    453.0    453.0 stockLevel
_elapsed___errors__ops/sec(inst)___ops/sec(cum)__p50(ms)__p95(ms)__p99(ms)_pMax(ms)
      9s        0            8.0            6.2    109.1    486.5    486.5    486.5 delivery
      9s        0           71.0           70.3    117.4    738.2   1476.4   1811.9 newOrder
      9s        0            9.0            7.1      8.1     12.1     12.1     12.1 orderStatus
      9s        0           73.0           68.3     60.8   1208.0   2080.4   2952.8 payment
      9s        0            8.0            7.7     44.0    209.7    209.7    209.7 stockLevel
     10s        0            5.0            6.1    117.4    209.7    209.7    209.7 delivery
     10s        0           60.0           69.3    159.4   1610.6   2080.4   2147.5 newOrder
     10s        0            2.0            6.6     12.6     17.8     17.8     17.8 orderStatus
     10s        0           73.0           68.8     60.8    973.1   1811.9   2080.4 payment
     10s        0            6.0            7.5     44.0   1543.5   1543.5   1543.5 stockLevel
_elapsed___errors__ops/sec(inst)___ops/sec(cum)__p50(ms)__p95(ms)__p99(ms)_pMax(ms)
      1s        0            4.0            4.0    104.9    285.2    285.2    285.2 delivery
      1s        0           44.0           44.0     96.5    285.2    469.8    469.8 newOrder
      1s        0            5.0            5.0     19.9     28.3     28.3     28.3 orderStatus
      1s        0           37.0           37.0     48.2    167.8    805.3    805.3 payment
      1s        0            8.0            8.0     50.3    201.3    201.3    201.3 stockLevel
      2s        0            9.9            7.0     83.9    243.3    243.3    243.3 delivery
      2s        0           57.3           50.7     88.1    805.3   1006.6   1073.7 newOrder
      2s        0            6.9            6.0      7.9     21.0     21.0     21.0 orderStatus
      2s        0           55.4           46.3     39.8   1140.9   1543.5   1543.5 payment
      2s        0            4.0            6.0     39.8     46.1     46.1     46.1 stockLevel
      3s        0            9.1            7.7    113.2    738.2    738.2    738.2 delivery
      3s        0           73.9           58.4     71.3    838.9   1275.1   1811.9 newOrder
      3s        0            5.1            5.7     10.5     37.7     37.7     37.7 orderStatus
      3s        0           64.8           52.4     37.7    268.4    973.1   1543.5 payment
      3s        0            5.1            5.7     32.5    218.1    218.1    218.1 stockLevel
      4s        0            3.0            6.5     79.7     88.1     88.1     88.1 delivery
      4s        0           67.0           60.5     88.1   2013.3   2415.9   2684.4 newOrder
      4s        0            7.0            6.0     10.0     37.7     37.7     37.7 orderStatus
      4s        0           65.0           55.5     41.9   2415.9   3087.0   3489.7 payment
      4s        0            8.0            6.3     30.4     46.1     46.1     46.1 stockLevel
_elapsed___errors__ops/sec(inst)___ops/sec(cum)__p50(ms)__p95(ms)__p99(ms)_pMax(ms)
      5s        0            8.0            6.8     75.5    113.2    113.2    113.2 delivery
      5s        0           51.0           58.6     54.5   1006.6   1677.7   2013.3 newOrder
      5s        0            4.0            5.6     10.5     24.1     24.1     24.1 orderStatus
      5s        0           43.0           53.0     32.5    335.5   4295.0   4295.0 payment
      5s        0            4.0            5.8     29.4     44.0     44.0     44.0 stockLevel
      6s        0            5.0            6.5     92.3    159.4    159.4    159.4 delivery
      6s        0           57.0           58.3     60.8    872.4   2550.1   2684.4 newOrder
      6s        0            6.0            5.7      6.0     10.5     10.5     10.5 orderStatus
      6s        0           53.0           53.0     18.9    520.1   3489.7   3623.9 payment
      6s        0            6.0            5.8     21.0     44.0     44.0     44.0 stockLevel
      7s        0            3.0            6.0     75.5     92.3     92.3     92.3 delivery
      7s        0           35.9           55.2     58.7    637.5   1006.6   1006.6 newOrder
      7s        0            2.0            5.1     11.5     18.9     18.9     18.9 orderStatus
      7s        0           32.0           50.0     30.4   4831.8   6710.9   6710.9 payment
      7s        0            8.0            6.1     28.3    121.6    121.6    121.6 stockLevel
      8s        0            7.0            6.1     92.3    130.0    130.0    130.0 delivery
      8s        0           56.1           55.3     71.3    973.1   3355.4   3758.1 newOrder
      8s        0            2.0            4.8      9.4     11.0     11.0     11.0 orderStatus
      8s        0           60.1           51.3     32.5   5368.7   6710.9   6979.3 payment
      8s        0            3.0            5.8     25.2     27.3     27.3     27.3 stockLevel
_elapsed___errors__ops/sec(inst)___ops/sec(cum)__p50(ms)__p95(ms)__p99(ms)_pMax(ms)
      9s        0            5.0            6.0     92.3    113.2    113.2    113.2 delivery
      9s        0           65.0           56.3     67.1   3892.3   5637.1   7247.8 newOrder
      9s        0            7.0            5.0      9.4     12.6     12.6     12.6 orderStatus
      9s        0           53.0           51.5     28.3    201.3    268.4   8321.5 payment
      9s        0           11.0            6.3     33.6    369.1    570.4    570.4 stockLevel
     10s        0            8.0            6.2    104.9    167.8    167.8    167.8 delivery
     10s        0           68.0           57.5     46.1    159.4   4563.4   5637.1 newOrder
     10s        0            9.0            5.4      6.6     15.7     15.7     15.7 orderStatus
     10s        0           66.0           52.9     24.1    104.9    125.8    184.5 payment
     10s        0            7.0            6.4     21.0    671.1    671.1    671.1 stockLevel
     11s        0            3.0            5.9     58.7    113.2    113.2    113.2 delivery
     11s        0           26.0           54.6     35.7     65.0     88.1     88.1 newOrder
     11s        0            2.0            5.1      5.5      7.3      7.3      7.3 orderStatus
     11s        0           29.0           50.7     15.2     33.6   7247.8   7247.8 payment
     11s        0            4.0            6.2     15.2     21.0     21.0     21.0 stockLevel
     12s        0            0.0            5.4      0.0      0.0      0.0      0.0 delivery
     12s        0           13.0           51.2     39.8   4563.4   6979.3   6979.3 newOrder
     12s        0            1.0            4.8     10.5     10.5     10.5     10.5 orderStatus
     12s        0            4.0           46.8     13.6     17.8     17.8     17.8 payment
     12s        0            0.0            5.7      0.0      0.0      0.0      0.0 stockLevel
_elapsed___errors__ops/sec(inst)___ops/sec(cum)__p50(ms)__p95(ms)__p99(ms)_pMax(ms)
     13s        0            4.0            5.3    109.1    130.0    130.0    130.0 delivery
     13s        0           43.1           50.5     88.1   6174.0   8589.9   8589.9 newOrder
     13s        0            1.0            4.5     14.2     14.2     14.2     14.2 orderStatus
     13s        0           45.1           46.7     32.5   6979.3  11811.2  11811.2 payment
     13s        0            2.0            5.4    385.9    771.8    771.8    771.8 stockLevel
     14s        0            7.0            5.4     83.9    184.5    184.5    184.5 delivery
     14s        0           70.0           51.9     54.5    906.0   5637.1   6174.0 newOrder
     14s        0            6.0            4.6      8.1     12.6     12.6     12.6 orderStatus
     14s        0           69.0           48.3     26.2    218.1   6174.0  11274.3 payment
     14s        0            4.0            5.3     31.5    159.4    159.4    159.4 stockLevel
     15s        0            3.0            5.3     46.1     50.3     50.3     50.3 delivery
     15s        0           33.0           50.7     31.5     50.3   4160.7   4160.7 newOrder
     15s        0            6.0            4.7      6.0      8.1      8.1      8.1 orderStatus
     15s        0           28.0           46.9     11.5     21.0   6710.9   6710.9 payment
     15s        0            5.0            5.3     14.7     21.0     21.0     21.0 stockLevel
     16s        0            5.0            5.3     56.6     62.9     62.9     62.9 delivery
     16s        0           46.0           50.4     32.5   2684.4   6442.5   6442.5 newOrder
     16s        0            5.0            4.7      8.9     13.6     13.6     13.6 orderStatus
     16s        0           45.0           46.8     13.6     18.9     46.1     46.1 payment
     16s        0            3.0            5.1     15.2   2281.7   2281.7   2281.7 stockLevel
_elapsed___errors__ops/sec(inst)___ops/sec(cum)__p50(ms)__p95(ms)__p99(ms)_pMax(ms)
     17s        0            8.0            5.4     58.7    113.2    113.2    113.2 delivery
     17s        0           58.0           50.8     37.7   1140.9   3489.7   3892.3 newOrder
     17s        0            5.0            4.7      5.5      9.4      9.4      9.4 orderStatus
     17s        0           50.0           47.0     16.3     65.0  13958.6  13958.6 payment
     17s        0            6.0            5.2     14.2     21.0     21.0     21.0 stockLevel
     18s        0            0.0            5.1      0.0      0.0      0.0      0.0 delivery
     18s        0            1.0           48.1     21.0     21.0     21.0     21.0 newOrder
     18s        0            0.0            4.4      0.0      0.0      0.0      0.0 orderStatus
     18s        0            4.0           44.6     10.0     12.6     12.6     12.6 payment
     18s        0            1.0            4.9     10.5     10.5     10.5     10.5 stockLevel
     19s        0            4.0            5.1     67.1    100.7    100.7    100.7 delivery
     19s        0           33.0           47.3     52.4   5100.3   6442.5   6442.5 newOrder
     19s        0            1.0            4.3      9.4      9.4      9.4      9.4 orderStatus
     19s        0           25.0           43.6     22.0     96.5  15569.3  15569.3 payment
     19s        0            1.0            4.7    352.3    352.3    352.3    352.3 stockLevel
     20s        0            4.0            5.0     83.9    117.4    117.4    117.4 delivery
     20s        0           55.0           47.7     41.9    100.7    251.7   2684.4 newOrder
     20s        0            4.0            4.3      6.8      8.1      8.1      8.1 orderStatus
     20s        0           47.0           43.8     18.9  10737.4  14495.5  14495.5 payment
     20s        0            5.0            4.8     23.1    176.2    176.2    176.2 stockLevel
_elapsed___errors__ops/sec(inst)___ops/sec(cum)__p50(ms)__p95(ms)__p99(ms)_pMax(ms)
     21s        0            4.0            5.0     56.6     71.3     71.3     71.3 delivery
     21s        0           33.0           47.0     41.9     83.9   6174.0   6174.0 newOrder
     21s        0            5.0            4.3      6.3      9.4      9.4      9.4 orderStatus
     21s        0           38.0           43.5     17.8  13421.8  16643.0  16643.0 payment
     21s        0            4.0            4.7     18.9     26.2     26.2     26.2 stockLevel
     22s        0            4.0            4.9    130.0    251.7    251.7    251.7 delivery
     22s        0           50.0           47.1     39.8    209.7    570.4    570.4 newOrder
     22s        0            5.0            4.3      7.3      9.4      9.4      9.4 orderStatus
     22s        0           48.0           43.7     17.8     79.7  19327.4  19327.4 payment
     22s        0            5.0            4.7     24.1     25.2     25.2     25.2 stockLevel
     23s        0            5.0            4.9     54.5     65.0     65.0     65.0 delivery
     23s        0           44.0           47.0     33.6   2415.9   5905.6   5905.6 newOrder
     23s        0            4.0            4.3      6.3     10.5     10.5     10.5 orderStatus
     23s        0           34.0           43.3     15.2     26.2     50.3     50.3 payment
     23s        0            3.0            4.7     14.7    604.0    604.0    604.0 stockLevel
     24s        0            0.0            4.7      0.0      0.0      0.0      0.0 delivery
     24s        0            1.0           45.0     35.7     35.7     35.7     35.7 newOrder
     24s        0            0.0            4.1      0.0      0.0      0.0      0.0 orderStatus
     24s        0            0.0           41.5      0.0      0.0      0.0      0.0 payment
     24s        0            0.0            4.5      0.0      0.0      0.0      0.0 stockLevel
_elapsed___errors__ops/sec(inst)___ops/sec(cum)__p50(ms)__p95(ms)__p99(ms)_pMax(ms)
     25s        0            5.0            4.7     65.0     75.5     75.5     75.5 delivery
     25s        0           53.0           45.4     44.0   5100.3   5368.7   5637.1 newOrder
     25s        0            6.0            4.2      6.6     24.1     24.1     24.1 orderStatus
     25s        0           59.0           42.2     18.9  12884.9  16106.1  24696.1 payment
     25s        0            5.0            4.5     21.0     28.3     28.3     28.3 stockLevel
     26s        0           11.0            5.0     92.3    159.4    352.3    352.3 delivery
     26s        0           60.0           45.9     56.6    184.5    209.7    369.1 newOrder
     26s        0           11.0            4.5      7.9     12.1     13.6     13.6 orderStatus
     26s        0           71.0           43.3     30.4  12884.9  22548.6  23622.3 payment
     26s        0            5.0            4.5     44.0     92.3     92.3     92.3 stockLevel
     27s        0            5.0            5.0     50.3    302.0    302.0    302.0 delivery
     27s        0           37.0           45.6     46.1   2013.3   6710.9   6710.9 newOrder
     27s        0            3.0            4.4      6.3      7.3      7.3      7.3 orderStatus
     27s        0           37.0           43.0     13.6     65.0  18253.6  18253.6 payment
     27s        0            1.0            4.4     16.3     16.3     16.3     16.3 stockLevel
     28s        0            3.0            4.9     60.8     60.8     60.8     60.8 delivery
     28s        0           57.0           46.0     41.9    838.9   2281.7   2281.7 newOrder
     28s        0            5.0            4.4      6.8     10.0     10.0     10.0 orderStatus
     28s        0           42.0           43.0     16.3  12348.0  24696.1  24696.1 payment
     28s        0            8.0            4.5     18.9     41.9     41.9     41.9 stockLevel
_elapsed___errors__ops/sec(inst)___ops/sec(cum)__p50(ms)__p95(ms)__p99(ms)_pMax(ms)
     29s        0            4.0            4.9     48.2     67.1     67.1     67.1 delivery
     29s        0           32.0           45.5     41.9   1342.2   2550.1   2550.1 newOrder
     29s        0            5.0            4.4      5.8      7.1      7.1      7.1 orderStatus
     29s        0           33.0           42.7     19.9     41.9   5368.7   5368.7 payment
     29s        0            4.0            4.5     16.3   1744.8   1744.8   1744.8 stockLevel
     30s        0            0.0            4.7      0.0      0.0      0.0      0.0 delivery
     30s        0            3.0           44.1     33.6   3892.3   3892.3   3892.3 newOrder
     30s        0            0.0            4.3      0.0      0.0      0.0      0.0 orderStatus
     30s        0            2.0           41.3     12.6  13958.6  13958.6  13958.6 payment
     30s        0            0.0            4.3      0.0      0.0      0.0      0.0 stockLevel
     31s        0            4.0            4.7     56.6    130.0    130.0    130.0 delivery
     31s        0           50.0           44.3     35.7   3087.0   5905.6   5905.6 newOrder
     31s        0            7.0            4.4      5.5      7.1      7.1      7.1 orderStatus
     31s        0           59.0           41.9     16.3   5368.7  15032.4  18253.6 payment
     31s        0            6.0            4.4     17.8     22.0     22.0     22.0 stockLevel
     32s        0            4.0            4.7     46.1     71.3     71.3     71.3 delivery
     32s        0           31.0           43.9     35.7   4831.8   6442.5   6442.5 newOrder
     32s        0            5.0            4.4      6.3      8.9      8.9      8.9 orderStatus
     32s        0           28.0           41.4     16.3     28.3     67.1     67.1 payment
     32s        0            6.0            4.4     19.9     25.2     25.2     25.2 stockLevel
_elapsed___errors__ops/sec(inst)___ops/sec(cum)__p50(ms)__p95(ms)__p99(ms)_pMax(ms)
     33s        0            7.0            4.7     58.7    109.1    109.1    109.1 delivery
     33s        0           72.0           44.7     39.8   1610.6   3892.3   4160.7 newOrder
     33s        0            9.0            4.5      7.3     46.1     46.1     46.1 orderStatus
     33s        0           62.0           42.1     21.0   4563.4  21474.8  27917.3 payment
     33s        0            4.0            4.4     19.9     39.8     39.8     39.8 stockLevel
     34s        0            8.0            4.8     71.3    318.8    318.8    318.8 delivery
     34s        0           77.0           45.7     46.1    176.2    570.4    838.9 newOrder
     34s        0            6.0            4.6      5.5      7.3      7.3      7.3 orderStatus
     34s        0           72.0           42.9     24.1     88.1  16643.0  18253.6 payment
     34s        0            7.0            4.5     26.2     88.1     88.1     88.1 stockLevel
     35s        0            0.0            4.7      0.0      0.0      0.0      0.0 delivery
     35s        0           26.0           45.1     35.7     92.3    134.2    134.2 newOrder
     35s        0            3.0            4.5      8.4     11.0     11.0     11.0 orderStatus
     35s        0           27.0           42.5     18.9   9663.7  27917.3  27917.3 payment
     35s        0            2.0            4.4     15.2     17.8     17.8     17.8 stockLevel
     36s        0            0.0            4.6      0.0      0.0      0.0      0.0 delivery
     36s        0            0.0           43.9      0.0      0.0      0.0      0.0 newOrder
     36s        0            0.0            4.4      0.0      0.0      0.0      0.0 orderStatus
     36s        0            0.0           41.3      0.0      0.0      0.0      0.0 payment
     36s        0            0.0            4.3      0.0      0.0      0.0      0.0 stockLevel
_elapsed___errors__ops/sec(inst)___ops/sec(cum)__p50(ms)__p95(ms)__p99(ms)_pMax(ms)
     37s        0            1.0            4.5     44.0     44.0     44.0     44.0 delivery
     37s        0           20.0           43.2     44.0   5637.1  10200.5  10200.5 newOrder
     37s        0            1.0            4.3      7.6      7.6      7.6      7.6 orderStatus
     37s        0           14.0           40.6     13.1     18.9     23.1     23.1 payment
     37s        0            1.0            4.2   1946.2   1946.2   1946.2   1946.2 stockLevel
     38s        0            5.0            4.5     62.9    159.4    159.4    159.4 delivery
     38s        0           40.0           43.1     48.2   4160.7   4831.8   4831.8 newOrder
     38s        0            6.0            4.4      6.6     11.5     11.5     11.5 orderStatus
     38s        0           51.0           40.8     23.1  10737.4  36507.2  38654.7 payment
     38s        0            4.0            4.2     17.8   3221.2   3221.2   3221.2 stockLevel
     39s        0            8.0            4.6     75.5    218.1    218.1    218.1 delivery
     39s        0           69.0           43.8     50.3    100.7    109.1    151.0 newOrder
     39s        0           10.0            4.5      6.3      8.9      8.9      8.9 orderStatus
     39s        0           72.0           41.6     27.3     83.9  25769.8  25769.8 payment
     39s        0           10.0            4.4     24.1     88.1     88.1     88.1 stockLevel
     40s        0            3.0            4.5     52.4     56.6     56.6     56.6 delivery
     40s        0           35.0           43.6     35.7   2080.4   7784.6   7784.6 newOrder
     40s        0            2.0            4.5      6.0      7.6      7.6      7.6 orderStatus
     40s        0           37.0           41.5     17.8  26843.5  38654.7  38654.7 payment
     40s        0            4.0            4.4     15.7     18.9     18.9     18.9 stockLevel
_elapsed___errors__ops/sec(inst)___ops/sec(cum)__p50(ms)__p95(ms)__p99(ms)_pMax(ms)
     41s        0            7.0            4.6     79.7    192.9    192.9    192.9 delivery
     41s        0           74.0           44.3     48.2   1879.0   2013.3   2550.1 newOrder
     41s        0            9.0            4.6      6.3     16.8     16.8     16.8 orderStatus
     41s        0           69.0           42.2     25.2    218.1  27917.3  36507.2 payment
     41s        0            9.0            4.5     28.3   1811.9   1811.9   1811.9 stockLevel
     42s        0            5.0            4.6     50.3     67.1     67.1     67.1 delivery
     42s        0           48.0           44.4     39.8   1946.2   4160.7   4160.7 newOrder
     42s        0            4.0            4.5      3.7     23.1     23.1     23.1 orderStatus
     42s        0           37.0           42.1     16.8  20401.1  30064.8  30064.8 payment
     42s        0            6.0            4.5     19.9    805.3    805.3    805.3 stockLevel
     43s        0            6.0            4.6     67.1     96.5     96.5     96.5 delivery
     43s        0           69.0           45.0     54.5   1409.3   1811.9   1879.0 newOrder
     43s        0            7.0            4.6      9.4     17.8     17.8     17.8 orderStatus
     43s        0           65.0           42.6     32.5   3892.3  22548.6  34359.7 payment
     43s        0            8.0            4.6     30.4     79.7     79.7     79.7 stockLevel
     44s        0            5.0            4.6     71.3     88.1     88.1     88.1 delivery
     44s        0           42.0           44.9     37.7   1140.9   2415.9   2415.9 newOrder
     44s        0            5.0            4.6      7.3     11.5     11.5     11.5 orderStatus
     44s        0           52.0           42.8     17.8  18253.6  36507.2  42949.7 payment
     44s        0            6.0            4.6     15.7     30.4     30.4     30.4 stockLevel
_elapsed___errors__ops/sec(inst)___ops/sec(cum)__p50(ms)__p95(ms)__p99(ms)_pMax(ms)
     45s        0            2.0            4.6     50.3     71.3     71.3     71.3 delivery
     45s        0           32.0           44.6     46.1    130.0   1140.9   1140.9 newOrder
     45s        0            2.0            4.6      8.9     17.8     17.8     17.8 orderStatus
     45s        0           26.0           42.4     19.9  36507.2  38654.7  38654.7 payment
     45s        0            2.0            4.6     13.1     52.4     52.4     52.4 stockLevel
     46s        0            8.0            4.7    117.4    209.7    209.7    209.7 delivery
     46s        0           43.0           44.6     67.1   2080.4   4026.5   4026.5 newOrder
     46s        0            5.0            4.6     10.5     18.9     18.9     18.9 orderStatus
     46s        0           48.0           42.6     33.6  23622.3  45097.2  45097.2 payment
     46s        0            5.0            4.6     28.3    109.1    109.1    109.1 stockLevel
     47s        0            4.0            4.6     92.3    117.4    117.4    117.4 delivery
     47s        0           60.0           44.9     79.7   1342.2   4026.5   4295.0 newOrder
     47s        0            6.0            4.6      8.9     22.0     22.0     22.0 orderStatus
     47s        0           56.0           42.9     44.0  11811.2  25769.8  33286.0 payment
     47s        0            6.0            4.6     41.9    121.6    121.6    121.6 stockLevel
     48s        0            8.0            4.7    109.1    318.8    318.8    318.8 delivery
     48s        0           47.0           45.0     79.7    226.5   3221.2   3221.2 newOrder
     48s        0            7.0            4.6      8.1     13.6     13.6     13.6 orderStatus
     48s        0           50.0           43.0     50.3    671.1  32212.3  32212.3 payment
     48s        0            5.0            4.6     48.2    130.0    130.0    130.0 stockLevel
_elapsed___errors__ops/sec(inst)___ops/sec(cum)__p50(ms)__p95(ms)__p99(ms)_pMax(ms)
     49s        0            7.0            4.8     88.1     88.1     88.1     88.1 delivery
     49s        0           55.0           45.2     58.7    109.1    130.0   6174.0 newOrder
     49s        0            4.0            4.6      6.8      8.9      8.9      8.9 orderStatus
     49s        0           57.0           43.3     26.2   5637.1  28991.0  40802.2 payment
     49s        0            6.0            4.6     32.5   1476.4   1476.4   1476.4 stockLevel
     50s        0            5.0            4.8     75.5    100.7    100.7    100.7 delivery
     50s        0           60.0           45.5     54.5    100.7    142.6   3355.4 newOrder
     50s        0            5.0            4.6      5.8      8.9      8.9      8.9 orderStatus
     50s        0           56.0           43.5     26.2  19327.4  30064.8  36507.2 payment
     50s        0            2.0            4.6     31.5     41.9     41.9     41.9 stockLevel
     51s        0            2.0            4.7     56.6     56.6     56.6     56.6 delivery
     51s        0           32.0           45.2     41.9   4026.5  10737.4  10737.4 newOrder
     51s        0            3.0            4.6      6.6     12.6     12.6     12.6 orderStatus
     51s        0           32.0           43.3     15.7    100.7  51539.6  51539.6 payment
     51s        0            4.0            4.6     21.0    436.2    436.2    436.2 stockLevel
     52s        0            5.0            4.7     58.7     67.1     67.1     67.1 delivery
     52s        0           64.0           45.6     41.9    151.0   4026.5   4160.7 newOrder
     52s        0            7.0            4.7      6.3     19.9     19.9     19.9 orderStatus
     52s        0           61.0           43.7     22.0     83.9   9663.7  40802.2 payment
     52s        0            6.0            4.6     19.9   1342.2   1342.2   1342.2 stockLevel
_elapsed___errors__ops/sec(inst)___ops/sec(cum)__p50(ms)__p95(ms)__p99(ms)_pMax(ms)
     53s        0            3.0            4.7     62.9    117.4    117.4    117.4 delivery
     53s        0           38.0           45.4     33.6   4563.4   5905.6   5905.6 newOrder
     53s        0            5.0            4.7      5.2      8.9      8.9      8.9 orderStatus
     53s        0           21.0           43.2     12.1     30.4   2818.6   2818.6 payment
     53s        0            1.0            4.5     12.1     12.1     12.1     12.1 stockLevel
     54s        0            4.0            4.7     48.2     71.3     71.3     71.3 delivery
     54s        0           54.0           45.6     32.5   2550.1   3623.9   6710.9 newOrder
     54s        0            4.0            4.6      5.8      7.9      7.9      7.9 orderStatus
     54s        0           57.0           43.5     15.2   8053.1  21474.8  22548.6 payment
     54s        0            5.0            4.5     14.7     19.9     19.9     19.9 stockLevel
     55s        0           10.0            4.8     88.1    113.2    113.2    113.2 delivery
     55s        0           65.0           45.9     48.2   1006.6   1811.9   2684.4 newOrder
     55s        0            8.0            4.7      5.2     11.0     11.0     11.0 orderStatus
     55s        0           76.0           44.1     25.2   6979.3  31138.5  36507.2 payment
     55s        0            9.0            4.6     27.3     44.0     44.0     44.0 stockLevel
     56s        0            8.0            4.8     75.5    109.1    109.1    109.1 delivery
     56s        0           72.0           46.4     58.7   2080.4   2684.4   4026.5 newOrder
     56s        0            6.0            4.7      8.1     37.7     37.7     37.7 orderStatus
     56s        0           75.0           44.6     27.3    159.4   9663.7  51539.6 payment
     56s        0            6.0            4.6     23.1     83.9     83.9     83.9 stockLevel
_elapsed___errors__ops/sec(inst)___ops/sec(cum)__p50(ms)__p95(ms)__p99(ms)_pMax(ms)
     57s        0            6.0            4.8     58.7     75.5     75.5     75.5 delivery
     57s        0           57.0           46.6     37.7    872.4   1744.8   2550.1 newOrder
     57s        0            7.0            4.8      6.3      9.4      9.4      9.4 orderStatus
     57s        0           65.0           45.0     16.3  11811.2  15569.3  20401.1 payment
     57s        0            7.0            4.7     19.9     44.0     44.0     44.0 stockLevel
     58s        0            3.0            4.8     50.3     88.1     88.1     88.1 delivery
     58s        0           29.0           46.3     33.6    520.1   2818.6   2818.6 newOrder
     58s        0            3.0            4.7      8.1     10.5     10.5     10.5 orderStatus
     58s        0           25.0           44.6     13.1     79.7   4160.7   4160.7 payment
     58s        0            4.0            4.7     12.6     29.4     29.4     29.4 stockLevel
     59s        0            6.0            4.8     65.0    117.4    117.4    117.4 delivery
     59s        0           47.0           46.3     54.5   2147.5   3892.3   3892.3 newOrder
     59s        0            4.0            4.7      7.3     10.5     10.5     10.5 orderStatus
     59s        0           65.0           45.0     28.3   8321.5  11811.2  32212.3 payment
     59s        0            5.0            4.7     48.2     58.7     58.7     58.7 stockLevel
    1m0s        0            9.0            4.9     41.9     54.5     54.5     54.5 delivery
    1m0s        0           69.0           46.7     28.3    100.7    637.5   2013.3 newOrder
    1m0s        0           10.0            4.8      4.7      7.1      7.1      7.1 orderStatus
    1m0s        0           66.0           45.3     13.1  23622.3  30064.8  47244.6 payment
    1m0s        0            5.0            4.7     22.0     22.0     22.0     22.0 stockLevel

_elapsed___errors_____ops(total)___ops/sec(cum)__avg(ms)__p50(ms)__p95(ms)__p99(ms)_pMax(ms)__total
   60.0s        0            294            4.9     89.4     75.5    192.9    318.8    738.2  delivery
   60.0s        0           2800           46.7    303.3     48.2   2080.4   5100.3  10737.4  newOrder
   60.0s        0            289            4.8      8.8      7.1     21.0     37.7     46.1  orderStatus
   60.0s        0           2720           45.3   1038.3     23.1   5637.1  27917.3  51539.6  payment
   60.0s        0            281            4.7     99.3     25.2    385.9   1811.9   3221.2  stockLevel

_elapsed___errors_____ops(total)___ops/sec(cum)__avg(ms)__p50(ms)__p95(ms)__p99(ms)_pMax(ms)__result
   60.0s        0           6384          106.4    584.3     37.7   2013.3  18253.6  51539.6  
Audit check 9.2.1.7: SKIP: not enough delivery transactions to be statistically significant
Audit check 9.2.2.5.1: SKIP: not enough orders to be statistically significant
Audit check 9.2.2.5.2: SKIP: not enough orders to be statistically significant
Audit check 9.2.2.5.3: SKIP: not enough orders to be statistically significant
Audit check 9.2.2.5.4: SKIP: not enough payments to be statistically significant
Audit check 9.2.2.5.5: SKIP: not enough payments to be statistically significant
Audit check 9.2.2.5.6: SKIP: not enough order status transactions to be statistically significant

_elapsed_______tpmC____efc__avg(ms)__p50(ms)__p90(ms)__p95(ms)__p99(ms)_pMax(ms)
   60.0s     2800.0 2177.3%    303.3     48.2    385.9   2080.4   5100.3  10737.4
