Initializing 100 connections...
Initializing 100 workers and preparing statements...
_elapsed___errors__ops/sec(inst)___ops/sec(cum)__p50(ms)__p95(ms)__p99(ms)_pMax(ms)
      1s        0            1.7            3.0     83.9     96.5     96.5     96.5 delivery
      1s        0           29.2           52.0     54.5    100.7    117.4    130.0 newOrder
      1s        0            2.8            5.0      8.4     16.3     16.3     16.3 orderStatus
      1s        0           26.3           47.0     26.2     75.5    121.6    121.6 payment
      1s        0            1.1            2.0     28.3     46.1     46.1     46.1 stockLevel
      2s        0            8.0            5.5    104.9    234.9    234.9    234.9 delivery
      2s        0           78.0           65.0     67.1    184.5    243.3    251.7 newOrder
      2s        0            8.0            6.5      7.6     17.8     17.8     17.8 orderStatus
      2s        0           69.0           58.0     41.9    243.3    318.8    486.5 payment
      2s        0           13.0            7.5     30.4     71.3     83.9     83.9 stockLevel
      3s        0            8.0            6.3    121.6    805.3    805.3    805.3 delivery
      3s        0           71.0           67.0     88.1    335.5    352.3    436.2 newOrder
      3s        0            4.0            5.7     10.0     10.5     10.5     10.5 orderStatus
      3s        0           83.0           66.3     56.6    436.2    453.0    469.8 payment
      3s        0           10.0            8.3     60.8    184.5    184.5    184.5 stockLevel
      4s        0           10.0            7.2    109.1    318.8    318.8    318.8 delivery
      4s        0           79.0           70.0    104.9    402.7    486.5    704.6 newOrder
      4s        0            8.0            6.2     11.0     18.9     18.9     18.9 orderStatus
      4s        0           77.0           69.0    104.9    771.8   1006.6   1476.4 payment
      4s        0            3.0            7.0     39.8     75.5     75.5     75.5 stockLevel
_elapsed___errors__ops/sec(inst)___ops/sec(cum)__p50(ms)__p95(ms)__p99(ms)_pMax(ms)
      5s        0            4.0            6.6    104.9    121.6    121.6    121.6 delivery
      5s        0           85.0           73.0    113.2    704.6   1006.6   1140.9 newOrder
      5s        0            8.0            6.6      8.9     21.0     21.0     21.0 orderStatus
      5s        0           85.0           72.2     88.1    872.4   1208.0   1208.0 payment
      5s        0            6.0            6.8     37.7    486.5    486.5    486.5 stockLevel
      6s        0           10.0            7.2    121.6    226.5    226.5    226.5 delivery
      6s        0           78.0           73.8    159.4    637.5    805.3   1208.0 newOrder
      6s        0            7.0            6.7      9.4     62.9     62.9     62.9 orderStatus
      6s        0           61.0           70.3    285.2   1744.8   2147.5   2281.7 payment
      6s        0           10.0            7.3     41.9    159.4    159.4    159.4 stockLevel
      7s        0           10.0            7.6    109.1    209.7    209.7    209.7 delivery
      7s        0           69.0           73.1    218.1    771.8   1342.2   2281.7 newOrder
      7s        0           13.0            7.6      7.6     13.1     13.6     13.6 orderStatus
      7s        0           66.0           69.7    201.3   1409.3   1811.9   2013.3 payment
      7s        0            9.0            7.6     35.7    159.4    159.4    159.4 stockLevel
      8s        0            8.0            7.6    176.2    453.0    453.0    453.0 delivery
      8s        0           74.9           73.4    218.1   1140.9   1409.3   1610.6 newOrder
      8s        0            6.0            7.4      8.9     27.3     27.3     27.3 orderStatus
      8s        0           62.9           68.9     83.9   1275.1   1879.0   3758.1 payment
      8s        0            7.0            7.5     35.7     92.3     92.3     92.3 stockLevel
_elapsed___errors__ops/sec(inst)___ops/sec(cum)__p50(ms)__p95(ms)__p99(ms)_pMax(ms)
      9s        0            4.0            7.2    151.0    419.4    419.4    419.4 delivery
      9s        0           65.1           72.4    192.9   1140.9   1140.9   1208.0 newOrder
      9s        0            8.0            7.4      6.8     35.7     35.7     35.7 orderStatus
      9s        0           80.1           70.1    201.3   2147.5   3087.0   3355.4 payment
      9s        0            8.0            7.6     41.9    104.9    104.9    104.9 stockLevel
     10s        0            8.0            7.3     92.3    243.3    243.3    243.3 delivery
     10s        0           66.0           71.8    159.4    973.1   1610.6   1677.7 newOrder
     10s        0            7.0            7.4     11.0     19.9     19.9     19.9 orderStatus
     10s        0           63.0           69.4     92.3   2013.3   3221.2   3758.1 payment
     10s        0            7.0            7.5     44.0    167.8    167.8    167.8 stockLevel
_elapsed___errors__ops/sec(inst)___ops/sec(cum)__p50(ms)__p95(ms)__p99(ms)_pMax(ms)
      1s        0            2.0            2.0     92.3    159.4    159.4    159.4 delivery
      1s        0           58.0           58.1     65.0    192.9    520.1    536.9 newOrder
      1s        0            9.0            9.0      6.8     37.7     37.7     37.7 orderStatus
      1s        0           49.0           49.0     52.4    285.2    385.9    385.9 payment
      1s        0            5.0            5.0     30.4     31.5     31.5     31.5 stockLevel
      2s        0            5.0            3.5    109.1    218.1    218.1    218.1 delivery
      2s        0           67.0           62.5    125.8   1006.6   1140.9   1208.0 newOrder
      2s        0            3.0            6.0     15.7    151.0    151.0    151.0 orderStatus
      2s        0           60.0           54.5     56.6   1006.6   1342.2   1342.2 payment
      2s        0            9.0            7.0     37.7    604.0    604.0    604.0 stockLevel
      3s        0            8.0            5.0     92.3    226.5    226.5    226.5 delivery
      3s        0           69.0           64.7    104.9   1342.2   1677.7   1811.9 newOrder
      3s        0           10.0            7.3      8.9    104.9    104.9    104.9 orderStatus
      3s        0           82.0           63.7     56.6   1040.2   2684.4   2684.4 payment
      3s        0            7.0            7.0     27.3    218.1    218.1    218.1 stockLevel
      4s        0            9.0            6.0    100.7    335.5    335.5    335.5 delivery
      4s        0           82.0           69.0     79.7   1409.3   2080.4   2684.4 newOrder
      4s        0            4.0            6.5      6.6      7.6      7.6      7.6 orderStatus
      4s        0           64.0           63.8     46.1   1073.7   2550.1   2684.4 payment
      4s        0            4.0            6.3     24.1    159.4    159.4    159.4 stockLevel
_elapsed___errors__ops/sec(inst)___ops/sec(cum)__p50(ms)__p95(ms)__p99(ms)_pMax(ms)
      5s        0            8.0            6.4     71.3    453.0    453.0    453.0 delivery
      5s        0           67.0           68.6     65.0   1208.0   1610.6   1879.0 newOrder
      5s        0            7.0            6.6      8.1    192.9    192.9    192.9 orderStatus
      5s        0           82.0           67.4     39.8   1543.5   4160.7   4160.7 payment
      5s        0            8.0            6.6     21.0    704.6    704.6    704.6 stockLevel
      6s        0            5.0            6.2     92.3    109.1    109.1    109.1 delivery
      6s        0           82.0           70.8     96.5   1879.0   2550.1   3221.2 newOrder
      6s        0            6.0            6.5      8.4    436.2    436.2    436.2 orderStatus
      6s        0           64.0           66.8     52.4   3489.7   4026.5   4563.4 payment
      6s        0            2.0            5.8     18.9     24.1     24.1     24.1 stockLevel
      7s        0           14.0            7.3     79.7    234.9    604.0    604.0 delivery
      7s        0           87.0           73.2     62.9    503.3   2281.7   2684.4 newOrder
      7s        0            6.0            6.4      5.5    176.2    176.2    176.2 orderStatus
      7s        0           85.0           69.4     52.4    570.4   4160.7   5368.7 payment
      7s        0            7.0            6.0     24.1    285.2    285.2    285.2 stockLevel
      8s        0           10.0            7.6     56.6    352.3    352.3    352.3 delivery
      8s        0           87.0           74.9     48.2   1275.1   4295.0   4831.8 newOrder
      8s        0           11.0            7.0      7.3    268.4    302.0    302.0 orderStatus
      8s        0           77.0           70.4     26.2    318.8    436.2    453.0 payment
      8s        0            6.0            6.0     96.5    302.0    302.0    302.0 stockLevel
_elapsed___errors__ops/sec(inst)___ops/sec(cum)__p50(ms)__p95(ms)__p99(ms)_pMax(ms)
      9s        0            7.0            7.6     79.7    209.7    209.7    209.7 delivery
      9s        0           75.0           74.9     88.1   1476.4   3087.0   3355.4 newOrder
      9s        0            9.0            7.2     96.5    318.8    318.8    318.8 orderStatus
      9s        0           63.0           69.6     50.3   7247.8   8321.5   8321.5 payment
      9s        0            6.0            6.0     92.3    973.1    973.1    973.1 stockLevel
     10s        0            3.0            7.1     60.8     67.1     67.1     67.1 delivery
     10s        0           74.0           74.8     79.7    260.0   1409.3   3489.7 newOrder
     10s        0            5.0            7.0      7.9    104.9    104.9    104.9 orderStatus
     10s        0           86.0           71.2     44.0    285.2    671.1   5637.1 payment
     10s        0            7.0            6.1     24.1     96.5     96.5     96.5 stockLevel
     11s        0            2.0            6.6     52.4     75.5     75.5     75.5 delivery
     11s        0           15.0           69.4     35.7    285.2    486.5    486.5 newOrder
     11s        0            5.0            6.8      5.8      6.6      6.6      6.6 orderStatus
     11s        0            7.0           65.4     18.9    285.2    285.2    285.2 payment
     11s        0            0.0            5.5      0.0      0.0      0.0      0.0 stockLevel
     12s        0            0.0            6.1      0.0      0.0      0.0      0.0 delivery
     12s        0            0.0           63.6      0.0      0.0      0.0      0.0 newOrder
     12s        0            0.0            6.3      0.0      0.0      0.0      0.0 orderStatus
     12s        0            0.0           59.9      0.0      0.0      0.0      0.0 payment
     12s        0            0.0            5.1      0.0      0.0      0.0      0.0 stockLevel
_elapsed___errors__ops/sec(inst)___ops/sec(cum)__p50(ms)__p95(ms)__p99(ms)_pMax(ms)
     13s        0            0.0            5.6      0.0      0.0      0.0      0.0 delivery
     13s        0            0.0           58.7      0.0      0.0      0.0      0.0 newOrder
     13s        0            0.0            5.8      0.0      0.0      0.0      0.0 orderStatus
     13s        0            0.0           55.3      0.0      0.0      0.0      0.0 payment
     13s        0            0.0            4.7      0.0      0.0      0.0      0.0 stockLevel
     14s        0            0.0            5.2      0.0      0.0      0.0      0.0 delivery
     14s        0            2.0           54.6   4160.7   5368.7   5368.7   5368.7 newOrder
     14s        0            0.0            5.4      0.0      0.0      0.0      0.0 orderStatus
     14s        0            2.0           51.5     12.1     13.1     13.1     13.1 payment
     14s        0            0.0            4.4      0.0      0.0      0.0      0.0 stockLevel
     15s        0            8.0            5.4     71.3    302.0    302.0    302.0 delivery
     15s        0           68.0           55.5     75.5   4831.8   6174.0   6174.0 newOrder
     15s        0            9.0            5.6      5.2    436.2    436.2    436.2 orderStatus
     15s        0           96.0           54.5     27.3  12348.0  13421.8  13958.6 payment
     15s        0            7.0            4.5     28.3    285.2    285.2    285.2 stockLevel
     16s        0           12.0            5.8     79.7    117.4    302.0    302.0 delivery
     16s        0           76.0           56.8     65.0    302.0   1476.4   5637.1 newOrder
     16s        0           10.0            5.9      6.3    142.6    142.6    142.6 orderStatus
     16s        0           65.0           55.1     56.6   6979.3  15032.4  15569.3 payment
     16s        0           10.0            4.9     26.2     96.5     96.5     96.5 stockLevel
_elapsed___errors__ops/sec(inst)___ops/sec(cum)__p50(ms)__p95(ms)__p99(ms)_pMax(ms)
     17s        0           10.0            6.1     71.3    192.9    192.9    192.9 delivery
     17s        0           68.0           57.5     56.6   1879.0   2281.7   2415.9 newOrder
     17s        0            4.0            5.8      6.6      7.3      7.3      7.3 orderStatus
     17s        0           72.0           56.1     24.1   8589.9  13421.8  15569.3 payment
     17s        0           11.0            5.2     44.0    838.9   1610.6   1610.6 stockLevel
     18s        0            4.0            5.9     79.7    109.1    109.1    109.1 delivery
     18s        0           82.0           58.8     62.9   1946.2   2952.8   3087.0 newOrder
     18s        0            9.0            5.9      8.1    121.6    121.6    121.6 orderStatus
     18s        0           78.0           57.3     35.7    226.5  12348.0  12884.9 payment
     18s        0            7.0            5.3     31.5   1409.3   1409.3   1409.3 stockLevel
     19s        0            7.0            6.0     83.9    134.2    134.2    134.2 delivery
     19s        0           89.0           60.4     62.9   1275.1   2415.9   9126.8 newOrder
     19s        0           10.0            6.2      7.1     37.7     37.7     37.7 orderStatus
     19s        0           75.0           58.3     39.8    536.9  15032.4  16643.0 payment
     19s        0            8.0            5.5     23.1     37.7     37.7     37.7 stockLevel
     20s        0           12.0            6.3    100.7    209.7    260.0    260.0 delivery
     20s        0           67.0           60.8     75.5    318.8   1610.6   2550.1 newOrder
     20s        0            8.0            6.3     11.0    109.1    109.1    109.1 orderStatus
     20s        0           81.0           59.4     46.1  11274.3  14495.5  17179.9 payment
     20s        0            6.0            5.5     19.9    121.6    121.6    121.6 stockLevel
_elapsed___errors__ops/sec(inst)___ops/sec(cum)__p50(ms)__p95(ms)__p99(ms)_pMax(ms)
     21s        0            7.0            6.3    109.1    302.0    302.0    302.0 delivery
     21s        0           68.0           61.1     54.5    285.2    704.6   4026.5 newOrder
     21s        0            5.0            6.2     11.0    121.6    121.6    121.6 orderStatus
     21s        0           60.0           59.4     32.5    226.5    260.0    285.2 payment
     21s        0            7.0            5.6     65.0    226.5    226.5    226.5 stockLevel
     22s        0           11.0            6.5     75.5    100.7    109.1    109.1 delivery
     22s        0           68.0           61.4     48.2   1879.0   2550.1   3355.4 newOrder
     22s        0            7.0            6.2      7.3     67.1     67.1     67.1 orderStatus
     22s        0           92.0           60.9     27.3  12884.9  19327.4  20401.1 payment
     22s        0            9.0            5.7     23.1    201.3    201.3    201.3 stockLevel
     23s        0            4.0            6.4     52.4     71.3     71.3     71.3 delivery
     23s        0           82.0           62.3     48.2   2415.9   3221.2   5368.7 newOrder
     23s        0            9.0            6.3      7.6     92.3     92.3     92.3 orderStatus
     23s        0           68.0           61.2     23.1  17179.9  19327.4  19327.4 payment
     23s        0            9.0            5.9     50.3    167.8    167.8    167.8 stockLevel
     24s        0            6.0            6.4     71.3    125.8    125.8    125.8 delivery
     24s        0           93.0           63.6     62.9   1409.3   1610.6   3087.0 newOrder
     24s        0            8.0            6.4      5.8     71.3     71.3     71.3 orderStatus
     24s        0           86.0           62.3     37.7   4160.7   6442.5  15569.3 payment
     24s        0           11.0            6.1     23.1     65.0    159.4    159.4 stockLevel
_elapsed___errors__ops/sec(inst)___ops/sec(cum)__p50(ms)__p95(ms)__p99(ms)_pMax(ms)
     25s        0            3.0            6.3     60.8     71.3     71.3     71.3 delivery
     25s        0           16.0           61.7     39.8    335.5    436.2    436.2 newOrder
     25s        0            2.0            6.2      4.2     16.8     16.8     16.8 orderStatus
     25s        0           20.0           60.6     15.7   3489.7   3623.9   3623.9 payment
     25s        0            2.0            5.9     12.6    243.3    243.3    243.3 stockLevel
     26s        0            9.0            6.4     58.7    218.1    218.1    218.1 delivery
     26s        0           77.0           62.3     60.8   1610.6   2818.6   5368.7 newOrder
     26s        0            5.0            6.2      6.3    142.6    142.6    142.6 orderStatus
     26s        0           76.0           61.2     23.1   5368.7  16643.0  20401.1 payment
     26s        0            8.0            6.0     25.2   1543.5   1543.5   1543.5 stockLevel
     27s        0            8.0            6.4     67.1    260.0    260.0    260.0 delivery
     27s        0           54.0           62.0     46.1    318.8    486.5    973.1 newOrder
     27s        0            6.0            6.2      5.0     96.5     96.5     96.5 orderStatus
     27s        0           62.0           61.2     17.8   3758.1  20401.1  24696.1 payment
     27s        0            4.0            5.9     15.2    234.9    234.9    234.9 stockLevel
     28s        0            5.0            6.4     88.1    176.2    176.2    176.2 delivery
     28s        0           85.0           62.8     75.5   2415.9   3087.0   3221.2 newOrder
     28s        0            9.0            6.3      7.1    352.3    352.3    352.3 orderStatus
     28s        0           77.0           61.8     32.5    260.0   3489.7   9663.7 payment
     28s        0            6.0            5.9     24.1    176.2    176.2    176.2 stockLevel
_elapsed___errors__ops/sec(inst)___ops/sec(cum)__p50(ms)__p95(ms)__p99(ms)_pMax(ms)
     29s        0            6.0            6.4     60.8     79.7     79.7     79.7 delivery
     29s        0           57.0           62.6     52.4    318.8    352.3    838.9 newOrder
     29s        0            5.0            6.2     92.3    318.8    318.8    318.8 orderStatus
     29s        0           60.0           61.7     25.2  12348.0  20401.1  25769.8 payment
     29s        0            8.0            6.0     21.0    125.8    125.8    125.8 stockLevel
     30s        0            5.0            6.3     60.8    738.2    738.2    738.2 delivery
     30s        0           33.0           61.6     39.8   2684.4   3355.4   3355.4 newOrder
     30s        0            2.0            6.1      5.5      5.8      5.8      5.8 orderStatus
     30s        0           29.0           60.6     14.7    570.4  10737.4  10737.4 payment
     30s        0            3.0            5.9     29.4    419.4    419.4    419.4 stockLevel
     31s        0            5.0            6.3    226.5    369.1    369.1    369.1 delivery
     31s        0           52.0           61.3     44.0   2281.7   3221.2   4160.7 newOrder
     31s        0            7.0            6.1      5.2    117.4    117.4    117.4 orderStatus
     31s        0           52.0           60.3     24.1   5368.7  15032.4  21474.8 payment
     31s        0            8.0            6.0     21.0    184.5    184.5    184.5 stockLevel
     32s        0            8.0            6.3     71.3    109.1    109.1    109.1 delivery
     32s        0           72.0           61.6     48.2    302.0   3892.3   4563.4 newOrder
     32s        0            9.0            6.2      6.0      8.9      8.9      8.9 orderStatus
     32s        0           67.0           60.5     21.0   4160.7   8053.1  23622.3 payment
     32s        0            7.0            6.0     32.5    369.1    369.1    369.1 stockLevel
_elapsed___errors__ops/sec(inst)___ops/sec(cum)__p50(ms)__p95(ms)__p99(ms)_pMax(ms)
     33s        0            5.0            6.3     62.9    369.1    369.1    369.1 delivery
     33s        0           79.0           62.2     71.3   2080.4   3892.3   3892.3 newOrder
     33s        0            4.0            6.2      5.0      5.8      5.8      5.8 orderStatus
     33s        0           57.0           60.4     24.1   8321.5  10200.5  16643.0 payment
     33s        0            4.0            5.9     16.3     28.3     28.3     28.3 stockLevel
     34s        0            8.0            6.4     58.7    704.6    704.6    704.6 delivery
     34s        0           55.0           61.9     48.2    872.4   1946.2   3758.1 newOrder
     34s        0            6.0            6.1      6.3    570.4    570.4    570.4 orderStatus
     34s        0           58.9           60.4     27.3   9126.8  16106.1  27917.3 payment
     34s        0            8.0            6.0     22.0    503.3    503.3    503.3 stockLevel
     35s        0            7.0            6.4     58.7     67.1     67.1     67.1 delivery
     35s        0           79.1           62.4     54.5   1476.4   2684.4   3623.9 newOrder
     35s        0            6.0            6.1      6.0    285.2    285.2    285.2 orderStatus
     35s        0           68.1           60.6     33.6   1073.7  16106.1  27917.3 payment
     35s        0            9.0            6.1     22.0     58.7     58.7     58.7 stockLevel
     36s        0            6.0            6.4     65.0   1275.1   1275.1   1275.1 delivery
     36s        0           62.0           62.4     37.7    771.8   2080.4   2684.4 newOrder
     36s        0            6.0            6.1      5.8    738.2    738.2    738.2 orderStatus
     36s        0           59.0           60.6     14.7    520.1  19327.4  33286.0 payment
     36s        0            5.0            6.1     13.6    318.8    318.8    318.8 stockLevel
_elapsed___errors__ops/sec(inst)___ops/sec(cum)__p50(ms)__p95(ms)__p99(ms)_pMax(ms)
     37s        0            3.0            6.3    192.9    704.6    704.6    704.6 delivery
     37s        0           28.0           61.5     46.1   2281.7   2684.4   2684.4 newOrder
     37s        0            4.0            6.1      4.7      7.3      7.3      7.3 orderStatus
     37s        0           32.0           59.8     18.9    637.5    872.4    872.4 payment
     37s        0            1.0            5.9    570.4    570.4    570.4    570.4 stockLevel
     38s        0            0.0            6.1      0.0      0.0      0.0      0.0 delivery
     38s        0            1.0           59.9   2952.8   2952.8   2952.8   2952.8 newOrder
     38s        0            0.0            5.9      0.0      0.0      0.0      0.0 orderStatus
     38s        0            0.0           58.2      0.0      0.0      0.0      0.0 payment
     38s        0            0.0            5.8      0.0      0.0      0.0      0.0 stockLevel
     39s        0            2.0            6.0     46.1     56.6     56.6     56.6 delivery
     39s        0           33.0           59.2     50.3   3758.1   4160.7   4160.7 newOrder
     39s        0            1.0            5.8    226.5    226.5    226.5    226.5 orderStatus
     39s        0           31.0           57.5     27.3   4160.7  23622.3  23622.3 payment
     39s        0            4.0            5.7     15.7    134.2    134.2    134.2 stockLevel
     40s        0            4.0            6.0    125.8    369.1    369.1    369.1 delivery
     40s        0           56.0           59.1     52.4   2818.6   5100.3   6979.3 newOrder
     40s        0           10.0            5.9      5.2    402.7    402.7    402.7 orderStatus
     40s        0           39.0           57.1     18.9    453.0   2952.8   2952.8 payment
     40s        0            4.0            5.7     16.3    318.8    318.8    318.8 stockLevel
_elapsed___errors__ops/sec(inst)___ops/sec(cum)__p50(ms)__p95(ms)__p99(ms)_pMax(ms)
     41s        0            3.0            5.9     52.4     79.7     79.7     79.7 delivery
     41s        0           17.0           58.1     35.7     79.7    604.0    604.0 newOrder
     41s        0            0.0            5.8      0.0      0.0      0.0      0.0 orderStatus
     41s        0           22.0           56.2     16.3    637.5    738.2    738.2 payment
     41s        0            3.0            5.6     13.1     52.4     52.4     52.4 stockLevel
     42s        0            0.0            5.7      0.0      0.0      0.0      0.0 delivery
     42s        0            0.0           56.7      0.0      0.0      0.0      0.0 newOrder
     42s        0            0.0            5.6      0.0      0.0      0.0      0.0 orderStatus
     42s        0            0.0           54.9      0.0      0.0      0.0      0.0 payment
     42s        0            0.0            5.5      0.0      0.0      0.0      0.0 stockLevel
     43s        0            0.0            5.6      0.0      0.0      0.0      0.0 delivery
     43s        0            8.0           55.6     39.8   6710.9   6710.9   6710.9 newOrder
     43s        0            0.0            5.5      0.0      0.0      0.0      0.0 orderStatus
     43s        0            5.0           53.7     15.7   2550.1   2550.1   2550.1 payment
     43s        0            1.0            5.4     28.3     28.3     28.3     28.3 stockLevel
     44s        0            5.0            5.6     79.7    104.9    104.9    104.9 delivery
     44s        0           59.0           55.7     50.3   4026.5   4160.7   6442.5 newOrder
     44s        0            5.0            5.5      5.2     19.9     19.9     19.9 orderStatus
     44s        0           50.0           53.6     22.0  21474.8  25769.8  25769.8 payment
     44s        0            6.0            5.4     16.8     22.0     22.0     22.0 stockLevel
_elapsed___errors__ops/sec(inst)___ops/sec(cum)__p50(ms)__p95(ms)__p99(ms)_pMax(ms)
     45s        0            6.0            5.6     92.3    130.0    130.0    130.0 delivery
     45s        0           42.0           55.4     62.9    184.5   9126.8   9126.8 newOrder
     45s        0            7.0            5.5     10.0    159.4    159.4    159.4 orderStatus
     45s        0           65.0           53.9     37.7  26843.5  38654.7  38654.7 payment
     45s        0            7.0            5.4    117.4    142.6    142.6    142.6 stockLevel
     46s        0            5.0            5.6     75.5    192.9    192.9    192.9 delivery
     46s        0           57.0           55.4     41.9     92.3    125.8   6442.5 newOrder
     46s        0            5.0            5.5      5.0      6.8      6.8      6.8 orderStatus
     46s        0           64.0           54.1     18.9    142.6  28991.0  30064.8 payment
     46s        0            7.0            5.5     17.8     46.1     46.1     46.1 stockLevel
     47s        0            6.0            5.6     67.1    100.7    100.7    100.7 delivery
     47s        0           44.0           55.2     46.1   2147.5   6442.5   6442.5 newOrder
     47s        0            6.0            5.5      4.5     54.5     54.5     54.5 orderStatus
     47s        0           47.0           53.9     24.1  16643.0  19327.4  19327.4 payment
     47s        0            3.0            5.4     14.2     22.0     22.0     22.0 stockLevel
     48s        0            8.0            5.6     65.0    218.1    218.1    218.1 delivery
     48s        0           59.0           55.2     48.2   1879.0   2684.4   3087.0 newOrder
     48s        0            5.0            5.5      5.0      8.9      8.9      8.9 orderStatus
     48s        0           71.0           54.3     35.7   4295.0  42949.7  42949.7 payment
     48s        0            7.0            5.4     23.1    234.9    234.9    234.9 stockLevel
_elapsed___errors__ops/sec(inst)___ops/sec(cum)__p50(ms)__p95(ms)__p99(ms)_pMax(ms)
     49s        0            3.0            5.6     83.9    104.9    104.9    104.9 delivery
     49s        0           60.0           55.3     58.7    335.5   1342.2   2952.8 newOrder
     49s        0            7.0            5.5      9.4    109.1    109.1    109.1 orderStatus
     49s        0           62.0           54.5     44.0  24696.1  26843.5  45097.2 payment
     49s        0            7.0            5.5     29.4    771.8    771.8    771.8 stockLevel
     50s        0            9.0            5.7     60.8    226.5    226.5    226.5 delivery
     50s        0           69.0           55.6     46.1    285.2   1342.2   1946.2 newOrder
     50s        0            9.0            5.6      6.0     27.3     27.3     27.3 orderStatus
     50s        0           92.0           55.2     27.3  10737.4  24696.1  36507.2 payment
     50s        0           12.0            5.6     18.9     58.7    318.8    318.8 stockLevel
     51s        0            8.0            5.7     96.5    130.0    130.0    130.0 delivery
     51s        0           81.0           56.1     46.1    176.2   2952.8   4026.5 newOrder
     51s        0            8.0            5.6      5.8     48.2     48.2     48.2 orderStatus
     51s        0           75.0           55.6     28.3    369.1  34359.7  36507.2 payment
     51s        0            5.0            5.6     17.8     41.9     41.9     41.9 stockLevel
     52s        0            8.0            5.8     71.3    142.6    142.6    142.6 delivery
     52s        0           82.0           56.6     46.1    226.5   3758.1   3758.1 newOrder
     52s        0            8.0            5.7      6.3     44.0     44.0     44.0 orderStatus
     52s        0           72.0           55.9     21.0   5368.7  11274.3  45097.2 payment
     52s        0            6.0            5.6     16.8    637.5    637.5    637.5 stockLevel
_elapsed___errors__ops/sec(inst)___ops/sec(cum)__p50(ms)__p95(ms)__p99(ms)_pMax(ms)
     53s        0            7.0            5.8     79.7    142.6    142.6    142.6 delivery
     53s        0           56.0           56.6     54.5   3355.4   5637.1   8589.9 newOrder
     53s        0            3.0            5.6      5.5      8.1      8.1      8.1 orderStatus
     53s        0           49.0           55.8     26.2  22548.6  47244.6  47244.6 payment
     53s        0            7.0            5.6     25.2     83.9     83.9     83.9 stockLevel
     54s        0            5.0            5.8     62.9     88.1     88.1     88.1 delivery
     54s        0           34.0           56.2     35.7    184.5   2818.6   2818.6 newOrder
     54s        0            3.0            5.6      5.2      6.8      6.8      6.8 orderStatus
     54s        0           21.0           55.1     16.3   6174.0  47244.6  47244.6 payment
     54s        0            0.0            5.5      0.0      0.0      0.0      0.0 stockLevel
     55s        0            0.0            5.7      0.0      0.0      0.0      0.0 delivery
     55s        0            7.0           55.3   2550.1   5368.7   5368.7   5368.7 newOrder
     55s        0            1.0            5.5      5.8      5.8      5.8      5.8 orderStatus
     55s        0            1.0           54.1     14.2     14.2     14.2     14.2 payment
     55s        0            0.0            5.4      0.0      0.0      0.0      0.0 stockLevel
     56s        0           12.0            5.8     79.7    260.0    302.0    302.0 delivery
     56s        0           76.9           55.7     67.1   2550.1   3489.7   4026.5 newOrder
     56s        0            8.0            5.6      5.8     12.6     12.6     12.6 orderStatus
     56s        0           90.9           54.8     28.3   7247.8  21474.8  34359.7 payment
     56s        0           12.0            5.5     26.2    104.9    109.1    109.1 stockLevel
_elapsed___errors__ops/sec(inst)___ops/sec(cum)__p50(ms)__p95(ms)__p99(ms)_pMax(ms)
     57s        0            1.0            5.7     52.4     52.4     52.4     52.4 delivery
     57s        0           30.0           55.2     35.7   1543.5   2684.4   2684.4 newOrder
     57s        0            2.0            5.5      3.9      4.5      4.5      4.5 orderStatus
     57s        0           31.0           54.4     18.9   6710.9  24696.1  24696.1 payment
     57s        0            6.0            5.5     16.8     33.6     33.6     33.6 stockLevel
     58s        0            0.0            5.6      0.0      0.0      0.0      0.0 delivery
     58s        0            0.0           54.3      0.0      0.0      0.0      0.0 newOrder
     58s        0            0.0            5.4      0.0      0.0      0.0      0.0 orderStatus
     58s        0            0.0           53.4      0.0      0.0      0.0      0.0 payment
     58s        0            0.0            5.4      0.0      0.0      0.0      0.0 stockLevel
     59s        0            0.0            5.5      0.0      0.0      0.0      0.0 delivery
     59s        0            0.0           53.3      0.0      0.0      0.0      0.0 newOrder
     59s        0            0.0            5.3      0.0      0.0      0.0      0.0 orderStatus
     59s        0            0.0           52.5      0.0      0.0      0.0      0.0 payment
     59s        0            0.0            5.4      0.0      0.0      0.0      0.0 stockLevel
    1m0s        0            7.0            5.5     56.6    209.7    209.7    209.7 delivery
    1m0s        0           45.0           53.2     54.5   3758.1   4160.7   4160.7 newOrder
    1m0s        0            6.0            5.3      5.8      8.4      8.4      8.4 orderStatus
    1m0s        0           51.0           52.5     25.2   2415.9   2952.8   7516.2 payment
    1m0s        0            3.0            5.3     22.0     39.8     39.8     39.8 stockLevel

_elapsed___errors_____ops(total)___ops/sec(cum)__avg(ms)__p50(ms)__p95(ms)__p99(ms)_pMax(ms)__total
   60.0s        0            331            5.5    111.1     79.7    302.0    704.6   1275.1  delivery
   60.0s        0           3192           53.2    302.1     58.7   1946.2   4160.7   9126.8  newOrder
   60.0s        0            319            5.3     39.2      6.6    201.3    520.1    738.2  orderStatus
   60.0s        0           3151           52.5    929.4     31.5   5368.7  22548.6  47244.6  payment
   60.0s        0            319            5.3     91.7     25.2    369.1   1275.1   1610.6  stockLevel

_elapsed___errors_____ops(total)___ops/sec(cum)__avg(ms)__p50(ms)__p95(ms)__p99(ms)_pMax(ms)__result
   60.0s        0           7312          121.9    543.1     48.2   2013.3  14495.5  47244.6  
Audit check 9.2.1.7: SKIP: not enough delivery transactions to be statistically significant
Audit check 9.2.2.5.1: SKIP: not enough orders to be statistically significant
Audit check 9.2.2.5.2: SKIP: not enough orders to be statistically significant
Audit check 9.2.2.5.3: SKIP: not enough orders to be statistically significant
Audit check 9.2.2.5.4: SKIP: not enough payments to be statistically significant
Audit check 9.2.2.5.5: SKIP: not enough payments to be statistically significant
Audit check 9.2.2.5.6: SKIP: not enough order status transactions to be statistically significant

_elapsed_______tpmC____efc__avg(ms)__p50(ms)__p90(ms)__p95(ms)__p99(ms)_pMax(ms)
   60.0s     3192.0 2482.1%    302.1     58.7    604.0   1946.2   4160.7   9126.8
