randw-4K-n1-c1: (g=0): rw=randwrite, bs=(R) 4096B-4096B, (W) 4096B-4096B, (T) 4096B-4096B, ioengine=libaio, iodepth=32
randw-4K-n2-c2: (g=1): rw=randwrite, bs=(R) 4096B-4096B, (W) 4096B-4096B, (T) 4096B-4096B, ioengine=libaio, iodepth=32
...
randw-4K-n4-c4: (g=2): rw=randwrite, bs=(R) 4096B-4096B, (W) 4096B-4096B, (T) 4096B-4096B, ioengine=libaio, iodepth=32
...
randw-4K-n8-c8: (g=3): rw=randwrite, bs=(R) 4096B-4096B, (W) 4096B-4096B, (T) 4096B-4096B, ioengine=libaio, iodepth=32
...
randw-4K-n12-c12: (g=4): rw=randwrite, bs=(R) 4096B-4096B, (W) 4096B-4096B, (T) 4096B-4096B, ioengine=libaio, iodepth=32
...
fio-3.1
Starting 27 processes

randw-4K-n1-c1: (groupid=0, jobs=1): err= 0: pid=1123: Sun Jul 28 09:08:38 2019
  write: IOPS=68.8k, BW=269MiB/s (282MB/s)(31.5GiB/120001msec)
    slat (usec): min=2, max=138, avg= 3.60, stdev= 1.91
    clat (usec): min=232, max=987, avg=458.49, stdev=57.49
     lat (usec): min=235, max=991, avg=462.74, stdev=57.44
    clat percentiles (usec):
     | 10.000th=[  400], 20.000th=[  424], 30.000th=[  433], 40.000th=[  445],
     | 50.000th=[  461], 70.000th=[  486], 90.000th=[  529], 99.000th=[  586],
     | 99.900th=[  652], 99.990th=[  717], 99.999th=[  881]
   bw (  KiB/s): min=207249, max=454950, per=77.70%, avg=213820.35, stdev=23184.34, samples=239
   iops        : min=51812, max=113737, avg=53454.72, stdev=5796.08, samples=239
  lat (usec)   : 250=0.02%, 500=78.97%, 750=21.01%, 1000=0.01%
  cpu          : usr=30.83%, sys=38.53%, ctx=4683622, majf=0, minf=12
  IO depths    : 1=0.1%, 2=0.1%, 4=0.1%, 8=0.1%, 16=0.1%, 32=100.0%, >=64=0.0%
     submit    : 0=0.0%, 4=100.0%, 8=0.0%, 16=0.0%, 32=0.0%, 64=0.0%, >=64=0.0%
     complete  : 0=0.0%, 4=100.0%, 8=0.0%, 16=0.0%, 32=0.1%, 64=0.0%, >=64=0.0%
     issued rwt: total=0,8255580,0, short=0,0,0, dropped=0,0,0
     latency   : target=0, window=0, percentile=100.00%, depth=32
randw-4K-n2-c2: (groupid=1, jobs=2): err= 0: pid=1129: Sun Jul 28 09:08:38 2019
  write: IOPS=110k, BW=429MiB/s (450MB/s)(50.3GiB/120001msec)
    slat (usec): min=2, max=12349, avg= 3.34, stdev= 3.93
    clat (usec): min=82, max=13006, avg=576.35, stdev=63.32
     lat (usec): min=182, max=13010, avg=580.34, stdev=63.47
    clat percentiles (usec):
     | 10.000th=[  515], 20.000th=[  529], 30.000th=[  537], 40.000th=[  562],
     | 50.000th=[  570], 70.000th=[  594], 90.000th=[  644], 99.000th=[  807],
     | 99.900th=[ 1004], 99.990th=[ 1090], 99.999th=[ 1156]
   bw (  KiB/s): min=119801, max=209059, per=43.37%, avg=190478.56, stdev=8696.85, samples=478
   iops        : min=29950, max=52264, avg=47619.27, stdev=2174.20, samples=478
  lat (usec)   : 100=0.01%, 250=0.01%, 500=7.39%, 750=91.29%, 1000=1.22%
  lat (msec)   : 2=0.10%, 4=0.01%, 20=0.01%
  cpu          : usr=27.40%, sys=33.57%, ctx=11460898, majf=0, minf=19
  IO depths    : 1=0.1%, 2=0.1%, 4=0.1%, 8=0.1%, 16=0.1%, 32=100.0%, >=64=0.0%
     submit    : 0=0.0%, 4=100.0%, 8=0.0%, 16=0.0%, 32=0.0%, 64=0.0%, >=64=0.0%
     complete  : 0=0.0%, 4=100.0%, 8=0.0%, 16=0.0%, 32=0.1%, 64=0.0%, >=64=0.0%
     issued rwt: total=0,13177301,0, short=0,0,0, dropped=0,0,0
     latency   : target=0, window=0, percentile=100.00%, depth=32
randw-4K-n4-c4: (groupid=2, jobs=4): err= 0: pid=1135: Sun Jul 28 09:08:38 2019
  write: IOPS=80.8k, BW=316MiB/s (331MB/s)(36.0GiB/120022msec)
    slat (usec): min=2, max=25812, avg= 4.83, stdev=14.76
    clat (usec): min=101, max=30903, avg=1575.38, stdev=832.57
     lat (usec): min=113, max=30908, avg=1581.01, stdev=832.79
    clat percentiles (usec):
     | 10.000th=[  660], 20.000th=[  717], 30.000th=[  832], 40.000th=[  914],
     | 50.000th=[ 1778], 70.000th=[ 2114], 90.000th=[ 2737], 99.000th=[ 2933],
     | 99.900th=[ 3064], 99.990th=[ 4015], 99.999th=[13829]
   bw (  KiB/s): min=43142, max=202195, per=23.93%, avg=77323.95, stdev=46214.36, samples=956
   iops        : min=10785, max=50548, avg=19330.63, stdev=11553.57, samples=956
  lat (usec)   : 250=0.01%, 500=0.03%, 750=23.70%, 1000=23.72%
  lat (msec)   : 2=11.00%, 4=41.54%, 10=0.01%, 20=0.01%, 50=0.01%
  cpu          : usr=12.56%, sys=16.57%, ctx=8062746, majf=0, minf=44
  IO depths    : 1=0.1%, 2=0.1%, 4=0.1%, 8=0.1%, 16=0.1%, 32=100.0%, >=64=0.0%
     submit    : 0=0.0%, 4=100.0%, 8=0.0%, 16=0.0%, 32=0.0%, 64=0.0%, >=64=0.0%
     complete  : 0=0.0%, 4=100.0%, 8=0.0%, 16=0.0%, 32=0.1%, 64=0.0%, >=64=0.0%
     issued rwt: total=0,9697140,0, short=0,0,0, dropped=0,0,0
     latency   : target=0, window=0, percentile=100.00%, depth=32
randw-4K-n8-c8: (groupid=3, jobs=8): err= 0: pid=1142: Sun Jul 28 09:08:38 2019
  write: IOPS=69.9k, BW=273MiB/s (286MB/s)(31.0GiB/120013msec)
    slat (usec): min=2, max=5377, avg= 6.06, stdev= 4.32
    clat (usec): min=231, max=17898, avg=3653.09, stdev=1189.83
     lat (usec): min=235, max=17904, avg=3660.02, stdev=1190.05
    clat percentiles (usec):
     | 10.000th=[ 2638], 20.000th=[ 2704], 30.000th=[ 2769], 40.000th=[ 2868],
     | 50.000th=[ 3949], 70.000th=[ 4178], 90.000th=[ 5538], 99.000th=[ 5735],
     | 99.900th=[ 5932], 99.990th=[ 6128], 99.999th=[12911]
   bw (  KiB/s): min=15601, max=126087, per=8.55%, avg=23892.91, stdev=9067.66, samples=1912
   iops        : min= 3900, max=31521, avg=5972.87, stdev=2266.92, samples=1912
  lat (usec)   : 250=0.01%, 500=0.01%, 750=0.01%, 1000=0.27%
  lat (msec)   : 2=5.78%, 4=46.45%, 10=47.49%, 20=0.01%
  cpu          : usr=6.95%, sys=9.58%, ctx=8027476, majf=0, minf=92
  IO depths    : 1=0.1%, 2=0.1%, 4=0.1%, 8=0.1%, 16=0.1%, 32=100.0%, >=64=0.0%
     submit    : 0=0.0%, 4=100.0%, 8=0.0%, 16=0.0%, 32=0.0%, 64=0.0%, >=64=0.0%
     complete  : 0=0.0%, 4=100.0%, 8=0.0%, 16=0.0%, 32=0.1%, 64=0.0%, >=64=0.0%
     issued rwt: total=0,8385027,0, short=0,0,0, dropped=0,0,0
     latency   : target=0, window=0, percentile=100.00%, depth=32
randw-4K-n12-c12: (groupid=4, jobs=12): err= 0: pid=1153: Sun Jul 28 09:08:38 2019
  write: IOPS=69.7k, BW=272MiB/s (285MB/s)(31.9GiB/120008msec)
    slat (usec): min=2, max=3790, avg= 6.57, stdev= 4.56
    clat (usec): min=271, max=15207, avg=5499.41, stdev=2153.71
     lat (usec): min=284, max=15212, avg=5506.87, stdev=2153.84
    clat percentiles (usec):
     | 10.000th=[ 2704], 20.000th=[ 2802], 30.000th=[ 3949], 40.000th=[ 5407],
     | 50.000th=[ 5538], 70.000th=[ 6980], 90.000th=[ 8356], 99.000th=[ 8586],
     | 99.900th=[ 8848], 99.990th=[ 8979], 99.999th=[11994]
   bw (  KiB/s): min=15172, max=53002, per=8.35%, avg=23260.99, stdev=10383.72, samples=2880
   iops        : min= 3793, max=13250, avg=5815.11, stdev=2595.99, samples=2880
  lat (usec)   : 500=0.01%, 750=0.01%, 1000=0.01%
  lat (msec)   : 2=0.01%, 4=30.29%, 10=69.71%, 20=0.01%
  cpu          : usr=4.72%, sys=6.70%, ctx=7591639, majf=0, minf=129
  IO depths    : 1=0.1%, 2=0.1%, 4=0.1%, 8=0.1%, 16=0.1%, 32=100.0%, >=64=0.0%
     submit    : 0=0.0%, 4=100.0%, 8=0.0%, 16=0.0%, 32=0.0%, 64=0.0%, >=64=0.0%
     complete  : 0=0.0%, 4=100.0%, 8=0.0%, 16=0.0%, 32=0.1%, 64=0.0%, >=64=0.0%
     issued rwt: total=0,8361864,0, short=0,0,0, dropped=0,0,0
     latency   : target=0, window=0, percentile=100.00%, depth=32

Run status group 0 (all jobs):
  WRITE: bw=269MiB/s (282MB/s), 269MiB/s-269MiB/s (282MB/s-282MB/s), io=31.5GiB (33.8GB), run=120001-120001msec

Run status group 1 (all jobs):
  WRITE: bw=429MiB/s (450MB/s), 429MiB/s-429MiB/s (450MB/s-450MB/s), io=50.3GiB (53.0GB), run=120001-120001msec

Run status group 2 (all jobs):
  WRITE: bw=316MiB/s (331MB/s), 316MiB/s-316MiB/s (331MB/s-331MB/s), io=36.0GiB (39.7GB), run=120022-120022msec

Run status group 3 (all jobs):
  WRITE: bw=273MiB/s (286MB/s), 273MiB/s-273MiB/s (286MB/s-286MB/s), io=31.0GiB (34.3GB), run=120013-120013msec

Run status group 4 (all jobs):
  WRITE: bw=272MiB/s (285MB/s), 272MiB/s-272MiB/s (285MB/s-285MB/s), io=31.9GiB (34.2GB), run=120008-120008msec

Disk stats (read/write):
  nvme0n1: ios=408/47862425, merge=0/0, ticks=24/102374840, in_queue=104534144, util=100.00%
