randw-4K-n1-c1: (g=0): rw=randwrite, bs=(R) 4096B-4096B, (W) 4096B-4096B, (T) 4096B-4096B, ioengine=libaio, iodepth=32
randw-4K-n2-c2: (g=1): rw=randwrite, bs=(R) 4096B-4096B, (W) 4096B-4096B, (T) 4096B-4096B, ioengine=libaio, iodepth=32
...
randw-4K-n4-c4: (g=2): rw=randwrite, bs=(R) 4096B-4096B, (W) 4096B-4096B, (T) 4096B-4096B, ioengine=libaio, iodepth=32
...
randw-4K-n8-c8: (g=3): rw=randwrite, bs=(R) 4096B-4096B, (W) 4096B-4096B, (T) 4096B-4096B, ioengine=libaio, iodepth=32
...
randw-4K-n12-c12: (g=4): rw=randwrite, bs=(R) 4096B-4096B, (W) 4096B-4096B, (T) 4096B-4096B, ioengine=libaio, iodepth=32
...
fio-3.1
Starting 27 processes

randw-4K-n1-c1: (groupid=0, jobs=1): err= 0: pid=1153: Sun Jul 28 09:08:41 2019
  write: IOPS=67.9k, BW=265MiB/s (278MB/s)(31.1GiB/120001msec)
    slat (usec): min=2, max=174, avg= 3.53, stdev= 2.12
    clat (usec): min=248, max=4014, avg=464.94, stdev=47.64
     lat (usec): min=251, max=4017, avg=469.09, stdev=47.53
    clat percentiles (usec):
     | 10.000th=[  400], 20.000th=[  429], 30.000th=[  437], 40.000th=[  453],
     | 50.000th=[  465], 70.000th=[  490], 90.000th=[  529], 99.000th=[  586],
     | 99.900th=[  644], 99.990th=[  701], 99.999th=[  873]
   bw (  KiB/s): min=207788, max=269298, per=77.73%, avg=211119.69, stdev=4581.47, samples=239
   iops        : min=51947, max=67324, avg=52779.53, stdev=1145.37, samples=239
  lat (usec)   : 250=0.01%, 500=78.01%, 750=21.98%, 1000=0.01%
  lat (msec)   : 2=0.01%, 4=0.01%, 10=0.01%
  cpu          : usr=28.66%, sys=38.44%, ctx=4969617, majf=0, minf=12
  IO depths    : 1=0.1%, 2=0.1%, 4=0.1%, 8=0.1%, 16=0.1%, 32=100.0%, >=64=0.0%
     submit    : 0=0.0%, 4=100.0%, 8=0.0%, 16=0.0%, 32=0.0%, 64=0.0%, >=64=0.0%
     complete  : 0=0.0%, 4=100.0%, 8=0.0%, 16=0.0%, 32=0.1%, 64=0.0%, >=64=0.0%
     issued rwt: total=0,8148443,0, short=0,0,0, dropped=0,0,0
     latency   : target=0, window=0, percentile=100.00%, depth=32
randw-4K-n2-c2: (groupid=1, jobs=2): err= 0: pid=1159: Sun Jul 28 09:08:41 2019
  write: IOPS=55.5k, BW=217MiB/s (227MB/s)(25.4GiB/120003msec)
    slat (usec): min=2, max=15339, avg= 4.12, stdev= 7.20
    clat (usec): min=84, max=16233, avg=1145.68, stdev=94.76
     lat (usec): min=208, max=16237, avg=1150.53, stdev=94.75
    clat percentiles (usec):
     | 10.000th=[ 1057], 20.000th=[ 1090], 30.000th=[ 1106], 40.000th=[ 1123],
     | 50.000th=[ 1139], 70.000th=[ 1188], 90.000th=[ 1237], 99.000th=[ 1319],
     | 99.900th=[ 1401], 99.990th=[ 1467], 99.999th=[13435]
   bw (  KiB/s): min=84730, max=111326, per=39.15%, avg=86931.98, stdev=3081.07, samples=478
   iops        : min=21182, max=27831, avg=21732.62, stdev=770.27, samples=478
  lat (usec)   : 100=0.01%, 250=0.01%, 500=0.01%, 750=0.06%, 1000=2.46%
  lat (msec)   : 2=97.48%, 4=0.01%, 20=0.01%
  cpu          : usr=13.12%, sys=19.49%, ctx=5760439, majf=0, minf=19
  IO depths    : 1=0.1%, 2=0.1%, 4=0.1%, 8=0.1%, 16=0.1%, 32=100.0%, >=64=0.0%
     submit    : 0=0.0%, 4=100.0%, 8=0.0%, 16=0.0%, 32=0.0%, 64=0.0%, >=64=0.0%
     complete  : 0=0.0%, 4=100.0%, 8=0.0%, 16=0.0%, 32=0.1%, 64=0.0%, >=64=0.0%
     issued rwt: total=0,6660849,0, short=0,0,0, dropped=0,0,0
     latency   : target=0, window=0, percentile=100.00%, depth=32
randw-4K-n4-c4: (groupid=2, jobs=4): err= 0: pid=1164: Sun Jul 28 09:08:41 2019
  write: IOPS=61.0k, BW=238MiB/s (250MB/s)(27.9GiB/120018msec)
    slat (usec): min=2, max=19009, avg= 3.68, stdev=12.31
    clat (usec): min=55, max=27028, avg=2090.79, stdev=879.74
     lat (usec): min=67, max=27034, avg=2095.14, stdev=880.06
    clat percentiles (usec):
     | 10.000th=[  857], 20.000th=[  906], 30.000th=[  988], 40.000th=[ 2474],
     | 50.000th=[ 2638], 70.000th=[ 2737], 90.000th=[ 2868], 99.000th=[ 3064],
     | 99.900th=[ 3621], 99.990th=[ 3949], 99.999th=[23987]
   bw (  KiB/s): min=33504, max=153171, per=22.62%, avg=55197.51, stdev=30018.82, samples=956
   iops        : min= 8376, max=38292, avg=13799.01, stdev=7504.72, samples=956
  lat (usec)   : 100=0.01%, 250=0.01%, 500=0.01%, 750=2.19%, 1000=28.70%
  lat (msec)   : 2=3.19%, 4=65.92%, 10=0.01%, 20=0.01%, 50=0.01%
  cpu          : usr=8.11%, sys=10.87%, ctx=7168191, majf=0, minf=45
  IO depths    : 1=0.1%, 2=0.1%, 4=0.1%, 8=0.1%, 16=0.1%, 32=100.0%, >=64=0.0%
     submit    : 0=0.0%, 4=100.0%, 8=0.0%, 16=0.0%, 32=0.0%, 64=0.0%, >=64=0.0%
     complete  : 0=0.0%, 4=100.0%, 8=0.0%, 16=0.0%, 32=0.1%, 64=0.0%, >=64=0.0%
     issued rwt: total=0,7323153,0, short=0,0,0, dropped=0,0,0
     latency   : target=0, window=0, percentile=100.00%, depth=32
randw-4K-n8-c8: (groupid=3, jobs=8): err= 0: pid=1171: Sun Jul 28 09:08:41 2019
  write: IOPS=69.5k, BW=272MiB/s (285MB/s)(31.8GiB/120008msec)
    slat (usec): min=2, max=1543, avg= 5.44, stdev= 4.00
    clat (usec): min=198, max=13044, avg=3671.26, stdev=1538.62
     lat (usec): min=206, max=13052, avg=3677.56, stdev=1538.73
    clat percentiles (usec):
     | 10.000th=[ 1516], 20.000th=[ 2671], 30.000th=[ 2737], 40.000th=[ 2769],
     | 50.000th=[ 2835], 70.000th=[ 5342], 90.000th=[ 5604], 99.000th=[ 6980],
     | 99.900th=[ 7242], 99.990th=[ 7373], 99.999th=[ 9110]
   bw (  KiB/s): min=12616, max=92603, per=8.64%, avg=24024.20, stdev=11187.64, samples=1912
   iops        : min= 3154, max=23150, avg=6005.68, stdev=2796.91, samples=1912
  lat (usec)   : 250=0.01%, 500=0.01%, 750=0.01%, 1000=0.01%
  lat (msec)   : 2=10.41%, 4=50.00%, 10=39.59%, 20=0.01%
  cpu          : usr=6.17%, sys=8.57%, ctx=7861971, majf=0, minf=90
  IO depths    : 1=0.1%, 2=0.1%, 4=0.1%, 8=0.1%, 16=0.1%, 32=100.0%, >=64=0.0%
     submit    : 0=0.0%, 4=100.0%, 8=0.0%, 16=0.0%, 32=0.0%, 64=0.0%, >=64=0.0%
     complete  : 0=0.0%, 4=100.0%, 8=0.0%, 16=0.0%, 32=0.1%, 64=0.0%, >=64=0.0%
     issued rwt: total=0,8346012,0, short=0,0,0, dropped=0,0,0
     latency   : target=0, window=0, percentile=100.00%, depth=32
randw-4K-n12-c12: (groupid=4, jobs=12): err= 0: pid=1182: Sun Jul 28 09:08:41 2019
  write: IOPS=72.8k, BW=284MiB/s (298MB/s)(33.3GiB/120038msec)
    slat (usec): min=2, max=39353, avg= 7.18, stdev=14.45
    clat (usec): min=18, max=39773, avg=5260.51, stdev=1381.97
     lat (usec): min=300, max=39777, avg=5268.75, stdev=1382.38
    clat percentiles (usec):
     | 10.000th=[ 4015], 20.000th=[ 4146], 30.000th=[ 4424], 40.000th=[ 5407],
     | 50.000th=[ 5473], 70.000th=[ 5669], 90.000th=[ 6915], 99.000th=[ 8225],
     | 99.900th=[ 8586], 99.990th=[ 8848], 99.999th=[15795]
   bw (  KiB/s): min=15312, max=157571, per=8.33%, avg=24256.96, stdev=10213.06, samples=2879
   iops        : min= 3828, max=39392, avg=6064.08, stdev=2553.25, samples=2879
  lat (usec)   : 20=0.01%, 500=0.01%, 750=1.87%, 1000=0.37%
  lat (msec)   : 2=1.54%, 4=6.21%, 10=90.02%, 20=0.01%, 50=0.01%
  cpu          : usr=5.36%, sys=7.39%, ctx=6907421, majf=0, minf=129
  IO depths    : 1=0.1%, 2=0.1%, 4=0.1%, 8=0.1%, 16=0.1%, 32=100.0%, >=64=0.0%
     submit    : 0=0.0%, 4=100.0%, 8=0.0%, 16=0.0%, 32=0.0%, 64=0.0%, >=64=0.0%
     complete  : 0=0.0%, 4=100.0%, 8=0.0%, 16=0.0%, 32=0.1%, 64=0.0%, >=64=0.0%
     issued rwt: total=0,8738881,0, short=0,0,0, dropped=0,0,0
     latency   : target=0, window=0, percentile=100.00%, depth=32

Run status group 0 (all jobs):
  WRITE: bw=265MiB/s (278MB/s), 265MiB/s-265MiB/s (278MB/s-278MB/s), io=31.1GiB (33.4GB), run=120001-120001msec

Run status group 1 (all jobs):
  WRITE: bw=217MiB/s (227MB/s), 217MiB/s-217MiB/s (227MB/s-227MB/s), io=25.4GiB (27.3GB), run=120003-120003msec

Run status group 2 (all jobs):
  WRITE: bw=238MiB/s (250MB/s), 238MiB/s-238MiB/s (250MB/s-250MB/s), io=27.9GiB (29.0GB), run=120018-120018msec

Run status group 3 (all jobs):
  WRITE: bw=272MiB/s (285MB/s), 272MiB/s-272MiB/s (285MB/s-285MB/s), io=31.8GiB (34.2GB), run=120008-120008msec

Run status group 4 (all jobs):
  WRITE: bw=284MiB/s (298MB/s), 284MiB/s-284MiB/s (298MB/s-298MB/s), io=33.3GiB (35.8GB), run=120038-120038msec

Disk stats (read/write):
  nvme0n1: ios=390/39168988, merge=0/0, ticks=60/102592364, in_queue=103823988, util=100.00%
