randw-4K-n1-c1: (g=0): rw=randwrite, bs=(R) 4096B-4096B, (W) 4096B-4096B, (T) 4096B-4096B, ioengine=libaio, iodepth=32
randw-4K-n2-c2: (g=1): rw=randwrite, bs=(R) 4096B-4096B, (W) 4096B-4096B, (T) 4096B-4096B, ioengine=libaio, iodepth=32
...
randw-4K-n4-c4: (g=2): rw=randwrite, bs=(R) 4096B-4096B, (W) 4096B-4096B, (T) 4096B-4096B, ioengine=libaio, iodepth=32
...
randw-4K-n8-c8: (g=3): rw=randwrite, bs=(R) 4096B-4096B, (W) 4096B-4096B, (T) 4096B-4096B, ioengine=libaio, iodepth=32
...
randw-4K-n12-c12: (g=4): rw=randwrite, bs=(R) 4096B-4096B, (W) 4096B-4096B, (T) 4096B-4096B, ioengine=libaio, iodepth=32
...
fio-3.1
Starting 27 processes

randw-4K-n1-c1: (groupid=0, jobs=1): err= 0: pid=1122: Sun Jul 28 09:08:41 2019
  write: IOPS=67.0k, BW=266MiB/s (278MB/s)(31.1GiB/120001msec)
    slat (usec): min=2, max=168, avg= 3.60, stdev= 2.10
    clat (usec): min=220, max=1007, avg=464.38, stdev=47.33
     lat (usec): min=225, max=1011, avg=468.61, stdev=47.24
    clat percentiles (usec):
     | 10.000th=[  400], 20.000th=[  429], 30.000th=[  433], 40.000th=[  449],
     | 50.000th=[  461], 70.000th=[  490], 90.000th=[  529], 99.000th=[  586],
     | 99.900th=[  644], 99.990th=[  709], 99.999th=[  873]
   bw (  KiB/s): min=208477, max=318826, per=77.64%, avg=211107.64, stdev=7461.00, samples=239
   iops        : min=52119, max=79706, avg=52776.50, stdev=1865.22, samples=239
  lat (usec)   : 250=0.01%, 500=78.29%, 750=21.70%, 1000=0.01%
  lat (msec)   : 2=0.01%
  cpu          : usr=29.03%, sys=38.71%, ctx=4889553, majf=0, minf=9
  IO depths    : 1=0.1%, 2=0.1%, 4=0.1%, 8=0.1%, 16=0.1%, 32=100.0%, >=64=0.0%
     submit    : 0=0.0%, 4=100.0%, 8=0.0%, 16=0.0%, 32=0.0%, 64=0.0%, >=64=0.0%
     complete  : 0=0.0%, 4=100.0%, 8=0.0%, 16=0.0%, 32=0.1%, 64=0.0%, >=64=0.0%
     issued rwt: total=0,8156761,0, short=0,0,0, dropped=0,0,0
     latency   : target=0, window=0, percentile=100.00%, depth=32
randw-4K-n2-c2: (groupid=1, jobs=2): err= 0: pid=1128: Sun Jul 28 09:08:41 2019
  write: IOPS=111k, BW=433MiB/s (454MB/s)(50.8GiB/120014msec)
    slat (usec): min=2, max=21133, avg= 3.27, stdev= 6.02
    clat (usec): min=117, max=22323, avg=570.71, stdev=60.44
     lat (usec): min=239, max=22329, avg=574.63, stdev=60.66
    clat percentiles (usec):
     | 10.000th=[  502], 20.000th=[  529], 30.000th=[  537], 40.000th=[  562],
     | 50.000th=[  570], 70.000th=[  594], 90.000th=[  635], 99.000th=[  701],
     | 99.900th=[  750], 99.990th=[  791], 99.999th=[  848]
   bw (  KiB/s): min=170015, max=238581, per=39.18%, avg=173896.76, stdev=6209.95, samples=478
   iops        : min=42503, max=59645, avg=43473.82, stdev=1552.49, samples=478
  lat (usec)   : 250=0.01%, 500=8.60%, 750=91.29%, 1000=0.11%
  lat (msec)   : 2=0.01%, 50=0.01%
  cpu          : usr=25.85%, sys=34.14%, ctx=12251396, majf=0, minf=13
  IO depths    : 1=0.1%, 2=0.1%, 4=0.1%, 8=0.1%, 16=0.1%, 32=100.0%, >=64=0.0%
     submit    : 0=0.0%, 4=100.0%, 8=0.0%, 16=0.0%, 32=0.0%, 64=0.0%, >=64=0.0%
     complete  : 0=0.0%, 4=100.0%, 8=0.0%, 16=0.0%, 32=0.1%, 64=0.0%, >=64=0.0%
     issued rwt: total=0,13315405,0, short=0,0,0, dropped=0,0,0
     latency   : target=0, window=0, percentile=100.00%, depth=32
randw-4K-n4-c4: (groupid=2, jobs=4): err= 0: pid=1133: Sun Jul 28 09:08:41 2019
  write: IOPS=80.8k, BW=316MiB/s (331MB/s)(36.0GiB/120006msec)
    slat (usec): min=2, max=12348, avg= 3.66, stdev= 6.24
    clat (usec): min=139, max=16339, avg=1577.64, stdev=839.40
     lat (usec): min=189, max=16344, avg=1581.98, stdev=839.76
    clat percentiles (usec):
     | 10.000th=[  660], 20.000th=[  717], 30.000th=[  832], 40.000th=[  914],
     | 50.000th=[ 1319], 70.000th=[ 2147], 90.000th=[ 2769], 99.000th=[ 2966],
     | 99.900th=[ 3556], 99.990th=[ 3785], 99.999th=[10683]
   bw (  KiB/s): min=34816, max=224380, per=22.73%, avg=73451.73, stdev=45068.20, samples=956
   iops        : min= 8704, max=56095, avg=18362.58, stdev=11267.05, samples=956
  lat (usec)   : 250=0.01%, 500=0.05%, 750=23.60%, 1000=24.14%
  lat (msec)   : 2=10.30%, 4=41.91%, 10=0.01%, 20=0.01%
  cpu          : usr=10.52%, sys=14.27%, ctx=9469598, majf=0, minf=31
  IO depths    : 1=0.1%, 2=0.1%, 4=0.1%, 8=0.1%, 16=0.1%, 32=100.0%, >=64=0.0%
     submit    : 0=0.0%, 4=100.0%, 8=0.0%, 16=0.0%, 32=0.0%, 64=0.0%, >=64=0.0%
     complete  : 0=0.0%, 4=100.0%, 8=0.0%, 16=0.0%, 32=0.1%, 64=0.0%, >=64=0.0%
     issued rwt: total=0,9694796,0, short=0,0,0, dropped=0,0,0
     latency   : target=0, window=0, percentile=100.00%, depth=32
randw-4K-n8-c8: (groupid=3, jobs=8): err= 0: pid=1140: Sun Jul 28 09:08:41 2019
  write: IOPS=69.6k, BW=272MiB/s (285MB/s)(31.8GiB/120016msec)
    slat (usec): min=2, max=15261, avg= 5.09, stdev= 6.87
    clat (usec): min=140, max=28147, avg=3671.30, stdev=1857.64
     lat (usec): min=240, max=28159, avg=3677.23, stdev=1859.38
    clat percentiles (usec):
     | 10.000th=[ 1385], 20.000th=[ 2606], 30.000th=[ 2704], 40.000th=[ 2769],
     | 50.000th=[ 2802], 70.000th=[ 4490], 90.000th=[ 6849], 99.000th=[ 7177],
     | 99.900th=[ 7308], 99.990th=[ 7570], 99.999th=[12518]
   bw (  KiB/s): min=12753, max=73426, per=8.75%, avg=24343.04, stdev=13314.01, samples=1912
   iops        : min= 3188, max=18356, avg=6085.38, stdev=3328.51, samples=1912
  lat (usec)   : 250=0.01%, 500=0.01%, 750=0.01%, 1000=0.01%
  lat (msec)   : 2=16.42%, 4=47.69%, 10=35.88%, 20=0.01%, 50=0.01%
  cpu          : usr=5.86%, sys=8.08%, ctx=7834659, majf=0, minf=62
  IO depths    : 1=0.1%, 2=0.1%, 4=0.1%, 8=0.1%, 16=0.1%, 32=100.0%, >=64=0.0%
     submit    : 0=0.0%, 4=100.0%, 8=0.0%, 16=0.0%, 32=0.0%, 64=0.0%, >=64=0.0%
     complete  : 0=0.0%, 4=100.0%, 8=0.0%, 16=0.0%, 32=0.1%, 64=0.0%, >=64=0.0%
     issued rwt: total=0,8347206,0, short=0,0,0, dropped=0,0,0
     latency   : target=0, window=0, percentile=100.00%, depth=32
randw-4K-n12-c12: (groupid=4, jobs=12): err= 0: pid=1151: Sun Jul 28 09:08:41 2019
  write: IOPS=70.9k, BW=277MiB/s (291MB/s)(32.5GiB/120004msec)
    slat (usec): min=2, max=9534, avg= 7.22, stdev= 6.12
    clat (usec): min=311, max=16039, avg=5399.49, stdev=1391.55
     lat (usec): min=329, max=16064, avg=5407.77, stdev=1391.71
    clat percentiles (usec):
     | 10.000th=[ 3326], 20.000th=[ 4178], 30.000th=[ 5342], 40.000th=[ 5407],
     | 50.000th=[ 5473], 70.000th=[ 5669], 90.000th=[ 7046], 99.000th=[ 8455],
     | 99.900th=[ 8717], 99.990th=[ 8848], 99.999th=[10814]
   bw (  KiB/s): min=15360, max=82148, per=8.35%, avg=23704.55, stdev=7148.34, samples=2880
   iops        : min= 3840, max=20537, avg=5925.84, stdev=1787.07, samples=2880
  lat (usec)   : 500=0.01%, 750=0.01%, 1000=0.01%
  lat (msec)   : 2=0.75%, 4=12.00%, 10=87.25%, 20=0.01%
  cpu          : usr=5.22%, sys=7.29%, ctx=6889635, majf=0, minf=100
  IO depths    : 1=0.1%, 2=0.1%, 4=0.1%, 8=0.1%, 16=0.1%, 32=100.0%, >=64=0.0%
     submit    : 0=0.0%, 4=100.0%, 8=0.0%, 16=0.0%, 32=0.0%, 64=0.0%, >=64=0.0%
     complete  : 0=0.0%, 4=100.0%, 8=0.0%, 16=0.0%, 32=0.1%, 64=0.0%, >=64=0.0%
     issued rwt: total=0,8514313,0, short=0,0,0, dropped=0,0,0
     latency   : target=0, window=0, percentile=100.00%, depth=32

Run status group 0 (all jobs):
  WRITE: bw=266MiB/s (278MB/s), 266MiB/s-266MiB/s (278MB/s-278MB/s), io=31.1GiB (33.4GB), run=120001-120001msec

Run status group 1 (all jobs):
  WRITE: bw=433MiB/s (454MB/s), 433MiB/s-433MiB/s (454MB/s-454MB/s), io=50.8GiB (54.5GB), run=120014-120014msec

Run status group 2 (all jobs):
  WRITE: bw=316MiB/s (331MB/s), 316MiB/s-316MiB/s (331MB/s-331MB/s), io=36.0GiB (39.7GB), run=120006-120006msec

Run status group 3 (all jobs):
  WRITE: bw=272MiB/s (285MB/s), 272MiB/s-272MiB/s (285MB/s-285MB/s), io=31.8GiB (34.2GB), run=120016-120016msec

Run status group 4 (all jobs):
  WRITE: bw=277MiB/s (291MB/s), 277MiB/s-277MiB/s (291MB/s-291MB/s), io=32.5GiB (34.9GB), run=120004-120004msec

Disk stats (read/write):
  nvme0n1: ios=408/48009093, merge=0/0, ticks=32/102479108, in_queue=102906360, util=100.00%
