randw-4K-n1-c1: (g=0): rw=randwrite, bs=(R) 4096B-4096B, (W) 4096B-4096B, (T) 4096B-4096B, ioengine=libaio, iodepth=32
randw-4K-n2-c2: (g=1): rw=randwrite, bs=(R) 4096B-4096B, (W) 4096B-4096B, (T) 4096B-4096B, ioengine=libaio, iodepth=32
...
randw-4K-n4-c4: (g=2): rw=randwrite, bs=(R) 4096B-4096B, (W) 4096B-4096B, (T) 4096B-4096B, ioengine=libaio, iodepth=32
...
randw-4K-n8-c8: (g=3): rw=randwrite, bs=(R) 4096B-4096B, (W) 4096B-4096B, (T) 4096B-4096B, ioengine=libaio, iodepth=32
...
randw-4K-n12-c12: (g=4): rw=randwrite, bs=(R) 4096B-4096B, (W) 4096B-4096B, (T) 4096B-4096B, ioengine=libaio, iodepth=32
...
fio-3.1
Starting 27 processes

randw-4K-n1-c1: (groupid=0, jobs=1): err= 0: pid=1128: Sun Jul 28 09:08:39 2019
  write: IOPS=68.5k, BW=268MiB/s (280MB/s)(31.3GiB/120001msec)
    slat (nsec): min=2338, max=90381, avg=3375.71, stdev=2018.66
    clat (usec): min=210, max=958, avg=461.18, stdev=53.64
     lat (usec): min=215, max=961, avg=465.18, stdev=53.55
    clat percentiles (usec):
     | 10.000th=[  400], 20.000th=[  429], 30.000th=[  433], 40.000th=[  449],
     | 50.000th=[  461], 70.000th=[  490], 90.000th=[  529], 99.000th=[  586],
     | 99.900th=[  644], 99.990th=[  685], 99.999th=[  725]
   bw (  KiB/s): min=208458, max=470573, per=77.63%, avg=212635.65, stdev=19900.86, samples=239
   iops        : min=52114, max=117643, avg=53158.55, stdev=4975.21, samples=239
  lat (usec)   : 250=0.45%, 500=77.98%, 750=21.57%, 1000=0.01%
  cpu          : usr=28.96%, sys=37.40%, ctx=5230464, majf=0, minf=11
  IO depths    : 1=0.1%, 2=0.1%, 4=0.1%, 8=0.1%, 16=0.1%, 32=100.0%, >=64=0.0%
     submit    : 0=0.0%, 4=100.0%, 8=0.0%, 16=0.0%, 32=0.0%, 64=0.0%, >=64=0.0%
     complete  : 0=0.0%, 4=100.0%, 8=0.0%, 16=0.0%, 32=0.1%, 64=0.0%, >=64=0.0%
     issued rwt: total=0,8217676,0, short=0,0,0, dropped=0,0,0
     latency   : target=0, window=0, percentile=100.00%, depth=32
randw-4K-n2-c2: (groupid=1, jobs=2): err= 0: pid=1134: Sun Jul 28 09:08:39 2019
  write: IOPS=55.6k, BW=217MiB/s (228MB/s)(25.4GiB/120003msec)
    slat (usec): min=2, max=12931, avg= 3.79, stdev= 7.38
    clat (usec): min=102, max=15992, avg=1145.05, stdev=95.86
     lat (usec): min=202, max=15999, avg=1149.54, stdev=95.94
    clat percentiles (usec):
     | 10.000th=[ 1057], 20.000th=[ 1090], 30.000th=[ 1106], 40.000th=[ 1123],
     | 50.000th=[ 1139], 70.000th=[ 1188], 90.000th=[ 1237], 99.000th=[ 1319],
     | 99.900th=[ 1401], 99.990th=[ 1467], 99.999th=[11994]
   bw (  KiB/s): min=93118, max=142586, per=43.44%, avg=96535.14, stdev=4272.33, samples=478
   iops        : min=23279, max=35646, avg=24133.39, stdev=1068.10, samples=478
  lat (usec)   : 250=0.01%, 500=0.01%, 750=0.14%, 1000=2.64%
  lat (msec)   : 2=97.22%, 4=0.01%, 10=0.01%, 20=0.01%
  cpu          : usr=13.34%, sys=18.36%, ctx=5729920, majf=0, minf=17
  IO depths    : 1=0.1%, 2=0.1%, 4=0.1%, 8=0.1%, 16=0.1%, 32=100.0%, >=64=0.0%
     submit    : 0=0.0%, 4=100.0%, 8=0.0%, 16=0.0%, 32=0.0%, 64=0.0%, >=64=0.0%
     complete  : 0=0.0%, 4=100.0%, 8=0.0%, 16=0.0%, 32=0.1%, 64=0.0%, >=64=0.0%
     issued rwt: total=0,6667106,0, short=0,0,0, dropped=0,0,0
     latency   : target=0, window=0, percentile=100.00%, depth=32
randw-4K-n4-c4: (groupid=2, jobs=4): err= 0: pid=1140: Sun Jul 28 09:08:39 2019
  write: IOPS=58.4k, BW=228MiB/s (239MB/s)(26.8GiB/120011msec)
    slat (usec): min=2, max=19069, avg= 3.58, stdev=13.13
    clat (usec): min=4, max=25009, avg=2183.26, stdev=859.72
     lat (usec): min=97, max=25012, avg=2187.51, stdev=860.09
    clat percentiles (usec):
     | 10.000th=[  873], 20.000th=[  930], 30.000th=[ 1090], 40.000th=[ 2573],
     | 50.000th=[ 2671], 70.000th=[ 2769], 90.000th=[ 2900], 99.000th=[ 3195],
     | 99.900th=[ 3392], 99.990th=[ 3589], 99.999th=[16188]
   bw (  KiB/s): min=26643, max=148729, per=23.46%, avg=54850.97, stdev=33290.43, samples=958
   iops        : min= 6660, max=37182, avg=13712.40, stdev=8322.60, samples=958
  lat (usec)   : 10=0.01%, 100=0.01%, 250=0.01%, 500=0.01%, 750=0.16%
  lat (usec)   : 1000=27.38%
  lat (msec)   : 2=3.44%, 4=69.01%, 10=0.01%, 20=0.01%, 50=0.01%
  cpu          : usr=7.73%, sys=10.08%, ctx=6858739, majf=0, minf=40
  IO depths    : 1=0.1%, 2=0.1%, 4=0.1%, 8=0.1%, 16=0.1%, 32=100.0%, >=64=0.0%
     submit    : 0=0.0%, 4=100.0%, 8=0.0%, 16=0.0%, 32=0.0%, 64=0.0%, >=64=0.0%
     complete  : 0=0.0%, 4=100.0%, 8=0.0%, 16=0.0%, 32=0.1%, 64=0.0%, >=64=0.0%
     issued rwt: total=0,7014073,0, short=0,0,0, dropped=0,0,0
     latency   : target=0, window=0, percentile=100.00%, depth=32
randw-4K-n8-c8: (groupid=3, jobs=8): err= 0: pid=1147: Sun Jul 28 09:08:39 2019
  write: IOPS=69.7k, BW=272MiB/s (285MB/s)(31.9GiB/120014msec)
    slat (usec): min=2, max=2003, avg= 5.23, stdev= 4.07
    clat (usec): min=242, max=16916, avg=3663.97, stdev=1724.01
     lat (usec): min=246, max=16928, avg=3670.08, stdev=1725.62
    clat percentiles (usec):
     | 10.000th=[ 1336], 20.000th=[ 1385], 30.000th=[ 1467], 40.000th=[ 4015],
     | 50.000th=[ 4146], 70.000th=[ 5342], 90.000th=[ 5604], 99.000th=[ 5800],
     | 99.900th=[ 5932], 99.990th=[ 6063], 99.999th=[14353]
   bw (  KiB/s): min=17286, max=115878, per=9.53%, avg=26563.91, stdev=16951.72, samples=1912
   iops        : min= 4321, max=28969, avg=6640.58, stdev=4237.94, samples=1912
  lat (usec)   : 250=0.01%, 500=0.01%, 750=0.01%, 1000=0.05%
  lat (msec)   : 2=33.28%, 4=5.10%, 10=61.56%, 20=0.01%
  cpu          : usr=6.01%, sys=8.29%, ctx=7838680, majf=0, minf=81
  IO depths    : 1=0.1%, 2=0.1%, 4=0.1%, 8=0.1%, 16=0.1%, 32=100.0%, >=64=0.0%
     submit    : 0=0.0%, 4=100.0%, 8=0.0%, 16=0.0%, 32=0.0%, 64=0.0%, >=64=0.0%
     complete  : 0=0.0%, 4=100.0%, 8=0.0%, 16=0.0%, 32=0.1%, 64=0.0%, >=64=0.0%
     issued rwt: total=0,8363212,0, short=0,0,0, dropped=0,0,0
     latency   : target=0, window=0, percentile=100.00%, depth=32
randw-4K-n12-c12: (groupid=4, jobs=12): err= 0: pid=1158: Sun Jul 28 09:08:39 2019
  write: IOPS=69.9k, BW=273MiB/s (286MB/s)(32.0GiB/120006msec)
    slat (usec): min=2, max=363, avg= 6.95, stdev= 5.17
    clat (usec): min=244, max=10906, avg=5478.66, stdev=2123.57
     lat (usec): min=249, max=10913, avg=5486.64, stdev=2123.85
    clat percentiles (usec):
     | 10.000th=[ 2704], 20.000th=[ 2769], 30.000th=[ 2933], 40.000th=[ 5407],
     | 50.000th=[ 5538], 70.000th=[ 6915], 90.000th=[ 8291], 99.000th=[ 8586],
     | 99.900th=[ 8717], 99.990th=[ 8979], 99.999th=[ 9503]
   bw (  KiB/s): min=15172, max=73755, per=8.34%, avg=23339.57, stdev=10593.44, samples=2880
   iops        : min= 3793, max=18438, avg=5834.67, stdev=2648.44, samples=2880
  lat (usec)   : 250=0.01%, 500=0.01%, 750=0.01%, 1000=0.01%
  lat (msec)   : 2=0.34%, 4=31.42%, 10=68.23%, 20=0.01%
  cpu          : usr=4.94%, sys=6.97%, ctx=7125466, majf=0, minf=119
  IO depths    : 1=0.1%, 2=0.1%, 4=0.1%, 8=0.1%, 16=0.1%, 32=100.0%, >=64=0.0%
     submit    : 0=0.0%, 4=100.0%, 8=0.0%, 16=0.0%, 32=0.0%, 64=0.0%, >=64=0.0%
     complete  : 0=0.0%, 4=100.0%, 8=0.0%, 16=0.0%, 32=0.1%, 64=0.0%, >=64=0.0%
     issued rwt: total=0,8392472,0, short=0,0,0, dropped=0,0,0
     latency   : target=0, window=0, percentile=100.00%, depth=32

Run status group 0 (all jobs):
  WRITE: bw=268MiB/s (280MB/s), 268MiB/s-268MiB/s (280MB/s-280MB/s), io=31.3GiB (33.7GB), run=120001-120001msec

Run status group 1 (all jobs):
  WRITE: bw=217MiB/s (228MB/s), 217MiB/s-217MiB/s (228MB/s-228MB/s), io=25.4GiB (27.3GB), run=120003-120003msec

Run status group 2 (all jobs):
  WRITE: bw=228MiB/s (239MB/s), 228MiB/s-228MiB/s (239MB/s-239MB/s), io=26.8GiB (28.7GB), run=120011-120011msec

Run status group 3 (all jobs):
  WRITE: bw=272MiB/s (285MB/s), 272MiB/s-272MiB/s (285MB/s-285MB/s), io=31.9GiB (34.3GB), run=120014-120014msec

Run status group 4 (all jobs):
  WRITE: bw=273MiB/s (286MB/s), 273MiB/s-273MiB/s (286MB/s-286MB/s), io=32.0GiB (34.4GB), run=120006-120006msec

Disk stats (read/write):
  nvme0n1: ios=408/38635724, merge=0/0, ticks=36/102585216, in_queue=103164812, util=100.00%
