***************************************
*** ###easy### TPC-C Load Generator ***
***************************************
option h with value '192.168.122.83'
option P with value '3306'
option d with value 'benchmarker'
option u with value 'root'
option p with value '123456'
option w with value '11'
option c with value '1'
option r with value '22'
option l with value '60'
option i with value '10'
<Parameters>
     [server]: 192.168.122.83
     [port]: 3306
     [DBname]: benchmarker
       [user]: root
       [pass]: 123456
  [warehouse]: 11
 [connection]: 1
     [rampup]: 22 (sec.)
    [measure]: 60 (sec.)

RAMP-UP TIME.(22 sec.)

MEASURING START.

  10, trx: 1014, 95%: 7.504, 99%: 10.667, max_rt: 18.629, 1016|8.381, 101|4.016, 102|32.506, 101|33.511
  20, trx: 1000, 95%: 7.413, 99%: 10.359, max_rt: 14.667, 999|7.039, 100|3.451, 99|24.456, 100|28.454
  30, trx: 1001, 95%: 7.533, 99%: 10.099, max_rt: 13.978, 1001|6.519, 100|4.975, 101|30.626, 100|26.849
  40, trx: 974, 95%: 7.893, 99%: 9.815, max_rt: 14.914, 976|6.185, 98|1.411, 97|25.032, 98|27.879
  50, trx: 975, 95%: 7.830, 99%: 10.725, max_rt: 18.657, 975|9.435, 97|8.391, 98|32.639, 97|23.808
  60, trx: 1002, 95%: 7.294, 99%: 10.384, max_rt: 13.895, 1001|4.364, 100|2.984, 100|25.729, 100|29.603

STOPPING THREADS.

<Raw Results>
  [0] sc:2815 lt:3151  rt:0  fl:0 avg_rt: 7.1 (5)
  [1] sc:5963 lt:5  rt:0  fl:0 avg_rt: 2.0 (5)
  [2] sc:595 lt:1  rt:0  fl:0 avg_rt: 1.1 (5)
  [3] sc:597 lt:0  rt:0  fl:0 avg_rt: 20.9 (80)
  [4] sc:518 lt:78  rt:0  fl:0 avg_rt: 24.5 (20)
 in 60 sec.

<Raw Results2(sum ver.)>
  [0] sc:2815  lt:3151  rt:0  fl:0 
  [1] sc:5963  lt:5  rt:0  fl:0 
  [2] sc:595  lt:1  rt:0  fl:0 
  [3] sc:597  lt:0  rt:0  fl:0 
  [4] sc:518  lt:78  rt:0  fl:0 

<Constraint Check> (all must be [OK])
 [transaction percentage]
        Payment: 43.49% (>=43.0%) [OK]
   Order-Status: 4.34% (>= 4.0%) [OK]
       Delivery: 4.35% (>= 4.0%) [OK]
    Stock-Level: 4.34% (>= 4.0%) [OK]
 [response time (at least 90% passed)]
      New-Order: 47.18%  [NG] *
        Payment: 99.92%  [OK]
   Order-Status: 99.83%  [OK]
       Delivery: 100.00%  [OK]
    Stock-Level: 86.91%  [NG] *

<TpmC>
                 5966.000 TpmC
