***************************************
*** ###easy### TPC-C Load Generator ***
***************************************
option h with value '192.168.122.83'
option P with value '3306'
option d with value 'benchmarker'
option u with value 'root'
option p with value '123456'
option w with value '11'
option c with value '16'
option r with value '22'
option l with value '60'
option i with value '10'
<Parameters>
     [server]: 192.168.122.83
     [port]: 3306
     [DBname]: benchmarker
       [user]: root
       [pass]: 123456
  [warehouse]: 11
 [connection]: 16
     [rampup]: 22 (sec.)
    [measure]: 60 (sec.)

RAMP-UP TIME.(22 sec.)

MEASURING START.

  10, trx: 1124, 95%: 110.202, 99%: 122.374, max_rt: 161.977, 1122|105.353, 112|41.112, 113|282.815, 112|369.629
  20, trx: 1086, 95%: 114.953, 99%: 125.829, max_rt: 185.693, 1084|91.904, 108|23.698, 108|267.058, 108|379.781
  30, trx: 1066, 95%: 117.352, 99%: 134.113, max_rt: 210.569, 1068|132.538, 107|69.272, 107|280.159, 108|376.067
  40, trx: 1074, 95%: 112.468, 99%: 120.990, max_rt: 212.781, 1074|96.236, 108|24.352, 107|265.705, 107|355.718
  50, trx: 1065, 95%: 115.298, 99%: 125.003, max_rt: 314.843, 1063|110.612, 106|33.496, 107|266.276, 106|350.469
  60, trx: 1069, 95%: 115.678, 99%: 127.727, max_rt: 143.739, 1069|103.345, 107|29.198, 106|386.759, 107|362.697

STOPPING THREADS................

<Raw Results>
  [0] sc:1 lt:6483  rt:0  fl:0 avg_rt: 104.9 (5)
  [1] sc:252 lt:6228  rt:0  fl:0 avg_rt: 28.2 (5)
  [2] sc:49 lt:599  rt:0  fl:0 avg_rt: 14.7 (5)
  [3] sc:0 lt:648  rt:0  fl:0 avg_rt: 274.7 (80)
  [4] sc:0 lt:648  rt:0  fl:0 avg_rt: 399.6 (20)
 in 60 sec.

<Raw Results2(sum ver.)>
  [0] sc:1  lt:6483  rt:0  fl:0 
  [1] sc:252  lt:6228  rt:0  fl:0 
  [2] sc:49  lt:599  rt:0  fl:0 
  [3] sc:0  lt:648  rt:0  fl:0 
  [4] sc:0  lt:648  rt:0  fl:0 

<Constraint Check> (all must be [OK])
 [transaction percentage]
        Payment: 43.47% (>=43.0%) [OK]
   Order-Status: 4.35% (>= 4.0%) [OK]
       Delivery: 4.35% (>= 4.0%) [OK]
    Stock-Level: 4.35% (>= 4.0%) [OK]
 [response time (at least 90% passed)]
      New-Order: 0.02%  [NG] *
        Payment: 3.89%  [NG] *
   Order-Status: 7.56%  [NG] *
       Delivery: 0.00%  [NG] *
    Stock-Level: 0.00%  [NG] *

<TpmC>
                 6484.000 TpmC
