***************************************
*** ###easy### TPC-C Load Generator ***
***************************************
option h with value '127.0.0.1'
option P with value '13306'
option d with value 'benchmarker'
option u with value 'root'
option p with value '123456'
option w with value '11'
option c with value '16'
option r with value '22'
option l with value '60'
option i with value '10'
<Parameters>
     [server]: 127.0.0.1
     [port]: 13306
     [DBname]: benchmarker
       [user]: root
       [pass]: 123456
  [warehouse]: 11
 [connection]: 16
     [rampup]: 22 (sec.)
    [measure]: 60 (sec.)

RAMP-UP TIME.(22 sec.)

MEASURING START.

  10, trx: 410, 95%: 277.821, 99%: 324.515, max_rt: 423.383, 412|249.891, 42|57.816, 41|482.713, 41|956.452
  20, trx: 410, 95%: 278.653, 99%: 328.523, max_rt: 412.410, 411|201.130, 41|46.489, 41|469.742, 40|874.314
  30, trx: 414, 95%: 271.247, 99%: 297.978, max_rt: 338.613, 415|195.738, 40|42.567, 41|413.977, 42|818.789
  40, trx: 409, 95%: 273.448, 99%: 318.834, max_rt: 360.097, 408|290.359, 42|36.624, 41|471.062, 41|854.048
  50, trx: 414, 95%: 268.902, 99%: 312.317, max_rt: 394.585, 412|257.021, 41|41.774, 42|441.344, 41|873.873
  60, trx: 426, 95%: 264.987, 99%: 304.106, max_rt: 411.430, 422|193.892, 43|45.033, 42|477.364, 43|799.967

STOPPING THREADS..............2013, HY000, Lost connection to MySQL server at 'reading initial communication packet', system error: 104
2013, HY000, Lost connection to MySQL server at 'reading initial communication packet', system error: 104
error at thread_main
error at thread_main


<Raw Results>
  [0] sc:0 lt:2483  rt:0  fl:0 avg_rt: 248.6 (5)
  [1] sc:2 lt:2478  rt:0  fl:0 avg_rt: 63.0 (5)
  [2] sc:31 lt:218  rt:0  fl:0 avg_rt: 24.8 (5)
  [3] sc:0 lt:248  rt:0  fl:0 avg_rt: 513.1 (80)
  [4] sc:0 lt:248  rt:0  fl:0 avg_rt: 959.7 (20)
 in 60 sec.

<Raw Results2(sum ver.)>
  [0] sc:0  lt:2483  rt:0  fl:0 
  [1] sc:2  lt:2478  rt:0  fl:0 
  [2] sc:31  lt:218  rt:0  fl:0 
  [3] sc:0  lt:248  rt:0  fl:0 
  [4] sc:0  lt:248  rt:0  fl:0 

<Constraint Check> (all must be [OK])
 [transaction percentage]
        Payment: 43.45% (>=43.0%) [OK]
   Order-Status: 4.36% (>= 4.0%) [OK]
       Delivery: 4.34% (>= 4.0%) [OK]
    Stock-Level: 4.34% (>= 4.0%) [OK]
 [response time (at least 90% passed)]
      New-Order: 0.00%  [NG] *
        Payment: 0.08%  [NG] *
   Order-Status: 12.45%  [NG] *
       Delivery: 0.00%  [NG] *
    Stock-Level: 0.00%  [NG] *

<TpmC>
                 2483.000 TpmC
