***************************************
*** ###easy### TPC-C Load Generator ***
***************************************
option h with value '192.168.122.77'
option P with value '3306'
option d with value 'benchmarker'
option u with value 'root'
option p with value '123456'
option w with value '11'
option c with value '8'
option r with value '22'
option l with value '60'
option i with value '10'
<Parameters>
     [server]: 192.168.122.77
     [port]: 3306
     [DBname]: benchmarker
       [user]: root
       [pass]: 123456
  [warehouse]: 11
 [connection]: 8
     [rampup]: 22 (sec.)
    [measure]: 60 (sec.)

RAMP-UP TIME.(22 sec.)

MEASURING START.

  10, trx: 1756, 95%: 41.632, 99%: 53.198, max_rt: 297.195, 1754|110.061, 176|74.547, 176|720.266, 175|1316.370
  20, trx: 1907, 95%: 37.603, 99%: 45.831, max_rt: 76.289, 1905|31.319, 190|21.434, 189|112.802, 191|136.362
  30, trx: 1893, 95%: 40.574, 99%: 50.092, max_rt: 78.456, 1895|38.923, 190|10.704, 190|113.731, 190|150.881
  40, trx: 1895, 95%: 39.852, 99%: 47.436, max_rt: 97.508, 1890|26.118, 188|15.520, 189|89.640, 189|145.068
  50, trx: 1831, 95%: 40.079, 99%: 50.062, max_rt: 118.148, 1835|79.801, 184|9.818, 184|152.389, 183|135.299
  60, trx: 1813, 95%: 41.149, 99%: 50.650, max_rt: 63.914, 1816|38.209, 182|10.490, 182|113.261, 181|144.530

STOPPING THREADS........

<Raw Results>
  [0] sc:22 lt:11073  rt:0  fl:0 avg_rt: 31.0 (5)
  [1] sc:5127 lt:5968  rt:0  fl:0 avg_rt: 8.1 (5)
  [2] sc:959 lt:151  rt:0  fl:0 avg_rt: 4.3 (5)
  [3] sc:986 lt:124  rt:0  fl:0 avg_rt: 82.2 (80)
  [4] sc:0 lt:1109  rt:0  fl:0 avg_rt: 113.3 (20)
 in 60 sec.

<Raw Results2(sum ver.)>
  [0] sc:22  lt:11073  rt:0  fl:0 
  [1] sc:5127  lt:5969  rt:0  fl:0 
  [2] sc:959  lt:151  rt:0  fl:0 
  [3] sc:986  lt:124  rt:0  fl:0 
  [4] sc:0  lt:1109  rt:0  fl:0 

<Constraint Check> (all must be [OK])
 [transaction percentage]
        Payment: 43.48% (>=43.0%) [OK]
   Order-Status: 4.35% (>= 4.0%) [OK]
       Delivery: 4.35% (>= 4.0%) [OK]
    Stock-Level: 4.35% (>= 4.0%) [OK]
 [response time (at least 90% passed)]
      New-Order: 0.20%  [NG] *
        Payment: 46.21%  [NG] *
   Order-Status: 86.40%  [NG] *
       Delivery: 88.83%  [NG] *
    Stock-Level: 0.00%  [NG] *

<TpmC>
                 11095.000 TpmC
