***************************************
*** ###easy### TPC-C Load Generator ***
***************************************
option h with value '192.168.122.77'
option P with value '3306'
option d with value 'benchmarker'
option u with value 'root'
option p with value '123456'
option w with value '11'
option c with value '1'
option r with value '22'
option l with value '60'
option i with value '10'
<Parameters>
     [server]: 192.168.122.77
     [port]: 3306
     [DBname]: benchmarker
       [user]: root
       [pass]: 123456
  [warehouse]: 11
 [connection]: 1
     [rampup]: 22 (sec.)
    [measure]: 60 (sec.)

RAMP-UP TIME.(22 sec.)

MEASURING START.

  10, trx: 885, 95%: 9.863, 99%: 15.522, max_rt: 28.822, 884|8.669, 88|2.998, 88|36.264, 88|37.761
  20, trx: 884, 95%: 9.387, 99%: 13.999, max_rt: 22.765, 883|6.088, 88|2.497, 88|34.786, 89|28.299
  30, trx: 886, 95%: 9.469, 99%: 15.634, max_rt: 22.007, 887|7.789, 89|3.420, 88|29.032, 89|35.227
  40, trx: 888, 95%: 9.007, 99%: 13.614, max_rt: 19.420, 888|9.786, 88|4.484, 90|33.051, 88|29.954
  50, trx: 900, 95%: 9.276, 99%: 13.493, max_rt: 19.546, 902|6.792, 91|2.382, 90|34.435, 91|30.856
  60, trx: 942, 95%: 8.512, 99%: 13.265, max_rt: 16.820, 940|7.900, 94|2.730, 93|30.578, 94|32.874

STOPPING THREADS.

<Raw Results>
  [0] sc:2093 lt:3292  rt:0  fl:0 avg_rt: 8.0 (5)
  [1] sc:5357 lt:27  rt:0  fl:0 avg_rt: 2.2 (5)
  [2] sc:538 lt:0  rt:0  fl:0 avg_rt: 1.2 (5)
  [3] sc:537 lt:0  rt:0  fl:0 avg_rt: 23.3 (80)
  [4] sc:434 lt:105  rt:0  fl:0 avg_rt: 25.7 (20)
 in 60 sec.

<Raw Results2(sum ver.)>
  [0] sc:2093  lt:3292  rt:0  fl:0 
  [1] sc:5357  lt:27  rt:0  fl:0 
  [2] sc:538  lt:0  rt:0  fl:0 
  [3] sc:537  lt:0  rt:0  fl:0 
  [4] sc:434  lt:105  rt:0  fl:0 

<Constraint Check> (all must be [OK])
 [transaction percentage]
        Payment: 43.48% (>=43.0%) [OK]
   Order-Status: 4.34% (>= 4.0%) [OK]
       Delivery: 4.34% (>= 4.0%) [OK]
    Stock-Level: 4.35% (>= 4.0%) [OK]
 [response time (at least 90% passed)]
      New-Order: 38.87%  [NG] *
        Payment: 99.50%  [OK]
   Order-Status: 100.00%  [OK]
       Delivery: 100.00%  [OK]
    Stock-Level: 80.52%  [NG] *

<TpmC>
                 5385.000 TpmC
