***************************************
*** ###easy### TPC-C Load Generator ***
***************************************
option h with value '192.168.122.77'
option P with value '3306'
option d with value 'benchmarker'
option u with value 'root'
option p with value '123456'
option w with value '11'
option c with value '16'
option r with value '22'
option l with value '60'
option i with value '10'
<Parameters>
     [server]: 192.168.122.77
     [port]: 3306
     [DBname]: benchmarker
       [user]: root
       [pass]: 123456
  [warehouse]: 11
 [connection]: 16
     [rampup]: 22 (sec.)
    [measure]: 60 (sec.)

RAMP-UP TIME.(22 sec.)

MEASURING START.

  10, trx: 2685, 95%: 57.384, 99%: 75.509, max_rt: 126.650, 2690|91.854, 269|29.229, 269|172.172, 269|176.757
  20, trx: 2581, 95%: 61.806, 99%: 78.717, max_rt: 114.273, 2584|87.205, 258|32.081, 258|141.374, 259|182.610
  30, trx: 2786, 95%: 58.406, 99%: 75.126, max_rt: 137.909, 2781|73.996, 278|35.142, 278|183.478, 279|161.031
  40, trx: 2811, 95%: 57.728, 99%: 75.419, max_rt: 143.975, 2811|79.808, 281|32.585, 281|150.172, 281|163.026
  50, trx: 2899, 95%: 55.012, 99%: 70.824, max_rt: 124.122, 2900|88.726, 289|28.582, 290|147.840, 290|157.643
  60, trx: 2688, 95%: 58.634, 99%: 78.646, max_rt: 113.961, 2690|86.225, 270|31.758, 268|158.541, 268|180.507

STOPPING THREADS................

<Raw Results>
  [0] sc:9 lt:16441  rt:0  fl:0 avg_rt: 42.3 (5)
  [1] sc:4682 lt:11774  rt:0  fl:0 avg_rt: 13.9 (5)
  [2] sc:1056 lt:589  rt:0  fl:0 avg_rt: 7.0 (5)
  [3] sc:1191 lt:453  rt:0  fl:0 avg_rt: 96.4 (80)
  [4] sc:0 lt:1646  rt:0  fl:0 avg_rt: 131.0 (20)
 in 60 sec.

<Raw Results2(sum ver.)>
  [0] sc:9  lt:16441  rt:0  fl:0 
  [1] sc:4682  lt:11774  rt:0  fl:0 
  [2] sc:1056  lt:589  rt:0  fl:0 
  [3] sc:1191  lt:453  rt:0  fl:0 
  [4] sc:0  lt:1646  rt:0  fl:0 

<Constraint Check> (all must be [OK])
 [transaction percentage]
        Payment: 43.49% (>=43.0%) [OK]
   Order-Status: 4.35% (>= 4.0%) [OK]
       Delivery: 4.34% (>= 4.0%) [OK]
    Stock-Level: 4.35% (>= 4.0%) [OK]
 [response time (at least 90% passed)]
      New-Order: 0.05%  [NG] *
        Payment: 28.45%  [NG] *
   Order-Status: 64.19%  [NG] *
       Delivery: 72.45%  [NG] *
    Stock-Level: 0.00%  [NG] *

<TpmC>
                 16450.000 TpmC
