Initializing 200 connections...
Initializing 100 workers and preparing statements...
_elapsed___errors__ops/sec(inst)___ops/sec(cum)__p50(ms)__p95(ms)__p99(ms)_pMax(ms)
      1s        0            2.7            5.0     60.8     83.9     83.9     83.9 delivery
      1s        0           35.0           64.0     39.8     75.5     88.1    151.0 newOrder
      1s        0            3.3            6.0      7.1     21.0     21.0     21.0 orderStatus
      1s        0           35.5           65.0     18.9     71.3    134.2    159.4 payment
      1s        0            3.3            6.0     25.2     44.0     44.0     44.0 stockLevel
      2s        0            4.0            4.5     75.5     92.3     92.3     92.3 delivery
      2s        0           65.0           64.5     65.0    285.2    335.5    604.0 newOrder
      2s        0            9.0            7.5     12.1     14.7     14.7     14.7 orderStatus
      2s        0           77.0           71.0     44.0    302.0    469.8    486.5 payment
      2s        0           11.0            8.5     32.5    104.9    234.9    234.9 stockLevel
      3s        0           10.0            6.3    100.7    176.2    176.2    176.2 delivery
      3s        0           81.0           70.0     83.9    385.9    402.7    520.1 newOrder
      3s        0            6.0            7.0     11.5     35.7     35.7     35.7 orderStatus
      3s        0           63.0           68.3     48.2    604.0    738.2    973.1 payment
      3s        0            5.0            7.3     33.6    142.6    142.6    142.6 stockLevel
      4s        0            8.0            6.7    142.6    335.5    335.5    335.5 delivery
      4s        0           75.0           71.2     96.5    570.4    704.6    771.8 newOrder
      4s        0            9.0            7.5     19.9     88.1     88.1     88.1 orderStatus
      4s        0           64.0           67.2     67.1    704.6   1040.2   1140.9 payment
      4s        0            5.0            6.7     30.4    201.3    201.3    201.3 stockLevel
_elapsed___errors__ops/sec(inst)___ops/sec(cum)__p50(ms)__p95(ms)__p99(ms)_pMax(ms)
      5s        0           12.0            7.8    121.6    469.8   1040.2   1040.2 delivery
      5s        0           62.0           69.4    109.1    704.6   1073.7   1342.2 newOrder
      5s        0            6.0            7.2     19.9     48.2     48.2     48.2 orderStatus
      5s        0           61.0           66.0     71.3    838.9   1744.8   2080.4 payment
      5s        0            7.0            6.8    142.6    469.8    469.8    469.8 stockLevel
      6s        0           10.0            8.2    151.0    402.7    402.7    402.7 delivery
      6s        0           53.0           66.7    104.9    771.8   1409.3   2147.5 newOrder
      6s        0           10.0            7.7     17.8     44.0     44.0     44.0 orderStatus
      6s        0           66.0           66.0     83.9   1610.6   2013.3   2684.4 payment
      6s        0            8.0            7.0     37.7    419.4    419.4    419.4 stockLevel
      7s        0            4.0            7.6    109.1    637.5    637.5    637.5 delivery
      7s        0           72.0           67.4    184.5    704.6    872.4   1073.7 newOrder
      7s        0           10.0            8.0     11.5    104.9    104.9    104.9 orderStatus
      7s        0           73.0           67.0    117.4   1409.3   2080.4   3221.2 payment
      7s        0            7.0            7.0     92.3    671.1    671.1    671.1 stockLevel
      8s        0            6.0            7.4     96.5    226.5    226.5    226.5 delivery
      8s        0           72.0           68.0    159.4   1409.3   2684.4   2952.8 newOrder
      8s        0            5.0            7.6     11.5     17.8     17.8     17.8 orderStatus
      8s        0           61.0           66.2    151.0   1006.6   1342.2   2080.4 payment
      8s        0            5.0            6.7     58.7    251.7    251.7    251.7 stockLevel
_elapsed___errors__ops/sec(inst)___ops/sec(cum)__p50(ms)__p95(ms)__p99(ms)_pMax(ms)
      9s        0            3.0            6.9    125.8    125.8    125.8    125.8 delivery
      9s        0           69.0           68.1    234.9   1476.4   2147.5   2818.6 newOrder
      9s        0            5.0            7.3     13.1     18.9     18.9     18.9 orderStatus
      9s        0           69.0           66.6     65.0   1409.3   2550.1   3623.9 payment
      9s        0           11.0            7.2     29.4    176.2    302.0    302.0 stockLevel
     10s        0            4.0            6.6    104.9    167.8    167.8    167.8 delivery
     10s        0           69.0           68.2    260.0   1946.2   1946.2   2281.7 newOrder
     10s        0           10.0            7.6     16.3     75.5     75.5     75.5 orderStatus
     10s        0           59.0           65.8     88.1   1946.2   3489.7   3892.3 payment
     10s        0           12.0            7.7     50.3    872.4   1677.7   1677.7 stockLevel
_elapsed___errors__ops/sec(inst)___ops/sec(cum)__p50(ms)__p95(ms)__p99(ms)_pMax(ms)
      1s        0            3.0            3.0    134.2    318.8    318.8    318.8 delivery
      1s        0           58.1           58.1    113.2    402.7    469.8    637.5 newOrder
      1s        0            4.0            4.0     21.0     30.4     30.4     30.4 orderStatus
      1s        0           48.0           48.1     54.5    385.9    704.6    704.6 payment
      1s        0            2.0            2.0     44.0     52.4     52.4     52.4 stockLevel
      2s        0            9.0            6.0    100.7    117.4    117.4    117.4 delivery
      2s        0           47.0           52.5     71.3    469.8    637.5    637.5 newOrder
      2s        0            8.0            6.0      9.4     17.8     17.8     17.8 orderStatus
      2s        0           57.0           52.5     50.3    771.8   1006.6   1208.0 payment
      2s        0            7.0            4.5     37.7    201.3    201.3    201.3 stockLevel
      3s        0            6.0            6.0     75.5    167.8    167.8    167.8 delivery
      3s        0           66.0           57.0    125.8   1946.2   2281.7   2550.1 newOrder
      3s        0            3.0            5.0     17.8     48.2     48.2     48.2 orderStatus
      3s        0           52.0           52.4     58.7    369.1   1275.1   2281.7 payment
      3s        0            7.0            5.3     50.3    159.4    159.4    159.4 stockLevel
      4s        0            4.0            5.5     75.5     79.7     79.7     79.7 delivery
      4s        0           56.0           56.8     65.0   1342.2   2281.7   3221.2 newOrder
      4s        0           11.0            6.5     10.0     16.3     18.9     18.9 orderStatus
      4s        0           65.0           55.5     27.3    251.7   1879.0   2281.7 payment
      4s        0            6.0            5.5     18.9     31.5     31.5     31.5 stockLevel
_elapsed___errors__ops/sec(inst)___ops/sec(cum)__p50(ms)__p95(ms)__p99(ms)_pMax(ms)
      5s        0            6.0            5.6     71.3     83.9     83.9     83.9 delivery
      5s        0           58.0           57.0     62.9   2550.1   3623.9   3892.3 newOrder
      5s        0            2.0            5.6     10.5     12.6     12.6     12.6 orderStatus
      5s        0           51.0           54.6     30.4   1342.2   2550.1   3758.1 payment
      5s        0            3.0            5.0     35.7    352.3    352.3    352.3 stockLevel
      6s        0            2.0            5.0     79.7     96.5     96.5     96.5 delivery
      6s        0           18.0           50.5     52.4   1342.2   1946.2   1946.2 newOrder
      6s        0            2.0            5.0      5.0      8.1      8.1      8.1 orderStatus
      6s        0           15.0           48.0     21.0     30.4     35.7     35.7 payment
      6s        0            3.0            4.7     21.0   2415.9   2415.9   2415.9 stockLevel
      7s        0            5.0            5.0     88.1     92.3     92.3     92.3 delivery
      7s        0           52.0           50.7     56.6    704.6   3355.4   5637.1 newOrder
      7s        0            6.0            5.1      6.6     13.6     13.6     13.6 orderStatus
      7s        0           61.0           49.9     35.7   3758.1   5100.3   5368.7 payment
      7s        0            4.0            4.6     27.3     71.3     71.3     71.3 stockLevel
      8s        0            7.0            5.3     88.1    100.7    100.7    100.7 delivery
      8s        0           50.0           50.6     71.3   4026.5   5905.6   5905.6 newOrder
      8s        0            6.0            5.3     10.5     24.1     24.1     24.1 orderStatus
      8s        0           54.0           50.4     46.1   1140.9   3758.1   4563.4 payment
      8s        0            8.0            5.0     29.4     96.5     96.5     96.5 stockLevel
_elapsed___errors__ops/sec(inst)___ops/sec(cum)__p50(ms)__p95(ms)__p99(ms)_pMax(ms)
      9s        0            8.0            5.6    104.9    125.8    125.8    125.8 delivery
      9s        0           67.0           52.5     83.9   1006.6   4563.4   5637.1 newOrder
      9s        0           11.0            5.9     10.5     24.1     39.8     39.8 orderStatus
      9s        0           63.0           51.8     41.9   1879.0   4160.7   4831.8 payment
      9s        0            6.0            5.1     44.0   2147.5   2147.5   2147.5 stockLevel
     10s        0            4.0            5.4     79.7    125.8    125.8    125.8 delivery
     10s        0           53.0           52.5     50.3    738.2   7516.2   7516.2 newOrder
     10s        0            5.0            5.8      5.2      8.1      8.1      8.1 orderStatus
     10s        0           54.0           52.0     31.5    419.4   6174.0   6442.5 payment
     10s        0            5.0            5.1     28.3     29.4     29.4     29.4 stockLevel
     11s        0            5.0            5.4     46.1     79.7     79.7     79.7 delivery
     11s        0           42.0           51.6     35.7     83.9   3087.0   3087.0 newOrder
     11s        0            3.0            5.5      4.7      5.2      5.2      5.2 orderStatus
     11s        0           37.0           50.6     16.8     30.4    100.7    100.7 payment
     11s        0            4.0            5.0     13.6     29.4     29.4     29.4 stockLevel
     12s        0            4.0            5.3     79.7     92.3     92.3     92.3 delivery
     12s        0           29.0           49.7     50.3   5637.1   5637.1   5637.1 newOrder
     12s        0            2.0            5.3     11.5     16.8     16.8     16.8 orderStatus
     12s        0           23.0           48.3     19.9   6710.9  10737.4  10737.4 payment
     12s        0            3.0            4.8     24.1     41.9     41.9     41.9 stockLevel
_elapsed___errors__ops/sec(inst)___ops/sec(cum)__p50(ms)__p95(ms)__p99(ms)_pMax(ms)
     13s        0            4.0            5.2     56.6    209.7    209.7    209.7 delivery
     13s        0           31.0           48.2     37.7   4563.4   6979.3   6979.3 newOrder
     13s        0            5.0            5.2      5.8      8.9      8.9      8.9 orderStatus
     13s        0           29.0           46.9     18.9    104.9    113.2    113.2 payment
     13s        0            4.0            4.8     24.1   2684.4   2684.4   2684.4 stockLevel
     14s        0            0.0            4.8      0.0      0.0      0.0      0.0 delivery
     14s        0           22.0           46.4     27.3   4831.8   5100.3   5100.3 newOrder
     14s        0            2.0            5.0      4.7      6.0      6.0      6.0 orderStatus
     14s        0           20.0           44.9     12.1     23.1     26.2     26.2 payment
     14s        0            2.0            4.6     12.6     24.1     24.1     24.1 stockLevel
     15s        0            2.0            4.6     41.9     48.2     48.2     48.2 delivery
     15s        0           21.0           44.7     30.4   5368.7   6442.5   6442.5 newOrder
     15s        0            1.0            4.7      3.9      3.9      3.9      3.9 orderStatus
     15s        0           18.0           43.1     14.7   8589.9  11811.2  11811.2 payment
     15s        0            0.0            4.3      0.0      0.0      0.0      0.0 stockLevel
     16s        0            7.0            4.8     71.3    100.7    100.7    100.7 delivery
     16s        0           52.0           45.1     52.4   6979.3   8589.9  13421.8 newOrder
     16s        0            3.0            4.6     14.2     41.9     41.9     41.9 orderStatus
     16s        0           45.0           43.3     25.2    100.7  12348.0  12348.0 payment
     16s        0            6.0            4.4     24.1    109.1    109.1    109.1 stockLevel
_elapsed___errors__ops/sec(inst)___ops/sec(cum)__p50(ms)__p95(ms)__p99(ms)_pMax(ms)
     17s        0            0.0            4.5      0.0      0.0      0.0      0.0 delivery
     17s        0            6.0           42.8     88.1   4831.8   4831.8   4831.8 newOrder
     17s        0            1.0            4.4      4.1      4.1      4.1      4.1 orderStatus
     17s        0            6.0           41.1      8.9   6979.3   6979.3   6979.3 payment
     17s        0            0.0            4.1      0.0      0.0      0.0      0.0 stockLevel
     18s        0            5.0            4.5     75.5     96.5     96.5     96.5 delivery
     18s        0           54.0           43.4     39.8     92.3   1543.5   4026.5 newOrder
     18s        0            4.0            4.4      7.6     14.7     14.7     14.7 orderStatus
     18s        0           52.0           41.7     21.0    121.6  12884.9  15032.4 payment
     18s        0            6.0            4.2     19.9     28.3     28.3     28.3 stockLevel
     19s        0            3.0            4.4     58.7     83.9     83.9     83.9 delivery
     19s        0           59.0           44.3     48.2    121.6    134.2    176.2 newOrder
     19s        0            7.0            4.5      9.4     16.8     16.8     16.8 orderStatus
     19s        0           64.0           42.8     25.2   4026.5  11811.2  17179.9 payment
     19s        0            7.0            4.4     52.4    738.2    738.2    738.2 stockLevel
     20s        0            1.0            4.3     48.2     48.2     48.2     48.2 delivery
     20s        0            2.0           42.2     23.1     58.7     58.7     58.7 newOrder
     20s        0            0.0            4.3      0.0      0.0      0.0      0.0 orderStatus
     20s        0            3.0           40.9     15.7     24.1     24.1     24.1 payment
     20s        0            0.0            4.2      0.0      0.0      0.0      0.0 stockLevel
_elapsed___errors__ops/sec(inst)___ops/sec(cum)__p50(ms)__p95(ms)__p99(ms)_pMax(ms)
     21s        0            0.0            4.0      0.0      0.0      0.0      0.0 delivery
     21s        0            0.0           40.1      0.0      0.0      0.0      0.0 newOrder
     21s        0            0.0            4.1      0.0      0.0      0.0      0.0 orderStatus
     21s        0            0.0           38.9      0.0      0.0      0.0      0.0 payment
     21s        0            0.0            4.0      0.0      0.0      0.0      0.0 stockLevel
     22s        0            0.0            3.9      0.0      0.0      0.0      0.0 delivery
     22s        0            8.0           38.7   3355.4   7247.8   7247.8   7247.8 newOrder
     22s        0            1.0            4.0      3.5      3.5      3.5      3.5 orderStatus
     22s        0            1.0           37.2     17.8     17.8     17.8     17.8 payment
     22s        0            0.0            3.8      0.0      0.0      0.0      0.0 stockLevel
     23s        0            6.0            4.0     71.3     79.7     79.7     79.7 delivery
     23s        0           58.0           39.5     41.9   4831.8   5905.6   6174.0 newOrder
     23s        0            3.0            3.9      8.4     10.0     10.0     10.0 orderStatus
     23s        0           49.0           37.7     17.8   4831.8  21474.8  21474.8 payment
     23s        0            3.0            3.7     18.9     19.9     19.9     19.9 stockLevel
     24s        0            4.0            4.0     41.9    125.8    125.8    125.8 delivery
     24s        0           54.0           40.1     31.5   1811.9   4831.8  18253.6 newOrder
     24s        0            5.0            4.0      4.5      5.0      5.0      5.0 orderStatus
     24s        0           50.0           38.2     14.2  14495.5  20401.1  20401.1 payment
     24s        0            3.0            3.7     33.6     35.7     35.7     35.7 stockLevel
_elapsed___errors__ops/sec(inst)___ops/sec(cum)__p50(ms)__p95(ms)__p99(ms)_pMax(ms)
     25s        0            5.0            4.0     46.1     52.4     52.4     52.4 delivery
     25s        0           34.0           39.9     26.2     50.3     58.7     58.7 newOrder
     25s        0            4.0            4.0      3.9      6.3      6.3      6.3 orderStatus
     25s        0           35.0           38.1     10.5     35.7     67.1     67.1 payment
     25s        0            4.0            3.7     13.1     14.7     14.7     14.7 stockLevel
     26s        0            0.0            3.8      0.0      0.0      0.0      0.0 delivery
     26s        0            0.0           38.3      0.0      0.0      0.0      0.0 newOrder
     26s        0            0.0            3.8      0.0      0.0      0.0      0.0 orderStatus
     26s        0            0.0           36.6      0.0      0.0      0.0      0.0 payment
     26s        0            0.0            3.6      0.0      0.0      0.0      0.0 stockLevel
     27s        0            0.0            3.7      0.0      0.0      0.0      0.0 delivery
     27s        0            0.0           36.9      0.0      0.0      0.0      0.0 newOrder
     27s        0            0.0            3.7      0.0      0.0      0.0      0.0 orderStatus
     27s        0            0.0           35.3      0.0      0.0      0.0      0.0 payment
     27s        0            0.0            3.4      0.0      0.0      0.0      0.0 stockLevel
     28s        0            2.0            3.6     37.7     62.9     62.9     62.9 delivery
     28s        0           19.0           36.3     39.8   9126.8   9126.8   9126.8 newOrder
     28s        0            1.0            3.6      5.0      5.0      5.0      5.0 orderStatus
     28s        0           14.0           34.5     16.3     33.6  21474.8  21474.8 payment
     28s        0            1.0            3.4     19.9     19.9     19.9     19.9 stockLevel
_elapsed___errors__ops/sec(inst)___ops/sec(cum)__p50(ms)__p95(ms)__p99(ms)_pMax(ms)
     29s        0            3.0            3.6     88.1    100.7    100.7    100.7 delivery
     29s        0           51.0           36.8     50.3    109.1   4026.5   4026.5 newOrder
     29s        0            6.0            3.7      8.9     16.3     16.3     16.3 orderStatus
     29s        0           58.0           35.3     23.1  18253.6  25769.8  27917.3 payment
     29s        0            7.0            3.5     25.2     46.1     46.1     46.1 stockLevel
     30s        0            6.0            3.7     50.3     67.1     67.1     67.1 delivery
     30s        0           35.0           36.7     26.2     39.8   4160.7   4160.7 newOrder
     30s        0            3.0            3.6      3.4      7.1      7.1      7.1 orderStatus
     30s        0           40.0           35.5     13.1  24696.1  30064.8  30064.8 payment
     30s        0            4.0            3.5     14.2     18.9     18.9     18.9 stockLevel
     31s        0            5.0            3.7     54.5     71.3     71.3     71.3 delivery
     31s        0           47.0           37.1     29.4    104.9   7247.8   7247.8 newOrder
     31s        0            5.0            3.7      7.1     10.5     10.5     10.5 orderStatus
     31s        0           58.0           36.2     14.2   7516.2  16106.1  18253.6 payment
     31s        0            5.0            3.5     17.8     65.0     65.0     65.0 stockLevel
     32s        0            4.0            3.8     83.9     92.3     92.3     92.3 delivery
     32s        0           53.0           37.6     58.7   3221.2   8053.1  13421.8 newOrder
     32s        0            3.0            3.7     16.8     35.7     35.7     35.7 orderStatus
     32s        0           41.0           36.3     29.4     88.1    151.0    151.0 payment
     32s        0            3.0            3.5    771.8   1275.1   1275.1   1275.1 stockLevel
_elapsed___errors__ops/sec(inst)___ops/sec(cum)__p50(ms)__p95(ms)__p99(ms)_pMax(ms)
     33s        0            5.0            3.8     44.0     58.7     58.7     58.7 delivery
     33s        0           35.0           37.5     26.2    385.9   2415.9   2415.9 newOrder
     33s        0            2.0            3.6      3.7      4.2      4.2      4.2 orderStatus
     33s        0           29.0           36.1     13.1  21474.8  32212.3  32212.3 payment
     33s        0            2.0            3.5     12.1     15.7     15.7     15.7 stockLevel
     34s        0            3.0            3.8    125.8    192.9    192.9    192.9 delivery
     34s        0           52.0           37.9     75.5   4563.4   4831.8  10200.5 newOrder
     34s        0            6.0            3.7     12.1     18.9     18.9     18.9 orderStatus
     34s        0           46.0           36.4     30.4     83.9     96.5     96.5 payment
     34s        0            3.0            3.5     14.7     60.8     60.8     60.8 stockLevel
     35s        0            6.0            3.8     44.0     71.3     71.3     71.3 delivery
     35s        0           37.0           37.9     35.7   4831.8   6710.9   6710.9 newOrder
     35s        0            4.0            3.7      6.0     10.0     10.0     10.0 orderStatus
     35s        0           47.0           36.7     17.8    385.9  25769.8  25769.8 payment
     35s        0            4.0            3.5     17.8   1073.7   1073.7   1073.7 stockLevel
     36s        0            6.0            3.9     60.8     71.3     71.3     71.3 delivery
     36s        0           44.0           38.1     35.7     56.6     60.8     60.8 newOrder
     36s        0            5.0            3.7      4.7      8.4      8.4      8.4 orderStatus
     36s        0           65.0           37.5     17.8  20401.1  28991.0  33286.0 payment
     36s        0            9.0            3.6     16.8     67.1     67.1     67.1 stockLevel
_elapsed___errors__ops/sec(inst)___ops/sec(cum)__p50(ms)__p95(ms)__p99(ms)_pMax(ms)
     37s        0            8.0            4.0     67.1    167.8    167.8    167.8 delivery
     37s        0           57.0           38.6     50.3   1744.8   2550.1   4563.4 newOrder
     37s        0            5.0            3.8      8.9     23.1     23.1     23.1 orderStatus
     37s        0           44.0           37.7     28.3    184.5   4563.4   4563.4 payment
     37s        0            4.0            3.6     17.8     28.3     28.3     28.3 stockLevel
     38s        0            2.0            3.9     31.5     62.9     62.9     62.9 delivery
     38s        0           12.0           37.9     33.6   1342.2   2952.8   2952.8 newOrder
     38s        0            1.0            3.7      3.7      3.7      3.7      3.7 orderStatus
     38s        0            9.0           36.9     10.5     15.7     15.7     15.7 payment
     38s        0            0.0            3.6      0.0      0.0      0.0      0.0 stockLevel
     39s        0            3.0            3.9     46.1     75.5     75.5     75.5 delivery
     39s        0           43.0           38.0     33.6   2281.7   2952.8   2952.8 newOrder
     39s        0            3.0            3.7      4.7      4.7      4.7      4.7 orderStatus
     39s        0           32.0           36.8     15.7     41.9  15569.3  15569.3 payment
     39s        0            5.0            3.6     14.7     33.6     33.6     33.6 stockLevel
     40s        0            0.0            3.8      0.0      0.0      0.0      0.0 delivery
     40s        0            3.0           37.1   1879.0   6710.9   6710.9   6710.9 newOrder
     40s        0            0.0            3.6      0.0      0.0      0.0      0.0 orderStatus
     40s        0            0.0           35.9      0.0      0.0      0.0      0.0 payment
     40s        0            0.0            3.5      0.0      0.0      0.0      0.0 stockLevel
_elapsed___errors__ops/sec(inst)___ops/sec(cum)__p50(ms)__p95(ms)__p99(ms)_pMax(ms)
     41s        0            3.0            3.8     48.2     75.5     75.5     75.5 delivery
     41s        0           30.0           37.0     27.3     92.3   2952.8   2952.8 newOrder
     41s        0            3.0            3.6      5.0      6.0      6.0      6.0 orderStatus
     41s        0           32.0           35.8     12.1     15.7     18.9     18.9 payment
     41s        0            4.0            3.5     14.2     23.1     23.1     23.1 stockLevel
     42s        0            1.0            3.7     79.7     79.7     79.7     79.7 delivery
     42s        0           11.0           36.3     50.3   6174.0   7784.6   7784.6 newOrder
     42s        0            1.0            3.5      9.4      9.4      9.4      9.4 orderStatus
     42s        0            8.0           35.1     21.0   3758.1   3758.1   3758.1 payment
     42s        0            1.0            3.5     19.9     19.9     19.9     19.9 stockLevel
     43s        0            6.0            3.8     79.7    176.2    176.2    176.2 delivery
     43s        0           54.0           36.7     48.2    151.0   6174.0   6710.9 newOrder
     43s        0            6.0            3.6     12.1     18.9     18.9     18.9 orderStatus
     43s        0           54.0           35.6     28.3   8589.9  33286.0  34359.7 payment
     43s        0            6.0            3.5     21.0     28.3     28.3     28.3 stockLevel
     44s        0            4.0            3.8     48.2     54.5     54.5     54.5 delivery
     44s        0           48.0           37.0     41.9    134.2  10200.5  10200.5 newOrder
     44s        0            6.0            3.6      6.3      7.9      7.9      7.9 orderStatus
     44s        0           53.0           36.0     12.6  10737.4  27917.3  34359.7 payment
     44s        0            3.0            3.5     22.0     23.1     23.1     23.1 stockLevel
_elapsed___errors__ops/sec(inst)___ops/sec(cum)__p50(ms)__p95(ms)__p99(ms)_pMax(ms)
     45s        0            4.0            3.8     54.5    142.6    142.6    142.6 delivery
     45s        0           45.0           37.2     39.8    130.0   3623.9   3623.9 newOrder
     45s        0            2.0            3.6      8.9     12.6     12.6     12.6 orderStatus
     45s        0           38.0           36.0     21.0  36507.2  40802.2  40802.2 payment
     45s        0            9.0            3.6     21.0     54.5     54.5     54.5 stockLevel
     46s        0           10.0            3.9     83.9    318.8    318.8    318.8 delivery
     46s        0           51.0           37.5     46.1    192.9   3489.7   7516.2 newOrder
     46s        0            6.0            3.6      9.4     37.7     37.7     37.7 orderStatus
     46s        0           54.0           36.4     23.1     88.1  33286.0  42949.7 payment
     46s        0            5.0            3.7     26.2   2415.9   2415.9   2415.9 stockLevel
     47s        0            4.0            3.9     58.7     83.9     83.9     83.9 delivery
     47s        0           54.0           37.8     41.9   1208.0   4026.5   4563.4 newOrder
     47s        0            3.0            3.6      5.2     13.6     13.6     13.6 orderStatus
     47s        0           60.0           36.9     17.8  11274.3  23622.3  40802.2 payment
     47s        0            4.0            3.7     23.1     32.5     32.5     32.5 stockLevel
     48s        0            0.0            3.9      0.0      0.0      0.0      0.0 delivery
     48s        0            1.0           37.1     19.9     19.9     19.9     19.9 newOrder
     48s        0            0.0            3.5      0.0      0.0      0.0      0.0 orderStatus
     48s        0            0.0           36.1      0.0      0.0      0.0      0.0 payment
     48s        0            0.0            3.6      0.0      0.0      0.0      0.0 stockLevel
_elapsed___errors__ops/sec(inst)___ops/sec(cum)__p50(ms)__p95(ms)__p99(ms)_pMax(ms)
     49s        0            7.0            3.9     75.5    218.1    218.1    218.1 delivery
     49s        0           48.0           37.3     48.2   5100.3   8321.5   8321.5 newOrder
     49s        0            4.0            3.6      4.1     16.8     16.8     16.8 orderStatus
     49s        0           40.0           36.2     23.1  21474.8  49392.1  49392.1 payment
     49s        0            2.0            3.6     24.1     35.7     35.7     35.7 stockLevel
     50s        0            5.0            3.9     54.5     67.1     67.1     67.1 delivery
     50s        0           40.0           37.3     39.8    335.5    939.5    939.5 newOrder
     50s        0            3.0            3.5      7.3      8.4      8.4      8.4 orderStatus
     50s        0           53.0           36.5     19.9     79.7  18253.6  47244.6 payment
     50s        0            4.0            3.6     19.9     52.4     52.4     52.4 stockLevel
     51s        0            1.0            3.9     37.7     37.7     37.7     37.7 delivery
     51s        0           30.0           37.2     24.1     88.1    872.4    872.4 newOrder
     51s        0            4.0            3.5      4.1      5.5      5.5      5.5 orderStatus
     51s        0           28.0           36.4     13.6  18253.6  36507.2  36507.2 payment
     51s        0            3.0            3.5     13.1     15.2     15.2     15.2 stockLevel
     52s        0            0.0            3.8      0.0      0.0      0.0      0.0 delivery
     52s        0           15.0           36.8     37.7   2818.6   5368.7   5368.7 newOrder
     52s        0            1.0            3.5     11.5     11.5     11.5     11.5 orderStatus
     52s        0           15.0           36.0     14.2   5100.3  36507.2  36507.2 payment
     52s        0            1.0            3.5     21.0     21.0     21.0     21.0 stockLevel
_elapsed___errors__ops/sec(inst)___ops/sec(cum)__p50(ms)__p95(ms)__p99(ms)_pMax(ms)
     53s        0            4.0            3.8     54.5    121.6    121.6    121.6 delivery
     53s        0           39.0           36.8     32.5    125.8   3087.0   3087.0 newOrder
     53s        0            4.0            3.5      4.1      7.1      7.1      7.1 orderStatus
     53s        0           41.0           36.1     15.2   8053.1  51539.6  51539.6 payment
     53s        0            3.0            3.5     22.0     23.1     23.1     23.1 stockLevel
     54s        0            2.0            3.8     58.7     75.5     75.5     75.5 delivery
     54s        0           50.0           37.1     52.4   2952.8   5100.3   5100.3 newOrder
     54s        0            6.0            3.6      6.8     10.5     10.5     10.5 orderStatus
     54s        0           30.0           35.9     23.1     71.3     71.3     71.3 payment
     54s        0            6.0            3.5     25.2    536.9    536.9    536.9 stockLevel
     55s        0            4.0            3.8    113.2    151.0    151.0    151.0 delivery
     55s        0           61.0           37.5     75.5    209.7   5905.6   6174.0 newOrder
     55s        0            6.0            3.6     16.3     37.7     37.7     37.7 orderStatus
     55s        0           60.0           36.4     35.7   5637.1  31138.5  47244.6 payment
     55s        0            8.0            3.6     41.9    201.3    201.3    201.3 stockLevel
     56s        0            5.0            3.8     79.7    134.2    134.2    134.2 delivery
     56s        0           58.0           37.9     71.3    805.3   3087.0  11811.2 newOrder
     56s        0            4.0            3.6     10.5     19.9     19.9     19.9 orderStatus
     56s        0           72.0           37.0     35.7   8321.5  21474.8  22548.6 payment
     56s        0            4.0            3.6     35.7    159.4    159.4    159.4 stockLevel
_elapsed___errors__ops/sec(inst)___ops/sec(cum)__p50(ms)__p95(ms)__p99(ms)_pMax(ms)
     57s        0            7.0            3.9     92.3    130.0    130.0    130.0 delivery
     57s        0           56.0           38.2     50.3    176.2    318.8   3355.4 newOrder
     57s        0            5.0            3.6     12.6     14.7     14.7     14.7 orderStatus
     57s        0           60.0           37.4     25.2   5637.1  11811.2  53687.1 payment
     57s        0            7.0            3.7     21.0     30.4     30.4     30.4 stockLevel
     58s        0            3.0            3.8     58.7     65.0     65.0     65.0 delivery
     58s        0           39.0           38.2     35.7   1006.6   6174.0   6174.0 newOrder
     58s        0            6.0            3.7      6.8     14.2     14.2     14.2 orderStatus
     58s        0           31.0           37.3     15.7   9126.8  40802.2  40802.2 payment
     58s        0            4.0            3.7     24.1    167.8    167.8    167.8 stockLevel
     59s        0            0.0            3.8      0.0      0.0      0.0      0.0 delivery
     59s        0            0.0           37.5      0.0      0.0      0.0      0.0 newOrder
     59s        0            0.0            3.6      0.0      0.0      0.0      0.0 orderStatus
     59s        0            0.0           36.7      0.0      0.0      0.0      0.0 payment
     59s        0            0.0            3.6      0.0      0.0      0.0      0.0 stockLevel
    1m0s        0            0.0            3.7      0.0      0.0      0.0      0.0 delivery
    1m0s        0            0.0           36.9      0.0      0.0      0.0      0.0 newOrder
    1m0s        0            0.0            3.6      0.0      0.0      0.0      0.0 orderStatus
    1m0s        0            0.0           36.1      0.0      0.0      0.0      0.0 payment
    1m0s        0            0.0            3.6      0.0      0.0      0.0      0.0 stockLevel

_elapsed___errors_____ops(total)___ops/sec(cum)__avg(ms)__p50(ms)__p95(ms)__p99(ms)_pMax(ms)__total
   60.0s        0            223            3.7     77.7     75.5    142.6    218.1    318.8  delivery
   60.0s        0           2215           36.9    401.8     48.2   2952.8   6710.9  18253.6  newOrder
   60.0s        0            213            3.6      9.8      7.9     22.0     39.8     48.2  orderStatus
   60.0s        0           2164           36.1   1114.7     24.1   6174.0  30064.8  53687.1  payment
   60.0s        0            214            3.6    118.8     24.1    536.9   2415.9   2684.4  stockLevel

_elapsed___errors_____ops(total)___ops/sec(cum)__avg(ms)__p50(ms)__p95(ms)__p99(ms)_pMax(ms)__result
   60.0s        0           5029           83.8    665.5     35.7   2684.4  18253.6  53687.1  
Audit check 9.2.1.7: SKIP: not enough delivery transactions to be statistically significant
Audit check 9.2.2.5.1: SKIP: not enough orders to be statistically significant
Audit check 9.2.2.5.2: SKIP: not enough orders to be statistically significant
Audit check 9.2.2.5.3: SKIP: not enough orders to be statistically significant
Audit check 9.2.2.5.4: SKIP: not enough payments to be statistically significant
Audit check 9.2.2.5.5: SKIP: not enough payments to be statistically significant
Audit check 9.2.2.5.6: SKIP: not enough order status transactions to be statistically significant

_elapsed_______tpmC____efc__avg(ms)__p50(ms)__p90(ms)__p95(ms)__p99(ms)_pMax(ms)
   60.0s     2215.0 1722.4%    401.8     48.2    503.3   2952.8   6710.9  18253.6
