Initializing 300 connections...
Initializing 100 workers and preparing statements...
_elapsed___errors__ops/sec(inst)___ops/sec(cum)__p50(ms)__p95(ms)__p99(ms)_pMax(ms)
      1s        0            2.7            6.0     79.7    142.6    142.6    142.6 delivery
      1s        0           23.6           53.0     41.9    109.1    130.0    134.2 newOrder
      1s        0            1.8            4.0      4.7     12.1     12.1     12.1 orderStatus
      1s        0           25.8           58.0     19.9     56.6     96.5    117.4 payment
      1s        0            4.0            9.0     24.1     62.9     62.9     62.9 stockLevel
      2s        0            8.0            7.0    104.9    218.1    218.1    218.1 delivery
      2s        0           74.0           63.5     79.7    218.1    268.4    318.8 newOrder
      2s        0            9.0            6.5      7.6     33.6     33.6     33.6 orderStatus
      2s        0           67.0           62.5     46.1    201.3    226.5    369.1 payment
      2s        0            7.0            8.0     30.4     83.9     83.9     83.9 stockLevel
      3s        0            7.0            7.0    100.7    151.0    151.0    151.0 delivery
      3s        0           78.0           68.3     88.1    318.8    369.1    520.1 newOrder
      3s        0           10.0            7.7      9.4     18.9     18.9     18.9 orderStatus
      3s        0           75.0           66.7     60.8    385.9    671.1   1006.6 payment
      3s        0            5.0            7.0     35.7    260.0    260.0    260.0 stockLevel
      4s        0            9.0            7.5    130.0    973.1    973.1    973.1 delivery
      4s        0           59.0           66.0    109.1    486.5    536.9    637.5 newOrder
      4s        0            9.0            8.0      8.9     37.7     37.7     37.7 orderStatus
      4s        0           78.0           69.5     50.3    771.8   1275.1   2013.3 payment
      4s        0           10.0            7.7     32.5    302.0    302.0    302.0 stockLevel
_elapsed___errors__ops/sec(inst)___ops/sec(cum)__p50(ms)__p95(ms)__p99(ms)_pMax(ms)
      5s        0            5.0            7.0     67.1    134.2    134.2    134.2 delivery
      5s        0           67.0           66.2    109.1    671.1    838.9   1040.2 newOrder
      5s        0            6.0            7.6     13.1     37.7     37.7     37.7 orderStatus
      5s        0           72.0           70.0     71.3   1275.1   1409.3   2281.7 payment
      5s        0            9.0            8.0     41.9    100.7    100.7    100.7 stockLevel
      6s        0            7.0            7.0    121.6    201.3    201.3    201.3 delivery
      6s        0           71.0           67.0     88.1   1140.9   1543.5   1543.5 newOrder
      6s        0            7.0            7.5     15.2     27.3     27.3     27.3 orderStatus
      6s        0           60.0           68.3     62.9   1543.5   1744.8   2281.7 payment
      6s        0            5.0            7.5     27.3    100.7    100.7    100.7 stockLevel
      7s        0            4.0            6.6     88.1    251.7    251.7    251.7 delivery
      7s        0           76.0           68.3    130.0   1275.1   1610.6   2281.7 newOrder
      7s        0            6.0            7.3     23.1     46.1     46.1     46.1 orderStatus
      7s        0           64.0           67.7     52.4   1409.3   2550.1   3489.7 payment
      7s        0            6.0            7.3     50.3    453.0    453.0    453.0 stockLevel
      8s        0            6.0            6.5    134.2    218.1    218.1    218.1 delivery
      8s        0           74.0           69.0    243.3   1140.9   1543.5   2952.8 newOrder
      8s        0            8.0            7.4     23.1     33.6     33.6     33.6 orderStatus
      8s        0           66.0           67.5    125.8   2013.3   3758.1   4563.4 payment
      8s        0            6.0            7.1     71.3    318.8    318.8    318.8 stockLevel
_elapsed___errors__ops/sec(inst)___ops/sec(cum)__p50(ms)__p95(ms)__p99(ms)_pMax(ms)
      9s        0           10.0            6.9    109.1    671.1    671.1    671.1 delivery
      9s        0           50.0           66.9    218.1   1073.7   1476.4   1476.4 newOrder
      9s        0            8.0            7.4     14.2     22.0     22.0     22.0 orderStatus
      9s        0           61.0           66.8    226.5   3623.9   4563.4   5905.6 payment
      9s        0            4.0            6.8     35.7     92.3     92.3     92.3 stockLevel
     10s        0            5.0            6.7    113.2    159.4    159.4    159.4 delivery
     10s        0           57.0           65.9    503.3   1208.0   1208.0   1275.1 newOrder
     10s        0           10.0            7.7     18.9     54.5     54.5     54.5 orderStatus
     10s        0           49.0           65.0    142.6   1744.8   4563.4   4563.4 payment
     10s        0            8.0            6.9     44.0    939.5    939.5    939.5 stockLevel
_elapsed___errors__ops/sec(inst)___ops/sec(cum)__p50(ms)__p95(ms)__p99(ms)_pMax(ms)
      1s        0            3.0            3.0    184.5    201.3    201.3    201.3 delivery
      1s        0           32.1           32.1     65.0    159.4    805.3    805.3 newOrder
      1s        0            4.0            4.0      9.4     31.5     31.5     31.5 orderStatus
      1s        0           32.1           32.1     44.0    209.7    771.8    771.8 payment
      1s        0            8.0            8.0     30.4    570.4    570.4    570.4 stockLevel
      2s        0            4.0            3.5    104.9    201.3    201.3    201.3 delivery
      2s        0           53.0           42.5    159.4   1409.3   1610.6   1677.7 newOrder
      2s        0            7.0            5.5     19.9     25.2     25.2     25.2 orderStatus
      2s        0           44.0           38.0     48.2   1208.0   1476.4   1476.4 payment
      2s        0            6.0            7.0    234.9    637.5    637.5    637.5 stockLevel
      3s        0            4.0            3.7     75.5    142.6    142.6    142.6 delivery
      3s        0           60.0           48.4    385.9   1879.0   2415.9   2415.9 newOrder
      3s        0            2.0            4.3      6.3     24.1     24.1     24.1 orderStatus
      3s        0           36.0           37.4    159.4   1040.2   2684.4   2684.4 payment
      3s        0            8.0            7.3     31.5    218.1    218.1    218.1 stockLevel
      4s        0            6.0            4.3    100.7    201.3    201.3    201.3 delivery
      4s        0           58.0           50.8    234.9   1409.3   1610.6   2147.5 newOrder
      4s        0            5.0            4.5     11.5     21.0     21.0     21.0 orderStatus
      4s        0           55.0           41.8    113.2   1744.8   2147.5   2818.6 payment
      4s        0            2.0            6.0     25.2     75.5     75.5     75.5 stockLevel
_elapsed___errors__ops/sec(inst)___ops/sec(cum)__p50(ms)__p95(ms)__p99(ms)_pMax(ms)
      5s        0            9.0            5.2    121.6    176.2    176.2    176.2 delivery
      5s        0           63.0           53.2    125.8   1140.9   1409.3   2080.4 newOrder
      5s        0            4.0            4.4      8.1     18.9     18.9     18.9 orderStatus
      5s        0           65.0           46.4     56.6   3087.0   4026.5   4026.5 payment
      5s        0            7.0            6.2     44.0    738.2    738.2    738.2 stockLevel
      6s        0            8.0            5.7     96.5    159.4    159.4    159.4 delivery
      6s        0           58.0           54.0    125.8   1946.2   2281.7   2952.8 newOrder
      6s        0            5.0            4.5      7.1     12.6     12.6     12.6 orderStatus
      6s        0           55.0           47.9     60.8   3355.4   4831.8   4831.8 payment
      6s        0            6.0            6.2     48.2    671.1    671.1    671.1 stockLevel
      7s        0            7.0            5.9     96.5    335.5    335.5    335.5 delivery
      7s        0           68.0           56.0     83.9   1543.5   2281.7   2281.7 newOrder
      7s        0            3.0            4.3     23.1     52.4     52.4     52.4 orderStatus
      7s        0           43.0           47.2    100.7   4160.7   5100.3   5100.3 payment
      7s        0            7.0            6.3     30.4   1342.2   1342.2   1342.2 stockLevel
      8s        0            8.0            6.1    184.5    536.9    536.9    536.9 delivery
      8s        0           60.0           56.5    109.1   1208.0   1811.9   3758.1 newOrder
      8s        0            6.0            4.5     13.1     39.8     39.8     39.8 orderStatus
      8s        0           65.0           49.4     65.0   4160.7   6979.3   6979.3 payment
      8s        0            3.0            5.9    192.9    335.5    335.5    335.5 stockLevel
_elapsed___errors__ops/sec(inst)___ops/sec(cum)__p50(ms)__p95(ms)__p99(ms)_pMax(ms)
      9s        0            5.0            6.0     62.9     92.3     92.3     92.3 delivery
      9s        0           46.0           55.3     48.2    453.0    771.8    771.8 newOrder
      9s        0            4.0            4.4     11.0     11.5     11.5     11.5 orderStatus
      9s        0           61.0           50.7     48.2   3623.9   4831.8   4831.8 payment
      9s        0            8.0            6.1     24.1    125.8    125.8    125.8 stockLevel
     10s        0            5.0            5.9     75.5    104.9    104.9    104.9 delivery
     10s        0           61.0           55.9     71.3   2818.6   5100.3   6174.0 newOrder
     10s        0            9.0            4.9      5.8     21.0     21.0     21.0 orderStatus
     10s        0           48.0           50.4     37.7   2684.4   4831.8   4831.8 payment
     10s        0            7.0            6.2     35.7    453.0    453.0    453.0 stockLevel
     11s        0            7.0            6.0     83.9    142.6    142.6    142.6 delivery
     11s        0           57.0           56.0     39.8   3087.0   3355.4   5368.7 newOrder
     11s        0            8.0            5.2      7.3     12.6     12.6     12.6 orderStatus
     11s        0           45.0           49.9     17.8   6442.5   6710.9   6710.9 payment
     11s        0            4.0            6.0     17.8     31.5     31.5     31.5 stockLevel
     12s        0            9.0            6.3     60.8    117.4    117.4    117.4 delivery
     12s        0           53.0           55.8     35.7   1275.1   4026.5   6174.0 newOrder
     12s        0            6.0            5.3      4.7      8.4      8.4      8.4 orderStatus
     12s        0           43.0           49.3     17.8   5637.1  10200.5  10200.5 payment
     12s        0            3.0            5.8     18.9     18.9     18.9     18.9 stockLevel
_elapsed___errors__ops/sec(inst)___ops/sec(cum)__p50(ms)__p95(ms)__p99(ms)_pMax(ms)
     13s        0            3.0            6.0     67.1     96.5     96.5     96.5 delivery
     13s        0           63.0           56.3     60.8   6174.0   6710.9   8589.9 newOrder
     13s        0            5.0            5.2     14.7     25.2     25.2     25.2 orderStatus
     13s        0           46.0           49.1     25.2   8053.1  12348.0  12348.0 payment
     13s        0            2.0            5.5     18.9    805.3    805.3    805.3 stockLevel
     14s        0            6.0            6.0     65.0     88.1     88.1     88.1 delivery
     14s        0           60.0           56.6     44.0   1610.6   2147.5   4563.4 newOrder
     14s        0            8.0            5.4      6.6     15.2     15.2     15.2 orderStatus
     14s        0           63.0           50.1     21.0   6174.0   8589.9   9126.8 payment
     14s        0            7.0            5.6     33.6     96.5     96.5     96.5 stockLevel
     15s        0            6.0            6.0     65.0     83.9     83.9     83.9 delivery
     15s        0           54.0           56.4     48.2   1744.8   2415.9   5637.1 newOrder
     15s        0            5.0            5.4      6.6     11.5     11.5     11.5 orderStatus
     15s        0           68.0           51.3     21.0   6710.9   9663.7  13958.6 payment
     15s        0            7.0            5.7     28.3     48.2     48.2     48.2 stockLevel
     16s        0            4.0            5.9     60.8     88.1     88.1     88.1 delivery
     16s        0           41.0           55.4     48.2   1208.0   2415.9   2415.9 newOrder
     16s        0            3.0            5.3      5.2      6.8      6.8      6.8 orderStatus
     16s        0           51.0           51.3     23.1   4563.4   8321.5   9126.8 payment
     16s        0            6.0            5.7     22.0     35.7     35.7     35.7 stockLevel
_elapsed___errors__ops/sec(inst)___ops/sec(cum)__p50(ms)__p95(ms)__p99(ms)_pMax(ms)
     17s        0            6.0            5.9     48.2     71.3     71.3     71.3 delivery
     17s        0           54.0           55.4     56.6   3623.9   3892.3   4026.5 newOrder
     17s        0            7.0            5.4      9.4     15.2     15.2     15.2 orderStatus
     17s        0           49.0           51.1     27.3   3087.0  17179.9  17179.9 payment
     17s        0            6.0            5.7     31.5   1476.4   1476.4   1476.4 stockLevel
     18s        0            6.0            5.9     65.0    117.4    117.4    117.4 delivery
     18s        0           67.0           56.0     48.2   2080.4   2952.8   5905.6 newOrder
     18s        0            6.0            5.4      9.4     16.8     16.8     16.8 orderStatus
     18s        0           59.0           51.6     23.1   7516.2  10200.5  12348.0 payment
     18s        0            5.0            5.7     21.0     71.3     71.3     71.3 stockLevel
     19s        0            6.0            5.9     79.7    151.0    151.0    151.0 delivery
     19s        0           56.0           56.0     62.9    285.2    436.2   2281.7 newOrder
     19s        0            8.0            5.5     11.5     35.7     35.7     35.7 orderStatus
     19s        0           78.0           53.0     37.7   4563.4  10200.5  14495.5 payment
     19s        0            6.0            5.7     25.2     41.9     41.9     41.9 stockLevel
     20s        0            7.0            6.0     60.8     79.7     79.7     79.7 delivery
     20s        0           53.0           55.9     33.6    176.2   2952.8   3489.7 newOrder
     20s        0            4.0            5.5      5.8     14.7     14.7     14.7 orderStatus
     20s        0           53.0           53.0     16.3     96.5   6174.0  15569.3 payment
     20s        0            5.0            5.7     22.0    738.2    738.2    738.2 stockLevel
_elapsed___errors__ops/sec(inst)___ops/sec(cum)__p50(ms)__p95(ms)__p99(ms)_pMax(ms)
     21s        0            3.0            5.8     56.6     58.7     58.7     58.7 delivery
     21s        0           53.0           55.7     37.7   2818.6   3087.0   3087.0 newOrder
     21s        0            2.0            5.3      7.6     13.1     13.1     13.1 orderStatus
     21s        0           46.0           52.6     15.7     56.6  15569.3  15569.3 payment
     21s        0            7.0            5.7     28.3   1610.6   1610.6   1610.6 stockLevel
     22s        0            3.0            5.7     79.7     83.9     83.9     83.9 delivery
     22s        0           58.0           55.8     48.2   2080.4   3758.1   4563.4 newOrder
     22s        0            5.0            5.3      9.4     22.0     22.0     22.0 orderStatus
     22s        0           51.0           52.6     23.1   6442.5  15569.3  20401.1 payment
     22s        0            6.0            5.7     19.9     41.9     41.9     41.9 stockLevel
     23s        0            5.0            5.7     67.1    109.1    109.1    109.1 delivery
     23s        0           69.0           56.4     41.9   1409.3   2281.7   4563.4 newOrder
     23s        0            8.0            5.4      7.1     29.4     29.4     29.4 orderStatus
     23s        0           56.0           52.7     24.1   5637.1  13421.8  19327.4 payment
     23s        0            6.0            5.7     26.2     79.7     79.7     79.7 stockLevel
     24s        0            2.0            5.5     35.7     71.3     71.3     71.3 delivery
     24s        0           33.0           55.4     28.3   1040.2   6979.3   6979.3 newOrder
     24s        0            5.0            5.4      8.9     12.6     12.6     12.6 orderStatus
     24s        0           43.0           52.3     11.5     32.5     67.1     67.1 payment
     24s        0            3.0            5.6     15.7     16.3     16.3     16.3 stockLevel
_elapsed___errors__ops/sec(inst)___ops/sec(cum)__p50(ms)__p95(ms)__p99(ms)_pMax(ms)
     25s        0            2.0            5.4     60.8     71.3     71.3     71.3 delivery
     25s        0           18.0           53.9     29.4   2818.6   3355.4   3355.4 newOrder
     25s        0            1.0            5.2      3.3      3.3      3.3      3.3 orderStatus
     25s        0           18.0           50.9     12.6     15.2     15.2     15.2 payment
     25s        0            1.0            5.4     17.8     17.8     17.8     17.8 stockLevel
     26s        0            0.0            5.2      0.0      0.0      0.0      0.0 delivery
     26s        0            0.0           51.9      0.0      0.0      0.0      0.0 newOrder
     26s        0            0.0            5.0      0.0      0.0      0.0      0.0 orderStatus
     26s        0            0.0           49.0      0.0      0.0      0.0      0.0 payment
     26s        0            0.0            5.2      0.0      0.0      0.0      0.0 stockLevel
     27s        0            2.0            5.0     83.9    134.2    134.2    134.2 delivery
     27s        0           39.0           51.4    121.6   4831.8   7247.8   7247.8 newOrder
     27s        0            5.0            5.0     17.8     67.1     67.1     67.1 orderStatus
     27s        0           37.0           48.5     39.8  13421.8  16643.0  16643.0 payment
     27s        0            2.0            5.1     30.4     32.5     32.5     32.5 stockLevel
     28s        0            8.0            5.1     79.7    104.9    104.9    104.9 delivery
     28s        0           52.0           51.4     71.3    285.2   2818.6   3758.1 newOrder
     28s        0            2.0            4.9      6.3     19.9     19.9     19.9 orderStatus
     28s        0           51.0           48.6     35.7    268.4  10200.5  11274.3 payment
     28s        0            6.0            5.1     25.2     52.4     52.4     52.4 stockLevel
_elapsed___errors__ops/sec(inst)___ops/sec(cum)__p50(ms)__p95(ms)__p99(ms)_pMax(ms)
     29s        0            7.0            5.2    113.2    453.0    453.0    453.0 delivery
     29s        0           47.0           51.2     65.0    151.0    167.8    167.8 newOrder
     29s        0            8.0            5.0     11.0     39.8     39.8     39.8 orderStatus
     29s        0           56.0           48.9     44.0    704.6  11274.3  13958.6 payment
     29s        0            5.0            5.1     26.2    109.1    109.1    109.1 stockLevel
     30s        0            3.0            5.1     39.8     46.1     46.1     46.1 delivery
     30s        0           46.0           51.1     35.7     75.5     88.1     88.1 newOrder
     30s        0            2.0            4.9      4.5      4.7      4.7      4.7 orderStatus
     30s        0           48.0           48.8     15.7     60.8  18253.6  18253.6 payment
     30s        0            5.0            5.1     23.1     33.6     33.6     33.6 stockLevel
     31s        0            0.0            5.0      0.0      0.0      0.0      0.0 delivery
     31s        0            8.0           49.7     23.1     29.4     29.4     29.4 newOrder
     31s        0            1.0            4.8      3.8      3.8      3.8      3.8 orderStatus
     31s        0            6.0           47.5     10.5     11.0     11.0     11.0 payment
     31s        0            0.0            5.0      0.0      0.0      0.0      0.0 stockLevel
     32s        0            0.0            4.8      0.0      0.0      0.0      0.0 delivery
     32s        0            0.0           48.1      0.0      0.0      0.0      0.0 newOrder
     32s        0            0.0            4.6      0.0      0.0      0.0      0.0 orderStatus
     32s        0            0.0           46.0      0.0      0.0      0.0      0.0 payment
     32s        0            0.0            4.8      0.0      0.0      0.0      0.0 stockLevel
_elapsed___errors__ops/sec(inst)___ops/sec(cum)__p50(ms)__p95(ms)__p99(ms)_pMax(ms)
     33s        0            0.0            4.7      0.0      0.0      0.0      0.0 delivery
     33s        0            0.0           46.7      0.0      0.0      0.0      0.0 newOrder
     33s        0            0.0            4.5      0.0      0.0      0.0      0.0 orderStatus
     33s        0            0.0           44.6      0.0      0.0      0.0      0.0 payment
     33s        0            0.0            4.7      0.0      0.0      0.0      0.0 stockLevel
     34s        0            4.0            4.6     50.3     71.3     71.3     71.3 delivery
     34s        0           32.0           46.2     48.2   6174.0   7247.8   7247.8 newOrder
     34s        0            3.0            4.4     21.0     24.1     24.1     24.1 orderStatus
     34s        0           22.0           43.9     16.8  18253.6  22548.6  22548.6 payment
     34s        0            0.0            4.5      0.0      0.0      0.0      0.0 stockLevel
     35s        0            4.0            4.6     71.3    184.5    184.5    184.5 delivery
     35s        0           40.0           46.1     46.1    637.5   7247.8   7247.8 newOrder
     35s        0            4.0            4.4      7.3     13.6     13.6     13.6 orderStatus
     35s        0           42.0           43.9     17.8     54.5    100.7    100.7 payment
     35s        0            5.0            4.5     29.4     54.5     54.5     54.5 stockLevel
     36s        0            1.0            4.5     39.8     39.8     39.8     39.8 delivery
     36s        0            7.0           45.0     25.2     29.4     29.4     29.4 newOrder
     36s        0            0.0            4.3      0.0      0.0      0.0      0.0 orderStatus
     36s        0            5.0           42.8      9.4     12.6     12.6     12.6 payment
     36s        0            1.0            4.4     12.1     12.1     12.1     12.1 stockLevel
_elapsed___errors__ops/sec(inst)___ops/sec(cum)__p50(ms)__p95(ms)__p99(ms)_pMax(ms)
     37s        0            0.0            4.4      0.0      0.0      0.0      0.0 delivery
     37s        0            0.0           43.8      0.0      0.0      0.0      0.0 newOrder
     37s        0            0.0            4.2      0.0      0.0      0.0      0.0 orderStatus
     37s        0            0.0           41.6      0.0      0.0      0.0      0.0 payment
     37s        0            0.0            4.3      0.0      0.0      0.0      0.0 stockLevel
     38s        0            3.0            4.4     71.3     75.5     75.5     75.5 delivery
     38s        0           17.0           43.1     32.5     46.1     58.7     58.7 newOrder
     38s        0            4.0            4.2      5.2     22.0     22.0     22.0 orderStatus
     38s        0           16.0           40.9     14.7  20401.1  21474.8  21474.8 payment
     38s        0            1.0            4.2     19.9     19.9     19.9     19.9 stockLevel
     39s        0            2.0            4.3     58.7     75.5     75.5     75.5 delivery
     39s        0           17.0           42.4     48.2  10200.5  10737.4  10737.4 newOrder
     39s        0            4.0            4.2      5.0     14.2     14.2     14.2 orderStatus
     39s        0           12.0           40.2     14.7     46.1  15569.3  15569.3 payment
     39s        0            2.0            4.2     17.8     21.0     21.0     21.0 stockLevel
     40s        0            2.0            4.3     52.4     56.6     56.6     56.6 delivery
     40s        0           27.0           42.0     32.5   5100.3   5368.7   5368.7 newOrder
     40s        0            3.0            4.2      4.7      6.0      6.0      6.0 orderStatus
     40s        0           32.0           40.0     13.1     37.7     46.1     46.1 payment
     40s        0            3.0            4.2     23.1     33.6     33.6     33.6 stockLevel
_elapsed___errors__ops/sec(inst)___ops/sec(cum)__p50(ms)__p95(ms)__p99(ms)_pMax(ms)
     41s        0            5.0            4.3     92.3    142.6    142.6    142.6 delivery
     41s        0           44.0           42.1     88.1   5368.7   5637.1   5637.1 newOrder
     41s        0            7.0            4.2     17.8     50.3     50.3     50.3 orderStatus
     41s        0           58.0           40.4     54.5  24696.1  30064.8  38654.7 payment
     41s        0            6.0            4.2     37.7    285.2    285.2    285.2 stockLevel
     42s        0            6.0            4.3    104.9    302.0    302.0    302.0 delivery
     42s        0           45.0           42.1     54.5    184.5    234.9    234.9 newOrder
     42s        0            1.0            4.1     19.9     19.9     19.9     19.9 orderStatus
     42s        0           54.0           40.8     27.3  25769.8  36507.2  42949.7 payment
     42s        0            4.0            4.2     35.7    113.2    113.2    113.2 stockLevel
     43s        0            6.0            4.3     79.7    218.1    218.1    218.1 delivery
     43s        0           47.0           42.2     46.1    130.0   3892.3   3892.3 newOrder
     43s        0            7.0            4.2      7.6     11.0     11.0     11.0 orderStatus
     43s        0           59.0           41.2     23.1  26843.5  28991.0  31138.5 payment
     43s        0            1.0            4.1     75.5     75.5     75.5     75.5 stockLevel
     44s        0            5.0            4.4     92.3    125.8    125.8    125.8 delivery
     44s        0           49.0           42.4     71.3    159.4   6442.5   6442.5 newOrder
     44s        0            5.0            4.2     19.9     32.5     32.5     32.5 orderStatus
     44s        0           53.0           41.5     35.7   9126.8  22548.6  30064.8 payment
     44s        0            6.0            4.2     31.5    100.7    100.7    100.7 stockLevel
_elapsed___errors__ops/sec(inst)___ops/sec(cum)__p50(ms)__p95(ms)__p99(ms)_pMax(ms)
     45s        0            2.0            4.3     58.7    100.7    100.7    100.7 delivery
     45s        0           46.0           42.5     41.9    209.7   3489.7   3489.7 newOrder
     45s        0            3.0            4.2      7.9     30.4     30.4     30.4 orderStatus
     45s        0           48.0           41.6     26.2    226.5  42949.7  42949.7 payment
     45s        0            5.0            4.2     29.4   1677.7   1677.7   1677.7 stockLevel
     46s        0            6.0            4.3     71.3    218.1    218.1    218.1 delivery
     46s        0           35.0           42.3     39.8    109.1   1208.0   1208.0 newOrder
     46s        0            5.0            4.2      7.3      8.9      8.9      8.9 orderStatus
     46s        0           29.0           41.3     14.2  28991.0  36507.2  36507.2 payment
     46s        0            3.0            4.2     28.3     31.5     31.5     31.5 stockLevel
     47s        0            5.0            4.4     56.6     83.9     83.9     83.9 delivery
     47s        0           28.0           42.0     39.8   5637.1   7516.2   7516.2 newOrder
     47s        0            3.0            4.2     10.5     12.1     12.1     12.1 orderStatus
     47s        0           24.0           41.0     14.7  36507.2  47244.6  47244.6 payment
     47s        0            5.0            4.2     18.9     30.4     30.4     30.4 stockLevel
     48s        0            5.0            4.4     71.3    192.9    192.9    192.9 delivery
     48s        0           52.0           42.2     44.0   2281.7   6710.9   6979.3 newOrder
     48s        0            6.0            4.2      6.6     21.0     21.0     21.0 orderStatus
     48s        0           61.0           41.4     23.1    125.8   7247.8  42949.7 payment
     48s        0            4.0            4.2     24.1     35.7     35.7     35.7 stockLevel
_elapsed___errors__ops/sec(inst)___ops/sec(cum)__p50(ms)__p95(ms)__p99(ms)_pMax(ms)
     49s        0            4.0            4.4     56.6     88.1     88.1     88.1 delivery
     49s        0           59.0           42.6     41.9    226.5   5905.6   6979.3 newOrder
     49s        0            9.0            4.3      5.8     12.6     12.6     12.6 orderStatus
     49s        0           52.0           41.6     18.9     96.5    176.2   7247.8 payment
     49s        0            9.0            4.3     22.0   2550.1   2550.1   2550.1 stockLevel
     50s        0            4.0            4.4     92.3    121.6    121.6    121.6 delivery
     50s        0           35.0           42.4     65.0   5905.6  10200.5  10200.5 newOrder
     50s        0            2.0            4.3      5.0     11.5     11.5     11.5 orderStatus
     50s        0           42.0           41.6     37.7  38654.7  49392.1  49392.1 payment
     50s        0            3.0            4.2     31.5     35.7     35.7     35.7 stockLevel
     51s        0            8.0            4.4     88.1    285.2    285.2    285.2 delivery
     51s        0           59.0           42.7     58.7   1543.5   2818.6   8053.1 newOrder
     51s        0            6.0            4.3     13.6     19.9     19.9     19.9 orderStatus
     51s        0           54.0           41.8     39.8    218.1  36507.2  42949.7 payment
     51s        0            9.0            4.3     28.3    352.3    352.3    352.3 stockLevel
     52s        0            3.0            4.4     83.9    176.2    176.2    176.2 delivery
     52s        0           71.0           43.3     54.5    159.4   2281.7   2415.9 newOrder
     52s        0            8.0            4.4     10.5     17.8     17.8     17.8 orderStatus
     52s        0           69.0           42.4     28.3  34359.7  38654.7  42949.7 payment
     52s        0            3.0            4.3     31.5     96.5     96.5     96.5 stockLevel
_elapsed___errors__ops/sec(inst)___ops/sec(cum)__p50(ms)__p95(ms)__p99(ms)_pMax(ms)
     53s        0            6.0            4.4     48.2     71.3     71.3     71.3 delivery
     53s        0           36.0           43.1     30.4     58.7   7784.6   7784.6 newOrder
     53s        0            4.0            4.4      4.5      8.9      8.9      8.9 orderStatus
     53s        0           44.0           42.4     14.7  33286.0  47244.6  47244.6 payment
     53s        0            3.0            4.3     16.3     21.0     21.0     21.0 stockLevel
     54s        0            2.0            4.4     32.5     39.8     39.8     39.8 delivery
     54s        0           52.0           43.3     32.5   1208.0   2550.1   2684.4 newOrder
     54s        0            2.0            4.3      7.9     10.0     10.0     10.0 orderStatus
     54s        0           51.0           42.6     13.1  12348.0  25769.8  38654.7 payment
     54s        0            5.0            4.3     15.2     26.2     26.2     26.2 stockLevel
     55s        0            1.0            4.3    142.6    142.6    142.6    142.6 delivery
     55s        0           14.0           42.8     24.1   4831.8  13421.8  13421.8 newOrder
     55s        0            1.0            4.3      4.5      4.5      4.5      4.5 orderStatus
     55s        0           11.0           42.0     16.3  42949.7  42949.7  42949.7 payment
     55s        0            1.0            4.2    536.9    536.9    536.9    536.9 stockLevel
     56s        0            5.0            4.3     60.8     79.7     79.7     79.7 delivery
     56s        0           56.0           43.0     39.8    637.5   2684.4   2684.4 newOrder
     56s        0            6.0            4.3      5.2     12.6     12.6     12.6 orderStatus
     56s        0           45.0           42.0     18.9     88.1  36507.2  36507.2 payment
     56s        0            6.0            4.3     22.0   1073.7   1073.7   1073.7 stockLevel
_elapsed___errors__ops/sec(inst)___ops/sec(cum)__p50(ms)__p95(ms)__p99(ms)_pMax(ms)
     57s        0            6.0            4.4     56.6     79.7     79.7     79.7 delivery
     57s        0           43.0           43.0     35.7   1811.9   5637.1   5637.1 newOrder
     57s        0            3.0            4.3      7.1      7.9      7.9      7.9 orderStatus
     57s        0           39.0           42.0     16.3    104.9  10737.4  10737.4 payment
     57s        0            4.0            4.3     18.9     26.2     26.2     26.2 stockLevel
     58s        0            4.0            4.4     48.2     62.9     62.9     62.9 delivery
     58s        0           35.0           42.9     35.7   3623.9   4295.0   4295.0 newOrder
     58s        0            2.0            4.2      3.9     16.3     16.3     16.3 orderStatus
     58s        0           36.0           41.9     19.9   5905.6  42949.7  42949.7 payment
     58s        0            4.0            4.3     22.0     32.5     32.5     32.5 stockLevel
     59s        0            3.0            4.3     60.8     71.3     71.3     71.3 delivery
     59s        0           42.0           42.8     31.5   9126.8  11811.2  11811.2 newOrder
     59s        0            8.0            4.3      5.5     15.2     15.2     15.2 orderStatus
     59s        0           42.0           41.9     13.6   3221.2  47244.6  47244.6 payment
     59s        0            2.0            4.2     18.9     41.9     41.9     41.9 stockLevel
    1m0s        0            1.0            4.3     37.7     37.7     37.7     37.7 delivery
    1m0s        0           12.0           42.3     21.0     26.2     75.5     75.5 newOrder
    1m0s        0            0.0            4.2      0.0      0.0      0.0      0.0 orderStatus
    1m0s        0           10.0           41.4      8.9     58.7     58.7     58.7 payment
    1m0s        0            2.0            4.2     12.1     22.0     22.0     22.0 stockLevel

_elapsed___errors_____ops(total)___ops/sec(cum)__avg(ms)__p50(ms)__p95(ms)__p99(ms)_pMax(ms)__total
   60.0s        0            257            4.3     91.6     75.5    201.3    335.5    536.9  delivery
   60.0s        0           2540           42.3    396.5     52.4   2281.7   6174.0  13421.8  newOrder
   60.0s        0            254            4.2     10.9      8.4     24.1     39.8     67.1  orderStatus
   60.0s        0           2481           41.4   1230.4     26.2   6442.5  34359.7  49392.1  payment
   60.0s        0            251            4.2    104.4     28.3    536.9   1476.4   2550.1  stockLevel

_elapsed___errors_____ops(total)___ops/sec(cum)__avg(ms)__p50(ms)__p95(ms)__p99(ms)_pMax(ms)__result
   60.0s        0           5783           96.4    711.1     39.8   2818.6  17179.9  49392.1  
Audit check 9.2.1.7: SKIP: not enough delivery transactions to be statistically significant
Audit check 9.2.2.5.1: SKIP: not enough orders to be statistically significant
Audit check 9.2.2.5.2: SKIP: not enough orders to be statistically significant
Audit check 9.2.2.5.3: SKIP: not enough orders to be statistically significant
Audit check 9.2.2.5.4: SKIP: not enough payments to be statistically significant
Audit check 9.2.2.5.5: SKIP: not enough payments to be statistically significant
Audit check 9.2.2.5.6: SKIP: not enough order status transactions to be statistically significant

_elapsed_______tpmC____efc__avg(ms)__p50(ms)__p90(ms)__p95(ms)__p99(ms)_pMax(ms)
   60.0s     2540.1 1975.2%    396.5     52.4    973.1   2281.7   6174.0  13421.8
