Initializing 100 connections...
Initializing 100 workers and preparing statements...
_elapsed___errors__ops/sec(inst)___ops/sec(cum)__p50(ms)__p95(ms)__p99(ms)_pMax(ms)
      1s        0            4.1            7.0     83.9    134.2    134.2    134.2 delivery
      1s        0           31.3           54.0     48.2    104.9    125.8    151.0 newOrder
      1s        0            4.1            7.0      8.9     25.2     25.2     25.2 orderStatus
      1s        0           27.8           48.0     18.9     62.9    134.2    134.2 payment
      1s        0            3.5            6.0     23.1     37.7     37.7     37.7 stockLevel
      2s        0            9.0            8.0     96.5    302.0    302.0    302.0 delivery
      2s        0           64.0           59.0     54.5    352.3    385.9    604.0 newOrder
      2s        0            6.0            6.5      7.6     24.1     24.1     24.1 orderStatus
      2s        0           64.0           56.0     29.4    268.4    436.2    486.5 payment
      2s        0            8.0            7.0     28.3     46.1     46.1     46.1 stockLevel
      3s        0            2.0            6.0     75.5    142.6    142.6    142.6 delivery
      3s        0           74.0           64.0     88.1    402.7    503.3    536.9 newOrder
      3s        0            6.0            6.3     10.0     21.0     21.0     21.0 orderStatus
      3s        0           73.0           61.7     50.3    604.0   1140.9   1208.0 payment
      3s        0            6.0            6.7     35.7    251.7    251.7    251.7 stockLevel
      4s        0            5.0            5.7     92.3    121.6    121.6    121.6 delivery
      4s        0           80.0           68.0    167.8    453.0    520.1    704.6 newOrder
      4s        0            6.0            6.2     19.9     48.2     48.2     48.2 orderStatus
      4s        0           76.0           65.2     71.3    771.8   1677.7   1677.7 payment
      4s        0            8.0            7.0     31.5     44.0     44.0     44.0 stockLevel
_elapsed___errors__ops/sec(inst)___ops/sec(cum)__p50(ms)__p95(ms)__p99(ms)_pMax(ms)
      5s        0           11.0            6.8    167.8    268.4    671.1    671.1 delivery
      5s        0           65.0           67.4    134.2    671.1    704.6    939.5 newOrder
      5s        0            6.0            6.2     24.1     56.6     56.6     56.6 orderStatus
      5s        0           63.0           64.8     79.7   1073.7   1208.0   1811.9 payment
      5s        0            7.0            7.0     39.8    570.4    570.4    570.4 stockLevel
      6s        0            9.0            7.2     96.5    469.8    469.8    469.8 delivery
      6s        0           57.0           65.7    151.0   1006.6   1342.2   1409.3 newOrder
      6s        0            7.0            6.3     11.5     26.2     26.2     26.2 orderStatus
      6s        0           75.0           66.5     83.9   1275.1   1677.7   1811.9 payment
      6s        0            6.0            6.8     32.5     71.3     71.3     71.3 stockLevel
      7s        0            8.0            7.3     96.5    385.9    385.9    385.9 delivery
      7s        0           66.0           65.7    104.9    838.9   1342.2   1946.2 newOrder
      7s        0            7.0            6.4     14.7     22.0     22.0     22.0 orderStatus
      7s        0           69.0           66.9     79.7   1879.0   2550.1   3221.2 payment
      7s        0            6.0            6.7     16.8     58.7     58.7     58.7 stockLevel
      8s        0            4.0            6.9    125.8    503.3    503.3    503.3 delivery
      8s        0           81.0           67.6    121.6   1476.4   1744.8   2080.4 newOrder
      8s        0            7.0            6.5     23.1     50.3     50.3     50.3 orderStatus
      8s        0           58.0           65.7     75.5   1610.6   1946.2   2281.7 payment
      8s        0            7.0            6.7     46.1    738.2    738.2    738.2 stockLevel
_elapsed___errors__ops/sec(inst)___ops/sec(cum)__p50(ms)__p95(ms)__p99(ms)_pMax(ms)
      9s        0            5.0            6.7     83.9    104.9    104.9    104.9 delivery
      9s        0           57.9           66.6     65.0    771.8   1006.6   1140.9 newOrder
      9s        0            6.0            6.4      8.4     11.0     11.0     11.0 orderStatus
      9s        0           75.9           66.9     41.9   1946.2   3087.0   4160.7 payment
      9s        0            6.0            6.7     31.5     41.9     41.9     41.9 stockLevel
     10s        0            3.0            6.3    167.8    536.9    536.9    536.9 delivery
     10s        0           70.0           66.9    184.5   2080.4   4026.5   5100.3 newOrder
     10s        0            5.0            6.3     14.7    167.8    167.8    167.8 orderStatus
     10s        0           59.0           66.1    192.9   1946.2   2818.6   3892.3 payment
     10s        0            9.0            6.9     56.6    453.0    453.0    453.0 stockLevel
_elapsed___errors__ops/sec(inst)___ops/sec(cum)__p50(ms)__p95(ms)__p99(ms)_pMax(ms)
      1s        0           11.0           11.0    201.3    520.1    536.9    536.9 delivery
      1s        0           38.1           38.1    142.6    503.3    570.4    570.4 newOrder
      1s        0            9.0            9.0     19.9    486.5    486.5    486.5 orderStatus
      1s        0           43.1           43.1     62.9    385.9    671.1    671.1 payment
      1s        0            4.0            4.0     35.7    637.5    637.5    637.5 stockLevel
      2s        0            4.0            7.5    109.1    218.1    218.1    218.1 delivery
      2s        0           67.0           52.6    121.6    637.5    671.1    872.4 newOrder
      2s        0            5.0            7.0     22.0    159.4    159.4    159.4 orderStatus
      2s        0           60.0           51.6    100.7    704.6    973.1   1006.6 payment
      2s        0            7.0            5.5     96.5    226.5    226.5    226.5 stockLevel
      3s        0            9.0            8.0    125.8    436.2    436.2    436.2 delivery
      3s        0           64.0           56.4    117.4    973.1   1140.9   1476.4 newOrder
      3s        0            8.0            7.3     13.1    604.0    604.0    604.0 orderStatus
      3s        0           48.0           50.4     65.0    486.5   2281.7   2281.7 payment
      3s        0            8.0            6.3    176.2   2415.9   2415.9   2415.9 stockLevel
      4s        0            6.0            7.5     67.1    159.4    159.4    159.4 delivery
      4s        0           66.0           58.8    159.4   2818.6   3355.4   3623.9 newOrder
      4s        0            4.0            6.5     13.6    167.8    167.8    167.8 orderStatus
      4s        0           91.0           60.5     88.1    771.8   1811.9   2818.6 payment
      4s        0            6.0            6.3     25.2   2818.6   2818.6   2818.6 stockLevel
_elapsed___errors__ops/sec(inst)___ops/sec(cum)__p50(ms)__p95(ms)__p99(ms)_pMax(ms)
      5s        0            8.0            7.6    100.7    385.9    385.9    385.9 delivery
      5s        0           65.0           60.0    159.4   1006.6   1208.0   1409.3 newOrder
      5s        0            8.0            6.8     16.3    226.5    226.5    226.5 orderStatus
      5s        0           61.0           60.6     39.8    285.2    637.5    906.0 payment
      5s        0            7.0            6.4    151.0   2818.6   2818.6   2818.6 stockLevel
      6s        0            7.0            7.5    109.1    192.9    192.9    192.9 delivery
      6s        0           68.0           61.4     83.9    906.0   3489.7   5368.7 newOrder
      6s        0            9.0            7.2     10.5    113.2    113.2    113.2 orderStatus
      6s        0           67.0           61.7     67.1    604.0    771.8    805.3 payment
      6s        0            4.0            6.0     30.4    486.5    486.5    486.5 stockLevel
      7s        0            6.0            7.3     75.5    385.9    385.9    385.9 delivery
      7s        0           57.0           60.7     96.5   2684.4   2818.6   3892.3 newOrder
      7s        0            3.0            6.6     13.1     14.7     14.7     14.7 orderStatus
      7s        0           53.0           60.4     25.2    243.3    285.2    637.5 payment
      7s        0            7.0            6.1    130.0   3087.0   3087.0   3087.0 stockLevel
      8s        0            6.0            7.1     62.9    285.2    285.2    285.2 delivery
      8s        0           56.0           60.1     79.7   2818.6   5368.7   6442.5 newOrder
      8s        0            8.0            6.8      8.4    218.1    218.1    218.1 orderStatus
      8s        0           49.0           59.0     50.3    419.4   6710.9   6710.9 payment
      8s        0            6.0            6.1    570.4   1677.7   1677.7   1677.7 stockLevel
_elapsed___errors__ops/sec(inst)___ops/sec(cum)__p50(ms)__p95(ms)__p99(ms)_pMax(ms)
      9s        0            5.0            6.9     71.3    151.0    151.0    151.0 delivery
      9s        0           66.0           60.8     48.2    335.5    453.0   2080.4 newOrder
      9s        0            6.0            6.7     14.7    318.8    318.8    318.8 orderStatus
      9s        0           55.0           58.6     39.8    335.5    385.9    872.4 payment
      9s        0            6.0            6.1     27.3    285.2    285.2    285.2 stockLevel
     10s        0            4.0            6.6     60.8     96.5     96.5     96.5 delivery
     10s        0           55.0           60.2     62.9    419.4    436.2   3355.4 newOrder
     10s        0            8.0            6.8      6.8    176.2    176.2    176.2 orderStatus
     10s        0           66.0           59.3     27.3   2550.1   7516.2   7784.6 payment
     10s        0            5.0            6.0     65.0    117.4    117.4    117.4 stockLevel
     11s        0            5.0            6.5     88.1    167.8    167.8    167.8 delivery
     11s        0           51.0           59.4     75.5   3758.1   4160.7   6710.9 newOrder
     11s        0            3.0            6.5     10.5    251.7    251.7    251.7 orderStatus
     11s        0           48.0           58.3     37.7   5637.1   9126.8   9126.8 payment
     11s        0            5.0            5.9     23.1   2415.9   2415.9   2415.9 stockLevel
     12s        0            5.0            6.3     75.5    167.8    167.8    167.8 delivery
     12s        0           34.0           57.3     44.0   3623.9   5368.7   5368.7 newOrder
     12s        0            1.0            6.0      4.7      4.7      4.7      4.7 orderStatus
     12s        0           20.0           55.1     16.8    142.6    260.0    260.0 payment
     12s        0            1.0            5.5    104.9    104.9    104.9    104.9 stockLevel
_elapsed___errors__ops/sec(inst)___ops/sec(cum)__p50(ms)__p95(ms)__p99(ms)_pMax(ms)
     13s        0            0.0            5.8      0.0      0.0      0.0      0.0 delivery
     13s        0            5.0           53.2   3221.2   3892.3   3892.3   3892.3 newOrder
     13s        0            2.0            5.7      5.0     11.5     11.5     11.5 orderStatus
     13s        0            7.0           51.4     54.5   8053.1   8053.1   8053.1 payment
     13s        0            3.0            5.3   1342.2   1677.7   1677.7   1677.7 stockLevel
     14s        0            7.0            5.9    117.4    192.9    192.9    192.9 delivery
     14s        0           64.0           54.0     75.5   3221.2   4160.7   6174.0 newOrder
     14s        0            8.0            5.9     19.9    201.3    201.3    201.3 orderStatus
     14s        0           63.0           52.2     35.7   6174.0  11274.3  12884.9 payment
     14s        0            5.0            5.3     32.5     79.7     79.7     79.7 stockLevel
     15s        0            4.0            5.8     39.8    125.8    125.8    125.8 delivery
     15s        0           58.0           54.3     44.0    285.2   1342.2   3221.2 newOrder
     15s        0            4.0            5.7      5.8     17.8     17.8     17.8 orderStatus
     15s        0           68.0           53.3     25.2  11274.3  12884.9  13421.8 payment
     15s        0            3.0            5.1     21.0     37.7     37.7     37.7 stockLevel
     16s        0            2.0            5.6     50.3    260.0    260.0    260.0 delivery
     16s        0           37.0           53.2     39.8   1073.7   2952.8   2952.8 newOrder
     16s        0            5.0            5.7      5.0    167.8    167.8    167.8 orderStatus
     16s        0           42.0           52.6     24.1   5905.6  13958.6  13958.6 payment
     16s        0            5.0            5.1     16.3   1811.9   1811.9   1811.9 stockLevel
_elapsed___errors__ops/sec(inst)___ops/sec(cum)__p50(ms)__p95(ms)__p99(ms)_pMax(ms)
     17s        0            4.0            5.5     75.5    209.7    209.7    209.7 delivery
     17s        0           59.0           53.5     65.0    570.4   2550.1   2684.4 newOrder
     17s        0            5.0            5.6    192.9    234.9    234.9    234.9 orderStatus
     17s        0           33.0           51.4     39.8    226.5    453.0    453.0 payment
     17s        0            5.0            5.1     25.2    385.9    385.9    385.9 stockLevel
     18s        0            2.0            5.3     50.3    671.1    671.1    671.1 delivery
     18s        0           13.0           51.3     29.4   2818.6   9663.7   9663.7 newOrder
     18s        0            1.0            5.4    486.5    486.5    486.5    486.5 orderStatus
     18s        0           21.0           49.7     13.1    570.4   6710.9   6710.9 payment
     18s        0            0.0            4.8      0.0      0.0      0.0      0.0 stockLevel
     19s        0            5.0            5.3    142.6   1342.2   1342.2   1342.2 delivery
     19s        0           56.0           51.5     96.5   2952.8   4026.5   7516.2 newOrder
     19s        0            8.0            5.5     25.2    251.7    251.7    251.7 orderStatus
     19s        0           50.0           49.7     71.3  11811.2  15032.4  15032.4 payment
     19s        0            7.0            4.9     35.7    318.8    318.8    318.8 stockLevel
     20s        0           11.0            5.6     92.3    176.2    251.7    251.7 delivery
     20s        0           46.0           51.3     71.3    536.9   4026.5   4026.5 newOrder
     20s        0            6.0            5.6     16.3    134.2    134.2    134.2 orderStatus
     20s        0           59.0           50.2     39.8    302.0  13421.8  18253.6 payment
     20s        0            7.0            5.1     26.2    151.0    151.0    151.0 stockLevel
_elapsed___errors__ops/sec(inst)___ops/sec(cum)__p50(ms)__p95(ms)__p99(ms)_pMax(ms)
     21s        0            5.0            5.5     56.6    184.5    184.5    184.5 delivery
     21s        0           61.0           51.7     37.7    151.0    226.5    385.9 newOrder
     21s        0            5.0            5.5      5.5      8.9      8.9      8.9 orderStatus
     21s        0           54.0           50.4     18.9   6710.9  10200.5  14495.5 payment
     21s        0            2.0            4.9     65.0     75.5     75.5     75.5 stockLevel
     22s        0            2.0            5.4     35.7    201.3    201.3    201.3 delivery
     22s        0           21.0           50.3    671.1   2952.8   5905.6   5905.6 newOrder
     22s        0            1.0            5.3      4.1      4.1      4.1      4.1 orderStatus
     22s        0           18.0           48.9     21.0    771.8   9663.7   9663.7 payment
     22s        0            3.0            4.8     25.2     30.4     30.4     30.4 stockLevel
     23s        0            3.0            5.3     67.1    369.1    369.1    369.1 delivery
     23s        0           20.0           49.0     32.5    738.2    973.1    973.1 newOrder
     23s        0            3.0            5.2      5.5    369.1    369.1    369.1 orderStatus
     23s        0           22.0           47.7     12.1  12348.0  21474.8  21474.8 payment
     23s        0            2.0            4.7     14.2    167.8    167.8    167.8 stockLevel
     24s        0            1.0            5.1     39.8     39.8     39.8     39.8 delivery
     24s        0            8.0           47.3     33.6   3623.9   3623.9   3623.9 newOrder
     24s        0            1.0            5.0    838.9    838.9    838.9    838.9 orderStatus
     24s        0            5.0           46.0     11.5     12.6     12.6     12.6 payment
     24s        0            1.0            4.5   2147.5   2147.5   2147.5   2147.5 stockLevel
_elapsed___errors__ops/sec(inst)___ops/sec(cum)__p50(ms)__p95(ms)__p99(ms)_pMax(ms)
     25s        0            0.0            4.9      0.0      0.0      0.0      0.0 delivery
     25s        0            6.0           45.6     25.2   8321.5   8321.5   8321.5 newOrder
     25s        0            1.0            4.9      3.9      3.9      3.9      3.9 orderStatus
     25s        0            8.0           44.4     14.2   2818.6   2818.6   2818.6 payment
     25s        0            1.0            4.4     17.8     17.8     17.8     17.8 stockLevel
     26s        0            0.0            4.7      0.0      0.0      0.0      0.0 delivery
     26s        0           32.0           45.1     83.9   4563.4   6442.5   6442.5 newOrder
     26s        0            5.0            4.9     14.2    453.0    453.0    453.0 orderStatus
     26s        0           52.0           44.7     21.0  11811.2  18253.6  25769.8 payment
     26s        0            3.0            4.3    159.4   3221.2   3221.2   3221.2 stockLevel
     27s        0            8.0            4.8     67.1    469.8    469.8    469.8 delivery
     27s        0           58.0           45.6     56.6    436.2    738.2    771.8 newOrder
     27s        0           10.0            5.1      8.4    318.8    318.8    318.8 orderStatus
     27s        0           44.0           44.7     32.5   5637.1  24696.1  24696.1 payment
     27s        0            6.0            4.4     65.0    285.2    285.2    285.2 stockLevel
     28s        0            3.0            4.8    130.0    209.7    209.7    209.7 delivery
     28s        0           24.0           44.8     30.4    939.5   2281.7   2281.7 newOrder
     28s        0            2.0            5.0      3.8      8.9      8.9      8.9 orderStatus
     28s        0           34.0           44.3     14.2   8589.9  22548.6  22548.6 payment
     28s        0            0.0            4.3      0.0      0.0      0.0      0.0 stockLevel
_elapsed___errors__ops/sec(inst)___ops/sec(cum)__p50(ms)__p95(ms)__p99(ms)_pMax(ms)
     29s        0            1.0            4.6     48.2     48.2     48.2     48.2 delivery
     29s        0           10.0           43.6     35.7    973.1    973.1    973.1 newOrder
     29s        0            0.0            4.8      0.0      0.0      0.0      0.0 orderStatus
     29s        0           11.0           43.2     15.2     26.2  20401.1  20401.1 payment
     29s        0            0.0            4.1      0.0      0.0      0.0      0.0 stockLevel
     30s        0            1.0            4.5   2415.9   2415.9   2415.9   2415.9 delivery
     30s        0           11.0           42.5     26.2   1476.4   3892.3   3892.3 newOrder
     30s        0            0.0            4.6      0.0      0.0      0.0      0.0 orderStatus
     30s        0            9.0           42.0     15.7   2415.9   2415.9   2415.9 payment
     30s        0            2.0            4.0     21.0   1677.7   1677.7   1677.7 stockLevel
     31s        0            0.0            4.4      0.0      0.0      0.0      0.0 delivery
     31s        0            1.0           41.2   4160.7   4160.7   4160.7   4160.7 newOrder
     31s        0            0.0            4.5      0.0      0.0      0.0      0.0 orderStatus
     31s        0            1.0           40.7   3221.2   3221.2   3221.2   3221.2 payment
     31s        0            0.0            3.9      0.0      0.0      0.0      0.0 stockLevel
     32s        0            6.0            4.4     71.3    142.6    142.6    142.6 delivery
     32s        0           57.0           41.7     54.5   3087.0   4026.5   4563.4 newOrder
     32s        0            4.0            4.5     10.5    176.2    176.2    176.2 orderStatus
     32s        0           57.0           41.2     35.7    369.1   2952.8   4026.5 payment
     32s        0            5.0            3.9     96.5   1610.6   1610.6   1610.6 stockLevel
_elapsed___errors__ops/sec(inst)___ops/sec(cum)__p50(ms)__p95(ms)__p99(ms)_pMax(ms)
     33s        0            2.0            4.3     60.8     92.3     92.3     92.3 delivery
     33s        0           52.0           42.0     50.3    872.4   5100.3   6174.0 newOrder
     33s        0            4.0            4.5     10.5     16.3     16.3     16.3 orderStatus
     33s        0           47.0           41.4     26.2    436.2  30064.8  30064.8 payment
     33s        0            4.0            3.9     79.7    142.6    142.6    142.6 stockLevel
     34s        0            1.0            4.2     44.0     44.0     44.0     44.0 delivery
     34s        0            6.0           40.9     25.2  11274.3  11274.3  11274.3 newOrder
     34s        0            0.0            4.3      0.0      0.0      0.0      0.0 orderStatus
     34s        0            7.0           40.4     17.8    402.7    402.7    402.7 payment
     34s        0            0.0            3.8      0.0      0.0      0.0      0.0 stockLevel
     35s        0            3.0            4.2     83.9    302.0    302.0    302.0 delivery
     35s        0           55.0           41.3     50.3    838.9   3355.4  11811.2 newOrder
     35s        0            6.0            4.4      5.8    142.6    142.6    142.6 orderStatus
     35s        0           48.0           40.6     39.8  28991.0  32212.3  32212.3 payment
     35s        0            6.0            3.9     18.9     71.3     71.3     71.3 stockLevel
     36s        0            3.0            4.2     71.3    113.2    113.2    113.2 delivery
     36s        0           60.0           41.9     56.6    352.3   3087.0   7784.6 newOrder
     36s        0            7.0            4.4     19.9     88.1     88.1     88.1 orderStatus
     36s        0           62.0           41.2     41.9  14495.5  30064.8  34359.7 payment
     36s        0            7.0            4.0     54.5   3087.0   3087.0   3087.0 stockLevel
_elapsed___errors__ops/sec(inst)___ops/sec(cum)__p50(ms)__p95(ms)__p99(ms)_pMax(ms)
     37s        0            7.0            4.2     88.1    226.5    226.5    226.5 delivery
     37s        0           53.0           42.2     44.0    243.3   1208.0   1677.7 newOrder
     37s        0            8.0            4.5      5.8     13.6     13.6     13.6 orderStatus
     37s        0           66.0           41.9     28.3   4563.4  31138.5  33286.0 payment
     37s        0           11.0            4.2     25.2    167.8   3623.9   3623.9 stockLevel
     38s        0            8.0            4.3     62.9    184.5    184.5    184.5 delivery
     38s        0           51.0           42.4     39.8    402.7    503.3    771.8 newOrder
     38s        0            3.0            4.5      5.5    419.4    419.4    419.4 orderStatus
     38s        0           55.0           42.2     21.0  21474.8  21474.8  34359.7 payment
     38s        0            4.0            4.2     13.1    117.4    117.4    117.4 stockLevel
     39s        0            3.0            4.3    125.8    209.7    209.7    209.7 delivery
     39s        0           51.0           42.6     50.3   2952.8   3623.9   6174.0 newOrder
     39s        0            4.0            4.5     10.5    130.0    130.0    130.0 orderStatus
     39s        0           38.0           42.1     30.4    419.4    453.0    453.0 payment
     39s        0            8.0            4.3     16.3   1409.3   1409.3   1409.3 stockLevel
     40s        0            4.0            4.3    167.8    939.5    939.5    939.5 delivery
     40s        0           54.0           42.9     50.3   3355.4   5100.3   6979.3 newOrder
     40s        0            6.0            4.5      4.7    302.0    302.0    302.0 orderStatus
     40s        0           46.0           42.2     21.0   1409.3  23622.3  23622.3 payment
     40s        0            2.0            4.2     22.0    192.9    192.9    192.9 stockLevel
_elapsed___errors__ops/sec(inst)___ops/sec(cum)__p50(ms)__p95(ms)__p99(ms)_pMax(ms)
     41s        0            4.0            4.3     75.5   1476.4   1476.4   1476.4 delivery
     41s        0           26.0           42.5     62.9   1610.6   2415.9   2415.9 newOrder
     41s        0            1.0            4.4     11.5     11.5     11.5     11.5 orderStatus
     41s        0           20.0           41.7     23.1  25769.8  30064.8  30064.8 payment
     41s        0            4.0            4.2     22.0   1140.9   1140.9   1140.9 stockLevel
     42s        0            4.0            4.3    201.3   1140.9   1140.9   1140.9 delivery
     42s        0           31.0           42.2    142.6   2080.4   6174.0   6174.0 newOrder
     42s        0            5.0            4.5      6.0    520.1    520.1    520.1 orderStatus
     42s        0           27.0           41.3     29.4  20401.1  32212.3  32212.3 payment
     42s        0            3.0            4.2     21.0     23.1     23.1     23.1 stockLevel
     43s        0            8.0            4.4    302.0    805.3    805.3    805.3 delivery
     43s        0           58.0           42.6     58.7   1744.8   2684.4   6442.5 newOrder
     43s        0            6.0            4.5     18.9    436.2    436.2    436.2 orderStatus
     43s        0           60.0           41.7     46.1  23622.3  33286.0  36507.2 payment
     43s        0            4.0            4.2     27.3    419.4    419.4    419.4 stockLevel
     44s        0            5.0            4.4     71.3    285.2    285.2    285.2 delivery
     44s        0           54.0           42.8     56.6    385.9    771.8   2080.4 newOrder
     44s        0            5.0            4.5     14.7    243.3    243.3    243.3 orderStatus
     44s        0           54.0           42.0     26.2    570.4    704.6    872.4 payment
     44s        0            7.0            4.2    117.4   2080.4   2080.4   2080.4 stockLevel
_elapsed___errors__ops/sec(inst)___ops/sec(cum)__p50(ms)__p95(ms)__p99(ms)_pMax(ms)
     45s        0            0.0            4.3      0.0      0.0      0.0      0.0 delivery
     45s        0            0.0           41.9      0.0      0.0      0.0      0.0 newOrder
     45s        0            0.0            4.4      0.0      0.0      0.0      0.0 orderStatus
     45s        0            0.0           41.1      0.0      0.0      0.0      0.0 payment
     45s        0            0.0            4.1      0.0      0.0      0.0      0.0 stockLevel
     46s        0            2.0            4.2     88.1     96.5     96.5     96.5 delivery
     46s        0           11.0           41.2    209.7   7516.2   9663.7   9663.7 newOrder
     46s        0            0.0            4.3      0.0      0.0      0.0      0.0 orderStatus
     46s        0           19.0           40.6     60.8  13421.8  33286.0  33286.0 payment
     46s        0            1.0            4.1     26.2     26.2     26.2     26.2 stockLevel
     47s        0            7.0            4.3     71.3    159.4    159.4    159.4 delivery
     47s        0           46.0           41.3     58.7   2550.1   3221.2   3221.2 newOrder
     47s        0            7.0            4.4     14.2    184.5    184.5    184.5 orderStatus
     47s        0           51.0           40.8     35.7  26843.5  31138.5  45097.2 payment
     47s        0            8.0            4.1     24.1     62.9     62.9     62.9 stockLevel
     48s        0            0.0            4.2      0.0      0.0      0.0      0.0 delivery
     48s        0           19.0           40.9     30.4    318.8    671.1    671.1 newOrder
     48s        0            1.0            4.3      5.2      5.2      5.2      5.2 orderStatus
     48s        0           16.0           40.3     15.7    436.2   5637.1   5637.1 payment
     48s        0            2.0            4.1     18.9    335.5    335.5    335.5 stockLevel
_elapsed___errors__ops/sec(inst)___ops/sec(cum)__p50(ms)__p95(ms)__p99(ms)_pMax(ms)
     49s        0            0.0            4.1      0.0      0.0      0.0      0.0 delivery
     49s        0            0.0           40.0      0.0      0.0      0.0      0.0 newOrder
     49s        0            0.0            4.2      0.0      0.0      0.0      0.0 orderStatus
     49s        0            0.0           39.5      0.0      0.0      0.0      0.0 payment
     49s        0            0.0            4.0      0.0      0.0      0.0      0.0 stockLevel
     50s        0            0.0            4.0      0.0      0.0      0.0      0.0 delivery
     50s        0            3.0           39.3   3892.3   8053.1   8053.1   8053.1 newOrder
     50s        0            0.0            4.1      0.0      0.0      0.0      0.0 orderStatus
     50s        0            1.0           38.7   3221.2   3221.2   3221.2   3221.2 payment
     50s        0            0.0            3.9      0.0      0.0      0.0      0.0 stockLevel
     51s        0            2.0            4.0     46.1    704.6    704.6    704.6 delivery
     51s        0           32.0           39.1     32.5    469.8   2952.8   2952.8 newOrder
     51s        0            4.0            4.1      4.5   3221.2   3221.2   3221.2 orderStatus
     51s        0           30.0           38.6     14.7   2684.4   2952.8   2952.8 payment
     51s        0            4.0            3.9    104.9   2818.6   2818.6   2818.6 stockLevel
     52s        0            1.0            3.9     44.0     44.0     44.0     44.0 delivery
     52s        0           12.0           38.6     50.3   5100.3   7784.6   7784.6 newOrder
     52s        0            1.0            4.1      5.0      5.0      5.0      5.0 orderStatus
     52s        0           17.0           38.1     23.1  12348.0  15032.4  15032.4 payment
     52s        0            1.0            3.9     14.2     14.2     14.2     14.2 stockLevel
_elapsed___errors__ops/sec(inst)___ops/sec(cum)__p50(ms)__p95(ms)__p99(ms)_pMax(ms)
     53s        0            2.0            3.9    260.0   1073.7   1073.7   1073.7 delivery
     53s        0           23.0           38.3     52.4   6442.5   9663.7   9663.7 newOrder
     53s        0            3.0            4.0      5.0     13.1     13.1     13.1 orderStatus
     53s        0           17.0           37.7     25.2   1409.3  47244.6  47244.6 payment
     53s        0            2.0            3.8     21.0    838.9    838.9    838.9 stockLevel
     54s        0            3.0            3.9     41.9    536.9    536.9    536.9 delivery
     54s        0           21.0           38.0     79.7   1040.2   7247.8   7247.8 newOrder
     54s        0            3.0            4.0    302.0    436.2    436.2    436.2 orderStatus
     54s        0           18.0           37.4     16.3  10200.5  47244.6  47244.6 payment
     54s        0            0.0            3.8      0.0      0.0      0.0      0.0 stockLevel
     55s        0            1.0            3.8   1040.2   1040.2   1040.2   1040.2 delivery
     55s        0            7.0           37.4   2281.7  10737.4  10737.4  10737.4 newOrder
     55s        0            1.0            4.0      4.1      4.1      4.1      4.1 orderStatus
     55s        0            5.0           36.8     12.1   1275.1   1275.1   1275.1 payment
     55s        0            2.0            3.7     19.9   1040.2   1040.2   1040.2 stockLevel
     56s        0            0.0            3.8      0.0      0.0      0.0      0.0 delivery
     56s        0            2.0           36.8   5637.1  10200.5  10200.5  10200.5 newOrder
     56s        0            0.0            3.9      0.0      0.0      0.0      0.0 orderStatus
     56s        0            1.0           36.1     14.2     14.2     14.2     14.2 payment
     56s        0            0.0            3.7      0.0      0.0      0.0      0.0 stockLevel
_elapsed___errors__ops/sec(inst)___ops/sec(cum)__p50(ms)__p95(ms)__p99(ms)_pMax(ms)
     57s        0            3.0            3.8     83.9     96.5     96.5     96.5 delivery
     57s        0           53.0           37.1     58.7   3221.2   3489.7  10200.5 newOrder
     57s        0            7.0            3.9     31.5    260.0    260.0    260.0 orderStatus
     57s        0           57.0           36.5     41.9  31138.5  42949.7  47244.6 payment
     57s        0            4.0            3.7     24.1    243.3    243.3    243.3 stockLevel
     58s        0            8.0            3.8    318.8    570.4    570.4    570.4 delivery
     58s        0           58.0           37.4     50.3    906.0   1610.6   3221.2 newOrder
     58s        0            6.0            4.0     12.6    604.0    604.0    604.0 orderStatus
     58s        0           53.0           36.8     26.2    671.1   1140.9  36507.2 payment
     58s        0            6.0            3.7     25.2    268.4    268.4    268.4 stockLevel
     59s        0            3.0            3.8     48.2     52.4     52.4     52.4 delivery
     59s        0           40.0           37.5     32.5    369.1    838.9    838.9 newOrder
     59s        0            1.0            3.9      3.7      3.7      3.7      3.7 orderStatus
     59s        0           33.0           36.7     21.0  23622.3  42949.7  42949.7 payment
     59s        0            2.0            3.7     15.2    201.3    201.3    201.3 stockLevel
    1m0s        0            7.0            3.9    109.1    142.6    142.6    142.6 delivery
    1m0s        0           61.0           37.9     71.3   1409.3   2818.6   6710.9 newOrder
    1m0s        0            3.0            3.9     14.7     26.2     26.2     26.2 orderStatus
    1m0s        0           68.0           37.3     79.7  20401.1  24696.1  47244.6 payment
    1m0s        0            7.0            3.8     46.1    486.5    486.5    486.5 stockLevel

_elapsed___errors_____ops(total)___ops/sec(cum)__avg(ms)__p50(ms)__p95(ms)__p99(ms)_pMax(ms)__total
   60.0s        0            232            3.9    177.3     96.5    536.9   1342.2   2415.9  delivery
   60.0s        0           2274           37.9    418.1     62.9   2684.4   6442.5  11811.2  newOrder
   60.0s        0            235            3.9     81.8     12.6    369.1    604.0   3221.2  orderStatus
   60.0s        0           2235           37.2   1241.9     35.7   8321.5  30064.8  47244.6  payment
   60.0s        0            225            3.7    291.9     44.0   1946.2   3087.0   3623.9  stockLevel

_elapsed___errors_____ops(total)___ops/sec(cum)__avg(ms)__p50(ms)__p95(ms)__p99(ms)_pMax(ms)__result
   60.0s        0           5201           86.7    740.7     52.4   2952.8  20401.1  47244.6  
Audit check 9.2.1.7: SKIP: not enough delivery transactions to be statistically significant
Audit check 9.2.2.5.1: SKIP: not enough orders to be statistically significant
Audit check 9.2.2.5.2: SKIP: not enough orders to be statistically significant
Audit check 9.2.2.5.3: SKIP: not enough orders to be statistically significant
Audit check 9.2.2.5.4: SKIP: not enough payments to be statistically significant
Audit check 9.2.2.5.5: SKIP: not enough payments to be statistically significant
Audit check 9.2.2.5.6: SKIP: not enough order status transactions to be statistically significant

_elapsed_______tpmC____efc__avg(ms)__p50(ms)__p90(ms)__p95(ms)__p99(ms)_pMax(ms)
   60.0s     2273.8 1768.1%    418.1     62.9    906.0   2684.4   6442.5  11811.2
