***************************************
*** ###easy### TPC-C Load Generator ***
***************************************
option h with value '192.168.122.81'
option P with value '3306'
option d with value 'benchmarker'
option u with value 'root'
option p with value '123456'
option w with value '11'
option c with value '16'
option r with value '22'
option l with value '60'
option i with value '10'
<Parameters>
     [server]: 192.168.122.81
     [port]: 3306
     [DBname]: benchmarker
       [user]: root
       [pass]: 123456
  [warehouse]: 11
 [connection]: 16
     [rampup]: 22 (sec.)
    [measure]: 60 (sec.)

RAMP-UP TIME.(22 sec.)

MEASURING START.

  10, trx: 3008, 95%: 52.597, 99%: 64.838, max_rt: 146.673, 3007|80.284, 301|36.237, 301|158.858, 298|182.242
  20, trx: 2917, 95%: 56.854, 99%: 72.823, max_rt: 128.835, 2917|71.345, 292|20.199, 293|194.245, 294|304.575
  30, trx: 2941, 95%: 54.864, 99%: 74.343, max_rt: 208.316, 2938|132.576, 293|47.828, 293|353.623, 293|268.653
  40, trx: 2885, 95%: 54.357, 99%: 67.411, max_rt: 190.070, 2888|68.600, 289|16.595, 290|188.879, 289|329.129
  50, trx: 2902, 95%: 53.214, 99%: 64.297, max_rt: 92.898, 2897|53.264, 290|16.649, 289|142.773, 288|184.637
  60, trx: 2825, 95%: 57.229, 99%: 73.041, max_rt: 99.444, 2826|67.215, 282|35.011, 282|167.606, 283|213.395

STOPPING THREADS................

<Raw Results>
  [0] sc:51 lt:17427  rt:0  fl:0 avg_rt: 39.2 (5)
  [1] sc:5820 lt:11653  rt:0  fl:0 avg_rt: 11.5 (5)
  [2] sc:1354 lt:393  rt:0  fl:0 avg_rt: 5.1 (5)
  [3] sc:995 lt:753  rt:0  fl:0 avg_rt: 105.7 (80)
  [4] sc:0 lt:1745  rt:0  fl:0 avg_rt: 133.3 (20)
 in 60 sec.

<Raw Results2(sum ver.)>
  [0] sc:51  lt:17427  rt:0  fl:0 
  [1] sc:5820  lt:11653  rt:0  fl:0 
  [2] sc:1354  lt:393  rt:0  fl:0 
  [3] sc:995  lt:753  rt:0  fl:0 
  [4] sc:0  lt:1745  rt:0  fl:0 

<Constraint Check> (all must be [OK])
 [transaction percentage]
        Payment: 43.47% (>=43.0%) [OK]
   Order-Status: 4.35% (>= 4.0%) [OK]
       Delivery: 4.35% (>= 4.0%) [OK]
    Stock-Level: 4.34% (>= 4.0%) [OK]
 [response time (at least 90% passed)]
      New-Order: 0.29%  [NG] *
        Payment: 33.31%  [NG] *
   Order-Status: 77.50%  [NG] *
       Delivery: 56.92%  [NG] *
    Stock-Level: 0.00%  [NG] *

<TpmC>
                 17478.000 TpmC
