***************************************
*** ###easy### TPC-C Load Generator ***
***************************************
option h with value '192.168.122.81'
option P with value '3306'
option d with value 'benchmarker'
option u with value 'root'
option p with value '123456'
option w with value '11'
option c with value '1'
option r with value '22'
option l with value '60'
option i with value '10'
<Parameters>
     [server]: 192.168.122.81
     [port]: 3306
     [DBname]: benchmarker
       [user]: root
       [pass]: 123456
  [warehouse]: 11
 [connection]: 1
     [rampup]: 22 (sec.)
    [measure]: 60 (sec.)

RAMP-UP TIME.(22 sec.)

MEASURING START.

  10, trx: 893, 95%: 9.231, 99%: 14.809, max_rt: 24.078, 896|8.257, 90|3.487, 90|32.022, 89|35.308
  20, trx: 902, 95%: 9.010, 99%: 13.692, max_rt: 17.644, 899|10.757, 90|7.887, 89|25.452, 91|39.483
  30, trx: 900, 95%: 9.204, 99%: 14.214, max_rt: 21.302, 899|6.905, 90|2.734, 91|32.065, 89|33.050
  40, trx: 907, 95%: 8.983, 99%: 13.253, max_rt: 21.799, 912|5.302, 91|2.392, 90|29.722, 92|32.271
  50, trx: 932, 95%: 8.895, 99%: 13.217, max_rt: 18.470, 928|6.853, 92|5.481, 93|31.104, 93|35.069
  60, trx: 890, 95%: 9.226, 99%: 12.862, max_rt: 21.705, 891|8.959, 89|2.821, 89|34.399, 89|31.324

STOPPING THREADS.

<Raw Results>
  [0] sc:2075 lt:3349  rt:0  fl:0 avg_rt: 8.0 (5)
  [1] sc:5413 lt:12  rt:0  fl:0 avg_rt: 2.2 (5)
  [2] sc:540 lt:2  rt:0  fl:0 avg_rt: 1.2 (5)
  [3] sc:542 lt:0  rt:0  fl:0 avg_rt: 22.3 (80)
  [4] sc:425 lt:118  rt:0  fl:0 avg_rt: 26.1 (20)
 in 60 sec.

<Raw Results2(sum ver.)>
  [0] sc:2075  lt:3349  rt:0  fl:0 
  [1] sc:5413  lt:12  rt:0  fl:0 
  [2] sc:540  lt:2  rt:0  fl:0 
  [3] sc:542  lt:0  rt:0  fl:0 
  [4] sc:425  lt:118  rt:0  fl:0 

<Constraint Check> (all must be [OK])
 [transaction percentage]
        Payment: 43.48% (>=43.0%) [OK]
   Order-Status: 4.34% (>= 4.0%) [OK]
       Delivery: 4.34% (>= 4.0%) [OK]
    Stock-Level: 4.35% (>= 4.0%) [OK]
 [response time (at least 90% passed)]
      New-Order: 38.26%  [NG] *
        Payment: 99.78%  [OK]
   Order-Status: 99.63%  [OK]
       Delivery: 100.00%  [OK]
    Stock-Level: 78.27%  [NG] *

<TpmC>
                 5424.000 TpmC
