Initializing 300 connections...
Initializing 100 workers and preparing statements...
_elapsed___errors__ops/sec(inst)___ops/sec(cum)__p50(ms)__p95(ms)__p99(ms)_pMax(ms)
      1s        0            2.3            5.0     52.4     56.6     56.6     56.6 delivery
      1s        0           33.6           72.0     35.7    104.9    130.0    151.0 newOrder
      1s        0            3.3            7.0      5.0     10.5     10.5     10.5 orderStatus
      1s        0           35.0           75.0     16.3     56.6    100.7    117.4 payment
      1s        0            3.7            8.0     13.6     31.5     31.5     31.5 stockLevel
      2s        0           12.0            8.5     96.5    251.7    419.4    419.4 delivery
      2s        0           91.0           81.5     65.0    209.7    318.8    335.5 newOrder
      2s        0            9.0            8.0      7.1     18.9     18.9     18.9 orderStatus
      2s        0           88.0           81.5     30.4    159.4    268.4    369.1 payment
      2s        0           11.0            9.5     25.2     37.7    142.6    142.6 stockLevel
      3s        0           11.0            9.3    100.7    167.8    318.8    318.8 delivery
      3s        0           87.0           83.3     96.5    335.5    385.9    469.8 newOrder
      3s        0            8.0            8.0      6.3     10.0     10.0     10.0 orderStatus
      3s        0           86.0           83.0     52.4    302.0    486.5    570.4 payment
      3s        0            4.0            7.7     28.3    335.5    335.5    335.5 stockLevel
      4s        0           12.0           10.0     96.5    503.3    771.8    771.8 delivery
      4s        0           89.0           84.7    117.4    335.5    402.7    419.4 newOrder
      4s        0           11.0            8.7     10.0     18.9     19.9     19.9 orderStatus
      4s        0           80.0           82.2     65.0    453.0    838.9    872.4 payment
      4s        0            8.0            7.7     52.4    125.8    125.8    125.8 stockLevel
_elapsed___errors__ops/sec(inst)___ops/sec(cum)__p50(ms)__p95(ms)__p99(ms)_pMax(ms)
      5s        0            7.0            9.4     96.5    142.6    142.6    142.6 delivery
      5s        0           89.0           85.6    121.6    536.9    671.1    738.2 newOrder
      5s        0            7.0            8.4      6.3     23.1     23.1     23.1 orderStatus
      5s        0           80.0           81.8     54.5    906.0   1140.9   1342.2 payment
      5s        0           11.0            8.4     37.7    151.0    352.3    352.3 stockLevel
      6s        0            6.0            8.8     96.5    385.9    385.9    385.9 delivery
      6s        0           74.0           83.7     71.3    604.0    738.2   1275.1 newOrder
      6s        0            8.0            8.3      6.6     10.5     10.5     10.5 orderStatus
      6s        0           86.0           82.5    100.7   1677.7   2684.4   3489.7 payment
      6s        0           10.0            8.7     37.7    486.5    486.5    486.5 stockLevel
      7s        0            3.0            8.0    117.4    134.2    134.2    134.2 delivery
      7s        0           81.0           83.3     88.1   1208.0   1275.1   1342.2 newOrder
      7s        0            8.0            8.3      8.9     37.7     37.7     37.7 orderStatus
      7s        0           89.0           83.4    109.1   1409.3   2147.5   2281.7 payment
      7s        0           11.0            9.0     37.7    369.1    369.1    369.1 stockLevel
      8s        0            7.0            7.9    142.6    192.9    192.9    192.9 delivery
      8s        0           87.0           83.7    151.0   1040.2   2281.7   2684.4 newOrder
      8s        0           10.0            8.5     11.5     41.9     41.9     41.9 orderStatus
      8s        0           84.0           83.5    104.9   1409.3   2415.9   3355.4 payment
      8s        0            3.0            8.2     50.3    209.7    209.7    209.7 stockLevel
_elapsed___errors__ops/sec(inst)___ops/sec(cum)__p50(ms)__p95(ms)__p99(ms)_pMax(ms)
      9s        0            9.0            8.0     96.5    352.3    352.3    352.3 delivery
      9s        0           75.0           82.8    176.2   1140.9   1677.7   1946.2 newOrder
      9s        0           11.0            8.8     10.5     16.3     37.7     37.7 orderStatus
      9s        0           69.0           81.9     41.9   2684.4   3489.7   3758.1 payment
      9s        0            5.0            7.9     33.6     54.5     54.5     54.5 stockLevel
     10s        0            9.0            8.1    151.0    738.2    738.2    738.2 delivery
     10s        0           85.0           83.0    151.0   1409.3   3087.0   3221.2 newOrder
     10s        0            7.0            8.6     13.1     24.1     24.1     24.1 orderStatus
     10s        0           63.0           80.0     79.7   1677.7   2550.1   3221.2 payment
     10s        0            9.0            8.0     44.0    436.2    436.2    436.2 stockLevel
_elapsed___errors__ops/sec(inst)___ops/sec(cum)__p50(ms)__p95(ms)__p99(ms)_pMax(ms)
      1s        0            9.0            9.0     88.1    604.0    604.0    604.0 delivery
      1s        0           64.0           64.1     60.8    402.7    520.1    604.0 newOrder
      1s        0            6.0            6.0      8.9     37.7     37.7     37.7 orderStatus
      1s        0           63.0           63.1     39.8    352.3    671.1    771.8 payment
      1s        0            7.0            7.0     29.4     88.1     88.1     88.1 stockLevel
      2s        0           10.0            9.5     83.9    167.8    167.8    167.8 delivery
      2s        0           72.0           68.0     83.9    604.0   1006.6   1208.0 newOrder
      2s        0           10.0            8.0      8.1     11.5     11.5     11.5 orderStatus
      2s        0           67.0           65.0     41.9    637.5   1208.0   1342.2 payment
      2s        0           10.0            8.5     41.9    771.8    771.8    771.8 stockLevel
      3s        0            7.0            8.7     75.5    192.9    192.9    192.9 delivery
      3s        0           71.0           69.0     67.1    704.6   2684.4   2818.6 newOrder
      3s        0            4.0            6.7      6.8     14.2     14.2     14.2 orderStatus
      3s        0           57.0           62.4     41.9    604.0   1811.9   2013.3 payment
      3s        0            8.0            8.3     35.7    486.5    486.5    486.5 stockLevel
      4s        0            7.0            8.3     96.5    209.7    209.7    209.7 delivery
      4s        0           81.0           72.0    100.7    570.4   2550.1   2684.4 newOrder
      4s        0            8.0            7.0     11.0     35.7     35.7     35.7 orderStatus
      4s        0           83.0           67.5     60.8   1744.8   2550.1   3087.0 payment
      4s        0            6.0            7.8     41.9    453.0    453.0    453.0 stockLevel
_elapsed___errors__ops/sec(inst)___ops/sec(cum)__p50(ms)__p95(ms)__p99(ms)_pMax(ms)
      5s        0           12.0            9.0    117.4    159.4    243.3    243.3 delivery
      5s        0           76.0           72.8     71.3   2147.5   3892.3   4026.5 newOrder
      5s        0            8.0            7.2      6.8      8.4      8.4      8.4 orderStatus
      5s        0           58.0           65.6     48.2   1073.7   2415.9   4295.0 payment
      5s        0            6.0            7.4     24.1     58.7     58.7     58.7 stockLevel
      6s        0            4.0            8.2     88.1    113.2    113.2    113.2 delivery
      6s        0          100.0           77.3     62.9    906.0   1744.8   5100.3 newOrder
      6s        0           10.0            7.7      6.6     29.4     29.4     29.4 orderStatus
      6s        0           83.0           68.5     32.5    973.1   1879.0   3892.3 payment
      6s        0            7.0            7.3     26.2    151.0    151.0    151.0 stockLevel
      7s        0            9.0            8.3     92.3    201.3    201.3    201.3 delivery
      7s        0           79.0           77.6    117.4   1811.9   4563.4   5100.3 newOrder
      7s        0            9.0            7.9      8.9     24.1     24.1     24.1 orderStatus
      7s        0           76.0           69.6     56.6    570.4    771.8   4295.0 payment
      7s        0            8.0            7.4     27.3    192.9    192.9    192.9 stockLevel
      8s        0            9.0            8.4     92.3    570.4    570.4    570.4 delivery
      8s        0           94.0           79.6     56.6    209.7   2281.7   2415.9 newOrder
      8s        0            7.0            7.8      6.8     12.1     12.1     12.1 orderStatus
      8s        0           82.0           71.1     44.0   4160.7   7247.8   7247.8 payment
      8s        0           10.0            7.8     26.2     60.8     60.8     60.8 stockLevel
_elapsed___errors__ops/sec(inst)___ops/sec(cum)__p50(ms)__p95(ms)__p99(ms)_pMax(ms)
      9s        0            7.0            8.2     71.3     79.7     79.7     79.7 delivery
      9s        0           83.0           80.0     46.1    251.7   1140.9   3623.9 newOrder
      9s        0            7.0            7.7      5.2     15.2     15.2     15.2 orderStatus
      9s        0           80.0           72.1     23.1    125.8    209.7    369.1 payment
      9s        0            7.0            7.7     32.5   1275.1   1275.1   1275.1 stockLevel
     10s        0            3.0            7.7     52.4    159.4    159.4    159.4 delivery
     10s        0           65.0           78.5     32.5    117.4   1677.7   1677.7 newOrder
     10s        0            3.0            7.2      4.7      5.8      5.8      5.8 orderStatus
     10s        0           64.0           71.3     13.6    104.9   3623.9   4563.4 payment
     10s        0            5.0            7.4     18.9     41.9     41.9     41.9 stockLevel
     11s        0            9.0            7.8     56.6    113.2    113.2    113.2 delivery
     11s        0           67.0           77.5     39.8   2415.9   5368.7   5905.6 newOrder
     11s        0            8.0            7.3      5.5      6.3      6.3      6.3 orderStatus
     11s        0           76.0           71.7     15.7    142.6   5637.1   6442.5 payment
     11s        0           10.0            7.6     23.1     44.0     44.0     44.0 stockLevel
     12s        0            4.0            7.5     60.8     79.7     79.7     79.7 delivery
     12s        0           49.0           75.1     54.5   4563.4   5100.3   5100.3 newOrder
     12s        0            6.0            7.2      5.8      7.3      7.3      7.3 orderStatus
     12s        0           49.0           69.8     18.9     92.3   4831.8   4831.8 payment
     12s        0            3.0            7.3     46.1    192.9    192.9    192.9 stockLevel
_elapsed___errors__ops/sec(inst)___ops/sec(cum)__p50(ms)__p95(ms)__p99(ms)_pMax(ms)
     13s        0           12.0            7.8     71.3    159.4    302.0    302.0 delivery
     13s        0           79.0           75.4     54.5    218.1    503.3   2818.6 newOrder
     13s        0            8.0            7.2      6.3     12.1     12.1     12.1 orderStatus
     13s        0           78.0           70.5     25.2   1879.0   9663.7  10737.4 payment
     13s        0            9.0            7.4     26.2   1610.6   1610.6   1610.6 stockLevel
     14s        0            4.0            7.6     48.2     56.6     56.6     56.6 delivery
     14s        0           64.0           74.6     33.6   1610.6   2013.3   4026.5 newOrder
     14s        0            5.0            7.1      5.5      6.3      6.3      6.3 orderStatus
     14s        0           67.0           70.2     14.7    453.0   6174.0   6979.3 payment
     14s        0            9.0            7.5     19.9     37.7     37.7     37.7 stockLevel
     15s        0            6.0            7.5     50.3     75.5     75.5     75.5 delivery
     15s        0           63.0           73.8     35.7   1342.2   3489.7   3489.7 newOrder
     15s        0            7.0            7.1      5.0     10.0     10.0     10.0 orderStatus
     15s        0           57.0           69.3     15.2   9663.7  10200.5  13421.8 payment
     15s        0            4.0            7.3     14.2     35.7     35.7     35.7 stockLevel
     16s        0            0.0            7.0      0.0      0.0      0.0      0.0 delivery
     16s        0           20.0           70.4     27.3   2080.4   2147.5   2147.5 newOrder
     16s        0            2.0            6.8      3.8      4.7      4.7      4.7 orderStatus
     16s        0           18.0           66.1     11.0     17.8     18.9     18.9 payment
     16s        0            3.0            7.0     16.8     18.9     18.9     18.9 stockLevel
_elapsed___errors__ops/sec(inst)___ops/sec(cum)__p50(ms)__p95(ms)__p99(ms)_pMax(ms)
     17s        0            0.0            6.6      0.0      0.0      0.0      0.0 delivery
     17s        0            0.0           66.3      0.0      0.0      0.0      0.0 newOrder
     17s        0            0.0            6.4      0.0      0.0      0.0      0.0 orderStatus
     17s        0            0.0           62.2      0.0      0.0      0.0      0.0 payment
     17s        0            0.0            6.6      0.0      0.0      0.0      0.0 stockLevel
     18s        0            0.0            6.2      0.0      0.0      0.0      0.0 delivery
     18s        0            3.0           62.8   3623.9   4563.4   4563.4   4563.4 newOrder
     18s        0            0.0            6.0      0.0      0.0      0.0      0.0 orderStatus
     18s        0            2.0           58.9      9.4     11.0     11.0     11.0 payment
     18s        0            0.0            6.2      0.0      0.0      0.0      0.0 stockLevel
     19s        0            1.0            5.9    100.7    100.7    100.7    100.7 delivery
     19s        0           43.0           61.7     62.9   5100.3   6174.0   6174.0 newOrder
     19s        0            4.0            5.9      4.7      6.3      6.3      6.3 orderStatus
     19s        0           36.0           57.7     24.1   5905.6  10737.4  10737.4 payment
     19s        0            3.0            6.1     30.4    570.4    570.4    570.4 stockLevel
     20s        0            7.0            6.0    130.0    234.9    234.9    234.9 delivery
     20s        0           58.0           61.6     62.9    402.7   4026.5   4295.0 newOrder
     20s        0            7.0            6.0      8.1     12.1     12.1     12.1 orderStatus
     20s        0           80.0           58.8     35.7    352.3  12884.9  18253.6 payment
     20s        0            7.0            6.1     35.7     56.6     56.6     56.6 stockLevel
_elapsed___errors__ops/sec(inst)___ops/sec(cum)__p50(ms)__p95(ms)__p99(ms)_pMax(ms)
     21s        0            8.0            6.1     65.0    130.0    130.0    130.0 delivery
     21s        0           78.0           62.3     48.2    201.3    268.4    436.2 newOrder
     21s        0            8.0            6.0      5.8      8.4      8.4      8.4 orderStatus
     21s        0           78.0           59.7     22.0    352.3  13421.8  20401.1 payment
     21s        0            7.0            6.1     28.3    151.0    151.0    151.0 stockLevel
     22s        0            2.0            5.9     52.4    142.6    142.6    142.6 delivery
     22s        0           33.0           61.0     32.5     46.1    973.1    973.1 newOrder
     22s        0            2.0            5.9      3.3      5.0      5.0      5.0 orderStatus
     22s        0           36.0           58.6     16.3  10737.4  19327.4  19327.4 payment
     22s        0            4.0            6.0     15.2     22.0     22.0     22.0 stockLevel
     23s        0            8.0            6.0     50.3    125.8    125.8    125.8 delivery
     23s        0           68.0           61.3     35.7   2684.4   3087.0   3489.7 newOrder
     23s        0           11.0            6.1      5.2      8.4      8.9      8.9 orderStatus
     23s        0           64.0           58.9     14.7   8321.5  15569.3  17179.9 payment
     23s        0            9.0            6.2     23.1    453.0    453.0    453.0 stockLevel
     24s        0            2.0            5.8     41.9     58.7     58.7     58.7 delivery
     24s        0           46.0           60.7     35.7   3623.9   4160.7   4160.7 newOrder
     24s        0            1.0            5.9      6.0      6.0      6.0      6.0 orderStatus
     24s        0           50.0           58.5     18.9  14495.5  21474.8  21474.8 payment
     24s        0            4.0            6.1     15.7    520.1    520.1    520.1 stockLevel
_elapsed___errors__ops/sec(inst)___ops/sec(cum)__p50(ms)__p95(ms)__p99(ms)_pMax(ms)
     25s        0            7.0            5.9     54.5     71.3     71.3     71.3 delivery
     25s        0           80.0           61.4     41.9    113.2   2415.9   4160.7 newOrder
     25s        0            5.0            5.8      5.8      7.9      7.9      7.9 orderStatus
     25s        0           88.0           59.7     19.9   6174.0  13958.6  17179.9 payment
     25s        0            8.0            6.2     18.9     71.3     71.3     71.3 stockLevel
     26s        0            7.0            5.9     71.3    142.6    142.6    142.6 delivery
     26s        0           71.9           61.8     37.7   1811.9   2684.4   2952.8 newOrder
     26s        0           10.0            6.0      5.8      7.3      7.3      7.3 orderStatus
     26s        0           66.9           60.0     15.7    151.0  15032.4  20401.1 payment
     26s        0            6.0            6.2     23.1     46.1     46.1     46.1 stockLevel
     27s        0            5.0            5.9     75.5    100.7    100.7    100.7 delivery
     27s        0           75.1           62.3     46.1    637.5   1476.4   1744.8 newOrder
     27s        0            8.0            6.1      6.6     11.5     11.5     11.5 orderStatus
     27s        0           68.1           60.3     18.9  18253.6  20401.1  24696.1 payment
     27s        0           10.0            6.3     23.1     67.1     67.1     67.1 stockLevel
     28s        0            3.0            5.8     44.0     58.7     58.7     58.7 delivery
     28s        0           20.0           60.8     29.4     39.8     41.9     41.9 newOrder
     28s        0            2.0            5.9      5.0      8.4      8.4      8.4 orderStatus
     28s        0           18.0           58.8     11.5     14.2     14.7     14.7 payment
     28s        0            4.0            6.2     16.3     19.9     19.9     19.9 stockLevel
_elapsed___errors__ops/sec(inst)___ops/sec(cum)__p50(ms)__p95(ms)__p99(ms)_pMax(ms)
     29s        0            0.0            5.6      0.0      0.0      0.0      0.0 delivery
     29s        0            0.0           58.7      0.0      0.0      0.0      0.0 newOrder
     29s        0            0.0            5.7      0.0      0.0      0.0      0.0 orderStatus
     29s        0            0.0           56.7      0.0      0.0      0.0      0.0 payment
     29s        0            0.0            6.0      0.0      0.0      0.0      0.0 stockLevel
     30s        0            0.0            5.4      0.0      0.0      0.0      0.0 delivery
     30s        0            0.0           56.8      0.0      0.0      0.0      0.0 newOrder
     30s        0            0.0            5.5      0.0      0.0      0.0      0.0 orderStatus
     30s        0            0.0           54.8      0.0      0.0      0.0      0.0 payment
     30s        0            0.0            5.8      0.0      0.0      0.0      0.0 stockLevel
     31s        0            2.0            5.3     65.0     67.1     67.1     67.1 delivery
     31s        0           28.0           55.8     29.4   4563.4   5368.7   5368.7 newOrder
     31s        0            4.0            5.5      4.5      6.8      6.8      6.8 orderStatus
     31s        0           22.0           53.8     11.5     24.1     32.5     32.5 payment
     31s        0            5.0            5.8     14.2     17.8     17.8     17.8 stockLevel
     32s        0            7.0            5.3     60.8     79.7     79.7     79.7 delivery
     32s        0           58.0           55.9     35.7     83.9   4295.0   5905.6 newOrder
     32s        0            6.0            5.5      5.5      7.9      7.9      7.9 orderStatus
     32s        0           58.0           53.9     13.6  26843.5  27917.3  28991.0 payment
     32s        0            8.0            5.8     18.9     29.4     29.4     29.4 stockLevel
_elapsed___errors__ops/sec(inst)___ops/sec(cum)__p50(ms)__p95(ms)__p99(ms)_pMax(ms)
     33s        0            4.0            5.3     44.0     54.5     54.5     54.5 delivery
     33s        0           24.0           54.9     26.2     35.7     41.9     41.9 newOrder
     33s        0            2.0            5.4      4.2      5.0      5.0      5.0 orderStatus
     33s        0           19.0           52.9     11.0     14.7     22.0     22.0 payment
     33s        0            3.0            5.8     15.2     17.8     17.8     17.8 stockLevel
     34s        0            1.0            5.2     56.6     56.6     56.6     56.6 delivery
     34s        0           17.0           53.8     32.5   3221.2   3355.4   3355.4 newOrder
     34s        0            1.0            5.3      6.6      6.6      6.6      6.6 orderStatus
     34s        0           10.0           51.6     11.5  30064.8  30064.8  30064.8 payment
     34s        0            1.0            5.6     14.7     14.7     14.7     14.7 stockLevel
     35s        0            6.0            5.2     52.4    130.0    130.0    130.0 delivery
     35s        0           39.0           53.4     29.4     39.8     60.8     60.8 newOrder
     35s        0            7.0            5.3      5.2      8.4      8.4      8.4 orderStatus
     35s        0           59.0           51.8     15.2  11274.3  17179.9  27917.3 payment
     35s        0            4.0            5.6     12.6     17.8     17.8     17.8 stockLevel
     36s        0            0.0            5.1      0.0      0.0      0.0      0.0 delivery
     36s        0           10.0           52.2     23.1   5100.3   5100.3   5100.3 newOrder
     36s        0            0.0            5.2      0.0      0.0      0.0      0.0 orderStatus
     36s        0            6.0           50.5     10.0     11.0     11.0     11.0 payment
     36s        0            1.0            5.4     11.0     11.0     11.0     11.0 stockLevel
_elapsed___errors__ops/sec(inst)___ops/sec(cum)__p50(ms)__p95(ms)__p99(ms)_pMax(ms)
     37s        0            0.0            4.9      0.0      0.0      0.0      0.0 delivery
     37s        0            0.0           50.8      0.0      0.0      0.0      0.0 newOrder
     37s        0            0.0            5.0      0.0      0.0      0.0      0.0 orderStatus
     37s        0            0.0           49.2      0.0      0.0      0.0      0.0 payment
     37s        0            0.0            5.3      0.0      0.0      0.0      0.0 stockLevel
     38s        0            0.0            4.8      0.0      0.0      0.0      0.0 delivery
     38s        0            0.0           49.4      0.0      0.0      0.0      0.0 newOrder
     38s        0            0.0            4.9      0.0      0.0      0.0      0.0 orderStatus
     38s        0            0.0           47.9      0.0      0.0      0.0      0.0 payment
     38s        0            0.0            5.2      0.0      0.0      0.0      0.0 stockLevel
     39s        0            1.0            4.7     54.5     54.5     54.5     54.5 delivery
     39s        0           20.0           48.7     37.7   4831.8   7247.8   7247.8 newOrder
     39s        0            1.0            4.8      6.8      6.8      6.8      6.8 orderStatus
     39s        0           14.0           47.0     17.8     39.8  24696.1  24696.1 payment
     39s        0            2.0            5.1     24.1     60.8     60.8     60.8 stockLevel
     40s        0            7.0            4.8     46.1    113.2    113.2    113.2 delivery
     40s        0           72.0           49.3     32.5    104.9   4563.4   5100.3 newOrder
     40s        0            7.0            4.9      5.2      6.3      6.3      6.3 orderStatus
     40s        0           63.0           47.4     15.2  15032.4  32212.3  38654.7 payment
     40s        0            6.0            5.1     18.9     29.4     29.4     29.4 stockLevel
_elapsed___errors__ops/sec(inst)___ops/sec(cum)__p50(ms)__p95(ms)__p99(ms)_pMax(ms)
     41s        0            8.0            4.8     50.3     88.1     88.1     88.1 delivery
     41s        0           42.0           49.1     32.5     88.1    469.8    469.8 newOrder
     41s        0            5.0            4.9      5.0      7.3      7.3      7.3 orderStatus
     41s        0           52.0           47.5     14.7  14495.5  25769.8  27917.3 payment
     41s        0            4.0            5.1     14.7     30.4     30.4     30.4 stockLevel
     42s        0            5.0            4.8     50.3     65.0     65.0     65.0 delivery
     42s        0           38.0           48.8     30.4     41.9     46.1     46.1 newOrder
     42s        0            3.0            4.8      4.2      5.8      5.8      5.8 orderStatus
     42s        0           47.0           47.5     12.1  13958.6  36507.2  36507.2 payment
     42s        0            3.0            5.0     16.3     18.9     18.9     18.9 stockLevel
     43s        0            2.0            4.8     67.1    167.8    167.8    167.8 delivery
     43s        0           32.0           48.4     41.9   8321.5   9126.8   9126.8 newOrder
     43s        0            4.0            4.8      4.5      6.0      6.0      6.0 orderStatus
     43s        0           27.0           47.0     14.7     56.6     65.0     65.0 payment
     43s        0            2.0            5.0     13.6     44.0     44.0     44.0 stockLevel
     44s        0            5.0            4.8     41.9     52.4     52.4     52.4 delivery
     44s        0           41.0           48.3     26.2     54.5   3489.7   3489.7 newOrder
     44s        0            4.0            4.8      4.1      6.8      6.8      6.8 orderStatus
     44s        0           31.0           46.7     10.5     14.7     48.2     48.2 payment
     44s        0            3.0            4.9     14.7     18.9     18.9     18.9 stockLevel
_elapsed___errors__ops/sec(inst)___ops/sec(cum)__p50(ms)__p95(ms)__p99(ms)_pMax(ms)
     45s        0            2.0            4.7     44.0     75.5     75.5     75.5 delivery
     45s        0           20.0           47.6     33.6   4295.0   4295.0   4295.0 newOrder
     45s        0            0.0            4.7      0.0      0.0      0.0      0.0 orderStatus
     45s        0           20.0           46.1     11.5     46.1  34359.7  34359.7 payment
     45s        0            2.0            4.8     16.3     16.3     16.3     16.3 stockLevel
     46s        0            0.0            4.6      0.0      0.0      0.0      0.0 delivery
     46s        0            0.0           46.6      0.0      0.0      0.0      0.0 newOrder
     46s        0            0.0            4.6      0.0      0.0      0.0      0.0 orderStatus
     46s        0            0.0           45.1      0.0      0.0      0.0      0.0 payment
     46s        0            0.0            4.7      0.0      0.0      0.0      0.0 stockLevel
     47s        0            3.0            4.6     48.2     58.7     58.7     58.7 delivery
     47s        0           19.0           46.0     30.4   3623.9   3623.9   3623.9 newOrder
     47s        0            1.0            4.5      3.8      3.8      3.8      3.8 orderStatus
     47s        0           18.0           44.5     12.6     14.2     15.2     15.2 payment
     47s        0            3.0            4.7     15.2     16.3     16.3     16.3 stockLevel
     48s        0            0.0            4.5      0.0      0.0      0.0      0.0 delivery
     48s        0           31.0           45.7     31.5   4160.7   7516.2   7516.2 newOrder
     48s        0            4.0            4.5      5.0      5.5      5.5      5.5 orderStatus
     48s        0           34.0           44.3     13.1  20401.1  38654.7  38654.7 payment
     48s        0            3.0            4.7     21.0     22.0     22.0     22.0 stockLevel
_elapsed___errors__ops/sec(inst)___ops/sec(cum)__p50(ms)__p95(ms)__p99(ms)_pMax(ms)
     49s        0            2.0            4.4     37.7     75.5     75.5     75.5 delivery
     49s        0           13.0           45.0     26.2     60.8     71.3     71.3 newOrder
     49s        0            2.0            4.4      5.0      5.5      5.5      5.5 orderStatus
     49s        0           10.0           43.6     10.5     16.3     16.3     16.3 payment
     49s        0            0.0            4.6      0.0      0.0      0.0      0.0 stockLevel
     50s        0            0.0            4.3      0.0      0.0      0.0      0.0 delivery
     50s        0            0.0           44.1      0.0      0.0      0.0      0.0 newOrder
     50s        0            0.0            4.3      0.0      0.0      0.0      0.0 orderStatus
     50s        0            0.0           42.7      0.0      0.0      0.0      0.0 payment
     50s        0            0.0            4.5      0.0      0.0      0.0      0.0 stockLevel
     51s        0            0.0            4.3      0.0      0.0      0.0      0.0 delivery
     51s        0            0.0           43.3      0.0      0.0      0.0      0.0 newOrder
     51s        0            0.0            4.3      0.0      0.0      0.0      0.0 orderStatus
     51s        0            0.0           41.9      0.0      0.0      0.0      0.0 payment
     51s        0            0.0            4.4      0.0      0.0      0.0      0.0 stockLevel
     52s        0            0.0            4.2      0.0      0.0      0.0      0.0 delivery
     52s        0            1.0           42.5   5637.1   5637.1   5637.1   5637.1 newOrder
     52s        0            0.0            4.2      0.0      0.0      0.0      0.0 orderStatus
     52s        0            1.0           41.1     11.0     11.0     11.0     11.0 payment
     52s        0            0.0            4.3      0.0      0.0      0.0      0.0 stockLevel
_elapsed___errors__ops/sec(inst)___ops/sec(cum)__p50(ms)__p95(ms)__p99(ms)_pMax(ms)
     53s        0            0.0            4.1      0.0      0.0      0.0      0.0 delivery
     53s        0            0.0           41.7      0.0      0.0      0.0      0.0 newOrder
     53s        0            0.0            4.1      0.0      0.0      0.0      0.0 orderStatus
     53s        0            0.0           40.3      0.0      0.0      0.0      0.0 payment
     53s        0            0.0            4.2      0.0      0.0      0.0      0.0 stockLevel
     54s        0            1.0            4.0     39.8     39.8     39.8     39.8 delivery
     54s        0           16.0           41.2     26.2     39.8   6174.0   6174.0 newOrder
     54s        0            2.0            4.1      4.5      4.5      4.5      4.5 orderStatus
     54s        0           18.0           39.9     10.5  47244.6  49392.1  49392.1 payment
     54s        0            1.0            4.2     10.0     10.0     10.0     10.0 stockLevel
     55s        0            7.0            4.1     54.5     75.5     75.5     75.5 delivery
     55s        0           44.0           41.2     33.6     48.2     75.5     75.5 newOrder
     55s        0            6.0            4.1      5.0     10.0     10.0     10.0 orderStatus
     55s        0           51.0           40.1     13.6  32212.3  34359.7  45097.2 payment
     55s        0            4.0            4.2     13.6     16.8     16.8     16.8 stockLevel
     56s        0            6.0            4.1     52.4    134.2    134.2    134.2 delivery
     56s        0           47.0           41.3     39.8    939.5   7784.6   7784.6 newOrder
     56s        0            5.0            4.1      5.0      6.3      6.3      6.3 orderStatus
     56s        0           47.0           40.2     17.8  21474.8  47244.6  47244.6 payment
     56s        0            3.0            4.1     19.9     29.4     29.4     29.4 stockLevel
_elapsed___errors__ops/sec(inst)___ops/sec(cum)__p50(ms)__p95(ms)__p99(ms)_pMax(ms)
     57s        0            6.0            4.2     71.3    159.4    159.4    159.4 delivery
     57s        0           70.0           41.8     54.5   1476.4   4160.7  12348.0 newOrder
     57s        0            9.0            4.2      6.8     16.3     16.3     16.3 orderStatus
     57s        0           69.0           40.7     27.3  12348.0  36507.2  38654.7 payment
     57s        0           12.0            4.3     24.1     39.8     60.8     60.8 stockLevel
     58s        0           12.0            4.3     65.0    130.0    192.9    192.9 delivery
     58s        0           68.0           42.3     37.7    738.2   1610.6   1946.2 newOrder
     58s        0            9.0            4.3      7.1     11.0     11.0     11.0 orderStatus
     58s        0           85.0           41.5     17.8  31138.5  49392.1  51539.6 payment
     58s        0            8.0            4.3     18.9     27.3     27.3     27.3 stockLevel
     59s        0            5.0            4.3     46.1    130.0    130.0    130.0 delivery
     59s        0           61.0           42.6     32.5   1476.4   1677.7   2415.9 newOrder
     59s        0            4.0            4.3      4.1      5.5      5.5      5.5 orderStatus
     59s        0           60.0           41.8     13.1  34359.7  36507.2  38654.7 payment
     59s        0            8.0            4.4     21.0    142.6    142.6    142.6 stockLevel
    1m0s        0            7.0            4.4     75.5     79.7     79.7     79.7 delivery
    1m0s        0          108.0           43.7     54.5    419.4   1140.9   2818.6 newOrder
    1m0s        0           10.0            4.4      5.5     12.6     12.6     12.6 orderStatus
    1m0s        0           94.0           42.7     23.1    469.8  28991.0  34359.7 payment
    1m0s        0            8.0            4.5     33.6   1208.0   1208.0   1208.0 stockLevel

_elapsed___errors_____ops(total)___ops/sec(cum)__avg(ms)__p50(ms)__p95(ms)__p99(ms)_pMax(ms)__total
   60.0s        0            261            4.4     81.9     65.0    167.8    302.0    604.0  delivery
   60.0s        0           2622           43.7    281.8     44.0   1677.7   4831.8  12348.0  newOrder
   60.0s        0            262            4.4      6.9      6.0     12.6     27.3     37.7  orderStatus
   60.0s        0           2560           42.7   1080.6     19.9   5905.6  28991.0  51539.6  payment
   60.0s        0            268            4.5     58.0     22.0    151.0    771.8   1610.6  stockLevel

_elapsed___errors_____ops(total)___ops/sec(cum)__avg(ms)__p50(ms)__p95(ms)__p99(ms)_pMax(ms)__result
   60.0s        0           5973           99.6    593.3     33.6   1677.7  18253.6  51539.6  
Audit check 9.2.1.7: SKIP: not enough delivery transactions to be statistically significant
Audit check 9.2.2.5.1: SKIP: not enough orders to be statistically significant
Audit check 9.2.2.5.2: SKIP: not enough orders to be statistically significant
Audit check 9.2.2.5.3: SKIP: not enough orders to be statistically significant
Audit check 9.2.2.5.4: SKIP: not enough payments to be statistically significant
Audit check 9.2.2.5.5: SKIP: not enough payments to be statistically significant
Audit check 9.2.2.5.6: SKIP: not enough order status transactions to be statistically significant

_elapsed_______tpmC____efc__avg(ms)__p50(ms)__p90(ms)__p95(ms)__p99(ms)_pMax(ms)
   60.0s     2622.0 2038.9%    281.8     44.0    335.5   1677.7   4831.8  12348.0
