Initializing 200 connections...
Initializing 100 workers and preparing statements...
_elapsed___errors__ops/sec(inst)___ops/sec(cum)__p50(ms)__p95(ms)__p99(ms)_pMax(ms)
      1s        0            3.1            6.0     71.3    134.2    134.2    134.2 delivery
      1s        0           33.1           64.0     37.7     75.5    117.4    167.8 newOrder
      1s        0            2.6            5.0      5.5     44.0     44.0     44.0 orderStatus
      1s        0           37.3           72.0     16.3     58.7    121.6    151.0 payment
      1s        0            3.6            7.0     18.9     37.7     37.7     37.7 stockLevel
      2s        0           10.0            8.0     79.7    268.4    268.4    268.4 delivery
      2s        0           88.0           76.0     67.1    243.3    318.8    436.2 newOrder
      2s        0           11.0            8.0      9.4     13.6     14.7     14.7 orderStatus
      2s        0           80.0           76.0     30.4    142.6    167.8    402.7 payment
      2s        0            7.0            7.0     35.7    125.8    125.8    125.8 stockLevel
      3s        0            5.0            7.0    125.8    385.9    385.9    385.9 delivery
      3s        0           82.0           78.0    104.9    385.9    536.9    671.1 newOrder
      3s        0            8.0            8.0      8.9     23.1     23.1     23.1 orderStatus
      3s        0           85.0           79.0     48.2    402.7    838.9    838.9 payment
      3s        0           11.0            8.3     33.6     60.8    100.7    100.7 stockLevel
      4s        0            9.0            7.5     96.5    260.0    260.0    260.0 delivery
      4s        0           82.0           79.0    117.4    402.7    486.5    503.3 newOrder
      4s        0           12.0            9.0      7.6     11.0     15.7     15.7 orderStatus
      4s        0           90.0           81.7     88.1    536.9    604.0    939.5 payment
      4s        0            8.0            8.2     27.3     41.9     41.9     41.9 stockLevel
_elapsed___errors__ops/sec(inst)___ops/sec(cum)__p50(ms)__p95(ms)__p99(ms)_pMax(ms)
      5s        0            7.0            7.4    109.1    385.9    385.9    385.9 delivery
      5s        0           82.0           79.6    130.0    671.1    973.1   1476.4 newOrder
      5s        0            5.0            8.2     17.8     54.5     54.5     54.5 orderStatus
      5s        0           68.0           79.0     71.3    704.6   1342.2   1543.5 payment
      5s        0            7.0            8.0    142.6    436.2    436.2    436.2 stockLevel
      6s        0           11.0            8.0    125.8    167.8    209.7    209.7 delivery
      6s        0           70.0           78.0    167.8    704.6    939.5   1543.5 newOrder
      6s        0            5.0            7.7     13.6     24.1     24.1     24.1 orderStatus
      6s        0           55.0           75.0    201.3   1342.2   2415.9   2952.8 payment
      6s        0            8.0            8.0     35.7    167.8    167.8    167.8 stockLevel
      7s        0            5.0            7.6    134.2    771.8    771.8    771.8 delivery
      7s        0           73.0           77.3    159.4   1040.2   1342.2   1342.2 newOrder
      7s        0           10.0            8.0     14.7     30.4     30.4     30.4 orderStatus
      7s        0           69.0           74.1    125.8   1409.3   2080.4   2415.9 payment
      7s        0            8.0            8.0     56.6   1208.0   1208.0   1208.0 stockLevel
      8s        0            9.0            7.7    159.4    419.4    419.4    419.4 delivery
      8s        0           78.0           77.4    184.5   1006.6   1610.6   2281.7 newOrder
      8s        0            7.0            7.9     10.5     21.0     21.0     21.0 orderStatus
      8s        0           69.0           73.5     75.5   2281.7   2952.8   3489.7 payment
      8s        0            5.0            7.6     44.0    121.6    121.6    121.6 stockLevel
_elapsed___errors__ops/sec(inst)___ops/sec(cum)__p50(ms)__p95(ms)__p99(ms)_pMax(ms)
      9s        0            8.0            7.8    159.4    335.5    335.5    335.5 delivery
      9s        0           66.0           76.1    285.2   1946.2   2080.4   2684.4 newOrder
      9s        0            9.0            8.0     13.6     58.7     58.7     58.7 orderStatus
      9s        0           67.0           72.8    243.3   3355.4   3758.1   4026.5 payment
      9s        0           10.0            7.9     33.6    234.9    234.9    234.9 stockLevel
     10s        0            6.0            7.6    109.1    192.9    192.9    192.9 delivery
     10s        0           64.0           74.9    302.0   1140.9   1275.1   2281.7 newOrder
     10s        0            8.0            8.0      8.1     23.1     23.1     23.1 orderStatus
     10s        0           84.0           73.9    192.9   1811.9   2550.1   2550.1 payment
     10s        0            9.0            8.0     29.4    536.9    536.9    536.9 stockLevel
_elapsed___errors__ops/sec(inst)___ops/sec(cum)__p50(ms)__p95(ms)__p99(ms)_pMax(ms)
      1s        0            7.0            7.0    121.6    570.4    570.4    570.4 delivery
      1s        0           51.0           51.1    151.0    637.5    738.2    738.2 newOrder
      1s        0            7.0            7.0     15.7     37.7     37.7     37.7 orderStatus
      1s        0           41.0           41.0     56.6    637.5    838.9    838.9 payment
      1s        0            6.0            6.0     52.4    268.4    268.4    268.4 stockLevel
      2s        0            7.0            7.0    117.4    318.8    318.8    318.8 delivery
      2s        0           66.0           58.5    176.2    906.0   1610.6   1610.6 newOrder
      2s        0            9.0            8.0      7.9     58.7     58.7     58.7 orderStatus
      2s        0           56.0           48.5     50.3    939.5   1208.0   1342.2 payment
      2s        0            6.0            6.0     25.2    402.7    402.7    402.7 stockLevel
      3s        0            8.0            7.3    100.7    419.4    419.4    419.4 delivery
      3s        0           71.0           62.7    100.7    838.9   1208.0   1208.0 newOrder
      3s        0            6.0            7.3      6.3      8.9      8.9      8.9 orderStatus
      3s        0           81.0           59.4     46.1    939.5   1543.5   2550.1 payment
      3s        0           12.0            8.0     54.5    335.5    671.1    671.1 stockLevel
      4s        0            9.0            7.8     75.5    218.1    218.1    218.1 delivery
      4s        0           62.0           62.5     79.7   1073.7   1275.1   1744.8 newOrder
      4s        0            6.0            7.0      6.0      7.6      7.6      7.6 orderStatus
      4s        0           50.0           57.0     28.3   2415.9   2952.8   2952.8 payment
      4s        0            5.0            7.3     25.2     44.0     44.0     44.0 stockLevel
_elapsed___errors__ops/sec(inst)___ops/sec(cum)__p50(ms)__p95(ms)__p99(ms)_pMax(ms)
      5s        0            6.0            7.4     96.5    151.0    151.0    151.0 delivery
      5s        0           81.0           66.2     75.5    385.9    570.4   1140.9 newOrder
      5s        0            8.0            7.2      7.6     17.8     17.8     17.8 orderStatus
      5s        0           68.0           59.2     46.1   2550.1   3087.0   3087.0 payment
      5s        0            4.0            6.6     27.3    318.8    318.8    318.8 stockLevel
      6s        0            7.0            7.3     71.3    142.6    142.6    142.6 delivery
      6s        0           86.0           69.5     88.1   2818.6   3221.2   3355.4 newOrder
      6s        0            5.0            6.8      8.1     14.7     14.7     14.7 orderStatus
      6s        0           77.0           62.2     39.8   2281.7   4831.8   5905.6 payment
      6s        0            6.0            6.5     27.3     71.3     71.3     71.3 stockLevel
      7s        0           14.0            8.3     96.5    167.8    285.2    285.2 delivery
      7s        0           80.0           71.0     56.6    369.1   3221.2   5637.1 newOrder
      7s        0            9.0            7.1      6.8      8.9      8.9      8.9 orderStatus
      7s        0           89.0           66.0     31.5    637.5   2684.4   5905.6 payment
      7s        0            8.0            6.7     23.1    142.6    142.6    142.6 stockLevel
      8s        0            7.0            8.1     71.3    109.1    109.1    109.1 delivery
      8s        0           84.0           72.6     39.8    151.0   2281.7   3892.3 newOrder
      8s        0            7.0            7.1      6.6     15.7     15.7     15.7 orderStatus
      8s        0           94.0           69.5     19.9    117.4    872.4   2415.9 payment
      8s        0            5.0            6.5     18.9     48.2     48.2     48.2 stockLevel
_elapsed___errors__ops/sec(inst)___ops/sec(cum)__p50(ms)__p95(ms)__p99(ms)_pMax(ms)
      9s        0            3.0            7.6     44.0    100.7    100.7    100.7 delivery
      9s        0           58.0           71.0     30.4   3489.7   4831.8   5368.7 newOrder
      9s        0            3.0            6.7      3.9      5.8      5.8      5.8 orderStatus
      9s        0           50.0           67.3     12.1   8053.1   8321.5   8321.5 payment
      9s        0            4.0            6.2     11.5     31.5     31.5     31.5 stockLevel
     10s        0            9.0            7.7     79.7    318.8    318.8    318.8 delivery
     10s        0           88.0           72.7     58.7   2684.4   6979.3   6979.3 newOrder
     10s        0            7.0            6.7      6.3     12.1     12.1     12.1 orderStatus
     10s        0           86.0           69.2     32.5    369.1   4563.4   7516.2 payment
     10s        0           13.0            6.9     96.5    151.0   2080.4   2080.4 stockLevel
     11s        0            8.0            7.7     62.9     96.5     96.5     96.5 delivery
     11s        0           78.0           73.2     41.9    142.6   1040.2   3355.4 newOrder
     11s        0            9.0            6.9      5.5      8.4      8.4      8.4 orderStatus
     11s        0           78.0           70.0     22.0    167.8   5100.3   7247.8 payment
     11s        0            7.0            6.9     21.0     35.7     35.7     35.7 stockLevel
     12s        0            8.0            7.8     56.6     92.3     92.3     92.3 delivery
     12s        0           72.0           73.1     39.8   2147.5   3623.9   4295.0 newOrder
     12s        0            7.0            6.9      5.0      7.3      7.3      7.3 orderStatus
     12s        0           57.0           68.9     18.9     50.3   5100.3  10200.5 payment
     12s        0            7.0            6.9     15.2   1006.6   1006.6   1006.6 stockLevel
_elapsed___errors__ops/sec(inst)___ops/sec(cum)__p50(ms)__p95(ms)__p99(ms)_pMax(ms)
     13s        0           11.0            8.0    109.1    335.5    352.3    352.3 delivery
     13s        0           86.0           74.1     60.8    302.0   1677.7   4295.0 newOrder
     13s        0           13.0            7.4      6.3      9.4     11.0     11.0 orderStatus
     13s        0          103.0           71.5     46.1   6710.9  12884.9  12884.9 payment
     13s        0            7.0            6.9     48.2     83.9     83.9     83.9 stockLevel
     14s        0            6.0            7.9     65.0    125.8    125.8    125.8 delivery
     14s        0           97.0           75.7     50.3   2415.9   4295.0   5637.1 newOrder
     14s        0            8.0            7.4      5.0     35.7     35.7     35.7 orderStatus
     14s        0           90.0           72.9     25.2   4563.4  11274.3  12884.9 payment
     14s        0           12.0            7.3     28.3     88.1    234.9    234.9 stockLevel
     15s        0            9.0            7.9     83.9    302.0    302.0    302.0 delivery
     15s        0           89.0           76.6     56.6    234.9    402.7    771.8 newOrder
     15s        0            8.0            7.5      6.0      8.4      8.4      8.4 orderStatus
     15s        0           96.0           74.4     32.5    838.9   8589.9  11274.3 payment
     15s        0            8.0            7.3     18.9    151.0    151.0    151.0 stockLevel
     16s        0            7.0            7.9     46.1     96.5     96.5     96.5 delivery
     16s        0           53.0           75.1     32.5    176.2    176.2    419.4 newOrder
     16s        0            6.0            7.4      4.7      6.0      6.0      6.0 orderStatus
     16s        0           59.0           73.4     12.1    604.0    838.9   7247.8 payment
     16s        0            5.0            7.2     10.5     15.7     15.7     15.7 stockLevel
_elapsed___errors__ops/sec(inst)___ops/sec(cum)__p50(ms)__p95(ms)__p99(ms)_pMax(ms)
     17s        0            5.0            7.7     62.9    142.6    142.6    142.6 delivery
     17s        0           51.0           73.7     88.1   2550.1   3087.0   3623.9 newOrder
     17s        0            5.0            7.2      5.0     14.2     14.2     14.2 orderStatus
     17s        0           43.0           71.7     26.2    226.5  14495.5  14495.5 payment
     17s        0            5.0            7.1     30.4   1811.9   1811.9   1811.9 stockLevel
     18s        0            6.0            7.6     58.7    184.5    184.5    184.5 delivery
     18s        0           51.0           72.4     37.7   1275.1   3087.0   4295.0 newOrder
     18s        0            2.0            6.9      4.5      5.0      5.0      5.0 orderStatus
     18s        0           28.0           69.2     14.7    285.2  11811.2  11811.2 payment
     18s        0            3.0            6.8     16.3     92.3     92.3     92.3 stockLevel
     19s        0            0.0            7.2      0.0      0.0      0.0      0.0 delivery
     19s        0            0.0           68.6      0.0      0.0      0.0      0.0 newOrder
     19s        0            0.0            6.6      0.0      0.0      0.0      0.0 orderStatus
     19s        0            0.0           65.6      0.0      0.0      0.0      0.0 payment
     19s        0            0.0            6.5      0.0      0.0      0.0      0.0 stockLevel
     20s        0            0.0            6.9      0.0      0.0      0.0      0.0 delivery
     20s        0            0.0           65.2      0.0      0.0      0.0      0.0 newOrder
     20s        0            0.0            6.3      0.0      0.0      0.0      0.0 orderStatus
     20s        0            0.0           62.3      0.0      0.0      0.0      0.0 payment
     20s        0            0.0            6.2      0.0      0.0      0.0      0.0 stockLevel
_elapsed___errors__ops/sec(inst)___ops/sec(cum)__p50(ms)__p95(ms)__p99(ms)_pMax(ms)
     21s        0            0.0            6.5      0.0      0.0      0.0      0.0 delivery
     21s        0            0.0           62.1      0.0      0.0      0.0      0.0 newOrder
     21s        0            0.0            6.0      0.0      0.0      0.0      0.0 orderStatus
     21s        0            0.0           59.3      0.0      0.0      0.0      0.0 payment
     21s        0            0.0            5.9      0.0      0.0      0.0      0.0 stockLevel
     22s        0            1.0            6.3     39.8     39.8     39.8     39.8 delivery
     22s        0           27.0           60.5     29.4   4563.4   7516.2   7516.2 newOrder
     22s        0            3.0            5.8      6.0      7.9      7.9      7.9 orderStatus
     22s        0           20.0           57.5     10.5     17.8  18253.6  18253.6 payment
     22s        0            1.0            5.6     10.5     10.5     10.5     10.5 stockLevel
     23s        0            4.0            6.2     56.6    117.4    117.4    117.4 delivery
     23s        0           47.0           59.9     46.1   5100.3   6174.0   6174.0 newOrder
     23s        0            5.0            5.8      4.7      6.8      6.8      6.8 orderStatus
     23s        0           60.0           57.7     22.0  18253.6  19327.4  22548.6 payment
     23s        0            4.0            5.6     18.9   1208.0   1208.0   1208.0 stockLevel
     24s        0            8.0            6.3     75.5    104.9    104.9    104.9 delivery
     24s        0           99.9           61.6     48.2    176.2    302.0    385.9 newOrder
     24s        0           14.0            6.1      5.0      9.4     11.0     11.0 orderStatus
     24s        0          104.9           59.6     26.2  13958.6  18253.6  20401.1 payment
     24s        0           11.0            5.8     19.9     75.5    151.0    151.0 stockLevel
_elapsed___errors__ops/sec(inst)___ops/sec(cum)__p50(ms)__p95(ms)__p99(ms)_pMax(ms)
     25s        0            9.0            6.4     83.9    104.9    104.9    104.9 delivery
     25s        0           78.0           62.2     46.1    369.1    637.5    738.2 newOrder
     25s        0            6.0            6.1      5.8     14.2     14.2     14.2 orderStatus
     25s        0           85.0           60.6     30.4   7516.2  14495.5  14495.5 payment
     25s        0            9.0            5.9     15.7    192.9    192.9    192.9 stockLevel
     26s        0            6.0            6.3     60.8     92.3     92.3     92.3 delivery
     26s        0           72.0           62.6     35.7    100.7    130.0    159.4 newOrder
     26s        0            8.0            6.2      4.7      8.1      8.1      8.1 orderStatus
     26s        0           56.0           60.5     15.7   8321.5  12884.9  13421.8 payment
     26s        0            6.0            5.9     15.7     44.0     44.0     44.0 stockLevel
     27s        0            5.0            6.3     48.2     65.0     65.0     65.0 delivery
     27s        0           52.0           62.2     37.7   3087.0   4563.4   4563.4 newOrder
     27s        0            6.0            6.2      4.7      6.0      6.0      6.0 orderStatus
     27s        0           49.0           60.0     16.3  10200.5  20401.1  20401.1 payment
     27s        0            7.0            6.0     16.8     23.1     23.1     23.1 stockLevel
     28s        0           13.0            6.5     71.3    109.1    226.5    226.5 delivery
     28s        0          101.0           63.6     62.9   1409.3   2415.9   3221.2 newOrder
     28s        0           12.0            6.4      5.5      6.8      8.1      8.1 orderStatus
     28s        0           95.0           61.3     29.4  10200.5  23622.3  24696.1 payment
     28s        0           11.0            6.1     17.8     29.4     31.5     31.5 stockLevel
_elapsed___errors__ops/sec(inst)___ops/sec(cum)__p50(ms)__p95(ms)__p99(ms)_pMax(ms)
     29s        0            8.0            6.6     65.0    104.9    104.9    104.9 delivery
     29s        0           94.0           64.7     48.2    218.1   2013.3   4160.7 newOrder
     29s        0            8.0            6.4      5.8     15.2     15.2     15.2 orderStatus
     29s        0          100.0           62.6     28.3  13958.6  22548.6  25769.8 payment
     29s        0            8.0            6.2     21.0    117.4    117.4    117.4 stockLevel
     30s        0            7.0            6.6     44.0     60.8     60.8     60.8 delivery
     30s        0           52.0           64.2     30.4     52.4    352.3   2415.9 newOrder
     30s        0            6.0            6.4      5.0     10.0     10.0     10.0 orderStatus
     30s        0           57.0           62.4     12.6  14495.5  25769.8  30064.8 payment
     30s        0            5.0            6.2     13.1     26.2     26.2     26.2 stockLevel
     31s        0            1.0            6.4     48.2     48.2     48.2     48.2 delivery
     31s        0           15.0           62.6     25.2   1275.1   1879.0   1879.0 newOrder
     31s        0            2.0            6.3      3.7      4.1      4.1      4.1 orderStatus
     31s        0           14.0           60.9      9.4     12.6     19.9     19.9 payment
     31s        0            1.0            6.0     16.8     16.8     16.8     16.8 stockLevel
     32s        0            5.0            6.4     58.7     83.9     83.9     83.9 delivery
     32s        0           72.0           62.9     41.9   2952.8   3221.2   3355.4 newOrder
     32s        0           12.0            6.5      4.5      8.1      8.9      8.9 orderStatus
     32s        0           70.0           61.2     17.8   6710.9  10737.4  14495.5 payment
     32s        0            8.0            6.1     19.9     25.2     25.2     25.2 stockLevel
_elapsed___errors__ops/sec(inst)___ops/sec(cum)__p50(ms)__p95(ms)__p99(ms)_pMax(ms)
     33s        0            8.0            6.4     79.7    130.0    130.0    130.0 delivery
     33s        0           90.0           63.8     50.3   2550.1   3758.1   4563.4 newOrder
     33s        0            8.0            6.5      5.8     22.0     22.0     22.0 orderStatus
     33s        0           89.0           62.0     28.3  10737.4  28991.0  28991.0 payment
     33s        0            9.0            6.2     50.3    209.7    209.7    209.7 stockLevel
     34s        0            2.0            6.3     41.9     56.6     56.6     56.6 delivery
     34s        0           45.0           63.2     30.4     88.1    151.0    151.0 newOrder
     34s        0            2.0            6.4      4.2      7.9      7.9      7.9 orderStatus
     34s        0           39.0           61.3     13.6     75.5  18253.6  18253.6 payment
     34s        0            3.0            6.1     22.0     31.5     31.5     31.5 stockLevel
     35s        0            3.0            6.2     54.5     75.5     75.5     75.5 delivery
     35s        0           65.0           63.3     56.6   3221.2   5368.7   6174.0 newOrder
     35s        0            8.0            6.4      5.5     12.6     12.6     12.6 orderStatus
     35s        0           54.0           61.1     28.3  28991.0  31138.5  33286.0 payment
     35s        0            5.0            6.0     19.9   1879.0   1879.0   1879.0 stockLevel
     36s        0           11.0            6.3     56.6     88.1    117.4    117.4 delivery
     36s        0           66.0           63.3     41.9    209.7    469.8   2550.1 newOrder
     36s        0            7.0            6.4      5.0      7.1      7.1      7.1 orderStatus
     36s        0           57.0           61.0     16.8   6442.5  11274.3  25769.8 payment
     36s        0            5.0            6.0     17.8     26.2     26.2     26.2 stockLevel
_elapsed___errors__ops/sec(inst)___ops/sec(cum)__p50(ms)__p95(ms)__p99(ms)_pMax(ms)
     37s        0            4.0            6.3     67.1    104.9    104.9    104.9 delivery
     37s        0           51.0           63.0     37.7   1610.6   1744.8   3221.2 newOrder
     37s        0            4.0            6.4      5.5     11.0     11.0     11.0 orderStatus
     37s        0           51.0           60.7     17.8   1677.7  13958.6  20401.1 payment
     37s        0            6.0            6.0     17.8     33.6     33.6     33.6 stockLevel
     38s        0            5.0            6.2     65.0    113.2    113.2    113.2 delivery
     38s        0           71.0           63.2     44.0    117.4   2013.3   5100.3 newOrder
     38s        0            7.0            6.4      6.8     15.2     15.2     15.2 orderStatus
     38s        0           65.0           60.8     18.9   5637.1  22548.6  25769.8 payment
     38s        0            9.0            6.1     21.0     44.0     44.0     44.0 stockLevel
     39s        0            3.0            6.2     41.9     58.7     58.7     58.7 delivery
     39s        0           20.0           62.1     23.1    738.2   4563.4   4563.4 newOrder
     39s        0            2.0            6.3      3.9      4.1      4.1      4.1 orderStatus
     39s        0           20.0           59.8     10.0     12.1     14.2     14.2 payment
     39s        0            2.0            6.0     14.7     19.9     19.9     19.9 stockLevel
     40s        0            0.0            6.0      0.0      0.0      0.0      0.0 delivery
     40s        0            7.0           60.7     31.5   4160.7   4160.7   4160.7 newOrder
     40s        0            2.0            6.2      3.8      4.5      4.5      4.5 orderStatus
     40s        0            8.0           58.5     12.6   4563.4   4563.4   4563.4 payment
     40s        0            1.0            5.9     15.7     15.7     15.7     15.7 stockLevel
_elapsed___errors__ops/sec(inst)___ops/sec(cum)__p50(ms)__p95(ms)__p99(ms)_pMax(ms)
     41s        0            0.0            5.9      0.0      0.0      0.0      0.0 delivery
     41s        0            0.0           59.2      0.0      0.0      0.0      0.0 newOrder
     41s        0            0.0            6.0      0.0      0.0      0.0      0.0 orderStatus
     41s        0            0.0           57.1      0.0      0.0      0.0      0.0 payment
     41s        0            0.0            5.7      0.0      0.0      0.0      0.0 stockLevel
     42s        0            4.0            5.8     71.3     75.5     75.5     75.5 delivery
     42s        0           41.0           58.8     39.8   4295.0   5637.1   5637.1 newOrder
     42s        0            3.0            6.0      5.5     19.9     19.9     19.9 orderStatus
     42s        0           43.0           56.7     15.7   9126.8  13958.6  13958.6 payment
     42s        0            4.0            5.7     15.7     67.1     67.1     67.1 stockLevel
     43s        0            3.0            5.7     48.2     88.1     88.1     88.1 delivery
     43s        0           40.0           58.4     29.4     62.9   1140.9   1140.9 newOrder
     43s        0            3.0            5.9      4.7      5.0      5.0      5.0 orderStatus
     43s        0           45.0           56.5     13.1  36507.2  38654.7  38654.7 payment
     43s        0            5.0            5.7     13.6     15.2     15.2     15.2 stockLevel
     44s        0            6.0            5.8     54.5     71.3     71.3     71.3 delivery
     44s        0           67.0           58.6     32.5   1811.9   6442.5   6979.3 newOrder
     44s        0            9.0            6.0      5.0     16.8     16.8     16.8 orderStatus
     44s        0           68.0           56.7     14.2    104.9   9126.8  13958.6 payment
     44s        0            8.0            5.7     14.2   1476.4   1476.4   1476.4 stockLevel
_elapsed___errors__ops/sec(inst)___ops/sec(cum)__p50(ms)__p95(ms)__p99(ms)_pMax(ms)
     45s        0            2.0            5.7     39.8     52.4     52.4     52.4 delivery
     45s        0           38.0           58.1     25.2    704.6   2550.1   2550.1 newOrder
     45s        0            4.0            5.9      4.7      5.5      5.5      5.5 orderStatus
     45s        0           33.0           56.2     11.0   9126.8  32212.3  32212.3 payment
     45s        0            6.0            5.7     17.8   1543.5   1543.5   1543.5 stockLevel
     46s        0            7.0            5.7     71.3    159.4    159.4    159.4 delivery
     46s        0           64.0           58.2     44.0   2013.3   3355.4   9126.8 newOrder
     46s        0            3.0            5.8      5.2      7.6      7.6      7.6 orderStatus
     46s        0           60.0           56.3     18.9   9126.8  14495.5  22548.6 payment
     46s        0            5.0            5.7     16.8     35.7     35.7     35.7 stockLevel
     47s        0            5.0            5.7     75.5    109.1    109.1    109.1 delivery
     47s        0           33.0           57.7     35.7     54.5     65.0     65.0 newOrder
     47s        0            5.0            5.8      4.5      7.9      7.9      7.9 orderStatus
     47s        0           35.0           55.8     17.8     56.6  47244.6  47244.6 payment
     47s        0            3.0            5.6     18.9     26.2     26.2     26.2 stockLevel
     48s        0            0.0            5.6      0.0      0.0      0.0      0.0 delivery
     48s        0            0.0           56.5      0.0      0.0      0.0      0.0 newOrder
     48s        0            0.0            5.7      0.0      0.0      0.0      0.0 orderStatus
     48s        0            0.0           54.7      0.0      0.0      0.0      0.0 payment
     48s        0            0.0            5.5      0.0      0.0      0.0      0.0 stockLevel
_elapsed___errors__ops/sec(inst)___ops/sec(cum)__p50(ms)__p95(ms)__p99(ms)_pMax(ms)
     49s        0            0.0            5.4      0.0      0.0      0.0      0.0 delivery
     49s        0            1.0           55.4   5100.3   5100.3   5100.3   5100.3 newOrder
     49s        0            0.0            5.6      0.0      0.0      0.0      0.0 orderStatus
     49s        0            0.0           53.6      0.0      0.0      0.0      0.0 payment
     49s        0            0.0            5.4      0.0      0.0      0.0      0.0 stockLevel
     50s        0            0.0            5.3      0.0      0.0      0.0      0.0 delivery
     50s        0            0.0           54.3      0.0      0.0      0.0      0.0 newOrder
     50s        0            0.0            5.5      0.0      0.0      0.0      0.0 orderStatus
     50s        0            0.0           52.5      0.0      0.0      0.0      0.0 payment
     50s        0            0.0            5.3      0.0      0.0      0.0      0.0 stockLevel
     51s        0            0.0            5.2      0.0      0.0      0.0      0.0 delivery
     51s        0            0.0           53.2      0.0      0.0      0.0      0.0 newOrder
     51s        0            0.0            5.4      0.0      0.0      0.0      0.0 orderStatus
     51s        0            0.0           51.5      0.0      0.0      0.0      0.0 payment
     51s        0            0.0            5.2      0.0      0.0      0.0      0.0 stockLevel
     52s        0            8.0            5.3     96.5    268.4    268.4    268.4 delivery
     52s        0           63.0           53.4     33.6   5905.6   6979.3   7247.8 newOrder
     52s        0            7.0            5.4      5.2      8.4      8.4      8.4 orderStatus
     52s        0           69.0           51.8     15.7  19327.4  45097.2  47244.6 payment
     52s        0            7.0            5.2     23.1     54.5     54.5     54.5 stockLevel
_elapsed___errors__ops/sec(inst)___ops/sec(cum)__p50(ms)__p95(ms)__p99(ms)_pMax(ms)
     53s        0            1.0            5.2     39.8     39.8     39.8     39.8 delivery
     53s        0            4.0           52.5     22.0   7516.2   7516.2   7516.2 newOrder
     53s        0            0.0            5.3      0.0      0.0      0.0      0.0 orderStatus
     53s        0            3.0           50.9     10.0     10.0     10.0     10.0 payment
     53s        0            0.0            5.1      0.0      0.0      0.0      0.0 stockLevel
     54s        0            3.0            5.2     46.1     46.1     46.1     46.1 delivery
     54s        0           27.0           52.0     32.5   6979.3   7516.2   7516.2 newOrder
     54s        0            4.0            5.3      5.0      7.1      7.1      7.1 orderStatus
     54s        0           29.0           50.5     13.6     39.8     44.0     44.0 payment
     54s        0            5.0            5.1     18.9     54.5     54.5     54.5 stockLevel
     55s        0            0.0            5.1      0.0      0.0      0.0      0.0 delivery
     55s        0            0.0           51.0      0.0      0.0      0.0      0.0 newOrder
     55s        0            0.0            5.2      0.0      0.0      0.0      0.0 orderStatus
     55s        0            0.0           49.5      0.0      0.0      0.0      0.0 payment
     55s        0            0.0            5.0      0.0      0.0      0.0      0.0 stockLevel
     56s        0            0.0            5.0      0.0      0.0      0.0      0.0 delivery
     56s        0            0.0           50.1      0.0      0.0      0.0      0.0 newOrder
     56s        0            0.0            5.1      0.0      0.0      0.0      0.0 orderStatus
     56s        0            0.0           48.7      0.0      0.0      0.0      0.0 payment
     56s        0            0.0            4.9      0.0      0.0      0.0      0.0 stockLevel
_elapsed___errors__ops/sec(inst)___ops/sec(cum)__p50(ms)__p95(ms)__p99(ms)_pMax(ms)
     57s        0            0.0            4.9      0.0      0.0      0.0      0.0 delivery
     57s        0            0.0           49.2      0.0      0.0      0.0      0.0 newOrder
     57s        0            0.0            5.0      0.0      0.0      0.0      0.0 orderStatus
     57s        0            0.0           47.8      0.0      0.0      0.0      0.0 payment
     57s        0            0.0            4.9      0.0      0.0      0.0      0.0 stockLevel
     58s        0            8.0            4.9     60.8     75.5     75.5     75.5 delivery
     58s        0           66.0           49.5     46.1   5905.6   6442.5  10737.4 newOrder
     58s        0            5.0            5.0      6.6      8.9      8.9      8.9 orderStatus
     58s        0           75.0           48.3     21.0  22548.6  24696.1  49392.1 payment
     58s        0            5.0            4.9     25.2    134.2    134.2    134.2 stockLevel
     59s        0            9.0            5.0     92.3    125.8    125.8    125.8 delivery
     59s        0           80.0           50.1     44.0    130.0    570.4   1140.9 newOrder
     59s        0            9.0            5.1      6.0      8.9      8.9      8.9 orderStatus
     59s        0           86.0           48.9     25.2  23622.3  38654.7  57982.1 payment
     59s        0            8.0            4.9     23.1    771.8    771.8    771.8 stockLevel
    1m0s        0            7.0            5.1     48.2     62.9     62.9     62.9 delivery
    1m0s        0           62.0           50.3     33.6     67.1   1073.7   1610.6 newOrder
    1m0s        0            5.0            5.1      4.5      5.5      5.5      5.5 orderStatus
    1m0s        0           63.0           49.2     13.1  13958.6  27917.3  34359.7 payment
    1m0s        0            6.0            4.9     16.3     29.4     29.4     29.4 stockLevel

_elapsed___errors_____ops(total)___ops/sec(cum)__avg(ms)__p50(ms)__p95(ms)__p99(ms)_pMax(ms)__total
   60.0s        0            303            5.0     86.7     71.3    201.3    335.5    570.4  delivery
   60.0s        0           3015           50.2    293.2     46.1   1811.9   5100.3  10737.4  newOrder
   60.0s        0            304            5.1      6.7      5.5     14.7     28.3     58.7  orderStatus
   60.0s        0           2949           49.1    987.2     23.1   6442.5  25769.8  57982.1  payment
   60.0s        0            296            4.9     77.0     22.0    192.9   1543.5   2080.4  stockLevel

_elapsed___errors_____ops(total)___ops/sec(cum)__avg(ms)__p50(ms)__p95(ms)__p99(ms)_pMax(ms)__result
   60.0s        0           6867          114.4    560.1     35.7   1879.0  14495.5  57982.1  
Audit check 9.2.1.7: SKIP: not enough delivery transactions to be statistically significant
Audit check 9.2.2.5.1: SKIP: not enough orders to be statistically significant
Audit check 9.2.2.5.2: SKIP: not enough orders to be statistically significant
Audit check 9.2.2.5.3: SKIP: not enough orders to be statistically significant
Audit check 9.2.2.5.4: SKIP: not enough payments to be statistically significant
Audit check 9.2.2.5.5: SKIP: not enough payments to be statistically significant
Audit check 9.2.2.5.6: SKIP: not enough order status transactions to be statistically significant

_elapsed_______tpmC____efc__avg(ms)__p50(ms)__p90(ms)__p95(ms)__p99(ms)_pMax(ms)
   60.0s     3015.0 2344.5%    293.2     46.1    419.4   1811.9   5100.3  10737.4
