Initializing 100 connections...
Initializing 100 workers and preparing statements...
_elapsed___errors__ops/sec(inst)___ops/sec(cum)__p50(ms)__p95(ms)__p99(ms)_pMax(ms)
      1s        0            3.0            5.0     71.3     75.5     75.5     75.5 delivery
      1s        0           42.6           71.0     39.8     83.9    104.9    109.1 newOrder
      1s        0            3.6            6.0      5.8      6.3      6.3      6.3 orderStatus
      1s        0           37.8           63.0     17.8     79.7    117.4    121.6 payment
      1s        0            3.6            6.0     23.1     39.8     39.8     39.8 stockLevel
      2s        0            9.0            7.0     62.9    159.4    159.4    159.4 delivery
      2s        0           84.0           77.5     60.8    209.7    243.3    285.2 newOrder
      2s        0            9.0            7.5      7.1     12.1     12.1     12.1 orderStatus
      2s        0           99.0           81.0     28.3    226.5    385.9    453.0 payment
      2s        0           10.0            8.0     26.2     44.0     44.0     44.0 stockLevel
      3s        0           10.0            8.0     79.7    142.6    142.6    142.6 delivery
      3s        0           91.0           82.0     71.3    318.8    385.9    385.9 newOrder
      3s        0            9.0            8.0      8.1     10.0     10.0     10.0 orderStatus
      3s        0           91.0           84.3     46.1    402.7    503.3   1040.2 payment
      3s        0           11.0            9.0     37.7    142.6    159.4    159.4 stockLevel
      4s        0           11.0            8.7     79.7    151.0    159.4    159.4 delivery
      4s        0           91.0           84.2     58.7    469.8    704.6   1006.6 newOrder
      4s        0           12.0            9.0      6.3      7.9     10.0     10.0 orderStatus
      4s        0           81.0           83.5     50.3    536.9    973.1   1275.1 payment
      4s        0           11.0            9.5     52.4    142.6    251.7    251.7 stockLevel
_elapsed___errors__ops/sec(inst)___ops/sec(cum)__p50(ms)__p95(ms)__p99(ms)_pMax(ms)
      5s        0           12.0            9.4     96.5    167.8    192.9    192.9 delivery
      5s        0           86.0           84.6    142.6    570.4    805.3   1208.0 newOrder
      5s        0            7.0            8.6      6.8     19.9     19.9     19.9 orderStatus
      5s        0           79.0           82.6     71.3   1140.9   1476.4   1946.2 payment
      5s        0            5.0            8.6     25.2    151.0    151.0    151.0 stockLevel
      6s        0            7.0            9.0     79.7    151.0    151.0    151.0 delivery
      6s        0           84.0           84.5     96.5    704.6    906.0    939.5 newOrder
      6s        0            7.0            8.3      7.3      9.4      9.4      9.4 orderStatus
      6s        0           74.0           81.2     71.3   1476.4   1677.7   1744.8 payment
      6s        0            9.0            8.7     30.4     71.3     71.3     71.3 stockLevel
      7s        0           12.0            9.4     96.5    134.2    570.4    570.4 delivery
      7s        0           85.0           84.6     92.3    973.1   1073.7   1140.9 newOrder
      7s        0           13.0            9.0      6.3     11.0     11.5     11.5 orderStatus
      7s        0           87.0           82.0     44.0   2281.7   2684.4   3758.1 payment
      7s        0           10.0            8.9     39.8    604.0    604.0    604.0 stockLevel
      8s        0            8.0            9.2     88.1    125.8    125.8    125.8 delivery
      8s        0           86.0           84.7    104.9    704.6    805.3    939.5 newOrder
      8s        0            8.0            8.9      5.5     14.2     14.2     14.2 orderStatus
      8s        0           99.0           84.1     46.1   1342.2   5100.3   5100.3 payment
      8s        0           10.0            9.0     35.7    218.1    218.1    218.1 stockLevel
_elapsed___errors__ops/sec(inst)___ops/sec(cum)__p50(ms)__p95(ms)__p99(ms)_pMax(ms)
      9s        0            6.0            8.9     83.9    385.9    385.9    385.9 delivery
      9s        0           95.0           85.9    109.1   1476.4   2080.4   2147.5 newOrder
      9s        0            8.0            8.8      6.3     23.1     23.1     23.1 orderStatus
      9s        0           73.0           82.9     71.3   1811.9   4026.5   4295.0 payment
      9s        0            7.0            8.8     30.4   1476.4   1476.4   1476.4 stockLevel
     10s        0            7.0            8.7    201.3    469.8    469.8    469.8 delivery
     10s        0           88.0           86.1    130.0    805.3   1677.7   2281.7 newOrder
     10s        0            7.0            8.6      7.3    176.2    176.2    176.2 orderStatus
     10s        0           70.0           81.6    167.8   3221.2   4563.4   5100.3 payment
     10s        0            5.0            8.4     31.5    260.0    260.0    260.0 stockLevel
_elapsed___errors__ops/sec(inst)___ops/sec(cum)__p50(ms)__p95(ms)__p99(ms)_pMax(ms)
      1s        0            6.0            6.0     88.1    142.6    142.6    142.6 delivery
      1s        0           58.0           58.1     88.1    385.9    570.4    671.1 newOrder
      1s        0            8.0            8.0      7.3     10.0     10.0     10.0 orderStatus
      1s        0           63.0           63.1     60.8    335.5    385.9    453.0 payment
      1s        0            9.0            9.0     30.4    192.9    192.9    192.9 stockLevel
      2s        0            9.0            7.5    125.8    251.7    251.7    251.7 delivery
      2s        0           80.0           69.0     96.5   1040.2   1677.7   1744.8 newOrder
      2s        0           12.0           10.0     13.6     31.5     65.0     65.0 orderStatus
      2s        0           74.0           68.5     56.6    302.0    453.0   1006.6 payment
      2s        0            4.0            6.5     26.2    318.8    318.8    318.8 stockLevel
      3s        0            8.0            7.7     79.7    167.8    167.8    167.8 delivery
      3s        0           80.0           72.7     65.0   1275.1   2550.1   2550.1 newOrder
      3s        0           10.0           10.0      6.8    125.8    125.8    125.8 orderStatus
      3s        0           76.0           71.0     35.7   1342.2   1946.2   2013.3 payment
      3s        0            7.0            6.7     96.5    704.6    704.6    704.6 stockLevel
      4s        0            8.0            7.8    100.7    385.9    385.9    385.9 delivery
      4s        0           82.0           75.0     92.3   1208.0   1677.7   1946.2 newOrder
      4s        0            9.0            9.8      7.3    104.9    104.9    104.9 orderStatus
      4s        0           89.0           75.5     52.4   1543.5   2818.6   3087.0 payment
      4s        0           10.0            7.5     56.6   1342.2   1342.2   1342.2 stockLevel
_elapsed___errors__ops/sec(inst)___ops/sec(cum)__p50(ms)__p95(ms)__p99(ms)_pMax(ms)
      5s        0           12.0            8.6     79.7    159.4    234.9    234.9 delivery
      5s        0           80.0           76.0     75.5    285.2   1208.0   1342.2 newOrder
      5s        0            7.0            9.2      8.4    192.9    192.9    192.9 orderStatus
      5s        0           78.0           76.0     46.1    604.0   2818.6   3623.9 payment
      5s        0            8.0            7.6     25.2    113.2    113.2    113.2 stockLevel
      6s        0            7.0            8.3     75.5     83.9     83.9     83.9 delivery
      6s        0           64.0           74.0     48.2   3489.7   3892.3   4831.8 newOrder
      6s        0            6.0            8.7      5.0    385.9    385.9    385.9 orderStatus
      6s        0           39.0           69.8     19.9    486.5   4026.5   4026.5 payment
      6s        0            5.0            7.2     17.8     26.2     26.2     26.2 stockLevel
      7s        0            4.0            7.7    201.3   1140.9   1140.9   1140.9 delivery
      7s        0           65.0           72.7     67.1   3623.9   4563.4   5100.3 newOrder
      7s        0            7.0            8.4     22.0    771.8    771.8    771.8 orderStatus
      7s        0           51.0           67.2     24.1    805.3   1610.6   4160.7 payment
      7s        0            7.0            7.1     18.9     25.2     25.2     25.2 stockLevel
      8s        0           12.0            8.3     75.5    402.7   1040.2   1040.2 delivery
      8s        0           85.0           74.3     54.5   1543.5   3221.2   3355.4 newOrder
      8s        0            3.0            7.8      8.9    218.1    218.1    218.1 orderStatus
      8s        0          101.0           71.4     29.4   1040.2   5637.1   6979.3 payment
      8s        0           10.0            7.5     25.2    637.5    637.5    637.5 stockLevel
_elapsed___errors__ops/sec(inst)___ops/sec(cum)__p50(ms)__p95(ms)__p99(ms)_pMax(ms)
      9s        0            8.0            8.2    125.8    570.4    570.4    570.4 delivery
      9s        0           85.0           75.5     75.5    805.3   1409.3   2952.8 newOrder
      9s        0           11.0            8.1      6.3     21.0    402.7    402.7 orderStatus
      9s        0           96.0           74.1     52.4    939.5   6442.5   6442.5 payment
      9s        0           10.0            7.8    121.6   1610.6   1610.6   1610.6 stockLevel
     10s        0            7.0            8.1    151.0    260.0    260.0    260.0 delivery
     10s        0           86.0           76.5     52.4    453.0    872.4   2281.7 newOrder
     10s        0            8.0            8.1      6.3    469.8    469.8    469.8 orderStatus
     10s        0           96.0           76.3     30.4    704.6   6442.5   8053.1 payment
     10s        0           10.0            8.0     39.8    318.8    318.8    318.8 stockLevel
     11s        0            9.0            8.2    100.7    704.6    704.6    704.6 delivery
     11s        0           69.0           75.8     46.1   2013.3   2550.1   2818.6 newOrder
     11s        0            3.0            7.6    318.8    436.2    436.2    436.2 orderStatus
     11s        0           52.0           74.1     28.3    268.4   8053.1   8589.9 payment
     11s        0            6.0            7.8     24.1    486.5    486.5    486.5 stockLevel
     12s        0            9.0            8.3    159.4   1073.7   1073.7   1073.7 delivery
     12s        0           99.0           77.8     71.3   1275.1   4563.4   6979.3 newOrder
     12s        0           13.0            8.1      7.1     56.6     88.1     88.1 orderStatus
     12s        0           87.0           75.2     50.3    318.8   4160.7   8321.5 payment
     12s        0            8.0            7.8     30.4   1275.1   1275.1   1275.1 stockLevel
_elapsed___errors__ops/sec(inst)___ops/sec(cum)__p50(ms)__p95(ms)__p99(ms)_pMax(ms)
     13s        0            1.0            7.7    113.2    113.2    113.2    113.2 delivery
     13s        0           12.0           72.7     29.4    159.4    159.4    159.4 newOrder
     13s        0            1.0            7.5      3.5      3.5      3.5      3.5 orderStatus
     13s        0           15.0           70.5     11.5    142.6    192.9    192.9 payment
     13s        0            2.0            7.4     11.5     13.1     13.1     13.1 stockLevel
     14s        0            5.0            7.5     71.3   1040.2   1040.2   1040.2 delivery
     14s        0           74.0           72.8     75.5   2415.9   2952.8   3355.4 newOrder
     14s        0            5.0            7.4      4.2      6.6      6.6      6.6 orderStatus
     14s        0           76.0           70.9     27.3   1476.4   3758.1  12884.9 payment
     14s        0            6.0            7.3     17.8   1879.0   1879.0   1879.0 stockLevel
     15s        0           13.0            7.9     92.3    302.0    335.5    335.5 delivery
     15s        0           93.0           74.1     67.1    285.2    453.0    486.5 newOrder
     15s        0           10.0            7.5      5.2     75.5     75.5     75.5 orderStatus
     15s        0           89.0           72.1     41.9   5905.6  12348.0  15032.4 payment
     15s        0            6.0            7.2     56.6    134.2    134.2    134.2 stockLevel
     16s        0            5.0            7.7     60.8    125.8    125.8    125.8 delivery
     16s        0           70.0           73.9     71.3    369.1   1476.4   1811.9 newOrder
     16s        0            8.0            7.6      4.5    302.0    302.0    302.0 orderStatus
     16s        0           75.0           72.3     48.2    453.0   4160.7  15569.3 payment
     16s        0           10.0            7.4     23.1    142.6    142.6    142.6 stockLevel
_elapsed___errors__ops/sec(inst)___ops/sec(cum)__p50(ms)__p95(ms)__p99(ms)_pMax(ms)
     17s        0            9.0            7.8     52.4    369.1    369.1    369.1 delivery
     17s        0           72.0           73.8     32.5   1409.3   2818.6   5905.6 newOrder
     17s        0            6.0            7.5      4.5    184.5    184.5    184.5 orderStatus
     17s        0           66.0           71.9     16.3    906.0  12884.9  15569.3 payment
     17s        0            6.0            7.3     14.7   1140.9   1140.9   1140.9 stockLevel
     18s        0            3.0            7.5    176.2    234.9    234.9    234.9 delivery
     18s        0           38.0           71.8     29.4   1006.6   3355.4   3355.4 newOrder
     18s        0            2.0            7.2      4.5      4.7      4.7      4.7 orderStatus
     18s        0           41.0           70.2     15.2   6174.0  17179.9  17179.9 payment
     18s        0            9.0            7.4     17.8    704.6    704.6    704.6 stockLevel
     19s        0            8.0            7.5     67.1    109.1    109.1    109.1 delivery
     19s        0           69.0           71.6     54.5   1677.7   2952.8   2952.8 newOrder
     19s        0           11.0            7.4      8.1    302.0    352.3    352.3 orderStatus
     19s        0           69.0           70.2     30.4    973.1   3758.1  15569.3 payment
     19s        0            9.0            7.5     27.3    260.0    260.0    260.0 stockLevel
     20s        0            7.0            7.5     71.3    268.4    268.4    268.4 delivery
     20s        0           50.0           70.6     71.3   2818.6   4831.8   4831.8 newOrder
     20s        0            5.0            7.3      9.4    109.1    109.1    109.1 orderStatus
     20s        0           46.0           69.0     16.3   7784.6  11274.3  11274.3 payment
     20s        0            4.0            7.3     22.0    268.4    268.4    268.4 stockLevel
_elapsed___errors__ops/sec(inst)___ops/sec(cum)__p50(ms)__p95(ms)__p99(ms)_pMax(ms)
     21s        0            8.0            7.5     92.3    285.2    285.2    285.2 delivery
     21s        0           86.0           71.3     71.3    771.8   1409.3   2550.1 newOrder
     21s        0            7.0            7.2      8.1     83.9     83.9     83.9 orderStatus
     21s        0           88.0           69.9     50.3   2080.4  11274.3  12348.0 payment
     21s        0           10.0            7.4     44.0   2013.3   2013.3   2013.3 stockLevel
     22s        0            5.0            7.4     83.9    184.5    184.5    184.5 delivery
     22s        0           66.0           71.0     88.1    318.8    503.3    570.4 newOrder
     22s        0            7.0            7.2      8.1     10.0     10.0     10.0 orderStatus
     22s        0           78.0           70.2     62.9   9663.7  12884.9  13421.8 payment
     22s        0            6.0            7.4     24.1     96.5     96.5     96.5 stockLevel
     23s        0            6.0            7.3     88.1    419.4    419.4    419.4 delivery
     23s        0           73.0           71.1     56.6    872.4   1342.2   2952.8 newOrder
     23s        0            7.0            7.2      5.8    151.0    151.0    151.0 orderStatus
     23s        0           58.0           69.7     44.0   1006.6   6442.5   9663.7 payment
     23s        0            8.0            7.4     50.3    385.9    385.9    385.9 stockLevel
     24s        0            3.0            7.2     75.5    520.1    520.1    520.1 delivery
     24s        0           39.0           69.8     31.5   1946.2   2415.9   2415.9 newOrder
     24s        0            0.0            6.9      0.0      0.0      0.0      0.0 orderStatus
     24s        0           37.0           68.3     18.9    838.9  12884.9  12884.9 payment
     24s        0            3.0            7.2     21.0    838.9    838.9    838.9 stockLevel
_elapsed___errors__ops/sec(inst)___ops/sec(cum)__p50(ms)__p95(ms)__p99(ms)_pMax(ms)
     25s        0            7.0            7.2     52.4    243.3    243.3    243.3 delivery
     25s        0           46.0           68.8     33.6   2684.4   2818.6   2818.6 newOrder
     25s        0            5.0            6.8      3.8      5.8      5.8      5.8 orderStatus
     25s        0           38.0           67.1     13.6    503.3   1946.2   1946.2 payment
     25s        0            7.0            7.2     15.7    486.5    486.5    486.5 stockLevel
     26s        0            0.0            6.9      0.0      0.0      0.0      0.0 delivery
     26s        0            0.0           66.2      0.0      0.0      0.0      0.0 newOrder
     26s        0            0.0            6.6      0.0      0.0      0.0      0.0 orderStatus
     26s        0            0.0           64.5      0.0      0.0      0.0      0.0 payment
     26s        0            0.0            6.9      0.0      0.0      0.0      0.0 stockLevel
     27s        0            2.0            6.7     32.5   2281.7   2281.7   2281.7 delivery
     27s        0           54.0           65.7     35.7   2684.4   2684.4   3221.2 newOrder
     27s        0            6.0            6.6      6.3   1811.9   1811.9   1811.9 orderStatus
     27s        0           53.0           64.1     17.8  10200.5  21474.8  24696.1 payment
     27s        0            4.0            6.8     13.1   1677.7   1677.7   1677.7 stockLevel
     28s        0           10.0            6.8     65.0    251.7    251.7    251.7 delivery
     28s        0           77.9           66.2     48.2    738.2   1275.1   5368.7 newOrder
     28s        0           10.0            6.7      5.2    285.2    285.2    285.2 orderStatus
     28s        0           95.9           65.3     24.1  12348.0  20401.1  22548.6 payment
     28s        0            8.0            6.9     25.2     58.7     58.7     58.7 stockLevel
_elapsed___errors__ops/sec(inst)___ops/sec(cum)__p50(ms)__p95(ms)__p99(ms)_pMax(ms)
     29s        0           10.0            6.9     62.9    637.5    637.5    637.5 delivery
     29s        0           87.0           66.9     60.8    637.5    838.9   1811.9 newOrder
     29s        0           11.0            6.8      7.6    453.0    604.0    604.0 orderStatus
     29s        0           88.0           66.0     27.3  24696.1  26843.5  27917.3 payment
     29s        0           10.0            7.0     52.4   4160.7   4160.7   4160.7 stockLevel
     30s        0            8.0            7.0     88.1    469.8    469.8    469.8 delivery
     30s        0           92.0           67.7     50.3   1006.6   1811.9   2080.4 newOrder
     30s        0           11.0            7.0      9.4    637.5    939.5    939.5 orderStatus
     30s        0          106.0           67.4     33.6  12348.0  22548.6  22548.6 payment
     30s        0           11.0            7.1     25.2     96.5    234.9    234.9 stockLevel
     31s        0           12.0            7.1     71.3    335.5    671.1    671.1 delivery
     31s        0           93.0           68.6     58.7   1476.4   3355.4   3355.4 newOrder
     31s        0           10.0            7.1      7.1    604.0    604.0    604.0 orderStatus
     31s        0          110.0           68.7     31.5  10200.5  23622.3  28991.0 payment
     31s        0            8.0            7.1     26.2    142.6    142.6    142.6 stockLevel
     32s        0           11.0            7.3     71.3    352.3    469.8    469.8 delivery
     32s        0           95.0           69.4    113.2    906.0   1946.2   2818.6 newOrder
     32s        0            9.0            7.1      5.8    243.3    243.3    243.3 orderStatus
     32s        0           89.0           69.4     28.3    738.2  13958.6  26843.5 payment
     32s        0            8.0            7.2     29.4   1342.2   1342.2   1342.2 stockLevel
_elapsed___errors__ops/sec(inst)___ops/sec(cum)__p50(ms)__p95(ms)__p99(ms)_pMax(ms)
     33s        0            8.0            7.3    151.0    570.4    570.4    570.4 delivery
     33s        0          107.0           70.5     79.7    704.6   2147.5   2684.4 newOrder
     33s        0           14.0            7.3      5.8    130.0    503.3    503.3 orderStatus
     33s        0          110.0           70.6     54.5    520.1   8053.1   9663.7 payment
     33s        0            7.0            7.2    109.1    637.5    637.5    637.5 stockLevel
     34s        0            4.0            7.2     52.4    260.0    260.0    260.0 delivery
     34s        0           68.0           70.4     46.1    318.8    385.9    453.0 newOrder
     34s        0            6.0            7.3      6.6    109.1    109.1    109.1 orderStatus
     34s        0           65.0           70.4     35.7    402.7    671.1  32212.3 payment
     34s        0            8.0            7.2     35.7    192.9    192.9    192.9 stockLevel
     35s        0            5.0            7.1     79.7    570.4    570.4    570.4 delivery
     35s        0           54.0           70.0     37.7   2415.9   2550.1   2684.4 newOrder
     35s        0            2.0            7.1    176.2    704.6    704.6    704.6 orderStatus
     35s        0           51.0           69.9     18.9    805.3  11274.3  16643.0 payment
     35s        0            2.0            7.0     12.1   1208.0   1208.0   1208.0 stockLevel
     36s        0            9.0            7.2     60.8    302.0    302.0    302.0 delivery
     36s        0           93.0           70.6     56.6   1140.9   2818.6   3087.0 newOrder
     36s        0           11.0            7.3      6.0    176.2    570.4    570.4 orderStatus
     36s        0          106.0           70.9     41.9   7784.6  32212.3  36507.2 payment
     36s        0            5.0            7.0     67.1    385.9    385.9    385.9 stockLevel
_elapsed___errors__ops/sec(inst)___ops/sec(cum)__p50(ms)__p95(ms)__p99(ms)_pMax(ms)
     37s        0            6.0            7.1     54.5     92.3     92.3     92.3 delivery
     37s        0           72.0           70.7     54.5    419.4   1208.0   1409.3 newOrder
     37s        0            7.0            7.2      7.3     54.5     54.5     54.5 orderStatus
     37s        0           67.0           70.8     88.1   6979.3  22548.6  27917.3 payment
     37s        0            4.0            6.9     24.1    218.1    218.1    218.1 stockLevel
     38s        0            5.0            7.1     46.1    167.8    167.8    167.8 delivery
     38s        0           60.0           70.4     50.3   1275.1   1610.6   1610.6 newOrder
     38s        0            1.0            7.1      5.2      5.2      5.2      5.2 orderStatus
     38s        0           59.0           70.5     23.1   6979.3   9663.7  22548.6 payment
     38s        0            9.0            6.9     18.9   1073.7   1073.7   1073.7 stockLevel
     39s        0            4.0            7.0     79.7    209.7    209.7    209.7 delivery
     39s        0           26.0           69.2     35.7   1744.8   2415.9   2415.9 newOrder
     39s        0            3.0            7.0    369.1    604.0    604.0    604.0 orderStatus
     39s        0           24.0           69.3     12.1    704.6    973.1    973.1 payment
     39s        0            5.0            6.9     13.1    872.4    872.4    872.4 stockLevel
     40s        0            3.0            6.9     60.8     88.1     88.1     88.1 delivery
     40s        0           45.0           68.6     58.7   1879.0   3355.4   3355.4 newOrder
     40s        0            4.0            6.9      4.7      9.4      9.4      9.4 orderStatus
     40s        0           48.0           68.8     62.9  12884.9  28991.0  28991.0 payment
     40s        0            0.0            6.7      0.0      0.0      0.0      0.0 stockLevel
_elapsed___errors__ops/sec(inst)___ops/sec(cum)__p50(ms)__p95(ms)__p99(ms)_pMax(ms)
     41s        0            7.0            6.9    104.9    302.0    302.0    302.0 delivery
     41s        0           90.0           69.1     71.3    419.4    486.5   3623.9 newOrder
     41s        0            8.0            6.9      6.6    671.1    671.1    671.1 orderStatus
     41s        0           96.0           69.4     46.1  13421.8  24696.1  34359.7 payment
     41s        0           11.0            6.8     54.5    352.3    637.5    637.5 stockLevel
     42s        0            7.0            6.9    176.2    369.1    369.1    369.1 delivery
     42s        0          105.0           70.0    104.9    536.9    771.8   1040.2 newOrder
     42s        0           14.0            7.1      5.5    151.0    192.9    192.9 orderStatus
     42s        0           85.0           69.8     67.1   3758.1  26843.5  38654.7 payment
     42s        0           10.0            6.9     26.2    637.5    637.5    637.5 stockLevel
     43s        0           14.0            7.1     60.8    142.6    201.3    201.3 delivery
     43s        0           81.0           70.3     58.7    486.5    604.0    704.6 newOrder
     43s        0            7.0            7.1     11.5    167.8    167.8    167.8 orderStatus
     43s        0           75.0           69.9     24.1    536.9  10200.5  24696.1 payment
     43s        0            9.0            7.0     21.0    167.8    167.8    167.8 stockLevel
     44s        0            1.0            6.9     37.7     37.7     37.7     37.7 delivery
     44s        0           22.0           69.2     26.2   1006.6   2281.7   2281.7 newOrder
     44s        0            1.0            7.0      5.8      5.8      5.8      5.8 orderStatus
     44s        0           20.0           68.8     11.5   6174.0  13421.8  13421.8 payment
     44s        0            0.0            6.8      0.0      0.0      0.0      0.0 stockLevel
_elapsed___errors__ops/sec(inst)___ops/sec(cum)__p50(ms)__p95(ms)__p99(ms)_pMax(ms)
     45s        0            6.0            6.9     67.1    318.8    318.8    318.8 delivery
     45s        0           68.0           69.1     48.2   2147.5   2281.7   3489.7 newOrder
     45s        0            7.0            7.0      6.8   1610.6   1610.6   1610.6 orderStatus
     45s        0           69.0           68.8     25.2   8053.1  15569.3  17179.9 payment
     45s        0            8.0            6.8     22.0   2013.3   2013.3   2013.3 stockLevel
     46s        0            6.0            6.9     79.7    121.6    121.6    121.6 delivery
     46s        0           94.0           69.7     56.6    402.7   2684.4   3355.4 newOrder
     46s        0            8.0            7.0      6.8    100.7    100.7    100.7 orderStatus
     46s        0           90.0           69.2     37.7   4295.0   9126.8  10737.4 payment
     46s        0            7.0            6.8     19.9    335.5    335.5    335.5 stockLevel
     47s        0            6.0            6.9     75.5    159.4    159.4    159.4 delivery
     47s        0           73.9           69.8     60.8    738.2   2415.9   4160.7 newOrder
     47s        0           10.0            7.0      4.5    436.2    436.2    436.2 orderStatus
     47s        0           76.9           69.4     22.0    260.0    352.3  14495.5 payment
     47s        0            9.0            6.9     29.4    209.7    209.7    209.7 stockLevel
     48s        0            4.0            6.8     46.1    251.7    251.7    251.7 delivery
     48s        0           43.0           69.2     29.4    570.4   1811.9   1811.9 newOrder
     48s        0            6.0            7.0      3.9      5.5      5.5      5.5 orderStatus
     48s        0           43.0           68.9     12.6    385.9  12884.9  12884.9 payment
     48s        0            5.0            6.8     15.7     88.1     88.1     88.1 stockLevel
_elapsed___errors__ops/sec(inst)___ops/sec(cum)__p50(ms)__p95(ms)__p99(ms)_pMax(ms)
     49s        0            2.0            6.7     35.7     88.1     88.1     88.1 delivery
     49s        0           31.0           68.4     32.5   1543.5   3221.2   3221.2 newOrder
     49s        0            3.0            6.9      4.5      5.8      5.8      5.8 orderStatus
     49s        0           34.0           68.1     16.3     71.3    121.6    121.6 payment
     49s        0            5.0            6.8     14.2     18.9     18.9     18.9 stockLevel
     50s        0            0.0            6.6      0.0      0.0      0.0      0.0 delivery
     50s        0            5.0           67.2   3221.2   3489.7   3489.7   3489.7 newOrder
     50s        0            0.0            6.8      0.0      0.0      0.0      0.0 orderStatus
     50s        0            6.0           66.9     11.5  22548.6  22548.6  22548.6 payment
     50s        0            1.0            6.7     12.1     12.1     12.1     12.1 stockLevel
     51s        0            6.0            6.6     52.4     75.5     75.5     75.5 delivery
     51s        0           60.0           67.0     46.1   3221.2   3489.7   3623.9 newOrder
     51s        0            4.0            6.7      4.5     79.7     79.7     79.7 orderStatus
     51s        0           56.0           66.7     17.8  15032.4  20401.1  40802.2 payment
     51s        0            5.0            6.6     19.9   1879.0   1879.0   1879.0 stockLevel
     52s        0            4.0            6.5     46.1     92.3     92.3     92.3 delivery
     52s        0           30.0           66.3     39.8    130.0   2818.6   2818.6 newOrder
     52s        0            4.0            6.7      4.1    285.2    285.2    285.2 orderStatus
     52s        0           31.0           66.0     17.8    125.8  21474.8  21474.8 payment
     52s        0            3.0            6.6     14.7     39.8     39.8     39.8 stockLevel
_elapsed___errors__ops/sec(inst)___ops/sec(cum)__p50(ms)__p95(ms)__p99(ms)_pMax(ms)
     53s        0            1.0            6.4   1543.5   1543.5   1543.5   1543.5 delivery
     53s        0            3.0           65.1     30.4   4563.4   4563.4   4563.4 newOrder
     53s        0            1.0            6.6     32.5     32.5     32.5     32.5 orderStatus
     53s        0            8.0           64.9     14.2   8589.9   8589.9   8589.9 payment
     53s        0            0.0            6.5      0.0      0.0      0.0      0.0 stockLevel
     54s        0            7.0            6.4     52.4    109.1    109.1    109.1 delivery
     54s        0           50.0           64.8     32.5   2952.8   4831.8   4831.8 newOrder
     54s        0            6.0            6.6      4.5     17.8     17.8     17.8 orderStatus
     54s        0           44.0           64.5     15.7   7784.6  12884.9  12884.9 payment
     54s        0            6.0            6.4     16.3   1946.2   1946.2   1946.2 stockLevel
     55s        0            7.0            6.4     54.5    113.2    113.2    113.2 delivery
     55s        0           59.0           64.7     39.8   3087.0   4026.5   4160.7 newOrder
     55s        0            7.0            6.6      5.0     96.5     96.5     96.5 orderStatus
     55s        0           68.0           64.6     16.3  14495.5  33286.0  38654.7 payment
     55s        0            8.0            6.5     16.8    176.2    176.2    176.2 stockLevel
     56s        0            2.0            6.4    134.2    738.2    738.2    738.2 delivery
     56s        0           31.0           64.1     39.8    637.5   4563.4   4563.4 newOrder
     56s        0            4.0            6.5      3.5     22.0     22.0     22.0 orderStatus
     56s        0           28.0           63.9     17.8  13421.8  13421.8  13421.8 payment
     56s        0            2.0            6.4     19.9     32.5     32.5     32.5 stockLevel
_elapsed___errors__ops/sec(inst)___ops/sec(cum)__p50(ms)__p95(ms)__p99(ms)_pMax(ms)
     57s        0            7.0            6.4     48.2    113.2    113.2    113.2 delivery
     57s        0           47.0           63.8     35.7   1342.2  10737.4  10737.4 newOrder
     57s        0            3.0            6.5      5.8     37.7     37.7     37.7 orderStatus
     57s        0           40.0           63.5     13.1    302.0    385.9    385.9 payment
     57s        0            4.0            6.4     13.1     35.7     35.7     35.7 stockLevel
     58s        0            3.0            6.3     48.2    260.0    260.0    260.0 delivery
     58s        0           30.0           63.2     41.9   4295.0   7516.2   7516.2 newOrder
     58s        0            2.0            6.4     46.1     71.3     71.3     71.3 orderStatus
     58s        0           25.0           62.8     12.6  10200.5  26843.5  26843.5 payment
     58s        0            2.0            6.3     10.0     15.2     15.2     15.2 stockLevel
     59s        0            4.0            6.3    130.0    201.3    201.3    201.3 delivery
     59s        0           48.0           63.0     52.4   1275.1   4026.5   4026.5 newOrder
     59s        0            3.0            6.3      7.6     60.8     60.8     60.8 orderStatus
     59s        0           50.0           62.6     33.6  18253.6  23622.3  23622.3 payment
     59s        0            7.0            6.3     21.0     75.5     75.5     75.5 stockLevel
    1m0s        0            0.0            6.2      0.0      0.0      0.0      0.0 delivery
    1m0s        0            0.0           61.9      0.0      0.0      0.0      0.0 newOrder
    1m0s        0            0.0            6.2      0.0      0.0      0.0      0.0 orderStatus
    1m0s        0            0.0           61.6      0.0      0.0      0.0      0.0 payment
    1m0s        0            0.0            6.2      0.0      0.0      0.0      0.0 stockLevel

_elapsed___errors_____ops(total)___ops/sec(cum)__avg(ms)__p50(ms)__p95(ms)__p99(ms)_pMax(ms)__total
   60.0s        0            370            6.2    141.3     79.7    419.4   1040.2   2281.7  delivery
   60.0s        0           3716           61.9    260.2     58.7   1476.4   3355.4  10737.4  newOrder
   60.0s        0            374            6.2     63.7      6.6    369.1    704.6   1811.9  orderStatus
   60.0s        0           3695           61.6    829.6     32.5   4563.4  21474.8  40802.2  payment
   60.0s        0            371            6.2    145.2     26.2    637.5   1879.0   4160.7  stockLevel

_elapsed___errors_____ops(total)___ops/sec(cum)__avg(ms)__p50(ms)__p95(ms)__p99(ms)_pMax(ms)__result
   60.0s        0           8526          142.1    488.2     48.2   1610.6  12348.0  40802.2  
Audit check 9.2.1.7: SKIP: not enough delivery transactions to be statistically significant
Audit check 9.2.2.5.1: SKIP: not enough orders to be statistically significant
Audit check 9.2.2.5.2: SKIP: not enough orders to be statistically significant
Audit check 9.2.2.5.3: SKIP: not enough orders to be statistically significant
Audit check 9.2.2.5.4: SKIP: not enough payments to be statistically significant
Audit check 9.2.2.5.5: SKIP: not enough payments to be statistically significant
Audit check 9.2.2.5.6: SKIP: not enough order status transactions to be statistically significant

_elapsed_______tpmC____efc__avg(ms)__p50(ms)__p90(ms)__p95(ms)__p99(ms)_pMax(ms)
   60.0s     3716.0 2889.6%    260.2     58.7    520.1   1476.4   3355.4  10737.4
