***************************************
*** ###easy### TPC-C Load Generator ***
***************************************
option h with value '10.0.3.190'
option P with value '13306'
option d with value 'benchmarker'
option u with value 'root'
option p with value '123456'
option w with value '11'
option c with value '4'
option r with value '22'
option l with value '60'
option i with value '10'
<Parameters>
     [server]: 10.0.3.190
     [port]: 13306
     [DBname]: benchmarker
       [user]: root
       [pass]: 123456
  [warehouse]: 11
 [connection]: 4
     [rampup]: 22 (sec.)
    [measure]: 60 (sec.)

RAMP-UP TIME.(22 sec.)

MEASURING START.

  10, trx: 948, 95%: 79.856, 99%: 107.659, max_rt: 192.507, 945|61.829, 94|43.761, 95|299.854, 96|290.723
  20, trx: 625, 95%: 81.596, 99%: 103.954, max_rt: 128.716, 623|83.567, 62|24.474, 62|232.663, 62|300.368
  30, trx: 400, 95%: 90.962, 99%: 111.931, max_rt: 143.577, 403|51.555, 41|16.862, 40|239.729, 40|314.760
  40, trx: 412, 95%: 92.610, 99%: 113.449, max_rt: 150.501, 410|107.138, 41|24.513, 41|217.190, 41|299.454
  50, trx: 800, 95%: 66.350, 99%: 94.232, max_rt: 108.798, 801|40.568, 80|15.341, 81|208.244, 80|248.096
  60, trx: 465, 95%: 80.528, 99%: 107.434, max_rt: 144.789, 463|76.758, 47|10.899, 46|184.811, 46|277.496

STOPPING THREADS....

<Raw Results>
  [0] sc:0 lt:3650  rt:0  fl:0 avg_rt: 47.7 (5)
  [1] sc:1504 lt:2141  rt:0  fl:0 avg_rt: 12.4 (5)
  [2] sc:266 lt:99  rt:0  fl:0 avg_rt: 6.0 (5)
  [3] sc:207 lt:158  rt:0  fl:0 avg_rt: 106.8 (80)
  [4] sc:0 lt:365  rt:0  fl:0 avg_rt: 178.5 (20)
 in 60 sec.

<Raw Results2(sum ver.)>
  [0] sc:0  lt:3650  rt:0  fl:0 
  [1] sc:1504  lt:2141  rt:0  fl:0 
  [2] sc:266  lt:99  rt:0  fl:0 
  [3] sc:207  lt:158  rt:0  fl:0 
  [4] sc:0  lt:365  rt:0  fl:0 

<Constraint Check> (all must be [OK])
 [transaction percentage]
        Payment: 43.44% (>=43.0%) [OK]
   Order-Status: 4.35% (>= 4.0%) [OK]
       Delivery: 4.35% (>= 4.0%) [OK]
    Stock-Level: 4.35% (>= 4.0%) [OK]
 [response time (at least 90% passed)]
      New-Order: 0.00%  [NG] *
        Payment: 41.26%  [NG] *
   Order-Status: 72.88%  [NG] *
       Delivery: 56.71%  [NG] *
    Stock-Level: 0.00%  [NG] *

<TpmC>
                 3650.000 TpmC
