***************************************
*** ###easy### TPC-C Load Generator ***
***************************************
option h with value '127.0.0.1'
option P with value '13306'
option d with value 'benchmarker'
option u with value 'root'
option p with value '123456'
option w with value '11'
option c with value '16'
option r with value '22'
option l with value '60'
option i with value '10'
<Parameters>
     [server]: 127.0.0.1
     [port]: 13306
     [DBname]: benchmarker
       [user]: root
       [pass]: 123456
  [warehouse]: 11
 [connection]: 16
     [rampup]: 22 (sec.)
    [measure]: 60 (sec.)

RAMP-UP TIME.(22 sec.)

MEASURING START.

  10, trx: 514, 95%: 272.223, 99%: 326.659, max_rt: 424.613, 515|320.142, 52|109.102, 51|470.796, 50|848.685
  20, trx: 582, 95%: 253.579, 99%: 301.477, max_rt: 494.119, 578|280.110, 58|77.395, 59|476.501, 58|874.544
  30, trx: 563, 95%: 261.050, 99%: 344.846, max_rt: 401.133, 563|262.678, 56|129.585, 56|490.539, 56|1003.342
  40, trx: 554, 95%: 263.011, 99%: 338.201, max_rt: 453.747, 559|274.065, 55|88.386, 56|597.903, 57|880.926
  50, trx: 548, 95%: 286.434, 99%: 354.900, max_rt: 397.063, 543|241.566, 55|79.600, 55|573.299, 54|826.680
  60, trx: 534, 95%: 268.983, 99%: 321.903, max_rt: 381.705, 541|227.744, 54|79.310, 54|530.846, 55|852.894

STOPPING THREADS................

<Raw Results>
  [0] sc:0 lt:3295  rt:0  fl:0 avg_rt: 210.4 (5)
  [1] sc:32 lt:3267  rt:0  fl:0 avg_rt: 61.5 (5)
  [2] sc:23 lt:307  rt:0  fl:0 avg_rt: 29.4 (5)
  [3] sc:0 lt:331  rt:0  fl:0 avg_rt: 440.6 (80)
  [4] sc:0 lt:330  rt:0  fl:0 avg_rt: 780.0 (20)
 in 60 sec.

<Raw Results2(sum ver.)>
  [0] sc:0  lt:3295  rt:0  fl:0 
  [1] sc:32  lt:3270  rt:0  fl:0 
  [2] sc:23  lt:307  rt:0  fl:0 
  [3] sc:0  lt:331  rt:0  fl:0 
  [4] sc:0  lt:330  rt:0  fl:0 

<Constraint Check> (all must be [OK])
 [transaction percentage]
        Payment: 43.49% (>=43.0%) [OK]
   Order-Status: 4.35% (>= 4.0%) [OK]
       Delivery: 4.36% (>= 4.0%) [OK]
    Stock-Level: 4.35% (>= 4.0%) [OK]
 [response time (at least 90% passed)]
      New-Order: 0.00%  [NG] *
        Payment: 0.97%  [NG] *
   Order-Status: 6.97%  [NG] *
       Delivery: 0.00%  [NG] *
    Stock-Level: 0.00%  [NG] *

<TpmC>
                 3295.000 TpmC
