***************************************
*** ###easy### TPC-C Load Generator ***
***************************************
option h with value '10.0.1.105'
option P with value '13306'
option d with value 'benchmarker'
option u with value 'root'
option p with value '123456'
option w with value '11'
option c with value '16'
option r with value '22'
option l with value '60'
option i with value '10'
<Parameters>
     [server]: 10.0.1.105
     [port]: 13306
     [DBname]: benchmarker
       [user]: root
       [pass]: 123456
  [warehouse]: 11
 [connection]: 16
     [rampup]: 22 (sec.)
    [measure]: 60 (sec.)

RAMP-UP TIME.(22 sec.)
1130, HY000, Host 'tcloud.tcloud.moe' is not allowed to connect to this MySQL server
1130, HY000, Host 'tcloud.tcloud.moe' is not allowed to connect to this MySQL server
1130, HY000, Host 'tcloud.tcloud.moe' is not allowed to connect to this MySQL server
1130, HY000, Host 'tcloud.tcloud.moe' is not allowed to connect to this MySQL server
1130, HY000, Host 'tcloud.tcloud.moe' is not allowed to connect to this MySQL server
1130, HY000, Host 'tcloud.tcloud.moe' is not allowed to connect to this MySQL server
1130, HY000, Host 'tcloud.tcloud.moe' is not allowed to connect to this MySQL server
1130, HY000, Host 'tcloud.tcloud.moe' is not allowed to connect to this MySQL server
1130, HY000, Host 'tcloud.tcloud.moe' is not allowed to connect to this MySQL server
1130, HY000, Host 'tcloud.tcloud.moe' is not allowed to connect to this MySQL server
1130, HY000, Host 'tcloud.tcloud.moe' is not allowed to connect to this MySQL server
1130, HY000, Host 'tcloud.tcloud.moe' is not allowed to connect to this MySQL server
1130, HY000, Host 'tcloud.tcloud.moe' is not allowed to connect to this MySQL server
1130, HY000, Host 'tcloud.tcloud.moe' is not allowed to connect to this MySQL server
1130, HY000, Host 'tcloud.tcloud.moe' is not allowed to connect to this MySQL server
