***************************************
*** ###easy### TPC-C Load Generator ***
***************************************
option h with value '192.168.122.77'
option P with value '3306'
option d with value 'benchmarker'
option u with value 'root'
option p with value '123456'
option w with value '11'
option c with value '8'
option r with value '22'
option l with value '60'
option i with value '10'
<Parameters>
     [server]: 192.168.122.77
     [port]: 3306
     [DBname]: benchmarker
       [user]: root
       [pass]: 123456
  [warehouse]: 11
 [connection]: 8
     [rampup]: 22 (sec.)
    [measure]: 60 (sec.)

RAMP-UP TIME.(22 sec.)

MEASURING START.

  10, trx: 5792, 95%: 12.835, 99%: 17.470, max_rt: 35.343, 5793|22.080, 580|6.517, 580|48.052, 579|72.172
  20, trx: 5536, 95%: 14.467, 99%: 19.336, max_rt: 25.741, 5536|18.325, 552|5.173, 554|47.219, 555|33.223
  30, trx: 5334, 95%: 15.109, 99%: 21.058, max_rt: 30.614, 5335|30.979, 534|6.880, 533|46.298, 533|40.083
  40, trx: 5060, 95%: 16.065, 99%: 20.739, max_rt: 34.267, 5054|24.203, 506|6.070, 506|51.361, 505|50.609
  50, trx: 5115, 95%: 15.699, 99%: 21.280, max_rt: 31.058, 5122|25.469, 512|7.972, 511|37.683, 512|36.771
  60, trx: 5126, 95%: 15.813, 99%: 21.026, max_rt: 34.541, 5124|26.037, 512|4.813, 513|41.772, 513|36.196

STOPPING THREADS........

<Raw Results>
  [0] sc:6529 lt:25434  rt:0  fl:0 avg_rt: 10.9 (5)
  [1] sc:30563 lt:1401  rt:0  fl:0 avg_rt: 3.0 (5)
  [2] sc:3183 lt:13  rt:0  fl:0 avg_rt: 1.8 (5)
  [3] sc:3197 lt:0  rt:0  fl:0 avg_rt: 29.2 (80)
  [4] sc:402 lt:2795  rt:0  fl:0 avg_rt: 33.6 (20)
 in 60 sec.

<Raw Results2(sum ver.)>
  [0] sc:6529  lt:25434  rt:0  fl:0 
  [1] sc:30564  lt:1401  rt:0  fl:0 
  [2] sc:3183  lt:13  rt:0  fl:0 
  [3] sc:3197  lt:0  rt:0  fl:0 
  [4] sc:402  lt:2795  rt:0  fl:0 

<Constraint Check> (all must be [OK])
 [transaction percentage]
        Payment: 43.48% (>=43.0%) [OK]
   Order-Status: 4.35% (>= 4.0%) [OK]
       Delivery: 4.35% (>= 4.0%) [OK]
    Stock-Level: 4.35% (>= 4.0%) [OK]
 [response time (at least 90% passed)]
      New-Order: 20.43%  [NG] *
        Payment: 95.62%  [OK]
   Order-Status: 99.59%  [OK]
       Delivery: 100.00%  [OK]
    Stock-Level: 12.57%  [NG] *

<TpmC>
                 31963.000 TpmC
