[OVERALL], RunTime(ms), 303
[OVERALL], Throughput(ops/sec), 3300.3300330033003
[TOTAL_GCS_PS_Scavenge], Count, 0
[TOTAL_GC_TIME_PS_Scavenge], Time(ms), 0
[TOTAL_GC_TIME_%_PS_Scavenge], Time(%), 0.0
[TOTAL_GCS_PS_MarkSweep], Count, 0
[TOTAL_GC_TIME_PS_MarkSweep], Time(ms), 0
[TOTAL_GC_TIME_%_PS_MarkSweep], Time(%), 0.0
[TOTAL_GCs], Count, 0
[TOTAL_GC_TIME], Time(ms), 0
[TOTAL_GC_TIME_%], Time(%), 0.0
[CLEANUP], Operations, 1
[CLEANUP], AverageLatency(us), 540.0
[CLEANUP], MinLatency(us), 540
[CLEANUP], MaxLatency(us), 540
[CLEANUP], 95thPercentileLatency(us), 540
[CLEANUP], 99thPercentileLatency(us), 540
[INSERT], Operations, 1000
[INSERT], AverageLatency(us), 244.918
[INSERT], MinLatency(us), 170
[INSERT], MaxLatency(us), 6639
[INSERT], 95thPercentileLatency(us), 407
[INSERT], 99thPercentileLatency(us), 619
[INSERT], Return=OK, 1000
