[OVERALL], RunTime(ms), 315
[OVERALL], Throughput(ops/sec), 3174.6031746031745
[TOTAL_GCS_PS_Scavenge], Count, 0
[TOTAL_GC_TIME_PS_Scavenge], Time(ms), 0
[TOTAL_GC_TIME_%_PS_Scavenge], Time(%), 0.0
[TOTAL_GCS_PS_MarkSweep], Count, 0
[TOTAL_GC_TIME_PS_MarkSweep], Time(ms), 0
[TOTAL_GC_TIME_%_PS_MarkSweep], Time(%), 0.0
[TOTAL_GCs], Count, 0
[TOTAL_GC_TIME], Time(ms), 0
[TOTAL_GC_TIME_%], Time(%), 0.0
[CLEANUP], Operations, 1
[CLEANUP], AverageLatency(us), 629.0
[CLEANUP], MinLatency(us), 629
[CLEANUP], MaxLatency(us), 629
[CLEANUP], 95thPercentileLatency(us), 629
[CLEANUP], 99thPercentileLatency(us), 629
[INSERT], Operations, 1000
[INSERT], AverageLatency(us), 256.187
[INSERT], MinLatency(us), 180
[INSERT], MaxLatency(us), 6771
[INSERT], 95thPercentileLatency(us), 379
[INSERT], 99thPercentileLatency(us), 748
[INSERT], Return=OK, 1000
