Initializing 300 connections...
Initializing 100 workers and preparing statements...
_elapsed___errors__ops/sec(inst)___ops/sec(cum)__p50(ms)__p95(ms)__p99(ms)_pMax(ms)
      1s        0            0.1            1.0    335.5    335.5    335.5    335.5 delivery
      1s        0            1.8           15.0    167.8    218.1    268.4    268.4 newOrder
      1s        0            0.1            1.0     75.5     75.5     75.5     75.5 orderStatus
      1s        0            1.5           12.0     92.3    151.0    302.0    302.0 payment
      1s        0            0.2            2.0     56.6     96.5     96.5     96.5 stockLevel
      2s        0            1.0            1.0    604.0    604.0    604.0    604.0 delivery
      2s        0           20.0           17.5    335.5    503.3    973.1    973.1 newOrder
      2s        0            1.0            1.0    109.1    109.1    109.1    109.1 orderStatus
      2s        0           12.0           12.0    176.2    218.1    318.8    318.8 payment
      2s        0            2.0            2.0    100.7    130.0    130.0    130.0 stockLevel
      3s        0            0.0            0.7      0.0      0.0      0.0      0.0 delivery
      3s        0           13.0           16.0    268.4    973.1   1208.0   1208.0 newOrder
      3s        0            1.0            1.0     79.7     79.7     79.7     79.7 orderStatus
      3s        0           15.0           13.0    159.4   1543.5   1610.6   1610.6 payment
      3s        0            1.0            1.7    176.2    176.2    176.2    176.2 stockLevel
      4s        0            1.0            0.7    939.5    939.5    939.5    939.5 delivery
      4s        0            9.0           14.2    738.2   1811.9   1811.9   1811.9 newOrder
      4s        0            2.0            1.2     92.3    285.2    285.2    285.2 orderStatus
      4s        0           10.0           12.2    385.9   2281.7   2281.7   2281.7 payment
      4s        0            2.0            1.7    104.9    285.2    285.2    285.2 stockLevel
_elapsed___errors__ops/sec(inst)___ops/sec(cum)__p50(ms)__p95(ms)__p99(ms)_pMax(ms)
      5s        0            1.0            0.8    604.0    604.0    604.0    604.0 delivery
      5s        0           17.0           14.8    385.9   2281.7   2281.7   2281.7 newOrder
      5s        0            2.0            1.4     96.5    117.4    117.4    117.4 orderStatus
      5s        0           12.0           12.2    176.2   1409.3   2818.6   2818.6 payment
      5s        0            2.0            1.8     88.1   1342.2   1342.2   1342.2 stockLevel
      6s        0            2.0            1.0    402.7    486.5    486.5    486.5 delivery
      6s        0           17.0           15.2    352.3   2415.9   3892.3   3892.3 newOrder
      6s        0            0.0            1.2      0.0      0.0      0.0      0.0 orderStatus
      6s        0            9.0           11.7    159.4   3087.0   3087.0   3087.0 payment
      6s        0            0.0            1.5      0.0      0.0      0.0      0.0 stockLevel
      7s        0            1.0            1.0    604.0    604.0    604.0    604.0 delivery
      7s        0           11.0           14.6    318.8   3489.7   4160.7   4160.7 newOrder
      7s        0            3.0            1.4    113.2    125.8    125.8    125.8 orderStatus
      7s        0            8.0           11.1    142.6   3758.1   3758.1   3758.1 payment
      7s        0            2.0            1.6    100.7    520.1    520.1    520.1 stockLevel
      8s        0            2.0            1.1    570.4   2550.1   2550.1   2550.1 delivery
      8s        0           14.0           14.5    385.9   1879.0   3892.3   3892.3 newOrder
      8s        0            2.0            1.5     79.7     88.1     88.1     88.1 orderStatus
      8s        0           12.0           11.2    318.8   3892.3   5368.7   5368.7 payment
      8s        0            2.0            1.6     79.7     88.1     88.1     88.1 stockLevel
_elapsed___errors__ops/sec(inst)___ops/sec(cum)__p50(ms)__p95(ms)__p99(ms)_pMax(ms)
      9s        0            0.0            1.0      0.0      0.0      0.0      0.0 delivery
      9s        0           17.0           14.8    570.4   4160.7   4563.4   4563.4 newOrder
      9s        0            1.0            1.4    192.9    192.9    192.9    192.9 orderStatus
      9s        0           13.0           11.4    302.0    385.9   5905.6   5905.6 payment
      9s        0            2.0            1.7    201.3    285.2    285.2    285.2 stockLevel
     10s        0            3.0            1.2    385.9    738.2    738.2    738.2 delivery
     10s        0           16.0           14.9    385.9   5368.7   5368.7   5368.7 newOrder
     10s        0            1.0            1.4     62.9     62.9     62.9     62.9 orderStatus
     10s        0           11.0           11.4    268.4   6710.9   7247.8   7247.8 payment
     10s        0            0.0            1.5      0.0      0.0      0.0      0.0 stockLevel
_elapsed___errors__ops/sec(inst)___ops/sec(cum)__p50(ms)__p95(ms)__p99(ms)_pMax(ms)
      1s        0            1.0            1.0    771.8    771.8    771.8    771.8 delivery
      1s        0            1.0            1.0    335.5    335.5    335.5    335.5 newOrder
      1s        0            1.0            1.0    385.9    385.9    385.9    385.9 orderStatus
      1s        0            2.0            2.0     83.9    402.7    402.7    402.7 payment
      1s        0            0.0            0.0      0.0      0.0      0.0      0.0 stockLevel
      2s        0            2.0            1.5    419.4    419.4    419.4    419.4 delivery
      2s        0            3.0            2.0    251.7   1342.2   1342.2   1342.2 newOrder
      2s        0            1.0            1.0     83.9     83.9     83.9     83.9 orderStatus
      2s        0           11.0            6.5    117.4    151.0    570.4    570.4 payment
      2s        0            1.0            0.5    176.2    176.2    176.2    176.2 stockLevel
      3s        0            0.0            1.0      0.0      0.0      0.0      0.0 delivery
      3s        0           10.0            4.7    268.4    973.1    973.1    973.1 newOrder
      3s        0            0.0            0.7      0.0      0.0      0.0      0.0 orderStatus
      3s        0            6.0            6.4    113.2   2684.4   2684.4   2684.4 payment
      3s        0            1.0            0.7     83.9     83.9     83.9     83.9 stockLevel
      4s        0            2.0            1.3    570.4    637.5    637.5    637.5 delivery
      4s        0            6.0            5.0    469.8   2013.3   2013.3   2013.3 newOrder
      4s        0            1.0            0.8     92.3     92.3     92.3     92.3 orderStatus
      4s        0           12.0            7.8    117.4    838.9    973.1    973.1 payment
      4s        0            0.0            0.5      0.0      0.0      0.0      0.0 stockLevel
_elapsed___errors__ops/sec(inst)___ops/sec(cum)__p50(ms)__p95(ms)__p99(ms)_pMax(ms)
      5s        0            1.0            1.2    419.4    419.4    419.4    419.4 delivery
      5s        0            7.0            5.4    604.0   1946.2   1946.2   1946.2 newOrder
      5s        0            4.0            1.4     71.3    243.3    243.3    243.3 orderStatus
      5s        0            7.0            7.6    125.8   4831.8   4831.8   4831.8 payment
      5s        0            2.0            0.8     88.1    134.2    134.2    134.2 stockLevel
      6s        0            2.0            1.3   1040.2   1744.8   1744.8   1744.8 delivery
      6s        0           15.0            7.0    243.3   4295.0   4563.4   4563.4 newOrder
      6s        0            1.0            1.3     71.3     71.3     71.3     71.3 orderStatus
      6s        0           13.0            8.5    142.6   3087.0   4160.7   4160.7 payment
      6s        0            1.0            0.8    121.6    121.6    121.6    121.6 stockLevel
      7s        0            2.0            1.4    335.5   1409.3   1409.3   1409.3 delivery
      7s        0           16.0            8.3    352.3   4563.4   5637.1   5637.1 newOrder
      7s        0            0.0            1.1      0.0      0.0      0.0      0.0 orderStatus
      7s        0            6.0            8.2    121.6   3489.7   3489.7   3489.7 payment
      7s        0            0.0            0.7      0.0      0.0      0.0      0.0 stockLevel
      8s        0            1.0            1.4    402.7    402.7    402.7    402.7 delivery
      8s        0           14.0            9.0    973.1   6174.0   6174.0   6174.0 newOrder
      8s        0            2.0            1.3     75.5     88.1     88.1     88.1 orderStatus
      8s        0           14.0            8.9    243.3   3489.7   6710.9   6710.9 payment
      8s        0            2.0            0.9    100.7    234.9    234.9    234.9 stockLevel
_elapsed___errors__ops/sec(inst)___ops/sec(cum)__p50(ms)__p95(ms)__p99(ms)_pMax(ms)
      9s        0            3.0            1.6    486.5    520.1    520.1    520.1 delivery
      9s        0           14.0            9.6    318.8   5368.7   5905.6   5905.6 newOrder
      9s        0            2.0            1.3     75.5    151.0    151.0    151.0 orderStatus
      9s        0            9.0            8.9    130.0   6979.3   6979.3   6979.3 payment
      9s        0            2.0            1.0     92.3    167.8    167.8    167.8 stockLevel
     10s        0            0.0            1.4      0.0      0.0      0.0      0.0 delivery
     10s        0           12.0            9.8    335.5   8321.5   9663.7   9663.7 newOrder
     10s        0            2.0            1.4     88.1     96.5     96.5     96.5 orderStatus
     10s        0            8.0            8.8    151.0   7516.2   7516.2   7516.2 payment
     10s        0            2.0            1.1    100.7    159.4    159.4    159.4 stockLevel
     11s        0            0.0            1.3      0.0      0.0      0.0      0.0 delivery
     11s        0           12.0           10.0   3221.2   5637.1   9126.8   9126.8 newOrder
     11s        0            0.0            1.3      0.0      0.0      0.0      0.0 orderStatus
     11s        0            3.0            8.3    285.2    285.2    285.2    285.2 payment
     11s        0            0.0            1.0      0.0      0.0      0.0      0.0 stockLevel
     12s        0            1.0            1.3    402.7    402.7    402.7    402.7 delivery
     12s        0           12.0           10.2    285.2   4563.4   4831.8   4831.8 newOrder
     12s        0            1.0            1.3     83.9     83.9     83.9     83.9 orderStatus
     12s        0            7.0            8.2    151.0  11274.3  11274.3  11274.3 payment
     12s        0            3.0            1.2    113.2    142.6    142.6    142.6 stockLevel
_elapsed___errors__ops/sec(inst)___ops/sec(cum)__p50(ms)__p95(ms)__p99(ms)_pMax(ms)
     13s        0            1.0            1.2    352.3    352.3    352.3    352.3 delivery
     13s        0           13.0           10.4    260.0   3221.2   3489.7   3489.7 newOrder
     13s        0            0.0            1.2      0.0      0.0      0.0      0.0 orderStatus
     13s        0           11.0            8.4    159.4  10200.5  10737.4  10737.4 payment
     13s        0            2.0            1.2     75.5   3087.0   3087.0   3087.0 stockLevel
     14s        0            1.0            1.2    369.1    369.1    369.1    369.1 delivery
     14s        0           11.0           10.4    402.7   6979.3   8589.9   8589.9 newOrder
     14s        0            2.0            1.2     67.1    109.1    109.1    109.1 orderStatus
     14s        0           13.0            8.7    335.5  12348.0  12884.9  12884.9 payment
     14s        0            3.0            1.4    121.6    130.0    130.0    130.0 stockLevel
     15s        0            2.0            1.3    637.5    704.6    704.6    704.6 delivery
     15s        0           14.0           10.7    385.9   3489.7   7516.2   7516.2 newOrder
     15s        0            1.0            1.2    151.0    151.0    151.0    151.0 orderStatus
     15s        0            7.0            8.6    184.5  11811.2  11811.2  11811.2 payment
     15s        0            0.0            1.3      0.0      0.0      0.0      0.0 stockLevel
     16s        0            1.0            1.3    369.1    369.1    369.1    369.1 delivery
     16s        0            8.0           10.5    318.8   6442.5   6442.5   6442.5 newOrder
     16s        0            2.0            1.3     71.3     96.5     96.5     96.5 orderStatus
     16s        0           15.0            9.0    520.1  10200.5  13958.6  13958.6 payment
     16s        0            0.0            1.2      0.0      0.0      0.0      0.0 stockLevel
_elapsed___errors__ops/sec(inst)___ops/sec(cum)__p50(ms)__p95(ms)__p99(ms)_pMax(ms)
     17s        0            1.0            1.2    805.3    805.3    805.3    805.3 delivery
     17s        0           16.0           10.8    369.1   9126.8  11274.3  11274.3 newOrder
     17s        0            1.0            1.2    167.8    167.8    167.8    167.8 orderStatus
     17s        0           12.0            9.2    167.8    570.4  10737.4  10737.4 payment
     17s        0            0.0            1.1      0.0      0.0      0.0      0.0 stockLevel
     18s        0            2.0            1.3    453.0    486.5    486.5    486.5 delivery
     18s        0           10.0           10.8    302.0  16643.0  16643.0  16643.0 newOrder
     18s        0            2.0            1.3    142.6    159.4    159.4    159.4 orderStatus
     18s        0            8.0            9.1    419.4   6442.5   6442.5   6442.5 payment
     18s        0            0.0            1.1      0.0      0.0      0.0      0.0 stockLevel
     19s        0            1.0            1.3    771.8    771.8    771.8    771.8 delivery
     19s        0           14.0           11.0    260.0    704.6   1040.2   1040.2 newOrder
     19s        0            1.0            1.3     71.3     71.3     71.3     71.3 orderStatus
     19s        0            9.0            9.1    176.2  10737.4  10737.4  10737.4 payment
     19s        0            1.0            1.1    117.4    117.4    117.4    117.4 stockLevel
     20s        0            3.0            1.4    453.0   2415.9   2415.9   2415.9 delivery
     20s        0           12.0           11.0    234.9    671.1   6710.9   6710.9 newOrder
     20s        0            1.0            1.3     71.3     71.3     71.3     71.3 orderStatus
     20s        0            8.0            9.1    109.1  10200.5  10200.5  10200.5 payment
     20s        0            1.0            1.1     92.3     92.3     92.3     92.3 stockLevel
_elapsed___errors__ops/sec(inst)___ops/sec(cum)__p50(ms)__p95(ms)__p99(ms)_pMax(ms)
     21s        0            1.0            1.3   3623.9   3623.9   3623.9   3623.9 delivery
     21s        0           14.0           11.1   1040.2  10737.4  15569.3  15569.3 newOrder
     21s        0            1.0            1.2    121.6    121.6    121.6    121.6 orderStatus
     21s        0            4.0            8.8    151.0    159.4    159.4    159.4 payment
     21s        0            1.0            1.0   1073.7   1073.7   1073.7   1073.7 stockLevel
     22s        0            0.0            1.3      0.0      0.0      0.0      0.0 delivery
     22s        0           10.0           11.1    226.5  17179.9  17179.9  17179.9 newOrder
     22s        0            2.0            1.3     75.5    100.7    100.7    100.7 orderStatus
     22s        0           11.0            8.9    436.2  15032.4  19327.4  19327.4 payment
     22s        0            1.0            1.0   5368.7   5368.7   5368.7   5368.7 stockLevel
     23s        0            0.0            1.2      0.0      0.0      0.0      0.0 delivery
     23s        0           16.0           11.3    318.8   2684.4   5905.6   5905.6 newOrder
     23s        0            2.0            1.3    113.2    167.8    167.8    167.8 orderStatus
     23s        0           15.0            9.2    130.0    192.9  14495.5  14495.5 payment
     23s        0            3.0            1.1    104.9    121.6    121.6    121.6 stockLevel
     24s        0            4.0            1.3    402.7    503.3    503.3    503.3 delivery
     24s        0           11.0           11.3    243.3   2281.7  11274.3  11274.3 newOrder
     24s        0            0.0            1.3      0.0      0.0      0.0      0.0 orderStatus
     24s        0           15.0            9.4    142.6  11274.3  20401.1  20401.1 payment
     24s        0            2.0            1.2     96.5    121.6    121.6    121.6 stockLevel
_elapsed___errors__ops/sec(inst)___ops/sec(cum)__p50(ms)__p95(ms)__p99(ms)_pMax(ms)
     25s        0            0.0            1.3      0.0      0.0      0.0      0.0 delivery
     25s        0            8.0           11.2   3758.1  12348.0  12348.0  12348.0 newOrder
     25s        0            1.0            1.2    142.6    142.6    142.6    142.6 orderStatus
     25s        0           16.0            9.7    268.4  12348.0  13421.8  13421.8 payment
     25s        0            2.0            1.2     83.9    104.9    104.9    104.9 stockLevel
     26s        0            2.0            1.3    453.0    570.4    570.4    570.4 delivery
     26s        0           19.0           11.5    604.0   2550.1   2550.1   2550.1 newOrder
     26s        0            1.0            1.2     92.3     92.3     92.3     92.3 orderStatus
     26s        0           22.0           10.2    130.0  10200.5  24696.1  24696.1 payment
     26s        0            2.0            1.2     92.3    159.4    159.4    159.4 stockLevel
     27s        0            3.0            1.4    453.0    486.5    486.5    486.5 delivery
     27s        0           15.0           11.6    570.4    939.5   1006.6   1006.6 newOrder
     27s        0            2.0            1.3     71.3     92.3     92.3     92.3 orderStatus
     27s        0           17.0           10.4    151.0   6442.5  15569.3  15569.3 payment
     27s        0            0.0            1.2      0.0      0.0      0.0      0.0 stockLevel
     28s        0            0.0            1.3      0.0      0.0      0.0      0.0 delivery
     28s        0           14.0           11.7    218.1    805.3    838.9    838.9 newOrder
     28s        0            4.0            1.4     79.7    104.9    104.9    104.9 orderStatus
     28s        0           17.0           10.6    335.5  14495.5  14495.5  14495.5 payment
     28s        0            1.0            1.2    218.1    218.1    218.1    218.1 stockLevel
_elapsed___errors__ops/sec(inst)___ops/sec(cum)__p50(ms)__p95(ms)__p99(ms)_pMax(ms)
     29s        0            1.0            1.3    805.3    805.3    805.3    805.3 delivery
     29s        0           12.0           11.7    260.0   1006.6   2818.6   2818.6 newOrder
     29s        0            0.0            1.3      0.0      0.0      0.0      0.0 orderStatus
     29s        0            8.0           10.6    159.4  23622.3  23622.3  23622.3 payment
     29s        0            1.0            1.2    121.6    121.6    121.6    121.6 stockLevel
     30s        0            0.0            1.3      0.0      0.0      0.0      0.0 delivery
     30s        0           18.0           11.9    234.9  11274.3  11811.2  11811.2 newOrder
     30s        0            2.0            1.3     75.5     79.7     79.7     79.7 orderStatus
     30s        0           16.0           10.7    113.2  15569.3  19327.4  19327.4 payment
     30s        0            0.0            1.1      0.0      0.0      0.0      0.0 stockLevel
     31s        0            1.0            1.3    369.1    369.1    369.1    369.1 delivery
     31s        0           11.0           11.9    302.0  23622.3  28991.0  28991.0 newOrder
     31s        0            2.0            1.4     71.3     79.7     79.7     79.7 orderStatus
     31s        0           16.0           10.9    104.9   1040.2   1208.0   1208.0 payment
     31s        0            1.0            1.1     79.7     79.7     79.7     79.7 stockLevel
     32s        0            2.0            1.3    536.9    570.4    570.4    570.4 delivery
     32s        0           14.0           11.9    268.4   1275.1  28991.0  28991.0 newOrder
     32s        0            2.0            1.4     60.8     88.1     88.1     88.1 orderStatus
     32s        0            8.0           10.8    113.2    738.2    738.2    738.2 payment
     32s        0            2.0            1.2    130.0  11811.2  11811.2  11811.2 stockLevel
_elapsed___errors__ops/sec(inst)___ops/sec(cum)__p50(ms)__p95(ms)__p99(ms)_pMax(ms)
     33s        0            2.0            1.3    385.9    872.4    872.4    872.4 delivery
     33s        0            9.0           11.9    260.0    335.5    335.5    335.5 newOrder
     33s        0            2.0            1.4     65.0    134.2    134.2    134.2 orderStatus
     33s        0            9.0           10.8    151.0   1342.2   1342.2   1342.2 payment
     33s        0            3.0            1.2    113.2   1006.6   1006.6   1006.6 stockLevel
     34s        0            1.0            1.3    385.9    385.9    385.9    385.9 delivery
     34s        0           11.0           11.8    285.2   1409.3  23622.3  23622.3 newOrder
     34s        0            1.0            1.4     88.1     88.1     88.1     88.1 orderStatus
     34s        0           12.0           10.8    167.8    738.2  14495.5  14495.5 payment
     34s        0            1.0            1.2     88.1     88.1     88.1     88.1 stockLevel
     35s        0            2.0            1.3    402.7    402.7    402.7    402.7 delivery
     35s        0           10.0           11.8    201.3  10200.5  10200.5  10200.5 newOrder
     35s        0            2.0            1.4     67.1     75.5     75.5     75.5 orderStatus
     35s        0            9.0           10.7    109.1  19327.4  19327.4  19327.4 payment
     35s        0            1.0            1.2     88.1     88.1     88.1     88.1 stockLevel
     36s        0            2.0            1.3    503.3    570.4    570.4    570.4 delivery
     36s        0           16.0           11.9   2550.1  12348.0  13958.6  13958.6 newOrder
     36s        0            0.0            1.4      0.0      0.0      0.0      0.0 orderStatus
     36s        0            8.0           10.7    113.2    268.4    268.4    268.4 payment
     36s        0            3.0            1.3    117.4    167.8    167.8    167.8 stockLevel
_elapsed___errors__ops/sec(inst)___ops/sec(cum)__p50(ms)__p95(ms)__p99(ms)_pMax(ms)
     37s        0            3.0            1.4    402.7    436.2    436.2    436.2 delivery
     37s        0           10.0           11.8    243.3   1073.7   1073.7   1073.7 newOrder
     37s        0            1.0            1.4     92.3     92.3     92.3     92.3 orderStatus
     37s        0           15.0           10.8    201.3    771.8    906.0    906.0 payment
     37s        0            0.0            1.2      0.0      0.0      0.0      0.0 stockLevel
     38s        0            1.0            1.4    385.9    385.9    385.9    385.9 delivery
     38s        0            7.0           11.7    385.9   2013.3   2013.3   2013.3 newOrder
     38s        0            0.0            1.3      0.0      0.0      0.0      0.0 orderStatus
     38s        0           10.0           10.8    184.5    939.5    939.5    939.5 payment
     38s        0            1.0            1.2    167.8    167.8    167.8    167.8 stockLevel
     39s        0            2.0            1.4    486.5    838.9    838.9    838.9 delivery
     39s        0           11.0           11.7    260.0   3623.9  13958.6  13958.6 newOrder
     39s        0            3.0            1.4    104.9    109.1    109.1    109.1 orderStatus
     39s        0           15.0           10.9    167.8  26843.5  33286.0  33286.0 payment
     39s        0            1.0            1.2     79.7     79.7     79.7     79.7 stockLevel
     40s        0            1.0            1.4    369.1    369.1    369.1    369.1 delivery
     40s        0           15.0           11.8    335.5  12348.0  16106.1  16106.1 newOrder
     40s        0            2.0            1.4     79.7    142.6    142.6    142.6 orderStatus
     40s        0           18.0           11.1    125.8   5100.3   5368.7   5368.7 payment
     40s        0            1.0            1.2     79.7     79.7     79.7     79.7 stockLevel
_elapsed___errors__ops/sec(inst)___ops/sec(cum)__p50(ms)__p95(ms)__p99(ms)_pMax(ms)
     41s        0            2.0            1.4    604.0    872.4    872.4    872.4 delivery
     41s        0           11.0           11.8    352.3    906.0   1140.9   1140.9 newOrder
     41s        0            1.0            1.4    121.6    121.6    121.6    121.6 orderStatus
     41s        0            9.0           11.0    142.6  21474.8  21474.8  21474.8 payment
     41s        0            1.0            1.2    130.0    130.0    130.0    130.0 stockLevel
     42s        0            0.0            1.4      0.0      0.0      0.0      0.0 delivery
     42s        0            8.0           11.7    167.8  12348.0  12348.0  12348.0 newOrder
     42s        0            4.0            1.4     75.5    209.7    209.7    209.7 orderStatus
     42s        0           15.0           11.1    151.0  15032.4  28991.0  28991.0 payment
     42s        0            1.0            1.2     56.6     56.6     56.6     56.6 stockLevel
     43s        0            0.0            1.3      0.0      0.0      0.0      0.0 delivery
     43s        0           12.0           11.7    201.3   4831.8   8053.1   8053.1 newOrder
     43s        0            0.0            1.4      0.0      0.0      0.0      0.0 orderStatus
     43s        0           17.0           11.2    142.6  32212.3  38654.7  38654.7 payment
     43s        0            1.0            1.2     79.7     79.7     79.7     79.7 stockLevel
     44s        0            3.0            1.4    436.2    486.5    486.5    486.5 delivery
     44s        0           12.0           11.7    260.0    285.2   1409.3   1409.3 newOrder
     44s        0            3.0            1.4     88.1    125.8    125.8    125.8 orderStatus
     44s        0           14.0           11.3    113.2  12884.9  36507.2  36507.2 payment
     44s        0            0.0            1.2      0.0      0.0      0.0      0.0 stockLevel
_elapsed___errors__ops/sec(inst)___ops/sec(cum)__p50(ms)__p95(ms)__p99(ms)_pMax(ms)
     45s        0            0.0            1.3      0.0      0.0      0.0      0.0 delivery
     45s        0           15.0           11.8    243.3    385.9   8321.5   8321.5 newOrder
     45s        0            2.0            1.4    104.9    109.1    109.1    109.1 orderStatus
     45s        0            9.0           11.2    113.2    402.7    402.7    402.7 payment
     45s        0            3.0            1.2     88.1    352.3    352.3    352.3 stockLevel
     46s        0            3.0            1.4    402.7    520.1    520.1    520.1 delivery
     46s        0           10.0           11.7    260.0  13958.6  13958.6  13958.6 newOrder
     46s        0            0.0            1.4      0.0      0.0      0.0      0.0 orderStatus
     46s        0           10.0           11.2    121.6  40802.2  40802.2  40802.2 payment
     46s        0            2.0            1.2    125.8   5368.7   5368.7   5368.7 stockLevel
     47s        0            1.0            1.4    704.6    704.6    704.6    704.6 delivery
     47s        0            5.0           11.6    486.5  22548.6  22548.6  22548.6 newOrder
     47s        0            1.0            1.4    151.0    151.0    151.0    151.0 orderStatus
     47s        0           11.0           11.2    176.2  17179.9  40802.2  40802.2 payment
     47s        0            0.0            1.2      0.0      0.0      0.0      0.0 stockLevel
     48s        0            2.0            1.4    402.7    436.2    436.2    436.2 delivery
     48s        0           15.0           11.6    335.5  13421.8  36507.2  36507.2 newOrder
     48s        0            1.0            1.4     83.9     83.9     83.9     83.9 orderStatus
     48s        0           15.0           11.3    151.0   7784.6  16643.0  16643.0 payment
     48s        0            0.0            1.2      0.0      0.0      0.0      0.0 stockLevel
_elapsed___errors__ops/sec(inst)___ops/sec(cum)__p50(ms)__p95(ms)__p99(ms)_pMax(ms)
     49s        0            3.0            1.4    436.2   1040.2   1040.2   1040.2 delivery
     49s        0           14.0           11.7    243.3   3355.4   7247.8   7247.8 newOrder
     49s        0            1.0            1.4     83.9     83.9     83.9     83.9 orderStatus
     49s        0            9.0           11.2    151.0  25769.8  25769.8  25769.8 payment
     49s        0            1.0            1.2     83.9     83.9     83.9     83.9 stockLevel
     50s        0            2.0            1.4    335.5    453.0    453.0    453.0 delivery
     50s        0           17.0           11.8    369.1  10737.4  19327.4  19327.4 newOrder
     50s        0            1.0            1.4     71.3     71.3     71.3     71.3 orderStatus
     50s        0           13.0           11.3    192.9  14495.5  40802.2  40802.2 payment
     50s        0            2.0            1.2     75.5    771.8    771.8    771.8 stockLevel
     51s        0            3.0            1.5    369.1    503.3    503.3    503.3 delivery
     51s        0           16.0           11.9    234.9    704.6   9663.7   9663.7 newOrder
     51s        0            2.0            1.4     71.3     83.9     83.9     83.9 orderStatus
     51s        0           13.0           11.3    167.8   1140.9   5368.7   5368.7 payment
     51s        0            1.0            1.2     83.9     83.9     83.9     83.9 stockLevel
     52s        0            1.0            1.4    402.7    402.7    402.7    402.7 delivery
     52s        0           22.0           12.1    243.3  18253.6  24696.1  24696.1 newOrder
     52s        0            4.0            1.4     75.5     83.9     83.9     83.9 orderStatus
     52s        0           25.0           11.6    125.8  12348.0  47244.6  47244.6 payment
     52s        0            2.0            1.2     71.3    125.8    125.8    125.8 stockLevel
_elapsed___errors__ops/sec(inst)___ops/sec(cum)__p50(ms)__p95(ms)__p99(ms)_pMax(ms)
     53s        0            1.0            1.4    335.5    335.5    335.5    335.5 delivery
     53s        0           19.0           12.2    192.9    671.1   3623.9   3623.9 newOrder
     53s        0            1.0            1.4     28.3     28.3     28.3     28.3 orderStatus
     53s        0           25.0           11.8    184.5  38654.7  40802.2  40802.2 payment
     53s        0            1.0            1.2    130.0    130.0    130.0    130.0 stockLevel
     54s        0            1.0            1.4    486.5    486.5    486.5    486.5 delivery
     54s        0           14.0           12.2    201.3    838.9   9126.8   9126.8 newOrder
     54s        0            2.0            1.4    151.0    159.4    159.4    159.4 orderStatus
     54s        0           17.0           11.9    130.0  24696.1  33286.0  33286.0 payment
     54s        0            3.0            1.2    671.1   1073.7   1073.7   1073.7 stockLevel
     55s        0            2.0            1.4    335.5    352.3    352.3    352.3 delivery
     55s        0           22.0           12.4    201.3   2281.7  30064.8  30064.8 newOrder
     55s        0            1.0            1.4     75.5     75.5     75.5     75.5 orderStatus
     55s        0           18.0           12.0    125.8  30064.8  45097.2  45097.2 payment
     55s        0            0.0            1.2      0.0      0.0      0.0      0.0 stockLevel
     56s        0            1.0            1.4    385.9    385.9    385.9    385.9 delivery
     56s        0           24.0           12.6    209.7   8053.1  13421.8  13421.8 newOrder
     56s        0            0.0            1.4      0.0      0.0      0.0      0.0 orderStatus
     56s        0           20.0           12.2    113.2   1946.2  28991.0  28991.0 payment
     56s        0            2.0            1.2     79.7     92.3     92.3     92.3 stockLevel
_elapsed___errors__ops/sec(inst)___ops/sec(cum)__p50(ms)__p95(ms)__p99(ms)_pMax(ms)
     57s        0            2.0            1.4    318.8    385.9    385.9    385.9 delivery
     57s        0           19.0           12.7    192.9   1140.9   5100.3   5100.3 newOrder
     57s        0            1.0            1.4     65.0     65.0     65.0     65.0 orderStatus
     57s        0           15.0           12.2    117.4    436.2  27917.3  27917.3 payment
     57s        0            1.0            1.2     83.9     83.9     83.9     83.9 stockLevel
     58s        0            3.0            1.5    385.9    453.0    453.0    453.0 delivery
     58s        0           18.0           12.8    209.7   8321.5   8321.5   8321.5 newOrder
     58s        0            3.0            1.4     71.3    130.0    130.0    130.0 orderStatus
     58s        0           18.0           12.3    159.4  42949.7  45097.2  45097.2 payment
     58s        0            2.0            1.2     79.7     83.9     83.9     83.9 stockLevel
     59s        0            2.0            1.5    352.3    369.1    369.1    369.1 delivery
     59s        0           22.0           13.0    201.3    536.9    536.9    536.9 newOrder
     59s        0            2.0            1.4     67.1     79.7     79.7     79.7 orderStatus
     59s        0           16.0           12.4    113.2    671.1  42949.7  42949.7 payment
     59s        0            3.0            1.3    109.1   1275.1   1275.1   1275.1 stockLevel
    1m0s        0            2.0            1.5    285.2    352.3    352.3    352.3 delivery
    1m0s        0           17.0           13.1    176.2   3623.9   4295.0   4295.0 newOrder
    1m0s        0            1.0            1.4     75.5     75.5     75.5     75.5 orderStatus
    1m0s        0           27.0           12.6    121.6  26843.5  42949.7  42949.7 payment
    1m0s        0            2.0            1.3     65.0     92.3     92.3     92.3 stockLevel

_elapsed___errors_____ops(total)___ops/sec(cum)__avg(ms)__p50(ms)__p95(ms)__p99(ms)_pMax(ms)__total
   60.0s        0             89            1.5    550.9    436.2   1040.2   2415.9   3623.9  delivery
   60.0s        0            783           13.1   1807.3    285.2   9663.7  19327.4  36507.2  newOrder
   60.0s        0             86            1.4     97.6     83.9    167.8    243.3    385.9  orderStatus
   60.0s        0            758           12.6   2721.1    151.0  19327.4  40802.2  47244.6  payment
   60.0s        0             76            1.3    500.1    104.9   1275.1   5368.7  11811.2  stockLevel

_elapsed___errors_____ops(total)___ops/sec(cum)__avg(ms)__p50(ms)__p95(ms)__p99(ms)_pMax(ms)__result
   60.0s        0           1792           29.9   1993.9    226.5  11811.2  33286.0  47244.6  
Audit check 9.2.1.7: SKIP: not enough delivery transactions to be statistically significant
Audit check 9.2.2.5.1: SKIP: not enough orders to be statistically significant
Audit check 9.2.2.5.2: SKIP: not enough orders to be statistically significant
Audit check 9.2.2.5.3: SKIP: not enough orders to be statistically significant
Audit check 9.2.2.5.4: SKIP: not enough payments to be statistically significant
Audit check 9.2.2.5.5: SKIP: not enough payments to be statistically significant
Audit check 9.2.2.5.6: SKIP: not enough order status transactions to be statistically significant

_elapsed_______tpmC____efc__avg(ms)__p50(ms)__p90(ms)__p95(ms)__p99(ms)_pMax(ms)
   60.0s      783.1 609.0%   1807.3    285.2   5905.6   9663.7  19327.4  36507.2
