Initializing 200 connections...
Initializing 100 workers and preparing statements...
_elapsed___errors__ops/sec(inst)___ops/sec(cum)__p50(ms)__p95(ms)__p99(ms)_pMax(ms)
      1s        0            0.3            2.0    260.0    503.3    503.3    503.3 delivery
      1s        0            2.1           12.0    184.5    302.0    335.5    335.5 newOrder
      1s        0            0.2            1.0     14.7     14.7     14.7     14.7 orderStatus
      1s        0            2.3           13.0    117.4    134.2    142.6    142.6 payment
      1s        0            0.2            1.0    151.0    151.0    151.0    151.0 stockLevel
      2s        0            0.0            1.0      0.0      0.0      0.0      0.0 delivery
      2s        0           14.0           13.0    453.0    469.8    469.8    469.8 newOrder
      2s        0            1.0            1.0    209.7    209.7    209.7    209.7 orderStatus
      2s        0           13.0           13.0    226.5    268.4    318.8    318.8 payment
      2s        0            3.0            2.0    218.1    226.5    226.5    226.5 stockLevel
      3s        0            4.0            2.0    838.9    872.4    872.4    872.4 delivery
      3s        0            6.0           10.7    436.2    872.4    872.4    872.4 newOrder
      3s        0            0.0            0.7      0.0      0.0      0.0      0.0 orderStatus
      3s        0            9.0           11.7    285.2    604.0    604.0    604.0 payment
      3s        0            2.0            2.0    142.6    226.5    226.5    226.5 stockLevel
      4s        0            3.0            2.2   1140.9   1140.9   1140.9   1140.9 delivery
      4s        0           13.0           11.2    704.6   1946.2   2281.7   2281.7 newOrder
      4s        0            2.0            1.0     67.1    159.4    159.4    159.4 orderStatus
      4s        0            8.0           10.7    570.4   2281.7   2281.7   2281.7 payment
      4s        0            0.0            1.5      0.0      0.0      0.0      0.0 stockLevel
_elapsed___errors__ops/sec(inst)___ops/sec(cum)__p50(ms)__p95(ms)__p99(ms)_pMax(ms)
      5s        0            0.0            1.8      0.0      0.0      0.0      0.0 delivery
      5s        0           13.0           11.6    369.1   1744.8   1879.0   1879.0 newOrder
      5s        0            0.0            0.8      0.0      0.0      0.0      0.0 orderStatus
      5s        0           13.0           11.2    268.4   1946.2   2013.3   2013.3 payment
      5s        0            2.0            1.6    201.3   2013.3   2013.3   2013.3 stockLevel
      6s        0            1.0            1.7    637.5    637.5    637.5    637.5 delivery
      6s        0           16.0           12.3   1275.1   3489.7   3489.7   3489.7 newOrder
      6s        0            2.0            1.0    142.6    176.2    176.2    176.2 orderStatus
      6s        0            8.0           10.7    318.8   4295.0   4295.0   4295.0 payment
      6s        0            1.0            1.5    226.5    226.5    226.5    226.5 stockLevel
      7s        0            1.0            1.6   2952.8   2952.8   2952.8   2952.8 delivery
      7s        0            4.0           11.1    805.3   1610.6   1610.6   1610.6 newOrder
      7s        0            1.0            1.0    209.7    209.7    209.7    209.7 orderStatus
      7s        0            9.0           10.4    486.5   2550.1   2550.1   2550.1 payment
      7s        0            2.0            1.6    184.5    318.8    318.8    318.8 stockLevel
      8s        0            3.0            1.7   1275.1   5100.3   5100.3   5100.3 delivery
      8s        0           11.0           11.1   2080.4   4160.7   4160.7   4160.7 newOrder
      8s        0            7.0            1.7    142.6    226.5    226.5    226.5 orderStatus
      8s        0            7.0           10.0    335.5   4160.7   4160.7   4160.7 payment
      8s        0            0.0            1.4      0.0      0.0      0.0      0.0 stockLevel
_elapsed___errors__ops/sec(inst)___ops/sec(cum)__p50(ms)__p95(ms)__p99(ms)_pMax(ms)
      9s        0            2.0            1.8    637.5   2415.9   2415.9   2415.9 delivery
      9s        0            9.0           10.9   4026.5   4295.0   4295.0   4295.0 newOrder
      9s        0            2.0            1.8     79.7    125.8    125.8    125.8 orderStatus
      9s        0           11.0           10.1    201.3   5100.3   5100.3   5100.3 payment
      9s        0            1.0            1.3    121.6    121.6    121.6    121.6 stockLevel
_elapsed___errors__ops/sec(inst)___ops/sec(cum)__p50(ms)__p95(ms)__p99(ms)_pMax(ms)
      0s        0            0.0            0.0      0.0      0.0      0.0      0.0 delivery
      0s        0            0.0            0.0      0.0      0.0      0.0      0.0 newOrder
      0s        0            0.0            0.0      0.0      0.0      0.0      0.0 orderStatus
      0s        0            0.0            0.0      0.0      0.0      0.0      0.0 payment
      0s        0            0.0            0.0      0.0      0.0      0.0      0.0 stockLevel
      1s        0            0.0            0.0      0.0      0.0      0.0      0.0 delivery
      1s        0            2.0            2.0    369.1    419.4    419.4    419.4 newOrder
      1s        0            0.0            0.0      0.0      0.0      0.0      0.0 orderStatus
      1s        0            2.0            2.0    176.2    209.7    209.7    209.7 payment
      1s        0            1.0            1.0    130.0    130.0    130.0    130.0 stockLevel
      2s        0            0.0            0.0      0.0      0.0      0.0      0.0 delivery
      2s        0            2.0            2.0    226.5    302.0    302.0    302.0 newOrder
      2s        0            0.0            0.0      0.0      0.0      0.0      0.0 orderStatus
      2s        0            2.0            2.0    159.4    176.2    176.2    176.2 payment
      2s        0            3.0            2.0    142.6    604.0    604.0    604.0 stockLevel
      3s        0            1.0            0.3    738.2    738.2    738.2    738.2 delivery
      3s        0            4.0            2.7    218.1    285.2    285.2    285.2 newOrder
      3s        0            2.0            0.7     96.5    167.8    167.8    167.8 orderStatus
      3s        0            7.0            3.7    251.7   1811.9   1811.9   1811.9 payment
      3s        0            3.0            2.3   1342.2   1409.3   1409.3   1409.3 stockLevel
_elapsed___errors__ops/sec(inst)___ops/sec(cum)__p50(ms)__p95(ms)__p99(ms)_pMax(ms)
      4s        0            1.0            0.5    570.4    570.4    570.4    570.4 delivery
      4s        0            4.0            3.0    251.7   1476.4   1476.4   1476.4 newOrder
      4s        0            1.0            0.8     75.5     75.5     75.5     75.5 orderStatus
      4s        0            7.0            4.5    260.0   2684.4   2684.4   2684.4 payment
      4s        0            2.0            2.3     92.3    167.8    167.8    167.8 stockLevel
      5s        0            0.0            0.4      0.0      0.0      0.0      0.0 delivery
      5s        0           11.0            4.6   1879.0   4026.5   4026.5   4026.5 newOrder
      5s        0            2.0            1.0     79.7     88.1     88.1     88.1 orderStatus
      5s        0            7.0            5.0    104.9   1946.2   1946.2   1946.2 payment
      5s        0            3.0            2.4    109.1    109.1    109.1    109.1 stockLevel
      6s        0            2.0            0.7    453.0    604.0    604.0    604.0 delivery
      6s        0           11.0            5.7    637.5   3087.0   3355.4   3355.4 newOrder
      6s        0            2.0            1.2    113.2    159.4    159.4    159.4 orderStatus
      6s        0            7.0            5.3    209.7   2952.8   2952.8   2952.8 payment
      6s        0            2.0            2.3    151.0    167.8    167.8    167.8 stockLevel
      7s        0            1.0            0.7    419.4    419.4    419.4    419.4 delivery
      7s        0            9.0            6.1   1409.3   5905.6   5905.6   5905.6 newOrder
      7s        0            1.0            1.1     65.0     65.0     65.0     65.0 orderStatus
      7s        0            3.0            5.0    159.4    201.3    201.3    201.3 payment
      7s        0            0.0            2.0      0.0      0.0      0.0      0.0 stockLevel
_elapsed___errors__ops/sec(inst)___ops/sec(cum)__p50(ms)__p95(ms)__p99(ms)_pMax(ms)
      8s        0            0.0            0.6      0.0      0.0      0.0      0.0 delivery
      8s        0           15.0            7.3   2684.4   5368.7   5905.6   5905.6 newOrder
      8s        0            1.0            1.1     67.1     67.1     67.1     67.1 orderStatus
      8s        0           15.0            6.3    251.7   5905.6   6442.5   6442.5 payment
      8s        0            1.0            1.9    104.9    104.9    104.9    104.9 stockLevel
      9s        0            1.0            0.7    604.0    604.0    604.0    604.0 delivery
      9s        0           16.0            8.2    385.9   7784.6   7784.6   7784.6 newOrder
      9s        0            2.0            1.2    142.6    184.5    184.5    184.5 orderStatus
      9s        0           10.0            6.7    134.2   5905.6   5905.6   5905.6 payment
      9s        0            1.0            1.8    151.0    151.0    151.0    151.0 stockLevel
     10s        0            0.0            0.6      0.0      0.0      0.0      0.0 delivery
     10s        0           16.0            9.0    536.9   6174.0   7247.8   7247.8 newOrder
     10s        0            0.0            1.1      0.0      0.0      0.0      0.0 orderStatus
     10s        0            8.0            6.8    704.6   9126.8   9126.8   9126.8 payment
     10s        0            0.0            1.6      0.0      0.0      0.0      0.0 stockLevel
     11s        0            2.0            0.7    385.9    704.6    704.6    704.6 delivery
     11s        0           11.0            9.2    335.5   3087.0   4831.8   4831.8 newOrder
     11s        0            1.0            1.1     88.1     88.1     88.1     88.1 orderStatus
     11s        0            8.0            6.9   1409.3   9126.8   9126.8   9126.8 payment
     11s        0            0.0            1.5      0.0      0.0      0.0      0.0 stockLevel
_elapsed___errors__ops/sec(inst)___ops/sec(cum)__p50(ms)__p95(ms)__p99(ms)_pMax(ms)
     12s        0            0.0            0.7      0.0      0.0      0.0      0.0 delivery
     12s        0           15.0            9.7    260.0   3355.4   5100.3   5100.3 newOrder
     12s        0            0.0            1.0      0.0      0.0      0.0      0.0 orderStatus
     12s        0           18.0            7.8    192.9  10737.4  11274.3  11274.3 payment
     12s        0            2.0            1.5    121.6    520.1    520.1    520.1 stockLevel
     13s        0            1.0            0.7    469.8    469.8    469.8    469.8 delivery
     13s        0           12.0            9.8    838.9   5100.3  11811.2  11811.2 newOrder
     13s        0            0.0            0.9      0.0      0.0      0.0      0.0 orderStatus
     13s        0           13.0            8.2    453.0   6979.3   7784.6   7784.6 payment
     13s        0            2.0            1.5     79.7     79.7     79.7     79.7 stockLevel
     14s        0            2.0            0.8    536.9    872.4    872.4    872.4 delivery
     14s        0           13.0           10.1    637.5   5100.3   9126.8   9126.8 newOrder
     14s        0            0.0            0.9      0.0      0.0      0.0      0.0 orderStatus
     14s        0            9.0            8.3   1610.6  12348.0  12348.0  12348.0 payment
     14s        0            2.0            1.6     96.5    159.4    159.4    159.4 stockLevel
     15s        0            1.0            0.8    335.5    335.5    335.5    335.5 delivery
     15s        0           13.0           10.3   1140.9   7784.6   9126.8   9126.8 newOrder
     15s        0            0.0            0.8      0.0      0.0      0.0      0.0 orderStatus
     15s        0           10.0            8.4    159.4  13958.6  13958.6  13958.6 payment
     15s        0            0.0            1.5      0.0      0.0      0.0      0.0 stockLevel
_elapsed___errors__ops/sec(inst)___ops/sec(cum)__p50(ms)__p95(ms)__p99(ms)_pMax(ms)
     16s        0            1.0            0.8    520.1    520.1    520.1    520.1 delivery
     16s        0           14.0           10.5    436.2   6710.9   7247.8   7247.8 newOrder
     16s        0            3.0            0.9     96.5    159.4    159.4    159.4 orderStatus
     16s        0           17.0            8.9    318.8   9663.7  13958.6  13958.6 payment
     16s        0            3.0            1.6    134.2   2013.3   2013.3   2013.3 stockLevel
     17s        0            1.0            0.8    771.8    771.8    771.8    771.8 delivery
     17s        0           16.0           10.8   1677.7  10200.5  15032.4  15032.4 newOrder
     17s        0            2.0            1.0     75.5    243.3    243.3    243.3 orderStatus
     17s        0           15.0            9.3    318.8   9663.7  11274.3  11274.3 payment
     17s        0            2.0            1.6     75.5    100.7    100.7    100.7 stockLevel
     18s        0            1.0            0.8    402.7    402.7    402.7    402.7 delivery
     18s        0           16.0           11.1    419.4   5905.6   8053.1   8053.1 newOrder
     18s        0            2.0            1.1     92.3    134.2    134.2    134.2 orderStatus
     18s        0           13.0            9.5    486.5  15032.4  17179.9  17179.9 payment
     18s        0            1.0            1.6    130.0    130.0    130.0    130.0 stockLevel
     19s        0            2.0            0.9    453.0   1073.7   1073.7   1073.7 delivery
     19s        0            9.0           11.0    226.5   3221.2   3221.2   3221.2 newOrder
     19s        0            3.0            1.2     79.7     88.1     88.1     88.1 orderStatus
     19s        0           21.0           10.1    385.9  14495.5  18253.6  18253.6 payment
     19s        0            1.0            1.5    121.6    121.6    121.6    121.6 stockLevel
_elapsed___errors__ops/sec(inst)___ops/sec(cum)__p50(ms)__p95(ms)__p99(ms)_pMax(ms)
     20s        0            1.0            0.9    704.6    704.6    704.6    704.6 delivery
     20s        0           11.0           11.0    604.0   7247.8   7516.2   7516.2 newOrder
     20s        0            1.0            1.2     79.7     79.7     79.7     79.7 orderStatus
     20s        0           17.0           10.5    234.9  13958.6  15032.4  15032.4 payment
     20s        0            1.0            1.5   2818.6   2818.6   2818.6   2818.6 stockLevel
     21s        0            2.0            1.0    436.2   2818.6   2818.6   2818.6 delivery
     21s        0           11.0           11.0    738.2   3355.4   6174.0   6174.0 newOrder
     21s        0            2.0            1.2    100.7    192.9    192.9    192.9 orderStatus
     21s        0           12.0           10.5    209.7   9126.8  11811.2  11811.2 payment
     21s        0            1.0            1.5     88.1     88.1     88.1     88.1 stockLevel
     22s        0            4.0            1.1    520.1   3892.3   3892.3   3892.3 delivery
     22s        0           19.0           11.4    738.2   9126.8  12884.9  12884.9 newOrder
     22s        0            3.0            1.3    113.2    159.4    159.4    159.4 orderStatus
     22s        0           14.0           10.7    234.9   8053.1  10737.4  10737.4 payment
     22s        0            0.0            1.4      0.0      0.0      0.0      0.0 stockLevel
     23s        0            2.0            1.1    419.4    604.0    604.0    604.0 delivery
     23s        0           10.0           11.3    436.2   7516.2   7516.2   7516.2 newOrder
     23s        0            1.0            1.3     88.1     88.1     88.1     88.1 orderStatus
     23s        0           12.0           10.7   1208.0  16106.1  17179.9  17179.9 payment
     23s        0            1.0            1.4   6174.0   6174.0   6174.0   6174.0 stockLevel
_elapsed___errors__ops/sec(inst)___ops/sec(cum)__p50(ms)__p95(ms)__p99(ms)_pMax(ms)
     24s        0            1.0            1.1   3758.1   3758.1   3758.1   3758.1 delivery
     24s        0           13.0           11.4   1140.9   3892.3   6710.9   6710.9 newOrder
     24s        0            1.0            1.3     67.1     67.1     67.1     67.1 orderStatus
     24s        0           17.0           11.0    125.8  11811.2  15032.4  15032.4 payment
     24s        0            0.0            1.3      0.0      0.0      0.0      0.0 stockLevel
     25s        0            1.0            1.1    503.3    503.3    503.3    503.3 delivery
     25s        0           14.0           11.5    604.0   3758.1   4026.5   4026.5 newOrder
     25s        0            1.0            1.2     67.1     67.1     67.1     67.1 orderStatus
     25s        0           20.0           11.4   4563.4  23622.3  24696.1  24696.1 payment
     25s        0            3.0            1.4    352.3    771.8    771.8    771.8 stockLevel
     26s        0            1.0            1.1    771.8    771.8    771.8    771.8 delivery
     26s        0           15.0           11.6   2415.9   4831.8   5905.6   5905.6 newOrder
     26s        0            1.0            1.2    142.6    142.6    142.6    142.6 orderStatus
     26s        0           13.0           11.4    436.2  18253.6  23622.3  23622.3 payment
     26s        0            2.0            1.4     83.9    176.2    176.2    176.2 stockLevel
     27s        0            1.0            1.1    419.4    419.4    419.4    419.4 delivery
     27s        0           19.0           11.9    285.2   7516.2  16643.0  16643.0 newOrder
     27s        0            2.0            1.3     79.7     88.1     88.1     88.1 orderStatus
     27s        0            9.0           11.3    142.6   9126.8   9126.8   9126.8 payment
     27s        0            2.0            1.4    260.0   1543.5   1543.5   1543.5 stockLevel
_elapsed___errors__ops/sec(inst)___ops/sec(cum)__p50(ms)__p95(ms)__p99(ms)_pMax(ms)
     28s        0            0.0            1.1      0.0      0.0      0.0      0.0 delivery
     28s        0           15.0           12.0    385.9   3221.2   3623.9   3623.9 newOrder
     28s        0            2.0            1.3    159.4    159.4    159.4    159.4 orderStatus
     28s        0            7.0           11.2   2684.4   8589.9   8589.9   8589.9 payment
     28s        0            1.0            1.4   1073.7   1073.7   1073.7   1073.7 stockLevel
     29s        0            1.0            1.1    771.8    771.8    771.8    771.8 delivery
     29s        0           15.0           12.1   1610.6  13421.8  14495.5  14495.5 newOrder
     29s        0            2.0            1.3     71.3     79.7     79.7     79.7 orderStatus
     29s        0           15.0           11.3    192.9  15569.3  21474.8  21474.8 payment
     29s        0            0.0            1.4      0.0      0.0      0.0      0.0 stockLevel
     30s        0            0.0            1.0      0.0      0.0      0.0      0.0 delivery
     30s        0           12.0           12.1    218.1   5368.7   9663.7   9663.7 newOrder
     30s        0            2.0            1.3     62.9     71.3     71.3     71.3 orderStatus
     30s        0           11.0           11.3    738.2   9663.7  10200.5  10200.5 payment
     30s        0            0.0            1.3      0.0      0.0      0.0      0.0 stockLevel
     31s        0            3.0            1.1    536.9    637.5    637.5    637.5 delivery
     31s        0           14.0           12.2   2550.1   8053.1   8589.9   8589.9 newOrder
     31s        0            7.0            1.5    125.8    184.5    184.5    184.5 orderStatus
     31s        0           17.0           11.5   1006.6  21474.8  23622.3  23622.3 payment
     31s        0            2.0            1.4    109.1    125.8    125.8    125.8 stockLevel
_elapsed___errors__ops/sec(inst)___ops/sec(cum)__p50(ms)__p95(ms)__p99(ms)_pMax(ms)
     32s        0            1.0            1.1    671.1    671.1    671.1    671.1 delivery
     32s        0            8.0           12.0   1342.2   6710.9   6710.9   6710.9 newOrder
     32s        0            0.0            1.5      0.0      0.0      0.0      0.0 orderStatus
     32s        0           13.0           11.5    570.4  16106.1  20401.1  20401.1 payment
     32s        0            0.0            1.3      0.0      0.0      0.0      0.0 stockLevel
     33s        0            4.0            1.2    402.7   1476.4   1476.4   1476.4 delivery
     33s        0           15.0           12.1    302.0   2550.1   7784.6   7784.6 newOrder
     33s        0            0.0            1.4      0.0      0.0      0.0      0.0 orderStatus
     33s        0           13.0           11.6    159.4   6174.0  10200.5  10200.5 payment
     33s        0            0.0            1.3      0.0      0.0      0.0      0.0 stockLevel
     34s        0            0.0            1.1      0.0      0.0      0.0      0.0 delivery
     34s        0           11.0           12.1    260.0   2952.8   6710.9   6710.9 newOrder
     34s        0            2.0            1.4     54.5    176.2    176.2    176.2 orderStatus
     34s        0           15.0           11.7    973.1   8321.5  10737.4  10737.4 payment
     34s        0            1.0            1.3    209.7    209.7    209.7    209.7 stockLevel
     35s        0            0.0            1.1      0.0      0.0      0.0      0.0 delivery
     35s        0           13.0           12.1    906.0   2550.1   5368.7   5368.7 newOrder
     35s        0            0.0            1.4      0.0      0.0      0.0      0.0 orderStatus
     35s        0           15.0           11.8   1610.6  13958.6  23622.3  23622.3 payment
     35s        0            1.0            1.3    503.3    503.3    503.3    503.3 stockLevel
_elapsed___errors__ops/sec(inst)___ops/sec(cum)__p50(ms)__p95(ms)__p99(ms)_pMax(ms)
     36s        0            1.0            1.1    486.5    486.5    486.5    486.5 delivery
     36s        0           13.0           12.1    285.2   2684.4   4831.8   4831.8 newOrder
     36s        0            1.0            1.4     88.1     88.1     88.1     88.1 orderStatus
     36s        0           15.0           11.9    201.3  11811.2  12348.0  12348.0 payment
     36s        0            0.0            1.2      0.0      0.0      0.0      0.0 stockLevel
     37s        0            0.0            1.1      0.0      0.0      0.0      0.0 delivery
     37s        0           17.0           12.3    285.2   2684.4   5100.3   5100.3 newOrder
     37s        0            1.0            1.4     88.1     88.1     88.1     88.1 orderStatus
     37s        0           17.0           12.0    167.8  19327.4  25769.8  25769.8 payment
     37s        0            2.0            1.2     92.3    503.3    503.3    503.3 stockLevel
     38s        0            1.0            1.1    771.8    771.8    771.8    771.8 delivery
     38s        0            9.0           12.2    352.3   1409.3   1409.3   1409.3 newOrder
     38s        0            0.0            1.3      0.0      0.0      0.0      0.0 orderStatus
     38s        0            6.0           11.8    385.9   1946.2   1946.2   1946.2 payment
     38s        0            1.0            1.2    159.4    159.4    159.4    159.4 stockLevel
     39s        0            1.0            1.1    436.2    436.2    436.2    436.2 delivery
     39s        0           10.0           12.1    209.7   1543.5   1543.5   1543.5 newOrder
     39s        0            1.0            1.3     79.7     79.7     79.7     79.7 orderStatus
     39s        0           15.0           11.9    159.4   4831.8   6174.0   6174.0 payment
     39s        0            1.0            1.2   1476.4   1476.4   1476.4   1476.4 stockLevel
_elapsed___errors__ops/sec(inst)___ops/sec(cum)__p50(ms)__p95(ms)__p99(ms)_pMax(ms)
     40s        0            2.0            1.1    318.8    335.5    335.5    335.5 delivery
     40s        0           10.0           12.1    218.1   1543.5   1543.5   1543.5 newOrder
     40s        0            1.0            1.3     60.8     60.8     60.8     60.8 orderStatus
     40s        0           13.0           12.0   2684.4  12348.0  13421.8  13421.8 payment
     40s        0            1.0            1.2     92.3     92.3     92.3     92.3 stockLevel
     41s        0            1.0            1.1    419.4    419.4    419.4    419.4 delivery
     41s        0            7.0           12.0    486.5  12884.9  12884.9  12884.9 newOrder
     41s        0            1.0            1.3     71.3     71.3     71.3     71.3 orderStatus
     41s        0           16.0           12.0    134.2  11811.2  36507.2  36507.2 payment
     41s        0            1.0            1.2    109.1    109.1    109.1    109.1 stockLevel
     42s        0            2.0            1.1    402.7    503.3    503.3    503.3 delivery
     42s        0           13.0           12.0    318.8   7516.2   9663.7   9663.7 newOrder
     42s        0            3.0            1.4     79.7    159.4    159.4    159.4 orderStatus
     42s        0            8.0           12.0    192.9   7247.8   7247.8   7247.8 payment
     42s        0            1.0            1.2     88.1     88.1     88.1     88.1 stockLevel
     43s        0            1.0            1.1    486.5    486.5    486.5    486.5 delivery
     43s        0           15.0           12.0    268.4  13958.6  17179.9  17179.9 newOrder
     43s        0            2.0            1.4     67.1    151.0    151.0    151.0 orderStatus
     43s        0           12.0           12.0    167.8  10737.4  14495.5  14495.5 payment
     43s        0            1.0            1.2    520.1    520.1    520.1    520.1 stockLevel
_elapsed___errors__ops/sec(inst)___ops/sec(cum)__p50(ms)__p95(ms)__p99(ms)_pMax(ms)
     44s        0            2.0            1.1    402.7    469.8    469.8    469.8 delivery
     44s        0           17.0           12.2    268.4  10737.4  13421.8  13421.8 newOrder
     44s        0            1.0            1.4     79.7     79.7     79.7     79.7 orderStatus
     44s        0           11.0           11.9    121.6    285.2    385.9    385.9 payment
     44s        0            3.0            1.3    109.1    142.6    142.6    142.6 stockLevel
     45s        0            2.0            1.2    453.0    453.0    453.0    453.0 delivery
     45s        0           13.0           12.2    302.0   5637.1   5905.6   5905.6 newOrder
     45s        0            1.0            1.4     75.5     75.5     75.5     75.5 orderStatus
     45s        0           12.0           11.9    121.6   1073.7  13421.8  13421.8 payment
     45s        0            3.0            1.3    151.0    167.8    167.8    167.8 stockLevel
     46s        0            0.0            1.1      0.0      0.0      0.0      0.0 delivery
     46s        0           15.0           12.2    251.7  12348.0  15569.3  15569.3 newOrder
     46s        0            0.0            1.3      0.0      0.0      0.0      0.0 orderStatus
     46s        0           13.0           12.0    159.4  12884.9  13958.6  13958.6 payment
     46s        0            2.0            1.3    113.2    251.7    251.7    251.7 stockLevel
     47s        0            2.0            1.1    453.0    486.5    486.5    486.5 delivery
     47s        0           13.0           12.3    260.0  11274.3  18253.6  18253.6 newOrder
     47s        0            0.0            1.3      0.0      0.0      0.0      0.0 orderStatus
     47s        0            9.0           11.9    159.4  13421.8  13421.8  13421.8 payment
     47s        0            0.0            1.3      0.0      0.0      0.0      0.0 stockLevel
_elapsed___errors__ops/sec(inst)___ops/sec(cum)__p50(ms)__p95(ms)__p99(ms)_pMax(ms)
     48s        0            1.0            1.1    604.0    604.0    604.0    604.0 delivery
     48s        0           13.0           12.3    369.1   7516.2  27917.3  27917.3 newOrder
     48s        0            2.0            1.3     75.5     83.9     83.9     83.9 orderStatus
     48s        0           10.0           11.9    167.8   1342.2   1342.2   1342.2 payment
     48s        0            2.0            1.3    104.9    335.5    335.5    335.5 stockLevel
     49s        0            2.0            1.2    385.9    671.1    671.1    671.1 delivery
     49s        0           12.0           12.3    419.4  18253.6  20401.1  20401.1 newOrder
     49s        0            0.0            1.3      0.0      0.0      0.0      0.0 orderStatus
     49s        0           10.0           11.8    176.2  23622.3  23622.3  23622.3 payment
     49s        0            1.0            1.3    117.4    117.4    117.4    117.4 stockLevel
     50s        0            3.0            1.2    637.5    771.8    771.8    771.8 delivery
     50s        0           13.0           12.3    453.0    469.8   7516.2   7516.2 newOrder
     50s        0            2.0            1.3     83.9     96.5     96.5     96.5 orderStatus
     50s        0            9.0           11.8    285.2  11274.3  11274.3  11274.3 payment
     50s        0            2.0            1.3    184.5   4295.0   4295.0   4295.0 stockLevel
     51s        0            2.0            1.2    503.3    637.5    637.5    637.5 delivery
     51s        0           10.0           12.2    302.0  14495.5  14495.5  14495.5 newOrder
     51s        0            0.0            1.3      0.0      0.0      0.0      0.0 orderStatus
     51s        0           11.0           11.7    184.5   2818.6  20401.1  20401.1 payment
     51s        0            1.0            1.3    142.6    142.6    142.6    142.6 stockLevel
_elapsed___errors__ops/sec(inst)___ops/sec(cum)__p50(ms)__p95(ms)__p99(ms)_pMax(ms)
     52s        0            1.0            1.2    436.2    436.2    436.2    436.2 delivery
     52s        0           14.0           12.3    243.3  13421.8  19327.4  19327.4 newOrder
     52s        0            0.0            1.3      0.0      0.0      0.0      0.0 orderStatus
     52s        0           17.0           11.8    117.4   4563.4  28991.0  28991.0 payment
     52s        0            2.0            1.3     92.3   3087.0   3087.0   3087.0 stockLevel
     53s        0            0.0            1.2      0.0      0.0      0.0      0.0 delivery
     53s        0            9.0           12.2    402.7   3087.0   3087.0   3087.0 newOrder
     53s        0            0.0            1.2      0.0      0.0      0.0      0.0 orderStatus
     53s        0           14.0           11.9    201.3    838.9  36507.2  36507.2 payment
     53s        0            0.0            1.3      0.0      0.0      0.0      0.0 stockLevel
     54s        0            0.0            1.2      0.0      0.0      0.0      0.0 delivery
     54s        0           12.0           12.2    268.4   6979.3   7516.2   7516.2 newOrder
     54s        0            0.0            1.2      0.0      0.0      0.0      0.0 orderStatus
     54s        0           13.0           11.9    121.6   7247.8  19327.4  19327.4 payment
     54s        0            2.0            1.3     88.1     92.3     92.3     92.3 stockLevel
     55s        0            0.0            1.1      0.0      0.0      0.0      0.0 delivery
     55s        0            7.0           12.1    335.5   4831.8   4831.8   4831.8 newOrder
     55s        0            1.0            1.2     71.3     71.3     71.3     71.3 orderStatus
     55s        0            6.0           11.8    130.0  19327.4  19327.4  19327.4 payment
     55s        0            0.0            1.3      0.0      0.0      0.0      0.0 stockLevel
_elapsed___errors__ops/sec(inst)___ops/sec(cum)__p50(ms)__p95(ms)__p99(ms)_pMax(ms)
     56s        0            1.0            1.1    973.1    973.1    973.1    973.1 delivery
     56s        0            0.0           11.9      0.0      0.0      0.0      0.0 newOrder
     56s        0            0.0            1.2      0.0      0.0      0.0      0.0 orderStatus
     56s        0            2.0           11.6    738.2    771.8    771.8    771.8 payment
     56s        0            0.0            1.3      0.0      0.0      0.0      0.0 stockLevel
     57s        0            1.0            1.1    419.4    419.4    419.4    419.4 delivery
     57s        0            0.0           11.7      0.0      0.0      0.0      0.0 newOrder
     57s        0            0.0            1.2      0.0      0.0      0.0      0.0 orderStatus
     57s        0            5.0           11.5   1208.0  40802.2  40802.2  40802.2 payment
     57s        0            0.0            1.2      0.0      0.0      0.0      0.0 stockLevel
     58s        0            0.0            1.1      0.0      0.0      0.0      0.0 delivery
     58s        0            4.0           11.6    352.3    419.4    419.4    419.4 newOrder
     58s        0            0.0            1.1      0.0      0.0      0.0      0.0 orderStatus
     58s        0            2.0           11.3    226.5    352.3    352.3    352.3 payment
     58s        0            0.0            1.2      0.0      0.0      0.0      0.0 stockLevel
     59s        0            0.0            1.1      0.0      0.0      0.0      0.0 delivery
     59s        0            4.0           11.4  11274.3  36507.2  36507.2  36507.2 newOrder
     59s        0            0.0            1.1      0.0      0.0      0.0      0.0 orderStatus
     59s        0            5.0           11.2    226.5  15569.3  15569.3  15569.3 payment
     59s        0            1.0            1.2   1476.4   1476.4   1476.4   1476.4 stockLevel
_elapsed___errors__ops/sec(inst)___ops/sec(cum)__p50(ms)__p95(ms)__p99(ms)_pMax(ms)
    1m0s        0            0.0            1.1      0.0      0.0      0.0      0.0 delivery
    1m0s        0            5.0           11.3    671.1   8053.1   8053.1   8053.1 newOrder
    1m0s        0            1.0            1.1     88.1     88.1     88.1     88.1 orderStatus
    1m0s        0            5.0           11.1    486.5  53687.1  53687.1  53687.1 payment
    1m0s        0            0.0            1.2      0.0      0.0      0.0      0.0 stockLevel

_elapsed___errors_____ops(total)___ops/sec(cum)__avg(ms)__p50(ms)__p95(ms)__p99(ms)_pMax(ms)__total
   60.0s        0             65            1.1    676.6    503.3   1476.4   3758.1   3892.3  delivery
   60.0s        0            679           11.3   2125.2    419.4   9126.8  17179.9  36507.2  newOrder
   60.0s        0             67            1.1    102.5     88.1    184.5    192.9    243.3  orderStatus
   60.0s        0            668           11.1   2967.2    234.9  14495.5  23622.3  53687.1  payment
   60.0s        0             71            1.2    516.1    142.6   2013.3   4295.0   6174.0  stockLevel

_elapsed___errors_____ops(total)___ops/sec(cum)__avg(ms)__p50(ms)__p95(ms)__p99(ms)_pMax(ms)__result
   60.0s        0           1550           25.8   2266.2    335.5  11274.3  21474.8  53687.1  
Audit check 9.2.1.7: SKIP: not enough delivery transactions to be statistically significant
Audit check 9.2.2.5.1: SKIP: not enough orders to be statistically significant
Audit check 9.2.2.5.2: SKIP: not enough orders to be statistically significant
Audit check 9.2.2.5.3: SKIP: not enough orders to be statistically significant
Audit check 9.2.2.5.4: SKIP: not enough payments to be statistically significant
Audit check 9.2.2.5.5: SKIP: not enough payments to be statistically significant
Audit check 9.2.2.5.6: SKIP: not enough order status transactions to be statistically significant

_elapsed_______tpmC____efc__avg(ms)__p50(ms)__p90(ms)__p95(ms)__p99(ms)_pMax(ms)
   60.0s      679.0 528.0%   2125.2    419.4   6710.9   9126.8  17179.9  36507.2
