randw-4K-n1-c1: (g=0): rw=randwrite, bs=(R) 4096B-4096B, (W) 4096B-4096B, (T) 4096B-4096B, ioengine=libaio, iodepth=32
randw-4K-n2-c2: (g=1): rw=randwrite, bs=(R) 4096B-4096B, (W) 4096B-4096B, (T) 4096B-4096B, ioengine=libaio, iodepth=32
...
randw-4K-n4-c4: (g=2): rw=randwrite, bs=(R) 4096B-4096B, (W) 4096B-4096B, (T) 4096B-4096B, ioengine=libaio, iodepth=32
...
randw-4K-n8-c8: (g=3): rw=randwrite, bs=(R) 4096B-4096B, (W) 4096B-4096B, (T) 4096B-4096B, ioengine=libaio, iodepth=32
...
randw-4K-n12-c12: (g=4): rw=randwrite, bs=(R) 4096B-4096B, (W) 4096B-4096B, (T) 4096B-4096B, ioengine=libaio, iodepth=32
...
fio-3.1
Starting 27 processes

randw-4K-n1-c1: (groupid=0, jobs=1): err= 0: pid=1137: Sun Jul 28 10:09:01 2019
  write: IOPS=122k, BW=475MiB/s (498MB/s)(55.7GiB/120001msec)
    slat (usec): min=2, max=101, avg= 3.32, stdev= 1.73
    clat (usec): min=17, max=730, avg=257.25, stdev=13.47
     lat (usec): min=20, max=733, avg=261.14, stdev=13.57
    clat percentiles (usec):
     | 10.000th=[  249], 20.000th=[  251], 30.000th=[  251], 40.000th=[  253],
     | 50.000th=[  253], 70.000th=[  255], 90.000th=[  265], 99.000th=[  310],
     | 99.900th=[  326], 99.990th=[  359], 99.999th=[  388]
   bw (  KiB/s): min=408773, max=476260, per=85.67%, avg=416614.17, stdev=4290.22, samples=239
   iops        : min=102193, max=119065, avg=104153.19, stdev=1072.59, samples=239
  lat (usec)   : 20=0.01%, 50=0.01%, 100=0.01%, 250=14.66%, 500=85.33%
  lat (usec)   : 750=0.01%
  cpu          : usr=48.07%, sys=51.93%, ctx=195, majf=0, minf=11
  IO depths    : 1=0.1%, 2=0.1%, 4=0.1%, 8=0.1%, 16=0.1%, 32=100.0%, >=64=0.0%
     submit    : 0=0.0%, 4=100.0%, 8=0.0%, 16=0.0%, 32=0.0%, 64=0.0%, >=64=0.0%
     complete  : 0=0.0%, 4=100.0%, 8=0.0%, 16=0.0%, 32=0.1%, 64=0.0%, >=64=0.0%
     issued rwt: total=0,14588928,0, short=0,0,0, dropped=0,0,0
     latency   : target=0, window=0, percentile=100.00%, depth=32
randw-4K-n2-c2: (groupid=1, jobs=2): err= 0: pid=1143: Sun Jul 28 10:09:01 2019
  write: IOPS=234k, BW=914MiB/s (958MB/s)(107GiB/120012msec)
    slat (usec): min=2, max=18262, avg= 3.41, stdev= 4.53
    clat (usec): min=13, max=18551, avg=267.11, stdev=44.02
     lat (usec): min=22, max=18555, avg=271.10, stdev=44.51
    clat percentiles (usec):
     | 10.000th=[  255], 20.000th=[  258], 30.000th=[  260], 40.000th=[  260],
     | 50.000th=[  262], 70.000th=[  269], 90.000th=[  289], 99.000th=[  318],
     | 99.900th=[  367], 99.990th=[  465], 99.999th=[ 5145]
   bw (  KiB/s): min=346626, max=439115, per=43.50%, avg=407129.58, stdev=6661.57, samples=478
   iops        : min=86656, max=109778, avg=101782.05, stdev=1665.36, samples=478
  lat (usec)   : 20=0.01%, 50=0.01%, 100=0.01%, 250=2.13%, 500=97.86%
  lat (usec)   : 750=0.01%, 1000=0.01%
  lat (msec)   : 2=0.01%, 4=0.01%, 10=0.01%, 20=0.01%
  cpu          : usr=47.88%, sys=52.09%, ctx=238, majf=0, minf=18
  IO depths    : 1=0.1%, 2=0.1%, 4=0.1%, 8=0.1%, 16=0.1%, 32=100.0%, >=64=0.0%
     submit    : 0=0.0%, 4=100.0%, 8=0.0%, 16=0.0%, 32=0.0%, 64=0.0%, >=64=0.0%
     complete  : 0=0.0%, 4=100.0%, 8=0.0%, 16=0.0%, 32=0.1%, 64=0.0%, >=64=0.0%
     issued rwt: total=0,28079131,0, short=0,0,0, dropped=0,0,0
     latency   : target=0, window=0, percentile=100.00%, depth=32
randw-4K-n4-c4: (groupid=2, jobs=4): err= 0: pid=1317: Sun Jul 28 10:09:01 2019
  write: IOPS=430k, BW=1680MiB/s (1762MB/s)(197GiB/120019msec)
    slat (usec): min=2, max=20414, avg= 3.81, stdev= 7.47
    clat (usec): min=13, max=24323, avg=290.30, stdev=57.40
     lat (usec): min=28, max=24328, avg=294.72, stdev=58.00
    clat percentiles (usec):
     | 10.000th=[  277], 20.000th=[  281], 30.000th=[  285], 40.000th=[  285],
     | 50.000th=[  289], 70.000th=[  293], 90.000th=[  310], 99.000th=[  326],
     | 99.900th=[  338], 99.990th=[  400], 99.999th=[ 5604]
   bw (  KiB/s): min=288904, max=431776, per=17.36%, avg=298608.41, stdev=7841.16, samples=956
   iops        : min=72226, max=107944, avg=74651.72, stdev=1960.29, samples=956
  lat (usec)   : 20=0.01%, 50=0.01%, 100=0.01%, 250=0.01%, 500=99.99%
  lat (usec)   : 750=0.01%, 1000=0.01%
  lat (msec)   : 2=0.01%, 4=0.01%, 10=0.01%, 20=0.01%, 50=0.01%
  cpu          : usr=48.14%, sys=51.81%, ctx=290, majf=0, minf=42
  IO depths    : 1=0.1%, 2=0.1%, 4=0.1%, 8=0.1%, 16=0.1%, 32=100.0%, >=64=0.0%
     submit    : 0=0.0%, 4=100.0%, 8=0.0%, 16=0.0%, 32=0.0%, 64=0.0%, >=64=0.0%
     complete  : 0=0.0%, 4=100.0%, 8=0.0%, 16=0.0%, 32=0.1%, 64=0.0%, >=64=0.0%
     issued rwt: total=0,51617473,0, short=0,0,0, dropped=0,0,0
     latency   : target=0, window=0, percentile=100.00%, depth=32
randw-4K-n8-c8: (groupid=3, jobs=8): err= 0: pid=1326: Sun Jul 28 10:09:01 2019
  write: IOPS=555k, BW=2169MiB/s (2274MB/s)(254GiB/120009msec)
    slat (usec): min=2, max=13744, avg= 4.23, stdev= 4.40
    clat (usec): min=13, max=14829, avg=453.48, stdev=49.71
     lat (usec): min=19, max=14836, avg=458.36, stdev=49.76
    clat percentiles (usec):
     | 10.000th=[  396], 20.000th=[  420], 30.000th=[  429], 40.000th=[  437],
     | 50.000th=[  453], 70.000th=[  469], 90.000th=[  510], 99.000th=[  570],
     | 99.900th=[  627], 99.990th=[  725], 99.999th=[ 1958]
   bw (  KiB/s): min=219446, max=338267, per=10.16%, avg=225731.37, stdev=4378.75, samples=1912
   iops        : min=54861, max=84566, avg=56432.47, stdev=1094.69, samples=1912
  lat (usec)   : 20=0.01%, 50=0.01%, 100=0.01%, 250=0.01%, 500=85.38%
  lat (usec)   : 750=14.62%, 1000=0.01%
  lat (msec)   : 2=0.01%, 4=0.01%, 10=0.01%, 20=0.01%
  cpu          : usr=32.23%, sys=40.48%, ctx=21421327, majf=0, minf=83
  IO depths    : 1=0.1%, 2=0.1%, 4=0.1%, 8=0.1%, 16=0.1%, 32=100.0%, >=64=0.0%
     submit    : 0=0.0%, 4=100.0%, 8=0.0%, 16=0.0%, 32=0.0%, 64=0.0%, >=64=0.0%
     complete  : 0=0.0%, 4=100.0%, 8=0.0%, 16=0.0%, 32=0.1%, 64=0.0%, >=64=0.0%
     issued rwt: total=0,66626144,0, short=0,0,0, dropped=0,0,0
     latency   : target=0, window=0, percentile=100.00%, depth=32
randw-4K-n12-c12: (groupid=4, jobs=12): err= 0: pid=1338: Sun Jul 28 10:09:01 2019
  write: IOPS=555k, BW=2169MiB/s (2274MB/s)(254GiB/120063msec)
    slat (usec): min=2, max=59760, avg= 4.09, stdev= 9.18
    clat (usec): min=12, max=65206, avg=683.92, stdev=74.93
     lat (usec): min=245, max=65214, avg=688.67, stdev=75.43
    clat percentiles (usec):
     | 10.000th=[  627], 20.000th=[  635], 30.000th=[  660], 40.000th=[  668],
     | 50.000th=[  676], 70.000th=[  709], 90.000th=[  758], 99.000th=[  824],
     | 99.900th=[  881], 99.990th=[  938], 99.999th=[ 4359]
   bw (  KiB/s): min=180812, max=190234, per=8.39%, avg=186398.75, stdev=1261.86, samples=2879
   iops        : min=45203, max=47558, avg=46599.39, stdev=315.37, samples=2879
  lat (usec)   : 20=0.01%, 50=0.01%, 100=0.01%, 250=0.01%, 500=0.01%
  lat (usec)   : 750=88.81%, 1000=11.17%
  lat (msec)   : 2=0.01%, 4=0.01%, 10=0.01%, 20=0.01%, 100=0.01%
  cpu          : usr=22.59%, sys=28.95%, ctx=35716015, majf=0, minf=119
  IO depths    : 1=0.1%, 2=0.1%, 4=0.1%, 8=0.1%, 16=0.1%, 32=100.0%, >=64=0.0%
     submit    : 0=0.0%, 4=100.0%, 8=0.0%, 16=0.0%, 32=0.0%, 64=0.0%, >=64=0.0%
     complete  : 0=0.0%, 4=100.0%, 8=0.0%, 16=0.0%, 32=0.1%, 64=0.0%, >=64=0.0%
     issued rwt: total=0,66656111,0, short=0,0,0, dropped=0,0,0
     latency   : target=0, window=0, percentile=100.00%, depth=32

Run status group 0 (all jobs):
  WRITE: bw=475MiB/s (498MB/s), 475MiB/s-475MiB/s (498MB/s-498MB/s), io=55.7GiB (59.8GB), run=120001-120001msec

Run status group 1 (all jobs):
  WRITE: bw=914MiB/s (958MB/s), 914MiB/s-914MiB/s (958MB/s-958MB/s), io=107GiB (115GB), run=120012-120012msec

Run status group 2 (all jobs):
  WRITE: bw=1680MiB/s (1762MB/s), 1680MiB/s-1680MiB/s (1762MB/s-1762MB/s), io=197GiB (211GB), run=120019-120019msec

Run status group 3 (all jobs):
  WRITE: bw=2169MiB/s (2274MB/s), 2169MiB/s-2169MiB/s (2274MB/s-2274MB/s), io=254GiB (273GB), run=120009-120009msec

Run status group 4 (all jobs):
  WRITE: bw=2169MiB/s (2274MB/s), 2169MiB/s-2169MiB/s (2274MB/s-2274MB/s), io=254GiB (273GB), run=120063-120063msec

Disk stats (read/write):
  nvme0n1: ios=369/227525995, merge=0/0, ticks=24/75900396, in_queue=74632864, util=79.28%
