***************************************
*** ###easy### TPC-C Load Generator ***
***************************************
option h with value '192.168.122.77'
option P with value '3306'
option d with value 'benchmarker'
option u with value 'root'
option p with value '123456'
option w with value '11'
option c with value '64'
option r with value '22'
option l with value '60'
option i with value '10'
<Parameters>
     [server]: 192.168.122.77
     [port]: 3306
     [DBname]: benchmarker
       [user]: root
       [pass]: 123456
  [warehouse]: 11
 [connection]: 64
     [rampup]: 22 (sec.)
    [measure]: 60 (sec.)

RAMP-UP TIME.(22 sec.)

MEASURING START.

  10, trx: 5805, 95%: 89.530, 99%: 121.680, max_rt: 233.691, 5808|233.933, 580|73.861, 576|674.429, 578|189.927
  20, trx: 5787, 95%: 88.385, 99%: 120.124, max_rt: 270.619, 5783|270.736, 579|56.212, 574|595.649, 582|175.460
  30, trx: 5814, 95%: 86.578, 99%: 123.849, max_rt: 259.699, 5813|253.207, 580|91.185, 584|671.325, 582|171.684
  40, trx: 5991, 95%: 89.637, 99%: 120.990, max_rt: 185.438, 5991|206.244, 600|34.537, 595|623.048, 596|169.244
  50, trx: 5928, 95%: 84.302, 99%: 113.178, max_rt: 217.428, 5923|224.910, 592|53.720, 600|672.967, 596|208.142
  60, trx: 5814, 95%: 87.281, 99%: 123.663, max_rt: 210.117, 5818|264.774, 582|59.651, 578|582.912, 579|178.680

STOPPING THREADS................................................................

<Raw Results>
  [0] sc:2 lt:35137  rt:0  fl:0 avg_rt: 59.9 (5)
  [1] sc:4522 lt:30614  rt:0  fl:0 avg_rt: 44.5 (5)
  [2] sc:1934 lt:1579  rt:0  fl:0 avg_rt: 8.0 (5)
  [3] sc:91 lt:3416  rt:0  fl:0 avg_rt: 325.0 (80)
  [4] sc:0 lt:3513  rt:0  fl:0 avg_rt: 110.2 (20)
 in 60 sec.

<Raw Results2(sum ver.)>
  [0] sc:2  lt:35137  rt:0  fl:0 
  [1] sc:4522  lt:30617  rt:0  fl:0 
  [2] sc:1934  lt:1579  rt:0  fl:0 
  [3] sc:91  lt:3416  rt:0  fl:0 
  [4] sc:0  lt:3513  rt:0  fl:0 

<Constraint Check> (all must be [OK])
 [transaction percentage]
        Payment: 43.48% (>=43.0%) [OK]
   Order-Status: 4.35% (>= 4.0%) [OK]
       Delivery: 4.34% (>= 4.0%) [OK]
    Stock-Level: 4.35% (>= 4.0%) [OK]
 [response time (at least 90% passed)]
      New-Order: 0.01%  [NG] *
        Payment: 12.87%  [NG] *
   Order-Status: 55.05%  [NG] *
       Delivery: 2.59%  [NG] *
    Stock-Level: 0.00%  [NG] *

<TpmC>
                 35139.000 TpmC
