***************************************
*** ###easy### TPC-C Load Generator ***
***************************************
option h with value '192.168.122.77'
option P with value '3306'
option d with value 'benchmarker'
option u with value 'root'
option p with value '123456'
option w with value '11'
option c with value '16'
option r with value '22'
option l with value '60'
option i with value '10'
<Parameters>
     [server]: 192.168.122.77
     [port]: 3306
     [DBname]: benchmarker
       [user]: root
       [pass]: 123456
  [warehouse]: 11
 [connection]: 16
     [rampup]: 22 (sec.)
    [measure]: 60 (sec.)

RAMP-UP TIME.(22 sec.)

MEASURING START.

  10, trx: 7754, 95%: 18.592, 99%: 24.841, max_rt: 43.661, 7756|34.082, 775|13.797, 774|68.758, 776|77.186
  20, trx: 6608, 95%: 23.994, 99%: 30.955, max_rt: 54.865, 6612|34.366, 661|11.132, 662|66.494, 662|64.653
  30, trx: 6435, 95%: 25.719, 99%: 34.240, max_rt: 69.653, 6430|49.905, 644|14.150, 645|69.470, 643|58.161
  40, trx: 6397, 95%: 24.998, 99%: 32.154, max_rt: 48.890, 6400|42.566, 639|9.456, 639|78.910, 639|66.385
  50, trx: 6455, 95%: 24.715, 99%: 32.164, max_rt: 60.603, 6458|60.063, 646|10.485, 646|72.859, 645|65.600
  60, trx: 6443, 95%: 25.028, 99%: 33.410, max_rt: 57.714, 6438|39.785, 644|19.666, 642|60.741, 645|70.233

STOPPING THREADS................

<Raw Results>
  [0] sc:1334 lt:38759  rt:0  fl:0 avg_rt: 17.7 (5)
  [1] sc:32106 lt:7989  rt:0  fl:0 avg_rt: 5.3 (5)
  [2] sc:3852 lt:158  rt:0  fl:0 avg_rt: 2.8 (5)
  [3] sc:4008 lt:0  rt:0  fl:0 avg_rt: 43.5 (80)
  [4] sc:54 lt:3956  rt:0  fl:0 avg_rt: 49.1 (20)
 in 60 sec.

<Raw Results2(sum ver.)>
  [0] sc:1334  lt:38760  rt:0  fl:0 
  [1] sc:32107  lt:7989  rt:0  fl:0 
  [2] sc:3852  lt:158  rt:0  fl:0 
  [3] sc:4008  lt:0  rt:0  fl:0 
  [4] sc:54  lt:3956  rt:0  fl:0 

<Constraint Check> (all must be [OK])
 [transaction percentage]
        Payment: 43.48% (>=43.0%) [OK]
   Order-Status: 4.35% (>= 4.0%) [OK]
       Delivery: 4.35% (>= 4.0%) [OK]
    Stock-Level: 4.35% (>= 4.0%) [OK]
 [response time (at least 90% passed)]
      New-Order: 3.33%  [NG] *
        Payment: 80.07%  [NG] *
   Order-Status: 96.06%  [OK]
       Delivery: 100.00%  [OK]
    Stock-Level: 1.35%  [NG] *

<TpmC>
                 40093.000 TpmC
