***************************************
*** ###easy### TPC-C Load Generator ***
***************************************
option h with value '192.168.122.77'
option P with value '3306'
option d with value 'benchmarker'
option u with value 'root'
option p with value '123456'
option w with value '11'
option c with value '8'
option r with value '22'
option l with value '60'
option i with value '10'
<Parameters>
     [server]: 192.168.122.77
     [port]: 3306
     [DBname]: benchmarker
       [user]: root
       [pass]: 123456
  [warehouse]: 11
 [connection]: 8
     [rampup]: 22 (sec.)
    [measure]: 60 (sec.)

RAMP-UP TIME.(22 sec.)

MEASURING START.

  10, trx: 1043, 95%: 63.341, 99%: 93.698, max_rt: 2292.962, 1044|728.095, 105|35.129, 104|600.098, 104|708.718
  20, trx: 1053, 95%: 62.963, 99%: 73.502, max_rt: 93.093, 1048|52.560, 105|34.132, 105|154.346, 105|184.276
  30, trx: 1028, 95%: 62.550, 99%: 71.463, max_rt: 82.840, 1036|52.065, 103|17.497, 103|160.118, 104|179.398
  40, trx: 1024, 95%: 63.951, 99%: 73.216, max_rt: 93.986, 1023|55.370, 102|20.877, 102|150.750, 102|190.230
  50, trx: 1038, 95%: 61.143, 99%: 71.677, max_rt: 89.802, 1034|53.092, 104|18.600, 105|157.082, 104|180.367
  60, trx: 1045, 95%: 60.760, 99%: 69.584, max_rt: 81.309, 1040|43.859, 105|30.018, 104|140.700, 104|181.992

STOPPING THREADS........

<Raw Results>
  [0] sc:0 lt:6231  rt:0  fl:0 avg_rt: 55.2 (5)
  [1] sc:457 lt:5768  rt:0  fl:0 avg_rt: 15.0 (5)
  [2] sc:255 lt:369  rt:0  fl:0 avg_rt: 7.8 (5)
  [3] sc:27 lt:596  rt:0  fl:0 avg_rt: 142.2 (80)
  [4] sc:0 lt:623  rt:0  fl:0 avg_rt: 200.1 (20)
 in 60 sec.

<Raw Results2(sum ver.)>
  [0] sc:0  lt:6231  rt:0  fl:0 
  [1] sc:457  lt:5769  rt:0  fl:0 
  [2] sc:255  lt:369  rt:0  fl:0 
  [3] sc:27  lt:596  rt:0  fl:0 
  [4] sc:0  lt:623  rt:0  fl:0 

<Constraint Check> (all must be [OK])
 [transaction percentage]
        Payment: 43.45% (>=43.0%) [OK]
   Order-Status: 4.36% (>= 4.0%) [OK]
       Delivery: 4.35% (>= 4.0%) [OK]
    Stock-Level: 4.35% (>= 4.0%) [OK]
 [response time (at least 90% passed)]
      New-Order: 0.00%  [NG] *
        Payment: 7.34%  [NG] *
   Order-Status: 40.87%  [NG] *
       Delivery: 4.33%  [NG] *
    Stock-Level: 0.00%  [NG] *

<TpmC>
                 6231.000 TpmC
