***************************************
*** ###easy### TPC-C Load Generator ***
***************************************
option h with value '192.168.122.77'
option P with value '3306'
option d with value 'benchmarker'
option u with value 'root'
option p with value '123456'
option w with value '11'
option c with value '24'
option r with value '22'
option l with value '60'
option i with value '10'
<Parameters>
     [server]: 192.168.122.77
     [port]: 3306
     [DBname]: benchmarker
       [user]: root
       [pass]: 123456
  [warehouse]: 11
 [connection]: 24
     [rampup]: 22 (sec.)
    [measure]: 60 (sec.)

RAMP-UP TIME.(22 sec.)

MEASURING START.

  10, trx: 1769, 95%: 118.979, 99%: 149.016, max_rt: 464.954, 1769|370.204, 178|72.489, 176|596.107, 177|511.422
  20, trx: 1770, 95%: 113.891, 99%: 134.314, max_rt: 193.751, 1772|165.597, 176|45.829, 178|296.907, 177|464.785
  30, trx: 1744, 95%: 119.050, 99%: 136.054, max_rt: 163.244, 1739|159.666, 175|42.720, 173|309.534, 174|384.292
  40, trx: 1724, 95%: 117.810, 99%: 141.199, max_rt: 198.242, 1722|133.863, 171|35.563, 174|313.522, 172|364.572
  50, trx: 1690, 95%: 123.183, 99%: 144.535, max_rt: 221.166, 1691|194.920, 170|39.635, 168|335.821, 171|388.956
  60, trx: 1784, 95%: 111.797, 99%: 134.354, max_rt: 232.944, 1779|132.061, 179|36.958, 179|267.090, 178|361.841

STOPPING THREADS........................

<Raw Results>
  [0] sc:10 lt:10471  rt:0  fl:0 avg_rt: 96.7 (5)
  [1] sc:709 lt:9765  rt:0  fl:0 avg_rt: 29.2 (5)
  [2] sc:206 lt:843  rt:0  fl:0 avg_rt: 13.7 (5)
  [3] sc:19 lt:1029  rt:0  fl:0 avg_rt: 248.9 (80)
  [4] sc:0 lt:1049  rt:0  fl:0 avg_rt: 353.4 (20)
 in 60 sec.

<Raw Results2(sum ver.)>
  [0] sc:10  lt:10471  rt:0  fl:0 
  [1] sc:709  lt:9768  rt:0  fl:0 
  [2] sc:206  lt:843  rt:0  fl:0 
  [3] sc:19  lt:1029  rt:0  fl:0 
  [4] sc:0  lt:1049  rt:0  fl:0 

<Constraint Check> (all must be [OK])
 [transaction percentage]
        Payment: 43.46% (>=43.0%) [OK]
   Order-Status: 4.35% (>= 4.0%) [OK]
       Delivery: 4.35% (>= 4.0%) [OK]
    Stock-Level: 4.35% (>= 4.0%) [OK]
 [response time (at least 90% passed)]
      New-Order: 0.10%  [NG] *
        Payment: 6.77%  [NG] *
   Order-Status: 19.64%  [NG] *
       Delivery: 1.81%  [NG] *
    Stock-Level: 0.00%  [NG] *

<TpmC>
                 10481.000 TpmC
