[OVERALL], RunTime(ms), 164
[OVERALL], Throughput(ops/sec), 6097.5609756097565
[TOTAL_GCS_PS_Scavenge], Count, 0
[TOTAL_GC_TIME_PS_Scavenge], Time(ms), 0
[TOTAL_GC_TIME_%_PS_Scavenge], Time(%), 0.0
[TOTAL_GCS_PS_MarkSweep], Count, 0
[TOTAL_GC_TIME_PS_MarkSweep], Time(ms), 0
[TOTAL_GC_TIME_%_PS_MarkSweep], Time(%), 0.0
[TOTAL_GCs], Count, 0
[TOTAL_GC_TIME], Time(ms), 0
[TOTAL_GC_TIME_%], Time(%), 0.0
[CLEANUP], Operations, 16
[CLEANUP], AverageLatency(us), 75.5
[CLEANUP], MinLatency(us), 20
[CLEANUP], MaxLatency(us), 472
[CLEANUP], 95thPercentileLatency(us), 316
[CLEANUP], 99thPercentileLatency(us), 472
[INSERT], Operations, 1000
[INSERT], AverageLatency(us), 832.726
[INSERT], MinLatency(us), 183
[INSERT], MaxLatency(us), 14479
[INSERT], 95thPercentileLatency(us), 1742
[INSERT], 99thPercentileLatency(us), 9527
[INSERT], Return=OK, 1000
