[OVERALL], RunTime(ms), 161
[OVERALL], Throughput(ops/sec), 6211.180124223602
[TOTAL_GCS_PS_Scavenge], Count, 0
[TOTAL_GC_TIME_PS_Scavenge], Time(ms), 0
[TOTAL_GC_TIME_%_PS_Scavenge], Time(%), 0.0
[TOTAL_GCS_PS_MarkSweep], Count, 0
[TOTAL_GC_TIME_PS_MarkSweep], Time(ms), 0
[TOTAL_GC_TIME_%_PS_MarkSweep], Time(%), 0.0
[TOTAL_GCs], Count, 0
[TOTAL_GC_TIME], Time(ms), 0
[TOTAL_GC_TIME_%], Time(%), 0.0
[CLEANUP], Operations, 16
[CLEANUP], AverageLatency(us), 51.6875
[CLEANUP], MinLatency(us), 23
[CLEANUP], MaxLatency(us), 65
[CLEANUP], 95thPercentileLatency(us), 65
[CLEANUP], 99thPercentileLatency(us), 362
[INSERT], Operations, 1000
[INSERT], AverageLatency(us), 1388.485
[INSERT], MinLatency(us), 227
[INSERT], MaxLatency(us), 19119
[INSERT], 95thPercentileLatency(us), 3545
[INSERT], 99thPercentileLatency(us), 11079
[INSERT], Return=OK, 1000
