[OVERALL], RunTime(ms), 138
[OVERALL], Throughput(ops/sec), 7246.376811594203
[TOTAL_GCS_PS_Scavenge], Count, 0
[TOTAL_GC_TIME_PS_Scavenge], Time(ms), 0
[TOTAL_GC_TIME_%_PS_Scavenge], Time(%), 0.0
[TOTAL_GCS_PS_MarkSweep], Count, 0
[TOTAL_GC_TIME_PS_MarkSweep], Time(ms), 0
[TOTAL_GC_TIME_%_PS_MarkSweep], Time(%), 0.0
[TOTAL_GCs], Count, 0
[TOTAL_GC_TIME], Time(ms), 0
[TOTAL_GC_TIME_%], Time(%), 0.0
[CLEANUP], Operations, 16
[CLEANUP], AverageLatency(us), 58.375
[CLEANUP], MinLatency(us), 20
[CLEANUP], MaxLatency(us), 427
[CLEANUP], 95thPercentileLatency(us), 138
[CLEANUP], 99thPercentileLatency(us), 427
[INSERT], Operations, 1000
[INSERT], AverageLatency(us), 1183.045
[INSERT], MinLatency(us), 196
[INSERT], MaxLatency(us), 40095
[INSERT], 95thPercentileLatency(us), 2583
[INSERT], 99thPercentileLatency(us), 10879
[INSERT], Return=OK, 1000
