[OVERALL], RunTime(ms), 185
[OVERALL], Throughput(ops/sec), 5405.405405405405
[TOTAL_GCS_PS_Scavenge], Count, 0
[TOTAL_GC_TIME_PS_Scavenge], Time(ms), 0
[TOTAL_GC_TIME_%_PS_Scavenge], Time(%), 0.0
[TOTAL_GCS_PS_MarkSweep], Count, 0
[TOTAL_GC_TIME_PS_MarkSweep], Time(ms), 0
[TOTAL_GC_TIME_%_PS_MarkSweep], Time(%), 0.0
[TOTAL_GCs], Count, 0
[TOTAL_GC_TIME], Time(ms), 0
[TOTAL_GC_TIME_%], Time(%), 0.0
[CLEANUP], Operations, 16
[CLEANUP], AverageLatency(us), 52.0
[CLEANUP], MinLatency(us), 23
[CLEANUP], MaxLatency(us), 377
[CLEANUP], 95thPercentileLatency(us), 59
[CLEANUP], 99thPercentileLatency(us), 377
[INSERT], Operations, 1000
[INSERT], AverageLatency(us), 1608.503
[INSERT], MinLatency(us), 202
[INSERT], MaxLatency(us), 22495
[INSERT], 95thPercentileLatency(us), 5627
[INSERT], 99thPercentileLatency(us), 16639
[INSERT], Return=OK, 1000
