[OVERALL], RunTime(ms), 154
[OVERALL], Throughput(ops/sec), 6493.506493506494
[TOTAL_GCS_PS_Scavenge], Count, 0
[TOTAL_GC_TIME_PS_Scavenge], Time(ms), 0
[TOTAL_GC_TIME_%_PS_Scavenge], Time(%), 0.0
[TOTAL_GCS_PS_MarkSweep], Count, 0
[TOTAL_GC_TIME_PS_MarkSweep], Time(ms), 0
[TOTAL_GC_TIME_%_PS_MarkSweep], Time(%), 0.0
[TOTAL_GCs], Count, 0
[TOTAL_GC_TIME], Time(ms), 0
[TOTAL_GC_TIME_%], Time(%), 0.0
[CLEANUP], Operations, 16
[CLEANUP], AverageLatency(us), 49.375
[CLEANUP], MinLatency(us), 22
[CLEANUP], MaxLatency(us), 366
[CLEANUP], 95thPercentileLatency(us), 47
[CLEANUP], 99thPercentileLatency(us), 366
[INSERT], Operations, 1000
[INSERT], AverageLatency(us), 1011.959
[INSERT], MinLatency(us), 194
[INSERT], MaxLatency(us), 21279
[INSERT], 95thPercentileLatency(us), 2225
[INSERT], 99thPercentileLatency(us), 8615
[INSERT], Return=OK, 1000
