***************************************
*** ###easy### TPC-C Load Generator ***
***************************************
option h with value '192.168.122.79'
option P with value '3306'
option d with value 'benchmarker'
option u with value 'root'
option p with value '123456'
option w with value '11'
option c with value '2'
option r with value '22'
option l with value '60'
option i with value '10'
<Parameters>
     [server]: 192.168.122.79
     [port]: 3306
     [DBname]: benchmarker
       [user]: root
       [pass]: 123456
  [warehouse]: 11
 [connection]: 2
     [rampup]: 22 (sec.)
    [measure]: 60 (sec.)

RAMP-UP TIME.(22 sec.)

MEASURING START.

  10, trx: 779, 95%: 18.805, 99%: 22.117, max_rt: 31.668, 772|11.744, 78|4.277, 77|50.383, 77|71.076
  20, trx: 774, 95%: 19.627, 99%: 22.913, max_rt: 25.572, 776|7.230, 78|4.367, 77|44.984, 78|75.553
  30, trx: 803, 95%: 18.867, 99%: 21.153, max_rt: 26.839, 804|9.201, 80|3.750, 81|43.085, 80|67.932
  40, trx: 800, 95%: 18.659, 99%: 21.568, max_rt: 26.938, 801|9.358, 80|3.000, 80|41.258, 81|64.945
  50, trx: 800, 95%: 18.637, 99%: 22.210, max_rt: 23.897, 800|8.650, 80|3.986, 79|51.936, 80|70.021
  60, trx: 795, 95%: 18.548, 99%: 22.559, max_rt: 24.758, 794|10.499, 79|3.851, 80|43.836, 79|72.188

STOPPING THREADS..

<Raw Results>
  [0] sc:1 lt:4750  rt:0  fl:0 avg_rt: 18.2 (5)
  [1] sc:4642 lt:106  rt:0  fl:0 avg_rt: 4.4 (5)
  [2] sc:475 lt:0  rt:0  fl:0 avg_rt: 2.5 (5)
  [3] sc:474 lt:0  rt:0  fl:0 avg_rt: 42.3 (80)
  [4] sc:0 lt:475  rt:0  fl:0 avg_rt: 73.9 (20)
 in 60 sec.

<Raw Results2(sum ver.)>
  [0] sc:1  lt:4750  rt:0  fl:0 
  [1] sc:4642  lt:106  rt:0  fl:0 
  [2] sc:475  lt:0  rt:0  fl:0 
  [3] sc:474  lt:0  rt:0  fl:0 
  [4] sc:0  lt:475  rt:0  fl:0 

<Constraint Check> (all must be [OK])
 [transaction percentage]
        Payment: 43.47% (>=43.0%) [OK]
   Order-Status: 4.35% (>= 4.0%) [OK]
       Delivery: 4.34% (>= 4.0%) [OK]
    Stock-Level: 4.35% (>= 4.0%) [OK]
 [response time (at least 90% passed)]
      New-Order: 0.02%  [NG] *
        Payment: 97.77%  [OK]
   Order-Status: 100.00%  [OK]
       Delivery: 100.00%  [OK]
    Stock-Level: 0.00%  [NG] *

<TpmC>
                 4751.000 TpmC
