***************************************
*** ###easy### TPC-C Load Generator ***
***************************************
option h with value '192.168.122.81'
option P with value '3306'
option d with value 'benchmarker'
option u with value 'root'
option p with value '123456'
option w with value '11'
option c with value '32'
option r with value '22'
option l with value '60'
option i with value '10'
<Parameters>
     [server]: 192.168.122.81
     [port]: 3306
     [DBname]: benchmarker
       [user]: root
       [pass]: 123456
  [warehouse]: 11
 [connection]: 32
     [rampup]: 22 (sec.)
    [measure]: 60 (sec.)

RAMP-UP TIME.(22 sec.)

MEASURING START.

  10, trx: 1013, 95%: 285.407, 99%: 356.390, max_rt: 538.304, 1014|408.525, 102|83.728, 101|663.144, 103|905.333
  20, trx: 1089, 95%: 248.619, 99%: 298.157, max_rt: 393.733, 1094|312.268, 109|108.066, 109|511.108, 108|796.355
  30, trx: 1039, 95%: 263.800, 99%: 329.606, max_rt: 438.196, 1036|403.417, 104|52.932, 104|578.810, 104|887.585
  40, trx: 1074, 95%: 247.653, 99%: 298.782, max_rt: 344.765, 1075|338.698, 106|81.751, 108|486.703, 108|823.406
  50, trx: 1037, 95%: 256.711, 99%: 307.217, max_rt: 367.460, 1036|345.758, 105|65.481, 103|561.046, 102|982.113
  60, trx: 964, 95%: 285.065, 99%: 342.275, max_rt: 406.793, 962|323.294, 96|97.042, 97|595.428, 98|916.857

STOPPING THREADS................................

<Raw Results>
  [0] sc:0 lt:6216  rt:0  fl:0 avg_rt: 218.5 (5)
  [1] sc:167 lt:6050  rt:0  fl:0 avg_rt: 70.3 (5)
  [2] sc:96 lt:526  rt:0  fl:0 avg_rt: 26.5 (5)
  [3] sc:0 lt:622  rt:0  fl:0 avg_rt: 501.9 (80)
  [4] sc:0 lt:623  rt:0  fl:0 avg_rt: 801.8 (20)
 in 60 sec.

<Raw Results2(sum ver.)>
  [0] sc:0  lt:6216  rt:0  fl:0 
  [1] sc:167  lt:6050  rt:0  fl:0 
  [2] sc:96  lt:526  rt:0  fl:0 
  [3] sc:0  lt:622  rt:0  fl:0 
  [4] sc:0  lt:623  rt:0  fl:0 

<Constraint Check> (all must be [OK])
 [transaction percentage]
        Payment: 43.48% (>=43.0%) [OK]
   Order-Status: 4.35% (>= 4.0%) [OK]
       Delivery: 4.35% (>= 4.0%) [OK]
    Stock-Level: 4.36% (>= 4.0%) [OK]
 [response time (at least 90% passed)]
      New-Order: 0.00%  [NG] *
        Payment: 2.69%  [NG] *
   Order-Status: 15.43%  [NG] *
       Delivery: 0.00%  [NG] *
    Stock-Level: 0.00%  [NG] *

<TpmC>
                 6216.000 TpmC
