***************************************
*** ###easy### TPC-C Load Generator ***
***************************************
option h with value '192.168.122.77'
option P with value '3306'
option d with value 'benchmarker'
option u with value 'root'
option p with value '123456'
option w with value '11'
option c with value '24'
option r with value '22'
option l with value '60'
option i with value '10'
<Parameters>
     [server]: 192.168.122.77
     [port]: 3306
     [DBname]: benchmarker
       [user]: root
       [pass]: 123456
  [warehouse]: 11
 [connection]: 24
     [rampup]: 22 (sec.)
    [measure]: 60 (sec.)

RAMP-UP TIME.(22 sec.)

MEASURING START.

  10, trx: 2773, 95%: 82.628, 99%: 105.080, max_rt: 195.259, 2774|110.331, 277|59.757, 276|246.796, 276|389.299
  20, trx: 2871, 95%: 82.505, 99%: 120.737, max_rt: 235.594, 2866|226.126, 287|33.297, 288|307.014, 288|314.848
  30, trx: 2805, 95%: 82.455, 99%: 111.663, max_rt: 240.021, 2804|99.566, 280|38.220, 279|326.979, 280|255.062
  40, trx: 2785, 95%: 85.907, 99%: 112.907, max_rt: 209.150, 2790|115.378, 279|52.240, 280|328.820, 279|351.277
  50, trx: 2788, 95%: 79.356, 99%: 99.867, max_rt: 138.498, 2782|107.554, 278|34.057, 279|203.309, 278|249.153
  60, trx: 2840, 95%: 80.939, 99%: 96.545, max_rt: 134.171, 2844|103.943, 285|33.339, 284|205.225, 286|270.500

STOPPING THREADS........................

<Raw Results>
  [0] sc:36 lt:16826  rt:0  fl:0 avg_rt: 60.1 (5)
  [1] sc:2742 lt:14118  rt:0  fl:0 avg_rt: 19.5 (5)
  [2] sc:929 lt:757  rt:0  fl:0 avg_rt: 8.1 (5)
  [3] sc:269 lt:1417  rt:0  fl:0 avg_rt: 155.5 (80)
  [4] sc:0 lt:1687  rt:0  fl:0 avg_rt: 206.4 (20)
 in 60 sec.

<Raw Results2(sum ver.)>
  [0] sc:36  lt:16826  rt:0  fl:0 
  [1] sc:2742  lt:14119  rt:0  fl:0 
  [2] sc:929  lt:757  rt:0  fl:0 
  [3] sc:269  lt:1417  rt:0  fl:0 
  [4] sc:0  lt:1687  rt:0  fl:0 

<Constraint Check> (all must be [OK])
 [transaction percentage]
        Payment: 43.47% (>=43.0%) [OK]
   Order-Status: 4.35% (>= 4.0%) [OK]
       Delivery: 4.35% (>= 4.0%) [OK]
    Stock-Level: 4.35% (>= 4.0%) [OK]
 [response time (at least 90% passed)]
      New-Order: 0.21%  [NG] *
        Payment: 16.26%  [NG] *
   Order-Status: 55.10%  [NG] *
       Delivery: 15.95%  [NG] *
    Stock-Level: 0.00%  [NG] *

<TpmC>
                 16862.000 TpmC
