Initializing 200 connections...
Initializing 100 workers and preparing statements...
_elapsed___errors__ops/sec(inst)___ops/sec(cum)__p50(ms)__p95(ms)__p99(ms)_pMax(ms)
      1s        0            8.4           13.0     39.8     46.1     56.6     56.6 delivery
      1s        0           92.8          144.0     21.0     33.6     48.2     50.3 newOrder
      1s        0            9.0           14.0      3.9      5.0      5.8      5.8 orderStatus
      1s        0           94.7          147.0      8.1     23.1     44.0     71.3 payment
      1s        0            8.4           13.0     11.5     13.6     28.3     28.3 stockLevel
      2s        0           28.0           20.5     41.9     60.8     62.9     62.9 delivery
      2s        0          274.9          209.5     23.1     50.3    109.1    130.0 newOrder
      2s        0           30.0           22.0      4.1      8.9     14.2     14.2 orderStatus
      2s        0          265.9          206.5      8.9     67.1    251.7    335.5 payment
      2s        0           30.0           21.5     11.5     28.3     28.3     28.3 stockLevel
      3s        0           36.0           25.7     52.4    104.9    192.9    192.9 delivery
      3s        0          345.1          254.7     26.2     65.0     96.5    184.5 newOrder
      3s        0           34.0           26.0      4.2      9.4     18.9     18.9 orderStatus
      3s        0          372.1          261.7     10.5     88.1    184.5    318.8 payment
      3s        0           34.0           25.7     15.2     27.3     39.8     39.8 stockLevel
      4s        0           21.0           24.5     44.0     96.5    100.7    100.7 delivery
      4s        0          251.0          253.7     23.1    209.7    352.3    671.1 newOrder
      4s        0           22.0           25.0      3.8      4.7     11.5     11.5 orderStatus
      4s        0          217.0          250.5      8.4     44.0    536.9    939.5 payment
      4s        0           23.0           25.0     10.5     25.2    151.0    151.0 stockLevel
_elapsed___errors__ops/sec(inst)___ops/sec(cum)__p50(ms)__p95(ms)__p99(ms)_pMax(ms)
      5s        0           14.0           22.4     41.9     46.1     58.7     58.7 delivery
      5s        0          128.0          228.6     21.0    469.8    704.6   1140.9 newOrder
      5s        0           12.0           22.4      3.8      4.5      4.5      4.5 orderStatus
      5s        0          128.0          226.0      8.1     29.4    704.6   1073.7 payment
      5s        0           12.0           22.4     10.5     22.0     79.7     79.7 stockLevel
      6s        0           20.0           22.0     44.0    134.2    159.4    159.4 delivery
      6s        0          182.0          220.8     25.2    805.3   1073.7   1275.1 newOrder
      6s        0           16.0           21.3      4.5      5.8      5.8      5.8 orderStatus
      6s        0          162.0          215.3      8.9     48.2   2147.5   2550.1 payment
      6s        0           20.0           22.0     11.5     31.5    973.1    973.1 stockLevel
      7s        0           22.0           22.0     44.0     67.1     83.9     83.9 delivery
      7s        0          205.9          218.7     23.1    453.0    838.9   1744.8 newOrder
      7s        0           27.0           22.1      3.8      5.0      8.9      8.9 orderStatus
      7s        0          219.9          216.0      8.4    872.4   3087.0   3892.3 payment
      7s        0           17.0           21.3     10.5     21.0    121.6    121.6 stockLevel
      8s        0           16.0           21.2     41.9     56.6     79.7     79.7 delivery
      8s        0          138.0          208.6     23.1    285.2    704.6   1040.2 newOrder
      8s        0           14.0           21.1      3.9      5.0      5.2      5.2 orderStatus
      8s        0          131.0          205.4      8.4     22.0     54.5   2080.4 payment
      8s        0           17.0           20.7     11.0    159.4    335.5    335.5 stockLevel
_elapsed___errors__ops/sec(inst)___ops/sec(cum)__p50(ms)__p95(ms)__p99(ms)_pMax(ms)
      9s        0           12.0           20.2     41.9     48.2     50.3     50.3 delivery
      9s        0          159.1          203.1     22.0    838.9   1677.7   1744.8 newOrder
      9s        0           16.0           20.6      3.9      7.9     11.0     11.0 orderStatus
      9s        0          149.1          199.1      8.1     48.2   2415.9   2415.9 payment
      9s        0           17.0           20.3     10.5     23.1     33.6     33.6 stockLevel
     10s        0            6.0           18.8     44.0     50.3     50.3     50.3 delivery
     10s        0           53.0          188.1     24.1   1811.9   2684.4   2952.8 newOrder
     10s        0            6.0           19.1      3.8      5.5      5.5      5.5 orderStatus
     10s        0           32.0          182.4     10.0     19.9   4026.5   4026.5 payment
     10s        0            4.0           18.7     10.5     11.5     11.5     11.5 stockLevel
_elapsed___errors__ops/sec(inst)___ops/sec(cum)__p50(ms)__p95(ms)__p99(ms)_pMax(ms)
      1s        0            8.0            8.0     37.7     50.3     50.3     50.3 delivery
      1s        0           62.0           62.0     19.9     31.5     35.7     37.7 newOrder
      1s        0            4.0            4.0      3.0      3.3      3.3      3.3 orderStatus
      1s        0           67.0           67.0      7.9     17.8     26.2     28.3 payment
      1s        0            3.0            3.0      8.9     10.0     10.0     10.0 stockLevel
      2s        0            9.0            8.5     41.9     56.6     56.6     56.6 delivery
      2s        0          111.0           86.5     23.1     37.7   1040.2   1040.2 newOrder
      2s        0           11.0            7.5      3.8      4.5      6.0      6.0 orderStatus
      2s        0          113.0           90.0      8.1     23.1     29.4     39.8 payment
      2s        0           14.0            8.5     11.5     50.3   1073.7   1073.7 stockLevel
      3s        0            4.0            7.0     41.9     50.3     50.3     50.3 delivery
      3s        0           42.0           71.7     22.0   1476.4   1677.7   1677.7 newOrder
      3s        0            4.0            6.3      3.4      3.9      3.9      3.9 orderStatus
      3s        0           34.0           71.4      8.4     13.6     41.9     41.9 payment
      3s        0            5.0            7.3     10.0     11.0     11.0     11.0 stockLevel
      4s        0           21.0           10.5     44.0     58.7     62.9     62.9 delivery
      4s        0          170.9           96.5     22.0    671.1   2013.3   2281.7 newOrder
      4s        0           15.0            8.5      3.8      4.7      7.1      7.1 orderStatus
      4s        0          154.9           92.3      8.1     23.1     37.7    268.4 payment
      4s        0           20.0           10.5     10.0     23.1    335.5    335.5 stockLevel
_elapsed___errors__ops/sec(inst)___ops/sec(cum)__p50(ms)__p95(ms)__p99(ms)_pMax(ms)
      5s        0            3.0            9.0     37.7     96.5     96.5     96.5 delivery
      5s        0           20.0           81.2     18.9     31.5     48.2     48.2 newOrder
      5s        0            3.0            7.4      3.8      4.1      4.1      4.1 orderStatus
      5s        0           17.0           77.2      7.6      9.4     14.7     14.7 payment
      5s        0            2.0            8.8      8.9      9.4      9.4      9.4 stockLevel
      6s        0            0.0            7.5      0.0      0.0      0.0      0.0 delivery
      6s        0            0.0           67.7      0.0      0.0      0.0      0.0 newOrder
      6s        0            0.0            6.2      0.0      0.0      0.0      0.0 orderStatus
      6s        0            0.0           64.3      0.0      0.0      0.0      0.0 payment
      6s        0            0.0            7.3      0.0      0.0      0.0      0.0 stockLevel
      7s        0            1.0            6.6     44.0     44.0     44.0     44.0 delivery
      7s        0           44.9           64.4     23.1   3355.4   3758.1   3758.1 newOrder
      7s        0            5.0            6.0      4.1      4.7      4.7      4.7 orderStatus
      7s        0           39.9           60.9      8.9     32.5   5905.6   5905.6 payment
      7s        0            3.0            6.7     13.6   2952.8   2952.8   2952.8 stockLevel
      8s        0           12.0            7.3     44.0     50.3     56.6     56.6 delivery
      8s        0          122.2           71.6     22.0     50.3    805.3    906.0 newOrder
      8s        0           13.0            6.9      3.7      4.5      5.5      5.5 orderStatus
      8s        0          115.2           67.6      8.9     37.7   7784.6   7784.6 payment
      8s        0           10.0            7.1     10.0    184.5    184.5    184.5 stockLevel
_elapsed___errors__ops/sec(inst)___ops/sec(cum)__p50(ms)__p95(ms)__p99(ms)_pMax(ms)
      9s        0           20.0            8.7     39.8     58.7     60.8     60.8 delivery
      9s        0          185.9           84.3     22.0     83.9   1140.9   1476.4 newOrder
      9s        0           22.0            8.6      3.5      5.0     11.5     11.5 orderStatus
      9s        0          177.9           79.9      8.4     50.3   7247.8   8053.1 payment
      9s        0           22.0            8.8     10.0     21.0     35.7     35.7 stockLevel
     10s        0           15.0            9.3     41.9     58.7     65.0     65.0 delivery
     10s        0          184.0           94.3     24.1    805.3   2013.3   5637.1 newOrder
     10s        0           20.0            9.7      4.2      5.0      5.8      5.8 orderStatus
     10s        0          175.0           89.4      9.4    134.2   6442.5   9663.7 payment
     10s        0           18.0            9.7     15.7     37.7    771.8    771.8 stockLevel
     11s        0            7.0            9.1     46.1     75.5     75.5     75.5 delivery
     11s        0           90.0           93.9     21.0    939.5   1744.8   1811.9 newOrder
     11s        0            5.0            9.3      4.1      4.5      4.5      4.5 orderStatus
     11s        0          102.0           90.6      8.1   1006.6   6979.3   7784.6 payment
     11s        0           12.0            9.9     10.5     13.6     16.3     16.3 stockLevel
     12s        0            7.0            8.9     44.0     50.3     50.3     50.3 delivery
     12s        0           65.0           91.5     21.0   1543.5   2013.3   2013.3 newOrder
     12s        0            6.0            9.0      4.1      5.2      5.2      5.2 orderStatus
     12s        0           58.0           87.8      8.4     18.9   2952.8   9126.8 payment
     12s        0            5.0            9.5     10.0    637.5    637.5    637.5 stockLevel
_elapsed___errors__ops/sec(inst)___ops/sec(cum)__p50(ms)__p95(ms)__p99(ms)_pMax(ms)
     13s        0            1.0            8.3     44.0     44.0     44.0     44.0 delivery
     13s        0           10.0           85.2     27.3   2550.1   2550.1   2550.1 newOrder
     13s        0            1.0            8.4      5.2      5.2      5.2      5.2 orderStatus
     13s        0            6.0           81.5     10.5     11.0     11.0     11.0 payment
     13s        0            0.0            8.8      0.0      0.0      0.0      0.0 stockLevel
     14s        0            7.0            8.2     46.1     52.4     52.4     52.4 delivery
     14s        0           64.0           83.7     24.1   3892.3   4295.0   4831.8 newOrder
     14s        0            3.0            8.0      3.8      4.1      4.1      4.1 orderStatus
     14s        0           64.0           80.3      8.9   4295.0   4563.4   4563.4 payment
     14s        0            8.0            8.7     11.5   4160.7   4160.7   4160.7 stockLevel
     15s        0            1.0            7.7     54.5     54.5     54.5     54.5 delivery
     15s        0           28.0           80.0     19.9     29.4     33.6     33.6 newOrder
     15s        0            3.0            7.7      4.1      5.5      5.5      5.5 orderStatus
     15s        0           23.0           76.5      8.9     17.8   5368.7   5368.7 payment
     15s        0            2.0            8.3      9.4     11.5     11.5     11.5 stockLevel
     16s        0           11.0            7.9     46.1     50.3    109.1    109.1 delivery
     16s        0           87.0           80.4     22.0   1811.9   4831.8   5368.7 newOrder
     16s        0            6.0            7.6      3.9      7.9      7.9      7.9 orderStatus
     16s        0           84.0           76.9      8.4   5905.6  13421.8  13958.6 payment
     16s        0           10.0            8.4     11.5   1744.8   1744.8   1744.8 stockLevel
_elapsed___errors__ops/sec(inst)___ops/sec(cum)__p50(ms)__p95(ms)__p99(ms)_pMax(ms)
     17s        0            7.0            7.9     41.9     44.0     44.0     44.0 delivery
     17s        0           75.0           80.1     23.1    838.9   2550.1   5100.3 newOrder
     17s        0           10.0            7.7      3.9      4.5      4.5      4.5 orderStatus
     17s        0           79.0           77.1      8.1   7247.8  14495.5  16106.1 payment
     17s        0            6.0            8.2      9.4     11.5     11.5     11.5 stockLevel
     18s        0           14.0            8.2     44.0     83.9     83.9     83.9 delivery
     18s        0           99.0           81.2     21.0   1140.9   2013.3   2013.3 newOrder
     18s        0           12.0            7.9      3.7      4.5      4.7      4.7 orderStatus
     18s        0          103.0           78.5      8.4   7516.2  13958.6  16643.0 payment
     18s        0            9.0            8.3     12.1    771.8    771.8    771.8 stockLevel
     19s        0            9.0            8.3     48.2     60.8     60.8     60.8 delivery
     19s        0           83.0           81.3     23.1    604.0   1409.3   2281.7 newOrder
     19s        0            8.0            7.9      3.7      5.5      5.5      5.5 orderStatus
     19s        0           80.0           78.6      8.9     22.0  14495.5  17179.9 payment
     19s        0            9.0            8.3     10.0    151.0    151.0    151.0 stockLevel
     20s        0            6.0            8.2     44.0     46.1     46.1     46.1 delivery
     20s        0           94.0           81.9     23.1   1208.0   1946.2   2013.3 newOrder
     20s        0           12.0            8.2      3.7      4.1      4.5      4.5 orderStatus
     20s        0           96.0           79.5      8.4   4160.7  10737.4  19327.4 payment
     20s        0            9.0            8.4     10.5    939.5    939.5    939.5 stockLevel
_elapsed___errors__ops/sec(inst)___ops/sec(cum)__p50(ms)__p95(ms)__p99(ms)_pMax(ms)
     21s        0            3.0            7.9     44.0     48.2     48.2     48.2 delivery
     21s        0           19.0           78.9     21.0     35.7     44.0     44.0 newOrder
     21s        0            2.0            7.9      3.4      3.7      3.7      3.7 orderStatus
     21s        0           10.0           76.1      7.9     19.9     19.9     19.9 payment
     21s        0            2.0            8.0      9.4      9.4      9.4      9.4 stockLevel
     22s        0            2.0            7.6     39.8     41.9     41.9     41.9 delivery
     22s        0           16.0           76.0     21.0   3892.3   4026.5   4026.5 newOrder
     22s        0            2.0            7.6      4.1      4.7      4.7      4.7 orderStatus
     22s        0           18.0           73.5      8.4  13421.8  18253.6  18253.6 payment
     22s        0            1.0            7.7     12.1     12.1     12.1     12.1 stockLevel
     23s        0            2.0            7.4     41.9     52.4     52.4     52.4 delivery
     23s        0           50.0           74.9     21.0     46.1   3355.4   3355.4 newOrder
     23s        0            5.0            7.5      4.5      7.9      7.9      7.9 orderStatus
     23s        0           49.0           72.4      8.1     15.2     16.8     16.8 payment
     23s        0            5.0            7.6     11.0     13.1     13.1     13.1 stockLevel
     24s        0            2.0            7.2     46.1     48.2     48.2     48.2 delivery
     24s        0           11.0           72.3     26.2    872.4   3623.9   3623.9 newOrder
     24s        0            0.0            7.2      0.0      0.0      0.0      0.0 orderStatus
     24s        0            8.0           69.8     10.5     12.1     12.1     12.1 payment
     24s        0            0.0            7.3      0.0      0.0      0.0      0.0 stockLevel
_elapsed___errors__ops/sec(inst)___ops/sec(cum)__p50(ms)__p95(ms)__p99(ms)_pMax(ms)
     25s        0            1.0            6.9     48.2     48.2     48.2     48.2 delivery
     25s        0           11.0           69.8     28.3   6710.9   6710.9   6710.9 newOrder
     25s        0            1.0            6.9      6.0      6.0      6.0      6.0 orderStatus
     25s        0            9.0           67.3     10.0  11274.3  11274.3  11274.3 payment
     25s        0            2.0            7.1     10.5     12.1     12.1     12.1 stockLevel
     26s        0            0.0            6.7      0.0      0.0      0.0      0.0 delivery
     26s        0            9.0           67.5     29.4   7784.6   7784.6   7784.6 newOrder
     26s        0            0.0            6.7      0.0      0.0      0.0      0.0 orderStatus
     26s        0            4.0           64.9      9.4     12.1     12.1     12.1 payment
     26s        0            0.0            6.8      0.0      0.0      0.0      0.0 stockLevel
     27s        0            1.0            6.4     54.5     54.5     54.5     54.5 delivery
     27s        0            6.0           65.2     25.2     27.3     27.3     27.3 newOrder
     27s        0            1.0            6.4      6.8      6.8      6.8      6.8 orderStatus
     27s        0           11.0           62.9     10.0     12.1     12.6     12.6 payment
     27s        0            1.0            6.6     14.2     14.2     14.2     14.2 stockLevel
     28s        0            0.0            6.2      0.0      0.0      0.0      0.0 delivery
     28s        0            0.0           62.9      0.0      0.0      0.0      0.0 newOrder
     28s        0            0.0            6.2      0.0      0.0      0.0      0.0 orderStatus
     28s        0            0.0           60.6      0.0      0.0      0.0      0.0 payment
     28s        0            0.0            6.4      0.0      0.0      0.0      0.0 stockLevel
_elapsed___errors__ops/sec(inst)___ops/sec(cum)__p50(ms)__p95(ms)__p99(ms)_pMax(ms)
     29s        0            0.0            6.0      0.0      0.0      0.0      0.0 delivery
     29s        0           18.0           61.3     24.1   5637.1   5637.1   5637.1 newOrder
     29s        0            1.0            6.0      3.7      3.7      3.7      3.7 orderStatus
     29s        0           18.0           59.2      8.9     21.0  10737.4  10737.4 payment
     29s        0            2.0            6.2      9.4     10.5     10.5     10.5 stockLevel
     30s        0           10.0            6.1     39.8     50.3     50.3     50.3 delivery
     30s        0           84.0           62.1     21.0   3489.7   9663.7   9663.7 newOrder
     30s        0           11.0            6.2      4.2      5.8      6.3      6.3 orderStatus
     30s        0           80.0           59.9      8.9  11811.2  22548.6  25769.8 payment
     30s        0            7.0            6.2     11.5    302.0    302.0    302.0 stockLevel
     31s        0            2.0            6.0     48.2     52.4     52.4     52.4 delivery
     31s        0            6.0           60.3     26.2     31.5     31.5     31.5 newOrder
     31s        0            1.0            6.0      3.5      3.5      3.5      3.5 orderStatus
     31s        0            8.0           58.2     10.0     11.5     11.5     11.5 payment
     31s        0            2.0            6.1     11.0     13.6     13.6     13.6 stockLevel
     32s        0            0.0            5.8      0.0      0.0      0.0      0.0 delivery
     32s        0            8.0           58.6     28.3  11274.3  11274.3  11274.3 newOrder
     32s        0            0.0            5.8      0.0      0.0      0.0      0.0 orderStatus
     32s        0            1.0           56.4      9.4      9.4      9.4      9.4 payment
     32s        0            1.0            5.9     10.0     10.0     10.0     10.0 stockLevel
_elapsed___errors__ops/sec(inst)___ops/sec(cum)__p50(ms)__p95(ms)__p99(ms)_pMax(ms)
     33s        0            3.0            5.7     41.9     52.4     52.4     52.4 delivery
     33s        0           56.0           58.5     23.1   2952.8   5905.6  10737.4 newOrder
     33s        0            5.0            5.8      4.7      5.2      5.2      5.2 orderStatus
     33s        0           53.0           56.3     10.5  15032.4  18253.6  28991.0 payment
     33s        0            6.0            5.9     10.5     16.8     16.8     16.8 stockLevel
     34s        0            1.0            5.6     54.5     54.5     54.5     54.5 delivery
     34s        0            5.0           57.0     26.2   1946.2   1946.2   1946.2 newOrder
     34s        0            1.0            5.7      4.2      4.2      4.2      4.2 orderStatus
     34s        0            4.0           54.8      7.6     10.5     10.5     10.5 payment
     34s        0            0.0            5.8      0.0      0.0      0.0      0.0 stockLevel
     35s        0            0.0            5.4      0.0      0.0      0.0      0.0 delivery
     35s        0            0.0           55.3      0.0      0.0      0.0      0.0 newOrder
     35s        0            0.0            5.5      0.0      0.0      0.0      0.0 orderStatus
     35s        0            0.0           53.2      0.0      0.0      0.0      0.0 payment
     35s        0            0.0            5.6      0.0      0.0      0.0      0.0 stockLevel
     36s        0            1.0            5.3     44.0     44.0     44.0     44.0 delivery
     36s        0           13.0           54.2     24.1     30.4  10200.5  10200.5 newOrder
     36s        0            1.0            5.4      4.7      4.7      4.7      4.7 orderStatus
     36s        0            9.0           52.0     10.5  27917.3  27917.3  27917.3 payment
     36s        0            1.0            5.5     11.0     11.0     11.0     11.0 stockLevel
_elapsed___errors__ops/sec(inst)___ops/sec(cum)__p50(ms)__p95(ms)__p99(ms)_pMax(ms)
     37s        0           10.0            5.4     41.9     54.5     54.5     54.5 delivery
     37s        0           87.0           55.1     23.1   4026.5   4026.5   6979.3 newOrder
     37s        0            7.0            5.4      3.5      5.5      5.5      5.5 orderStatus
     37s        0           78.0           52.7      8.9     39.8   8053.1  25769.8 payment
     37s        0            7.0            5.5     10.0   4026.5   4026.5   4026.5 stockLevel
     38s        0            2.0            5.3     44.0     44.0     44.0     44.0 delivery
     38s        0           34.0           54.5     24.1   1476.4   1879.0   1879.0 newOrder
     38s        0            3.0            5.4      3.7      4.7      4.7      4.7 orderStatus
     38s        0           26.0           52.0      9.4  15032.4  24696.1  24696.1 payment
     38s        0            2.0            5.4     12.6     15.7     15.7     15.7 stockLevel
     39s        0            8.0            5.4     39.8     48.2     48.2     48.2 delivery
     39s        0           70.0           54.9     22.0     31.5     37.7   2281.7 newOrder
     39s        0            9.0            5.5      4.2      8.9      8.9      8.9 orderStatus
     39s        0           80.0           52.7      8.1  25769.8  36507.2  38654.7 payment
     39s        0           10.0            5.5     10.5     13.1     13.1     13.1 stockLevel
     40s        0            6.0            5.4     44.0     50.3     50.3     50.3 delivery
     40s        0           65.0           55.2     22.0   2415.9   6174.0   6710.9 newOrder
     40s        0            4.0            5.4      3.3      4.2      4.2      4.2 orderStatus
     40s        0           62.0           52.9      8.9  19327.4  28991.0  30064.8 payment
     40s        0            6.0            5.6     10.0     11.5     11.5     11.5 stockLevel
_elapsed___errors__ops/sec(inst)___ops/sec(cum)__p50(ms)__p95(ms)__p99(ms)_pMax(ms)
     41s        0            0.0            5.3      0.0      0.0      0.0      0.0 delivery
     41s        0            2.0           53.9     22.0     25.2     25.2     25.2 newOrder
     41s        0            0.0            5.3      0.0      0.0      0.0      0.0 orderStatus
     41s        0            4.0           51.7      8.9     11.5     11.5     11.5 payment
     41s        0            0.0            5.4      0.0      0.0      0.0      0.0 stockLevel
     42s        0            4.0            5.3     37.7     46.1     46.1     46.1 delivery
     42s        0           34.0           53.4     22.0   2415.9   4563.4   4563.4 newOrder
     42s        0            3.0            5.2      3.8      4.1      4.1      4.1 orderStatus
     42s        0           29.0           51.2      8.1   3623.9  12884.9  12884.9 payment
     42s        0            2.0            5.3      8.9     10.0     10.0     10.0 stockLevel
     43s        0            7.0            5.3     39.8     41.9     41.9     41.9 delivery
     43s        0           79.0           54.0     21.0    151.0   4160.7   4563.4 newOrder
     43s        0            8.0            5.3      3.5      3.9      3.9      3.9 orderStatus
     43s        0           82.0           51.9      7.9  10200.5  34359.7  38654.7 payment
     43s        0           10.0            5.4      8.9    176.2    176.2    176.2 stockLevel
     44s        0            8.0            5.4     39.8     52.4     52.4     52.4 delivery
     44s        0           99.0           55.0     21.0   1476.4   4563.4   5905.6 newOrder
     44s        0            9.0            5.4      3.9      5.0      5.0      5.0 orderStatus
     44s        0          106.0           53.1      8.1  15032.4  28991.0  42949.7 payment
     44s        0            7.0            5.5     13.6    704.6    704.6    704.6 stockLevel
_elapsed___errors__ops/sec(inst)___ops/sec(cum)__p50(ms)__p95(ms)__p99(ms)_pMax(ms)
     45s        0            7.0            5.4     41.9     48.2     48.2     48.2 delivery
     45s        0           55.0           55.0     22.0    872.4   2415.9   2550.1 newOrder
     45s        0            6.0            5.4      3.5      5.0      5.0      5.0 orderStatus
     45s        0           40.0           52.8      8.1     18.9     33.6     33.6 payment
     45s        0            4.0            5.4      8.1     10.0     10.0     10.0 stockLevel
     46s        0            0.0            5.3      0.0      0.0      0.0      0.0 delivery
     46s        0            0.0           53.8      0.0      0.0      0.0      0.0 newOrder
     46s        0            0.0            5.3      0.0      0.0      0.0      0.0 orderStatus
     46s        0            0.0           51.7      0.0      0.0      0.0      0.0 payment
     46s        0            0.0            5.3      0.0      0.0      0.0      0.0 stockLevel
     47s        0            3.0            5.2     44.0     46.1     46.1     46.1 delivery
     47s        0           34.0           53.4     23.1   2550.1   7247.8   7247.8 newOrder
     47s        0            4.0            5.3      3.4      4.2      4.2      4.2 orderStatus
     47s        0           37.0           51.4      8.9  36507.2  45097.2  45097.2 payment
     47s        0            3.0            5.3     10.5     11.5     11.5     11.5 stockLevel
     48s        0            2.0            5.2     44.0     50.3     50.3     50.3 delivery
     48s        0           15.0           52.6     24.1   3087.0   3355.4   3355.4 newOrder
     48s        0            1.0            5.2      4.7      4.7      4.7      4.7 orderStatus
     48s        0           15.0           50.6     10.0     11.5     12.1     12.1 payment
     48s        0            2.0            5.2      9.4     12.1     12.1     12.1 stockLevel
_elapsed___errors__ops/sec(inst)___ops/sec(cum)__p50(ms)__p95(ms)__p99(ms)_pMax(ms)
     49s        0            0.0            5.1      0.0      0.0      0.0      0.0 delivery
     49s        0            1.0           51.5   5368.7   5368.7   5368.7   5368.7 newOrder
     49s        0            0.0            5.1      0.0      0.0      0.0      0.0 orderStatus
     49s        0            1.0           49.6  28991.0  28991.0  28991.0  28991.0 payment
     49s        0            0.0            5.1      0.0      0.0      0.0      0.0 stockLevel
     50s        0            9.0            5.1     41.9     54.5     54.5     54.5 delivery
     50s        0           99.0           52.5     21.0     48.2   4831.8   5368.7 newOrder
     50s        0           13.0            5.2      3.7      4.1      4.5      4.5 orderStatus
     50s        0          114.9           50.9      8.1  18253.6  33286.0  42949.7 payment
     50s        0           13.0            5.3     10.5     30.4   2415.9   2415.9 stockLevel
     51s        0           10.0            5.2     41.9     54.5     54.5     54.5 delivery
     51s        0           84.0           53.1     22.0    872.4   1610.6   3758.1 newOrder
     51s        0            7.0            5.3      3.8      4.5      4.5      4.5 orderStatus
     51s        0          103.0           51.9      8.1  13958.6  32212.3  51539.6 payment
     51s        0           11.0            5.4     10.0     11.0     11.0     11.0 stockLevel
     52s        0           10.0            5.3     39.8     83.9     83.9     83.9 delivery
     52s        0          115.0           54.3     22.0     39.8   2080.4   2684.4 newOrder
     52s        0           17.0            5.5      3.8      4.5      5.5      5.5 orderStatus
     52s        0          100.0           52.9      8.1   5100.3  36507.2  45097.2 payment
     52s        0           12.0            5.5     10.0     11.0     16.8     16.8 stockLevel
_elapsed___errors__ops/sec(inst)___ops/sec(cum)__p50(ms)__p95(ms)__p99(ms)_pMax(ms)
     53s        0            2.0            5.3     37.7     44.0     44.0     44.0 delivery
     53s        0           19.0           53.6     22.0   3355.4   3489.7   3489.7 newOrder
     53s        0            2.0            5.4      3.4      4.5      4.5      4.5 orderStatus
     53s        0           17.0           52.2      8.9     10.5     17.8     17.8 payment
     53s        0            2.0            5.4     12.1   1208.0   1208.0   1208.0 stockLevel
     54s        0            0.0            5.2      0.0      0.0      0.0      0.0 delivery
     54s        0            0.0           52.6      0.0      0.0      0.0      0.0 newOrder
     54s        0            0.0            5.3      0.0      0.0      0.0      0.0 orderStatus
     54s        0            0.0           51.2      0.0      0.0      0.0      0.0 payment
     54s        0            0.0            5.3      0.0      0.0      0.0      0.0 stockLevel
     55s        0            2.0            5.1     44.0     48.2     48.2     48.2 delivery
     55s        0           38.0           52.4     25.2   3087.0   3355.4   3355.4 newOrder
     55s        0            3.0            5.3      5.2      5.8      5.8      5.8 orderStatus
     55s        0           31.0           50.9      8.9     15.7     23.1     23.1 payment
     55s        0            4.0            5.3      9.4     12.1     12.1     12.1 stockLevel
     56s        0            5.0            5.1     44.0     88.1     88.1     88.1 delivery
     56s        0           47.0           52.3     23.1   1140.9   6442.5   6442.5 newOrder
     56s        0            5.0            5.3      4.5      5.2      5.2      5.2 orderStatus
     56s        0           45.0           50.8      8.4  38654.7  47244.6  47244.6 payment
     56s        0            6.0            5.3     11.0     13.1     13.1     13.1 stockLevel
_elapsed___errors__ops/sec(inst)___ops/sec(cum)__p50(ms)__p95(ms)__p99(ms)_pMax(ms)
     57s        0           18.0            5.3     39.8     62.9     83.9     83.9 delivery
     57s        0          178.0           54.5     22.0     44.0    503.3    671.1 newOrder
     57s        0           16.0            5.5      3.8      7.3     11.0     11.0 orderStatus
     57s        0          189.0           53.2      8.4   5368.7  34359.7  49392.1 payment
     57s        0           17.0            5.5     11.0     28.3     35.7     35.7 stockLevel
     58s        0            3.0            5.3     39.8     50.3     50.3     50.3 delivery
     58s        0           16.0           53.8     21.0     29.4     35.7     35.7 newOrder
     58s        0            0.0            5.4      0.0      0.0      0.0      0.0 orderStatus
     58s        0           20.0           52.6      7.6     10.5     18.9     18.9 payment
     58s        0            3.0            5.5     10.0     10.5     10.5     10.5 stockLevel
     59s        0            0.0            5.2      0.0      0.0      0.0      0.0 delivery
     59s        0            0.0           52.9      0.0      0.0      0.0      0.0 newOrder
     59s        0            0.0            5.3      0.0      0.0      0.0      0.0 orderStatus
     59s        0            0.0           51.7      0.0      0.0      0.0      0.0 payment
     59s        0            0.0            5.4      0.0      0.0      0.0      0.0 stockLevel
    1m0s        0            0.0            5.1      0.0      0.0      0.0      0.0 delivery
    1m0s        0           15.0           52.3     24.1   3087.0   3623.9   3623.9 newOrder
    1m0s        0            2.0            5.2      3.8      5.5      5.5      5.5 orderStatus
    1m0s        0           14.0           51.1      8.9     15.7     19.9     19.9 payment
    1m0s        0            0.0            5.3      0.0      0.0      0.0      0.0 stockLevel

_elapsed___errors_____ops(total)___ops/sec(cum)__avg(ms)__p50(ms)__p95(ms)__p99(ms)_pMax(ms)__total
   60.0s        0            307            5.1     43.8     41.9     58.7     83.9    109.1  delivery
   60.0s        0           3136           52.3    221.4     22.0   1409.3   4563.4  11274.3  newOrder
   60.0s        0            313            5.2      4.0      3.8      5.5      7.9     11.5  orderStatus
   60.0s        0           3065           51.1    936.4      8.4   4831.8  30064.8  51539.6  payment
   60.0s        0            318            5.3     90.7     10.5    192.9   2415.9   4160.7  stockLevel

_elapsed___errors_____ops(total)___ops/sec(cum)__avg(ms)__p50(ms)__p95(ms)__p99(ms)_pMax(ms)__result
   60.0s        0           7139          119.0    505.4     16.8   1476.4  14495.5  51539.6  
Audit check 9.2.1.7: SKIP: not enough delivery transactions to be statistically significant
Audit check 9.2.2.5.1: SKIP: not enough orders to be statistically significant
Audit check 9.2.2.5.2: SKIP: not enough orders to be statistically significant
Audit check 9.2.2.5.3: SKIP: not enough orders to be statistically significant
Audit check 9.2.2.5.4: SKIP: not enough payments to be statistically significant
Audit check 9.2.2.5.5: SKIP: not enough payments to be statistically significant
Audit check 9.2.2.5.6: SKIP: not enough order status transactions to be statistically significant

_elapsed_______tpmC____efc__avg(ms)__p50(ms)__p90(ms)__p95(ms)__p99(ms)_pMax(ms)
   60.0s     3136.0 2438.6%    221.4     22.0     44.0   1409.3   4563.4  11274.3
