Initializing 300 connections...
Initializing 100 workers and preparing statements...
_elapsed___errors__ops/sec(inst)___ops/sec(cum)__p50(ms)__p95(ms)__p99(ms)_pMax(ms)
      1s        0            9.5           16.0     39.8     75.5     83.9     83.9 delivery
      1s        0           85.1          143.0     19.9     33.6     46.1     46.1 newOrder
      1s        0            8.9           15.0      3.8      4.5      5.2      5.2 orderStatus
      1s        0           86.3          145.0      8.1     21.0     23.1     41.9 payment
      1s        0            9.5           16.0      9.4     21.0     30.4     30.4 stockLevel
      2s        0           27.0           21.5     44.0     79.7    100.7    100.7 delivery
      2s        0          294.0          218.5     22.0     46.1     88.1    302.0 newOrder
      2s        0           29.0           22.0      3.9      6.0      8.1      8.1 orderStatus
      2s        0          294.0          219.5      8.9     67.1    201.3    285.2 payment
      2s        0           27.0           21.5     11.0     62.9    121.6    121.6 stockLevel
      3s        0           28.0           23.7     44.0     79.7    100.7    100.7 delivery
      3s        0          304.0          247.0     24.1     75.5    218.1    302.0 newOrder
      3s        0           29.0           24.3      3.9      7.1     10.5     10.5 orderStatus
      3s        0          294.0          244.3      8.9     79.7    285.2    738.2 payment
      3s        0           34.0           25.7     12.1     24.1     29.4     29.4 stockLevel
      4s        0           32.0           25.7     46.1     75.5    104.9    104.9 delivery
      4s        0          293.9          258.7     26.2    167.8    318.8    570.4 newOrder
      4s        0           32.0           26.2      4.2      6.8     12.6     12.6 orderStatus
      4s        0          309.9          260.7     10.0    318.8   1040.2   1208.0 payment
      4s        0           26.0           25.7     12.1    121.6    142.6    142.6 stockLevel
_elapsed___errors__ops/sec(inst)___ops/sec(cum)__p50(ms)__p95(ms)__p99(ms)_pMax(ms)
      5s        0           31.0           26.8     50.3     71.3    100.7    100.7 delivery
      5s        0          334.6          274.0     28.3    151.0    268.4    637.5 newOrder
      5s        0           32.0           27.4      4.5      6.0      8.4      8.4 orderStatus
      5s        0          327.6          274.2     14.2    285.2    671.1   1140.9 payment
      5s        0           36.0           27.8     13.1     50.3     67.1     67.1 stockLevel
      6s        0           28.0           27.0     44.0    100.7    151.0    151.0 delivery
      6s        0          270.2          273.3     27.3    318.8    436.2    536.9 newOrder
      6s        0           21.0           26.3      4.2      7.6     11.0     11.0 orderStatus
      6s        0          276.2          274.5     14.2    805.3   1409.3   1811.9 payment
      6s        0           26.0           27.5     12.1     25.2     48.2     48.2 stockLevel
      7s        0           44.0           29.4     65.0    142.6    251.7    251.7 delivery
      7s        0          368.1          286.9     35.7    176.2    453.0   1073.7 newOrder
      7s        0           48.0           29.4      4.7      7.3     10.5     10.5 orderStatus
      7s        0          340.1          283.9     19.9    503.3   1476.4   1879.0 payment
      7s        0           36.0           28.7     16.3     41.9     54.5     54.5 stockLevel
      8s        0           17.0           27.9     39.8     56.6     58.7     58.7 delivery
      8s        0          197.1          275.6     22.0    637.5   1409.3   1543.5 newOrder
      8s        0           13.0           27.4      3.8      4.1      4.2      4.2 orderStatus
      8s        0          208.1          274.4      8.1    302.0    486.5   1006.6 payment
      8s        0           22.0           27.9     11.0     32.5   1342.2   1342.2 stockLevel
_elapsed___errors__ops/sec(inst)___ops/sec(cum)__p50(ms)__p95(ms)__p99(ms)_pMax(ms)
      9s        0           19.0           26.9     44.0     58.7    142.6    142.6 delivery
      9s        0          158.9          262.7     21.0   1073.7   1543.5   1677.7 newOrder
      9s        0           20.0           26.6      3.7      6.0      8.9      8.9 orderStatus
      9s        0          158.9          261.5      8.4     37.7   1409.3   1677.7 payment
      9s        0           12.0           26.1     11.0     17.8    671.1    671.1 stockLevel
     10s        0            5.0           24.7     44.0     46.1     46.1     46.1 delivery
     10s        0           62.1          242.6     21.0     31.5   1610.6   2281.7 newOrder
     10s        0            6.0           24.5      3.8      4.5      4.5      4.5 orderStatus
     10s        0           53.0          240.7      8.1     11.5     15.7     21.0 payment
     10s        0            4.0           23.9     11.5    939.5    939.5    939.5 stockLevel
_elapsed___errors__ops/sec(inst)___ops/sec(cum)__p50(ms)__p95(ms)__p99(ms)_pMax(ms)
      1s        0           14.0           14.0     41.9     56.6     75.5     75.5 delivery
      1s        0          142.1          142.1     21.0     37.7     58.7    192.9 newOrder
      1s        0           20.0           20.0      3.9      4.7      5.2      5.2 orderStatus
      1s        0          142.1          142.1      8.1     28.3     46.1     79.7 payment
      1s        0           16.0           16.0     11.5     30.4    285.2    285.2 stockLevel
      2s        0            9.0           11.5     41.9     58.7     58.7     58.7 delivery
      2s        0           60.0          101.0     22.0   1208.0   1409.3   1610.6 newOrder
      2s        0            6.0           13.0      3.9      4.5      4.5      4.5 orderStatus
      2s        0           69.0          105.5      8.4     16.3     44.0   1342.2 payment
      2s        0           11.0           13.5     13.6   1073.7   1208.0   1208.0 stockLevel
      3s        0           16.0           13.0     44.0    109.1    159.4    159.4 delivery
      3s        0          170.0          124.0     23.1     56.6    570.4   1342.2 newOrder
      3s        0           16.0           14.0      3.7     11.0     11.5     11.5 orderStatus
      3s        0          166.0          125.7      8.9     60.8    167.8   1811.9 payment
      3s        0           15.0           14.0     11.5     23.1     25.2     25.2 stockLevel
      4s        0            0.0            9.8      0.0      0.0      0.0      0.0 delivery
      4s        0            0.0           93.0      0.0      0.0      0.0      0.0 newOrder
      4s        0            1.0           10.8      5.0      5.0      5.0      5.0 orderStatus
      4s        0            3.0           95.0      9.4     10.0     10.0     10.0 payment
      4s        0            0.0           10.5      0.0      0.0      0.0      0.0 stockLevel
_elapsed___errors__ops/sec(inst)___ops/sec(cum)__p50(ms)__p95(ms)__p99(ms)_pMax(ms)
      5s        0            0.0            7.8      0.0      0.0      0.0      0.0 delivery
      5s        0            1.0           74.6   4295.0   4295.0   4295.0   4295.0 newOrder
      5s        0            0.0            8.6      0.0      0.0      0.0      0.0 orderStatus
      5s        0            1.0           76.2     11.0     11.0     11.0     11.0 payment
      5s        0            0.0            8.4      0.0      0.0      0.0      0.0 stockLevel
      6s        0            8.0            7.8     39.8     60.8     60.8     60.8 delivery
      6s        0           59.0           72.0     22.0   3355.4   3489.7   3758.1 newOrder
      6s        0            8.0            8.5      4.2      5.8      5.8      5.8 orderStatus
      6s        0           60.0           73.5      8.1     18.9   3221.2   4831.8 payment
      6s        0            7.0            8.2      9.4   3087.0   3087.0   3087.0 stockLevel
      7s        0            5.0            7.4     39.8     41.9     41.9     41.9 delivery
      7s        0           84.0           73.7     22.0   3892.3   4160.7   4160.7 newOrder
      7s        0            4.0            7.9      3.8      5.5      5.5      5.5 orderStatus
      7s        0           61.0           71.7      8.9   5905.6   5905.6   5905.6 payment
      7s        0            5.0            7.7     10.0     11.0     11.0     11.0 stockLevel
      8s        0           13.0            8.1     44.0     54.5    104.9    104.9 delivery
      8s        0          139.9           82.0     22.0   1006.6   5368.7   5637.1 newOrder
      8s        0           15.0            8.8      3.8      5.0      5.5      5.5 orderStatus
      8s        0          123.9           78.3      8.4   2415.9   7247.8   7516.2 payment
      8s        0           15.0            8.6     11.0     19.9     22.0     22.0 stockLevel
_elapsed___errors__ops/sec(inst)___ops/sec(cum)__p50(ms)__p95(ms)__p99(ms)_pMax(ms)
      9s        0            5.0            7.8     39.8     46.1     46.1     46.1 delivery
      9s        0           42.0           77.6     21.0     37.7   3221.2   3221.2 newOrder
      9s        0            5.0            8.3      4.1      6.3      6.3      6.3 orderStatus
      9s        0           53.0           75.5      8.9     33.6   2684.4   6710.9 payment
      9s        0            5.0            8.2      8.9     13.6     13.6     13.6 stockLevel
     10s        0           12.0            8.2     41.9     46.1     56.6     56.6 delivery
     10s        0           90.0           78.8     24.1   1409.3   2415.9   2952.8 newOrder
     10s        0           10.0            8.5      3.8      5.5      5.5      5.5 orderStatus
     10s        0           75.0           75.4      8.1     28.3   1744.8   7784.6 payment
     10s        0            7.0            8.1     10.0   1073.7   1073.7   1073.7 stockLevel
     11s        0            1.0            7.5     48.2     48.2     48.2     48.2 delivery
     11s        0            0.0           71.6      0.0      0.0      0.0      0.0 newOrder
     11s        0            0.0            7.7      0.0      0.0      0.0      0.0 orderStatus
     11s        0            1.0           68.6   2952.8   2952.8   2952.8   2952.8 payment
     11s        0            0.0            7.4      0.0      0.0      0.0      0.0 stockLevel
     12s        0            6.0            7.4     39.8     48.2     48.2     48.2 delivery
     12s        0           76.0           72.0     23.1   2080.4   3221.2   3355.4 newOrder
     12s        0            8.0            7.8      4.2      5.0      5.0      5.0 orderStatus
     12s        0           72.0           68.9      8.4     15.7     22.0   1275.1 payment
     12s        0           10.0            7.6      9.4    369.1    369.1    369.1 stockLevel
_elapsed___errors__ops/sec(inst)___ops/sec(cum)__p50(ms)__p95(ms)__p99(ms)_pMax(ms)
     13s        0            1.0            6.9     48.2     48.2     48.2     48.2 delivery
     13s        0           15.0           67.6     23.1     29.4     37.7     37.7 newOrder
     13s        0            3.0            7.4      4.5      4.7      4.7      4.7 orderStatus
     13s        0           21.0           65.2     10.0     21.0   5905.6   5905.6 payment
     13s        0            1.0            7.1     11.5     11.5     11.5     11.5 stockLevel
     14s        0            0.0            6.4      0.0      0.0      0.0      0.0 delivery
     14s        0            0.0           62.8      0.0      0.0      0.0      0.0 newOrder
     14s        0            0.0            6.9      0.0      0.0      0.0      0.0 orderStatus
     14s        0            0.0           60.6      0.0      0.0      0.0      0.0 payment
     14s        0            0.0            6.6      0.0      0.0      0.0      0.0 stockLevel
     15s        0            0.0            6.0      0.0      0.0      0.0      0.0 delivery
     15s        0            0.0           58.6      0.0      0.0      0.0      0.0 newOrder
     15s        0            0.0            6.4      0.0      0.0      0.0      0.0 orderStatus
     15s        0            0.0           56.5      0.0      0.0      0.0      0.0 payment
     15s        0            0.0            6.1      0.0      0.0      0.0      0.0 stockLevel
     16s        0            0.0            5.6      0.0      0.0      0.0      0.0 delivery
     16s        0            0.0           54.9      0.0      0.0      0.0      0.0 newOrder
     16s        0            0.0            6.0      0.0      0.0      0.0      0.0 orderStatus
     16s        0            0.0           53.0      0.0      0.0      0.0      0.0 payment
     16s        0            0.0            5.8      0.0      0.0      0.0      0.0 stockLevel
_elapsed___errors__ops/sec(inst)___ops/sec(cum)__p50(ms)__p95(ms)__p99(ms)_pMax(ms)
     17s        0            0.0            5.3      0.0      0.0      0.0      0.0 delivery
     17s        0            9.0           52.2   5368.7   6979.3   6979.3   6979.3 newOrder
     17s        0            0.0            5.6      0.0      0.0      0.0      0.0 orderStatus
     17s        0            8.0           50.4      8.4   9663.7   9663.7   9663.7 payment
     17s        0            0.0            5.4      0.0      0.0      0.0      0.0 stockLevel
     18s        0            9.0            5.5     46.1     60.8     60.8     60.8 delivery
     18s        0           77.9           53.7     22.0     31.5    486.5   5100.3 newOrder
     18s        0            7.0            5.7      4.7      6.6      6.6      6.6 orderStatus
     18s        0           72.9           51.6      9.4  10200.5  11811.2  11811.2 payment
     18s        0            9.0            5.6     11.0     12.6     12.6     12.6 stockLevel
     19s        0            0.0            5.2      0.0      0.0      0.0      0.0 delivery
     19s        0            2.0           50.9     19.9     28.3     28.3     28.3 newOrder
     19s        0            0.0            5.4      0.0      0.0      0.0      0.0 orderStatus
     19s        0            2.0           49.0     11.0     11.0     11.0     11.0 payment
     19s        0            0.0            5.3      0.0      0.0      0.0      0.0 stockLevel
     20s        0            0.0            5.0      0.0      0.0      0.0      0.0 delivery
     20s        0            0.0           48.4      0.0      0.0      0.0      0.0 newOrder
     20s        0            0.0            5.2      0.0      0.0      0.0      0.0 orderStatus
     20s        0            0.0           46.6      0.0      0.0      0.0      0.0 payment
     20s        0            0.0            5.1      0.0      0.0      0.0      0.0 stockLevel
_elapsed___errors__ops/sec(inst)___ops/sec(cum)__p50(ms)__p95(ms)__p99(ms)_pMax(ms)
     21s        0            0.0            4.7      0.0      0.0      0.0      0.0 delivery
     21s        0           10.0           46.6     23.1   9126.8   9126.8   9126.8 newOrder
     21s        0            0.0            4.9      0.0      0.0      0.0      0.0 orderStatus
     21s        0           10.0           44.8      7.6     12.1     12.1     12.1 payment
     21s        0            1.0            4.9     11.0     11.0     11.0     11.0 stockLevel
     22s        0           17.0            5.3     41.9     67.1    113.2    113.2 delivery
     22s        0          142.0           50.9     23.1     58.7   9126.8   9663.7 newOrder
     22s        0           16.0            5.4      4.2      5.0      6.6      6.6 orderStatus
     22s        0          169.9           50.5      8.4  12348.0  20401.1  21474.8 payment
     22s        0           13.0            5.2     11.0     22.0    142.6    142.6 stockLevel
     23s        0           12.0            5.6     41.9     58.7    104.9    104.9 delivery
     23s        0          130.0           54.3     22.0    637.5   4831.8   5100.3 newOrder
     23s        0           12.0            5.7      4.1      5.2      7.1      7.1 orderStatus
     23s        0          126.0           53.8      8.4     88.1  16643.0  17179.9 payment
     23s        0           10.0            5.4      9.4     14.7     14.7     14.7 stockLevel
     24s        0            4.0            5.5     46.1     50.3     50.3     50.3 delivery
     24s        0           15.0           52.7     26.2   1744.8   2818.6   2818.6 newOrder
     24s        0            1.0            5.5      4.1      4.1      4.1      4.1 orderStatus
     24s        0           14.0           52.1     10.0    100.7  23622.3  23622.3 payment
     24s        0            1.0            5.3     12.6     12.6     12.6     12.6 stockLevel
_elapsed___errors__ops/sec(inst)___ops/sec(cum)__p50(ms)__p95(ms)__p99(ms)_pMax(ms)
     25s        0            1.0            5.3     52.4     52.4     52.4     52.4 delivery
     25s        0           18.0           51.3     26.2   2415.9   2684.4   2684.4 newOrder
     25s        0            0.0            5.3      0.0      0.0      0.0      0.0 orderStatus
     25s        0           14.0           50.6      9.4     18.9     26.2     26.2 payment
     25s        0            2.0            5.1      8.9     10.0     10.0     10.0 stockLevel
     26s        0            6.0            5.3     39.8     67.1     67.1     67.1 delivery
     26s        0           78.0           52.3     22.0   2818.6   3087.0   4831.8 newOrder
     26s        0            9.0            5.4      3.9      4.5      4.5      4.5 orderStatus
     26s        0           76.0           51.6      8.9     16.3     28.3  24696.1 payment
     26s        0           10.0            5.3     10.0     16.8     16.8     16.8 stockLevel
     27s        0            2.0            5.2     41.9     41.9     41.9     41.9 delivery
     27s        0           22.0           51.2     24.1   2818.6   4563.4   4563.4 newOrder
     27s        0            2.0            5.3      4.1      4.2      4.2      4.2 orderStatus
     27s        0           27.0           50.7     11.0  22548.6  26843.5  26843.5 payment
     27s        0            3.0            5.2     10.0     11.5     11.5     11.5 stockLevel
     28s        0            5.0            5.2     48.2     83.9     83.9     83.9 delivery
     28s        0           54.0           51.3     22.0     37.7     39.8     62.9 newOrder
     28s        0            6.0            5.3      4.1      6.0      6.0      6.0 orderStatus
     28s        0           70.0           51.4      8.9  18253.6  19327.4  19327.4 payment
     28s        0           10.0            5.4     11.5     19.9     19.9     19.9 stockLevel
_elapsed___errors__ops/sec(inst)___ops/sec(cum)__p50(ms)__p95(ms)__p99(ms)_pMax(ms)
     29s        0            2.0            5.1     41.9     46.1     46.1     46.1 delivery
     29s        0           24.0           50.4     21.0   1879.0   3221.2   3221.2 newOrder
     29s        0            1.0            5.2      3.7      3.7      3.7      3.7 orderStatus
     29s        0           18.0           50.2     10.0   3355.4  18253.6  18253.6 payment
     29s        0            3.0            5.3      8.9     11.0     11.0     11.0 stockLevel
     30s        0           17.0            5.5     44.0     52.4     56.6     56.6 delivery
     30s        0          139.0           53.3     22.0    671.1   2281.7   2281.7 newOrder
     30s        0           10.0            5.3      4.2      5.2      5.2      5.2 orderStatus
     30s        0          132.0           52.9      8.4   7784.6  26843.5  28991.0 payment
     30s        0           10.0            5.5     11.5     23.1     23.1     23.1 stockLevel
     31s        0            9.0            5.6     44.0     75.5     75.5     75.5 delivery
     31s        0          108.9           55.1     22.0    771.8   1073.7   1208.0 newOrder
     31s        0            8.0            5.4      4.5      5.8      5.8      5.8 orderStatus
     31s        0           98.9           54.4      8.9     46.1  21474.8  30064.8 payment
     31s        0            6.0            5.5      9.4     26.2     26.2     26.2 stockLevel
     32s        0            0.0            5.4      0.0      0.0      0.0      0.0 delivery
     32s        0            0.0           53.4      0.0      0.0      0.0      0.0 newOrder
     32s        0            0.0            5.3      0.0      0.0      0.0      0.0 orderStatus
     32s        0            0.0           52.7      0.0      0.0      0.0      0.0 payment
     32s        0            0.0            5.3      0.0      0.0      0.0      0.0 stockLevel
_elapsed___errors__ops/sec(inst)___ops/sec(cum)__p50(ms)__p95(ms)__p99(ms)_pMax(ms)
     33s        0            0.0            5.3      0.0      0.0      0.0      0.0 delivery
     33s        0            0.0           51.8      0.0      0.0      0.0      0.0 newOrder
     33s        0            0.0            5.1      0.0      0.0      0.0      0.0 orderStatus
     33s        0            0.0           51.1      0.0      0.0      0.0      0.0 payment
     33s        0            0.0            5.2      0.0      0.0      0.0      0.0 stockLevel
     34s        0            0.0            5.1      0.0      0.0      0.0      0.0 delivery
     34s        0            0.0           50.3      0.0      0.0      0.0      0.0 newOrder
     34s        0            0.0            4.9      0.0      0.0      0.0      0.0 orderStatus
     34s        0            0.0           49.6      0.0      0.0      0.0      0.0 payment
     34s        0            0.0            5.0      0.0      0.0      0.0      0.0 stockLevel
     35s        0            7.0            5.2     44.0     48.2     48.2     48.2 delivery
     35s        0           71.0           50.9     23.1   4563.4   5100.3   5905.6 newOrder
     35s        0            5.0            4.9      4.5      5.0      5.0      5.0 orderStatus
     35s        0           67.0           50.1      8.9  11274.3  12884.9  25769.8 payment
     35s        0            7.0            5.1     11.5     18.9     18.9     18.9 stockLevel
     36s        0           18.0            5.5     41.9     46.1     46.1     46.1 delivery
     36s        0          128.0           53.0     22.0    130.0   1140.9   4831.8 newOrder
     36s        0           17.0            5.3      3.9      4.7      5.0      5.0 orderStatus
     36s        0          135.0           52.5      8.4   5100.3  24696.1  26843.5 payment
     36s        0           15.0            5.3     11.0     33.6    604.0    604.0 stockLevel
_elapsed___errors__ops/sec(inst)___ops/sec(cum)__p50(ms)__p95(ms)__p99(ms)_pMax(ms)
     37s        0            2.0            5.4     39.8     46.1     46.1     46.1 delivery
     37s        0           44.0           52.8     23.1   1409.3   6442.5   6442.5 newOrder
     37s        0            2.0            5.2      4.5      4.7      4.7      4.7 orderStatus
     37s        0           41.0           52.2      8.4   9663.7  36507.2  36507.2 payment
     37s        0            4.0            5.3     10.5    973.1    973.1    973.1 stockLevel
     38s        0            8.0            5.5     41.9     50.3     50.3     50.3 delivery
     38s        0           83.0           53.6     23.1   1208.0   2818.6   2818.6 newOrder
     38s        0            8.0            5.3      3.9      5.8      5.8      5.8 orderStatus
     38s        0           96.0           53.3      8.4   9126.8  30064.8  32212.3 payment
     38s        0            6.0            5.3     11.5     33.6     33.6     33.6 stockLevel
     39s        0            9.0            5.6     44.0     83.9     83.9     83.9 delivery
     39s        0          128.0           55.5     22.0    872.4   2550.1   3221.2 newOrder
     39s        0           11.0            5.4      4.2      4.7      5.0      5.0 orderStatus
     39s        0          133.0           55.4      8.9   9126.8  28991.0  33286.0 payment
     39s        0           15.0            5.6     11.0     56.6     75.5     75.5 stockLevel
     40s        0            3.0            5.5     46.1     50.3     50.3     50.3 delivery
     40s        0           28.0           54.8     23.1     54.5     75.5     75.5 newOrder
     40s        0            3.0            5.4      3.9      4.7      4.7      4.7 orderStatus
     40s        0           27.0           54.7      8.9     35.7     37.7     37.7 payment
     40s        0            4.0            5.5     10.5     12.6     12.6     12.6 stockLevel
_elapsed___errors__ops/sec(inst)___ops/sec(cum)__p50(ms)__p95(ms)__p99(ms)_pMax(ms)
     41s        0            0.0            5.4      0.0      0.0      0.0      0.0 delivery
     41s        0            0.0           53.4      0.0      0.0      0.0      0.0 newOrder
     41s        0            0.0            5.2      0.0      0.0      0.0      0.0 orderStatus
     41s        0            0.0           53.3      0.0      0.0      0.0      0.0 payment
     41s        0            0.0            5.4      0.0      0.0      0.0      0.0 stockLevel
     42s        0            3.0            5.3     41.9     44.0     44.0     44.0 delivery
     42s        0           67.0           53.8     23.1   3758.1   3892.3   4026.5 newOrder
     42s        0            6.0            5.2      4.7      5.5      5.5      5.5 orderStatus
     42s        0           64.0           53.6      8.9   4831.8  11811.2  24696.1 payment
     42s        0            7.0            5.4      9.4     17.8     17.8     17.8 stockLevel
     43s        0            6.0            5.3     41.9     48.2     48.2     48.2 delivery
     43s        0           94.9           54.7     21.0    520.1   3623.9   4026.5 newOrder
     43s        0            6.0            5.3      3.9      4.5      4.5      4.5 orderStatus
     43s        0           81.9           54.2      8.4   6710.9  40802.2  42949.7 payment
     43s        0            9.0            5.5     10.5    503.3    503.3    503.3 stockLevel
     44s        0            4.0            5.3     44.0     62.9     62.9     62.9 delivery
     44s        0           44.0           54.5     21.0     37.7   4563.4   4563.4 newOrder
     44s        0            5.0            5.3      4.7      5.2      5.2      5.2 orderStatus
     44s        0           46.0           54.0      8.9   8589.9  18253.6  18253.6 payment
     44s        0            4.0            5.5     10.5     13.1     13.1     13.1 stockLevel
_elapsed___errors__ops/sec(inst)___ops/sec(cum)__p50(ms)__p95(ms)__p99(ms)_pMax(ms)
     45s        0            0.0            5.2      0.0      0.0      0.0      0.0 delivery
     45s        0            0.0           53.3      0.0      0.0      0.0      0.0 newOrder
     45s        0            0.0            5.1      0.0      0.0      0.0      0.0 orderStatus
     45s        0            0.0           52.8      0.0      0.0      0.0      0.0 payment
     45s        0            0.0            5.4      0.0      0.0      0.0      0.0 stockLevel
     46s        0            0.0            5.1      0.0      0.0      0.0      0.0 delivery
     46s        0            0.0           52.1      0.0      0.0      0.0      0.0 newOrder
     46s        0            0.0            5.0      0.0      0.0      0.0      0.0 orderStatus
     46s        0            0.0           51.7      0.0      0.0      0.0      0.0 payment
     46s        0            0.0            5.2      0.0      0.0      0.0      0.0 stockLevel
     47s        0            6.0            5.1     41.9     56.6     56.6     56.6 delivery
     47s        0           71.0           52.5     23.1   4160.7   4831.8   7516.2 newOrder
     47s        0            9.0            5.1      3.9     10.5     10.5     10.5 orderStatus
     47s        0           75.0           52.2      9.4   9663.7  11811.2  18253.6 payment
     47s        0           10.0            5.3     11.5   3221.2   3221.2   3221.2 stockLevel
     48s        0           11.0            5.2     41.9     52.4     79.7     79.7 delivery
     48s        0          100.0           53.5     21.0     44.0    117.4   4160.7 newOrder
     48s        0           12.0            5.3      3.8      4.2      5.0      5.0 orderStatus
     48s        0           94.0           53.1      8.4     35.7  40802.2  47244.6 payment
     48s        0            8.0            5.4      9.4     26.2     26.2     26.2 stockLevel
_elapsed___errors__ops/sec(inst)___ops/sec(cum)__p50(ms)__p95(ms)__p99(ms)_pMax(ms)
     49s        0            0.0            5.1      0.0      0.0      0.0      0.0 delivery
     49s        0            0.0           52.4      0.0      0.0      0.0      0.0 newOrder
     49s        0            0.0            5.1      0.0      0.0      0.0      0.0 orderStatus
     49s        0            0.0           52.0      0.0      0.0      0.0      0.0 payment
     49s        0            0.0            5.3      0.0      0.0      0.0      0.0 stockLevel
     50s        0            0.0            5.0      0.0      0.0      0.0      0.0 delivery
     50s        0            6.0           51.5     28.3   2550.1   2550.1   2550.1 newOrder
     50s        0            0.0            5.0      0.0      0.0      0.0      0.0 orderStatus
     50s        0            6.0           51.1     10.0     23.1     23.1     23.1 payment
     50s        0            0.0            5.2      0.0      0.0      0.0      0.0 stockLevel
     51s        0            5.0            5.0     39.8     39.8     39.8     39.8 delivery
     51s        0           62.0           51.7     21.0   3623.9   3892.3   3892.3 newOrder
     51s        0            6.0            5.1      3.7      4.1      4.1      4.1 orderStatus
     51s        0           67.0           51.4      8.1  28991.0  45097.2  45097.2 payment
     51s        0            4.0            5.2     10.5     31.5     31.5     31.5 stockLevel
     52s        0            7.0            5.1     44.0     50.3     50.3     50.3 delivery
     52s        0           62.0           51.9     22.0     44.0   3892.3   4026.5 newOrder
     52s        0            9.0            5.1      4.1      4.7      4.7      4.7 orderStatus
     52s        0           76.0           51.8      8.9  14495.5  30064.8  34359.7 payment
     52s        0            8.0            5.2     10.5    671.1    671.1    671.1 stockLevel
_elapsed___errors__ops/sec(inst)___ops/sec(cum)__p50(ms)__p95(ms)__p99(ms)_pMax(ms)
     53s        0            3.0            5.0     50.3     52.4     52.4     52.4 delivery
     53s        0           22.0           51.3     23.1   1208.0   1208.0   1208.0 newOrder
     53s        0            3.0            5.1      3.7      4.5      4.5      4.5 orderStatus
     53s        0           19.0           51.2      8.9     10.5   2550.1   2550.1 payment
     53s        0            5.0            5.2     11.0     12.1     12.1     12.1 stockLevel
     54s        0            4.0            5.0     44.0     52.4     52.4     52.4 delivery
     54s        0           24.0           50.8     24.1   2550.1   2818.6   2818.6 newOrder
     54s        0            3.0            5.1      4.5      5.0      5.0      5.0 orderStatus
     54s        0           31.0           50.9      8.9     11.5     12.1     12.1 payment
     54s        0            2.0            5.1     12.6     12.6     12.6     12.6 stockLevel
     55s        0            7.0            5.0     44.0     46.1     46.1     46.1 delivery
     55s        0           55.0           50.9     22.0   2684.4   3489.7   3758.1 newOrder
     55s        0            4.0            5.0      4.2      4.7      4.7      4.7 orderStatus
     55s        0           63.0           51.1      8.9  16106.1  38654.7  47244.6 payment
     55s        0            7.0            5.2     10.5     16.3     16.3     16.3 stockLevel
     56s        0            0.0            4.9      0.0      0.0      0.0      0.0 delivery
     56s        0            2.0           50.0     18.9     24.1     24.1     24.1 newOrder
     56s        0            0.0            4.9      0.0      0.0      0.0      0.0 orderStatus
     56s        0            0.0           50.2      0.0      0.0      0.0      0.0 payment
     56s        0            0.0            5.1      0.0      0.0      0.0      0.0 stockLevel
_elapsed___errors__ops/sec(inst)___ops/sec(cum)__p50(ms)__p95(ms)__p99(ms)_pMax(ms)
     57s        0           16.0            5.1     41.9     88.1     88.1     88.1 delivery
     57s        0          112.0           51.1     22.0   1946.2   2415.9   2952.8 newOrder
     57s        0           14.0            5.1      3.8      5.0     10.5     10.5 orderStatus
     57s        0          116.0           51.3      8.4   9663.7  21474.8  55834.6 payment
     57s        0           14.0            5.2     10.5     22.0     22.0     22.0 stockLevel
     58s        0            6.0            5.2     44.0     50.3     50.3     50.3 delivery
     58s        0           41.0           50.9     22.0   1409.3   6174.0   6174.0 newOrder
     58s        0            4.0            5.1      4.1      6.3      6.3      6.3 orderStatus
     58s        0           41.0           51.1      8.4     23.1  22548.6  22548.6 payment
     58s        0            5.0            5.2      9.4     15.2     15.2     15.2 stockLevel
     59s        0            9.0            5.2     44.0     50.3     50.3     50.3 delivery
     59s        0           91.0           51.6     22.0    520.1   1476.4   1744.8 newOrder
     59s        0            9.0            5.2      4.5      5.5      5.5      5.5 orderStatus
     59s        0           91.0           51.8      8.9  16106.1  28991.0  36507.2 payment
     59s        0            8.0            5.3     10.0     25.2     25.2     25.2 stockLevel
    1m0s        0            0.0            5.1      0.0      0.0      0.0      0.0 delivery
    1m0s        0            7.0           50.9     22.0     33.6     33.6     33.6 newOrder
    1m0s        0            0.0            5.1      0.0      0.0      0.0      0.0 orderStatus
    1m0s        0            3.0           51.0      9.4     10.5     10.5     10.5 payment
    1m0s        0            0.0            5.2      0.0      0.0      0.0      0.0 stockLevel

_elapsed___errors_____ops(total)___ops/sec(cum)__avg(ms)__p50(ms)__p95(ms)__p99(ms)_pMax(ms)__total
   60.0s        0            308            5.1     45.3     44.0     67.1    104.9    159.4  delivery
   60.0s        0           3052           50.9    224.6     22.0   1610.6   4295.0   9663.7  newOrder
   60.0s        0            304            5.1      4.2      4.1      5.5     10.5     11.5  orderStatus
   60.0s        0           3060           51.0    934.3      8.9   5905.6  24696.1  55834.6  payment
   60.0s        0            312            5.2     56.1     11.0     35.7   1073.7   3221.2  stockLevel

_elapsed___errors_____ops(total)___ops/sec(cum)__avg(ms)__p50(ms)__p95(ms)__p99(ms)_pMax(ms)__result
   60.0s        0           7036          117.3    508.4     16.8   1677.7  16106.1  55834.6  
Audit check 9.2.1.7: SKIP: not enough delivery transactions to be statistically significant
Audit check 9.2.2.5.1: SKIP: not enough orders to be statistically significant
Audit check 9.2.2.5.2: SKIP: not enough orders to be statistically significant
Audit check 9.2.2.5.3: SKIP: not enough orders to be statistically significant
Audit check 9.2.2.5.4: SKIP: not enough payments to be statistically significant
Audit check 9.2.2.5.5: SKIP: not enough payments to be statistically significant
Audit check 9.2.2.5.6: SKIP: not enough order status transactions to be statistically significant

_elapsed_______tpmC____efc__avg(ms)__p50(ms)__p90(ms)__p95(ms)__p99(ms)_pMax(ms)
   60.0s     3052.0 2373.3%    224.6     22.0     48.2   1610.6   4295.0   9663.7
