***************************************
*** ###easy### TPC-C Load Generator ***
***************************************
option h with value '192.168.122.77'
option P with value '3306'
option d with value 'benchmarker'
option u with value 'root'
option p with value '123456'
option w with value '11'
option c with value '8'
option r with value '22'
option l with value '60'
option i with value '10'
<Parameters>
     [server]: 192.168.122.77
     [port]: 3306
     [DBname]: benchmarker
       [user]: root
       [pass]: 123456
  [warehouse]: 11
 [connection]: 8
     [rampup]: 22 (sec.)
    [measure]: 60 (sec.)

RAMP-UP TIME.(22 sec.)

MEASURING START.

  10, trx: 2760, 95%: 26.421, 99%: 34.056, max_rt: 59.405, 2762|36.547, 275|13.771, 276|80.391, 276|98.359
  20, trx: 2769, 95%: 27.462, 99%: 35.652, max_rt: 49.661, 2769|37.538, 277|9.908, 277|79.275, 277|89.556
  30, trx: 2719, 95%: 28.509, 99%: 35.673, max_rt: 51.600, 2719|36.067, 272|8.183, 272|70.626, 272|93.138
  40, trx: 2766, 95%: 27.884, 99%: 36.049, max_rt: 56.042, 2767|32.179, 277|10.856, 277|76.365, 277|91.242
  50, trx: 2726, 95%: 27.651, 99%: 35.165, max_rt: 57.789, 2724|30.287, 273|13.626, 273|73.883, 272|100.628
  60, trx: 2735, 95%: 27.709, 99%: 34.965, max_rt: 50.188, 2737|41.344, 273|12.405, 273|81.186, 274|101.738

STOPPING THREADS........

<Raw Results>
  [0] sc:131 lt:16344  rt:0  fl:0 avg_rt: 21.2 (5)
  [1] sc:12710 lt:3768  rt:0  fl:0 avg_rt: 5.8 (5)
  [2] sc:1581 lt:66  rt:0  fl:0 avg_rt: 2.8 (5)
  [3] sc:1646 lt:2  rt:0  fl:0 avg_rt: 52.5 (80)
  [4] sc:2 lt:1646  rt:0  fl:0 avg_rt: 73.3 (20)
 in 60 sec.

<Raw Results2(sum ver.)>
  [0] sc:131  lt:16344  rt:0  fl:0 
  [1] sc:12710  lt:3768  rt:0  fl:0 
  [2] sc:1581  lt:66  rt:0  fl:0 
  [3] sc:1646  lt:2  rt:0  fl:0 
  [4] sc:2  lt:1646  rt:0  fl:0 

<Constraint Check> (all must be [OK])
 [transaction percentage]
        Payment: 43.48% (>=43.0%) [OK]
   Order-Status: 4.35% (>= 4.0%) [OK]
       Delivery: 4.35% (>= 4.0%) [OK]
    Stock-Level: 4.35% (>= 4.0%) [OK]
 [response time (at least 90% passed)]
      New-Order: 0.80%  [NG] *
        Payment: 77.13%  [NG] *
   Order-Status: 95.99%  [OK]
       Delivery: 99.88%  [OK]
    Stock-Level: 0.12%  [NG] *

<TpmC>
                 16475.000 TpmC
