***************************************
*** ###easy### TPC-C Load Generator ***
***************************************
option h with value '127.0.0.1'
option P with value '13306'
option d with value 'benchmarker'
option u with value 'root'
option p with value '123456'
option w with value '11'
option c with value '2'
option r with value '22'
option l with value '60'
option i with value '10'
<Parameters>
     [server]: 127.0.0.1
     [port]: 13306
     [DBname]: benchmarker
       [user]: root
       [pass]: 123456
  [warehouse]: 11
 [connection]: 2
     [rampup]: 22 (sec.)
    [measure]: 60 (sec.)

RAMP-UP TIME.(22 sec.)

MEASURING START.

  10, trx: 967, 95%: 22.803, 99%: 27.511, max_rt: 44.792, 971|16.166, 98|6.262, 97|108.626, 97|91.931
  20, trx: 994, 95%: 20.049, 99%: 27.577, max_rt: 34.940, 995|11.879, 98|5.105, 99|44.240, 99|119.213
  30, trx: 794, 95%: 22.498, 99%: 28.068, max_rt: 51.719, 794|15.536, 80|4.501, 80|84.013, 80|74.374
  40, trx: 824, 95%: 23.016, 99%: 26.508, max_rt: 32.876, 824|12.110, 83|4.221, 82|50.466, 82|76.983
  50, trx: 787, 95%: 25.073, 99%: 36.835, max_rt: 61.289, 788|10.593, 79|6.074, 79|73.617, 79|119.912
  60, trx: 862, 95%: 21.893, 99%: 28.127, max_rt: 49.380, 862|18.244, 86|4.201, 86|87.975, 85|90.719

STOPPING THREADS..

<Raw Results>
  [0] sc:17 lt:5211  rt:0  fl:0 avg_rt: 16.9 (5)
  [1] sc:5000 lt:234  rt:0  fl:0 avg_rt: 4.0 (5)
  [2] sc:522 lt:2  rt:0  fl:0 avg_rt: 2.2 (5)
  [3] sc:520 lt:3  rt:0  fl:0 avg_rt: 38.7 (80)
  [4] sc:0 lt:522  rt:0  fl:0 avg_rt: 63.4 (20)
 in 60 sec.

<Raw Results2(sum ver.)>
  [0] sc:17  lt:5211  rt:0  fl:0 
  [1] sc:5000  lt:234  rt:0  fl:0 
  [2] sc:522  lt:2  rt:0  fl:0 
  [3] sc:520  lt:3  rt:0  fl:0 
  [4] sc:0  lt:522  rt:0  fl:0 

<Constraint Check> (all must be [OK])
 [transaction percentage]
        Payment: 43.50% (>=43.0%) [OK]
   Order-Status: 4.36% (>= 4.0%) [OK]
       Delivery: 4.35% (>= 4.0%) [OK]
    Stock-Level: 4.34% (>= 4.0%) [OK]
 [response time (at least 90% passed)]
      New-Order: 0.33%  [NG] *
        Payment: 95.53%  [OK]
   Order-Status: 99.62%  [OK]
       Delivery: 99.43%  [OK]
    Stock-Level: 0.00%  [NG] *

<TpmC>
                 5228.000 TpmC
