***************************************
*** ###easy### TPC-C Load Generator ***
***************************************
option h with value '127.0.0.1'
option P with value '13306'
option d with value 'benchmarker'
option u with value 'root'
option p with value '123456'
option w with value '11'
option c with value '16'
option r with value '22'
option l with value '60'
option i with value '10'
<Parameters>
     [server]: 127.0.0.1
     [port]: 13306
     [DBname]: benchmarker
       [user]: root
       [pass]: 123456
  [warehouse]: 11
 [connection]: 16
     [rampup]: 22 (sec.)
    [measure]: 60 (sec.)

RAMP-UP TIME.(22 sec.)

MEASURING START.

  10, trx: 2104, 95%: 73.502, 99%: 94.827, max_rt: 132.453, 2106|100.094, 211|20.057, 211|186.127, 211|326.237
  20, trx: 2073, 95%: 73.988, 99%: 97.009, max_rt: 138.128, 2067|140.879, 207|16.193, 206|154.513, 207|263.692
  30, trx: 2030, 95%: 74.610, 99%: 93.866, max_rt: 116.343, 2034|79.849, 203|20.430, 204|153.418, 203|319.524
  40, trx: 2105, 95%: 71.377, 99%: 92.223, max_rt: 122.895, 2107|95.741, 211|22.618, 211|151.755, 210|296.394
  50, trx: 2126, 95%: 73.173, 99%: 93.222, max_rt: 121.284, 2122|77.813, 212|17.142, 212|159.194, 213|306.381
  60, trx: 2099, 95%: 76.122, 99%: 96.863, max_rt: 138.304, 2101|95.441, 211|13.403, 210|178.839, 210|288.755

STOPPING THREADS................

<Raw Results>
  [0] sc:0 lt:12537  rt:0  fl:0 avg_rt: 55.7 (5)
  [1] sc:946 lt:11591  rt:0  fl:0 avg_rt: 15.3 (5)
  [2] sc:901 lt:354  rt:0  fl:0 avg_rt: 6.1 (5)
  [3] sc:549 lt:705  rt:0  fl:0 avg_rt: 118.0 (80)
  [4] sc:0 lt:1254  rt:0  fl:0 avg_rt: 212.0 (20)
 in 60 sec.

<Raw Results2(sum ver.)>
  [0] sc:0  lt:12537  rt:0  fl:0 
  [1] sc:947  lt:11592  rt:0  fl:0 
  [2] sc:901  lt:354  rt:0  fl:0 
  [3] sc:549  lt:705  rt:0  fl:0 
  [4] sc:0  lt:1254  rt:0  fl:0 

<Constraint Check> (all must be [OK])
 [transaction percentage]
        Payment: 43.48% (>=43.0%) [OK]
   Order-Status: 4.35% (>= 4.0%) [OK]
       Delivery: 4.35% (>= 4.0%) [OK]
    Stock-Level: 4.35% (>= 4.0%) [OK]
 [response time (at least 90% passed)]
      New-Order: 0.00%  [NG] *
        Payment: 7.55%  [NG] *
   Order-Status: 71.79%  [NG] *
       Delivery: 43.78%  [NG] *
    Stock-Level: 0.00%  [NG] *

<TpmC>
                 12537.000 TpmC
