***************************************
*** ###easy### TPC-C Load Generator ***
***************************************
option h with value '192.168.122.77'
option P with value '3306'
option d with value 'benchmarker'
option u with value 'root'
option p with value '123456'
option w with value '11'
option c with value '4'
option r with value '22'
option l with value '60'
option i with value '10'
<Parameters>
     [server]: 192.168.122.77
     [port]: 3306
     [DBname]: benchmarker
       [user]: root
       [pass]: 123456
  [warehouse]: 11
 [connection]: 4
     [rampup]: 22 (sec.)
    [measure]: 60 (sec.)

RAMP-UP TIME.(22 sec.)

MEASURING START.

  10, trx: 904, 95%: 35.144, 99%: 39.911, max_rt: 54.072, 903|21.983, 90|13.354, 91|82.726, 90|114.749
  20, trx: 880, 95%: 36.060, 99%: 42.234, max_rt: 47.349, 883|21.661, 88|14.933, 89|90.580, 89|114.272
  30, trx: 876, 95%: 36.190, 99%: 41.819, max_rt: 48.703, 875|25.372, 88|6.369, 87|77.444, 88|117.339
  40, trx: 886, 95%: 35.663, 99%: 41.408, max_rt: 49.676, 888|25.543, 89|15.086, 89|82.886, 89|114.111
  50, trx: 892, 95%: 35.845, 99%: 43.064, max_rt: 49.055, 888|21.498, 88|8.436, 88|78.047, 88|123.110
  60, trx: 897, 95%: 35.418, 99%: 39.875, max_rt: 62.220, 900|19.889, 91|6.044, 90|75.670, 90|109.723

STOPPING THREADS....

<Raw Results>
  [0] sc:0 lt:5335  rt:0  fl:0 avg_rt: 32.3 (5)
  [1] sc:2212 lt:3125  rt:0  fl:0 avg_rt: 7.7 (5)
  [2] sc:503 lt:31  rt:0  fl:0 avg_rt: 4.1 (5)
  [3] sc:530 lt:4  rt:0  fl:0 avg_rt: 81.9 (80)
  [4] sc:0 lt:534  rt:0  fl:0 avg_rt: 128.7 (20)
 in 60 sec.

<Raw Results2(sum ver.)>
  [0] sc:0  lt:5335  rt:0  fl:0 
  [1] sc:2212  lt:3125  rt:0  fl:0 
  [2] sc:503  lt:31  rt:0  fl:0 
  [3] sc:530  lt:4  rt:0  fl:0 
  [4] sc:0  lt:534  rt:0  fl:0 

<Constraint Check> (all must be [OK])
 [transaction percentage]
        Payment: 43.48% (>=43.0%) [OK]
   Order-Status: 4.35% (>= 4.0%) [OK]
       Delivery: 4.35% (>= 4.0%) [OK]
    Stock-Level: 4.35% (>= 4.0%) [OK]
 [response time (at least 90% passed)]
      New-Order: 0.00%  [NG] *
        Payment: 41.45%  [NG] *
   Order-Status: 94.19%  [OK]
       Delivery: 99.25%  [OK]
    Stock-Level: 0.00%  [NG] *

<TpmC>
                 5335.000 TpmC
