***************************************
*** ###easy### TPC-C Load Generator ***
***************************************
option h with value '192.168.122.77'
option P with value '3306'
option d with value 'benchmarker'
option u with value 'root'
option p with value '123456'
option w with value '11'
option c with value '32'
option r with value '22'
option l with value '60'
option i with value '10'
<Parameters>
     [server]: 192.168.122.77
     [port]: 3306
     [DBname]: benchmarker
       [user]: root
       [pass]: 123456
  [warehouse]: 11
 [connection]: 32
     [rampup]: 22 (sec.)
    [measure]: 60 (sec.)

RAMP-UP TIME.(22 sec.)

MEASURING START.

  10, trx: 821, 95%: 293.903, 99%: 313.816, max_rt: 351.585, 824|375.429, 82|56.202, 82|621.591, 84|990.005
  20, trx: 829, 95%: 294.696, 99%: 316.836, max_rt: 331.962, 823|353.014, 83|62.636, 82|566.865, 81|972.033
  30, trx: 838, 95%: 287.895, 99%: 308.969, max_rt: 348.909, 845|388.677, 84|47.289, 85|589.340, 85|944.495
  40, trx: 835, 95%: 291.450, 99%: 305.383, max_rt: 319.772, 831|279.866, 84|59.617, 83|639.171, 83|929.801
  50, trx: 844, 95%: 287.809, 99%: 311.197, max_rt: 393.004, 844|265.450, 84|50.088, 85|579.020, 86|946.019
  60, trx: 833, 95%: 294.256, 99%: 312.691, max_rt: 343.667, 838|460.171, 84|54.944, 83|578.606, 82|922.338

STOPPING THREADS................................

<Raw Results>
  [0] sc:3 lt:4997  rt:0  fl:0 avg_rt: 267.1 (5)
  [1] sc:228 lt:4777  rt:0  fl:0 avg_rt: 81.2 (5)
  [2] sc:50 lt:451  rt:0  fl:0 avg_rt: 33.3 (5)
  [3] sc:0 lt:500  rt:0  fl:0 avg_rt: 635.8 (80)
  [4] sc:0 lt:501  rt:0  fl:0 avg_rt: 1088.3 (20)
 in 60 sec.

<Raw Results2(sum ver.)>
  [0] sc:3  lt:4997  rt:0  fl:0 
  [1] sc:228  lt:4777  rt:0  fl:0 
  [2] sc:50  lt:451  rt:0  fl:0 
  [3] sc:0  lt:500  rt:0  fl:0 
  [4] sc:0  lt:501  rt:0  fl:0 

<Constraint Check> (all must be [OK])
 [transaction percentage]
        Payment: 43.50% (>=43.0%) [OK]
   Order-Status: 4.35% (>= 4.0%) [OK]
       Delivery: 4.35% (>= 4.0%) [OK]
    Stock-Level: 4.35% (>= 4.0%) [OK]
 [response time (at least 90% passed)]
      New-Order: 0.06%  [NG] *
        Payment: 4.56%  [NG] *
   Order-Status: 9.98%  [NG] *
       Delivery: 0.00%  [NG] *
    Stock-Level: 0.00%  [NG] *

<TpmC>
                 5000.000 TpmC
