randw-4K-n1-c1: (g=0): rw=randwrite, bs=(R) 4096B-4096B, (W) 4096B-4096B, (T) 4096B-4096B, ioengine=libaio, iodepth=32
randw-4K-n2-c2: (g=1): rw=randwrite, bs=(R) 4096B-4096B, (W) 4096B-4096B, (T) 4096B-4096B, ioengine=libaio, iodepth=32
...
randw-4K-n4-c4: (g=2): rw=randwrite, bs=(R) 4096B-4096B, (W) 4096B-4096B, (T) 4096B-4096B, ioengine=libaio, iodepth=32
...
randw-4K-n8-c8: (g=3): rw=randwrite, bs=(R) 4096B-4096B, (W) 4096B-4096B, (T) 4096B-4096B, ioengine=libaio, iodepth=32
...
randw-4K-n12-c12: (g=4): rw=randwrite, bs=(R) 4096B-4096B, (W) 4096B-4096B, (T) 4096B-4096B, ioengine=libaio, iodepth=32
...
fio-3.1
Starting 27 processes

randw-4K-n1-c1: (groupid=0, jobs=1): err= 0: pid=1795: Thu Jul 25 20:35:51 2019
  write: IOPS=107k, BW=419MiB/s (440MB/s)(12.3GiB/30001msec)
    slat (usec): min=2, max=827, avg= 4.09, stdev= 2.72
    clat (usec): min=7, max=7160, avg=291.24, stdev=155.85
     lat (usec): min=13, max=7163, avg=295.99, stdev=155.89
    clat percentiles (usec):
     | 10.000th=[  269], 20.000th=[  273], 30.000th=[  277], 40.000th=[  277],
     | 50.000th=[  277], 70.000th=[  285], 90.000th=[  310], 99.000th=[  424],
     | 99.900th=[ 2114], 99.990th=[ 6849], 99.999th=[ 7046]
   bw (  KiB/s): min=302752, max=349255, per=78.80%, avg=338214.47, stdev=7956.84, samples=59
   iops        : min=75688, max=87313, avg=84553.19, stdev=1989.24, samples=59
  lat (usec)   : 10=0.01%, 20=0.04%, 50=0.06%, 100=0.13%, 250=0.66%
  lat (usec)   : 500=98.18%, 750=0.50%, 1000=0.09%
  lat (msec)   : 2=0.24%, 4=0.05%, 10=0.05%
  cpu          : usr=45.65%, sys=52.35%, ctx=1212, majf=0, minf=10
  IO depths    : 1=0.1%, 2=0.1%, 4=0.1%, 8=0.1%, 16=0.1%, 32=100.0%, >=64=0.0%
     submit    : 0=0.0%, 4=100.0%, 8=0.0%, 16=0.0%, 32=0.0%, 64=0.0%, >=64=0.0%
     complete  : 0=0.0%, 4=100.0%, 8=0.0%, 16=0.0%, 32=0.1%, 64=0.0%, >=64=0.0%
     issued rwt: total=0,3219282,0, short=0,0,0, dropped=0,0,0
     latency   : target=0, window=0, percentile=100.00%, depth=32
randw-4K-n2-c2: (groupid=1, jobs=2): err= 0: pid=1799: Thu Jul 25 20:35:51 2019
  write: IOPS=112k, BW=438MiB/s (460MB/s)(12.8GiB/30001msec)
    slat (usec): min=2, max=16087, avg= 5.28, stdev=11.92
    clat (nsec): min=1251, max=16493k, avg=560541.16, stdev=592873.87
     lat (usec): min=13, max=16498, avg=566.62, stdev=592.89
    clat percentiles (usec):
     | 10.000th=[  176], 20.000th=[  281], 30.000th=[  297], 40.000th=[  314],
     | 50.000th=[  334], 70.000th=[  494], 90.000th=[ 1450], 99.000th=[ 2442],
     | 99.900th=[ 4817], 99.990th=[ 6980], 99.999th=[12387]
   bw (  KiB/s): min=146211, max=218587, per=39.76%, avg=178484.75, stdev=28522.86, samples=118
   iops        : min=36552, max=54646, avg=44620.81, stdev=7130.73, samples=118
  lat (usec)   : 2=0.01%, 4=0.01%, 10=0.01%, 20=0.92%, 50=2.08%
  lat (usec)   : 100=2.90%, 250=8.34%, 500=57.31%, 750=12.96%, 1000=1.38%
  lat (msec)   : 2=7.90%, 4=6.06%, 10=0.14%, 20=0.01%
  cpu          : usr=30.43%, sys=37.85%, ctx=45600, majf=0, minf=19
  IO depths    : 1=0.1%, 2=0.1%, 4=0.1%, 8=0.1%, 16=0.1%, 32=100.0%, >=64=0.0%
     submit    : 0=0.0%, 4=100.0%, 8=0.0%, 16=0.0%, 32=0.0%, 64=0.0%, >=64=0.0%
     complete  : 0=0.0%, 4=100.0%, 8=0.0%, 16=0.0%, 32=0.1%, 64=0.0%, >=64=0.0%
     issued rwt: total=0,3366955,0, short=0,0,0, dropped=0,0,0
     latency   : target=0, window=0, percentile=100.00%, depth=32
randw-4K-n4-c4: (groupid=2, jobs=4): err= 0: pid=1803: Thu Jul 25 20:35:51 2019
  write: IOPS=116k, BW=453MiB/s (475MB/s)(13.3GiB/30003msec)
    slat (usec): min=2, max=40778, avg= 8.99, stdev=27.89
    clat (nsec): min=1598, max=41473k, avg=1089391.98, stdev=1122965.79
     lat (usec): min=13, max=41481, avg=1099.45, stdev=1122.92
    clat percentiles (usec):
     | 10.000th=[  112], 20.000th=[  204], 30.000th=[  289], 40.000th=[  424],
     | 50.000th=[  668], 70.000th=[ 1188], 90.000th=[ 2868], 99.000th=[ 3785],
     | 99.900th=[ 6849], 99.990th=[ 9241], 99.999th=[25822]
   bw (  KiB/s): min=87268, max=126789, per=23.97%, avg=111195.56, stdev=11563.42, samples=236
   iops        : min=21817, max=31697, avg=27798.50, stdev=2890.86, samples=236
  lat (usec)   : 2=0.01%, 4=0.01%, 10=0.01%, 20=0.93%, 50=3.42%
  lat (usec)   : 100=4.61%, 250=16.56%, 500=17.31%, 750=12.40%, 1000=11.00%
  lat (msec)   : 2=10.06%, 4=22.86%, 10=0.84%, 20=0.01%, 50=0.01%
  cpu          : usr=18.34%, sys=31.95%, ctx=116031, majf=0, minf=42
  IO depths    : 1=0.1%, 2=0.1%, 4=0.1%, 8=0.1%, 16=0.1%, 32=100.0%, >=64=0.0%
     submit    : 0=0.0%, 4=100.0%, 8=0.0%, 16=0.0%, 32=0.0%, 64=0.0%, >=64=0.0%
     complete  : 0=0.0%, 4=100.0%, 8=0.0%, 16=0.0%, 32=0.1%, 64=0.0%, >=64=0.0%
     issued rwt: total=0,3479735,0, short=0,0,0, dropped=0,0,0
     latency   : target=0, window=0, percentile=100.00%, depth=32
randw-4K-n8-c8: (groupid=3, jobs=8): err= 0: pid=1810: Thu Jul 25 20:35:51 2019
  write: IOPS=117k, BW=458MiB/s (480MB/s)(13.4GiB/30004msec)
    slat (usec): min=3, max=20692, avg=10.45, stdev=27.80
    clat (usec): min=2, max=21361, avg=2167.02, stdev=1647.67
     lat (usec): min=17, max=21375, avg=2178.96, stdev=1647.15
    clat percentiles (usec):
     | 10.000th=[  229], 20.000th=[  445], 30.000th=[  963], 40.000th=[ 1434],
     | 50.000th=[ 1827], 70.000th=[ 3130], 90.000th=[ 4080], 99.000th=[ 6063],
     | 99.900th=[ 8356], 99.990th=[ 9765], 99.999th=[15270]
   bw (  KiB/s): min=38778, max=62410, per=9.39%, avg=44009.22, stdev=2778.22, samples=472
   iops        : min= 9694, max=15602, avg=11001.92, stdev=694.55, samples=472
  lat (usec)   : 4=0.01%, 20=0.01%, 50=0.19%, 100=0.97%, 250=10.60%
  lat (usec)   : 500=9.27%, 750=4.42%, 1000=5.42%
  lat (msec)   : 2=23.57%, 4=34.10%, 10=11.42%, 20=0.01%, 50=0.01%
  cpu          : usr=13.38%, sys=19.67%, ctx=317183, majf=0, minf=84
  IO depths    : 1=0.1%, 2=0.1%, 4=0.1%, 8=0.1%, 16=0.1%, 32=100.0%, >=64=0.0%
     submit    : 0=0.0%, 4=100.0%, 8=0.0%, 16=0.0%, 32=0.0%, 64=0.0%, >=64=0.0%
     complete  : 0=0.0%, 4=100.0%, 8=0.0%, 16=0.0%, 32=0.1%, 64=0.0%, >=64=0.0%
     issued rwt: total=0,3515593,0, short=0,0,0, dropped=0,0,0
     latency   : target=0, window=0, percentile=100.00%, depth=32
randw-4K-n12-c12: (groupid=4, jobs=12): err= 0: pid=1821: Thu Jul 25 20:35:51 2019
  write: IOPS=114k, BW=445MiB/s (466MB/s)(13.0GiB/30010msec)
    slat (usec): min=3, max=8301, avg=13.37, stdev=59.63
    clat (usec): min=20, max=13536, avg=3349.88, stdev=1807.45
     lat (usec): min=28, max=13546, avg=3364.92, stdev=1807.34
    clat percentiles (usec):
     | 10.000th=[  979], 20.000th=[ 1696], 30.000th=[ 2114], 40.000th=[ 2868],
     | 50.000th=[ 3097], 70.000th=[ 4146], 90.000th=[ 6128], 99.000th=[ 7570],
     | 99.900th=[ 9503], 99.990th=[11600], 99.999th=[12911]
   bw (  KiB/s): min=31840, max=43664, per=8.36%, avg=38088.68, stdev=2480.95, samples=720
   iops        : min= 7960, max=10916, avg=9521.87, stdev=620.23, samples=720
  lat (usec)   : 50=0.01%, 100=0.01%, 250=0.04%, 500=1.84%, 750=2.26%
  lat (usec)   : 1000=6.52%
  lat (msec)   : 2=15.76%, 4=38.73%, 10=34.80%, 20=0.06%
  cpu          : usr=10.53%, sys=14.64%, ctx=571390, majf=0, minf=120
  IO depths    : 1=0.1%, 2=0.1%, 4=0.1%, 8=0.1%, 16=0.1%, 32=100.0%, >=64=0.0%
     submit    : 0=0.0%, 4=100.0%, 8=0.0%, 16=0.0%, 32=0.0%, 64=0.0%, >=64=0.0%
     complete  : 0=0.0%, 4=100.0%, 8=0.0%, 16=0.0%, 32=0.1%, 64=0.0%, >=64=0.0%
     issued rwt: total=0,3417606,0, short=0,0,0, dropped=0,0,0
     latency   : target=0, window=0, percentile=100.00%, depth=32

Run status group 0 (all jobs):
  WRITE: bw=419MiB/s (440MB/s), 419MiB/s-419MiB/s (440MB/s-440MB/s), io=12.3GiB (13.2GB), run=30001-30001msec

Run status group 1 (all jobs):
  WRITE: bw=438MiB/s (460MB/s), 438MiB/s-438MiB/s (460MB/s-460MB/s), io=12.8GiB (13.8GB), run=30001-30001msec

Run status group 2 (all jobs):
  WRITE: bw=453MiB/s (475MB/s), 453MiB/s-453MiB/s (475MB/s-475MB/s), io=13.3GiB (14.3GB), run=30003-30003msec

Run status group 3 (all jobs):
  WRITE: bw=458MiB/s (480MB/s), 458MiB/s-458MiB/s (480MB/s-480MB/s), io=13.4GiB (14.4GB), run=30004-30004msec

Run status group 4 (all jobs):
  WRITE: bw=445MiB/s (466MB/s), 445MiB/s-445MiB/s (466MB/s-466MB/s), io=13.0GiB (13.0GB), run=30010-30010msec

Disk stats (read/write):
  vda: ios=306/16980924, merge=0/0, ticks=184/22102952, in_queue=21933252, util=82.68%
