precondition: (g=0): rw=write, bs=(R) 128KiB-128KiB, (W) 128KiB-128KiB, (T) 128KiB-128KiB, ioengine=libaio, iodepth=16
rand-read-4K-qd1: (g=1): rw=randread, bs=(R) 4096B-4096B, (W) 4096B-4096B, (T) 4096B-4096B, ioengine=libaio, iodepth=1
rand-write-4K-qd1: (g=2): rw=randwrite, bs=(R) 4096B-4096B, (W) 4096B-4096B, (T) 4096B-4096B, ioengine=libaio, iodepth=1
rand-read-4K-qd16: (g=3): rw=randread, bs=(R) 4096B-4096B, (W) 4096B-4096B, (T) 4096B-4096B, ioengine=libaio, iodepth=4
...
rand-write-4K-qd16: (g=4): rw=randwrite, bs=(R) 4096B-4096B, (W) 4096B-4096B, (T) 4096B-4096B, ioengine=libaio, iodepth=4
...
rand-rw-4K-qd16: (g=5): rw=randrw, bs=(R) 4096B-4096B, (W) 4096B-4096B, (T) 4096B-4096B, ioengine=libaio, iodepth=4
...
rand-read-4K-qd128: (g=6): rw=randread, bs=(R) 4096B-4096B, (W) 4096B-4096B, (T) 4096B-4096B, ioengine=libaio, iodepth=32
...
rand-write-4K-qd128: (g=7): rw=randwrite, bs=(R) 4096B-4096B, (W) 4096B-4096B, (T) 4096B-4096B, ioengine=libaio, iodepth=32
...
rand-rw-4K-qd128: (g=8): rw=randrw, bs=(R) 4096B-4096B, (W) 4096B-4096B, (T) 4096B-4096B, ioengine=libaio, iodepth=32
...
fio-3.1
Starting 27 processes

precondition: (groupid=0, jobs=1): err= 0: pid=1364: Thu Jul 18 08:15:41 2019
  write: IOPS=16.1k, BW=2016MiB/s (2114MB/s)(29.5GiB/15001msec)
    slat (usec): min=5, max=784, avg= 7.84, stdev= 2.83
    clat (usec): min=201, max=2213, avg=981.29, stdev=50.10
     lat (usec): min=211, max=2221, avg=989.80, stdev=50.14
    clat percentiles (usec):
     | 10.000th=[  955], 20.000th=[  963], 30.000th=[  963], 40.000th=[  963],
     | 50.000th=[  963], 70.000th=[  996], 90.000th=[ 1004], 99.000th=[ 1123],
     | 99.900th=[ 1614], 99.990th=[ 2147], 99.999th=[ 2212]
   bw (  MiB/s): min= 1519, max= 1991, per=79.01%, avg=1592.67, stdev=79.90, samples=29
   iops        : min=12159, max=15932, avg=12741.00, stdev=639.13, samples=29
  lat (usec)   : 250=0.01%, 500=0.07%, 750=0.07%, 1000=87.97%
  lat (msec)   : 2=11.83%, 4=0.04%
  cpu          : usr=10.23%, sys=16.67%, ctx=241357, majf=0, minf=12
  IO depths    : 1=0.1%, 2=0.1%, 4=0.1%, 8=0.1%, 16=100.0%, 32=0.0%, >=64=0.0%
     submit    : 0=0.0%, 4=100.0%, 8=0.0%, 16=0.0%, 32=0.0%, 64=0.0%, >=64=0.0%
     complete  : 0=0.0%, 4=100.0%, 8=0.0%, 16=0.1%, 32=0.0%, 64=0.0%, >=64=0.0%
     issued rwt: total=0,241925,0, short=0,0,0, dropped=0,0,0
     latency   : target=0, window=0, percentile=100.00%, depth=16
rand-read-4K-qd1: (groupid=1, jobs=1): err= 0: pid=1373: Thu Jul 18 08:15:41 2019
   read: IOPS=43.3k, BW=169MiB/s (177MB/s)(5076MiB/30001msec)
    slat (usec): min=2, max=761, avg= 3.50, stdev= 2.24
    clat (nsec): min=1190, max=794366, avg=16922.57, stdev=9824.27
     lat (usec): min=13, max=800, avg=21.03, stdev=10.12
    clat percentiles (usec):
     | 10.000th=[   13], 20.000th=[   14], 30.000th=[   14], 40.000th=[   14],
     | 50.000th=[   14], 70.000th=[   15], 90.000th=[   36], 99.000th=[   44],
     | 99.900th=[   48], 99.990th=[   60], 99.999th=[  766]
   bw (  KiB/s): min=131208, max=160465, per=91.01%, avg=157676.22, stdev=5655.42, samples=59
   iops        : min=32803, max=40118, avg=39418.83, stdev=1413.90, samples=59
  lat (usec)   : 2=0.01%, 4=0.01%, 10=0.04%, 20=87.06%, 50=12.85%
  lat (usec)   : 100=0.04%, 250=0.01%, 750=0.01%, 1000=0.01%
  cpu          : usr=18.44%, sys=30.06%, ctx=1299281, majf=0, minf=9
  IO depths    : 1=100.0%, 2=0.0%, 4=0.0%, 8=0.0%, 16=0.0%, 32=0.0%, >=64=0.0%
     submit    : 0=0.0%, 4=100.0%, 8=0.0%, 16=0.0%, 32=0.0%, 64=0.0%, >=64=0.0%
     complete  : 0=0.0%, 4=100.0%, 8=0.0%, 16=0.0%, 32=0.0%, 64=0.0%, >=64=0.0%
     issued rwt: total=1299474,0,0, short=0,0,0, dropped=0,0,0
     latency   : target=0, window=0, percentile=100.00%, depth=1
rand-write-4K-qd1: (groupid=2, jobs=1): err= 0: pid=1374: Thu Jul 18 08:15:41 2019
  write: IOPS=42.0k, BW=164MiB/s (172MB/s)(4925MiB/30001msec)
    slat (usec): min=2, max=758, avg= 3.48, stdev= 2.03
    clat (nsec): min=1236, max=787773, avg=17733.89, stdev=8782.18
     lat (usec): min=15, max=791, avg=21.80, stdev= 9.02
    clat percentiles (usec):
     | 10.000th=[   15], 20.000th=[   15], 30.000th=[   15], 40.000th=[   15],
     | 50.000th=[   15], 70.000th=[   16], 90.000th=[   31], 99.000th=[   47],
     | 99.900th=[   49], 99.990th=[   59], 99.999th=[  766]
   bw (  KiB/s): min=110796, max=161233, per=71.20%, avg=119685.75, stdev=7175.41, samples=59
   iops        : min=27699, max=40308, avg=29921.12, stdev=1793.88, samples=59
  lat (usec)   : 2=0.01%, 10=0.01%, 20=86.64%, 50=13.30%, 100=0.05%
  lat (usec)   : 750=0.01%, 1000=0.01%
  cpu          : usr=16.28%, sys=30.18%, ctx=1260808, majf=0, minf=9
  IO depths    : 1=100.0%, 2=0.0%, 4=0.0%, 8=0.0%, 16=0.0%, 32=0.0%, >=64=0.0%
     submit    : 0=0.0%, 4=100.0%, 8=0.0%, 16=0.0%, 32=0.0%, 64=0.0%, >=64=0.0%
     complete  : 0=0.0%, 4=100.0%, 8=0.0%, 16=0.0%, 32=0.0%, 64=0.0%, >=64=0.0%
     issued rwt: total=0,1260789,0, short=0,0,0, dropped=0,0,0
     latency   : target=0, window=0, percentile=100.00%, depth=1
rand-read-4K-qd16: (groupid=3, jobs=4): err= 0: pid=1378: Thu Jul 18 08:15:41 2019
   read: IOPS=154k, BW=601MiB/s (630MB/s)(17.6GiB/30001msec)
    slat (usec): min=2, max=20025, avg= 6.22, stdev=33.08
    clat (usec): min=13, max=20115, avg=93.01, stdev=123.12
     lat (usec): min=18, max=20125, avg=99.98, stdev=126.92
    clat percentiles (usec):
     | 10.000th=[   29], 20.000th=[   31], 30.000th=[   33], 40.000th=[   37],
     | 50.000th=[   47], 70.000th=[   64], 90.000th=[  231], 99.000th=[  420],
     | 99.900th=[  693], 99.990th=[ 1352], 99.999th=[16057]
   bw (  KiB/s): min=92560, max=164290, per=21.11%, avg=129797.26, stdev=28920.79, samples=236
   iops        : min=23140, max=41072, avg=32448.95, stdev=7230.20, samples=236
  lat (usec)   : 20=0.01%, 50=54.38%, 100=20.32%, 250=20.52%, 500=4.47%
  lat (usec)   : 750=0.21%, 1000=0.07%
  lat (msec)   : 2=0.02%, 4=0.01%, 10=0.01%, 20=0.01%, 50=0.01%
  cpu          : usr=21.14%, sys=28.75%, ctx=316350, majf=0, minf=56
  IO depths    : 1=0.1%, 2=0.1%, 4=100.0%, 8=0.0%, 16=0.0%, 32=0.0%, >=64=0.0%
     submit    : 0=0.0%, 4=100.0%, 8=0.0%, 16=0.0%, 32=0.0%, 64=0.0%, >=64=0.0%
     complete  : 0=0.0%, 4=100.0%, 8=0.0%, 16=0.0%, 32=0.0%, 64=0.0%, >=64=0.0%
     issued rwt: total=4612312,0,0, short=0,0,0, dropped=0,0,0
     latency   : target=0, window=0, percentile=100.00%, depth=4
rand-write-4K-qd16: (groupid=4, jobs=4): err= 0: pid=1382: Thu Jul 18 08:15:41 2019
  write: IOPS=154k, BW=603MiB/s (632MB/s)(17.7GiB/30001msec)
    slat (usec): min=2, max=32042, avg= 7.08, stdev=45.39
    clat (usec): min=4, max=36807, avg=92.32, stdev=159.11
     lat (usec): min=22, max=36813, avg=100.17, stdev=165.33
    clat percentiles (usec):
     | 10.000th=[   28], 20.000th=[   29], 30.000th=[   32], 40.000th=[   36],
     | 50.000th=[   46], 70.000th=[   65], 90.000th=[  231], 99.000th=[  420],
     | 99.900th=[  775], 99.990th=[ 1729], 99.999th=[23987]
   bw (  KiB/s): min=57280, max=301408, per=17.50%, avg=108064.16, stdev=29088.24, samples=236
   iops        : min=14320, max=75352, avg=27015.64, stdev=7272.09, samples=236
  lat (usec)   : 10=0.01%, 20=0.01%, 50=53.82%, 100=21.19%, 250=20.34%
  lat (usec)   : 500=4.33%, 750=0.21%, 1000=0.08%
  lat (msec)   : 2=0.03%, 4=0.01%, 10=0.01%, 20=0.01%, 50=0.01%
  cpu          : usr=20.88%, sys=28.94%, ctx=317550, majf=0, minf=42
  IO depths    : 1=0.1%, 2=0.1%, 4=100.0%, 8=0.0%, 16=0.0%, 32=0.0%, >=64=0.0%
     submit    : 0=0.0%, 4=100.0%, 8=0.0%, 16=0.0%, 32=0.0%, 64=0.0%, >=64=0.0%
     complete  : 0=0.0%, 4=100.0%, 8=0.0%, 16=0.0%, 32=0.0%, 64=0.0%, >=64=0.0%
     issued rwt: total=0,4630878,0, short=0,0,0, dropped=0,0,0
     latency   : target=0, window=0, percentile=100.00%, depth=4
rand-rw-4K-qd16: (groupid=5, jobs=4): err= 0: pid=1391: Thu Jul 18 08:15:41 2019
   read: IOPS=106k, BW=412MiB/s (432MB/s)(12.1GiB/30001msec)
    slat (usec): min=2, max=9145, avg= 6.73, stdev=11.65
    clat (usec): min=12, max=15968, avg=93.93, stdev=111.55
     lat (usec): min=18, max=15974, avg=101.46, stdev=111.31
    clat percentiles (usec):
     | 10.000th=[   29], 20.000th=[   31], 30.000th=[   34], 40.000th=[   39],
     | 50.000th=[   47], 70.000th=[   62], 90.000th=[  233], 99.000th=[  437],
     | 99.900th=[  955], 99.990th=[ 1713], 99.999th=[ 2999]
   bw (  KiB/s): min=45051, max=165078, per=20.24%, avg=85449.33, stdev=22150.18, samples=236
   iops        : min=11262, max=41269, avg=21361.97, stdev=5537.53, samples=236
  write: IOPS=45.2k, BW=177MiB/s (185MB/s)(5298MiB/30001msec)
    slat (usec): min=2, max=1295, avg= 7.05, stdev=10.31
    clat (usec): min=17, max=15975, avg=96.93, stdev=114.33
     lat (usec): min=27, max=15981, avg=104.76, stdev=113.96
    clat percentiles (usec):
     | 10.000th=[   29], 20.000th=[   31], 30.000th=[   34], 40.000th=[   40],
     | 50.000th=[   48], 70.000th=[   65], 90.000th=[  233], 99.000th=[  437],
     | 99.900th=[  963], 99.990th=[ 1713], 99.999th=[ 2802]
   bw (  KiB/s): min=19891, max=71776, per=20.25%, avg=36615.27, stdev=9485.66, samples=236
   iops        : min= 4972, max=17944, avg=9153.45, stdev=2371.45, samples=236
  lat (usec)   : 20=0.01%, 50=54.21%, 100=21.14%, 250=19.00%, 500=4.95%
  lat (usec)   : 750=0.45%, 1000=0.19%
  lat (msec)   : 2=0.05%, 4=0.01%, 10=0.01%, 20=0.01%
  cpu          : usr=20.35%, sys=29.32%, ctx=314608, majf=0, minf=45
  IO depths    : 1=0.1%, 2=0.1%, 4=100.0%, 8=0.0%, 16=0.0%, 32=0.0%, >=64=0.0%
     submit    : 0=0.0%, 4=100.0%, 8=0.0%, 16=0.0%, 32=0.0%, 64=0.0%, >=64=0.0%
     complete  : 0=0.0%, 4=100.0%, 8=0.0%, 16=0.0%, 32=0.0%, 64=0.0%, >=64=0.0%
     issued rwt: total=3165809,1356407,0, short=0,0,0, dropped=0,0,0
     latency   : target=0, window=0, percentile=100.00%, depth=4
rand-read-4K-qd128: (groupid=6, jobs=4): err= 0: pid=1400: Thu Jul 18 08:15:41 2019
   read: IOPS=142k, BW=554MiB/s (581MB/s)(16.2GiB/30007msec)
    slat (usec): min=2, max=28166, avg=19.16, stdev=392.40
    clat (usec): min=10, max=29574, avg=876.84, stdev=2487.25
     lat (usec): min=14, max=29579, avg=897.02, stdev=2519.60
    clat percentiles (usec):
     | 10.000th=[  367], 20.000th=[  375], 30.000th=[  379], 40.000th=[  388],
     | 50.000th=[  400], 70.000th=[  498], 90.000th=[  537], 99.000th=[16057],
     | 99.900th=[21890], 99.990th=[25297], 99.999th=[28705]
   bw (  KiB/s): min=74338, max=327551, per=24.51%, avg=139014.27, stdev=104691.09, samples=237
   iops        : min=18584, max=81887, avg=34753.19, stdev=26172.76, samples=237
  lat (usec)   : 20=0.01%, 50=0.01%, 100=0.01%, 250=0.01%, 500=71.27%
  lat (usec)   : 750=24.96%, 1000=0.16%
  lat (msec)   : 2=0.19%, 4=0.01%, 10=1.07%, 20=2.12%, 50=0.21%
  cpu          : usr=18.01%, sys=31.77%, ctx=48810, majf=0, minf=166
  IO depths    : 1=0.1%, 2=0.1%, 4=0.1%, 8=0.1%, 16=0.1%, 32=100.0%, >=64=0.0%
     submit    : 0=0.0%, 4=100.0%, 8=0.0%, 16=0.0%, 32=0.0%, 64=0.0%, >=64=0.0%
     complete  : 0=0.0%, 4=100.0%, 8=0.0%, 16=0.0%, 32=0.1%, 64=0.0%, >=64=0.0%
     issued rwt: total=4255456,0,0, short=0,0,0, dropped=0,0,0
     latency   : target=0, window=0, percentile=100.00%, depth=32
rand-write-4K-qd128: (groupid=7, jobs=4): err= 0: pid=1405: Thu Jul 18 08:15:41 2019
  write: IOPS=141k, BW=549MiB/s (576MB/s)(16.1GiB/30016msec)
    slat (usec): min=2, max=32097, avg=19.75, stdev=412.85
    clat (usec): min=14, max=32667, avg=884.71, stdev=2596.96
     lat (usec): min=25, max=32674, avg=905.58, stdev=2631.19
    clat percentiles (usec):
     | 10.000th=[  371], 20.000th=[  379], 30.000th=[  388], 40.000th=[  396],
     | 50.000th=[  408], 70.000th=[  498], 90.000th=[  537], 99.000th=[17171],
     | 99.900th=[23200], 99.990th=[26608], 99.999th=[31851]
   bw (  KiB/s): min=56675, max=270676, per=19.08%, avg=107283.31, stdev=77994.17, samples=236
   iops        : min=14168, max=67669, avg=26820.46, stdev=19498.55, samples=236
  lat (usec)   : 20=0.01%, 50=0.01%, 100=0.01%, 250=0.01%, 500=72.91%
  lat (usec)   : 750=23.53%, 1000=0.15%
  lat (msec)   : 2=0.22%, 4=0.01%, 10=0.89%, 20=1.99%, 50=0.29%
  cpu          : usr=17.57%, sys=32.22%, ctx=42372, majf=0, minf=41
  IO depths    : 1=0.1%, 2=0.1%, 4=0.1%, 8=0.1%, 16=0.1%, 32=100.0%, >=64=0.0%
     submit    : 0=0.0%, 4=100.0%, 8=0.0%, 16=0.0%, 32=0.0%, 64=0.0%, >=64=0.0%
     complete  : 0=0.0%, 4=100.0%, 8=0.0%, 16=0.0%, 32=0.1%, 64=0.0%, >=64=0.0%
     issued rwt: total=0,4219978,0, short=0,0,0, dropped=0,0,0
     latency   : target=0, window=0, percentile=100.00%, depth=32
rand-rw-4K-qd128: (groupid=8, jobs=4): err= 0: pid=1412: Thu Jul 18 08:15:41 2019
   read: IOPS=99.1k, BW=387MiB/s (406MB/s)(11.3GiB/30008msec)
    slat (usec): min=2, max=33357, avg=18.95, stdev=401.64
    clat (usec): min=10, max=33939, avg=879.11, stdev=2560.32
     lat (usec): min=21, max=33958, avg=899.22, stdev=2593.59
    clat percentiles (usec):
     | 10.000th=[  367], 20.000th=[  371], 30.000th=[  379], 40.000th=[  388],
     | 50.000th=[  400], 70.000th=[  502], 90.000th=[  545], 99.000th=[16909],
     | 99.900th=[22676], 99.990th=[27395], 99.999th=[32375]
   bw (  KiB/s): min=48528, max=237432, per=25.18%, avg=99844.24, stdev=75740.29, samples=239
   iops        : min=12132, max=59358, avg=24960.86, stdev=18934.98, samples=239
  write: IOPS=42.5k, BW=166MiB/s (174MB/s)(4979MiB/30008msec)
    slat (usec): min=3, max=25315, avg=18.07, stdev=380.09
    clat (usec): min=24, max=33937, avg=876.27, stdev=2555.66
     lat (usec): min=29, max=33943, avg=895.36, stdev=2585.47
    clat percentiles (usec):
     | 10.000th=[  367], 20.000th=[  371], 30.000th=[  379], 40.000th=[  383],
     | 50.000th=[  400], 70.000th=[  498], 90.000th=[  545], 99.000th=[16909],
     | 99.900th=[22938], 99.990th=[27919], 99.999th=[33817]
   bw (  KiB/s): min=20568, max=101368, per=25.18%, avg=42773.31, stdev=32486.98, samples=239
   iops        : min= 5142, max=25342, avg=10693.11, stdev=8121.64, samples=239
  lat (usec)   : 20=0.01%, 50=0.01%, 100=0.01%, 250=0.01%, 500=70.20%
  lat (usec)   : 750=26.18%, 1000=0.16%
  lat (msec)   : 2=0.21%, 4=0.01%, 10=0.99%, 20=2.00%, 50=0.25%
  cpu          : usr=18.63%, sys=31.15%, ctx=43325, majf=0, minf=43
  IO depths    : 1=0.1%, 2=0.1%, 4=0.1%, 8=0.1%, 16=0.1%, 32=100.0%, >=64=0.0%
     submit    : 0=0.0%, 4=100.0%, 8=0.0%, 16=0.0%, 32=0.0%, 64=0.0%, >=64=0.0%
     complete  : 0=0.0%, 4=100.0%, 8=0.0%, 16=0.0%, 32=0.1%, 64=0.0%, >=64=0.0%
     issued rwt: total=2974921,1274550,0, short=0,0,0, dropped=0,0,0
     latency   : target=0, window=0, percentile=100.00%, depth=32

Run status group 0 (all jobs):
  WRITE: bw=2016MiB/s (2114MB/s), 2016MiB/s-2016MiB/s (2114MB/s-2114MB/s), io=29.5GiB (31.7GB), run=15001-15001msec

Run status group 1 (all jobs):
   READ: bw=169MiB/s (177MB/s), 169MiB/s-169MiB/s (177MB/s-177MB/s), io=5076MiB (5323MB), run=30001-30001msec

Run status group 2 (all jobs):
  WRITE: bw=164MiB/s (172MB/s), 164MiB/s-164MiB/s (172MB/s-172MB/s), io=4925MiB (5164MB), run=30001-30001msec

Run status group 3 (all jobs):
   READ: bw=601MiB/s (630MB/s), 601MiB/s-601MiB/s (630MB/s-630MB/s), io=17.6GiB (18.9GB), run=30001-30001msec

Run status group 4 (all jobs):
  WRITE: bw=603MiB/s (632MB/s), 603MiB/s-603MiB/s (632MB/s-632MB/s), io=17.7GiB (18.0GB), run=30001-30001msec

Run status group 5 (all jobs):
   READ: bw=412MiB/s (432MB/s), 412MiB/s-412MiB/s (432MB/s-432MB/s), io=12.1GiB (12.0GB), run=30001-30001msec
  WRITE: bw=177MiB/s (185MB/s), 177MiB/s-177MiB/s (185MB/s-185MB/s), io=5298MiB (5556MB), run=30001-30001msec

Run status group 6 (all jobs):
   READ: bw=554MiB/s (581MB/s), 554MiB/s-554MiB/s (581MB/s-581MB/s), io=16.2GiB (17.4GB), run=30007-30007msec

Run status group 7 (all jobs):
  WRITE: bw=549MiB/s (576MB/s), 549MiB/s-549MiB/s (576MB/s-576MB/s), io=16.1GiB (17.3GB), run=30016-30016msec

Run status group 8 (all jobs):
   READ: bw=387MiB/s (406MB/s), 387MiB/s-387MiB/s (406MB/s-406MB/s), io=11.3GiB (12.2GB), run=30008-30008msec
  WRITE: bw=166MiB/s (174MB/s), 166MiB/s-166MiB/s (174MB/s-174MB/s), io=4979MiB (5221MB), run=30008-30008msec

Disk stats (read/write):
  sdb: ios=16287940/12975771, merge=0/0, ticks=282916/473988, in_queue=549204, util=60.02%
