***************************************
*** ###easy### TPC-C Load Generator ***
***************************************
option h with value '192.168.122.77'
option P with value '3306'
option d with value 'benchmarker'
option u with value 'root'
option p with value '123456'
option w with value '11'
option c with value '16'
option r with value '22'
option l with value '60'
option i with value '10'
<Parameters>
     [server]: 192.168.122.77
     [port]: 3306
     [DBname]: benchmarker
       [user]: root
       [pass]: 123456
  [warehouse]: 11
 [connection]: 16
     [rampup]: 22 (sec.)
    [measure]: 60 (sec.)

RAMP-UP TIME.(22 sec.)

MEASURING START.

  10, trx: 5535, 95%: 36.114, 99%: 58.424, max_rt: 179.378, 5531|78.052, 554|31.463, 553|213.043, 554|295.781
  20, trx: 5572, 95%: 36.157, 99%: 57.971, max_rt: 136.275, 5575|108.410, 557|25.947, 558|214.731, 558|175.018
  30, trx: 5552, 95%: 37.829, 99%: 63.722, max_rt: 173.027, 5550|79.431, 555|28.031, 555|166.293, 555|182.331
  40, trx: 5658, 95%: 35.813, 99%: 57.919, max_rt: 142.741, 5653|93.556, 566|25.107, 567|172.246, 566|149.522
  50, trx: 5561, 95%: 36.462, 99%: 57.487, max_rt: 129.656, 5565|122.174, 557|33.779, 554|307.789, 556|121.687
  60, trx: 5356, 95%: 39.697, 99%: 63.152, max_rt: 112.862, 5354|94.763, 535|28.775, 537|238.092, 535|264.676

STOPPING THREADS................

<Raw Results>
  [0] sc:2042 lt:31192  rt:0  fl:0 avg_rt: 21.2 (5)
  [1] sc:23982 lt:9247  rt:0  fl:0 avg_rt: 6.9 (5)
  [2] sc:3020 lt:304  rt:0  fl:0 avg_rt: 3.0 (5)
  [3] sc:3110 lt:214  rt:0  fl:0 avg_rt: 52.5 (80)
  [4] sc:112 lt:3212  rt:0  fl:0 avg_rt: 58.0 (20)
 in 60 sec.

<Raw Results2(sum ver.)>
  [0] sc:2042  lt:31194  rt:0  fl:0 
  [1] sc:23983  lt:9247  rt:0  fl:0 
  [2] sc:3020  lt:304  rt:0  fl:0 
  [3] sc:3110  lt:214  rt:0  fl:0 
  [4] sc:112  lt:3212  rt:0  fl:0 

<Constraint Check> (all must be [OK])
 [transaction percentage]
        Payment: 43.47% (>=43.0%) [OK]
   Order-Status: 4.35% (>= 4.0%) [OK]
       Delivery: 4.35% (>= 4.0%) [OK]
    Stock-Level: 4.35% (>= 4.0%) [OK]
 [response time (at least 90% passed)]
      New-Order: 6.14%  [NG] *
        Payment: 72.17%  [NG] *
   Order-Status: 90.85%  [OK]
       Delivery: 93.56%  [OK]
    Stock-Level: 3.37%  [NG] *

<TpmC>
                 33234.000 TpmC
