[OVERALL], RunTime(ms), 148
[OVERALL], Throughput(ops/sec), 6756.756756756757
[TOTAL_GCS_PS_Scavenge], Count, 0
[TOTAL_GC_TIME_PS_Scavenge], Time(ms), 0
[TOTAL_GC_TIME_%_PS_Scavenge], Time(%), 0.0
[TOTAL_GCS_PS_MarkSweep], Count, 0
[TOTAL_GC_TIME_PS_MarkSweep], Time(ms), 0
[TOTAL_GC_TIME_%_PS_MarkSweep], Time(%), 0.0
[TOTAL_GCs], Count, 0
[TOTAL_GC_TIME], Time(ms), 0
[TOTAL_GC_TIME_%], Time(%), 0.0
[CLEANUP], Operations, 16
[CLEANUP], AverageLatency(us), 52.6875
[CLEANUP], MinLatency(us), 24
[CLEANUP], MaxLatency(us), 294
[CLEANUP], 95thPercentileLatency(us), 131
[CLEANUP], 99thPercentileLatency(us), 294
[INSERT], Operations, 1000
[INSERT], AverageLatency(us), 1253.976
[INSERT], MinLatency(us), 160
[INSERT], MaxLatency(us), 25375
[INSERT], 95thPercentileLatency(us), 3339
[INSERT], 99thPercentileLatency(us), 14263
[INSERT], Return=OK, 1000
