[OVERALL], RunTime(ms), 148
[OVERALL], Throughput(ops/sec), 6756.756756756757
[TOTAL_GCS_PS_Scavenge], Count, 0
[TOTAL_GC_TIME_PS_Scavenge], Time(ms), 0
[TOTAL_GC_TIME_%_PS_Scavenge], Time(%), 0.0
[TOTAL_GCS_PS_MarkSweep], Count, 0
[TOTAL_GC_TIME_PS_MarkSweep], Time(ms), 0
[TOTAL_GC_TIME_%_PS_MarkSweep], Time(%), 0.0
[TOTAL_GCs], Count, 0
[TOTAL_GC_TIME], Time(ms), 0
[TOTAL_GC_TIME_%], Time(%), 0.0
[CLEANUP], Operations, 16
[CLEANUP], AverageLatency(us), 68.4375
[CLEANUP], MinLatency(us), 24
[CLEANUP], MaxLatency(us), 567
[CLEANUP], 95thPercentileLatency(us), 89
[CLEANUP], 99thPercentileLatency(us), 567
[INSERT], Operations, 1000
[INSERT], AverageLatency(us), 867.088
[INSERT], MinLatency(us), 150
[INSERT], MaxLatency(us), 25487
[INSERT], 95thPercentileLatency(us), 1944
[INSERT], 99thPercentileLatency(us), 7879
[INSERT], Return=OK, 1000
