***************************************
*** ###easy### TPC-C Load Generator ***
***************************************
option h with value '192.168.122.83'
option P with value '3306'
option d with value 'benchmarker'
option u with value 'root'
option p with value '123456'
option w with value '11'
option c with value '8'
option r with value '22'
option l with value '60'
option i with value '10'
<Parameters>
     [server]: 192.168.122.83
     [port]: 3306
     [DBname]: benchmarker
       [user]: root
       [pass]: 123456
  [warehouse]: 11
 [connection]: 8
     [rampup]: 22 (sec.)
    [measure]: 60 (sec.)

RAMP-UP TIME.(22 sec.)

MEASURING START.

  10, trx: 3357, 95%: 23.356, 99%: 30.936, max_rt: 46.820, 3359|39.297, 336|16.240, 336|71.998, 335|92.981
  20, trx: 3357, 95%: 24.553, 99%: 31.676, max_rt: 48.504, 3354|30.836, 336|9.659, 335|72.536, 336|70.112
  30, trx: 3145, 95%: 26.884, 99%: 35.514, max_rt: 51.530, 3148|34.628, 314|12.236, 315|68.935, 315|80.511
  40, trx: 3200, 95%: 26.948, 99%: 35.695, max_rt: 52.188, 3197|32.454, 319|12.053, 320|62.217, 320|74.940
  50, trx: 3184, 95%: 26.644, 99%: 34.343, max_rt: 57.443, 3188|41.405, 320|12.236, 319|58.463, 319|73.670
  60, trx: 2885, 95%: 29.702, 99%: 38.885, max_rt: 54.388, 2881|51.867, 288|13.559, 287|75.390, 288|95.662

STOPPING THREADS........

<Raw Results>
  [0] sc:863 lt:18265  rt:0  fl:0 avg_rt: 17.8 (5)
  [1] sc:14372 lt:4755  rt:0  fl:0 avg_rt: 5.7 (5)
  [2] sc:1766 lt:147  rt:0  fl:0 avg_rt: 3.1 (5)
  [3] sc:1912 lt:0  rt:0  fl:0 avg_rt: 47.3 (80)
  [4] sc:7 lt:1906  rt:0  fl:0 avg_rt: 57.4 (20)
 in 60 sec.

<Raw Results2(sum ver.)>
  [0] sc:863  lt:18265  rt:0  fl:0 
  [1] sc:14372  lt:4755  rt:0  fl:0 
  [2] sc:1766  lt:147  rt:0  fl:0 
  [3] sc:1912  lt:0  rt:0  fl:0 
  [4] sc:7  lt:1906  rt:0  fl:0 

<Constraint Check> (all must be [OK])
 [transaction percentage]
        Payment: 43.48% (>=43.0%) [OK]
   Order-Status: 4.35% (>= 4.0%) [OK]
       Delivery: 4.35% (>= 4.0%) [OK]
    Stock-Level: 4.35% (>= 4.0%) [OK]
 [response time (at least 90% passed)]
      New-Order: 4.51%  [NG] *
        Payment: 75.14%  [NG] *
   Order-Status: 92.32%  [OK]
       Delivery: 100.00%  [OK]
    Stock-Level: 0.37%  [NG] *

<TpmC>
                 19128.000 TpmC
