***************************************
*** ###easy### TPC-C Load Generator ***
***************************************
option h with value '192.168.122.77'
option P with value '3306'
option d with value 'benchmarker'
option u with value 'root'
option p with value '123456'
option w with value '11'
option c with value '2'
option r with value '22'
option l with value '60'
option i with value '10'
<Parameters>
     [server]: 192.168.122.77
     [port]: 3306
     [DBname]: benchmarker
       [user]: root
       [pass]: 123456
  [warehouse]: 11
 [connection]: 2
     [rampup]: 22 (sec.)
    [measure]: 60 (sec.)

RAMP-UP TIME.(22 sec.)

MEASURING START.

  10, trx: 1027, 95%: 15.114, 99%: 23.202, max_rt: 41.389, 1028|25.683, 102|14.059, 102|58.822, 103|73.911
  20, trx: 967, 95%: 18.715, 99%: 25.239, max_rt: 35.830, 964|17.734, 97|5.088, 97|56.570, 97|71.825
  30, trx: 1051, 95%: 17.612, 99%: 25.850, max_rt: 36.025, 1053|15.319, 105|6.870, 105|59.743, 105|63.532
  40, trx: 1050, 95%: 16.524, 99%: 26.965, max_rt: 30.838, 1050|16.442, 105|12.058, 105|56.011, 105|73.063
  50, trx: 961, 95%: 17.231, 99%: 24.908, max_rt: 35.138, 958|18.688, 96|3.014, 96|49.806, 97|68.516
  60, trx: 1051, 95%: 16.793, 99%: 24.575, max_rt: 40.827, 1054|11.366, 106|12.758, 105|44.122, 105|80.476

STOPPING THREADS..

<Raw Results>
  [0] sc:131 lt:5977  rt:0  fl:0 avg_rt: 14.2 (5)
  [1] sc:5926 lt:181  rt:0  fl:0 avg_rt: 3.6 (5)
  [2] sc:606 lt:5  rt:0  fl:0 avg_rt: 2.1 (5)
  [3] sc:610 lt:0  rt:0  fl:0 avg_rt: 34.4 (80)
  [4] sc:0 lt:612  rt:0  fl:0 avg_rt: 53.2 (20)
 in 60 sec.

<Raw Results2(sum ver.)>
  [0] sc:131  lt:5977  rt:0  fl:0 
  [1] sc:5926  lt:181  rt:0  fl:0 
  [2] sc:606  lt:5  rt:0  fl:0 
  [3] sc:610  lt:0  rt:0  fl:0 
  [4] sc:0  lt:612  rt:0  fl:0 

<Constraint Check> (all must be [OK])
 [transaction percentage]
        Payment: 43.47% (>=43.0%) [OK]
   Order-Status: 4.35% (>= 4.0%) [OK]
       Delivery: 4.34% (>= 4.0%) [OK]
    Stock-Level: 4.36% (>= 4.0%) [OK]
 [response time (at least 90% passed)]
      New-Order: 2.14%  [NG] *
        Payment: 97.04%  [OK]
   Order-Status: 99.18%  [OK]
       Delivery: 100.00%  [OK]
    Stock-Level: 0.00%  [NG] *

<TpmC>
                 6108.000 TpmC
