***************************************
*** ###easy### TPC-C Load Generator ***
***************************************
option h with value '192.168.122.77'
option P with value '3306'
option d with value 'benchmarker'
option u with value 'root'
option p with value '123456'
option w with value '11'
option c with value '16'
option r with value '22'
option l with value '60'
option i with value '10'
<Parameters>
     [server]: 192.168.122.77
     [port]: 3306
     [DBname]: benchmarker
       [user]: root
       [pass]: 123456
  [warehouse]: 11
 [connection]: 16
     [rampup]: 22 (sec.)
    [measure]: 60 (sec.)

RAMP-UP TIME.(22 sec.)

MEASURING START.

  10, trx: 1058, 95%: 132.994, 99%: 173.126, max_rt: 283.692, 1059|156.413, 107|50.190, 107|420.793, 105|560.459
  20, trx: 1023, 95%: 145.577, 99%: 175.474, max_rt: 230.902, 1023|133.887, 102|40.835, 103|322.500, 103|569.770
  30, trx: 1120, 95%: 132.398, 99%: 160.499, max_rt: 201.483, 1118|122.552, 112|27.539, 111|336.570, 111|487.299
  40, trx: 1040, 95%: 136.421, 99%: 155.440, max_rt: 223.297, 1039|136.319, 104|29.213, 104|271.027, 105|422.273
  50, trx: 1046, 95%: 134.274, 99%: 159.398, max_rt: 250.721, 1044|119.327, 104|32.339, 105|293.696, 104|521.893
  60, trx: 1016, 95%: 147.949, 99%: 193.229, max_rt: 240.137, 1020|131.512, 102|33.424, 102|405.985, 102|512.591

STOPPING THREADS................

<Raw Results>
  [0] sc:0 lt:6303  rt:0  fl:0 avg_rt: 110.9 (5)
  [1] sc:270 lt:6033  rt:0  fl:0 avg_rt: 29.6 (5)
  [2] sc:168 lt:463  rt:0  fl:0 avg_rt: 12.5 (5)
  [3] sc:3 lt:629  rt:0  fl:0 avg_rt: 251.4 (80)
  [4] sc:0 lt:630  rt:0  fl:0 avg_rt: 409.7 (20)
 in 60 sec.

<Raw Results2(sum ver.)>
  [0] sc:0  lt:6303  rt:0  fl:0 
  [1] sc:270  lt:6033  rt:0  fl:0 
  [2] sc:168  lt:463  rt:0  fl:0 
  [3] sc:3  lt:629  rt:0  fl:0 
  [4] sc:0  lt:630  rt:0  fl:0 

<Constraint Check> (all must be [OK])
 [transaction percentage]
        Payment: 43.47% (>=43.0%) [OK]
   Order-Status: 4.35% (>= 4.0%) [OK]
       Delivery: 4.36% (>= 4.0%) [OK]
    Stock-Level: 4.35% (>= 4.0%) [OK]
 [response time (at least 90% passed)]
      New-Order: 0.00%  [NG] *
        Payment: 4.28%  [NG] *
   Order-Status: 26.62%  [NG] *
       Delivery: 0.47%  [NG] *
    Stock-Level: 0.00%  [NG] *

<TpmC>
                 6303.000 TpmC
