***************************************
*** ###easy### TPC-C Load Generator ***
***************************************
option h with value '192.168.122.83'
option P with value '3306'
option d with value 'benchmarker'
option u with value 'root'
option p with value '123456'
option w with value '11'
option c with value '8'
option r with value '22'
option l with value '60'
option i with value '10'
<Parameters>
     [server]: 192.168.122.83
     [port]: 3306
     [DBname]: benchmarker
       [user]: root
       [pass]: 123456
  [warehouse]: 11
 [connection]: 8
     [rampup]: 22 (sec.)
    [measure]: 60 (sec.)

RAMP-UP TIME.(22 sec.)

MEASURING START.

  10, trx: 1077, 95%: 61.917, 99%: 108.468, max_rt: 1748.104, 1077|561.359, 108|67.853, 109|882.625, 107|651.857
  20, trx: 1073, 95%: 60.488, 99%: 69.563, max_rt: 84.739, 1073|42.749, 107|17.410, 106|149.637, 108|173.563
  30, trx: 1077, 95%: 60.253, 99%: 67.390, max_rt: 104.293, 1080|51.158, 108|17.044, 107|139.505, 108|182.590
  40, trx: 1088, 95%: 59.003, 99%: 70.170, max_rt: 88.605, 1083|46.588, 108|13.947, 109|150.127, 108|183.015
  50, trx: 1069, 95%: 60.217, 99%: 71.720, max_rt: 89.330, 1074|44.444, 108|11.380, 108|151.298, 107|183.250
  60, trx: 1052, 95%: 62.475, 99%: 68.920, max_rt: 99.581, 1053|49.309, 105|29.182, 105|154.659, 106|191.884

STOPPING THREADS........

<Raw Results>
  [0] sc:0 lt:6436  rt:0  fl:0 avg_rt: 53.3 (5)
  [1] sc:453 lt:5987  rt:0  fl:0 avg_rt: 14.7 (5)
  [2] sc:328 lt:316  rt:0  fl:0 avg_rt: 6.9 (5)
  [3] sc:39 lt:605  rt:0  fl:0 avg_rt: 138.0 (80)
  [4] sc:0 lt:644  rt:0  fl:0 avg_rt: 193.5 (20)
 in 60 sec.

<Raw Results2(sum ver.)>
  [0] sc:0  lt:6436  rt:0  fl:0 
  [1] sc:453  lt:5987  rt:0  fl:0 
  [2] sc:328  lt:316  rt:0  fl:0 
  [3] sc:39  lt:605  rt:0  fl:0 
  [4] sc:0  lt:644  rt:0  fl:0 

<Constraint Check> (all must be [OK])
 [transaction percentage]
        Payment: 43.49% (>=43.0%) [OK]
   Order-Status: 4.35% (>= 4.0%) [OK]
       Delivery: 4.35% (>= 4.0%) [OK]
    Stock-Level: 4.35% (>= 4.0%) [OK]
 [response time (at least 90% passed)]
      New-Order: 0.00%  [NG] *
        Payment: 7.03%  [NG] *
   Order-Status: 50.93%  [NG] *
       Delivery: 6.06%  [NG] *
    Stock-Level: 0.00%  [NG] *

<TpmC>
                 6436.000 TpmC
