***************************************
*** ###easy### TPC-C Load Generator ***
***************************************
option h with value '192.168.122.83'
option P with value '3306'
option d with value 'benchmarker'
option u with value 'root'
option p with value '123456'
option w with value '11'
option c with value '1'
option r with value '22'
option l with value '60'
option i with value '10'
<Parameters>
     [server]: 192.168.122.83
     [port]: 3306
     [DBname]: benchmarker
       [user]: root
       [pass]: 123456
  [warehouse]: 11
 [connection]: 1
     [rampup]: 22 (sec.)
    [measure]: 60 (sec.)

RAMP-UP TIME.(22 sec.)

MEASURING START.

  10, trx: 934, 95%: 8.705, 99%: 13.134, max_rt: 22.027, 935|8.212, 94|3.477, 94|34.323, 93|30.547
  20, trx: 933, 95%: 8.789, 99%: 13.368, max_rt: 16.266, 930|7.234, 93|1.243, 93|35.233, 93|28.332
  30, trx: 943, 95%: 8.813, 99%: 12.869, max_rt: 15.605, 944|7.638, 95|6.858, 95|32.237, 95|29.951
  40, trx: 945, 95%: 8.418, 99%: 13.021, max_rt: 20.037, 945|6.263, 94|3.040, 94|30.227, 94|33.742
  50, trx: 931, 95%: 8.360, 99%: 12.151, max_rt: 18.998, 930|6.715, 93|3.459, 93|33.292, 93|31.273
  60, trx: 931, 95%: 8.194, 99%: 13.209, max_rt: 24.603, 933|6.812, 93|3.504, 93|34.405, 94|31.305

STOPPING THREADS.

<Raw Results>
  [0] sc:2312 lt:3306  rt:0  fl:0 avg_rt: 7.6 (5)
  [1] sc:5606 lt:11  rt:0  fl:0 avg_rt: 2.1 (5)
  [2] sc:561 lt:1  rt:0  fl:0 avg_rt: 1.1 (5)
  [3] sc:562 lt:0  rt:0  fl:0 avg_rt: 22.1 (80)
  [4] sc:463 lt:99  rt:0  fl:0 avg_rt: 25.2 (20)
 in 60 sec.

<Raw Results2(sum ver.)>
  [0] sc:2312  lt:3306  rt:0  fl:0 
  [1] sc:5606  lt:11  rt:0  fl:0 
  [2] sc:561  lt:1  rt:0  fl:0 
  [3] sc:562  lt:0  rt:0  fl:0 
  [4] sc:463  lt:99  rt:0  fl:0 

<Constraint Check> (all must be [OK])
 [transaction percentage]
        Payment: 43.47% (>=43.0%) [OK]
   Order-Status: 4.35% (>= 4.0%) [OK]
       Delivery: 4.35% (>= 4.0%) [OK]
    Stock-Level: 4.35% (>= 4.0%) [OK]
 [response time (at least 90% passed)]
      New-Order: 41.15%  [NG] *
        Payment: 99.80%  [OK]
   Order-Status: 99.82%  [OK]
       Delivery: 100.00%  [OK]
    Stock-Level: 82.38%  [NG] *

<TpmC>
                 5618.000 TpmC
