***************************************
*** ###easy### TPC-C Load Generator ***
***************************************
option h with value '192.168.122.87'
option P with value '3306'
option d with value 'benchmarker'
option u with value 'root'
option p with value '123456'
option w with value '11'
option c with value '2'
option r with value '22'
option l with value '60'
option i with value '10'
<Parameters>
     [server]: 192.168.122.87
     [port]: 3306
     [DBname]: benchmarker
       [user]: root
       [pass]: 123456
  [warehouse]: 11
 [connection]: 2
     [rampup]: 22 (sec.)
    [measure]: 60 (sec.)

RAMP-UP TIME.(22 sec.)

MEASURING START.

  10, trx: 1040, 95%: 18.234, 99%: 27.569, max_rt: 46.156, 1042|31.080, 105|16.171, 104|75.832, 103|80.883
  20, trx: 1047, 95%: 15.666, 99%: 29.147, max_rt: 41.062, 1046|16.525, 104|14.407, 104|62.572, 106|92.454
  30, trx: 986, 95%: 19.680, 99%: 32.610, max_rt: 42.314, 986|17.270, 99|7.920, 98|61.947, 98|75.900
  40, trx: 986, 95%: 19.031, 99%: 27.143, max_rt: 36.008, 986|20.095, 99|11.589, 99|57.543, 98|72.808
  50, trx: 983, 95%: 19.604, 99%: 28.577, max_rt: 44.636, 981|15.697, 98|6.236, 99|48.890, 99|82.326
  60, trx: 932, 95%: 21.172, 99%: 31.431, max_rt: 43.957, 936|17.873, 93|9.168, 93|60.536, 93|82.052

STOPPING THREADS..

<Raw Results>
  [0] sc:108 lt:5866  rt:0  fl:0 avg_rt: 14.3 (5)
  [1] sc:5660 lt:317  rt:0  fl:0 avg_rt: 3.9 (5)
  [2] sc:578 lt:20  rt:0  fl:0 avg_rt: 2.3 (5)
  [3] sc:597 lt:0  rt:0  fl:0 avg_rt: 37.3 (80)
  [4] sc:0 lt:597  rt:0  fl:0 avg_rt: 53.0 (20)
 in 60 sec.

<Raw Results2(sum ver.)>
  [0] sc:108  lt:5866  rt:0  fl:0 
  [1] sc:5660  lt:317  rt:0  fl:0 
  [2] sc:578  lt:20  rt:0  fl:0 
  [3] sc:597  lt:0  rt:0  fl:0 
  [4] sc:0  lt:597  rt:0  fl:0 

<Constraint Check> (all must be [OK])
 [transaction percentage]
        Payment: 43.49% (>=43.0%) [OK]
   Order-Status: 4.35% (>= 4.0%) [OK]
       Delivery: 4.34% (>= 4.0%) [OK]
    Stock-Level: 4.34% (>= 4.0%) [OK]
 [response time (at least 90% passed)]
      New-Order: 1.81%  [NG] *
        Payment: 94.70%  [OK]
   Order-Status: 96.66%  [OK]
       Delivery: 100.00%  [OK]
    Stock-Level: 0.00%  [NG] *

<TpmC>
                 5974.000 TpmC
