***************************************
*** ###easy### TPC-C Load Generator ***
***************************************
option h with value '192.168.122.87'
option P with value '3306'
option d with value 'benchmarker'
option u with value 'root'
option p with value '123456'
option w with value '11'
option c with value '64'
option r with value '22'
option l with value '60'
option i with value '10'
<Parameters>
     [server]: 192.168.122.87
     [port]: 3306
     [DBname]: benchmarker
       [user]: root
       [pass]: 123456
  [warehouse]: 11
 [connection]: 64
     [rampup]: 22 (sec.)
    [measure]: 60 (sec.)

RAMP-UP TIME.(22 sec.)

MEASURING START.

  10, trx: 778, 95%: 682.996, 99%: 889.098, max_rt: 1482.122, 782|1368.446, 77|183.818, 79|1340.343, 77|1993.545
  20, trx: 783, 95%: 630.911, 99%: 823.018, max_rt: 1197.514, 775|1544.991, 79|175.771, 78|1196.021, 75|1701.669
  30, trx: 783, 95%: 670.437, 99%: 849.805, max_rt: 1110.034, 787|1244.927, 77|198.538, 78|1287.077, 79|1921.396
  40, trx: 801, 95%: 720.591, 99%: 919.411, max_rt: 1188.929, 796|1324.413, 80|150.294, 79|1378.559, 81|1690.200
  50, trx: 767, 95%: 687.098, 99%: 884.320, max_rt: 1262.717, 767|1528.231, 78|243.679, 78|1327.971, 74|1627.339
  60, trx: 787, 95%: 625.832, 99%: 793.741, max_rt: 1034.929, 801|1274.876, 78|205.461, 78|1251.642, 79|1657.976

STOPPING THREADS................................................................

<Raw Results>
  [0] sc:0 lt:4699  rt:0  fl:0 avg_rt: 525.6 (5)
  [1] sc:26 lt:4682  rt:0  fl:0 avg_rt: 320.0 (5)
  [2] sc:29 lt:440  rt:0  fl:0 avg_rt: 65.2 (5)
  [3] sc:0 lt:470  rt:0  fl:0 avg_rt: 1077.8 (80)
  [4] sc:0 lt:465  rt:0  fl:0 avg_rt: 1568.4 (20)
 in 60 sec.

<Raw Results2(sum ver.)>
  [0] sc:0  lt:4699  rt:0  fl:0 
  [1] sc:26  lt:4682  rt:0  fl:0 
  [2] sc:29  lt:440  rt:0  fl:0 
  [3] sc:0  lt:470  rt:0  fl:0 
  [4] sc:0  lt:465  rt:0  fl:0 

<Constraint Check> (all must be [OK])
 [transaction percentage]
        Payment: 43.55% (>=43.0%) [OK]
   Order-Status: 4.34% (>= 4.0%) [OK]
       Delivery: 4.35% (>= 4.0%) [OK]
    Stock-Level: 4.30% (>= 4.0%) [OK]
 [response time (at least 90% passed)]
      New-Order: 0.00%  [NG] *
        Payment: 0.55%  [NG] *
   Order-Status: 6.18%  [NG] *
       Delivery: 0.00%  [NG] *
    Stock-Level: 0.00%  [NG] *

<TpmC>
                 4699.000 TpmC
