***************************************
*** ###easy### TPC-C Load Generator ***
***************************************
option h with value '192.168.122.91'
option P with value '3306'
option d with value 'benchmarker'
option u with value 'root'
option p with value '123456'
option w with value '11'
option c with value '1'
option r with value '22'
option l with value '60'
option i with value '10'
<Parameters>
     [server]: 192.168.122.91
     [port]: 3306
     [DBname]: benchmarker
       [user]: root
       [pass]: 123456
  [warehouse]: 11
 [connection]: 1
     [rampup]: 22 (sec.)
    [measure]: 60 (sec.)

RAMP-UP TIME.(22 sec.)

MEASURING START.

  10, trx: 649, 95%: 12.588, 99%: 18.039, max_rt: 29.466, 650|13.770, 66|7.406, 65|48.500, 65|57.752
  20, trx: 650, 95%: 11.551, 99%: 14.172, max_rt: 19.855, 645|6.368, 64|4.394, 64|27.476, 65|46.295
  30, trx: 625, 95%: 12.224, 99%: 16.201, max_rt: 21.023, 622|18.139, 62|3.312, 62|37.371, 62|49.998
  40, trx: 638, 95%: 12.107, 99%: 14.823, max_rt: 16.685, 641|6.699, 64|3.403, 65|37.309, 64|46.466
  50, trx: 625, 95%: 12.187, 99%: 13.828, max_rt: 19.775, 627|6.755, 64|5.965, 62|46.209, 63|47.784
  60, trx: 640, 95%: 11.824, 99%: 15.209, max_rt: 19.315, 637|15.371, 63|3.416, 64|28.613, 64|45.216

STOPPING THREADS.

<Raw Results>
  [0] sc:323 lt:3504  rt:0  fl:0 avg_rt: 11.3 (5)
  [1] sc:3788 lt:34  rt:0  fl:0 avg_rt: 2.9 (5)
  [2] sc:381 lt:2  rt:0  fl:0 avg_rt: 1.7 (5)
  [3] sc:382 lt:0  rt:0  fl:0 avg_rt: 27.8 (80)
  [4] sc:0 lt:383  rt:0  fl:0 avg_rt: 43.0 (20)
 in 60 sec.

<Raw Results2(sum ver.)>
  [0] sc:323  lt:3504  rt:0  fl:0 
  [1] sc:3788  lt:34  rt:0  fl:0 
  [2] sc:381  lt:2  rt:0  fl:0 
  [3] sc:382  lt:0  rt:0  fl:0 
  [4] sc:0  lt:383  rt:0  fl:0 

<Constraint Check> (all must be [OK])
 [transaction percentage]
        Payment: 43.45% (>=43.0%) [OK]
   Order-Status: 4.35% (>= 4.0%) [OK]
       Delivery: 4.34% (>= 4.0%) [OK]
    Stock-Level: 4.35% (>= 4.0%) [OK]
 [response time (at least 90% passed)]
      New-Order: 8.44%  [NG] *
        Payment: 99.11%  [OK]
   Order-Status: 99.48%  [OK]
       Delivery: 100.00%  [OK]
    Stock-Level: 0.00%  [NG] *

<TpmC>
                 3827.000 TpmC
