***************************************
*** ###easy### TPC-C Load Generator ***
***************************************
option h with value '192.168.122.91'
option P with value '3306'
option d with value 'benchmarker'
option u with value 'root'
option p with value '123456'
option w with value '11'
option c with value '32'
option r with value '22'
option l with value '60'
option i with value '10'
<Parameters>
     [server]: 192.168.122.91
     [port]: 3306
     [DBname]: benchmarker
       [user]: root
       [pass]: 123456
  [warehouse]: 11
 [connection]: 32
     [rampup]: 22 (sec.)
    [measure]: 60 (sec.)

RAMP-UP TIME.(22 sec.)

MEASURING START.

  10, trx: 832, 95%: 331.387, 99%: 399.564, max_rt: 631.781, 833|514.178, 83|127.919, 83|717.349, 84|1020.574
  20, trx: 796, 95%: 358.315, 99%: 423.581, max_rt: 567.043, 798|486.463, 80|92.135, 80|677.442, 79|1131.544
  30, trx: 846, 95%: 331.387, 99%: 407.658, max_rt: 584.330, 853|583.369, 85|77.512, 85|726.147, 84|969.229
  40, trx: 877, 95%: 314.098, 99%: 387.432, max_rt: 460.772, 877|459.105, 87|78.197, 87|642.803, 89|1018.771
  50, trx: 895, 95%: 312.878, 99%: 354.475, max_rt: 587.505, 892|452.374, 90|83.269, 90|602.627, 89|890.026
  60, trx: 843, 95%: 332.579, 99%: 437.891, max_rt: 526.175, 845|316.047, 84|70.664, 84|649.441, 83|938.411

STOPPING THREADS................................

<Raw Results>
  [0] sc:0 lt:5089  rt:0  fl:0 avg_rt: 270.4 (5)
  [1] sc:87 lt:5011  rt:0  fl:0 avg_rt: 86.4 (5)
  [2] sc:67 lt:442  rt:0  fl:0 avg_rt: 33.4 (5)
  [3] sc:0 lt:509  rt:0  fl:0 avg_rt: 614.2 (80)
  [4] sc:0 lt:508  rt:0  fl:0 avg_rt: 938.4 (20)
 in 60 sec.

<Raw Results2(sum ver.)>
  [0] sc:0  lt:5089  rt:0  fl:0 
  [1] sc:87  lt:5011  rt:0  fl:0 
  [2] sc:67  lt:442  rt:0  fl:0 
  [3] sc:0  lt:509  rt:0  fl:0 
  [4] sc:0  lt:508  rt:0  fl:0 

<Constraint Check> (all must be [OK])
 [transaction percentage]
        Payment: 43.52% (>=43.0%) [OK]
   Order-Status: 4.35% (>= 4.0%) [OK]
       Delivery: 4.35% (>= 4.0%) [OK]
    Stock-Level: 4.34% (>= 4.0%) [OK]
 [response time (at least 90% passed)]
      New-Order: 0.00%  [NG] *
        Payment: 1.71%  [NG] *
   Order-Status: 13.16%  [NG] *
       Delivery: 0.00%  [NG] *
    Stock-Level: 0.00%  [NG] *

<TpmC>
                 5089.000 TpmC
