Initializing 300 connections...
Initializing 100 workers and preparing statements...
_elapsed___errors__ops/sec(inst)___ops/sec(cum)__p50(ms)__p95(ms)__p99(ms)_pMax(ms)
      1s        0            1.3            4.0    176.2    352.3    352.3    352.3 delivery
      1s        0            7.7           24.0     54.5    226.5    260.0    260.0 newOrder
      1s        0            1.3            4.0     21.0     83.9     83.9     83.9 orderStatus
      1s        0            5.4           17.0     19.9    159.4    176.2    176.2 payment
      1s        0            0.6            2.0     35.7     88.1     88.1     88.1 stockLevel
      2s        0            2.0            3.0    201.3    218.1    218.1    218.1 delivery
      2s        0           24.0           24.0    268.4    637.5    671.1    671.1 newOrder
      2s        0            6.0            5.0     41.9    121.6    121.6    121.6 orderStatus
      2s        0           27.0           22.0    176.2    436.2    436.2    436.2 payment
      2s        0            5.0            3.5     46.1    134.2    134.2    134.2 stockLevel
      3s        0            0.0            2.0      0.0      0.0      0.0      0.0 delivery
      3s        0           31.0           26.3    251.7    704.6    771.8    771.8 newOrder
      3s        0            3.0            4.3     27.3     35.7     35.7     35.7 orderStatus
      3s        0           28.0           24.0    151.0    704.6   1476.4   1476.4 payment
      3s        0            3.0            3.3    113.2    218.1    218.1    218.1 stockLevel
      4s        0            4.0            2.5    100.7    369.1    369.1    369.1 delivery
      4s        0           25.0           26.0    260.0    838.9   1208.0   1208.0 newOrder
      4s        0            2.0            3.7      8.4     14.2     14.2     14.2 orderStatus
      4s        0           27.0           24.7    109.1    872.4   1677.7   1677.7 payment
      4s        0            3.0            3.2     75.5    285.2    285.2    285.2 stockLevel
_elapsed___errors__ops/sec(inst)___ops/sec(cum)__p50(ms)__p95(ms)__p99(ms)_pMax(ms)
      5s        0            2.0            2.4     46.1    385.9    385.9    385.9 delivery
      5s        0           25.0           25.8    209.7   1879.0   2013.3   2013.3 newOrder
      5s        0            2.0            3.4      6.0     83.9     83.9     83.9 orderStatus
      5s        0           26.0           25.0    352.3   2818.6   3087.0   3087.0 payment
      5s        0            1.0            2.8     67.1     67.1     67.1     67.1 stockLevel
      6s        0            4.0            2.7    251.7    570.4    570.4    570.4 delivery
      6s        0           20.0           24.8    520.1   1610.6   1677.7   1677.7 newOrder
      6s        0            1.0            3.0    104.9    104.9    104.9    104.9 orderStatus
      6s        0           27.0           25.3    637.5   2684.4   2818.6   2818.6 payment
      6s        0            3.0            2.8     71.3    209.7    209.7    209.7 stockLevel
      7s        0            5.0            3.0    469.8    570.4    570.4    570.4 delivery
      7s        0           36.0           26.4    285.2   1342.2   1946.2   1946.2 newOrder
      7s        0            4.0            3.1     88.1    104.9    104.9    104.9 orderStatus
      7s        0           19.0           24.4    176.2   2415.9   3489.7   3489.7 payment
      7s        0            5.0            3.1    159.4    805.3    805.3    805.3 stockLevel
      8s        0            4.0            3.1    637.5   1811.9   1811.9   1811.9 delivery
      8s        0           27.0           26.5    369.1   1744.8   2281.7   2281.7 newOrder
      8s        0            2.0            3.0    100.7    151.0    151.0    151.0 orderStatus
      8s        0           14.0           23.1    218.1    453.0   3087.0   3087.0 payment
      8s        0            4.0            3.2    604.0   1006.6   1006.6   1006.6 stockLevel
_elapsed___errors__ops/sec(inst)___ops/sec(cum)__p50(ms)__p95(ms)__p99(ms)_pMax(ms)
      9s        0            1.0            2.9    704.6    704.6    704.6    704.6 delivery
      9s        0           25.0           26.3    503.3   3489.7   4026.5   4026.5 newOrder
      9s        0            2.0            2.9    134.2    209.7    209.7    209.7 orderStatus
      9s        0           13.0           22.0    318.8   3758.1   5637.1   5637.1 payment
      9s        0            2.0            3.1     79.7    671.1    671.1    671.1 stockLevel
_elapsed___errors__ops/sec(inst)___ops/sec(cum)__p50(ms)__p95(ms)__p99(ms)_pMax(ms)
      0s        0            0.0            0.0      0.0      0.0      0.0      0.0 delivery
      0s        0            0.0            0.0      0.0      0.0      0.0      0.0 newOrder
      0s        0            0.0            0.0      0.0      0.0      0.0      0.0 orderStatus
      0s        0            0.0            0.0      0.0      0.0      0.0      0.0 payment
      0s        0            0.0            0.0      0.0      0.0      0.0      0.0 stockLevel
      1s        0            3.0            3.0    285.2    402.7    402.7    402.7 delivery
      1s        0           11.0           11.0    192.9    302.0    704.6    704.6 newOrder
      1s        0            3.0            3.0     58.7     79.7     79.7     79.7 orderStatus
      1s        0           13.0           13.0    113.2    226.5    838.9    838.9 payment
      1s        0            2.0            2.0     79.7    268.4    268.4    268.4 stockLevel
      2s        0            1.0            2.0    469.8    469.8    469.8    469.8 delivery
      2s        0           14.0           12.5    369.1   1409.3   1879.0   1879.0 newOrder
      2s        0            1.0            2.0    184.5    184.5    184.5    184.5 orderStatus
      2s        0           12.0           12.5    419.4    771.8    872.4    872.4 payment
      2s        0            1.0            1.5     24.1     24.1     24.1     24.1 stockLevel
      3s        0            3.0            2.3    385.9    906.0    906.0    906.0 delivery
      3s        0           23.0           16.0    285.2   1946.2   2013.3   2013.3 newOrder
      3s        0            1.0            1.7     35.7     35.7     35.7     35.7 orderStatus
      3s        0           25.0           16.7    113.2   2147.5   2415.9   2415.9 payment
      3s        0            5.0            2.7     83.9    335.5    335.5    335.5 stockLevel
_elapsed___errors__ops/sec(inst)___ops/sec(cum)__p50(ms)__p95(ms)__p99(ms)_pMax(ms)
      4s        0            4.0            2.8    251.7    453.0    453.0    453.0 delivery
      4s        0           18.0           16.5    226.5   1946.2   2013.3   2013.3 newOrder
      4s        0            0.0            1.3      0.0      0.0      0.0      0.0 orderStatus
      4s        0           21.0           17.8    142.6   2684.4   3221.2   3221.2 payment
      4s        0            3.0            2.8    352.3   1275.1   1275.1   1275.1 stockLevel
      5s        0            5.0            3.2    335.5   1409.3   1409.3   1409.3 delivery
      5s        0           31.0           19.4    209.7   1811.9   3623.9   3623.9 newOrder
      5s        0            4.0            1.8     48.2     71.3     71.3     71.3 orderStatus
      5s        0           27.0           19.6    260.0   3489.7   3623.9   3623.9 payment
      5s        0            4.0            3.0    109.1   2818.6   2818.6   2818.6 stockLevel
      6s        0            1.0            2.8    234.9    234.9    234.9    234.9 delivery
      6s        0           23.0           20.0    436.2   2684.4   2952.8   2952.8 newOrder
      6s        0            4.0            2.2     35.7     79.7     79.7     79.7 orderStatus
      6s        0           23.0           20.2    234.9   3489.7   4831.8   4831.8 payment
      6s        0            0.0            2.5      0.0      0.0      0.0      0.0 stockLevel
      7s        0            1.0            2.6    352.3    352.3    352.3    352.3 delivery
      7s        0           33.0           21.9    234.9   2415.9   4563.4   4563.4 newOrder
      7s        0            4.0            2.4     37.7     79.7     79.7     79.7 orderStatus
      7s        0           27.0           21.1    167.8   3355.4   6442.5   6442.5 payment
      7s        0            2.0            2.4     79.7     92.3     92.3     92.3 stockLevel
_elapsed___errors__ops/sec(inst)___ops/sec(cum)__p50(ms)__p95(ms)__p99(ms)_pMax(ms)
      8s        0            1.0            2.4    419.4    419.4    419.4    419.4 delivery
      8s        0           21.0           21.8    184.5   4563.4   4563.4   4563.4 newOrder
      8s        0            3.0            2.5     75.5     96.5     96.5     96.5 orderStatus
      8s        0           34.0           22.8    260.0   6710.9   6979.3   6979.3 payment
      8s        0            5.0            2.8     71.3    973.1    973.1    973.1 stockLevel
      9s        0            1.0            2.2    318.8    318.8    318.8    318.8 delivery
      9s        0           33.0           23.0    285.2   1744.8   6442.5   6442.5 newOrder
      9s        0            3.0            2.6     54.5     67.1     67.1     67.1 orderStatus
      9s        0           40.0           24.7    142.6   3489.7   5100.3   5100.3 payment
      9s        0            3.0            2.8     83.9    637.5    637.5    637.5 stockLevel
     10s        0            3.0            2.3    302.0    738.2    738.2    738.2 delivery
     10s        0           21.0           22.8    369.1    939.5   6442.5   6442.5 newOrder
     10s        0            0.0            2.3      0.0      0.0      0.0      0.0 orderStatus
     10s        0           16.0           23.8    151.0   3623.9   7516.2   7516.2 payment
     10s        0            2.0            2.7    100.7    100.7    100.7    100.7 stockLevel
     11s        0            5.0            2.5    335.5   1006.6   1006.6   1006.6 delivery
     11s        0           32.0           23.6    251.7   5100.3   9126.8   9126.8 newOrder
     11s        0            3.0            2.4     32.5     52.4     52.4     52.4 orderStatus
     11s        0           28.0           24.2    100.7   6442.5  10737.4  10737.4 payment
     11s        0            2.0            2.6     71.3    121.6    121.6    121.6 stockLevel
_elapsed___errors__ops/sec(inst)___ops/sec(cum)__p50(ms)__p95(ms)__p99(ms)_pMax(ms)
     12s        0            4.0            2.7    302.0    402.7    402.7    402.7 delivery
     12s        0           27.0           23.9    268.4   4563.4   5905.6   5905.6 newOrder
     12s        0            0.0            2.2      0.0      0.0      0.0      0.0 orderStatus
     12s        0           24.0           24.2    201.3   5368.7   6174.0   6174.0 payment
     12s        0            3.0            2.7    109.1    134.2    134.2    134.2 stockLevel
     13s        0            3.0            2.7    318.8    352.3    352.3    352.3 delivery
     13s        0           29.0           24.3    352.3   3221.2   7784.6   7784.6 newOrder
     13s        0            5.0            2.4     50.3    109.1    109.1    109.1 orderStatus
     13s        0           28.0           24.5    176.2   4563.4   7247.8   7247.8 payment
     13s        0            0.0            2.5      0.0      0.0      0.0      0.0 stockLevel
     14s        0            3.0            2.7    302.0    335.5    335.5    335.5 delivery
     14s        0           26.0           24.4    285.2   8589.9   9663.7   9663.7 newOrder
     14s        0            2.0            2.4     44.0     92.3     92.3     92.3 orderStatus
     14s        0           22.0           24.3    104.9   1677.7   2818.6   2818.6 payment
     14s        0            6.0            2.7     60.8    302.0    302.0    302.0 stockLevel
     15s        0            3.0            2.7    469.8    503.3    503.3    503.3 delivery
     15s        0           31.0           24.9    151.0    872.4   1879.0   1879.0 newOrder
     15s        0            7.0            2.7     52.4    226.5    226.5    226.5 orderStatus
     15s        0           33.0           24.9    121.6   2080.4   5905.6   5905.6 payment
     15s        0            2.0            2.7     62.9   1879.0   1879.0   1879.0 stockLevel
_elapsed___errors__ops/sec(inst)___ops/sec(cum)__p50(ms)__p95(ms)__p99(ms)_pMax(ms)
     16s        0            3.0            2.8    436.2    453.0    453.0    453.0 delivery
     16s        0           35.0           25.5    218.1   4160.7  11811.2  11811.2 newOrder
     16s        0            2.0            2.6     62.9     83.9     83.9     83.9 orderStatus
     16s        0           29.0           25.1    176.2   3221.2   3489.7   3489.7 payment
     16s        0            1.0            2.6     79.7     79.7     79.7     79.7 stockLevel
     17s        0            3.0            2.8    302.0    318.8    318.8    318.8 delivery
     17s        0           22.0           25.3    209.7   1409.3   2952.8   2952.8 newOrder
     17s        0            2.0            2.6     50.3     58.7     58.7     58.7 orderStatus
     17s        0           22.0           24.9     92.3   1409.3   2415.9   2415.9 payment
     17s        0            5.0            2.7    402.7    838.9    838.9    838.9 stockLevel
     18s        0            3.0            2.8    285.2    352.3    352.3    352.3 delivery
     18s        0           31.0           25.6    251.7   1476.4  11274.3  11274.3 newOrder
     18s        0            3.0            2.6     58.7     75.5     75.5     75.5 orderStatus
     18s        0           29.0           25.2    100.7   1409.3  11274.3  11274.3 payment
     18s        0            2.0            2.7     71.3    536.9    536.9    536.9 stockLevel
     19s        0            3.0            2.8    285.2    285.2    285.2    285.2 delivery
     19s        0           21.0           25.4    184.5    771.8    805.3    805.3 newOrder
     19s        0            3.0            2.6     44.0     75.5     75.5     75.5 orderStatus
     19s        0           18.0           24.8    201.3    671.1    704.6    704.6 payment
     19s        0            3.0            2.7    234.9    872.4    872.4    872.4 stockLevel
_elapsed___errors__ops/sec(inst)___ops/sec(cum)__p50(ms)__p95(ms)__p99(ms)_pMax(ms)
     20s        0            3.0            2.8    151.0    268.4    268.4    268.4 delivery
     20s        0           30.0           25.6    176.2  11811.2  12884.9  12884.9 newOrder
     20s        0            3.0            2.7     83.9     83.9     83.9     83.9 orderStatus
     20s        0           36.0           25.4     79.7    226.5  15032.4  15032.4 payment
     20s        0            3.0            2.7     88.1   4563.4   4563.4   4563.4 stockLevel
     21s        0            2.0            2.8    335.5    402.7    402.7    402.7 delivery
     21s        0           28.0           25.7    201.3    805.3   1476.4   1476.4 newOrder
     21s        0            3.0            2.7     44.0     96.5     96.5     96.5 orderStatus
     21s        0           17.0           25.0     88.1    251.7    335.5    335.5 payment
     21s        0            3.0            2.7    117.4    251.7    251.7    251.7 stockLevel
     22s        0            2.0            2.7    226.5    318.8    318.8    318.8 delivery
     22s        0           28.0           25.8    167.8  16643.0  19327.4  19327.4 newOrder
     22s        0            2.0            2.6     41.9     56.6     56.6     56.6 orderStatus
     22s        0           36.0           25.5     92.3  11811.2  18253.6  18253.6 payment
     22s        0            2.0            2.7     54.5     71.3     71.3     71.3 stockLevel
     23s        0            2.0            2.7    243.3    335.5    335.5    335.5 delivery
     23s        0           30.0           26.0    167.8  10200.5  17179.9  17179.9 newOrder
     23s        0            0.0            2.5      0.0      0.0      0.0      0.0 orderStatus
     23s        0           14.0           25.0    100.7    151.0    159.4    159.4 payment
     23s        0            2.0            2.7     71.3    335.5    335.5    335.5 stockLevel
_elapsed___errors__ops/sec(inst)___ops/sec(cum)__p50(ms)__p95(ms)__p99(ms)_pMax(ms)
     24s        0            1.0            2.6    243.3    243.3    243.3    243.3 delivery
     24s        0           22.0           25.8    268.4   1140.9   6174.0   6174.0 newOrder
     24s        0            2.0            2.5     75.5     92.3     92.3     92.3 orderStatus
     24s        0           22.0           24.8    104.9    671.1    738.2    738.2 payment
     24s        0            1.0            2.6     44.0     44.0     44.0     44.0 stockLevel
     25s        0            2.0            2.6    201.3    260.0    260.0    260.0 delivery
     25s        0           28.0           25.9    159.4   6710.9   9663.7   9663.7 newOrder
     25s        0            4.0            2.6     48.2     65.0     65.0     65.0 orderStatus
     25s        0           33.0           25.2     71.3    234.9  19327.4  19327.4 payment
     25s        0            0.0            2.5      0.0      0.0      0.0      0.0 stockLevel
     26s        0            4.0            2.7    260.0    369.1    369.1    369.1 delivery
     26s        0           17.0           25.6    142.6    318.8  12348.0  12348.0 newOrder
     26s        0            2.0            2.5     46.1     75.5     75.5     75.5 orderStatus
     26s        0           15.0           24.8     65.0    436.2   7247.8   7247.8 payment
     26s        0            1.0            2.4     48.2     48.2     48.2     48.2 stockLevel
     27s        0            3.0            2.7    234.9    285.2    285.2    285.2 delivery
     27s        0           24.0           25.5    130.0  13958.6  14495.5  14495.5 newOrder
     27s        0            1.0            2.5     10.0     10.0     10.0     10.0 orderStatus
     27s        0           27.0           24.9     75.5  13958.6  13958.6  13958.6 payment
     27s        0            2.0            2.4     37.7     58.7     58.7     58.7 stockLevel
_elapsed___errors__ops/sec(inst)___ops/sec(cum)__p50(ms)__p95(ms)__p99(ms)_pMax(ms)
     28s        0            1.0            2.6    402.7    402.7    402.7    402.7 delivery
     28s        0           25.0           25.5    176.2   9663.7  15032.4  15032.4 newOrder
     28s        0            5.0            2.6     60.8     60.8     60.8     60.8 orderStatus
     28s        0           17.0           24.6    100.7   3087.0  23622.3  23622.3 payment
     28s        0            2.0            2.4     58.7     75.5     75.5     75.5 stockLevel
     29s        0            1.0            2.6    369.1    369.1    369.1    369.1 delivery
     29s        0           28.0           25.6    226.5  12884.9  19327.4  19327.4 newOrder
     29s        0            4.0            2.6     37.7     88.1     88.1     88.1 orderStatus
     29s        0           27.0           24.7    109.1  12348.0  21474.8  21474.8 payment
     29s        0            5.0            2.5    130.0    226.5    226.5    226.5 stockLevel
     30s        0            1.0            2.5    268.4    268.4    268.4    268.4 delivery
     30s        0           37.0           26.0    151.0   2684.4  11274.3  11274.3 newOrder
     30s        0            1.0            2.6     65.0     65.0     65.0     65.0 orderStatus
     30s        0           27.0           24.7     79.7    671.1  22548.6  22548.6 payment
     30s        0            3.0            2.5    151.0    167.8    167.8    167.8 stockLevel
     31s        0            3.0            2.5    318.8    318.8    318.8    318.8 delivery
     31s        0           20.0           25.8    192.9    906.0    973.1    973.1 newOrder
     31s        0            1.0            2.5     83.9     83.9     83.9     83.9 orderStatus
     31s        0           31.0           24.9     88.1    268.4  24696.1  24696.1 payment
     31s        0            4.0            2.5     65.0    159.4    159.4    159.4 stockLevel
_elapsed___errors__ops/sec(inst)___ops/sec(cum)__p50(ms)__p95(ms)__p99(ms)_pMax(ms)
     32s        0            4.0            2.6    201.3    218.1    218.1    218.1 delivery
     32s        0           30.0           25.9    142.6    369.1  16643.0  16643.0 newOrder
     32s        0            2.0            2.5     37.7     56.6     56.6     56.6 orderStatus
     32s        0           28.0           25.0     79.7  11811.2  30064.8  30064.8 payment
     32s        0            3.0            2.6     52.4    167.8    167.8    167.8 stockLevel
     33s        0            2.0            2.5    226.5    285.2    285.2    285.2 delivery
     33s        0           23.0           25.8    159.4    234.9    352.3    352.3 newOrder
     33s        0            2.0            2.5     39.8     50.3     50.3     50.3 orderStatus
     33s        0           28.0           25.1    100.7    469.8  24696.1  24696.1 payment
     33s        0            4.0            2.6     79.7    335.5    335.5    335.5 stockLevel
     34s        0            4.0            2.6    159.4    201.3    201.3    201.3 delivery
     34s        0           30.0           25.9     88.1    285.2    318.8    318.8 newOrder
     34s        0            2.0            2.5     17.8     37.7     37.7     37.7 orderStatus
     34s        0           23.0           25.1     50.3  12348.0  12884.9  12884.9 payment
     34s        0            1.0            2.6     54.5     54.5     54.5     54.5 stockLevel
     35s        0            3.0            2.6    151.0    302.0    302.0    302.0 delivery
     35s        0           18.0           25.7    159.4  12884.9  18253.6  18253.6 newOrder
     35s        0            3.0            2.5     44.0    125.8    125.8    125.8 orderStatus
     35s        0           29.0           25.2     92.3  11811.2  11811.2  11811.2 payment
     35s        0            4.0            2.6     39.8    260.0    260.0    260.0 stockLevel
_elapsed___errors__ops/sec(inst)___ops/sec(cum)__p50(ms)__p95(ms)__p99(ms)_pMax(ms)
     36s        0            2.0            2.6    176.2    226.5    226.5    226.5 delivery
     36s        0           27.0           25.8    151.0   9126.8  11811.2  11811.2 newOrder
     36s        0            2.0            2.5     24.1     52.4     52.4     52.4 orderStatus
     36s        0           29.0           25.3     71.3    218.1    234.9    234.9 payment
     36s        0            4.0            2.6     60.8    209.7    209.7    209.7 stockLevel
     37s        0            2.0            2.6     92.3    109.1    109.1    109.1 delivery
     37s        0           21.0           25.6    100.7   4026.5   6174.0   6174.0 newOrder
     37s        0            1.0            2.4     92.3     92.3     92.3     92.3 orderStatus
     37s        0           25.0           25.3     44.0  28991.0  34359.7  34359.7 payment
     37s        0            2.0            2.6     25.2     35.7     35.7     35.7 stockLevel
     38s        0            4.0            2.6    251.7    318.8    318.8    318.8 delivery
     38s        0           24.0           25.6    151.0   9663.7  12348.0  12348.0 newOrder
     38s        0            5.0            2.5     58.7     67.1     67.1     67.1 orderStatus
     38s        0           25.0           25.3     92.3  17179.9  27917.3  27917.3 payment
     38s        0            3.0            2.6     96.5    243.3    243.3    243.3 stockLevel
     39s        0            4.0            2.6    536.9    570.4    570.4    570.4 delivery
     39s        0           18.0           25.4    159.4    234.9    402.7    402.7 newOrder
     39s        0            3.0            2.5     67.1     83.9     83.9     83.9 orderStatus
     39s        0           22.0           25.2     92.3    704.6  17179.9  17179.9 payment
     39s        0            4.0            2.7     79.7     96.5     96.5     96.5 stockLevel
_elapsed___errors__ops/sec(inst)___ops/sec(cum)__p50(ms)__p95(ms)__p99(ms)_pMax(ms)
     40s        0            2.0            2.6    251.7    402.7    402.7    402.7 delivery
     40s        0           27.0           25.4    159.4    453.0   5368.7   5368.7 newOrder
     40s        0            1.0            2.5    142.6    142.6    142.6    142.6 orderStatus
     40s        0           24.0           25.2     67.1  11274.3  30064.8  30064.8 payment
     40s        0            1.0            2.6     60.8     60.8     60.8     60.8 stockLevel
     41s        0            2.0            2.6    159.4    201.3    201.3    201.3 delivery
     41s        0           32.0           25.6    159.4    520.1  10737.4  10737.4 newOrder
     41s        0            3.0            2.5     37.7    109.1    109.1    109.1 orderStatus
     41s        0           28.0           25.2     58.7  10737.4  26843.5  26843.5 payment
     41s        0            3.0            2.6     50.3     56.6     56.6     56.6 stockLevel
     42s        0            3.0            2.6    243.3    419.4    419.4    419.4 delivery
     42s        0           24.0           25.5    151.0    285.2   3087.0   3087.0 newOrder
     42s        0            3.0            2.5     46.1     60.8     60.8     60.8 orderStatus
     42s        0           19.0           25.1     96.5    486.5  33286.0  33286.0 payment
     42s        0            3.0            2.6     58.7    285.2    285.2    285.2 stockLevel
     43s        0            1.0            2.6    184.5    184.5    184.5    184.5 delivery
     43s        0           26.0           25.6    125.8  26843.5  28991.0  28991.0 newOrder
     43s        0            3.0            2.5     25.2     65.0     65.0     65.0 orderStatus
     43s        0           27.0           25.1     41.9  16106.1  38654.7  38654.7 payment
     43s        0            0.0            2.6      0.0      0.0      0.0      0.0 stockLevel
_elapsed___errors__ops/sec(inst)___ops/sec(cum)__p50(ms)__p95(ms)__p99(ms)_pMax(ms)
     44s        0            1.0            2.5    251.7    251.7    251.7    251.7 delivery
     44s        0           21.0           25.5    142.6   7516.2  13958.6  13958.6 newOrder
     44s        0            1.0            2.5     52.4     52.4     52.4     52.4 orderStatus
     44s        0           30.0           25.2     79.7   8053.1  14495.5  14495.5 payment
     44s        0            3.0            2.6     75.5     96.5     96.5     96.5 stockLevel
     45s        0            1.0            2.5    100.7    100.7    100.7    100.7 delivery
     45s        0           30.0           25.6     62.9   2684.4   4026.5   4026.5 newOrder
     45s        0            1.0            2.4      8.1      8.1      8.1      8.1 orderStatus
     45s        0           28.0           25.3     39.8   8053.1  36507.2  36507.2 payment
     45s        0            3.0            2.6     33.6     39.8     39.8     39.8 stockLevel
     46s        0            3.0            2.5    234.9    285.2    285.2    285.2 delivery
     46s        0           18.0           25.4    100.7    234.9   1610.6   1610.6 newOrder
     46s        0            3.0            2.5     65.0     75.5     75.5     75.5 orderStatus
     46s        0           18.0           25.1     50.3    109.1  38654.7  38654.7 payment
     46s        0            3.0            2.6     75.5   1006.6   1006.6   1006.6 stockLevel
     47s        0            3.0            2.5     88.1    151.0    151.0    151.0 delivery
     47s        0           17.0           25.2     52.4    234.9    243.3    243.3 newOrder
     47s        0            1.0            2.4     21.0     21.0     21.0     21.0 orderStatus
     47s        0           16.0           24.9     52.4  42949.7  45097.2  45097.2 payment
     47s        0            2.0            2.6     25.2     58.7     58.7     58.7 stockLevel
_elapsed___errors__ops/sec(inst)___ops/sec(cum)__p50(ms)__p95(ms)__p99(ms)_pMax(ms)
     48s        0            2.0            2.5     58.7    125.8    125.8    125.8 delivery
     48s        0           26.0           25.2     48.2     96.5    100.7    100.7 newOrder
     48s        0            2.0            2.4      5.0     13.6     13.6     13.6 orderStatus
     48s        0           27.0           25.0     24.1  30064.8  42949.7  42949.7 payment
     48s        0            1.0            2.6     17.8     17.8     17.8     17.8 stockLevel
     49s        0            3.0            2.5    285.2    318.8    318.8    318.8 delivery
     49s        0           20.0           25.1    201.3   4563.4   4831.8   4831.8 newOrder
     49s        0            5.0            2.5     22.0     92.3     92.3     92.3 orderStatus
     49s        0           27.0           25.0     75.5  21474.8  24696.1  24696.1 payment
     49s        0            4.0            2.6     60.8   3087.0   3087.0   3087.0 stockLevel
     50s        0            3.0            2.5    369.1    486.5    486.5    486.5 delivery
     50s        0           29.0           25.2    184.5   8589.9  10737.4  10737.4 newOrder
     50s        0            4.0            2.5     58.7     71.3     71.3     71.3 orderStatus
     50s        0           27.0           25.1     88.1   7247.8  51539.6  51539.6 payment
     50s        0            4.0            2.6     83.9    226.5    226.5    226.5 stockLevel
     51s        0            3.0            2.5    318.8    335.5    335.5    335.5 delivery
     51s        0           19.0           25.1    201.3    352.3    738.2    738.2 newOrder
     51s        0            1.0            2.5    142.6    142.6    142.6    142.6 orderStatus
     51s        0           25.0           25.1    100.7    209.7    285.2    285.2 payment
     51s        0            1.0            2.6   3623.9   3623.9   3623.9   3623.9 stockLevel
_elapsed___errors__ops/sec(inst)___ops/sec(cum)__p50(ms)__p95(ms)__p99(ms)_pMax(ms)
     52s        0            4.0            2.6    201.3    251.7    251.7    251.7 delivery
     52s        0           23.0           25.0    121.6    243.3    637.5    637.5 newOrder
     52s        0            2.0            2.5     46.1     52.4     52.4     52.4 orderStatus
     52s        0           23.0           25.0     60.8    192.9  40802.2  40802.2 payment
     52s        0            3.0            2.6     44.0     71.3     71.3     71.3 stockLevel
     53s        0            1.0            2.5    109.1    109.1    109.1    109.1 delivery
     53s        0           27.0           25.1    113.2    151.0    151.0    151.0 newOrder
     53s        0            5.0            2.5     19.9     41.9     41.9     41.9 orderStatus
     53s        0           23.0           25.0     56.6  30064.8  49392.1  49392.1 payment
     53s        0            4.0            2.6     37.7     46.1     46.1     46.1 stockLevel
     54s        0            2.0            2.5    134.2    176.2    176.2    176.2 delivery
     54s        0           12.0           24.8     44.0   4831.8   5905.6   5905.6 newOrder
     54s        0            2.0            2.5      3.8     13.1     13.1     13.1 orderStatus
     54s        0            5.0           24.6     12.6     17.8     17.8     17.8 payment
     54s        0            0.0            2.6      0.0      0.0      0.0      0.0 stockLevel
     55s        0            1.0            2.5     46.1     46.1     46.1     46.1 delivery
     55s        0           16.0           24.7     44.0   8589.9  22548.6  22548.6 newOrder
     55s        0            2.0            2.5      3.8     44.0     44.0     44.0 orderStatus
     55s        0           11.0           24.4     22.0     50.3     56.6     56.6 payment
     55s        0            1.0            2.5     46.1     46.1     46.1     46.1 stockLevel
_elapsed___errors__ops/sec(inst)___ops/sec(cum)__p50(ms)__p95(ms)__p99(ms)_pMax(ms)
     56s        0            2.0            2.5    104.9    352.3    352.3    352.3 delivery
     56s        0           20.0           24.6    121.6  20401.1  24696.1  24696.1 newOrder
     56s        0            2.0            2.5     13.1     83.9     83.9     83.9 orderStatus
     56s        0           21.0           24.3     48.2    192.9   8321.5   8321.5 payment
     56s        0            0.0            2.5      0.0      0.0      0.0      0.0 stockLevel
     57s        0            1.0            2.5    285.2    285.2    285.2    285.2 delivery
     57s        0           21.0           24.5    176.2   4026.5   6442.5   6442.5 newOrder
     57s        0            2.0            2.5     33.6     50.3     50.3     50.3 orderStatus
     57s        0           32.0           24.4     83.9    385.9    402.7    402.7 payment
     57s        0            4.0            2.5     79.7   2013.3   2013.3   2013.3 stockLevel
     58s        0            5.0            2.5    218.1    285.2    285.2    285.2 delivery
     58s        0           20.0           24.4    125.8    184.5   4295.0   4295.0 newOrder
     58s        0            3.0            2.5     35.7     48.2     48.2     48.2 orderStatus
     58s        0           22.0           24.4     50.3    100.7    104.9    104.9 payment
     58s        0            4.0            2.6     58.7    159.4    159.4    159.4 stockLevel
     59s        0            0.0            2.5      0.0      0.0      0.0      0.0 delivery
     59s        0           20.0           24.4    100.7  12348.0  21474.8  21474.8 newOrder
     59s        0            2.0            2.5     44.0    113.2    113.2    113.2 orderStatus
     59s        0           15.0           24.2     29.4    100.7   8053.1   8053.1 payment
     59s        0            1.0            2.5   3758.1   3758.1   3758.1   3758.1 stockLevel
_elapsed___errors__ops/sec(inst)___ops/sec(cum)__p50(ms)__p95(ms)__p99(ms)_pMax(ms)
    1m0s        0            4.0            2.5    268.4    369.1    369.1    369.1 delivery
    1m0s        0           28.0           24.4    176.2  19327.4  24696.1  24696.1 newOrder
    1m0s        0            2.0            2.5     52.4     71.3     71.3     71.3 orderStatus
    1m0s        0           26.0           24.3    121.6  16106.1  23622.3  23622.3 payment
    1m0s        0            1.0            2.5     65.0     65.0     65.0     65.0 stockLevel

_elapsed___errors_____ops(total)___ops/sec(cum)__avg(ms)__p50(ms)__p95(ms)__p99(ms)_pMax(ms)__total
   60.0s        0            150            2.5    286.8    268.4    536.9   1006.6   1409.3  delivery
   60.0s        0           1466           24.4    963.6    167.8   5905.6  16643.0  28991.0  newOrder
   60.0s        0            148            2.5     54.1     50.3    109.1    192.9    226.5  orderStatus
   60.0s        0           1456           24.3   1270.0     88.1   6979.3  30064.8  51539.6  payment
   60.0s        0            150            2.5    273.6     79.7   1275.1   3758.1   4563.4  stockLevel

_elapsed___errors_____ops(total)___ops/sec(cum)__avg(ms)__p50(ms)__p95(ms)__p99(ms)_pMax(ms)__result
   60.0s        0           3370           56.2    995.2    130.0   4831.8  21474.8  51539.6  
Audit check 9.2.1.7: SKIP: not enough delivery transactions to be statistically significant
Audit check 9.2.2.5.1: SKIP: not enough orders to be statistically significant
Audit check 9.2.2.5.2: SKIP: not enough orders to be statistically significant
Audit check 9.2.2.5.3: SKIP: not enough orders to be statistically significant
Audit check 9.2.2.5.4: SKIP: not enough payments to be statistically significant
Audit check 9.2.2.5.5: SKIP: not enough payments to be statistically significant
Audit check 9.2.2.5.6: SKIP: not enough order status transactions to be statistically significant

_elapsed_______tpmC____efc__avg(ms)__p50(ms)__p90(ms)__p95(ms)__p99(ms)_pMax(ms)
   60.0s     1466.0 1139.9%    963.6    167.8   1543.5   5905.6  16643.0  28991.0
