Initializing 200 connections...
Initializing 100 workers and preparing statements...
_elapsed___errors__ops/sec(inst)___ops/sec(cum)__p50(ms)__p95(ms)__p99(ms)_pMax(ms)
      1s        0            1.2            3.0     79.7     92.3     92.3     92.3 delivery
      1s        0           15.2           37.0     79.7    134.2    176.2    176.2 newOrder
      1s        0            0.8            2.0      6.0     32.5     32.5     32.5 orderStatus
      1s        0           12.8           31.0     37.7     92.3    167.8    167.8 payment
      1s        0            1.6            4.0     44.0     54.5     54.5     54.5 stockLevel
      2s        0            2.0            2.5    243.3    285.2    285.2    285.2 delivery
      2s        0           30.0           33.5    167.8    318.8    369.1    369.1 newOrder
      2s        0            3.0            2.5     46.1     62.9     62.9     62.9 orderStatus
      2s        0           45.0           38.0     96.5    260.0    302.0    302.0 payment
      2s        0            3.0            3.5     67.1     75.5     75.5     75.5 stockLevel
      3s        0            7.0            4.0    402.7    704.6    704.6    704.6 delivery
      3s        0           31.0           32.7    201.3    536.9   1006.6   1006.6 newOrder
      3s        0            6.0            3.7     71.3    104.9    104.9    104.9 orderStatus
      3s        0           31.0           35.7    125.8    453.0    872.4    872.4 payment
      3s        0            5.0            4.0     67.1    318.8    318.8    318.8 stockLevel
      4s        0            5.0            4.2    436.2   1040.2   1040.2   1040.2 delivery
      4s        0           37.0           33.7    268.4   1275.1   2281.7   2281.7 newOrder
      4s        0            5.0            4.0     71.3     83.9     83.9     83.9 orderStatus
      4s        0           28.0           33.7    167.8   1744.8   2080.4   2080.4 payment
      4s        0            3.0            3.7     50.3    159.4    159.4    159.4 stockLevel
_elapsed___errors__ops/sec(inst)___ops/sec(cum)__p50(ms)__p95(ms)__p99(ms)_pMax(ms)
      5s        0            4.0            4.2    285.2   1040.2   1040.2   1040.2 delivery
      5s        0           27.0           32.4    486.5   1879.0   2013.3   2013.3 newOrder
      5s        0            2.0            3.6     25.2     28.3     28.3     28.3 orderStatus
      5s        0           29.0           32.8    130.0   2281.7   2415.9   2415.9 payment
      5s        0            3.0            3.6    385.9    637.5    637.5    637.5 stockLevel
      6s        0            3.0            4.0    805.3    838.9    838.9    838.9 delivery
      6s        0           39.0           33.5    192.9   1342.2   1610.6   1610.6 newOrder
      6s        0            2.0            3.3     37.7     83.9     83.9     83.9 orderStatus
      6s        0           29.0           32.2    117.4   2080.4   4563.4   4563.4 payment
      6s        0            1.0            3.2    192.9    192.9    192.9    192.9 stockLevel
      7s        0            3.0            3.9    352.3    469.8    469.8    469.8 delivery
      7s        0           32.0           33.3    285.2   1543.5   2080.4   2080.4 newOrder
      7s        0            0.0            2.9      0.0      0.0      0.0      0.0 orderStatus
      7s        0           33.0           32.3    167.8   2415.9   2952.8   2952.8 payment
      7s        0            1.0            2.9    121.6    121.6    121.6    121.6 stockLevel
      8s        0            3.0            3.7    335.5   1208.0   1208.0   1208.0 delivery
      8s        0           33.0           33.2    570.4   2147.5   3758.1   3758.1 newOrder
      8s        0            5.0            3.1     60.8    159.4    159.4    159.4 orderStatus
      8s        0           30.0           32.0    117.4   2281.7   3087.0   3087.0 payment
      8s        0            1.0            2.6    285.2    285.2    285.2    285.2 stockLevel
_elapsed___errors__ops/sec(inst)___ops/sec(cum)__p50(ms)__p95(ms)__p99(ms)_pMax(ms)
      9s        0            4.0            3.8    352.3    469.8    469.8    469.8 delivery
      9s        0           35.0           33.4    453.0   2013.3   2550.1   2550.1 newOrder
      9s        0            2.0            3.0     39.8     52.4     52.4     52.4 orderStatus
      9s        0           25.0           31.2    385.9   4026.5   4295.0   4295.0 payment
      9s        0            1.0            2.4    570.4    570.4    570.4    570.4 stockLevel
     10s        0            6.0            4.0    335.5    469.8    469.8    469.8 delivery
     10s        0           29.0           33.0   1409.3   2550.1   2550.1   2550.1 newOrder
     10s        0            4.0            3.1     75.5     92.3     92.3     92.3 orderStatus
     10s        0           21.0           30.2    184.5   4563.4   4831.8   4831.8 payment
     10s        0            0.0            2.2      0.0      0.0      0.0      0.0 stockLevel
_elapsed___errors__ops/sec(inst)___ops/sec(cum)__p50(ms)__p95(ms)__p99(ms)_pMax(ms)
      1s        0            1.0            1.0    159.4    159.4    159.4    159.4 delivery
      1s        0           14.0           14.0    167.8    469.8    570.4    570.4 newOrder
      1s        0            2.0            2.0     56.6     75.5     75.5     75.5 orderStatus
      1s        0           19.0           19.0     88.1    637.5    771.8    771.8 payment
      1s        0            2.0            2.0     35.7     71.3     71.3     71.3 stockLevel
      2s        0            2.0            1.5    234.9    402.7    402.7    402.7 delivery
      2s        0           20.0           17.0    251.7    939.5   1342.2   1342.2 newOrder
      2s        0            5.0            3.5     62.9    159.4    159.4    159.4 orderStatus
      2s        0           18.0           18.5     96.5    704.6   1476.4   1476.4 payment
      2s        0            3.0            2.5     75.5     83.9     83.9     83.9 stockLevel
      3s        0            4.0            2.3    285.2    570.4    570.4    570.4 delivery
      3s        0           25.0           19.7    176.2   2147.5   2147.5   2147.5 newOrder
      3s        0            3.0            3.3     58.7     58.7     58.7     58.7 orderStatus
      3s        0           23.0           20.0     92.3    738.2    939.5    939.5 payment
      3s        0            2.0            2.3     60.8    142.6    142.6    142.6 stockLevel
      4s        0            5.0            3.0    604.0    906.0    906.0    906.0 delivery
      4s        0           29.0           22.0    243.3   2818.6   3087.0   3087.0 newOrder
      4s        0            0.0            2.5      0.0      0.0      0.0      0.0 orderStatus
      4s        0           18.0           19.5     96.5    738.2   1006.6   1006.6 payment
      4s        0            2.0            2.3     79.7    159.4    159.4    159.4 stockLevel
_elapsed___errors__ops/sec(inst)___ops/sec(cum)__p50(ms)__p95(ms)__p99(ms)_pMax(ms)
      5s        0            5.0            3.4    251.7   1006.6   1006.6   1006.6 delivery
      5s        0           20.0           21.6    209.7   3623.9   3892.3   3892.3 newOrder
      5s        0            2.0            2.4     79.7    100.7    100.7    100.7 orderStatus
      5s        0           25.0           20.6    285.2   4160.7   4295.0   4295.0 payment
      5s        0            1.0            2.0     79.7     79.7     79.7     79.7 stockLevel
      6s        0            5.0            3.7    285.2    486.5    486.5    486.5 delivery
      6s        0           22.0           21.7    226.5   1073.7   1208.0   1208.0 newOrder
      6s        0            4.0            2.7     37.7     56.6     56.6     56.6 orderStatus
      6s        0           29.0           22.0    251.7   3892.3   5368.7   5368.7 payment
      6s        0            3.0            2.2    104.9    243.3    243.3    243.3 stockLevel
      7s        0            1.0            3.3    268.4    268.4    268.4    268.4 delivery
      7s        0           27.0           22.4    352.3   2684.4   3758.1   3758.1 newOrder
      7s        0            0.0            2.3      0.0      0.0      0.0      0.0 orderStatus
      7s        0           28.0           22.9    117.4   1543.5   5100.3   5100.3 payment
      7s        0            6.0            2.7     56.6   2684.4   2684.4   2684.4 stockLevel
      8s        0            2.0            3.1    335.5    335.5    335.5    335.5 delivery
      8s        0           30.0           23.4    226.5   5637.1   6442.5   6442.5 newOrder
      8s        0            5.0            2.6     60.8    117.4    117.4    117.4 orderStatus
      8s        0           36.0           24.5    125.8   2550.1   6979.3   6979.3 payment
      8s        0            5.0            3.0    335.5    453.0    453.0    453.0 stockLevel
_elapsed___errors__ops/sec(inst)___ops/sec(cum)__p50(ms)__p95(ms)__p99(ms)_pMax(ms)
      9s        0            2.0            3.0    285.2    302.0    302.0    302.0 delivery
      9s        0           31.0           24.2    176.2    704.6   5905.6   5905.6 newOrder
      9s        0            2.0            2.6     32.5     35.7     35.7     35.7 orderStatus
      9s        0           20.0           24.0    159.4   8053.1   8321.5   8321.5 payment
      9s        0            5.0            3.2    142.6    385.9    385.9    385.9 stockLevel
     10s        0            4.0            3.1    226.5    285.2    285.2    285.2 delivery
     10s        0           29.0           24.7    251.7   3221.2   9126.8   9126.8 newOrder
     10s        0            4.0            2.7     37.7    104.9    104.9    104.9 orderStatus
     10s        0           25.0           24.1    100.7   4831.8   7784.6   7784.6 payment
     10s        0            0.0            2.9      0.0      0.0      0.0      0.0 stockLevel
     11s        0            0.0            2.8      0.0      0.0      0.0      0.0 delivery
     11s        0           23.0           24.5    385.9   2415.9   3758.1   3758.1 newOrder
     11s        0            2.0            2.6     32.5     88.1     88.1     88.1 orderStatus
     11s        0           27.0           24.4     96.5   9126.8   9663.7   9663.7 payment
     11s        0            5.0            3.1    125.8   2550.1   2550.1   2550.1 stockLevel
     12s        0            3.0            2.8    318.8    369.1    369.1    369.1 delivery
     12s        0           35.0           25.4    226.5   1476.4   3087.0   3087.0 newOrder
     12s        0            5.0            2.8     58.7     75.5     75.5     75.5 orderStatus
     12s        0           33.0           25.1     92.3   4563.4   9126.8   9126.8 payment
     12s        0            3.0            3.1    671.1    704.6    704.6    704.6 stockLevel
_elapsed___errors__ops/sec(inst)___ops/sec(cum)__p50(ms)__p95(ms)__p99(ms)_pMax(ms)
     13s        0            0.0            2.6      0.0      0.0      0.0      0.0 delivery
     13s        0           26.0           25.5    201.3   1342.2   2684.4   2684.4 newOrder
     13s        0            6.0            3.1     48.2     65.0     65.0     65.0 orderStatus
     13s        0           28.0           25.3     62.9   3087.0  12348.0  12348.0 payment
     13s        0            3.0            3.1     46.1    125.8    125.8    125.8 stockLevel
     14s        0            2.0            2.6    226.5    285.2    285.2    285.2 delivery
     14s        0           27.0           25.6    209.7   8053.1   8053.1   8053.1 newOrder
     14s        0            3.0            3.1     37.7     56.6     56.6     56.6 orderStatus
     14s        0           29.0           25.6     92.3   3758.1   7247.8   7247.8 payment
     14s        0            2.0            3.0     67.1   5905.6   5905.6   5905.6 stockLevel
     15s        0            3.0            2.6    369.1    604.0    604.0    604.0 delivery
     15s        0           20.0           25.2    176.2    604.0   1677.7   1677.7 newOrder
     15s        0            2.0            3.0     46.1     46.1     46.1     46.1 orderStatus
     15s        0           21.0           25.3     96.5   5637.1  14495.5  14495.5 payment
     15s        0            3.0            3.0     52.4    109.1    109.1    109.1 stockLevel
     16s        0            2.0            2.6    285.2    285.2    285.2    285.2 delivery
     16s        0           34.0           25.8    192.9   6710.9  10200.5  10200.5 newOrder
     16s        0            6.0            3.2     48.2     83.9     83.9     83.9 orderStatus
     16s        0           19.0           24.9    100.7   4160.7  14495.5  14495.5 payment
     16s        0            7.0            3.3    109.1   3221.2   3221.2   3221.2 stockLevel
_elapsed___errors__ops/sec(inst)___ops/sec(cum)__p50(ms)__p95(ms)__p99(ms)_pMax(ms)
     17s        0            2.0            2.5    335.5    402.7    402.7    402.7 delivery
     17s        0           25.0           25.7    176.2   8321.5  12348.0  12348.0 newOrder
     17s        0            0.0            3.0      0.0      0.0      0.0      0.0 orderStatus
     17s        0           27.0           25.0    167.8   2080.4   4026.5   4026.5 payment
     17s        0            1.0            3.1     65.0     65.0     65.0     65.0 stockLevel
     18s        0            4.0            2.6    268.4    335.5    335.5    335.5 delivery
     18s        0           30.0           25.9    184.5   1073.7   1275.1   1275.1 newOrder
     18s        0            2.0            2.9     48.2     58.7     58.7     58.7 orderStatus
     18s        0           26.0           25.1     83.9   4831.8  10200.5  10200.5 payment
     18s        0            5.0            3.2    192.9   1879.0   1879.0   1879.0 stockLevel
     19s        0            3.0            2.6    285.2    352.3    352.3    352.3 delivery
     19s        0           25.0           25.9    167.8    503.3    570.4    570.4 newOrder
     19s        0            2.0            2.9     54.5    104.9    104.9    104.9 orderStatus
     19s        0           25.0           25.1     88.1   7247.8  13421.8  13421.8 payment
     19s        0            1.0            3.1     67.1     67.1     67.1     67.1 stockLevel
     20s        0            2.0            2.6    159.4    209.7    209.7    209.7 delivery
     20s        0           26.0           25.9    109.1  11811.2  12884.9  12884.9 newOrder
     20s        0            3.0            2.9     52.4     54.5     54.5     54.5 orderStatus
     20s        0           29.0           25.3     62.9    159.4    419.4    419.4 payment
     20s        0            4.0            3.2     60.8    192.9    192.9    192.9 stockLevel
_elapsed___errors__ops/sec(inst)___ops/sec(cum)__p50(ms)__p95(ms)__p99(ms)_pMax(ms)
     21s        0            2.0            2.6    184.5    302.0    302.0    302.0 delivery
     21s        0           23.0           25.8    302.0  10737.4  12348.0  12348.0 newOrder
     21s        0            2.0            2.9     23.1     48.2     48.2     48.2 orderStatus
     21s        0           18.0           24.9     62.9    142.6    285.2    285.2 payment
     21s        0            2.0            3.1     48.2     52.4     52.4     52.4 stockLevel
     22s        0            3.0            2.6    251.7    260.0    260.0    260.0 delivery
     22s        0           36.0           26.2    125.8   5368.7   7247.8   7247.8 newOrder
     22s        0            2.0            2.8     37.7     62.9     62.9     62.9 orderStatus
     22s        0           17.0           24.5     65.0    226.5  20401.1  20401.1 payment
     22s        0            2.0            3.0     48.2     92.3     92.3     92.3 stockLevel
     23s        0            1.0            2.5    302.0    302.0    302.0    302.0 delivery
     23s        0           29.0           26.3    192.9  16643.0  18253.6  18253.6 newOrder
     23s        0            3.0            2.8     58.7     88.1     88.1     88.1 orderStatus
     23s        0           24.0           24.5     96.5    260.0    671.1    671.1 payment
     23s        0            2.0            3.0     79.7    184.5    184.5    184.5 stockLevel
     24s        0            4.0            2.6    159.4    318.8    318.8    318.8 delivery
     24s        0           26.0           26.3    109.1    604.0   9663.7   9663.7 newOrder
     24s        0            1.0            2.8     62.9     62.9     62.9     62.9 orderStatus
     24s        0           26.0           24.6     83.9  14495.5  17179.9  17179.9 payment
     24s        0            4.0            3.0     48.2     75.5     75.5     75.5 stockLevel
_elapsed___errors__ops/sec(inst)___ops/sec(cum)__p50(ms)__p95(ms)__p99(ms)_pMax(ms)
     25s        0            0.0            2.5      0.0      0.0      0.0      0.0 delivery
     25s        0           28.0           26.4    201.3  11274.3  15032.4  15032.4 newOrder
     25s        0            1.0            2.7    109.1    109.1    109.1    109.1 orderStatus
     25s        0           27.0           24.7     92.3   3355.4   3489.7   3489.7 payment
     25s        0            4.0            3.1     75.5     92.3     92.3     92.3 stockLevel
     26s        0            2.0            2.5    352.3    369.1    369.1    369.1 delivery
     26s        0           28.0           26.5    184.5  16643.0  19327.4  19327.4 newOrder
     26s        0            2.0            2.7     16.8     24.1     24.1     24.1 orderStatus
     26s        0           32.0           25.0     92.3    402.7  13958.6  13958.6 payment
     26s        0            2.0            3.0     50.3    453.0    453.0    453.0 stockLevel
     27s        0            3.0            2.5    209.7    226.5    226.5    226.5 delivery
     27s        0           25.0           26.4    121.6    184.5    201.3    201.3 newOrder
     27s        0            7.0            2.8     50.3     62.9     62.9     62.9 orderStatus
     27s        0           27.0           25.0     62.9  21474.8  21474.8  21474.8 payment
     27s        0            0.0            2.9      0.0      0.0      0.0      0.0 stockLevel
     28s        0            1.0            2.4    402.7    402.7    402.7    402.7 delivery
     28s        0           25.0           26.4     88.1    318.8  11274.3  11274.3 newOrder
     28s        0            1.0            2.8     15.2     15.2     15.2     15.2 orderStatus
     28s        0           26.0           25.1     41.9    151.0  26843.5  26843.5 payment
     28s        0            1.0            2.9     44.0     44.0     44.0     44.0 stockLevel
_elapsed___errors__ops/sec(inst)___ops/sec(cum)__p50(ms)__p95(ms)__p99(ms)_pMax(ms)
     29s        0            3.0            2.4    226.5    503.3    503.3    503.3 delivery
     29s        0           23.0           26.2    125.8   8589.9  10200.5  10200.5 newOrder
     29s        0            4.0            2.8     29.4     54.5     54.5     54.5 orderStatus
     29s        0           24.0           25.0     67.1    109.1    113.2    113.2 payment
     29s        0            4.0            2.9     60.8     88.1     88.1     88.1 stockLevel
     30s        0            1.0            2.4    209.7    209.7    209.7    209.7 delivery
     30s        0           27.0           26.3    302.0   9126.8  16643.0  16643.0 newOrder
     30s        0            1.0            2.7     71.3     71.3     71.3     71.3 orderStatus
     30s        0           26.0           25.1     92.3    260.0  23622.3  23622.3 payment
     30s        0            3.0            2.9   1879.0   3355.4   3355.4   3355.4 stockLevel
     31s        0            4.0            2.5    285.2    302.0    302.0    302.0 delivery
     31s        0           35.0           26.5    176.2   3623.9  13958.6  13958.6 newOrder
     31s        0            0.0            2.6      0.0      0.0      0.0      0.0 orderStatus
     31s        0           25.0           25.1     79.7    570.4  12884.9  12884.9 payment
     31s        0            4.0            2.9     62.9    209.7    209.7    209.7 stockLevel
     32s        0            5.0            2.5    402.7   1275.1   1275.1   1275.1 delivery
     32s        0           19.0           26.3    176.2    872.4    939.5    939.5 newOrder
     32s        0            2.0            2.6     52.4     71.3     71.3     71.3 orderStatus
     32s        0           24.0           25.0     79.7    738.2  31138.5  31138.5 payment
     32s        0            3.0            2.9     88.1    125.8    125.8    125.8 stockLevel
_elapsed___errors__ops/sec(inst)___ops/sec(cum)__p50(ms)__p95(ms)__p99(ms)_pMax(ms)
     33s        0            4.0            2.6    192.9    335.5    335.5    335.5 delivery
     33s        0           29.0           26.4    117.4   9663.7  13958.6  13958.6 newOrder
     33s        0            4.0            2.7     39.8     75.5     75.5     75.5 orderStatus
     33s        0           30.0           25.2     58.7    159.4    226.5    226.5 payment
     33s        0            3.0            2.9     52.4     79.7     79.7     79.7 stockLevel
     34s        0            1.0            2.5     65.0     65.0     65.0     65.0 delivery
     34s        0           20.0           26.2    104.9   5368.7  18253.6  18253.6 newOrder
     34s        0            3.0            2.7      6.6     27.3     27.3     27.3 orderStatus
     34s        0           24.0           25.1     31.5    192.9    285.2    285.2 payment
     34s        0            4.0            3.0     50.3   4563.4   4563.4   4563.4 stockLevel
     35s        0            2.0            2.5     83.9    176.2    176.2    176.2 delivery
     35s        0           29.0           26.3     83.9  16106.1  19327.4  19327.4 newOrder
     35s        0            1.0            2.6      5.0      5.0      5.0      5.0 orderStatus
     35s        0           22.0           25.1     46.1  22548.6  25769.8  25769.8 payment
     35s        0            1.0            2.9     22.0     22.0     22.0     22.0 stockLevel
     36s        0            2.0            2.5    234.9    268.4    268.4    268.4 delivery
     36s        0           23.0           26.2    151.0   1744.8  17179.9  17179.9 newOrder
     36s        0            3.0            2.6     52.4    159.4    159.4    159.4 orderStatus
     36s        0           15.0           24.8     79.7    201.3  10200.5  10200.5 payment
     36s        0            3.0            2.9     62.9   1140.9   1140.9   1140.9 stockLevel
_elapsed___errors__ops/sec(inst)___ops/sec(cum)__p50(ms)__p95(ms)__p99(ms)_pMax(ms)
     37s        0            2.0            2.5    109.1    134.2    134.2    134.2 delivery
     37s        0           24.0           26.1     65.0    125.8   9663.7   9663.7 newOrder
     37s        0            4.0            2.7     11.0     37.7     37.7     37.7 orderStatus
     37s        0           31.0           24.9     32.5     83.9  36507.2  36507.2 payment
     37s        0            1.0            2.9     56.6     56.6     56.6     56.6 stockLevel
     38s        0            3.0            2.5    184.5    285.2    285.2    285.2 delivery
     38s        0           26.0           26.1     92.3   7516.2  11274.3  11274.3 newOrder
     38s        0            1.0            2.6      7.3      7.3      7.3      7.3 orderStatus
     38s        0           20.0           24.8     54.5    226.5    226.5    226.5 payment
     38s        0            3.0            2.9     50.3     50.3     50.3     50.3 stockLevel
     39s        0            0.0            2.4      0.0      0.0      0.0      0.0 delivery
     39s        0            7.0           25.6     58.7    117.4    117.4    117.4 newOrder
     39s        0            1.0            2.6     41.9     41.9     41.9     41.9 orderStatus
     39s        0           10.0           24.4     33.6  26843.5  26843.5  26843.5 payment
     39s        0            0.0            2.8      0.0      0.0      0.0      0.0 stockLevel
     40s        0            0.0            2.4      0.0      0.0      0.0      0.0 delivery
     40s        0            1.0           25.0  10737.4  10737.4  10737.4  10737.4 newOrder
     40s        0            0.0            2.5      0.0      0.0      0.0      0.0 orderStatus
     40s        0            0.0           23.8      0.0      0.0      0.0      0.0 payment
     40s        0            0.0            2.7      0.0      0.0      0.0      0.0 stockLevel
_elapsed___errors__ops/sec(inst)___ops/sec(cum)__p50(ms)__p95(ms)__p99(ms)_pMax(ms)
     41s        0            1.0            2.3    209.7    209.7    209.7    209.7 delivery
     41s        0           11.0           24.7    130.0   9663.7  15569.3  15569.3 newOrder
     41s        0            1.0            2.5     14.7     14.7     14.7     14.7 orderStatus
     41s        0            8.0           23.4     35.7  40802.2  40802.2  40802.2 payment
     41s        0            0.0            2.7      0.0      0.0      0.0      0.0 stockLevel
     42s        0            3.0            2.4    192.9    234.9    234.9    234.9 delivery
     42s        0           20.0           24.6     96.5  15032.4  18253.6  18253.6 newOrder
     42s        0            3.0            2.5     24.1     48.2     48.2     48.2 orderStatus
     42s        0           20.0           23.4     48.2     88.1    104.9    104.9 payment
     42s        0            2.0            2.6     54.5     62.9     62.9     62.9 stockLevel
     43s        0            3.0            2.4    184.5    201.3    201.3    201.3 delivery
     43s        0           24.0           24.6    134.2   5905.6   6979.3   6979.3 newOrder
     43s        0            1.0            2.5     33.6     33.6     33.6     33.6 orderStatus
     43s        0           23.0           23.3     71.3  26843.5  36507.2  36507.2 payment
     43s        0            3.0            2.7     46.1     52.4     52.4     52.4 stockLevel
     44s        0            1.0            2.3    486.5    486.5    486.5    486.5 delivery
     44s        0           27.0           24.6    121.6   2550.1   8321.5   8321.5 newOrder
     44s        0            3.0            2.5     46.1     46.1     46.1     46.1 orderStatus
     44s        0           24.0           23.4     75.5  12348.0  30064.8  30064.8 payment
     44s        0            4.0            2.7     54.5    234.9    234.9    234.9 stockLevel
_elapsed___errors__ops/sec(inst)___ops/sec(cum)__p50(ms)__p95(ms)__p99(ms)_pMax(ms)
     45s        0            2.0            2.3    260.0    302.0    302.0    302.0 delivery
     45s        0           28.0           24.7    167.8  10200.5  36507.2  36507.2 newOrder
     45s        0            2.0            2.5     25.2     28.3     28.3     28.3 orderStatus
     45s        0           19.0           23.3     75.5    234.9  24696.1  24696.1 payment
     45s        0            2.0            2.7     48.2     75.5     75.5     75.5 stockLevel
     46s        0            3.0            2.3    302.0    738.2    738.2    738.2 delivery
     46s        0           26.0           24.7    176.2    503.3    671.1    671.1 newOrder
     46s        0            3.0            2.5     52.4     54.5     54.5     54.5 orderStatus
     46s        0           27.0           23.3    100.7  18253.6  22548.6  22548.6 payment
     46s        0            3.0            2.7     67.1   1946.2   1946.2   1946.2 stockLevel
     47s        0            0.0            2.3      0.0      0.0      0.0      0.0 delivery
     47s        0           26.0           24.7    251.7    570.4  16643.0  16643.0 newOrder
     47s        0            3.0            2.5     62.9    113.2    113.2    113.2 orderStatus
     47s        0           40.0           23.7    109.1    536.9  18253.6  18253.6 payment
     47s        0            3.0            2.7     71.3     75.5     75.5     75.5 stockLevel
     48s        0            5.0            2.4    318.8    352.3    352.3    352.3 delivery
     48s        0           31.0           24.9    218.1    402.7    604.0    604.0 newOrder
     48s        0            3.0            2.5     79.7     96.5     96.5     96.5 orderStatus
     48s        0           26.0           23.8    109.1  10200.5  38654.7  38654.7 payment
     48s        0            6.0            2.8     75.5    251.7    251.7    251.7 stockLevel
_elapsed___errors__ops/sec(inst)___ops/sec(cum)__p50(ms)__p95(ms)__p99(ms)_pMax(ms)
     49s        0            3.0            2.4    352.3    671.1    671.1    671.1 delivery
     49s        0           27.0           24.9    201.3   7247.8   7516.2   7516.2 newOrder
     49s        0            4.0            2.5    109.1    134.2    134.2    134.2 orderStatus
     49s        0           22.0           23.7     75.5    570.4    771.8    771.8 payment
     49s        0            3.0            2.8     60.8    234.9    234.9    234.9 stockLevel
     50s        0            5.0            2.4    268.4    536.9    536.9    536.9 delivery
     50s        0           29.0           25.0    134.2    520.1    872.4    872.4 newOrder
     50s        0            4.0            2.6     35.7     67.1     67.1     67.1 orderStatus
     50s        0           23.0           23.7     67.1   1140.9  11811.2  11811.2 payment
     50s        0            3.0            2.8     54.5     79.7     79.7     79.7 stockLevel
     51s        0            4.0            2.5    209.7    402.7    402.7    402.7 delivery
     51s        0           23.0           25.0    134.2   6979.3  10200.5  10200.5 newOrder
     51s        0            1.0            2.5     62.9     62.9     62.9     62.9 orderStatus
     51s        0           21.0           23.6     71.3    167.8  49392.1  49392.1 payment
     51s        0            2.0            2.7     46.1     56.6     56.6     56.6 stockLevel
     52s        0            3.0            2.5    234.9    453.0    453.0    453.0 delivery
     52s        0           28.0           25.0    125.8   1879.0   8053.1   8053.1 newOrder
     52s        0            4.0            2.6     39.8     44.0     44.0     44.0 orderStatus
     52s        0           28.0           23.7     75.5  32212.3  33286.0  33286.0 payment
     52s        0            1.0            2.7     56.6     56.6     56.6     56.6 stockLevel
_elapsed___errors__ops/sec(inst)___ops/sec(cum)__p50(ms)__p95(ms)__p99(ms)_pMax(ms)
     53s        0            3.0            2.5    159.4    226.5    226.5    226.5 delivery
     53s        0           25.0           25.0     75.5    209.7    234.9    234.9 newOrder
     53s        0            1.0            2.5     25.2     25.2     25.2     25.2 orderStatus
     53s        0           30.0           23.8     41.9    142.6    192.9    192.9 payment
     53s        0            2.0            2.7     26.2     33.6     33.6     33.6 stockLevel
     54s        0            0.0            2.4      0.0      0.0      0.0      0.0 delivery
     54s        0            9.0           24.7     83.9   7247.8   7247.8   7247.8 newOrder
     54s        0            2.0            2.5      4.2     17.8     17.8     17.8 orderStatus
     54s        0           11.0           23.6     12.1     79.7  40802.2  40802.2 payment
     54s        0            1.0            2.7     41.9     41.9     41.9     41.9 stockLevel
     55s        0            2.0            2.4     67.1     88.1     88.1     88.1 delivery
     55s        0           21.0           24.7     54.5   5100.3  12348.0  12348.0 newOrder
     55s        0            1.0            2.5     12.1     12.1     12.1     12.1 orderStatus
     55s        0           20.0           23.5     22.0  49392.1  49392.1  49392.1 payment
     55s        0            0.0            2.6      0.0      0.0      0.0      0.0 stockLevel
     56s        0            0.0            2.4      0.0      0.0      0.0      0.0 delivery
     56s        0            0.0           24.2      0.0      0.0      0.0      0.0 newOrder
     56s        0            0.0            2.4      0.0      0.0      0.0      0.0 orderStatus
     56s        0            0.0           23.1      0.0      0.0      0.0      0.0 payment
     56s        0            0.0            2.6      0.0      0.0      0.0      0.0 stockLevel
_elapsed___errors__ops/sec(inst)___ops/sec(cum)__p50(ms)__p95(ms)__p99(ms)_pMax(ms)
     57s        0            1.0            2.4     62.9     62.9     62.9     62.9 delivery
     57s        0            9.0           23.9     58.7   5905.6   5905.6   5905.6 newOrder
     57s        0            2.0            2.4     10.0     11.0     11.0     11.0 orderStatus
     57s        0           13.0           22.9     31.5  34359.7  34359.7  34359.7 payment
     57s        0            2.0            2.6     21.0    109.1    109.1    109.1 stockLevel
     58s        0            2.0            2.3    159.4    192.9    192.9    192.9 delivery
     58s        0           23.0           23.9    121.6    260.0   4295.0   4295.0 newOrder
     58s        0            1.0            2.4      9.4      9.4      9.4      9.4 orderStatus
     58s        0           19.0           22.9     71.3    167.8  36507.2  36507.2 payment
     58s        0            2.0            2.6    100.7    176.2    176.2    176.2 stockLevel
     59s        0            3.0            2.4    159.4    167.8    167.8    167.8 delivery
     59s        0           25.0           23.9     88.1  12884.9  16643.0  16643.0 newOrder
     59s        0            6.0            2.5     17.8     32.5     32.5     32.5 orderStatus
     59s        0           34.0           23.1     39.8    130.0  24696.1  24696.1 payment
     59s        0            5.0            2.6     46.1     65.0     65.0     65.0 stockLevel
    1m0s        0            3.0            2.4    125.8    159.4    159.4    159.4 delivery
    1m0s        0           20.0           23.9     96.5    318.8   4563.4   4563.4 newOrder
    1m0s        0            1.0            2.5     18.9     18.9     18.9     18.9 orderStatus
    1m0s        0           20.0           23.0     54.5  25769.8  53687.1  53687.1 payment
    1m0s        0            2.0            2.6     71.3    234.9    234.9    234.9 stockLevel

_elapsed___errors_____ops(total)___ops/sec(cum)__avg(ms)__p50(ms)__p95(ms)__p99(ms)_pMax(ms)__total
   60.0s        0            142            2.4    285.5    260.0    604.0   1006.6   1275.1  delivery
   60.0s        0           1433           23.9    970.6    159.4   6979.3  15569.3  36507.2  newOrder
   60.0s        0            147            2.5     48.0     46.1    109.1    159.4    159.4  orderStatus
   60.0s        0           1381           23.0   1319.0     79.7   7247.8  31138.5  53687.1  payment
   60.0s        0            155            2.6    290.9     71.3   1879.0   3355.4   5905.6  stockLevel

_elapsed___errors_____ops(total)___ops/sec(cum)__avg(ms)__p50(ms)__p95(ms)__p99(ms)_pMax(ms)__result
   60.0s        0           3258           54.3   1014.5    113.2   5637.1  21474.8  53687.1  
Audit check 9.2.1.7: SKIP: not enough delivery transactions to be statistically significant
Audit check 9.2.2.5.1: SKIP: not enough orders to be statistically significant
Audit check 9.2.2.5.2: SKIP: not enough orders to be statistically significant
Audit check 9.2.2.5.3: SKIP: not enough orders to be statistically significant
Audit check 9.2.2.5.4: SKIP: not enough payments to be statistically significant
Audit check 9.2.2.5.5: SKIP: not enough payments to be statistically significant
Audit check 9.2.2.5.6: SKIP: not enough order status transactions to be statistically significant

_elapsed_______tpmC____efc__avg(ms)__p50(ms)__p90(ms)__p95(ms)__p99(ms)_pMax(ms)
   60.0s     1433.0 1114.3%    970.6    159.4   2013.3   6979.3  15569.3  36507.2
