***************************************
*** ###easy### TPC-C Load Generator ***
***************************************
option h with value '192.168.122.77'
option P with value '3306'
option d with value 'benchmarker'
option u with value 'root'
option p with value '123456'
option w with value '11'
option c with value '8'
option r with value '22'
option l with value '60'
option i with value '10'
<Parameters>
     [server]: 192.168.122.77
     [port]: 3306
     [DBname]: benchmarker
       [user]: root
       [pass]: 123456
  [warehouse]: 11
 [connection]: 8
     [rampup]: 22 (sec.)
    [measure]: 60 (sec.)

RAMP-UP TIME.(22 sec.)

MEASURING START.

  10, trx: 5763, 95%: 13.376, 99%: 17.712, max_rt: 34.003, 5761|22.267, 576|9.302, 577|39.359, 576|45.786
  20, trx: 5325, 95%: 15.232, 99%: 19.882, max_rt: 31.827, 5329|22.289, 533|6.564, 532|48.076, 533|37.110
  30, trx: 5200, 95%: 15.355, 99%: 19.318, max_rt: 31.900, 5202|18.183, 520|5.375, 521|37.255, 521|36.508
  40, trx: 5132, 95%: 16.191, 99%: 21.058, max_rt: 32.238, 5132|21.042, 514|5.374, 512|45.315, 512|47.741
  50, trx: 5090, 95%: 15.970, 99%: 21.020, max_rt: 33.088, 5089|30.177, 508|4.946, 509|36.294, 509|36.452
  60, trx: 5080, 95%: 15.685, 99%: 20.857, max_rt: 33.967, 5077|19.761, 509|6.752, 508|39.540, 508|36.666

STOPPING THREADS........

<Raw Results>
  [0] sc:6326 lt:25264  rt:0  fl:0 avg_rt: 11.1 (5)
  [1] sc:29804 lt:1786  rt:0  fl:0 avg_rt: 3.1 (5)
  [2] sc:3146 lt:14  rt:0  fl:0 avg_rt: 1.7 (5)
  [3] sc:3159 lt:0  rt:0  fl:0 avg_rt: 28.3 (80)
  [4] sc:269 lt:2890  rt:0  fl:0 avg_rt: 34.6 (20)
 in 60 sec.

<Raw Results2(sum ver.)>
  [0] sc:6326  lt:25264  rt:0  fl:0 
  [1] sc:29804  lt:1786  rt:0  fl:0 
  [2] sc:3146  lt:14  rt:0  fl:0 
  [3] sc:3159  lt:0  rt:0  fl:0 
  [4] sc:269  lt:2890  rt:0  fl:0 

<Constraint Check> (all must be [OK])
 [transaction percentage]
        Payment: 43.48% (>=43.0%) [OK]
   Order-Status: 4.35% (>= 4.0%) [OK]
       Delivery: 4.35% (>= 4.0%) [OK]
    Stock-Level: 4.35% (>= 4.0%) [OK]
 [response time (at least 90% passed)]
      New-Order: 20.03%  [NG] *
        Payment: 94.35%  [OK]
   Order-Status: 99.56%  [OK]
       Delivery: 100.00%  [OK]
    Stock-Level: 8.52%  [NG] *

<TpmC>
                 31590.000 TpmC
