***************************************
*** ###easy### TPC-C Load Generator ***
***************************************
option h with value '192.168.122.79'
option P with value '3306'
option d with value 'benchmarker'
option u with value 'root'
option p with value '123456'
option w with value '11'
option c with value '24'
option r with value '22'
option l with value '60'
option i with value '10'
<Parameters>
     [server]: 192.168.122.79
     [port]: 3306
     [DBname]: benchmarker
       [user]: root
       [pass]: 123456
  [warehouse]: 11
 [connection]: 24
     [rampup]: 22 (sec.)
    [measure]: 60 (sec.)

RAMP-UP TIME.(22 sec.)

MEASURING START.

  10, trx: 3931, 95%: 83.050, 99%: 125.867, max_rt: 313.630, 3930|192.671, 392|41.474, 389|351.991, 392|333.732
  20, trx: 3860, 95%: 88.943, 99%: 129.342, max_rt: 210.049, 3869|173.530, 387|69.028, 392|343.037, 387|287.891
  30, trx: 3206, 95%: 112.199, 99%: 196.261, max_rt: 450.382, 3196|325.591, 320|64.615, 319|710.949, 317|456.444
  40, trx: 3675, 95%: 86.190, 99%: 132.954, max_rt: 260.325, 3683|166.909, 368|52.040, 367|417.350, 370|264.500
  50, trx: 3798, 95%: 88.385, 99%: 135.363, max_rt: 286.098, 3798|148.110, 380|49.407, 380|307.222, 381|270.660
  60, trx: 3933, 95%: 84.606, 99%: 131.884, max_rt: 223.413, 3926|190.205, 393|46.101, 393|346.763, 392|257.475

STOPPING THREADS........................

<Raw Results>
  [0] sc:142 lt:22261  rt:0  fl:0 avg_rt: 45.3 (5)
  [1] sc:8398 lt:14004  rt:0  fl:0 avg_rt: 19.4 (5)
  [2] sc:1574 lt:666  rt:0  fl:0 avg_rt: 6.6 (5)
  [3] sc:1278 lt:963  rt:0  fl:0 avg_rt: 120.2 (80)
  [4] sc:1 lt:2238  rt:0  fl:0 avg_rt: 103.8 (20)
 in 60 sec.

<Raw Results2(sum ver.)>
  [0] sc:142  lt:22261  rt:0  fl:0 
  [1] sc:8398  lt:14004  rt:0  fl:0 
  [2] sc:1574  lt:666  rt:0  fl:0 
  [3] sc:1278  lt:963  rt:0  fl:0 
  [4] sc:1  lt:2238  rt:0  fl:0 

<Constraint Check> (all must be [OK])
 [transaction percentage]
        Payment: 43.48% (>=43.0%) [OK]
   Order-Status: 4.35% (>= 4.0%) [OK]
       Delivery: 4.35% (>= 4.0%) [OK]
    Stock-Level: 4.35% (>= 4.0%) [OK]
 [response time (at least 90% passed)]
      New-Order: 0.63%  [NG] *
        Payment: 37.49%  [NG] *
   Order-Status: 70.27%  [NG] *
       Delivery: 57.03%  [NG] *
    Stock-Level: 0.04%  [NG] *

<TpmC>
                 22403.000 TpmC
