***************************************
*** ###easy### TPC-C Load Generator ***
***************************************
option h with value '192.168.122.77'
option P with value '3306'
option d with value 'benchmarker'
option u with value 'root'
option p with value '123456'
option w with value '11'
option c with value '1'
option r with value '22'
option l with value '60'
option i with value '10'
<Parameters>
     [server]: 192.168.122.77
     [port]: 3306
     [DBname]: benchmarker
       [user]: root
       [pass]: 123456
  [warehouse]: 11
 [connection]: 1
     [rampup]: 22 (sec.)
    [measure]: 60 (sec.)

RAMP-UP TIME.(22 sec.)

MEASURING START.

  10, trx: 1078, 95%: 7.415, 99%: 10.658, max_rt: 19.406, 1079|9.014, 108|2.920, 108|35.108, 108|30.622
  20, trx: 1077, 95%: 6.847, 99%: 10.906, max_rt: 14.784, 1075|4.659, 108|2.286, 107|23.660, 107|26.479
  30, trx: 1065, 95%: 7.068, 99%: 10.835, max_rt: 14.282, 1066|5.057, 106|1.988, 107|25.983, 107|28.499
  40, trx: 1064, 95%: 7.057, 99%: 10.763, max_rt: 17.414, 1063|8.281, 107|2.503, 106|33.121, 107|29.330
  50, trx: 1082, 95%: 6.810, 99%: 9.943, max_rt: 15.137, 1083|5.322, 107|2.210, 108|32.420, 108|27.374
  60, trx: 1070, 95%: 6.924, 99%: 9.356, max_rt: 14.829, 1069|6.387, 108|2.879, 107|27.084, 106|27.245

STOPPING THREADS.

<Raw Results>
  [0] sc:3650 lt:2786  rt:0  fl:0 avg_rt: 6.6 (5)
  [1] sc:6431 lt:4  rt:0  fl:0 avg_rt: 1.8 (5)
  [2] sc:644 lt:0  rt:0  fl:0 avg_rt: 1.0 (5)
  [3] sc:643 lt:0  rt:0  fl:0 avg_rt: 19.8 (80)
  [4] sc:581 lt:62  rt:0  fl:0 avg_rt: 22.3 (20)
 in 60 sec.

<Raw Results2(sum ver.)>
  [0] sc:3650  lt:2786  rt:0  fl:0 
  [1] sc:6431  lt:4  rt:0  fl:0 
  [2] sc:644  lt:0  rt:0  fl:0 
  [3] sc:643  lt:0  rt:0  fl:0 
  [4] sc:581  lt:62  rt:0  fl:0 

<Constraint Check> (all must be [OK])
 [transaction percentage]
        Payment: 43.48% (>=43.0%) [OK]
   Order-Status: 4.35% (>= 4.0%) [OK]
       Delivery: 4.34% (>= 4.0%) [OK]
    Stock-Level: 4.34% (>= 4.0%) [OK]
 [response time (at least 90% passed)]
      New-Order: 56.71%  [NG] *
        Payment: 99.94%  [OK]
   Order-Status: 100.00%  [OK]
       Delivery: 100.00%  [OK]
    Stock-Level: 90.36%  [OK]

<TpmC>
                 6436.000 TpmC
