precondition: (g=0): rw=write, bs=(R) 128KiB-128KiB, (W) 128KiB-128KiB, (T) 128KiB-128KiB, ioengine=libaio, iodepth=16
rand-read-4K-qd1: (g=1): rw=randread, bs=(R) 4096B-4096B, (W) 4096B-4096B, (T) 4096B-4096B, ioengine=libaio, iodepth=1
rand-write-4K-qd1: (g=2): rw=randwrite, bs=(R) 4096B-4096B, (W) 4096B-4096B, (T) 4096B-4096B, ioengine=libaio, iodepth=1
rand-read-4K-qd16: (g=3): rw=randread, bs=(R) 4096B-4096B, (W) 4096B-4096B, (T) 4096B-4096B, ioengine=libaio, iodepth=4
...
rand-write-4K-qd16: (g=4): rw=randwrite, bs=(R) 4096B-4096B, (W) 4096B-4096B, (T) 4096B-4096B, ioengine=libaio, iodepth=4
...
rand-rw-4K-qd16: (g=5): rw=randrw, bs=(R) 4096B-4096B, (W) 4096B-4096B, (T) 4096B-4096B, ioengine=libaio, iodepth=4
...
rand-read-4K-qd128: (g=6): rw=randread, bs=(R) 4096B-4096B, (W) 4096B-4096B, (T) 4096B-4096B, ioengine=libaio, iodepth=32
...
rand-write-4K-qd128: (g=7): rw=randwrite, bs=(R) 4096B-4096B, (W) 4096B-4096B, (T) 4096B-4096B, ioengine=libaio, iodepth=32
...
rand-rw-4K-qd128: (g=8): rw=randrw, bs=(R) 4096B-4096B, (W) 4096B-4096B, (T) 4096B-4096B, ioengine=libaio, iodepth=32
...
fio-3.1
Starting 27 processes

precondition: (groupid=0, jobs=1): err= 0: pid=2124: Fri Jul 19 11:37:54 2019
  write: IOPS=19.5k, BW=2441MiB/s (2560MB/s)(35.8GiB/15001msec)
    slat (usec): min=6, max=785, avg= 7.93, stdev= 3.13
    clat (usec): min=194, max=1929, avg=808.31, stdev=40.85
     lat (usec): min=203, max=1937, avg=816.92, stdev=40.78
    clat percentiles (usec):
     | 10.000th=[  791], 20.000th=[  791], 30.000th=[  791], 40.000th=[  799],
     | 50.000th=[  799], 70.000th=[  807], 90.000th=[  832], 99.000th=[  930],
     | 99.900th=[ 1303], 99.990th=[ 1729], 99.999th=[ 1844]
   bw (  MiB/s): min= 1844, max= 2407, per=78.79%, avg=1923.35, stdev=96.09, samples=29
   iops        : min=14753, max=19259, avg=15386.31, stdev=768.74, samples=29
  lat (usec)   : 250=0.05%, 500=0.07%, 750=0.09%, 1000=99.48%
  lat (msec)   : 2=0.30%
  cpu          : usr=11.79%, sys=21.10%, ctx=292272, majf=0, minf=10
  IO depths    : 1=0.1%, 2=0.1%, 4=0.1%, 8=0.1%, 16=100.0%, 32=0.0%, >=64=0.0%
     submit    : 0=0.0%, 4=100.0%, 8=0.0%, 16=0.0%, 32=0.0%, 64=0.0%, >=64=0.0%
     complete  : 0=0.0%, 4=100.0%, 8=0.0%, 16=0.1%, 32=0.0%, 64=0.0%, >=64=0.0%
     issued rwt: total=0,292950,0, short=0,0,0, dropped=0,0,0
     latency   : target=0, window=0, percentile=100.00%, depth=16
rand-read-4K-qd1: (groupid=1, jobs=1): err= 0: pid=2133: Fri Jul 19 11:37:54 2019
   read: IOPS=47.4k, BW=185MiB/s (194MB/s)(5553MiB/30001msec)
    slat (usec): min=3, max=750, avg= 3.90, stdev= 1.81
    clat (nsec): min=1201, max=771417, avg=14318.39, stdev=4406.80
     lat (usec): min=14, max=775, avg=18.84, stdev= 4.88
    clat percentiles (usec):
     | 10.000th=[   14], 20.000th=[   14], 30.000th=[   14], 40.000th=[   14],
     | 50.000th=[   15], 70.000th=[   15], 90.000th=[   15], 99.000th=[   23],
     | 99.900th=[   41], 99.990th=[   49], 99.999th=[  750]
   bw (  KiB/s): min=164273, max=183956, per=90.35%, avg=171241.83, stdev=3658.29, samples=59
   iops        : min=41068, max=45989, avg=42810.05, stdev=914.64, samples=59
  lat (usec)   : 2=0.06%, 4=0.01%, 10=0.04%, 20=98.78%, 50=1.11%
  lat (usec)   : 100=0.01%, 750=0.01%, 1000=0.01%
  cpu          : usr=21.75%, sys=36.06%, ctx=1420024, majf=0, minf=7
  IO depths    : 1=100.0%, 2=0.0%, 4=0.0%, 8=0.0%, 16=0.0%, 32=0.0%, >=64=0.0%
     submit    : 0=0.0%, 4=100.0%, 8=0.0%, 16=0.0%, 32=0.0%, 64=0.0%, >=64=0.0%
     complete  : 0=0.0%, 4=100.0%, 8=0.0%, 16=0.0%, 32=0.0%, 64=0.0%, >=64=0.0%
     issued rwt: total=1421536,0,0, short=0,0,0, dropped=0,0,0
     latency   : target=0, window=0, percentile=100.00%, depth=1
rand-write-4K-qd1: (groupid=2, jobs=1): err= 0: pid=2134: Fri Jul 19 11:37:54 2019
  write: IOPS=44.1k, BW=172MiB/s (181MB/s)(5171MiB/30001msec)
    slat (usec): min=3, max=752, avg= 4.01, stdev= 2.04
    clat (nsec): min=1255, max=780361, avg=15717.19, stdev=4543.84
     lat (usec): min=16, max=784, avg=20.36, stdev= 5.05
    clat percentiles (usec):
     | 10.000th=[   15], 20.000th=[   16], 30.000th=[   16], 40.000th=[   16],
     | 50.000th=[   16], 70.000th=[   16], 90.000th=[   17], 99.000th=[   25],
     | 99.900th=[   42], 99.990th=[   49], 99.999th=[  750]
   bw (  KiB/s): min=139093, max=161558, per=90.03%, avg=158881.69, stdev=3646.94, samples=59
   iops        : min=34773, max=40389, avg=39720.07, stdev=911.72, samples=59
  lat (usec)   : 2=0.01%, 4=0.01%, 10=0.01%, 20=98.67%, 50=1.31%
  lat (usec)   : 100=0.01%, 750=0.01%, 1000=0.01%
  cpu          : usr=20.90%, sys=33.47%, ctx=1323436, majf=0, minf=7
  IO depths    : 1=100.0%, 2=0.0%, 4=0.0%, 8=0.0%, 16=0.0%, 32=0.0%, >=64=0.0%
     submit    : 0=0.0%, 4=100.0%, 8=0.0%, 16=0.0%, 32=0.0%, 64=0.0%, >=64=0.0%
     complete  : 0=0.0%, 4=100.0%, 8=0.0%, 16=0.0%, 32=0.0%, 64=0.0%, >=64=0.0%
     issued rwt: total=0,1323689,0, short=0,0,0, dropped=0,0,0
     latency   : target=0, window=0, percentile=100.00%, depth=1
rand-read-4K-qd16: (groupid=3, jobs=4): err= 0: pid=2139: Fri Jul 19 11:37:54 2019
   read: IOPS=207k, BW=808MiB/s (847MB/s)(23.7GiB/30001msec)
    slat (usec): min=2, max=765, avg=13.11, stdev= 6.46
    clat (usec): min=7, max=901, avg=60.24, stdev=20.25
     lat (usec): min=17, max=922, avg=74.15, stdev=21.92
    clat percentiles (usec):
     | 10.000th=[   44], 20.000th=[   49], 30.000th=[   52], 40.000th=[   53],
     | 50.000th=[   55], 70.000th=[   59], 90.000th=[   90], 99.000th=[  125],
     | 99.900th=[  155], 99.990th=[  758], 99.999th=[  816]
   bw (  KiB/s): min=88776, max=218758, per=18.10%, avg=149799.59, stdev=30196.92, samples=236
   iops        : min=22194, max=54689, avg=37449.54, stdev=7549.27, samples=236
  lat (usec)   : 10=0.01%, 20=0.01%, 50=24.20%, 100=70.26%, 250=5.53%
  lat (usec)   : 500=0.01%, 750=0.01%, 1000=0.01%
  cpu          : usr=28.63%, sys=70.55%, ctx=170943, majf=0, minf=45
  IO depths    : 1=0.1%, 2=0.1%, 4=100.0%, 8=0.0%, 16=0.0%, 32=0.0%, >=64=0.0%
     submit    : 0=0.0%, 4=100.0%, 8=0.0%, 16=0.0%, 32=0.0%, 64=0.0%, >=64=0.0%
     complete  : 0=0.0%, 4=100.0%, 8=0.0%, 16=0.0%, 32=0.0%, 64=0.0%, >=64=0.0%
     issued rwt: total=6207379,0,0, short=0,0,0, dropped=0,0,0
     latency   : target=0, window=0, percentile=100.00%, depth=4
rand-write-4K-qd16: (groupid=4, jobs=4): err= 0: pid=2143: Fri Jul 19 11:37:54 2019
  write: IOPS=209k, BW=818MiB/s (858MB/s)(23.0GiB/30001msec)
    slat (usec): min=2, max=24054, avg=12.56, stdev=15.13
    clat (usec): min=18, max=24108, avg=59.75, stdev=31.74
     lat (usec): min=23, max=24125, avg=73.10, stdev=35.60
    clat percentiles (usec):
     | 10.000th=[   43], 20.000th=[   46], 30.000th=[   50], 40.000th=[   54],
     | 50.000th=[   56], 70.000th=[   60], 90.000th=[   90], 99.000th=[  135],
     | 99.900th=[  178], 99.990th=[  758], 99.999th=[  824]
   bw (  KiB/s): min=96520, max=230243, per=21.33%, avg=178641.25, stdev=40130.50, samples=236
   iops        : min=24130, max=57560, avg=44659.95, stdev=10032.63, samples=236
  lat (usec)   : 20=0.01%, 50=31.32%, 100=63.20%, 250=5.47%, 500=0.01%
  lat (usec)   : 750=0.01%, 1000=0.01%
  lat (msec)   : 20=0.01%, 50=0.01%
  cpu          : usr=29.17%, sys=69.94%, ctx=169646, majf=0, minf=31
  IO depths    : 1=0.1%, 2=0.1%, 4=100.0%, 8=0.0%, 16=0.0%, 32=0.0%, >=64=0.0%
     submit    : 0=0.0%, 4=100.0%, 8=0.0%, 16=0.0%, 32=0.0%, 64=0.0%, >=64=0.0%
     complete  : 0=0.0%, 4=100.0%, 8=0.0%, 16=0.0%, 32=0.0%, 64=0.0%, >=64=0.0%
     issued rwt: total=0,6281633,0, short=0,0,0, dropped=0,0,0
     latency   : target=0, window=0, percentile=100.00%, depth=4
rand-rw-4K-qd16: (groupid=5, jobs=4): err= 0: pid=2152: Fri Jul 19 11:37:54 2019
   read: IOPS=149k, BW=582MiB/s (610MB/s)(17.1GiB/30001msec)
    slat (usec): min=2, max=780, avg=12.20, stdev= 7.22
    clat (usec): min=14, max=23863, avg=58.66, stdev=34.78
     lat (usec): min=22, max=23870, avg=71.68, stdev=36.06
    clat percentiles (usec):
     | 10.000th=[   42], 20.000th=[   45], 30.000th=[   48], 40.000th=[   50],
     | 50.000th=[   53], 70.000th=[   59], 90.000th=[   88], 99.000th=[  133],
     | 99.900th=[  167], 99.990th=[  758], 99.999th=[  832]
   bw (  KiB/s): min=81213, max=175119, per=20.98%, avg=125082.67, stdev=33194.64, samples=236
   iops        : min=20303, max=43779, avg=31270.32, stdev=8298.61, samples=236
  write: IOPS=63.9k, BW=250MiB/s (262MB/s)(7488MiB/30001msec)
    slat (usec): min=2, max=23810, avg=12.45, stdev=18.59
    clat (usec): min=20, max=19849, avg=58.42, stdev=26.29
     lat (usec): min=26, max=23873, avg=71.71, stdev=32.92
    clat percentiles (usec):
     | 10.000th=[   41], 20.000th=[   45], 30.000th=[   47], 40.000th=[   50],
     | 50.000th=[   52], 70.000th=[   59], 90.000th=[   89], 99.000th=[  133],
     | 99.900th=[  169], 99.990th=[  750], 99.999th=[  824]
   bw (  KiB/s): min=33849, max=75350, per=20.99%, avg=53641.62, stdev=14281.37, samples=236
   iops        : min= 8462, max=18837, avg=13410.08, stdev=3570.25, samples=236
  lat (usec)   : 20=0.01%, 50=40.36%, 100=53.81%, 250=5.81%, 500=0.01%
  lat (usec)   : 750=0.01%, 1000=0.01%
  lat (msec)   : 2=0.01%, 20=0.01%, 50=0.01%
  cpu          : usr=29.35%, sys=69.50%, ctx=218031, majf=0, minf=35
  IO depths    : 1=0.1%, 2=0.1%, 4=100.0%, 8=0.0%, 16=0.0%, 32=0.0%, >=64=0.0%
     submit    : 0=0.0%, 4=100.0%, 8=0.0%, 16=0.0%, 32=0.0%, 64=0.0%, >=64=0.0%
     complete  : 0=0.0%, 4=100.0%, 8=0.0%, 16=0.0%, 32=0.0%, 64=0.0%, >=64=0.0%
     issued rwt: total=4470601,1917017,0, short=0,0,0, dropped=0,0,0
     latency   : target=0, window=0, percentile=100.00%, depth=4
rand-read-4K-qd128: (groupid=6, jobs=4): err= 0: pid=2164: Fri Jul 19 11:37:54 2019
   read: IOPS=206k, BW=804MiB/s (843MB/s)(23.6GiB/30001msec)
    slat (usec): min=2, max=756, avg=13.13, stdev= 6.49
    clat (usec): min=7, max=1871, avg=604.55, stdev=155.14
     lat (usec): min=23, max=1887, avg=618.50, stdev=156.34
    clat percentiles (usec):
     | 10.000th=[  498], 20.000th=[  515], 30.000th=[  529], 40.000th=[  537],
     | 50.000th=[  553], 70.000th=[  570], 90.000th=[  922], 99.000th=[ 1045],
     | 99.900th=[ 1237], 99.990th=[ 1696], 99.999th=[ 1795]
   bw (  KiB/s): min=92968, max=220729, per=18.86%, avg=155283.25, stdev=33303.32, samples=236
   iops        : min=23242, max=55182, avg=38820.43, stdev=8325.89, samples=236
  lat (usec)   : 10=0.01%, 20=0.01%, 50=0.01%, 100=0.01%, 250=0.01%
  lat (usec)   : 500=11.24%, 750=72.59%, 1000=13.53%
  lat (msec)   : 2=2.64%
  cpu          : usr=28.11%, sys=71.20%, ctx=159753, majf=0, minf=156
  IO depths    : 1=0.1%, 2=0.1%, 4=0.1%, 8=0.1%, 16=0.1%, 32=100.0%, >=64=0.0%
     submit    : 0=0.0%, 4=100.0%, 8=0.0%, 16=0.0%, 32=0.0%, 64=0.0%, >=64=0.0%
     complete  : 0=0.0%, 4=100.0%, 8=0.0%, 16=0.0%, 32=0.1%, 64=0.0%, >=64=0.0%
     issued rwt: total=6175472,0,0, short=0,0,0, dropped=0,0,0
     latency   : target=0, window=0, percentile=100.00%, depth=32
rand-write-4K-qd128: (groupid=7, jobs=4): err= 0: pid=2168: Fri Jul 19 11:37:54 2019
  write: IOPS=228k, BW=893MiB/s (936MB/s)(26.2GiB/30001msec)
    slat (usec): min=2, max=20199, avg=12.45, stdev=11.20
    clat (usec): min=17, max=20896, avg=544.17, stdev=103.96
     lat (usec): min=32, max=20923, avg=557.34, stdev=105.42
    clat percentiles (usec):
     | 10.000th=[  486], 20.000th=[  502], 30.000th=[  515], 40.000th=[  529],
     | 50.000th=[  537], 70.000th=[  553], 90.000th=[  586], 99.000th=[ 1090],
     | 99.900th=[ 1369], 99.990th=[ 1713], 99.999th=[ 5538]
   bw (  KiB/s): min=90274, max=282826, per=23.30%, avg=212947.46, stdev=23809.05, samples=236
   iops        : min=22568, max=70706, avg=53236.47, stdev=5952.26, samples=236
  lat (usec)   : 20=0.01%, 50=0.01%, 100=0.01%, 250=0.01%, 500=17.74%
  lat (usec)   : 750=80.53%, 1000=0.32%
  lat (msec)   : 2=1.41%, 4=0.01%, 10=0.01%, 20=0.01%, 50=0.01%
  cpu          : usr=24.52%, sys=74.86%, ctx=135193, majf=0, minf=35
  IO depths    : 1=0.1%, 2=0.1%, 4=0.1%, 8=0.1%, 16=0.1%, 32=100.0%, >=64=0.0%
     submit    : 0=0.0%, 4=100.0%, 8=0.0%, 16=0.0%, 32=0.0%, 64=0.0%, >=64=0.0%
     complete  : 0=0.0%, 4=100.0%, 8=0.0%, 16=0.0%, 32=0.1%, 64=0.0%, >=64=0.0%
     issued rwt: total=0,6855197,0, short=0,0,0, dropped=0,0,0
     latency   : target=0, window=0, percentile=100.00%, depth=32
rand-rw-4K-qd128: (groupid=8, jobs=4): err= 0: pid=2177: Fri Jul 19 11:37:54 2019
   read: IOPS=147k, BW=573MiB/s (600MB/s)(16.8GiB/30001msec)
    slat (usec): min=2, max=16174, avg=12.51, stdev=10.31
    clat (usec): min=5, max=24622, avg=594.21, stdev=172.80
     lat (usec): min=24, max=24628, avg=607.53, stdev=174.34
    clat percentiles (usec):
     | 10.000th=[  486], 20.000th=[  502], 30.000th=[  510], 40.000th=[  519],
     | 50.000th=[  529], 70.000th=[  562], 90.000th=[  906], 99.000th=[ 1045],
     | 99.900th=[ 1221], 99.990th=[ 1696], 99.999th=[ 8979]
   bw (  KiB/s): min=81836, max=187414, per=25.25%, avg=148099.47, stdev=33001.13, samples=238
   iops        : min=20459, max=46853, avg=37024.68, stdev=8250.17, samples=238
  write: IOPS=62.8k, BW=245MiB/s (257MB/s)(7355MiB/30001msec)
    slat (usec): min=2, max=764, avg=12.71, stdev= 6.98
    clat (usec): min=27, max=24569, avg=594.11, stdev=172.08
     lat (usec): min=36, max=24578, avg=607.65, stdev=173.59
    clat percentiles (usec):
     | 10.000th=[  486], 20.000th=[  498], 30.000th=[  510], 40.000th=[  519],
     | 50.000th=[  529], 70.000th=[  562], 90.000th=[  906], 99.000th=[ 1045],
     | 99.900th=[ 1221], 99.990th=[ 1696], 99.999th=[16581]
   bw (  KiB/s): min=34842, max=80260, per=25.26%, avg=63404.81, stdev=14118.00, samples=238
   iops        : min= 8710, max=20065, avg=15850.97, stdev=3529.37, samples=238
  lat (usec)   : 10=0.01%, 20=0.01%, 50=0.01%, 100=0.01%, 250=0.01%
  lat (usec)   : 500=20.27%, 750=62.60%, 1000=14.73%
  lat (msec)   : 2=2.40%, 10=0.01%, 20=0.01%, 50=0.01%
  cpu          : usr=29.38%, sys=69.61%, ctx=197195, majf=0, minf=38
  IO depths    : 1=0.1%, 2=0.1%, 4=0.1%, 8=0.1%, 16=0.1%, 32=100.0%, >=64=0.0%
     submit    : 0=0.0%, 4=100.0%, 8=0.0%, 16=0.0%, 32=0.0%, 64=0.0%, >=64=0.0%
     complete  : 0=0.0%, 4=100.0%, 8=0.0%, 16=0.0%, 32=0.1%, 64=0.0%, >=64=0.0%
     issued rwt: total=4398288,1882941,0, short=0,0,0, dropped=0,0,0
     latency   : target=0, window=0, percentile=100.00%, depth=32

Run status group 0 (all jobs):
  WRITE: bw=2441MiB/s (2560MB/s), 2441MiB/s-2441MiB/s (2560MB/s-2560MB/s), io=35.8GiB (38.4GB), run=15001-15001msec

Run status group 1 (all jobs):
   READ: bw=185MiB/s (194MB/s), 185MiB/s-185MiB/s (194MB/s-194MB/s), io=5553MiB (5823MB), run=30001-30001msec

Run status group 2 (all jobs):
  WRITE: bw=172MiB/s (181MB/s), 172MiB/s-172MiB/s (181MB/s-181MB/s), io=5171MiB (5422MB), run=30001-30001msec

Run status group 3 (all jobs):
   READ: bw=808MiB/s (847MB/s), 808MiB/s-808MiB/s (847MB/s-847MB/s), io=23.7GiB (25.4GB), run=30001-30001msec

Run status group 4 (all jobs):
  WRITE: bw=818MiB/s (858MB/s), 818MiB/s-818MiB/s (858MB/s-858MB/s), io=23.0GiB (25.7GB), run=30001-30001msec

Run status group 5 (all jobs):
   READ: bw=582MiB/s (610MB/s), 582MiB/s-582MiB/s (610MB/s-610MB/s), io=17.1GiB (18.3GB), run=30001-30001msec
  WRITE: bw=250MiB/s (262MB/s), 250MiB/s-250MiB/s (262MB/s-262MB/s), io=7488MiB (7852MB), run=30001-30001msec

Run status group 6 (all jobs):
   READ: bw=804MiB/s (843MB/s), 804MiB/s-804MiB/s (843MB/s-843MB/s), io=23.6GiB (25.3GB), run=30001-30001msec

Run status group 7 (all jobs):
  WRITE: bw=893MiB/s (936MB/s), 893MiB/s-893MiB/s (936MB/s-936MB/s), io=26.2GiB (28.1GB), run=30001-30001msec

Run status group 8 (all jobs):
   READ: bw=573MiB/s (600MB/s), 573MiB/s-573MiB/s (600MB/s-600MB/s), io=16.8GiB (18.0GB), run=30001-30001msec
  WRITE: bw=245MiB/s (257MB/s), 245MiB/s-245MiB/s (257MB/s-257MB/s), io=7355MiB (7713MB), run=30001-30001msec

Disk stats (read/write):
  sdb: ios=22668193/18551022, merge=0/0, ticks=460380/636684, in_queue=750840, util=74.73%
