[OVERALL], RunTime(ms), 140
[OVERALL], Throughput(ops/sec), 7142.857142857143
[TOTAL_GCS_PS_Scavenge], Count, 0
[TOTAL_GC_TIME_PS_Scavenge], Time(ms), 0
[TOTAL_GC_TIME_%_PS_Scavenge], Time(%), 0.0
[TOTAL_GCS_PS_MarkSweep], Count, 0
[TOTAL_GC_TIME_PS_MarkSweep], Time(ms), 0
[TOTAL_GC_TIME_%_PS_MarkSweep], Time(%), 0.0
[TOTAL_GCs], Count, 0
[TOTAL_GC_TIME], Time(ms), 0
[TOTAL_GC_TIME_%], Time(%), 0.0
[CLEANUP], Operations, 24
[CLEANUP], AverageLatency(us), 46.625
[CLEANUP], MinLatency(us), 22
[CLEANUP], MaxLatency(us), 325
[CLEANUP], 95thPercentileLatency(us), 179
[CLEANUP], 99thPercentileLatency(us), 325
[INSERT], Operations, 1000
[INSERT], AverageLatency(us), 1390.728
[INSERT], MinLatency(us), 232
[INSERT], MaxLatency(us), 20751
[INSERT], 95thPercentileLatency(us), 3981
[INSERT], 99thPercentileLatency(us), 10247
[INSERT], Return=OK, 1000
