[OVERALL], RunTime(ms), 158
[OVERALL], Throughput(ops/sec), 6329.113924050633
[TOTAL_GCS_PS_Scavenge], Count, 0
[TOTAL_GC_TIME_PS_Scavenge], Time(ms), 0
[TOTAL_GC_TIME_%_PS_Scavenge], Time(%), 0.0
[TOTAL_GCS_PS_MarkSweep], Count, 0
[TOTAL_GC_TIME_PS_MarkSweep], Time(ms), 0
[TOTAL_GC_TIME_%_PS_MarkSweep], Time(%), 0.0
[TOTAL_GCs], Count, 0
[TOTAL_GC_TIME], Time(ms), 0
[TOTAL_GC_TIME_%], Time(%), 0.0
[CLEANUP], Operations, 24
[CLEANUP], AverageLatency(us), 55.666666666666664
[CLEANUP], MinLatency(us), 24
[CLEANUP], MaxLatency(us), 428
[CLEANUP], 95thPercentileLatency(us), 307
[CLEANUP], 99thPercentileLatency(us), 428
[INSERT], Operations, 1000
[INSERT], AverageLatency(us), 1508.67
[INSERT], MinLatency(us), 186
[INSERT], MaxLatency(us), 27743
[INSERT], 95thPercentileLatency(us), 5595
[INSERT], 99thPercentileLatency(us), 12319
[INSERT], Return=OK, 1000
