[OVERALL], RunTime(ms), 149
[OVERALL], Throughput(ops/sec), 6711.4093959731545
[TOTAL_GCS_PS_Scavenge], Count, 0
[TOTAL_GC_TIME_PS_Scavenge], Time(ms), 0
[TOTAL_GC_TIME_%_PS_Scavenge], Time(%), 0.0
[TOTAL_GCS_PS_MarkSweep], Count, 0
[TOTAL_GC_TIME_PS_MarkSweep], Time(ms), 0
[TOTAL_GC_TIME_%_PS_MarkSweep], Time(%), 0.0
[TOTAL_GCs], Count, 0
[TOTAL_GC_TIME], Time(ms), 0
[TOTAL_GC_TIME_%], Time(%), 0.0
[CLEANUP], Operations, 24
[CLEANUP], AverageLatency(us), 40.0
[CLEANUP], MinLatency(us), 19
[CLEANUP], MaxLatency(us), 306
[CLEANUP], 95thPercentileLatency(us), 49
[CLEANUP], 99thPercentileLatency(us), 306
[INSERT], Operations, 1000
[INSERT], AverageLatency(us), 1604.31
[INSERT], MinLatency(us), 195
[INSERT], MaxLatency(us), 36511
[INSERT], 95thPercentileLatency(us), 5739
[INSERT], 99thPercentileLatency(us), 18719
[INSERT], Return=OK, 1000
