[OVERALL], RunTime(ms), 185
[OVERALL], Throughput(ops/sec), 5405.405405405405
[TOTAL_GCS_PS_Scavenge], Count, 0
[TOTAL_GC_TIME_PS_Scavenge], Time(ms), 0
[TOTAL_GC_TIME_%_PS_Scavenge], Time(%), 0.0
[TOTAL_GCS_PS_MarkSweep], Count, 0
[TOTAL_GC_TIME_PS_MarkSweep], Time(ms), 0
[TOTAL_GC_TIME_%_PS_MarkSweep], Time(%), 0.0
[TOTAL_GCs], Count, 0
[TOTAL_GC_TIME], Time(ms), 0
[TOTAL_GC_TIME_%], Time(%), 0.0
[CLEANUP], Operations, 24
[CLEANUP], AverageLatency(us), 43.583333333333336
[CLEANUP], MinLatency(us), 21
[CLEANUP], MaxLatency(us), 415
[CLEANUP], 95thPercentileLatency(us), 41
[CLEANUP], 99thPercentileLatency(us), 415
[INSERT], Operations, 1000
[INSERT], AverageLatency(us), 2328.829
[INSERT], MinLatency(us), 199
[INSERT], MaxLatency(us), 31391
[INSERT], 95thPercentileLatency(us), 8567
[INSERT], 99thPercentileLatency(us), 14511
[INSERT], Return=OK, 1000
