[OVERALL], RunTime(ms), 185
[OVERALL], Throughput(ops/sec), 5405.405405405405
[TOTAL_GCS_PS_Scavenge], Count, 0
[TOTAL_GC_TIME_PS_Scavenge], Time(ms), 0
[TOTAL_GC_TIME_%_PS_Scavenge], Time(%), 0.0
[TOTAL_GCS_PS_MarkSweep], Count, 0
[TOTAL_GC_TIME_PS_MarkSweep], Time(ms), 0
[TOTAL_GC_TIME_%_PS_MarkSweep], Time(%), 0.0
[TOTAL_GCs], Count, 0
[TOTAL_GC_TIME], Time(ms), 0
[TOTAL_GC_TIME_%], Time(%), 0.0
[CLEANUP], Operations, 24
[CLEANUP], AverageLatency(us), 46.916666666666664
[CLEANUP], MinLatency(us), 24
[CLEANUP], MaxLatency(us), 288
[CLEANUP], 95thPercentileLatency(us), 58
[CLEANUP], 99thPercentileLatency(us), 288
[INSERT], Operations, 1000
[INSERT], AverageLatency(us), 1772.066
[INSERT], MinLatency(us), 276
[INSERT], MaxLatency(us), 29311
[INSERT], 95thPercentileLatency(us), 5463
[INSERT], 99thPercentileLatency(us), 13871
[INSERT], Return=OK, 1000
