[OVERALL], RunTime(ms), 173
[OVERALL], Throughput(ops/sec), 5780.346820809248
[TOTAL_GCS_PS_Scavenge], Count, 0
[TOTAL_GC_TIME_PS_Scavenge], Time(ms), 0
[TOTAL_GC_TIME_%_PS_Scavenge], Time(%), 0.0
[TOTAL_GCS_PS_MarkSweep], Count, 0
[TOTAL_GC_TIME_PS_MarkSweep], Time(ms), 0
[TOTAL_GC_TIME_%_PS_MarkSweep], Time(%), 0.0
[TOTAL_GCs], Count, 0
[TOTAL_GC_TIME], Time(ms), 0
[TOTAL_GC_TIME_%], Time(%), 0.0
[CLEANUP], Operations, 24
[CLEANUP], AverageLatency(us), 44.125
[CLEANUP], MinLatency(us), 21
[CLEANUP], MaxLatency(us), 310
[CLEANUP], 95thPercentileLatency(us), 128
[CLEANUP], 99thPercentileLatency(us), 310
[INSERT], Operations, 1000
[INSERT], AverageLatency(us), 1503.716
[INSERT], MinLatency(us), 232
[INSERT], MaxLatency(us), 55487
[INSERT], 95thPercentileLatency(us), 4627
[INSERT], 99thPercentileLatency(us), 14487
[INSERT], Return=OK, 1000
