[OVERALL], RunTime(ms), 141
[OVERALL], Throughput(ops/sec), 7092.198581560284
[TOTAL_GCS_PS_Scavenge], Count, 0
[TOTAL_GC_TIME_PS_Scavenge], Time(ms), 0
[TOTAL_GC_TIME_%_PS_Scavenge], Time(%), 0.0
[TOTAL_GCS_PS_MarkSweep], Count, 0
[TOTAL_GC_TIME_PS_MarkSweep], Time(ms), 0
[TOTAL_GC_TIME_%_PS_MarkSweep], Time(%), 0.0
[TOTAL_GCs], Count, 0
[TOTAL_GC_TIME], Time(ms), 0
[TOTAL_GC_TIME_%], Time(%), 0.0
[CLEANUP], Operations, 24
[CLEANUP], AverageLatency(us), 43.5
[CLEANUP], MinLatency(us), 19
[CLEANUP], MaxLatency(us), 426
[CLEANUP], 95thPercentileLatency(us), 49
[CLEANUP], 99thPercentileLatency(us), 426
[INSERT], Operations, 1000
[INSERT], AverageLatency(us), 1224.449
[INSERT], MinLatency(us), 155
[INSERT], MaxLatency(us), 37439
[INSERT], 95thPercentileLatency(us), 3433
[INSERT], 99thPercentileLatency(us), 8927
[INSERT], Return=OK, 1000
