[OVERALL], RunTime(ms), 161
[OVERALL], Throughput(ops/sec), 6211.180124223602
[TOTAL_GCS_PS_Scavenge], Count, 0
[TOTAL_GC_TIME_PS_Scavenge], Time(ms), 0
[TOTAL_GC_TIME_%_PS_Scavenge], Time(%), 0.0
[TOTAL_GCS_PS_MarkSweep], Count, 0
[TOTAL_GC_TIME_PS_MarkSweep], Time(ms), 0
[TOTAL_GC_TIME_%_PS_MarkSweep], Time(%), 0.0
[TOTAL_GCs], Count, 0
[TOTAL_GC_TIME], Time(ms), 0
[TOTAL_GC_TIME_%], Time(%), 0.0
[CLEANUP], Operations, 24
[CLEANUP], AverageLatency(us), 45.291666666666664
[CLEANUP], MinLatency(us), 22
[CLEANUP], MaxLatency(us), 460
[CLEANUP], 95thPercentileLatency(us), 51
[CLEANUP], 99thPercentileLatency(us), 460
[INSERT], Operations, 1000
[INSERT], AverageLatency(us), 1721.288
[INSERT], MinLatency(us), 197
[INSERT], MaxLatency(us), 56159
[INSERT], 95thPercentileLatency(us), 4975
[INSERT], 99thPercentileLatency(us), 35007
[INSERT], Return=OK, 1000
