[OVERALL], RunTime(ms), 188
[OVERALL], Throughput(ops/sec), 5319.148936170212
[TOTAL_GCS_PS_Scavenge], Count, 0
[TOTAL_GC_TIME_PS_Scavenge], Time(ms), 0
[TOTAL_GC_TIME_%_PS_Scavenge], Time(%), 0.0
[TOTAL_GCS_PS_MarkSweep], Count, 0
[TOTAL_GC_TIME_PS_MarkSweep], Time(ms), 0
[TOTAL_GC_TIME_%_PS_MarkSweep], Time(%), 0.0
[TOTAL_GCs], Count, 0
[TOTAL_GC_TIME], Time(ms), 0
[TOTAL_GC_TIME_%], Time(%), 0.0
[CLEANUP], Operations, 24
[CLEANUP], AverageLatency(us), 46.875
[CLEANUP], MinLatency(us), 22
[CLEANUP], MaxLatency(us), 425
[CLEANUP], 95thPercentileLatency(us), 72
[CLEANUP], 99thPercentileLatency(us), 425
[INSERT], Operations, 1000
[INSERT], AverageLatency(us), 1356.534
[INSERT], MinLatency(us), 180
[INSERT], MaxLatency(us), 33759
[INSERT], 95thPercentileLatency(us), 3461
[INSERT], 99thPercentileLatency(us), 10207
[INSERT], Return=OK, 1000
