[OVERALL], RunTime(ms), 401
[OVERALL], Throughput(ops/sec), 2493.7655860349128
[TOTAL_GCS_PS_Scavenge], Count, 0
[TOTAL_GC_TIME_PS_Scavenge], Time(ms), 0
[TOTAL_GC_TIME_%_PS_Scavenge], Time(%), 0.0
[TOTAL_GCS_PS_MarkSweep], Count, 0
[TOTAL_GC_TIME_PS_MarkSweep], Time(ms), 0
[TOTAL_GC_TIME_%_PS_MarkSweep], Time(%), 0.0
[TOTAL_GCs], Count, 0
[TOTAL_GC_TIME], Time(ms), 0
[TOTAL_GC_TIME_%], Time(%), 0.0
[CLEANUP], Operations, 1
[CLEANUP], AverageLatency(us), 546.0
[CLEANUP], MinLatency(us), 546
[CLEANUP], MaxLatency(us), 546
[CLEANUP], 95thPercentileLatency(us), 546
[CLEANUP], 99thPercentileLatency(us), 546
[INSERT], Operations, 1000
[INSERT], AverageLatency(us), 334.136
[INSERT], MinLatency(us), 203
[INSERT], MaxLatency(us), 8167
[INSERT], 95thPercentileLatency(us), 445
[INSERT], 99thPercentileLatency(us), 737
[INSERT], Return=OK, 1000
