[OVERALL], RunTime(ms), 305
[OVERALL], Throughput(ops/sec), 3278.688524590164
[TOTAL_GCS_PS_Scavenge], Count, 0
[TOTAL_GC_TIME_PS_Scavenge], Time(ms), 0
[TOTAL_GC_TIME_%_PS_Scavenge], Time(%), 0.0
[TOTAL_GCS_PS_MarkSweep], Count, 0
[TOTAL_GC_TIME_PS_MarkSweep], Time(ms), 0
[TOTAL_GC_TIME_%_PS_MarkSweep], Time(%), 0.0
[TOTAL_GCs], Count, 0
[TOTAL_GC_TIME], Time(ms), 0
[TOTAL_GC_TIME_%], Time(%), 0.0
[CLEANUP], Operations, 1
[CLEANUP], AverageLatency(us), 552.0
[CLEANUP], MinLatency(us), 552
[CLEANUP], MaxLatency(us), 552
[CLEANUP], 95thPercentileLatency(us), 552
[CLEANUP], 99thPercentileLatency(us), 552
[INSERT], Operations, 1000
[INSERT], AverageLatency(us), 247.915
[INSERT], MinLatency(us), 159
[INSERT], MaxLatency(us), 6579
[INSERT], 95thPercentileLatency(us), 354
[INSERT], 99thPercentileLatency(us), 816
[INSERT], Return=OK, 1000
