[OVERALL], RunTime(ms), 327
[OVERALL], Throughput(ops/sec), 3058.103975535168
[TOTAL_GCS_PS_Scavenge], Count, 0
[TOTAL_GC_TIME_PS_Scavenge], Time(ms), 0
[TOTAL_GC_TIME_%_PS_Scavenge], Time(%), 0.0
[TOTAL_GCS_PS_MarkSweep], Count, 0
[TOTAL_GC_TIME_PS_MarkSweep], Time(ms), 0
[TOTAL_GC_TIME_%_PS_MarkSweep], Time(%), 0.0
[TOTAL_GCs], Count, 0
[TOTAL_GC_TIME], Time(ms), 0
[TOTAL_GC_TIME_%], Time(%), 0.0
[CLEANUP], Operations, 1
[CLEANUP], AverageLatency(us), 590.0
[CLEANUP], MinLatency(us), 590
[CLEANUP], MaxLatency(us), 590
[CLEANUP], 95thPercentileLatency(us), 590
[CLEANUP], 99thPercentileLatency(us), 590
[INSERT], Operations, 1000
[INSERT], AverageLatency(us), 268.168
[INSERT], MinLatency(us), 190
[INSERT], MaxLatency(us), 6803
[INSERT], 95thPercentileLatency(us), 371
[INSERT], 99thPercentileLatency(us), 506
[INSERT], Return=OK, 1000
