[OVERALL], RunTime(ms), 331
[OVERALL], Throughput(ops/sec), 3021.1480362537764
[TOTAL_GCS_PS_Scavenge], Count, 0
[TOTAL_GC_TIME_PS_Scavenge], Time(ms), 0
[TOTAL_GC_TIME_%_PS_Scavenge], Time(%), 0.0
[TOTAL_GCS_PS_MarkSweep], Count, 0
[TOTAL_GC_TIME_PS_MarkSweep], Time(ms), 0
[TOTAL_GC_TIME_%_PS_MarkSweep], Time(%), 0.0
[TOTAL_GCs], Count, 0
[TOTAL_GC_TIME], Time(ms), 0
[TOTAL_GC_TIME_%], Time(%), 0.0
[CLEANUP], Operations, 1
[CLEANUP], AverageLatency(us), 623.0
[CLEANUP], MinLatency(us), 623
[CLEANUP], MaxLatency(us), 623
[CLEANUP], 95thPercentileLatency(us), 623
[CLEANUP], 99thPercentileLatency(us), 623
[INSERT], Operations, 1000
[INSERT], AverageLatency(us), 272.185
[INSERT], MinLatency(us), 198
[INSERT], MaxLatency(us), 6935
[INSERT], 95thPercentileLatency(us), 382
[INSERT], 99thPercentileLatency(us), 608
[INSERT], Return=OK, 1000
