[OVERALL], RunTime(ms), 333
[OVERALL], Throughput(ops/sec), 3003.003003003003
[TOTAL_GCS_PS_Scavenge], Count, 0
[TOTAL_GC_TIME_PS_Scavenge], Time(ms), 0
[TOTAL_GC_TIME_%_PS_Scavenge], Time(%), 0.0
[TOTAL_GCS_PS_MarkSweep], Count, 0
[TOTAL_GC_TIME_PS_MarkSweep], Time(ms), 0
[TOTAL_GC_TIME_%_PS_MarkSweep], Time(%), 0.0
[TOTAL_GCs], Count, 0
[TOTAL_GC_TIME], Time(ms), 0
[TOTAL_GC_TIME_%], Time(%), 0.0
[CLEANUP], Operations, 1
[CLEANUP], AverageLatency(us), 638.0
[CLEANUP], MinLatency(us), 638
[CLEANUP], MaxLatency(us), 638
[CLEANUP], 95thPercentileLatency(us), 638
[CLEANUP], 99thPercentileLatency(us), 638
[INSERT], Operations, 1000
[INSERT], AverageLatency(us), 275.304
[INSERT], MinLatency(us), 201
[INSERT], MaxLatency(us), 6687
[INSERT], 95thPercentileLatency(us), 431
[INSERT], 99thPercentileLatency(us), 616
[INSERT], Return=OK, 1000
