***************************************
*** ###easy### TPC-C Load Generator ***
***************************************
option h with value '192.168.122.77'
option P with value '3306'
option d with value 'benchmarker'
option u with value 'root'
option p with value '123456'
option w with value '11'
option c with value '4'
option r with value '22'
option l with value '60'
option i with value '10'
<Parameters>
     [server]: 192.168.122.77
     [port]: 3306
     [DBname]: benchmarker
       [user]: root
       [pass]: 123456
  [warehouse]: 11
 [connection]: 4
     [rampup]: 22 (sec.)
    [measure]: 60 (sec.)

RAMP-UP TIME.(22 sec.)

MEASURING START.

  10, trx: 2168, 95%: 16.843, 99%: 21.267, max_rt: 35.427, 2163|15.919, 217|5.907, 217|53.607, 216|65.362
  20, trx: 2112, 95%: 17.851, 99%: 23.057, max_rt: 28.996, 2113|18.578, 211|3.781, 211|56.216, 211|63.739
  30, trx: 2094, 95%: 16.970, 99%: 22.796, max_rt: 33.430, 2097|16.011, 210|6.123, 210|44.175, 210|52.351
  40, trx: 2096, 95%: 17.659, 99%: 21.750, max_rt: 28.316, 2091|12.669, 209|5.622, 209|39.974, 209|59.942
  50, trx: 2107, 95%: 17.154, 99%: 21.756, max_rt: 32.290, 2109|14.658, 211|5.017, 211|51.760, 211|61.248
  60, trx: 2143, 95%: 16.693, 99%: 21.077, max_rt: 28.803, 2143|13.211, 214|4.191, 214|46.035, 214|59.037

STOPPING THREADS....

<Raw Results>
  [0] sc:497 lt:12223  rt:0  fl:0 avg_rt: 13.7 (5)
  [1] sc:12376 lt:341  rt:0  fl:0 avg_rt: 3.4 (5)
  [2] sc:1268 lt:4  rt:0  fl:0 avg_rt: 2.0 (5)
  [3] sc:1272 lt:0  rt:0  fl:0 avg_rt: 33.5 (80)
  [4] sc:10 lt:1261  rt:0  fl:0 avg_rt: 51.1 (20)
 in 60 sec.

<Raw Results2(sum ver.)>
  [0] sc:497  lt:12223  rt:0  fl:0 
  [1] sc:12376  lt:341  rt:0  fl:0 
  [2] sc:1268  lt:4  rt:0  fl:0 
  [3] sc:1272  lt:0  rt:0  fl:0 
  [4] sc:10  lt:1261  rt:0  fl:0 

<Constraint Check> (all must be [OK])
 [transaction percentage]
        Payment: 43.47% (>=43.0%) [OK]
   Order-Status: 4.35% (>= 4.0%) [OK]
       Delivery: 4.35% (>= 4.0%) [OK]
    Stock-Level: 4.35% (>= 4.0%) [OK]
 [response time (at least 90% passed)]
      New-Order: 3.91%  [NG] *
        Payment: 97.32%  [OK]
   Order-Status: 99.69%  [OK]
       Delivery: 100.00%  [OK]
    Stock-Level: 0.79%  [NG] *

<TpmC>
                 12720.000 TpmC
