Initializing 200 connections...
Initializing 100 workers and preparing statements...
_elapsed___errors__ops/sec(inst)___ops/sec(cum)__p50(ms)__p95(ms)__p99(ms)_pMax(ms)
      1s        0            0.0            0.0      0.0      0.0      0.0      0.0 delivery
      1s        0            3.3           13.0    167.8    402.7    419.4    419.4 newOrder
      1s        0            0.8            3.0     92.3    201.3    201.3    201.3 orderStatus
      1s        0            3.5           14.0     96.5    285.2    285.2    285.2 payment
      1s        0            0.0            0.0      0.0      0.0      0.0      0.0 stockLevel
      2s        0            1.0            0.5    536.9    536.9    536.9    536.9 delivery
      2s        0           15.0           14.0    369.1    520.1    520.1    520.1 newOrder
      2s        0            2.0            2.5    142.6    318.8    318.8    318.8 orderStatus
      2s        0            7.0           10.5    201.3    838.9    838.9    838.9 payment
      2s        0            0.0            0.0      0.0      0.0      0.0      0.0 stockLevel
      3s        0            1.0            0.7    872.4    872.4    872.4    872.4 delivery
      3s        0           14.0           14.0    385.9    604.0    872.4    872.4 newOrder
      3s        0            0.0            1.7      0.0      0.0      0.0      0.0 orderStatus
      3s        0           18.0           13.0    209.7    704.6    738.2    738.2 payment
      3s        0            3.0            1.0    159.4   1208.0   1208.0   1208.0 stockLevel
      4s        0            1.0            0.7    805.3    805.3    805.3    805.3 delivery
      4s        0            8.0           12.5   1275.1   1677.7   1677.7   1677.7 newOrder
      4s        0            2.0            1.7     88.1    142.6    142.6    142.6 orderStatus
      4s        0           14.0           13.2    209.7    419.4    805.3    805.3 payment
      4s        0            0.0            0.7      0.0      0.0      0.0      0.0 stockLevel
_elapsed___errors__ops/sec(inst)___ops/sec(cum)__p50(ms)__p95(ms)__p99(ms)_pMax(ms)
      5s        0            2.0            1.0    771.8    838.9    838.9    838.9 delivery
      5s        0           13.0           12.6    419.4   2147.5   2952.8   2952.8 newOrder
      5s        0            1.0            1.6     75.5     75.5     75.5     75.5 orderStatus
      5s        0            9.0           12.4    218.1   3221.2   3221.2   3221.2 payment
      5s        0            2.0            1.0     79.7    268.4    268.4    268.4 stockLevel
      6s        0            1.0            1.0    637.5    637.5    637.5    637.5 delivery
      6s        0           13.0           12.7   1342.2   3087.0   3087.0   3087.0 newOrder
      6s        0            1.0            1.5    142.6    142.6    142.6    142.6 orderStatus
      6s        0           15.0           12.8    201.3   2818.6   4563.4   4563.4 payment
      6s        0            3.0            1.3    159.4    604.0    604.0    604.0 stockLevel
      7s        0            1.0            1.0    838.9    838.9    838.9    838.9 delivery
      7s        0           11.0           12.4   1811.9   2415.9   2818.6   2818.6 newOrder
      7s        0            2.0            1.6     92.3    167.8    167.8    167.8 orderStatus
      7s        0            8.0           12.1    260.0   3087.0   3087.0   3087.0 payment
      7s        0            0.0            1.1      0.0      0.0      0.0      0.0 stockLevel
      8s        0            1.0            1.0    872.4    872.4    872.4    872.4 delivery
      8s        0            9.0           12.0    335.5   1208.0   1208.0   1208.0 newOrder
      8s        0            1.0            1.5     96.5     96.5     96.5     96.5 orderStatus
      8s        0           11.0           12.0   1677.7   4563.4   5637.1   5637.1 payment
      8s        0            3.0            1.4    159.4   1342.2   1342.2   1342.2 stockLevel
_elapsed___errors__ops/sec(inst)___ops/sec(cum)__p50(ms)__p95(ms)__p99(ms)_pMax(ms)
      9s        0            1.0            1.0   2550.1   2550.1   2550.1   2550.1 delivery
      9s        0           12.0           12.0   1040.2   3355.4   3758.1   3758.1 newOrder
      9s        0            2.0            1.6     92.3    113.2    113.2    113.2 orderStatus
      9s        0           11.0           11.9    906.0   6442.5   7784.6   7784.6 payment
      9s        0            0.0            1.2      0.0      0.0      0.0      0.0 stockLevel
     10s        0            1.0            1.0    704.6    704.6    704.6    704.6 delivery
     10s        0           16.0           12.4    385.9   4831.8   4831.8   4831.8 newOrder
     10s        0            2.0            1.6    142.6    142.6    142.6    142.6 orderStatus
     10s        0           11.0           11.8    201.3   4563.4   5100.3   5100.3 payment
     10s        0            1.0            1.2     79.7     79.7     79.7     79.7 stockLevel
_elapsed___errors__ops/sec(inst)___ops/sec(cum)__p50(ms)__p95(ms)__p99(ms)_pMax(ms)
      1s        0            0.0            0.0      0.0      0.0      0.0      0.0 delivery
      1s        0            3.0            3.0    436.2    604.0    604.0    604.0 newOrder
      1s        0            2.0            2.0     71.3     79.7     79.7     79.7 orderStatus
      1s        0            1.0            1.0    142.6    142.6    142.6    142.6 payment
      1s        0            1.0            1.0    125.8    125.8    125.8    125.8 stockLevel
      2s        0            0.0            0.0      0.0      0.0      0.0      0.0 delivery
      2s        0            2.0            2.5    201.3    251.7    251.7    251.7 newOrder
      2s        0            0.0            1.0      0.0      0.0      0.0      0.0 orderStatus
      2s        0            5.0            3.0    251.7   1677.7   1677.7   1677.7 payment
      2s        0            0.0            0.5      0.0      0.0      0.0      0.0 stockLevel
      3s        0            1.0            0.3    453.0    453.0    453.0    453.0 delivery
      3s        0            9.0            4.7    335.5   1879.0   1879.0   1879.0 newOrder
      3s        0            1.0            1.0    142.6    142.6    142.6    142.6 orderStatus
      3s        0           12.0            6.0    159.4    872.4    872.4    872.4 payment
      3s        0            4.0            1.7    142.6    939.5    939.5    939.5 stockLevel
      4s        0            3.0            1.0    436.2    503.3    503.3    503.3 delivery
      4s        0            6.0            5.0    486.5   3623.9   3623.9   3623.9 newOrder
      4s        0            0.0            0.8      0.0      0.0      0.0      0.0 orderStatus
      4s        0            6.0            6.0    318.8   3221.2   3221.2   3221.2 payment
      4s        0            0.0            1.3      0.0      0.0      0.0      0.0 stockLevel
_elapsed___errors__ops/sec(inst)___ops/sec(cum)__p50(ms)__p95(ms)__p99(ms)_pMax(ms)
      5s        0            0.0            0.8      0.0      0.0      0.0      0.0 delivery
      5s        0           10.0            6.0    402.7   3623.9   3623.9   3623.9 newOrder
      5s        0            0.0            0.6      0.0      0.0      0.0      0.0 orderStatus
      5s        0            7.0            6.2    142.6   2818.6   2818.6   2818.6 payment
      5s        0            2.0            1.4    142.6    738.2    738.2    738.2 stockLevel
      6s        0            4.0            1.3    570.4   2281.7   2281.7   2281.7 delivery
      6s        0           12.0            7.0    402.7   4563.4   5637.1   5637.1 newOrder
      6s        0            0.0            0.5      0.0      0.0      0.0      0.0 orderStatus
      6s        0            7.0            6.3    151.0   5905.6   5905.6   5905.6 payment
      6s        0            0.0            1.2      0.0      0.0      0.0      0.0 stockLevel
      7s        0            1.0            1.3    436.2    436.2    436.2    436.2 delivery
      7s        0           13.0            7.9    268.4   4563.4   6174.0   6174.0 newOrder
      7s        0            2.0            0.7     67.1     83.9     83.9     83.9 orderStatus
      7s        0           11.0            7.0    260.0   5100.3   6174.0   6174.0 payment
      7s        0            1.0            1.1     88.1     88.1     88.1     88.1 stockLevel
      8s        0            0.0            1.1      0.0      0.0      0.0      0.0 delivery
      8s        0            5.0            7.5    604.0   4563.4   4563.4   4563.4 newOrder
      8s        0            1.0            0.8     83.9     83.9     83.9     83.9 orderStatus
      8s        0            3.0            6.5    285.2    419.4    419.4    419.4 payment
      8s        0            0.0            1.0      0.0      0.0      0.0      0.0 stockLevel
_elapsed___errors__ops/sec(inst)___ops/sec(cum)__p50(ms)__p95(ms)__p99(ms)_pMax(ms)
      9s        0            2.0            1.2    520.1    738.2    738.2    738.2 delivery
      9s        0            7.0            7.4   2952.8   5905.6   5905.6   5905.6 newOrder
      9s        0            3.0            1.0     92.3     96.5     96.5     96.5 orderStatus
      9s        0           10.0            6.9    738.2   7784.6   7784.6   7784.6 payment
      9s        0            2.0            1.1    104.9   2281.7   2281.7   2281.7 stockLevel
     10s        0            2.0            1.3    385.9    453.0    453.0    453.0 delivery
     10s        0            4.0            7.1   1409.3   5100.3   5100.3   5100.3 newOrder
     10s        0            4.0            1.3     71.3    121.6    121.6    121.6 orderStatus
     10s        0            8.0            7.0    142.6   9663.7   9663.7   9663.7 payment
     10s        0            2.0            1.2    130.0   1208.0   1208.0   1208.0 stockLevel
     11s        0            1.0            1.3    520.1    520.1    520.1    520.1 delivery
     11s        0           14.0            7.7    335.5   4563.4   5100.3   5100.3 newOrder
     11s        0            2.0            1.4     79.7    125.8    125.8    125.8 orderStatus
     11s        0           17.0            7.9    209.7   7516.2   7516.2   7516.2 payment
     11s        0            0.0            1.1      0.0      0.0      0.0      0.0 stockLevel
     12s        0            1.0            1.3   1677.7   1677.7   1677.7   1677.7 delivery
     12s        0           12.0            8.1    503.3   5100.3   5368.7   5368.7 newOrder
     12s        0            0.0            1.3      0.0      0.0      0.0      0.0 orderStatus
     12s        0            6.0            7.8    142.6   9126.8   9126.8   9126.8 payment
     12s        0            1.0            1.1    226.5    226.5    226.5    226.5 stockLevel
_elapsed___errors__ops/sec(inst)___ops/sec(cum)__p50(ms)__p95(ms)__p99(ms)_pMax(ms)
     13s        0            1.0            1.2    369.1    369.1    369.1    369.1 delivery
     13s        0           11.0            8.3   1879.0   6979.3   6979.3   6979.3 newOrder
     13s        0            1.0            1.2     96.5     96.5     96.5     96.5 orderStatus
     13s        0           10.0            7.9    973.1   7784.6   7784.6   7784.6 payment
     13s        0            2.0            1.2     92.3    130.0    130.0    130.0 stockLevel
     14s        0            2.0            1.3    335.5   1677.7   1677.7   1677.7 delivery
     14s        0            9.0            8.4    872.4  13421.8  13421.8  13421.8 newOrder
     14s        0            2.0            1.3     62.9    109.1    109.1    109.1 orderStatus
     14s        0            5.0            7.7    671.1   5637.1   5637.1   5637.1 payment
     14s        0            0.0            1.1      0.0      0.0      0.0      0.0 stockLevel
     15s        0            2.0            1.3    402.7   1476.4   1476.4   1476.4 delivery
     15s        0            9.0            8.4    805.3   8321.5   8321.5   8321.5 newOrder
     15s        0            1.0            1.3    142.6    142.6    142.6    142.6 orderStatus
     15s        0            8.0            7.7    209.7   7247.8   7247.8   7247.8 payment
     15s        0            4.0            1.3    142.6   5368.7   5368.7   5368.7 stockLevel
     16s        0            2.0            1.4    805.3    872.4    872.4    872.4 delivery
     16s        0            8.0            8.4    570.4  10200.5  10200.5  10200.5 newOrder
     16s        0            1.0            1.3     88.1     88.1     88.1     88.1 orderStatus
     16s        0           12.0            8.0    285.2  11274.3  12348.0  12348.0 payment
     16s        0            1.0            1.3     75.5     75.5     75.5     75.5 stockLevel
_elapsed___errors__ops/sec(inst)___ops/sec(cum)__p50(ms)__p95(ms)__p99(ms)_pMax(ms)
     17s        0            2.0            1.4    486.5    503.3    503.3    503.3 delivery
     17s        0           15.0            8.8    352.3   6442.5   8321.5   8321.5 newOrder
     17s        0            2.0            1.3    109.1    167.8    167.8    167.8 orderStatus
     17s        0           11.0            8.2    184.5   8053.1  16643.0  16643.0 payment
     17s        0            3.0            1.4    121.6    142.6    142.6    142.6 stockLevel
     18s        0            1.0            1.4    385.9    385.9    385.9    385.9 delivery
     18s        0           11.0            8.9    872.4   5100.3   5637.1   5637.1 newOrder
     18s        0            1.0            1.3     71.3     71.3     71.3     71.3 orderStatus
     18s        0           11.0            8.3    604.0   5905.6   9663.7   9663.7 payment
     18s        0            2.0            1.4    318.8   4563.4   4563.4   4563.4 stockLevel
     19s        0            1.0            1.4    352.3    352.3    352.3    352.3 delivery
     19s        0           12.0            9.1    369.1   1275.1   4831.8   4831.8 newOrder
     19s        0            5.0            1.5     71.3     79.7     79.7     79.7 orderStatus
     19s        0           14.0            8.6   1342.2  10200.5  15569.3  15569.3 payment
     19s        0            3.0            1.5    243.3    369.1    369.1    369.1 stockLevel
     20s        0            2.0            1.4    436.2    436.2    436.2    436.2 delivery
     20s        0           15.0            9.4   1610.6   7784.6   9663.7   9663.7 newOrder
     20s        0            2.0            1.5     96.5    104.9    104.9    104.9 orderStatus
     20s        0           10.0            8.7    151.0   7247.8   7247.8   7247.8 payment
     20s        0            4.0            1.6    121.6   3355.4   3355.4   3355.4 stockLevel
_elapsed___errors__ops/sec(inst)___ops/sec(cum)__p50(ms)__p95(ms)__p99(ms)_pMax(ms)
     21s        0            2.0            1.4    402.7   1811.9   1811.9   1811.9 delivery
     21s        0           10.0            9.4    226.5   4295.0   4295.0   4295.0 newOrder
     21s        0            1.0            1.5     71.3     71.3     71.3     71.3 orderStatus
     21s        0           14.0            9.0   1543.5  19327.4  20401.1  20401.1 payment
     21s        0            0.0            1.5      0.0      0.0      0.0      0.0 stockLevel
     22s        0            1.0            1.4    604.0    604.0    604.0    604.0 delivery
     22s        0           16.0            9.7    352.3   6174.0   9126.8   9126.8 newOrder
     22s        0            1.0            1.5     96.5     96.5     96.5     96.5 orderStatus
     22s        0            7.0            8.9    121.6  13958.6  13958.6  13958.6 payment
     22s        0            0.0            1.5      0.0      0.0      0.0      0.0 stockLevel
     23s        0            1.0            1.4    318.8    318.8    318.8    318.8 delivery
     23s        0           12.0            9.8    285.2   8589.9  17179.9  17179.9 newOrder
     23s        0            2.0            1.5     41.9     75.5     75.5     75.5 orderStatus
     23s        0           12.0            9.0    121.6   3892.3  13421.8  13421.8 payment
     23s        0            2.0            1.5    104.9    704.6    704.6    704.6 stockLevel
     24s        0            1.0            1.4   1006.6   1006.6   1006.6   1006.6 delivery
     24s        0           12.0            9.9    243.3   5100.3   5100.3   5100.3 newOrder
     24s        0            0.0            1.4      0.0      0.0      0.0      0.0 orderStatus
     24s        0           11.0            9.1    117.4   1342.2   9663.7   9663.7 payment
     24s        0            0.0            1.4      0.0      0.0      0.0      0.0 stockLevel
_elapsed___errors__ops/sec(inst)___ops/sec(cum)__p50(ms)__p95(ms)__p99(ms)_pMax(ms)
     25s        0            0.0            1.3      0.0      0.0      0.0      0.0 delivery
     25s        0           12.0           10.0    520.1   4295.0   5637.1   5637.1 newOrder
     25s        0            1.0            1.4     71.3     71.3     71.3     71.3 orderStatus
     25s        0            7.0            9.0    167.8   2281.7   2281.7   2281.7 payment
     25s        0            1.0            1.4    121.6    121.6    121.6    121.6 stockLevel
     26s        0            1.0            1.3    402.7    402.7    402.7    402.7 delivery
     26s        0           17.0           10.2    268.4   7247.8  10737.4  10737.4 newOrder
     26s        0            1.0            1.4     75.5     75.5     75.5     75.5 orderStatus
     26s        0           15.0            9.2    109.1   1744.8  17179.9  17179.9 payment
     26s        0            1.0            1.4    142.6    142.6    142.6    142.6 stockLevel
     27s        0            1.0            1.3    385.9    385.9    385.9    385.9 delivery
     27s        0           16.0           10.4    201.3   7247.8   7516.2   7516.2 newOrder
     27s        0            1.0            1.4     83.9     83.9     83.9     83.9 orderStatus
     27s        0           16.0            9.5    117.4  11274.3  14495.5  14495.5 payment
     27s        0            4.0            1.5     83.9     92.3     92.3     92.3 stockLevel
     28s        0            2.0            1.3    453.0    536.9    536.9    536.9 delivery
     28s        0           14.0           10.6    436.2   5905.6  18253.6  18253.6 newOrder
     28s        0            3.0            1.4    142.6    151.0    151.0    151.0 orderStatus
     28s        0            9.0            9.5    159.4  10200.5  10200.5  10200.5 payment
     28s        0            0.0            1.4      0.0      0.0      0.0      0.0 stockLevel
_elapsed___errors__ops/sec(inst)___ops/sec(cum)__p50(ms)__p95(ms)__p99(ms)_pMax(ms)
     29s        0            1.0            1.3    352.3    352.3    352.3    352.3 delivery
     29s        0           14.0           10.7    234.9   7784.6  10737.4  10737.4 newOrder
     29s        0            2.0            1.4     65.0     75.5     75.5     75.5 orderStatus
     29s        0           25.0           10.0    117.4  14495.5  23622.3  23622.3 payment
     29s        0            0.0            1.4      0.0      0.0      0.0      0.0 stockLevel
     30s        0            0.0            1.3      0.0      0.0      0.0      0.0 delivery
     30s        0           18.0           10.9    302.0   1275.1   4831.8   4831.8 newOrder
     30s        0            3.0            1.5     75.5    104.9    104.9    104.9 orderStatus
     30s        0           12.0           10.1    121.6  10200.5  15032.4  15032.4 payment
     30s        0            2.0            1.4    104.9    486.5    486.5    486.5 stockLevel
     31s        0            3.0            1.3    637.5   1275.1   1275.1   1275.1 delivery
     31s        0           14.0           11.0    318.8   9126.8  12884.9  12884.9 newOrder
     31s        0            1.0            1.5    125.8    125.8    125.8    125.8 orderStatus
     31s        0            7.0           10.0    151.0  11274.3  11274.3  11274.3 payment
     31s        0            0.0            1.4      0.0      0.0      0.0      0.0 stockLevel
     32s        0            1.0            1.3    385.9    385.9    385.9    385.9 delivery
     32s        0           13.0           11.1    604.0  12884.9  12884.9  12884.9 newOrder
     32s        0            1.0            1.5     75.5     75.5     75.5     75.5 orderStatus
     32s        0           20.0           10.3    159.4   7516.2  11811.2  11811.2 payment
     32s        0            1.0            1.3    159.4    159.4    159.4    159.4 stockLevel
_elapsed___errors__ops/sec(inst)___ops/sec(cum)__p50(ms)__p95(ms)__p99(ms)_pMax(ms)
     33s        0            0.0            1.3      0.0      0.0      0.0      0.0 delivery
     33s        0           19.0           11.3    251.7   7247.8  12348.0  12348.0 newOrder
     33s        0            0.0            1.4      0.0      0.0      0.0      0.0 orderStatus
     33s        0           10.0           10.3    159.4  32212.3  32212.3  32212.3 payment
     33s        0            2.0            1.4    973.1   5637.1   5637.1   5637.1 stockLevel
     34s        0            0.0            1.2      0.0      0.0      0.0      0.0 delivery
     34s        0           14.0           11.4    335.5   7247.8  10200.5  10200.5 newOrder
     34s        0            0.0            1.4      0.0      0.0      0.0      0.0 orderStatus
     34s        0           10.0           10.3    671.1  32212.3  32212.3  32212.3 payment
     34s        0            0.0            1.3      0.0      0.0      0.0      0.0 stockLevel
     35s        0            0.0            1.2      0.0      0.0      0.0      0.0 delivery
     35s        0            9.0           11.3    385.9   5100.3   5100.3   5100.3 newOrder
     35s        0            1.0            1.4    125.8    125.8    125.8    125.8 orderStatus
     35s        0           13.0           10.3    117.4  20401.1  21474.8  21474.8 payment
     35s        0            3.0            1.4     79.7    251.7    251.7    251.7 stockLevel
     36s        0            3.0            1.3    503.3    771.8    771.8    771.8 delivery
     36s        0           11.0           11.3    302.0   1140.9   4026.5   4026.5 newOrder
     36s        0            1.0            1.4    113.2    113.2    113.2    113.2 orderStatus
     36s        0           11.0           10.4    637.5  18253.6  19327.4  19327.4 payment
     36s        0            1.0            1.4     79.7     79.7     79.7     79.7 stockLevel
_elapsed___errors__ops/sec(inst)___ops/sec(cum)__p50(ms)__p95(ms)__p99(ms)_pMax(ms)
     37s        0            1.0            1.2    436.2    436.2    436.2    436.2 delivery
     37s        0           14.0           11.4    251.7   1342.2   8053.1   8053.1 newOrder
     37s        0            1.0            1.4     71.3     71.3     71.3     71.3 orderStatus
     37s        0           20.0           10.6    109.1  32212.3  34359.7  34359.7 payment
     37s        0            2.0            1.4     96.5    184.5    184.5    184.5 stockLevel
     38s        0            1.0            1.2    486.5    486.5    486.5    486.5 delivery
     38s        0           11.0           11.4    520.1   6979.3   8321.5   8321.5 newOrder
     38s        0            2.0            1.4     75.5     79.7     79.7     79.7 orderStatus
     38s        0           14.0           10.7    121.6   9126.8  11274.3  11274.3 payment
     38s        0            0.0            1.3      0.0      0.0      0.0      0.0 stockLevel
     39s        0            3.0            1.3    436.2    436.2    436.2    436.2 delivery
     39s        0            9.0           11.3    268.4  15032.4  15032.4  15032.4 newOrder
     39s        0            3.0            1.4     83.9    125.8    125.8    125.8 orderStatus
     39s        0           18.0           10.9    176.2  19327.4  32212.3  32212.3 payment
     39s        0            2.0            1.4     79.7     79.7     79.7     79.7 stockLevel
     40s        0            1.0            1.3    419.4    419.4    419.4    419.4 delivery
     40s        0           19.0           11.5    260.0  17179.9  17179.9  17179.9 newOrder
     40s        0            0.0            1.4      0.0      0.0      0.0      0.0 orderStatus
     40s        0           16.0           11.0    130.0  18253.6  33286.0  33286.0 payment
     40s        0            0.0            1.3      0.0      0.0      0.0      0.0 stockLevel
_elapsed___errors__ops/sec(inst)___ops/sec(cum)__p50(ms)__p95(ms)__p99(ms)_pMax(ms)
     41s        0            0.0            1.2      0.0      0.0      0.0      0.0 delivery
     41s        0           18.0           11.7    604.0  10200.5  16106.1  16106.1 newOrder
     41s        0            1.0            1.4     83.9     83.9     83.9     83.9 orderStatus
     41s        0           10.0           11.0    134.2  28991.0  28991.0  28991.0 payment
     41s        0            2.0            1.3     71.3    369.1    369.1    369.1 stockLevel
     42s        0            2.0            1.3    469.8    604.0    604.0    604.0 delivery
     42s        0           11.0           11.7    335.5  10200.5  10737.4  10737.4 newOrder
     42s        0            3.0            1.4    100.7    104.9    104.9    104.9 orderStatus
     42s        0            8.0           10.9    234.9  30064.8  30064.8  30064.8 payment
     42s        0            1.0            1.3   5368.7   5368.7   5368.7   5368.7 stockLevel
     43s        0            1.0            1.3    570.4    570.4    570.4    570.4 delivery
     43s        0           13.0           11.7    302.0  13958.6  16106.1  16106.1 newOrder
     43s        0            1.0            1.4     75.5     75.5     75.5     75.5 orderStatus
     43s        0            7.0           10.8    151.0  18253.6  18253.6  18253.6 payment
     43s        0            2.0            1.3    113.2   1006.6   1006.6   1006.6 stockLevel
     44s        0            2.0            1.3    469.8    469.8    469.8    469.8 delivery
     44s        0           19.0           11.9    285.2  10737.4  25769.8  25769.8 newOrder
     44s        0            0.0            1.4      0.0      0.0      0.0      0.0 orderStatus
     44s        0            9.0           10.8    117.4  38654.7  38654.7  38654.7 payment
     44s        0            2.0            1.4     88.1   5368.7   5368.7   5368.7 stockLevel
_elapsed___errors__ops/sec(inst)___ops/sec(cum)__p50(ms)__p95(ms)__p99(ms)_pMax(ms)
     45s        0            1.0            1.3   1208.0   1208.0   1208.0   1208.0 delivery
     45s        0           15.0           11.9    469.8   9663.7  27917.3  27917.3 newOrder
     45s        0            0.0            1.3      0.0      0.0      0.0      0.0 orderStatus
     45s        0           15.0           10.9    134.2   7247.8  19327.4  19327.4 payment
     45s        0            0.0            1.3      0.0      0.0      0.0      0.0 stockLevel
     46s        0            1.0            1.3    536.9    536.9    536.9    536.9 delivery
     46s        0           18.0           12.1    302.0  13958.6  13958.6  13958.6 newOrder
     46s        0            1.0            1.3     96.5     96.5     96.5     96.5 orderStatus
     46s        0            9.0           10.8    151.0  30064.8  30064.8  30064.8 payment
     46s        0            1.0            1.3    142.6    142.6    142.6    142.6 stockLevel
     47s        0            2.0            1.3    419.4    469.8    469.8    469.8 delivery
     47s        0           17.0           12.2    243.3  10200.5  10737.4  10737.4 newOrder
     47s        0            0.0            1.3      0.0      0.0      0.0      0.0 orderStatus
     47s        0           19.0           11.0    151.0  19327.4  38654.7  38654.7 payment
     47s        0            2.0            1.3    738.2   5637.1   5637.1   5637.1 stockLevel
     48s        0            2.0            1.3    436.2    503.3    503.3    503.3 delivery
     48s        0           13.0           12.2    243.3   1946.2   8053.1   8053.1 newOrder
     48s        0            1.0            1.3     92.3     92.3     92.3     92.3 orderStatus
     48s        0            8.0           11.0    302.0  12348.0  12348.0  12348.0 payment
     48s        0            1.0            1.3    771.8    771.8    771.8    771.8 stockLevel
_elapsed___errors__ops/sec(inst)___ops/sec(cum)__p50(ms)__p95(ms)__p99(ms)_pMax(ms)
     49s        0            1.0            1.3    805.3    805.3    805.3    805.3 delivery
     49s        0           15.0           12.2    234.9   2818.6   7784.6   7784.6 newOrder
     49s        0            0.0            1.3      0.0      0.0      0.0      0.0 orderStatus
     49s        0           11.0           11.0   1275.1   7784.6  38654.7  38654.7 payment
     49s        0            1.0            1.3   2415.9   2415.9   2415.9   2415.9 stockLevel
     50s        0            1.0            1.3    402.7    402.7    402.7    402.7 delivery
     50s        0           12.0           12.2    234.9   3355.4  11811.2  11811.2 newOrder
     50s        0            4.0            1.3     71.3    117.4    117.4    117.4 orderStatus
     50s        0           17.0           11.1    151.0  24696.1  33286.0  33286.0 payment
     50s        0            1.0            1.3     83.9     83.9     83.9     83.9 stockLevel
     51s        0            1.0            1.3    453.0    453.0    453.0    453.0 delivery
     51s        0            6.0           12.1    184.5    402.7    402.7    402.7 newOrder
     51s        0            1.0            1.3     79.7     79.7     79.7     79.7 orderStatus
     51s        0           15.0           11.2    234.9  19327.4  47244.6  47244.6 payment
     51s        0            0.0            1.3      0.0      0.0      0.0      0.0 stockLevel
     52s        0            0.0            1.3      0.0      0.0      0.0      0.0 delivery
     52s        0           14.0           12.2    436.2   7784.6  11274.3  11274.3 newOrder
     52s        0            1.0            1.3     92.3     92.3     92.3     92.3 orderStatus
     52s        0           15.0           11.2    142.6   1073.7  20401.1  20401.1 payment
     52s        0            2.0            1.3     92.3    125.8    125.8    125.8 stockLevel
_elapsed___errors__ops/sec(inst)___ops/sec(cum)__p50(ms)__p95(ms)__p99(ms)_pMax(ms)
     53s        0            0.0            1.2      0.0      0.0      0.0      0.0 delivery
     53s        0           19.0           12.3    402.7   6979.3  12884.9  12884.9 newOrder
     53s        0            2.0            1.3     71.3     75.5     75.5     75.5 orderStatus
     53s        0           16.0           11.3    536.9  18253.6  28991.0  28991.0 payment
     53s        0            0.0            1.3      0.0      0.0      0.0      0.0 stockLevel
     54s        0            1.0            1.2    453.0    453.0    453.0    453.0 delivery
     54s        0           16.0           12.4    285.2  11811.2  11811.2  11811.2 newOrder
     54s        0            0.0            1.3      0.0      0.0      0.0      0.0 orderStatus
     54s        0           12.0           11.3    125.8  12884.9  20401.1  20401.1 payment
     54s        0            0.0            1.3      0.0      0.0      0.0      0.0 stockLevel
     55s        0            0.0            1.2      0.0      0.0      0.0      0.0 delivery
     55s        0            5.0           12.2    243.3    419.4    419.4    419.4 newOrder
     55s        0            0.0            1.3      0.0      0.0      0.0      0.0 orderStatus
     55s        0            9.0           11.3   1744.8  15569.3  15569.3  15569.3 payment
     55s        0            1.0            1.3   4831.8   4831.8   4831.8   4831.8 stockLevel
     56s        0            1.0            1.2   2818.6   2818.6   2818.6   2818.6 delivery
     56s        0            8.0           12.1   1208.0   7784.6   7784.6   7784.6 newOrder
     56s        0            3.0            1.3     56.6    520.1    520.1    520.1 orderStatus
     56s        0            9.0           11.3     75.5   6710.9   6710.9   6710.9 payment
     56s        0            0.0            1.2      0.0      0.0      0.0      0.0 stockLevel
_elapsed___errors__ops/sec(inst)___ops/sec(cum)__p50(ms)__p95(ms)__p99(ms)_pMax(ms)
     57s        0            1.0            1.2    419.4    419.4    419.4    419.4 delivery
     57s        0           14.0           12.2    520.1   4026.5   7516.2   7516.2 newOrder
     57s        0            2.0            1.3     88.1     96.5     96.5     96.5 orderStatus
     57s        0           16.0           11.3    142.6   2818.6  11274.3  11274.3 payment
     57s        0            1.0            1.2    704.6    704.6    704.6    704.6 stockLevel
     58s        0            3.0            1.2    453.0    469.8    469.8    469.8 delivery
     58s        0           14.0           12.2    251.7    939.5   1610.6   1610.6 newOrder
     58s        0            2.0            1.3    151.0    234.9    234.9    234.9 orderStatus
     58s        0           13.0           11.4    130.0    771.8   5905.6   5905.6 payment
     58s        0            2.0            1.2    100.7    637.5    637.5    637.5 stockLevel
     59s        0            1.0            1.2    335.5    335.5    335.5    335.5 delivery
     59s        0           12.0           12.2    184.5    436.2   1040.2   1040.2 newOrder
     59s        0            1.0            1.3    121.6    121.6    121.6    121.6 orderStatus
     59s        0           15.0           11.4    167.8   6174.0   7784.6   7784.6 payment
     59s        0            2.0            1.3    121.6    260.0    260.0    260.0 stockLevel
    1m0s        0            2.0            1.2    520.1    604.0    604.0    604.0 delivery
    1m0s        0           13.0           12.2    352.3   1342.2   1409.3   1409.3 newOrder
    1m0s        0            2.0            1.3    104.9    109.1    109.1    109.1 orderStatus
    1m0s        0           27.0           11.7    184.5   2281.7   6174.0   6174.0 payment
    1m0s        0            0.0            1.2      0.0      0.0      0.0      0.0 stockLevel

_elapsed___errors_____ops(total)___ops/sec(cum)__avg(ms)__p50(ms)__p95(ms)__p99(ms)_pMax(ms)__total
   60.0s        0             74            1.2    639.3    469.8   1677.7   2281.7   2818.6  delivery
   60.0s        0            733           12.2   1833.0    318.8   9663.7  16106.1  27917.3  newOrder
   60.0s        0             80            1.3     95.7     83.9    151.0    234.9    520.1  orderStatus
   60.0s        0            701           11.7   2770.2    159.4  18253.6  32212.3  47244.6  payment
   60.0s        0             74            1.2    818.5    142.6   5368.7   5637.1   5637.1  stockLevel

_elapsed___errors_____ops(total)___ops/sec(cum)__avg(ms)__p50(ms)__p95(ms)__p99(ms)_pMax(ms)__result
   60.0s        0           1662           27.7   2046.3    268.4  11274.3  24696.1  47244.6  
Audit check 9.2.1.7: SKIP: not enough delivery transactions to be statistically significant
Audit check 9.2.2.5.1: SKIP: not enough orders to be statistically significant
Audit check 9.2.2.5.2: SKIP: not enough orders to be statistically significant
Audit check 9.2.2.5.3: SKIP: not enough orders to be statistically significant
Audit check 9.2.2.5.4: SKIP: not enough payments to be statistically significant
Audit check 9.2.2.5.5: SKIP: not enough payments to be statistically significant
Audit check 9.2.2.5.6: SKIP: not enough order status transactions to be statistically significant

_elapsed_______tpmC____efc__avg(ms)__p50(ms)__p90(ms)__p95(ms)__p99(ms)_pMax(ms)
   60.0s      733.0 570.0%   1833.0    318.8   6174.0   9663.7  16106.1  27917.3
