Initializing 100 connections...
Initializing 100 workers and preparing statements...
_elapsed___errors__ops/sec(inst)___ops/sec(cum)__p50(ms)__p95(ms)__p99(ms)_pMax(ms)
      1s        0            6.0            9.0     50.3     79.7     79.7     79.7 delivery
      1s        0           70.4          106.0     26.2     56.6     71.3     96.5 newOrder
      1s        0            7.3           11.0      3.8      4.5      5.0      5.0 orderStatus
      1s        0           71.0          107.0     11.5     31.5     71.3     83.9 payment
      1s        0            5.3            8.0     12.1     32.5     32.5     32.5 stockLevel
      2s        0           17.0           13.0     71.3    117.4    142.6    142.6 delivery
      2s        0          174.0          140.0     33.6     88.1    151.0    159.4 newOrder
      2s        0           19.0           15.0      4.7     11.0     12.1     12.1 orderStatus
      2s        0          163.0          135.0     17.8     83.9    209.7    268.4 payment
      2s        0           21.0           14.5     14.2     35.7     60.8     60.8 stockLevel
      3s        0           25.0           17.0     56.6    218.1    402.7    402.7 delivery
      3s        0          189.0          156.3     39.8    192.9    285.2    369.1 newOrder
      3s        0           15.0           15.0      4.1      6.3     16.3     16.3 orderStatus
      3s        0          165.0          145.0     23.1    285.2    536.9    771.8 payment
      3s        0           16.0           15.0     14.7     60.8     79.7     79.7 stockLevel
      4s        0           18.0           17.2     56.6    184.5    192.9    192.9 delivery
      4s        0          179.0          162.0     37.7    243.3    469.8    520.1 newOrder
      4s        0           17.0           15.5      3.5      5.2      6.0      6.0 orderStatus
      4s        0          185.0          155.0     17.8    302.0    604.0    973.1 payment
      4s        0           21.0           16.5     13.1     54.5    130.0    130.0 stockLevel
_elapsed___errors__ops/sec(inst)___ops/sec(cum)__p50(ms)__p95(ms)__p99(ms)_pMax(ms)
      5s        0           16.0           17.0     52.4     92.3    218.1    218.1 delivery
      5s        0          192.0          168.0     39.8    192.9    335.5    671.1 newOrder
      5s        0           23.0           17.0      3.9      9.4     24.1     24.1 orderStatus
      5s        0          194.0          162.8     24.1    570.4   1275.1   1342.2 payment
      5s        0           20.0           17.2     19.9    159.4    192.9    192.9 stockLevel
      6s        0           15.0           16.7     52.4    192.9    209.7    209.7 delivery
      6s        0          186.0          171.0     32.5    352.3    637.5   1006.6 newOrder
      6s        0           17.0           17.0      3.1      6.8      8.1      8.1 orderStatus
      6s        0          184.0          166.3     17.8    369.1   1409.3   2415.9 payment
      6s        0           18.0           17.3     15.7     48.2     50.3     50.3 stockLevel
      7s        0           19.0           17.0     50.3     92.3    142.6    142.6 delivery
      7s        0          172.0          171.1     37.7    419.4    637.5   1275.1 newOrder
      7s        0           23.0           17.9      3.7      6.8      7.9      7.9 orderStatus
      7s        0          188.0          169.4     22.0    302.0   1677.7   2281.7 payment
      7s        0           16.0           17.1     12.1     16.8     39.8     39.8 stockLevel
      8s        0           21.0           17.5     48.2    130.0    134.2    134.2 delivery
      8s        0          151.0          168.6     29.4   1006.6   1677.7   1946.2 newOrder
      8s        0           14.0           17.4      3.8      6.6      6.8      6.8 orderStatus
      8s        0          143.0          166.1     13.1     79.7   2281.7   3489.7 payment
      8s        0           14.0           16.7     14.7    268.4    503.3    503.3 stockLevel
_elapsed___errors__ops/sec(inst)___ops/sec(cum)__p50(ms)__p95(ms)__p99(ms)_pMax(ms)
      9s        0           16.0           17.3     46.1     71.3     88.1     88.1 delivery
      9s        0          151.9          166.8     33.6    369.1    906.0   1811.9 newOrder
      9s        0           17.0           17.3      3.8      8.9     14.7     14.7 orderStatus
      9s        0          155.9          165.0     19.9    436.2   2818.6   2818.6 payment
      9s        0           12.0           16.2     12.1     50.3    637.5    637.5 stockLevel
     10s        0            5.0           16.1     48.2    218.1    218.1    218.1 delivery
     10s        0           56.0          155.7     27.3    520.1    939.5   1476.4 newOrder
     10s        0            8.0           16.4      4.2    335.5    335.5    335.5 orderStatus
     10s        0           54.0          153.9     10.5   2684.4   4160.7   4831.8 payment
     10s        0            1.0           14.7     12.1     12.1     12.1     12.1 stockLevel
_elapsed___errors__ops/sec(inst)___ops/sec(cum)__p50(ms)__p95(ms)__p99(ms)_pMax(ms)
      1s        0           13.0           13.0    100.7    226.5    243.3    243.3 delivery
      1s        0           88.1           88.1     50.3    302.0    419.4    520.1 newOrder
      1s        0           11.0           11.0      4.5      5.8      7.3      7.3 orderStatus
      1s        0           98.1           98.1     22.0    201.3    503.3    503.3 payment
      1s        0           16.0           16.0     39.8    218.1    671.1    671.1 stockLevel
      2s        0            9.0           11.0     62.9    151.0    151.0    151.0 delivery
      2s        0          111.9          100.0     37.7    167.8    352.3    973.1 newOrder
      2s        0           15.0           13.0     10.5     41.9     41.9     41.9 orderStatus
      2s        0          114.9          106.6     21.0    486.5   1140.9   1208.0 payment
      2s        0           11.0           13.5     25.2     60.8    260.0    260.0 stockLevel
      3s        0           10.0           10.7     60.8    285.2    285.2    285.2 delivery
      3s        0          108.0          102.7     46.1   1476.4   1879.0   2147.5 newOrder
      3s        0           10.0           12.0      3.9     26.2     26.2     26.2 orderStatus
      3s        0           74.0           95.7     21.0    121.6    142.6    260.0 payment
      3s        0           12.0           13.0     22.0    906.0   1006.6   1006.6 stockLevel
      4s        0            7.0            9.8     46.1     92.3     92.3     92.3 delivery
      4s        0           51.0           89.8     27.3    167.8    453.0    671.1 newOrder
      4s        0            3.0            9.8      5.2     37.7     37.7     37.7 orderStatus
      4s        0           43.0           82.5     13.6     92.3    130.0    130.0 payment
      4s        0            2.0           10.3     10.0     11.0     11.0     11.0 stockLevel
_elapsed___errors__ops/sec(inst)___ops/sec(cum)__p50(ms)__p95(ms)__p99(ms)_pMax(ms)
      5s        0            0.0            7.8      0.0      0.0      0.0      0.0 delivery
      5s        0            0.0           71.8      0.0      0.0      0.0      0.0 newOrder
      5s        0            0.0            7.8      0.0      0.0      0.0      0.0 orderStatus
      5s        0            0.0           66.0      0.0      0.0      0.0      0.0 payment
      5s        0            0.0            8.2      0.0      0.0      0.0      0.0 stockLevel
      6s        0            1.0            6.7     48.2     48.2     48.2     48.2 delivery
      6s        0           17.0           62.7     41.9   2550.1   3758.1   3758.1 newOrder
      6s        0            0.0            6.5      0.0      0.0      0.0      0.0 orderStatus
      6s        0           11.0           56.8     11.0     19.9     60.8     60.8 payment
      6s        0            3.0            7.3     15.7   2550.1   2550.1   2550.1 stockLevel
      7s        0            2.0            6.0     60.8   1208.0   1208.0   1208.0 delivery
      7s        0           22.0           56.9     29.4   3892.3   6442.5   6442.5 newOrder
      7s        0            1.0            5.7      3.7      3.7      3.7      3.7 orderStatus
      7s        0           22.0           51.9     50.3   5637.1   5637.1   5637.1 payment
      7s        0            0.0            6.3      0.0      0.0      0.0      0.0 stockLevel
      8s        0            4.0            5.8     50.3    142.6    142.6    142.6 delivery
      8s        0           56.0           56.8     35.7    939.5   2013.3   4160.7 newOrder
      8s        0            4.0            5.5      3.9     10.5     10.5     10.5 orderStatus
      8s        0           54.0           52.1     10.5    402.7    536.9   4563.4 payment
      8s        0            4.0            6.0     13.6    335.5    335.5    335.5 stockLevel
_elapsed___errors__ops/sec(inst)___ops/sec(cum)__p50(ms)__p95(ms)__p99(ms)_pMax(ms)
      9s        0            0.0            5.1      0.0      0.0      0.0      0.0 delivery
      9s        0            2.0           50.7   1140.9   2147.5   2147.5   2147.5 newOrder
      9s        0            0.0            4.9      0.0      0.0      0.0      0.0 orderStatus
      9s        0            0.0           46.3      0.0      0.0      0.0      0.0 payment
      9s        0            0.0            5.3      0.0      0.0      0.0      0.0 stockLevel
     10s        0            0.0            4.6      0.0      0.0      0.0      0.0 delivery
     10s        0            0.0           45.6      0.0      0.0      0.0      0.0 newOrder
     10s        0            0.0            4.4      0.0      0.0      0.0      0.0 orderStatus
     10s        0            0.0           41.7      0.0      0.0      0.0      0.0 payment
     10s        0            0.0            4.8      0.0      0.0      0.0      0.0 stockLevel
     11s        0            0.0            4.2      0.0      0.0      0.0      0.0 delivery
     11s        0            0.0           41.5      0.0      0.0      0.0      0.0 newOrder
     11s        0            0.0            4.0      0.0      0.0      0.0      0.0 orderStatus
     11s        0            0.0           37.9      0.0      0.0      0.0      0.0 payment
     11s        0            0.0            4.4      0.0      0.0      0.0      0.0 stockLevel
     12s        0            3.0            4.1     54.5     65.0     65.0     65.0 delivery
     12s        0           54.0           42.5     35.7   4295.0   5100.3   5100.3 newOrder
     12s        0            4.0            4.0      4.7    130.0    130.0    130.0 orderStatus
     12s        0           41.0           38.2     15.2  10200.5  10737.4  10737.4 payment
     12s        0            6.0            4.5     19.9    201.3    201.3    201.3 stockLevel
_elapsed___errors__ops/sec(inst)___ops/sec(cum)__p50(ms)__p95(ms)__p99(ms)_pMax(ms)
     13s        0            3.0            4.0     48.2    117.4    117.4    117.4 delivery
     13s        0           46.0           42.8     41.9    243.3    352.3    352.3 newOrder
     13s        0            6.0            4.2      5.2    192.9    192.9    192.9 orderStatus
     13s        0           38.0           38.2     17.8    201.3   9663.7   9663.7 payment
     13s        0            2.0            4.3     12.6     14.7     14.7     14.7 stockLevel
     14s        0            1.0            3.8     50.3     50.3     50.3     50.3 delivery
     14s        0            5.0           40.1   1409.3   1610.6   1610.6   1610.6 newOrder
     14s        0            0.0            3.9      0.0      0.0      0.0      0.0 orderStatus
     14s        0            0.0           35.4      0.0      0.0      0.0      0.0 payment
     14s        0            0.0            4.0      0.0      0.0      0.0      0.0 stockLevel
     15s        0            1.0            3.6     58.7     58.7     58.7     58.7 delivery
     15s        0           19.0           38.7     29.4   6442.5   7516.2   7516.2 newOrder
     15s        0            2.0            3.7      5.2      5.5      5.5      5.5 orderStatus
     15s        0           18.0           34.3     11.5   2415.9   2550.1   2550.1 payment
     15s        0            1.0            3.8     12.6     12.6     12.6     12.6 stockLevel
     16s        0            1.0            3.4     54.5     54.5     54.5     54.5 delivery
     16s        0            3.0           36.4     23.1    302.0    302.0    302.0 newOrder
     16s        0            0.0            3.5      0.0      0.0      0.0      0.0 orderStatus
     16s        0            3.0           32.3     10.5   1811.9   1811.9   1811.9 payment
     16s        0            0.0            3.6      0.0      0.0      0.0      0.0 stockLevel
_elapsed___errors__ops/sec(inst)___ops/sec(cum)__p50(ms)__p95(ms)__p99(ms)_pMax(ms)
     17s        0            2.0            3.4     52.4     56.6     56.6     56.6 delivery
     17s        0           57.0           37.6     30.4   2147.5   4563.4   5100.3 newOrder
     17s        0            4.0            3.5      3.4    184.5    184.5    184.5 orderStatus
     17s        0           47.0           33.2     12.6  15569.3  15569.3  15569.3 payment
     17s        0            8.0            3.8     19.9   4563.4   4563.4   4563.4 stockLevel
     18s        0            2.0            3.3     46.1    121.6    121.6    121.6 delivery
     18s        0           27.0           37.1     28.3   1275.1   1275.1   1275.1 newOrder
     18s        0            3.0            3.5      4.7      4.7      4.7      4.7 orderStatus
     18s        0           29.0           32.9     10.5    973.1   5637.1   5637.1 payment
     18s        0            5.0            3.9     14.7    805.3    805.3    805.3 stockLevel
     19s        0            8.0            3.5     50.3    117.4    117.4    117.4 delivery
     19s        0           68.0           38.7     31.5   1476.4   1744.8   3623.9 newOrder
     19s        0            7.0            3.7      3.5    604.0    604.0    604.0 orderStatus
     19s        0           73.0           35.1     14.2  15569.3  18253.6  18253.6 payment
     19s        0            3.0            3.8     19.9     88.1     88.1     88.1 stockLevel
     20s        0            7.0            3.7     79.7    570.4    570.4    570.4 delivery
     20s        0           71.0           40.3     32.5   1677.7   2684.4   3355.4 newOrder
     20s        0            7.0            3.9      4.1     92.3     92.3     92.3 orderStatus
     20s        0           72.0           36.9     12.1    671.1  12884.9  16106.1 payment
     20s        0            8.0            4.1     83.9   1040.2   1040.2   1040.2 stockLevel
_elapsed___errors__ops/sec(inst)___ops/sec(cum)__p50(ms)__p95(ms)__p99(ms)_pMax(ms)
     21s        0           23.0            4.6     65.0    251.7    570.4    570.4 delivery
     21s        0          138.0           45.0     39.8    209.7    973.1   1006.6 newOrder
     21s        0           17.0            4.5      5.0    260.0    604.0    604.0 orderStatus
     21s        0          147.0           42.1     23.1   2013.3  17179.9  20401.1 payment
     21s        0           20.0            4.8     16.8    142.6    906.0    906.0 stockLevel
     22s        0           13.0            5.0     52.4     71.3    121.6    121.6 delivery
     22s        0          140.0           49.3     31.5    738.2   1342.2   1342.2 newOrder
     22s        0           13.0            4.9      3.9      7.9     46.1     46.1 orderStatus
     22s        0          149.0           47.0     17.8    100.7  20401.1  22548.6 payment
     22s        0           15.0            5.3     35.7     71.3    234.9    234.9 stockLevel
     23s        0            3.0            4.9     39.8     52.4     52.4     52.4 delivery
     23s        0           38.0           48.8     24.1     52.4    167.8    167.8 newOrder
     23s        0            4.0            4.8      4.1     15.2     15.2     15.2 orderStatus
     23s        0           26.0           46.1     13.6     75.5     96.5     96.5 payment
     23s        0            5.0            5.3     21.0     48.2     48.2     48.2 stockLevel
     24s        0            0.0            4.7      0.0      0.0      0.0      0.0 delivery
     24s        0            5.0           47.0   1543.5   3087.0   3087.0   3087.0 newOrder
     24s        0            0.0            4.6      0.0      0.0      0.0      0.0 orderStatus
     24s        0            4.0           44.3      8.9     11.0     11.0     11.0 payment
     24s        0            1.0            5.1     15.2     15.2     15.2     15.2 stockLevel
_elapsed___errors__ops/sec(inst)___ops/sec(cum)__p50(ms)__p95(ms)__p99(ms)_pMax(ms)
     25s        0            4.0            4.7     52.4     62.9     62.9     62.9 delivery
     25s        0           37.0           46.6     26.2   3489.7   4563.4   4563.4 newOrder
     25s        0            5.0            4.6      8.1   2281.7   2281.7   2281.7 orderStatus
     25s        0           37.0           44.0     12.6   6979.3  12884.9  12884.9 payment
     25s        0            3.0            5.0     24.1   2684.4   2684.4   2684.4 stockLevel
     26s        0            5.0            4.7     50.3     54.5     54.5     54.5 delivery
     26s        0           46.0           46.5     28.3    704.6   3355.4   3355.4 newOrder
     26s        0            8.0            4.8      4.2    109.1    109.1    109.1 orderStatus
     26s        0           49.0           44.2     11.5  17179.9  23622.3  23622.3 payment
     26s        0            5.0            5.0     75.5    973.1    973.1    973.1 stockLevel
     27s        0            1.0            4.6    176.2    176.2    176.2    176.2 delivery
     27s        0           20.0           45.6     83.9   5637.1   6174.0   6174.0 newOrder
     27s        0            2.0            4.7      4.1      7.1      7.1      7.1 orderStatus
     27s        0           17.0           43.2     12.1    503.3   1342.2   1342.2 payment
     27s        0            1.0            4.9    503.3    503.3    503.3    503.3 stockLevel
     28s        0            6.0            4.6     60.8     71.3     71.3     71.3 delivery
     28s        0           61.0           46.1     28.3   1811.9   2684.4   2952.8 newOrder
     28s        0            4.0            4.6      3.7      4.7      4.7      4.7 orderStatus
     28s        0           52.0           43.5     13.1    369.1    503.3    536.9 payment
     28s        0            6.0            4.9     25.2    469.8    469.8    469.8 stockLevel
_elapsed___errors__ops/sec(inst)___ops/sec(cum)__p50(ms)__p95(ms)__p99(ms)_pMax(ms)
     29s        0            5.0            4.6     56.6    142.6    142.6    142.6 delivery
     29s        0           63.0           46.7     28.3   1208.0   2684.4   3623.9 newOrder
     29s        0            7.0            4.7      4.5     46.1     46.1     46.1 orderStatus
     29s        0           58.0           44.0     10.5  10200.5  16643.0  17179.9 payment
     29s        0            9.0            5.0     14.2    234.9    234.9    234.9 stockLevel
     30s        0            6.0            4.7     46.1     88.1     88.1     88.1 delivery
     30s        0           53.0           46.9     25.2    335.5   1208.0   2684.4 newOrder
     30s        0            4.0            4.7      3.8      8.9      8.9      8.9 orderStatus
     30s        0           36.0           43.8     11.0    125.8   3892.3   3892.3 payment
     30s        0            1.0            4.9      8.4      8.4      8.4      8.4 stockLevel
     31s        0            0.0            4.5      0.0      0.0      0.0      0.0 delivery
     31s        0            0.0           45.4      0.0      0.0      0.0      0.0 newOrder
     31s        0            0.0            4.5      0.0      0.0      0.0      0.0 orderStatus
     31s        0            0.0           42.4      0.0      0.0      0.0      0.0 payment
     31s        0            0.0            4.7      0.0      0.0      0.0      0.0 stockLevel
     32s        0            0.0            4.4      0.0      0.0      0.0      0.0 delivery
     32s        0            0.0           44.0      0.0      0.0      0.0      0.0 newOrder
     32s        0            0.0            4.4      0.0      0.0      0.0      0.0 orderStatus
     32s        0            0.0           41.0      0.0      0.0      0.0      0.0 payment
     32s        0            0.0            4.6      0.0      0.0      0.0      0.0 stockLevel
_elapsed___errors__ops/sec(inst)___ops/sec(cum)__p50(ms)__p95(ms)__p99(ms)_pMax(ms)
     33s        0            1.0            4.3     50.3     50.3     50.3     50.3 delivery
     33s        0           23.0           43.3     33.6   3623.9   3892.3   3892.3 newOrder
     33s        0            3.0            4.4      5.5      5.5      5.5      5.5 orderStatus
     33s        0           16.0           40.3     10.5   2281.7   2818.6   2818.6 payment
     33s        0            3.0            4.5     75.5   3087.0   3087.0   3087.0 stockLevel
     34s        0            1.0            4.2     58.7     58.7     58.7     58.7 delivery
     34s        0            2.0           42.1     37.7   5100.3   5100.3   5100.3 newOrder
     34s        0            0.0            4.2      0.0      0.0      0.0      0.0 orderStatus
     34s        0            1.0           39.1  12884.9  12884.9  12884.9  12884.9 payment
     34s        0            0.0            4.4      0.0      0.0      0.0      0.0 stockLevel
     35s        0            0.0            4.1      0.0      0.0      0.0      0.0 delivery
     35s        0            7.0           41.1   1140.9   4831.8   4831.8   4831.8 newOrder
     35s        0            2.0            4.2      5.5      5.5      5.5      5.5 orderStatus
     35s        0            5.0           38.1     11.0  17179.9  17179.9  17179.9 payment
     35s        0            1.0            4.3     12.1     12.1     12.1     12.1 stockLevel
     36s        0            1.0            4.0     50.3     50.3     50.3     50.3 delivery
     36s        0            1.0           40.0    872.4    872.4    872.4    872.4 newOrder
     36s        0            2.0            4.1      4.7      6.6      6.6      6.6 orderStatus
     36s        0            1.0           37.1      9.4      9.4      9.4      9.4 payment
     36s        0            0.0            4.2      0.0      0.0      0.0      0.0 stockLevel
_elapsed___errors__ops/sec(inst)___ops/sec(cum)__p50(ms)__p95(ms)__p99(ms)_pMax(ms)
     37s        0           11.0            4.2     60.8     79.7   1409.3   1409.3 delivery
     37s        0          102.0           41.7     48.2   2550.1   4160.7   7784.6 newOrder
     37s        0            6.0            4.2      5.2     26.2     26.2     26.2 orderStatus
     37s        0          107.0           39.0     23.1  15569.3  22548.6  24696.1 payment
     37s        0           11.0            4.4     19.9     60.8     79.7     79.7 stockLevel
     38s        0           10.0            4.3     48.2    109.1    109.1    109.1 delivery
     38s        0           90.0           42.9     27.3    109.1    251.7    385.9 newOrder
     38s        0           10.0            4.3      4.5     33.6     33.6     33.6 orderStatus
     38s        0          101.0           40.6     15.2  12884.9  36507.2  36507.2 payment
     38s        0           11.0            4.6     22.0     58.7    151.0    151.0 stockLevel
     39s        0            4.0            4.3     50.3    805.3    805.3    805.3 delivery
     39s        0           63.0           43.5     33.6   1476.4   1811.9   2550.1 newOrder
     39s        0            3.0            4.3      3.9     56.6     56.6     56.6 orderStatus
     39s        0           63.0           41.2     15.2  24696.1  36507.2  36507.2 payment
     39s        0            5.0            4.6     13.1    121.6    121.6    121.6 stockLevel
     40s        0            8.0            4.4     56.6    302.0    302.0    302.0 delivery
     40s        0          119.0           45.4     48.2    570.4   2147.5   5368.7 newOrder
     40s        0           14.0            4.5      5.0    125.8    130.0    130.0 orderStatus
     40s        0          124.0           43.3     19.9   2013.3  24696.1  38654.7 payment
     40s        0           10.0            4.7     15.7    184.5    184.5    184.5 stockLevel
_elapsed___errors__ops/sec(inst)___ops/sec(cum)__p50(ms)__p95(ms)__p99(ms)_pMax(ms)
     41s        0           12.0            4.6     52.4    113.2    142.6    142.6 delivery
     41s        0           73.0           46.0     30.4    151.0    234.9    536.9 newOrder
     41s        0           11.0            4.7      5.2    100.7    130.0    130.0 orderStatus
     41s        0           71.0           44.0     15.7    192.9  20401.1  22548.6 payment
     41s        0            8.0            4.8     35.7    113.2    113.2    113.2 stockLevel
     42s        0           10.0            4.7     54.5    226.5    226.5    226.5 delivery
     42s        0          105.0           47.4     35.7   1744.8   2550.1   2550.1 newOrder
     42s        0           13.0            4.9      5.0     25.2     65.0     65.0 orderStatus
     42s        0          103.0           45.4     19.9   4831.8  16106.1  20401.1 payment
     42s        0           12.0            5.0     17.8    234.9   1342.2   1342.2 stockLevel
     43s        0            5.0            4.7     54.5    109.1    109.1    109.1 delivery
     43s        0           61.0           47.7     27.3    302.0   1342.2   3087.0 newOrder
     43s        0            2.0            4.8      4.1      5.5      5.5      5.5 orderStatus
     43s        0           76.0           46.1     16.3   6174.0  18253.6  21474.8 payment
     43s        0            5.0            5.0     14.7     50.3     50.3     50.3 stockLevel
     44s        0            9.0            4.8     71.3    113.2    113.2    113.2 delivery
     44s        0          100.0           48.9     33.6   1140.9   1610.6   1946.2 newOrder
     44s        0           16.0            5.1      5.0     58.7    130.0    130.0 orderStatus
     44s        0          103.0           47.4     16.3   5637.1  22548.6  23622.3 payment
     44s        0           12.0            5.1     13.6    738.2   1275.1   1275.1 stockLevel
_elapsed___errors__ops/sec(inst)___ops/sec(cum)__p50(ms)__p95(ms)__p99(ms)_pMax(ms)
     45s        0            1.0            4.7     46.1     46.1     46.1     46.1 delivery
     45s        0           26.0           48.4     24.1    209.7    285.2    285.2 newOrder
     45s        0            5.0            5.1      4.5    134.2    134.2    134.2 orderStatus
     45s        0           31.0           47.0     11.0    142.6  42949.7  42949.7 payment
     45s        0            3.0            5.1    113.2    184.5    184.5    184.5 stockLevel
     46s        0            3.0            4.7     52.4   1140.9   1140.9   1140.9 delivery
     46s        0           37.0           48.2    121.6   2550.1   4563.4   4563.4 newOrder
     46s        0            2.0            5.0      3.5      5.5      5.5      5.5 orderStatus
     46s        0           34.0           46.7     12.6    352.3   1073.7   1073.7 payment
     46s        0            1.0            5.0     12.1     12.1     12.1     12.1 stockLevel
     47s        0            4.0            4.7     50.3    570.4    570.4    570.4 delivery
     47s        0           19.0           47.6     28.3   1677.7   1744.8   1744.8 newOrder
     47s        0            1.0            4.9    385.9    385.9    385.9    385.9 orderStatus
     47s        0           11.0           46.0      9.4     12.6     14.7     14.7 payment
     47s        0            2.0            4.9     11.5     19.9     19.9     19.9 stockLevel
     48s        0            1.0            4.6     60.8     60.8     60.8     60.8 delivery
     48s        0           39.0           47.4     33.6   4026.5   5905.6   5905.6 newOrder
     48s        0            5.0            4.9      4.7    234.9    234.9    234.9 orderStatus
     48s        0           38.0           45.8     17.8  23622.3  23622.3  23622.3 payment
     48s        0            3.0            4.9     11.5    109.1    109.1    109.1 stockLevel
_elapsed___errors__ops/sec(inst)___ops/sec(cum)__p50(ms)__p95(ms)__p99(ms)_pMax(ms)
     49s        0           13.0            4.8     56.6    142.6    192.9    192.9 delivery
     49s        0          119.0           48.8     37.7    335.5   1208.0   4563.4 newOrder
     49s        0           11.0            5.0      5.5     46.1     48.2     48.2 orderStatus
     49s        0          115.0           47.2     15.2    453.0  20401.1  30064.8 payment
     49s        0           11.0            5.0     14.2     60.8    243.3    243.3 stockLevel
     50s        0            0.0            4.7      0.0      0.0      0.0      0.0 delivery
     50s        0            0.0           47.9      0.0      0.0      0.0      0.0 newOrder
     50s        0            0.0            4.9      0.0      0.0      0.0      0.0 orderStatus
     50s        0            0.0           46.3      0.0      0.0      0.0      0.0 payment
     50s        0            0.0            4.9      0.0      0.0      0.0      0.0 stockLevel
     51s        0           12.0            4.8     62.9    117.4    142.6    142.6 delivery
     51s        0          132.9           49.5     50.3   1946.2   4026.5   4563.4 newOrder
     51s        0           10.0            5.0      4.2     71.3     71.3     71.3 orderStatus
     51s        0          156.9           48.4     29.4  13421.8  31138.5  33286.0 payment
     51s        0           13.0            5.1     22.0     75.5   1744.8   1744.8 stockLevel
     52s        0           13.0            5.0     56.6     96.5    109.1    109.1 delivery
     52s        0          128.0           51.0     35.7    184.5    838.9   1409.3 newOrder
     52s        0            9.0            5.1      4.5     35.7     35.7     35.7 orderStatus
     52s        0          125.0           49.9     22.0    192.9   9663.7  12884.9 payment
     52s        0           14.0            5.2     25.2     88.1    436.2    436.2 stockLevel
_elapsed___errors__ops/sec(inst)___ops/sec(cum)__p50(ms)__p95(ms)__p99(ms)_pMax(ms)
     53s        0            4.0            5.0     48.2     54.5     54.5     54.5 delivery
     53s        0           42.0           50.9     28.3    218.1   1811.9   1811.9 newOrder
     53s        0            4.0            5.1      3.7     50.3     50.3     50.3 orderStatus
     53s        0           36.0           49.6     10.0   6442.5  10737.4  10737.4 payment
     53s        0            4.0            5.2     14.2     25.2     25.2     25.2 stockLevel
     54s        0            1.0            4.9     50.3     50.3     50.3     50.3 delivery
     54s        0           12.0           50.1    142.6   2415.9   2550.1   2550.1 newOrder
     54s        0            0.0            5.0      0.0      0.0      0.0      0.0 orderStatus
     54s        0            5.0           48.8     25.2    570.4    570.4    570.4 payment
     54s        0            0.0            5.1      0.0      0.0      0.0      0.0 stockLevel
     55s        0            2.0            4.8     41.9     46.1     46.1     46.1 delivery
     55s        0           36.0           49.9    100.7   3489.7   5368.7   5368.7 newOrder
     55s        0            3.0            5.0      5.2    503.3    503.3    503.3 orderStatus
     55s        0           23.0           48.3     10.5    151.0  25769.8  25769.8 payment
     55s        0            4.0            5.1     13.1    536.9    536.9    536.9 stockLevel
     56s        0            0.0            4.8      0.0      0.0      0.0      0.0 delivery
     56s        0            3.0           49.1     24.1     28.3     28.3     28.3 newOrder
     56s        0            1.0            4.9      4.5      4.5      4.5      4.5 orderStatus
     56s        0            0.0           47.5      0.0      0.0      0.0      0.0 payment
     56s        0            0.0            5.0      0.0      0.0      0.0      0.0 stockLevel
_elapsed___errors__ops/sec(inst)___ops/sec(cum)__p50(ms)__p95(ms)__p99(ms)_pMax(ms)
     57s        0            5.0            4.8     50.3    121.6    121.6    121.6 delivery
     57s        0           69.0           49.4     29.4   1677.7   2818.6   5637.1 newOrder
     57s        0            6.0            4.9      3.7    352.3    352.3    352.3 orderStatus
     57s        0           72.0           47.9     13.1   5100.3  18253.6  36507.2 payment
     57s        0           10.0            5.1     16.3    318.8    318.8    318.8 stockLevel
     58s        0            0.0            4.7      0.0      0.0      0.0      0.0 delivery
     58s        0            3.0           48.6     25.2     30.4     30.4     30.4 newOrder
     58s        0            1.0            4.8    176.2    176.2    176.2    176.2 orderStatus
     58s        0            1.0           47.1      8.9      8.9      8.9      8.9 payment
     58s        0            1.0            5.0     13.6     13.6     13.6     13.6 stockLevel
     59s        0            0.0            4.6      0.0      0.0      0.0      0.0 delivery
     59s        0            9.0           47.9     75.5   4160.7   4160.7   4160.7 newOrder
     59s        0            0.0            4.8      0.0      0.0      0.0      0.0 orderStatus
     59s        0            9.0           46.5   2080.4  13421.8  13421.8  13421.8 payment
     59s        0            0.0            4.9      0.0      0.0      0.0      0.0 stockLevel
    1m0s        0           16.0            4.8     56.6    142.6    167.8    167.8 delivery
    1m0s        0          126.0           49.2     31.5    117.4   3623.9   4295.0 newOrder
    1m0s        0            8.0            4.8      4.7     56.6     56.6     56.6 orderStatus
    1m0s        0          136.0           48.0     15.7  10737.4  38654.7  55834.6 payment
    1m0s        0           17.0            5.1     12.6    125.8    419.4    419.4 stockLevel

_elapsed___errors_____ops(total)___ops/sec(cum)__avg(ms)__p50(ms)__p95(ms)__p99(ms)_pMax(ms)__total
   60.0s        0            287            4.8     90.9     56.6    218.1    805.3   1409.3  delivery
   60.0s        0           2954           49.2    259.7     35.7   1677.7   4026.5   7784.6  newOrder
   60.0s        0            289            4.8     34.3      4.7    130.0    503.3   2281.7  orderStatus
   60.0s        0           2877           48.0    964.2     16.3   6710.9  22548.6  55834.6  payment
   60.0s        0            308            5.1    139.4     19.9    805.3   2550.1   4563.4  stockLevel

_elapsed___errors_____ops(total)___ops/sec(cum)__avg(ms)__p50(ms)__p95(ms)__p99(ms)_pMax(ms)__result
   60.0s        0           6715          111.9    539.1     28.3   1879.0  16106.1  55834.6  
Audit check 9.2.1.7: SKIP: not enough delivery transactions to be statistically significant
Audit check 9.2.2.5.1: SKIP: not enough orders to be statistically significant
Audit check 9.2.2.5.2: SKIP: not enough orders to be statistically significant
Audit check 9.2.2.5.3: SKIP: not enough orders to be statistically significant
Audit check 9.2.2.5.4: SKIP: not enough payments to be statistically significant
Audit check 9.2.2.5.5: SKIP: not enough payments to be statistically significant
Audit check 9.2.2.5.6: SKIP: not enough order status transactions to be statistically significant

_elapsed_______tpmC____efc__avg(ms)__p50(ms)__p90(ms)__p95(ms)__p99(ms)_pMax(ms)
   60.0s     2954.0 2297.1%    259.7     35.7    604.0   1677.7   4026.5   7784.6
