Initializing 300 connections...
Initializing 100 workers and preparing statements...
_elapsed___errors__ops/sec(inst)___ops/sec(cum)__p50(ms)__p95(ms)__p99(ms)_pMax(ms)
      1s        0            4.4            8.0     52.4     60.8     60.8     60.8 delivery
      1s        0           55.2          100.0     27.3     60.8     79.7     79.7 newOrder
      1s        0            5.0            9.0      5.2      7.9      7.9      7.9 orderStatus
      1s        0           62.4          113.0     12.1     28.3     52.4     56.6 payment
      1s        0            6.1           11.0     12.6     16.8     31.5     31.5 stockLevel
      2s        0           18.0           13.0     58.7    130.0    167.8    167.8 delivery
      2s        0          174.0          137.0     35.7     92.3    100.7    125.8 newOrder
      2s        0           18.0           13.5      4.7      8.4     13.1     13.1 orderStatus
      2s        0          159.0          136.0     19.9     96.5    218.1    352.3 payment
      2s        0           12.0           11.5     17.8     83.9    130.0    130.0 stockLevel
      3s        0           21.0           15.7     54.5     83.9     88.1     88.1 delivery
      3s        0          170.0          148.0     37.7    226.5    302.0    570.4 newOrder
      3s        0           16.0           14.3      4.7     13.6     14.7     14.7 orderStatus
      3s        0          167.0          146.3     19.9    260.0    453.0    604.0 payment
      3s        0           20.0           14.3     16.3     65.0     71.3     71.3 stockLevel
      4s        0           15.0           15.5     62.9     88.1    104.9    104.9 delivery
      4s        0          168.0          153.0     56.6    201.3    369.1    419.4 newOrder
      4s        0           19.0           15.5      4.2      5.8      7.3      7.3 orderStatus
      4s        0          178.0          154.2     28.3    453.0    973.1   1342.2 payment
      4s        0           22.0           16.2     16.3    113.2    201.3    201.3 stockLevel
_elapsed___errors__ops/sec(inst)___ops/sec(cum)__p50(ms)__p95(ms)__p99(ms)_pMax(ms)
      5s        0           21.0           16.6     71.3    151.0    243.3    243.3 delivery
      5s        0          181.0          158.6     60.8    318.8    704.6    838.9 newOrder
      5s        0           18.0           16.0      4.7     16.8     30.4     30.4 orderStatus
      5s        0          158.0          155.0     29.4    637.5   1040.2   1140.9 payment
      5s        0           11.0           15.2     21.0     67.1    134.2    134.2 stockLevel
      6s        0           16.0           16.5     88.1    302.0    352.3    352.3 delivery
      6s        0          172.0          160.8     60.8    352.3    570.4    704.6 newOrder
      6s        0           17.0           16.2      4.2     13.1     16.8     16.8 orderStatus
      6s        0          166.0          156.8     39.8    973.1   1610.6   2281.7 payment
      6s        0           19.0           15.8     18.9    234.9    436.2    436.2 stockLevel
      7s        0           18.0           16.7     56.6     96.5    125.8    125.8 delivery
      7s        0          161.0          160.9     44.0    302.0    453.0    704.6 newOrder
      7s        0           21.0           16.9      5.2      8.9      8.9      8.9 orderStatus
      7s        0          169.0          158.6     25.2    671.1   1073.7   2147.5 payment
      7s        0           18.0           16.1     14.2     60.8    192.9    192.9 stockLevel
      8s        0           12.0           16.1     50.3     60.8     67.1     67.1 delivery
      8s        0          166.0          161.5     46.1    906.0   1275.1   1677.7 newOrder
      8s        0           16.0           16.7      4.1     11.0     11.5     11.5 orderStatus
      8s        0          162.0          159.0     24.1   1275.1   1946.2   2013.3 payment
      8s        0           16.0           16.1     17.8    104.9    243.3    243.3 stockLevel
_elapsed___errors__ops/sec(inst)___ops/sec(cum)__p50(ms)__p95(ms)__p99(ms)_pMax(ms)
      9s        0           22.0           16.8     62.9    184.5    335.5    335.5 delivery
      9s        0          175.0          163.0     41.9    243.3    369.1    738.2 newOrder
      9s        0           17.0           16.8      4.1     25.2     25.2     25.2 orderStatus
      9s        0          169.0          160.1     26.2    637.5   2013.3   2147.5 payment
      9s        0           18.0           16.3     17.8     75.5     92.3     92.3 stockLevel
     10s        0           16.0           16.7     50.3     71.3     79.7     79.7 delivery
     10s        0          163.0          163.0     29.4    453.0   1744.8   2818.6 newOrder
     10s        0           16.0           16.7      3.7      5.5      6.0      6.0 orderStatus
     10s        0          151.0          159.2     14.2    335.5   1677.7   4026.5 payment
     10s        0           12.0           15.9     15.2     71.3    226.5    226.5 stockLevel
_elapsed___errors__ops/sec(inst)___ops/sec(cum)__p50(ms)__p95(ms)__p99(ms)_pMax(ms)
      1s        0           20.0           20.0     50.3     83.9    134.2    134.2 delivery
      1s        0          154.0          154.1     29.4     79.7    352.3    369.1 newOrder
      1s        0           20.0           20.0      4.7     10.5     12.1     12.1 orderStatus
      1s        0          168.0          168.1     15.7     83.9    151.0    167.8 payment
      1s        0           11.0           11.0     15.2     44.0    117.4    117.4 stockLevel
      2s        0            3.0           11.5     37.7     54.5     54.5     54.5 delivery
      2s        0           56.0          105.0     24.1    604.0   1275.1   1409.3 newOrder
      2s        0            3.0           11.5      4.5      5.0      5.0      5.0 orderStatus
      2s        0           47.0          107.5      9.4     15.2     29.4     29.4 payment
      2s        0            4.0            7.5     11.0     13.6     13.6     13.6 stockLevel
      3s        0            0.0            7.7      0.0      0.0      0.0      0.0 delivery
      3s        0            4.0           71.4   2013.3   2818.6   2818.6   2818.6 newOrder
      3s        0            1.0            8.0      5.8      5.8      5.8      5.8 orderStatus
      3s        0            3.0           72.7     13.1     13.1     13.1     13.1 payment
      3s        0            1.0            5.3     16.3     16.3     16.3     16.3 stockLevel
      4s        0            5.0            7.0     52.4     54.5     54.5     54.5 delivery
      4s        0           87.0           75.3     28.3   1677.7   2281.7   3087.0 newOrder
      4s        0           14.0            9.5      4.7      7.3      8.9      8.9 orderStatus
      4s        0           94.0           78.0     12.6     48.2   3489.7   3489.7 payment
      4s        0           12.0            7.0     15.2     18.9    335.5    335.5 stockLevel
_elapsed___errors__ops/sec(inst)___ops/sec(cum)__p50(ms)__p95(ms)__p99(ms)_pMax(ms)
      5s        0           10.0            7.6     50.3     88.1     88.1     88.1 delivery
      5s        0          101.0           80.4     27.3     48.2   1006.6   3489.7 newOrder
      5s        0            9.0            9.4      4.2      6.6      6.6      6.6 orderStatus
      5s        0           94.0           81.2     12.6     31.5     46.1   3221.2 payment
      5s        0            9.0            7.4     11.5     32.5     32.5     32.5 stockLevel
      6s        0           13.0            8.5     60.8     96.5    142.6    142.6 delivery
      6s        0           95.0           82.8     29.4   1409.3   2013.3   2080.4 newOrder
      6s        0            7.0            9.0      4.5      8.9      8.9      8.9 orderStatus
      6s        0           84.0           81.7     11.5     33.6     54.5   3623.9 payment
      6s        0            8.0            7.5     13.1     56.6     56.6     56.6 stockLevel
      7s        0            4.0            7.9     50.3     65.0     65.0     65.0 delivery
      7s        0           16.0           73.3     25.2     33.6    604.0    604.0 newOrder
      7s        0            1.0            7.9      6.6      6.6      6.6      6.6 orderStatus
      7s        0           16.0           72.3      9.4     11.5     13.1     13.1 payment
      7s        0            1.0            6.6     11.5     11.5     11.5     11.5 stockLevel
      8s        0            0.0            6.9      0.0      0.0      0.0      0.0 delivery
      8s        0            0.0           64.1      0.0      0.0      0.0      0.0 newOrder
      8s        0            0.0            6.9      0.0      0.0      0.0      0.0 orderStatus
      8s        0            0.0           63.3      0.0      0.0      0.0      0.0 payment
      8s        0            0.0            5.8      0.0      0.0      0.0      0.0 stockLevel
_elapsed___errors__ops/sec(inst)___ops/sec(cum)__p50(ms)__p95(ms)__p99(ms)_pMax(ms)
      9s        0            0.0            6.1      0.0      0.0      0.0      0.0 delivery
      9s        0            6.0           57.7     35.7   5100.3   5100.3   5100.3 newOrder
      9s        0            1.0            6.2      6.8      6.8      6.8      6.8 orderStatus
      9s        0           13.0           57.7     12.6     14.7     16.3     16.3 payment
      9s        0            1.0            5.2     16.3     16.3     16.3     16.3 stockLevel
     10s        0            0.0            5.5      0.0      0.0      0.0      0.0 delivery
     10s        0            0.0           51.9      0.0      0.0      0.0      0.0 newOrder
     10s        0            0.0            5.6      0.0      0.0      0.0      0.0 orderStatus
     10s        0            0.0           51.9      0.0      0.0      0.0      0.0 payment
     10s        0            0.0            4.7      0.0      0.0      0.0      0.0 stockLevel
     11s        0            4.0            5.4     56.6     96.5     96.5     96.5 delivery
     11s        0           60.0           52.6     28.3   4831.8   6442.5   6710.9 newOrder
     11s        0            7.0            5.7      4.1      6.0      6.0      6.0 orderStatus
     11s        0           52.0           51.9     13.1     54.5   5368.7   7784.6 payment
     11s        0            6.0            4.8     12.6     17.8     17.8     17.8 stockLevel
     12s        0            6.0            5.4     52.4     83.9     83.9     83.9 delivery
     12s        0           57.0           53.0     27.3    872.4   5368.7   6174.0 newOrder
     12s        0            3.0            5.5      6.0      6.8      6.8      6.8 orderStatus
     12s        0           60.0           52.6     11.5   5637.1   6710.9  11811.2 payment
     12s        0            3.0            4.7     11.5     12.6     12.6     12.6 stockLevel
_elapsed___errors__ops/sec(inst)___ops/sec(cum)__p50(ms)__p95(ms)__p99(ms)_pMax(ms)
     13s        0            8.0            5.6     50.3     65.0     65.0     65.0 delivery
     13s        0           87.0           55.6     29.4   1543.5   2415.9   4026.5 newOrder
     13s        0            6.0            5.5      4.5     11.5     11.5     11.5 orderStatus
     13s        0           73.0           54.2     14.7     50.3   8053.1  11274.3 payment
     13s        0           11.0            5.2     16.3     35.7    805.3    805.3 stockLevel
     14s        0            3.0            5.4     54.5     54.5     54.5     54.5 delivery
     14s        0           43.0           54.7     29.4   1610.6   2952.8   2952.8 newOrder
     14s        0            3.0            5.4      3.9      5.2      5.2      5.2 orderStatus
     14s        0           22.0           51.9     10.5     33.6     50.3     50.3 payment
     14s        0            3.0            5.0     15.2     16.3     16.3     16.3 stockLevel
     15s        0            0.0            5.1      0.0      0.0      0.0      0.0 delivery
     15s        0            5.0           51.4     28.3     37.7     37.7     37.7 newOrder
     15s        0            2.0            5.1      4.7      6.6      6.6      6.6 orderStatus
     15s        0           11.0           49.1      8.9     11.0     11.5     11.5 payment
     15s        0            0.0            4.7      0.0      0.0      0.0      0.0 stockLevel
     16s        0            0.0            4.8      0.0      0.0      0.0      0.0 delivery
     16s        0            0.0           48.2      0.0      0.0      0.0      0.0 newOrder
     16s        0            0.0            4.8      0.0      0.0      0.0      0.0 orderStatus
     16s        0            0.0           46.1      0.0      0.0      0.0      0.0 payment
     16s        0            0.0            4.4      0.0      0.0      0.0      0.0 stockLevel
_elapsed___errors__ops/sec(inst)___ops/sec(cum)__p50(ms)__p95(ms)__p99(ms)_pMax(ms)
     17s        0            0.0            4.5      0.0      0.0      0.0      0.0 delivery
     17s        0            0.0           45.4      0.0      0.0      0.0      0.0 newOrder
     17s        0            0.0            4.5      0.0      0.0      0.0      0.0 orderStatus
     17s        0            0.0           43.4      0.0      0.0      0.0      0.0 payment
     17s        0            0.0            4.1      0.0      0.0      0.0      0.0 stockLevel
     18s        0            0.0            4.2      0.0      0.0      0.0      0.0 delivery
     18s        0            0.0           42.8      0.0      0.0      0.0      0.0 newOrder
     18s        0            0.0            4.3      0.0      0.0      0.0      0.0 orderStatus
     18s        0            0.0           40.9      0.0      0.0      0.0      0.0 payment
     18s        0            0.0            3.9      0.0      0.0      0.0      0.0 stockLevel
     19s        0            4.0            4.2     52.4     75.5     75.5     75.5 delivery
     19s        0           34.0           42.4     28.3   4563.4   5905.6   5905.6 newOrder
     19s        0            2.0            4.2      4.7      5.2      5.2      5.2 orderStatus
     19s        0           34.0           40.6     11.0     37.7  15032.4  15032.4 payment
     19s        0            3.0            3.8     10.5     23.1     23.1     23.1 stockLevel
     20s        0            5.0            4.3     48.2     62.9     62.9     62.9 delivery
     20s        0           74.0           44.0     26.2     65.0   5368.7   5637.1 newOrder
     20s        0            6.0            4.3      4.1      7.3      7.3      7.3 orderStatus
     20s        0           70.0           42.1     12.1  18253.6  19327.4  20401.1 payment
     20s        0            7.0            4.0     14.7     22.0     22.0     22.0 stockLevel
_elapsed___errors__ops/sec(inst)___ops/sec(cum)__p50(ms)__p95(ms)__p99(ms)_pMax(ms)
     21s        0            6.0            4.3     46.1     54.5     54.5     54.5 delivery
     21s        0           67.0           45.0     27.3   1140.9   1275.1   1677.7 newOrder
     21s        0            8.0            4.4      4.7      7.6      7.6      7.6 orderStatus
     21s        0           55.0           42.7     10.5   6710.9  16643.0  17179.9 payment
     21s        0            7.0            4.1     12.1     22.0     22.0     22.0 stockLevel
     22s        0            1.0            4.2     46.1     46.1     46.1     46.1 delivery
     22s        0            7.0           43.3     31.5     39.8     39.8     39.8 newOrder
     22s        0            1.0            4.3      7.1      7.1      7.1      7.1 orderStatus
     22s        0            8.0           41.1     10.5     15.7     15.7     15.7 payment
     22s        0            1.0            4.0     11.0     11.0     11.0     11.0 stockLevel
     23s        0            1.0            4.0     56.6     56.6     56.6     56.6 delivery
     23s        0           14.0           42.0     26.2     35.7   2415.9   2415.9 newOrder
     23s        0            1.0            4.1      5.0      5.0      5.0      5.0 orderStatus
     23s        0           14.0           39.9     12.1     13.6     15.7     15.7 payment
     23s        0            3.0            4.0     17.8   2013.3   2013.3   2013.3 stockLevel
     24s        0            1.0            3.9     62.9     62.9     62.9     62.9 delivery
     24s        0           16.0           41.0     26.2   2952.8   3355.4   3355.4 newOrder
     24s        0            0.0            4.0      0.0      0.0      0.0      0.0 orderStatus
     24s        0           16.0           38.9     11.5     19.9     31.5     31.5 payment
     24s        0            2.0            3.9     13.1     14.7     14.7     14.7 stockLevel
_elapsed___errors__ops/sec(inst)___ops/sec(cum)__p50(ms)__p95(ms)__p99(ms)_pMax(ms)
     25s        0            7.0            4.0     52.4     75.5     75.5     75.5 delivery
     25s        0           82.0           42.6     33.6   3892.3   4160.7   4563.4 newOrder
     25s        0            5.0            4.0      5.5      6.6      6.6      6.6 orderStatus
     25s        0           90.0           41.0     13.6  20401.1  24696.1  24696.1 payment
     25s        0            7.0            4.0     13.1     30.4     30.4     30.4 stockLevel
     26s        0            5.0            4.1     54.5     62.9     62.9     62.9 delivery
     26s        0           40.0           42.5     28.3    285.2   1476.4   1476.4 newOrder
     26s        0            6.0            4.1      4.5      5.0      5.0      5.0 orderStatus
     26s        0           49.0           41.3     11.0   6710.9  13421.8  13421.8 payment
     26s        0            5.0            4.0     13.6     21.0     21.0     21.0 stockLevel
     27s        0           11.0            4.3     62.9     88.1    151.0    151.0 delivery
     27s        0          120.0           45.4     35.7   1543.5   1677.7   5100.3 newOrder
     27s        0           14.0            4.4      4.5      7.3      7.9      7.9 orderStatus
     27s        0          119.0           44.1     17.8    302.0  22548.6  22548.6 payment
     27s        0           14.0            4.4     15.7     35.7     46.1     46.1 stockLevel
     28s        0           12.0            4.6     50.3     71.3     83.9     83.9 delivery
     28s        0           94.0           47.1     27.3    637.5   2281.7   2550.1 newOrder
     28s        0            7.0            4.5      5.0      8.4      8.4      8.4 orderStatus
     28s        0           86.0           45.6     11.5  21474.8  26843.5  27917.3 payment
     28s        0           10.0            4.6     14.7     29.4     29.4     29.4 stockLevel
_elapsed___errors__ops/sec(inst)___ops/sec(cum)__p50(ms)__p95(ms)__p99(ms)_pMax(ms)
     29s        0            7.0            4.7     52.4     67.1     67.1     67.1 delivery
     29s        0           81.0           48.3     26.2   1275.1   2013.3   2281.7 newOrder
     29s        0            6.0            4.6      4.7     10.5     10.5     10.5 orderStatus
     29s        0           74.0           46.6     11.0  10200.5  18253.6  27917.3 payment
     29s        0           12.0            4.9     12.6     19.9   1275.1   1275.1 stockLevel
     30s        0            6.0            4.7     46.1     58.7     58.7     58.7 delivery
     30s        0           52.0           48.4     25.2     54.5   1811.9   2415.9 newOrder
     30s        0            7.0            4.7      5.0      6.6      6.6      6.6 orderStatus
     30s        0           46.0           46.6     10.5   3087.0  25769.8  25769.8 payment
     30s        0            6.0            4.9     13.1     16.8     16.8     16.8 stockLevel
     31s        0            5.0            4.7     52.4     58.7     58.7     58.7 delivery
     31s        0           69.0           49.1     27.3   2952.8   4026.5   4160.7 newOrder
     31s        0            8.0            4.8      5.0     10.5     10.5     10.5 orderStatus
     31s        0           63.0           47.1     11.0  20401.1  27917.3  28991.0 payment
     31s        0            4.0            4.9     15.7     22.0     22.0     22.0 stockLevel
     32s        0           11.0            4.9     54.5     96.5    121.6    121.6 delivery
     32s        0           84.0           50.2     30.4   1140.9   2013.3   2415.9 newOrder
     32s        0            9.0            4.9      4.7     10.0     10.0     10.0 orderStatus
     32s        0           63.0           47.6     14.2     52.4  12348.0  19327.4 payment
     32s        0            8.0            5.0     18.9     25.2     25.2     25.2 stockLevel
_elapsed___errors__ops/sec(inst)___ops/sec(cum)__p50(ms)__p95(ms)__p99(ms)_pMax(ms)
     33s        0            4.0            4.9     48.2     62.9     62.9     62.9 delivery
     33s        0           39.0           49.8     30.4   1879.0   4563.4   4563.4 newOrder
     33s        0            8.0            5.0      4.2      6.6      6.6      6.6 orderStatus
     33s        0           44.0           47.5     12.6   8053.1  27917.3  27917.3 payment
     33s        0            7.0            5.0     13.1     16.8     16.8     16.8 stockLevel
     34s        0            7.0            5.0     46.1     56.6     56.6     56.6 delivery
     34s        0           80.0           50.7     29.4   2550.1   4295.0   4563.4 newOrder
     34s        0            8.0            5.1      4.2      7.9      7.9      7.9 orderStatus
     34s        0           81.0           48.5     10.5   6710.9  32212.3  33286.0 payment
     34s        0           12.0            5.2     12.6    243.3    838.9    838.9 stockLevel
     35s        0           10.0            5.1     50.3    167.8    167.8    167.8 delivery
     35s        0           84.0           51.7     26.2    318.8   1208.0   1610.6 newOrder
     35s        0            9.0            5.2      4.5      6.6      6.6      6.6 orderStatus
     35s        0           82.0           49.5     10.5     35.7   9126.8  20401.1 payment
     35s        0           11.0            5.4     12.6     15.7     44.0     44.0 stockLevel
     36s        0            5.0            5.1     44.0     46.1     46.1     46.1 delivery
     36s        0           60.0           51.9     27.3   1744.8   2550.1   2952.8 newOrder
     36s        0            4.0            5.2      5.0      8.9      8.9      8.9 orderStatus
     36s        0           71.0           50.1     11.0   7784.6   8321.5  23622.3 payment
     36s        0            4.0            5.4     13.6     21.0     21.0     21.0 stockLevel
_elapsed___errors__ops/sec(inst)___ops/sec(cum)__p50(ms)__p95(ms)__p99(ms)_pMax(ms)
     37s        0            7.0            5.2     56.6     62.9     62.9     62.9 delivery
     37s        0           86.0           52.8     26.2   1275.1   1879.0   2550.1 newOrder
     37s        0           10.0            5.3      4.7      8.1      8.1      8.1 orderStatus
     37s        0           75.0           50.7     11.5  11274.3  31138.5  33286.0 payment
     37s        0           10.0            5.5     13.1     50.3     50.3     50.3 stockLevel
     38s        0            0.0            5.0      0.0      0.0      0.0      0.0 delivery
     38s        0            5.0           51.6     26.2     28.3     28.3     28.3 newOrder
     38s        0            0.0            5.2      0.0      0.0      0.0      0.0 orderStatus
     38s        0            3.0           49.5      9.4     11.5     11.5     11.5 payment
     38s        0            0.0            5.3      0.0      0.0      0.0      0.0 stockLevel
     39s        0            0.0            4.9      0.0      0.0      0.0      0.0 delivery
     39s        0            0.0           50.2      0.0      0.0      0.0      0.0 newOrder
     39s        0            0.0            5.0      0.0      0.0      0.0      0.0 orderStatus
     39s        0            0.0           48.2      0.0      0.0      0.0      0.0 payment
     39s        0            0.0            5.2      0.0      0.0      0.0      0.0 stockLevel
     40s        0            5.0            4.9     58.7    109.1    109.1    109.1 delivery
     40s        0           39.0           50.0     27.3   2684.4   6174.0   6174.0 newOrder
     40s        0            3.0            5.0      4.7      5.5      5.5      5.5 orderStatus
     40s        0           39.0           48.0     10.5   4295.0  40802.2  40802.2 payment
     40s        0            4.0            5.2     10.0     13.1     13.1     13.1 stockLevel
_elapsed___errors__ops/sec(inst)___ops/sec(cum)__p50(ms)__p95(ms)__p99(ms)_pMax(ms)
     41s        0           10.0            5.0     46.1     65.0     65.0     65.0 delivery
     41s        0           79.0           50.7     27.3   3355.4   4026.5   4160.7 newOrder
     41s        0           11.0            5.1      5.5     10.0     13.6     13.6 orderStatus
     41s        0           79.0           48.7     11.5   7516.2  21474.8  30064.8 payment
     41s        0            8.0            5.2     14.7     16.8     16.8     16.8 stockLevel
     42s        0            0.0            4.9      0.0      0.0      0.0      0.0 delivery
     42s        0            0.0           49.5      0.0      0.0      0.0      0.0 newOrder
     42s        0            0.0            5.0      0.0      0.0      0.0      0.0 orderStatus
     42s        0            2.0           47.6     11.0     11.0     11.0     11.0 payment
     42s        0            0.0            5.1      0.0      0.0      0.0      0.0 stockLevel
     43s        0            0.0            4.8      0.0      0.0      0.0      0.0 delivery
     43s        0            2.0           48.3     22.0   6442.5   6442.5   6442.5 newOrder
     43s        0            1.0            4.9      5.0      5.0      5.0      5.0 orderStatus
     43s        0            1.0           46.5     15.2     15.2     15.2     15.2 payment
     43s        0            1.0            5.0   2952.8   2952.8   2952.8   2952.8 stockLevel
     44s        0            5.0            4.8     52.4     54.5     54.5     54.5 delivery
     44s        0           39.0           48.1     26.2   3221.2   8053.1   8053.1 newOrder
     44s        0            2.0            4.8      4.5      6.0      6.0      6.0 orderStatus
     44s        0           39.0           46.4     10.5  12348.0  24696.1  24696.1 payment
     44s        0            3.0            5.0     15.7     23.1     23.1     23.1 stockLevel
_elapsed___errors__ops/sec(inst)___ops/sec(cum)__p50(ms)__p95(ms)__p99(ms)_pMax(ms)
     45s        0           11.0            4.9     50.3     83.9     88.1     88.1 delivery
     45s        0           82.0           48.9     26.2    285.2   4831.8   8589.9 newOrder
     45s        0            9.0            4.9      4.1      7.3      7.3      7.3 orderStatus
     45s        0           87.0           47.3     11.5  10737.4  18253.6  25769.8 payment
     45s        0            8.0            5.0     13.1     21.0     21.0     21.0 stockLevel
     46s        0            0.0            4.8      0.0      0.0      0.0      0.0 delivery
     46s        0            0.0           47.8      0.0      0.0      0.0      0.0 newOrder
     46s        0            0.0            4.8      0.0      0.0      0.0      0.0 orderStatus
     46s        0            0.0           46.2      0.0      0.0      0.0      0.0 payment
     46s        0            0.0            4.9      0.0      0.0      0.0      0.0 stockLevel
     47s        0            1.0            4.7     58.7     58.7     58.7     58.7 delivery
     47s        0            8.0           47.0     27.3   2818.6   2818.6   2818.6 newOrder
     47s        0            1.0            4.7      5.5      5.5      5.5      5.5 orderStatus
     47s        0            8.0           45.4     10.0     12.6     12.6     12.6 payment
     47s        0            1.0            4.9     15.2     15.2     15.2     15.2 stockLevel
     48s        0            5.0            4.8     48.2     62.9     62.9     62.9 delivery
     48s        0           53.0           47.1     26.2   2550.1   3623.9   3758.1 newOrder
     48s        0            3.0            4.7      4.5      6.6      6.6      6.6 orderStatus
     48s        0           58.0           45.7     10.0  10737.4  26843.5  42949.7 payment
     48s        0            5.0            4.9     12.6     17.8     17.8     17.8 stockLevel
_elapsed___errors__ops/sec(inst)___ops/sec(cum)__p50(ms)__p95(ms)__p99(ms)_pMax(ms)
     49s        0            2.0            4.7     48.2     54.5     54.5     54.5 delivery
     49s        0           18.0           46.5     27.3   3892.3   8053.1   8053.1 newOrder
     49s        0            3.0            4.7      5.5      8.1      8.1      8.1 orderStatus
     49s        0           19.0           45.1     10.0     14.2     15.2     15.2 payment
     49s        0            2.0            4.8     12.6     13.1     13.1     13.1 stockLevel
     50s        0            0.0            4.6      0.0      0.0      0.0      0.0 delivery
     50s        0            0.0           45.6      0.0      0.0      0.0      0.0 newOrder
     50s        0            0.0            4.6      0.0      0.0      0.0      0.0 orderStatus
     50s        0            0.0           44.2      0.0      0.0      0.0      0.0 payment
     50s        0            0.0            4.7      0.0      0.0      0.0      0.0 stockLevel
     51s        0            0.0            4.5      0.0      0.0      0.0      0.0 delivery
     51s        0            0.0           44.7      0.0      0.0      0.0      0.0 newOrder
     51s        0            0.0            4.5      0.0      0.0      0.0      0.0 orderStatus
     51s        0            0.0           43.4      0.0      0.0      0.0      0.0 payment
     51s        0            0.0            4.6      0.0      0.0      0.0      0.0 stockLevel
     52s        0            5.0            4.5     46.1     52.4     52.4     52.4 delivery
     52s        0           50.0           44.8     28.3   7247.8   7516.2   7516.2 newOrder
     52s        0            6.0            4.5      3.7      7.9      7.9      7.9 orderStatus
     52s        0           38.0           43.3     14.2  27917.3  51539.6  51539.6 payment
     52s        0            5.0            4.6     12.1     24.1     24.1     24.1 stockLevel
_elapsed___errors__ops/sec(inst)___ops/sec(cum)__p50(ms)__p95(ms)__p99(ms)_pMax(ms)
     53s        0            1.0            4.5     52.4     52.4     52.4     52.4 delivery
     53s        0           22.0           44.4     25.2     37.7     41.9     41.9 newOrder
     53s        0            2.0            4.5      3.8      5.2      5.2      5.2 orderStatus
     53s        0           24.0           42.9     10.5     21.0     26.2     26.2 payment
     53s        0            2.0            4.6     11.0     13.6     13.6     13.6 stockLevel
     54s        0            1.0            4.4     50.3     50.3     50.3     50.3 delivery
     54s        0           21.0           43.9     25.2   6174.0   8589.9   8589.9 newOrder
     54s        0            3.0            4.4      4.1      5.0      5.0      5.0 orderStatus
     54s        0           26.0           42.6     11.0   9126.8   9126.8   9126.8 payment
     54s        0            2.0            4.5     15.7     19.9     19.9     19.9 stockLevel
     55s        0            0.0            4.3      0.0      0.0      0.0      0.0 delivery
     55s        0            0.0           43.1      0.0      0.0      0.0      0.0 newOrder
     55s        0            0.0            4.4      0.0      0.0      0.0      0.0 orderStatus
     55s        0            0.0           41.8      0.0      0.0      0.0      0.0 payment
     55s        0            0.0            4.4      0.0      0.0      0.0      0.0 stockLevel
     56s        0            0.0            4.2      0.0      0.0      0.0      0.0 delivery
     56s        0            0.0           42.4      0.0      0.0      0.0      0.0 newOrder
     56s        0            0.0            4.3      0.0      0.0      0.0      0.0 orderStatus
     56s        0            0.0           41.1      0.0      0.0      0.0      0.0 payment
     56s        0            0.0            4.4      0.0      0.0      0.0      0.0 stockLevel
_elapsed___errors__ops/sec(inst)___ops/sec(cum)__p50(ms)__p95(ms)__p99(ms)_pMax(ms)
     57s        0            0.0            4.2      0.0      0.0      0.0      0.0 delivery
     57s        0            0.0           41.6      0.0      0.0      0.0      0.0 newOrder
     57s        0            0.0            4.2      0.0      0.0      0.0      0.0 orderStatus
     57s        0            0.0           40.4      0.0      0.0      0.0      0.0 payment
     57s        0            0.0            4.3      0.0      0.0      0.0      0.0 stockLevel
     58s        0            0.0            4.1      0.0      0.0      0.0      0.0 delivery
     58s        0            1.0           40.9   5905.6   5905.6   5905.6   5905.6 newOrder
     58s        0            0.0            4.1      0.0      0.0      0.0      0.0 orderStatus
     58s        0            3.0           39.7     11.0     14.2     14.2     14.2 payment
     58s        0            1.0            4.2   5637.1   5637.1   5637.1   5637.1 stockLevel
     59s        0            0.0            4.0      0.0      0.0      0.0      0.0 delivery
     59s        0            3.0           40.3     29.4   5637.1   5637.1   5637.1 newOrder
     59s        0            0.0            4.1      0.0      0.0      0.0      0.0 orderStatus
     59s        0            3.0           39.1     12.1     13.1     13.1     13.1 payment
     59s        0            1.0            4.2     17.8     17.8     17.8     17.8 stockLevel
    1m0s        0            2.0            4.0     44.0     56.6     56.6     56.6 delivery
    1m0s        0           48.0           40.4     29.4   6442.5  11274.3  11274.3 newOrder
    1m0s        0            5.0            4.1      4.7      6.0      6.0      6.0 orderStatus
    1m0s        0           56.0           39.4     12.6  25769.8  30064.8  31138.5 payment
    1m0s        0            8.0            4.2     17.8     33.6     33.6     33.6 stockLevel

_elapsed___errors_____ops(total)___ops/sec(cum)__avg(ms)__p50(ms)__p95(ms)__p99(ms)_pMax(ms)__total
   60.0s        0            239            4.0     55.5     52.4     88.1    151.0    167.8  delivery
   60.0s        0           2424           40.4    258.4     28.3   1677.7   5368.7  11274.3  newOrder
   60.0s        0            245            4.1      5.1      4.7      8.4     11.5     13.6  orderStatus
   60.0s        0           2362           39.4    930.5     12.1   5905.6  25769.8  51539.6  payment
   60.0s        0            254            4.2     69.7     14.2     44.0   1275.1   5637.1  stockLevel

_elapsed___errors_____ops(total)___ops/sec(cum)__avg(ms)__p50(ms)__p95(ms)__p99(ms)_pMax(ms)__result
   60.0s        0           5524           92.1    517.1     22.0   1677.7  17179.9  51539.6  
Audit check 9.2.1.7: SKIP: not enough delivery transactions to be statistically significant
Audit check 9.2.2.5.1: SKIP: not enough orders to be statistically significant
Audit check 9.2.2.5.2: SKIP: not enough orders to be statistically significant
Audit check 9.2.2.5.3: SKIP: not enough orders to be statistically significant
Audit check 9.2.2.5.4: SKIP: not enough payments to be statistically significant
Audit check 9.2.2.5.5: SKIP: not enough payments to be statistically significant
Audit check 9.2.2.5.6: SKIP: not enough order status transactions to be statistically significant

_elapsed_______tpmC____efc__avg(ms)__p50(ms)__p90(ms)__p95(ms)__p99(ms)_pMax(ms)
   60.0s     2424.0 1884.9%    258.4     28.3     83.9   1677.7   5368.7  11274.3
