***************************************
*** ###easy### TPC-C Load Generator ***
***************************************
option h with value '192.168.122.77'
option P with value '3306'
option d with value 'benchmarker'
option u with value 'root'
option p with value '123456'
option w with value '11'
option c with value '1'
option r with value '22'
option l with value '60'
option i with value '10'
<Parameters>
     [server]: 192.168.122.77
     [port]: 3306
     [DBname]: benchmarker
       [user]: root
       [pass]: 123456
  [warehouse]: 11
 [connection]: 1
     [rampup]: 22 (sec.)
    [measure]: 60 (sec.)

RAMP-UP TIME.(22 sec.)

MEASURING START.

  10, trx: 1005, 95%: 7.797, 99%: 11.870, max_rt: 23.561, 1001|8.003, 100|5.366, 100|30.019, 100|28.250
  20, trx: 1026, 95%: 7.382, 99%: 11.014, max_rt: 15.915, 1028|6.135, 103|2.134, 103|27.999, 103|28.366
  30, trx: 1007, 95%: 8.393, 99%: 13.052, max_rt: 19.775, 1005|6.679, 100|2.373, 100|27.749, 101|28.179
  40, trx: 1008, 95%: 8.278, 99%: 13.787, max_rt: 19.029, 1015|7.298, 102|2.144, 102|27.873, 101|26.998
  50, trx: 1004, 95%: 8.810, 99%: 13.241, max_rt: 18.927, 1000|8.029, 99|3.102, 100|32.454, 100|26.983
  60, trx: 1013, 95%: 8.005, 99%: 12.279, max_rt: 18.121, 1011|7.833, 103|1.598, 101|27.927, 101|27.249

STOPPING THREADS.

<Raw Results>
  [0] sc:2981 lt:3082  rt:0  fl:0 avg_rt: 7.1 (5)
  [1] sc:6035 lt:25  rt:0  fl:0 avg_rt: 2.0 (5)
  [2] sc:607 lt:0  rt:0  fl:0 avg_rt: 1.0 (5)
  [3] sc:606 lt:0  rt:0  fl:0 avg_rt: 20.7 (80)
  [4] sc:532 lt:74  rt:0  fl:0 avg_rt: 22.8 (20)
 in 60 sec.

<Raw Results2(sum ver.)>
  [0] sc:2981  lt:3082  rt:0  fl:0 
  [1] sc:6035  lt:25  rt:0  fl:0 
  [2] sc:607  lt:0  rt:0  fl:0 
  [3] sc:606  lt:0  rt:0  fl:0 
  [4] sc:532  lt:74  rt:0  fl:0 

<Constraint Check> (all must be [OK])
 [transaction percentage]
        Payment: 43.47% (>=43.0%) [OK]
   Order-Status: 4.35% (>= 4.0%) [OK]
       Delivery: 4.35% (>= 4.0%) [OK]
    Stock-Level: 4.35% (>= 4.0%) [OK]
 [response time (at least 90% passed)]
      New-Order: 49.17%  [NG] *
        Payment: 99.59%  [OK]
   Order-Status: 100.00%  [OK]
       Delivery: 100.00%  [OK]
    Stock-Level: 87.79%  [NG] *

<TpmC>
                 6063.000 TpmC
