***************************************
*** ###easy### TPC-C Load Generator ***
***************************************
option h with value '192.168.122.81'
option P with value '3306'
option d with value 'benchmarker'
option u with value 'root'
option p with value '123456'
option w with value '11'
option c with value '128'
option r with value '22'
option l with value '60'
option i with value '10'
<Parameters>
     [server]: 192.168.122.81
     [port]: 3306
     [DBname]: benchmarker
       [user]: root
       [pass]: 123456
  [warehouse]: 11
 [connection]: 128
     [rampup]: 22 (sec.)
    [measure]: 60 (sec.)

RAMP-UP TIME.(22 sec.)

MEASURING START.

  10, trx: 2810, 95%: 278.653, 99%: 369.756, max_rt: 596.107, 2807|1326.855, 281|112.621, 275|1036.614, 281|818.910
  20, trx: 2689, 95%: 298.603, 99%: 413.682, max_rt: 669.464, 2697|1599.751, 269|129.406, 273|829.589, 267|1010.682
  30, trx: 2733, 95%: 290.232, 99%: 409.861, max_rt: 581.702, 2723|1558.826, 272|111.300, 270|877.836, 273|636.562
  40, trx: 2877, 95%: 254.949, 99%: 338.404, max_rt: 438.649, 2881|1399.188, 288|93.856, 291|825.459, 286|638.255
  50, trx: 2871, 95%: 275.007, 99%: 361.007, max_rt: 548.784, 2879|1118.416, 287|86.970, 287|720.094, 289|662.432
  60, trx: 2944, 95%: 274.761, 99%: 364.918, max_rt: 509.897, 2929|1059.691, 295|86.897, 294|819.258, 296|551.850

STOPPING THREADS................................................................................................................................

<Raw Results>
  [0] sc:2 lt:16922  rt:0  fl:0 avg_rt: 175.2 (5)
  [1] sc:311 lt:16605  rt:0  fl:0 avg_rt: 361.5 (5)
  [2] sc:462 lt:1230  rt:0  fl:0 avg_rt: 20.8 (5)
  [3] sc:40 lt:1650  rt:0  fl:0 avg_rt: 439.8 (80)
  [4] sc:0 lt:1692  rt:0  fl:0 avg_rt: 360.2 (20)
 in 60 sec.

<Raw Results2(sum ver.)>
  [0] sc:2  lt:16922  rt:0  fl:0 
  [1] sc:311  lt:16605  rt:0  fl:0 
  [2] sc:462  lt:1230  rt:0  fl:0 
  [3] sc:40  lt:1650  rt:0  fl:0 
  [4] sc:0  lt:1692  rt:0  fl:0 

<Constraint Check> (all must be [OK])
 [transaction percentage]
        Payment: 43.47% (>=43.0%) [OK]
   Order-Status: 4.35% (>= 4.0%) [OK]
       Delivery: 4.34% (>= 4.0%) [OK]
    Stock-Level: 4.35% (>= 4.0%) [OK]
 [response time (at least 90% passed)]
      New-Order: 0.01%  [NG] *
        Payment: 1.84%  [NG] *
   Order-Status: 27.30%  [NG] *
       Delivery: 2.37%  [NG] *
    Stock-Level: 0.00%  [NG] *

<TpmC>
                 16924.000 TpmC
