***************************************
*** ###easy### TPC-C Load Generator ***
***************************************
option h with value '192.168.122.81'
option P with value '3306'
option d with value 'benchmarker'
option u with value 'root'
option p with value '123456'
option w with value '11'
option c with value '32'
option r with value '22'
option l with value '60'
option i with value '10'
<Parameters>
     [server]: 192.168.122.81
     [port]: 3306
     [DBname]: benchmarker
       [user]: root
       [pass]: 123456
  [warehouse]: 11
 [connection]: 32
     [rampup]: 22 (sec.)
    [measure]: 60 (sec.)

RAMP-UP TIME.(22 sec.)

MEASURING START.

  10, trx: 2717, 95%: 116.756, 99%: 146.451, max_rt: 322.613, 2724|220.964, 271|51.021, 271|288.748, 269|400.118
  20, trx: 2437, 95%: 128.763, 99%: 164.980, max_rt: 242.907, 2432|194.097, 243|50.097, 247|252.268, 248|369.046
  30, trx: 2492, 95%: 124.779, 99%: 154.975, max_rt: 246.267, 2490|184.921, 250|73.782, 245|284.512, 248|415.511
  40, trx: 2491, 95%: 127.230, 99%: 161.898, max_rt: 215.232, 2494|196.802, 249|47.182, 250|274.518, 246|487.375
  50, trx: 2844, 95%: 108.079, 99%: 139.435, max_rt: 216.374, 2849|162.682, 285|50.607, 286|312.122, 287|349.198
  60, trx: 2847, 95%: 114.507, 99%: 147.022, max_rt: 216.213, 2846|131.905, 285|59.823, 286|323.960, 283|377.710

STOPPING THREADS................................

<Raw Results>
  [0] sc:2 lt:15826  rt:0  fl:0 avg_rt: 86.8 (5)
  [1] sc:1710 lt:14125  rt:0  fl:0 avg_rt: 31.9 (5)
  [2] sc:649 lt:934  rt:0  fl:0 avg_rt: 12.3 (5)
  [3] sc:172 lt:1413  rt:0  fl:0 avg_rt: 172.7 (80)
  [4] sc:0 lt:1581  rt:0  fl:0 avg_rt: 279.4 (20)
 in 60 sec.

<Raw Results2(sum ver.)>
  [0] sc:2  lt:15826  rt:0  fl:0 
  [1] sc:1710  lt:14125  rt:0  fl:0 
  [2] sc:649  lt:934  rt:0  fl:0 
  [3] sc:172  lt:1413  rt:0  fl:0 
  [4] sc:0  lt:1581  rt:0  fl:0 

<Constraint Check> (all must be [OK])
 [transaction percentage]
        Payment: 43.49% (>=43.0%) [OK]
   Order-Status: 4.35% (>= 4.0%) [OK]
       Delivery: 4.35% (>= 4.0%) [OK]
    Stock-Level: 4.34% (>= 4.0%) [OK]
 [response time (at least 90% passed)]
      New-Order: 0.01%  [NG] *
        Payment: 10.80%  [NG] *
   Order-Status: 41.00%  [NG] *
       Delivery: 10.85%  [NG] *
    Stock-Level: 0.00%  [NG] *

<TpmC>
                 15828.000 TpmC
