***************************************
*** ###easy### TPC-C Load Generator ***
***************************************
option h with value '10.0.1.105'
option P with value '3306'
option d with value 'benchmarker'
option u with value 'root'
option p with value '123456'
option w with value '11'
option c with value '24'
option r with value '22'
option l with value '60'
option i with value '10'
<Parameters>
     [server]: 10.0.1.105
     [port]: 3306
     [DBname]: benchmarker
       [user]: root
       [pass]: 123456
  [warehouse]: 11
 [connection]: 24
     [rampup]: 22 (sec.)
    [measure]: 60 (sec.)

RAMP-UP TIME.(22 sec.)

MEASURING START.

  10, trx: 22773, 95%: 8.607, 99%: 11.687, max_rt: 29.098, 22772|23.594, 2277|7.230, 2277|32.245, 2277|32.308
  20, trx: 22996, 95%: 8.487, 99%: 11.715, max_rt: 24.050, 22993|21.206, 2299|1.947, 2299|37.824, 2299|27.117
  30, trx: 22769, 95%: 8.589, 99%: 11.635, max_rt: 24.784, 22769|16.656, 2278|4.238, 2277|27.177, 2277|27.507
  40, trx: 22841, 95%: 8.484, 99%: 11.465, max_rt: 22.695, 22843|19.935, 2283|1.464, 2284|30.652, 2284|28.491
  50, trx: 22953, 95%: 8.426, 99%: 11.407, max_rt: 23.783, 22948|21.605, 2296|2.714, 2296|31.626, 2295|28.413
  60, trx: 22696, 95%: 8.607, 99%: 11.513, max_rt: 19.639, 22693|17.769, 2270|1.685, 2269|32.646, 2270|31.721

STOPPING THREADS........................

<Raw Results>
  [0] sc:64426 lt:72604  rt:0  fl:0 avg_rt: 7.3 (5)
  [1] sc:129168 lt:7852  rt:0  fl:0 avg_rt: 2.6 (5)
  [2] sc:13703 lt:0  rt:0  fl:0 avg_rt: 0.8 (5)
  [3] sc:13703 lt:0  rt:0  fl:0 avg_rt: 20.7 (80)
  [4] sc:12118 lt:1584  rt:0  fl:0 avg_rt: 23.6 (20)
 in 60 sec.

<Raw Results2(sum ver.)>
  [0] sc:64426  lt:72604  rt:0  fl:0 
  [1] sc:129175  lt:7852  rt:0  fl:0 
  [2] sc:13703  lt:0  rt:0  fl:0 
  [3] sc:13703  lt:0  rt:0  fl:0 
  [4] sc:12118  lt:1584  rt:0  fl:0 

<Constraint Check> (all must be [OK])
 [transaction percentage]
        Payment: 43.48% (>=43.0%) [OK]
   Order-Status: 4.35% (>= 4.0%) [OK]
       Delivery: 4.35% (>= 4.0%) [OK]
    Stock-Level: 4.35% (>= 4.0%) [OK]
 [response time (at least 90% passed)]
      New-Order: 47.02%  [NG] *
        Payment: 94.27%  [OK]
   Order-Status: 100.00%  [OK]
       Delivery: 100.00%  [OK]
    Stock-Level: 88.44%  [NG] *

<TpmC>
                 137030.000 TpmC
