randw-4K-n1-c1: (g=0): rw=randwrite, bs=(R) 4096B-4096B, (W) 4096B-4096B, (T) 4096B-4096B, ioengine=libaio, iodepth=32
randw-4K-n2-c2: (g=1): rw=randwrite, bs=(R) 4096B-4096B, (W) 4096B-4096B, (T) 4096B-4096B, ioengine=libaio, iodepth=32
...
randw-4K-n4-c4: (g=2): rw=randwrite, bs=(R) 4096B-4096B, (W) 4096B-4096B, (T) 4096B-4096B, ioengine=libaio, iodepth=32
...
randw-4K-n8-c8: (g=3): rw=randwrite, bs=(R) 4096B-4096B, (W) 4096B-4096B, (T) 4096B-4096B, ioengine=libaio, iodepth=32
...
randw-4K-n12-c12: (g=4): rw=randwrite, bs=(R) 4096B-4096B, (W) 4096B-4096B, (T) 4096B-4096B, ioengine=libaio, iodepth=32
...
fio-3.1
Starting 27 processes

randw-4K-n1-c1: (groupid=0, jobs=1): err= 0: pid=1135: Sun Jul 28 10:54:40 2019
  write: IOPS=125k, BW=487MiB/s (511MB/s)(57.1GiB/120001msec)
    slat (usec): min=2, max=716, avg= 2.62, stdev= 1.46
    clat (usec): min=21, max=4241, avg=251.04, stdev=15.48
     lat (usec): min=24, max=4244, avg=254.26, stdev=15.64
    clat percentiles (usec):
     | 10.000th=[  241], 20.000th=[  243], 30.000th=[  243], 40.000th=[  245],
     | 50.000th=[  247], 70.000th=[  251], 90.000th=[  273], 99.000th=[  302],
     | 99.900th=[  322], 99.990th=[  347], 99.999th=[  725]
   bw (  KiB/s): min=378448, max=481607, per=78.52%, avg=391452.57, stdev=8616.27, samples=239
   iops        : min=94612, max=120401, avg=97862.73, stdev=2154.03, samples=239
  lat (usec)   : 50=0.01%, 100=0.01%, 250=66.20%, 500=33.80%, 750=0.01%
  lat (usec)   : 1000=0.01%
  lat (msec)   : 2=0.01%, 4=0.01%, 10=0.01%
  cpu          : usr=52.26%, sys=47.74%, ctx=198, majf=0, minf=10
  IO depths    : 1=0.1%, 2=0.1%, 4=0.1%, 8=0.1%, 16=0.1%, 32=100.0%, >=64=0.0%
     submit    : 0=0.0%, 4=100.0%, 8=0.0%, 16=0.0%, 32=0.0%, 64=0.0%, >=64=0.0%
     complete  : 0=0.0%, 4=100.0%, 8=0.0%, 16=0.0%, 32=0.1%, 64=0.0%, >=64=0.0%
     issued rwt: total=0,14957020,0, short=0,0,0, dropped=0,0,0
     latency   : target=0, window=0, percentile=100.00%, depth=32
randw-4K-n2-c2: (groupid=1, jobs=2): err= 0: pid=1141: Sun Jul 28 10:54:40 2019
  write: IOPS=238k, BW=930MiB/s (975MB/s)(109GiB/120013msec)
    slat (usec): min=2, max=22312, avg= 3.22, stdev= 6.89
    clat (usec): min=19, max=22558, avg=262.11, stdev=48.93
     lat (usec): min=208, max=22563, avg=265.93, stdev=49.48
    clat percentiles (usec):
     | 10.000th=[  243], 20.000th=[  247], 30.000th=[  251], 40.000th=[  253],
     | 50.000th=[  260], 70.000th=[  269], 90.000th=[  289], 99.000th=[  322],
     | 99.900th=[  351], 99.990th=[  388], 99.999th=[  709]
   bw (  KiB/s): min=356979, max=437686, per=39.63%, avg=377343.36, stdev=18055.55, samples=478
   iops        : min=89244, max=109421, avg=94335.47, stdev=4513.90, samples=478
  lat (usec)   : 20=0.01%, 250=28.79%, 500=71.21%, 750=0.01%
  lat (msec)   : 10=0.01%, 20=0.01%, 50=0.01%
  cpu          : usr=50.09%, sys=49.85%, ctx=2078, majf=0, minf=16
  IO depths    : 1=0.1%, 2=0.1%, 4=0.1%, 8=0.1%, 16=0.1%, 32=100.0%, >=64=0.0%
     submit    : 0=0.0%, 4=100.0%, 8=0.0%, 16=0.0%, 32=0.0%, 64=0.0%, >=64=0.0%
     complete  : 0=0.0%, 4=100.0%, 8=0.0%, 16=0.0%, 32=0.1%, 64=0.0%, >=64=0.0%
     issued rwt: total=0,28567261,0, short=0,0,0, dropped=0,0,0
     latency   : target=0, window=0, percentile=100.00%, depth=32
randw-4K-n4-c4: (groupid=2, jobs=4): err= 0: pid=1147: Sun Jul 28 10:54:40 2019
  write: IOPS=280k, BW=1093MiB/s (1146MB/s)(128GiB/120012msec)
    slat (usec): min=2, max=32074, avg= 3.42, stdev=10.15
    clat (usec): min=95, max=32381, avg=451.31, stdev=86.27
     lat (usec): min=99, max=32386, avg=455.38, stdev=86.87
    clat percentiles (usec):
     | 10.000th=[  396], 20.000th=[  416], 30.000th=[  429], 40.000th=[  433],
     | 50.000th=[  449], 70.000th=[  469], 90.000th=[  510], 99.000th=[  578],
     | 99.900th=[  832], 99.990th=[ 1680], 99.999th=[11207]
   bw (  KiB/s): min=147497, max=312888, per=22.32%, avg=249725.47, stdev=35066.83, samples=956
   iops        : min=36874, max=78222, avg=62431.01, stdev=8766.72, samples=956
  lat (usec)   : 100=0.01%, 250=0.04%, 500=86.44%, 750=13.30%, 1000=0.20%
  lat (msec)   : 2=0.02%, 4=0.01%, 10=0.01%, 20=0.01%, 50=0.01%
  cpu          : usr=30.24%, sys=38.89%, ctx=20669685, majf=0, minf=36
  IO depths    : 1=0.1%, 2=0.1%, 4=0.1%, 8=0.1%, 16=0.1%, 32=100.0%, >=64=0.0%
     submit    : 0=0.0%, 4=100.0%, 8=0.0%, 16=0.0%, 32=0.0%, 64=0.0%, >=64=0.0%
     complete  : 0=0.0%, 4=100.0%, 8=0.0%, 16=0.0%, 32=0.1%, 64=0.0%, >=64=0.0%
     issued rwt: total=0,33567737,0, short=0,0,0, dropped=0,0,0
     latency   : target=0, window=0, percentile=100.00%, depth=32
randw-4K-n8-c8: (groupid=3, jobs=8): err= 0: pid=1156: Sun Jul 28 10:54:40 2019
  write: IOPS=279k, BW=1091MiB/s (1144MB/s)(128GiB/120020msec)
    slat (usec): min=2, max=19945, avg= 3.75, stdev= 7.70
    clat (usec): min=65, max=21935, avg=909.80, stdev=335.45
     lat (usec): min=213, max=21944, avg=914.23, stdev=335.79
    clat percentiles (usec):
     | 10.000th=[  433], 20.000th=[  490], 30.000th=[  832], 40.000th=[  873],
     | 50.000th=[  906], 70.000th=[  996], 90.000th=[ 1385], 99.000th=[ 1516],
     | 99.900th=[ 1614], 99.990th=[ 1926], 99.999th=[ 4228]
   bw (  KiB/s): min=67585, max=277274, per=9.32%, avg=104092.95, stdev=43366.78, samples=1912
   iops        : min=16896, max=69318, avg=26022.87, stdev=10841.69, samples=1912
  lat (usec)   : 100=0.01%, 250=0.04%, 500=21.56%, 750=3.96%, 1000=45.39%
  lat (msec)   : 2=29.04%, 4=0.01%, 10=0.01%, 20=0.01%, 50=0.01%
  cpu          : usr=16.70%, sys=21.18%, ctx=23326409, majf=0, minf=75
  IO depths    : 1=0.1%, 2=0.1%, 4=0.1%, 8=0.1%, 16=0.1%, 32=100.0%, >=64=0.0%
     submit    : 0=0.0%, 4=100.0%, 8=0.0%, 16=0.0%, 32=0.0%, 64=0.0%, >=64=0.0%
     complete  : 0=0.0%, 4=100.0%, 8=0.0%, 16=0.0%, 32=0.1%, 64=0.0%, >=64=0.0%
     issued rwt: total=0,33515202,0, short=0,0,0, dropped=0,0,0
     latency   : target=0, window=0, percentile=100.00%, depth=32
randw-4K-n12-c12: (groupid=4, jobs=12): err= 0: pid=1168: Sun Jul 28 10:54:40 2019
  write: IOPS=279k, BW=1091MiB/s (1144MB/s)(128GiB/120014msec)
    slat (usec): min=2, max=14084, avg= 4.60, stdev= 8.36
    clat (usec): min=21, max=15691, avg=1366.46, stdev=280.19
     lat (usec): min=150, max=15694, avg=1371.96, stdev=280.86
    clat percentiles (usec):
     | 10.000th=[  930], 20.000th=[ 1254], 30.000th=[ 1303], 40.000th=[ 1336],
     | 50.000th=[ 1369], 70.000th=[ 1434], 90.000th=[ 1778], 99.000th=[ 2024],
     | 99.900th=[ 2409], 99.990th=[ 2540], 99.999th=[ 6652]
   bw (  KiB/s): min=54776, max=186284, per=8.38%, avg=93617.25, stdev=19178.55, samples=2880
   iops        : min=13694, max=46571, avg=23403.99, stdev=4794.61, samples=2880
  lat (usec)   : 50=0.01%, 100=0.01%, 250=0.01%, 500=0.01%, 750=0.76%
  lat (usec)   : 1000=13.94%
  lat (msec)   : 2=84.09%, 4=1.20%, 10=0.01%, 20=0.01%
  cpu          : usr=13.95%, sys=16.41%, ctx=16946895, majf=0, minf=105
  IO depths    : 1=0.1%, 2=0.1%, 4=0.1%, 8=0.1%, 16=0.1%, 32=100.0%, >=64=0.0%
     submit    : 0=0.0%, 4=100.0%, 8=0.0%, 16=0.0%, 32=0.0%, 64=0.0%, >=64=0.0%
     complete  : 0=0.0%, 4=100.0%, 8=0.0%, 16=0.0%, 32=0.1%, 64=0.0%, >=64=0.0%
     issued rwt: total=0,33508070,0, short=0,0,0, dropped=0,0,0
     latency   : target=0, window=0, percentile=100.00%, depth=32

Run status group 0 (all jobs):
  WRITE: bw=487MiB/s (511MB/s), 487MiB/s-487MiB/s (511MB/s-511MB/s), io=57.1GiB (61.3GB), run=120001-120001msec

Run status group 1 (all jobs):
  WRITE: bw=930MiB/s (975MB/s), 930MiB/s-930MiB/s (975MB/s-975MB/s), io=109GiB (117GB), run=120013-120013msec

Run status group 2 (all jobs):
  WRITE: bw=1093MiB/s (1146MB/s), 1093MiB/s-1093MiB/s (1146MB/s-1146MB/s), io=128GiB (137GB), run=120012-120012msec

Run status group 3 (all jobs):
  WRITE: bw=1091MiB/s (1144MB/s), 1091MiB/s-1091MiB/s (1144MB/s-1144MB/s), io=128GiB (137GB), run=120020-120020msec

Run status group 4 (all jobs):
  WRITE: bw=1091MiB/s (1144MB/s), 1091MiB/s-1091MiB/s (1144MB/s-1144MB/s), io=128GiB (137GB), run=120014-120014msec

Disk stats (read/write):
  nvme0n1: ios=349/144008347, merge=0/0, ticks=12/90580568, in_queue=93144144, util=87.79%
