randw-4K-n1-c1: (g=0): rw=randwrite, bs=(R) 4096B-4096B, (W) 4096B-4096B, (T) 4096B-4096B, ioengine=libaio, iodepth=32
randw-4K-n2-c2: (g=1): rw=randwrite, bs=(R) 4096B-4096B, (W) 4096B-4096B, (T) 4096B-4096B, ioengine=libaio, iodepth=32
...
randw-4K-n4-c4: (g=2): rw=randwrite, bs=(R) 4096B-4096B, (W) 4096B-4096B, (T) 4096B-4096B, ioengine=libaio, iodepth=32
...
randw-4K-n8-c8: (g=3): rw=randwrite, bs=(R) 4096B-4096B, (W) 4096B-4096B, (T) 4096B-4096B, ioengine=libaio, iodepth=32
...
fio-3.1
Starting 15 processes

randw-4K-n1-c1: (groupid=0, jobs=1): err= 0: pid=1045: Wed Jul 24 16:39:44 2019
  write: IOPS=50.7k, BW=198MiB/s (208MB/s)(5941MiB/30001msec)
    slat (usec): min=2, max=733, avg= 3.42, stdev= 2.29
    clat (usec): min=246, max=1413, avg=624.74, stdev=47.10
     lat (usec): min=252, max=1417, avg=628.86, stdev=47.24
    clat percentiles (usec):
     | 10.000th=[  603], 20.000th=[  611], 30.000th=[  611], 40.000th=[  627],
     | 50.000th=[  635], 70.000th=[  644], 90.000th=[  660], 99.000th=[  693],
     | 99.900th=[ 1074], 99.990th=[ 1352], 99.999th=[ 1401]
   bw (  KiB/s): min=151056, max=215962, per=78.99%, avg=160179.76, stdev=9576.97, samples=59
   iops        : min=37764, max=53990, avg=40044.61, stdev=2394.26, samples=59
  lat (usec)   : 250=0.01%, 500=1.94%, 750=97.91%, 1000=0.03%
  lat (msec)   : 2=0.12%
  cpu          : usr=24.17%, sys=31.30%, ctx=1322181, majf=0, minf=11
  IO depths    : 1=0.1%, 2=0.1%, 4=0.1%, 8=0.1%, 16=0.1%, 32=100.0%, >=64=0.0%
     submit    : 0=0.0%, 4=100.0%, 8=0.0%, 16=0.0%, 32=0.0%, 64=0.0%, >=64=0.0%
     complete  : 0=0.0%, 4=100.0%, 8=0.0%, 16=0.0%, 32=0.1%, 64=0.0%, >=64=0.0%
     issued rwt: total=0,1520997,0, short=0,0,0, dropped=0,0,0
     latency   : target=0, window=0, percentile=100.00%, depth=32
randw-4K-n2-c2: (groupid=1, jobs=2): err= 0: pid=1050: Wed Jul 24 16:39:44 2019
  write: IOPS=50.8k, BW=198MiB/s (208MB/s)(5950MiB/30002msec)
    slat (usec): min=2, max=724, avg= 3.61, stdev= 2.04
    clat (usec): min=266, max=2705, avg=1253.95, stdev=78.81
     lat (usec): min=271, max=2709, avg=1258.23, stdev=78.67
    clat percentiles (usec):
     | 10.000th=[ 1221], 20.000th=[ 1237], 30.000th=[ 1254], 40.000th=[ 1254],
     | 50.000th=[ 1270], 70.000th=[ 1287], 90.000th=[ 1303], 99.000th=[ 1336],
     | 99.900th=[ 1614], 99.990th=[ 1958], 99.999th=[ 2409]
   bw (  KiB/s): min=89015, max=126806, per=44.45%, avg=90271.51, stdev=5091.58, samples=118
   iops        : min=22253, max=31701, avg=22567.54, stdev=1272.91, samples=118
  lat (usec)   : 500=0.01%, 750=0.63%, 1000=1.24%
  lat (msec)   : 2=98.12%, 4=0.01%
  cpu          : usr=12.00%, sys=18.12%, ctx=1463166, majf=0, minf=17
  IO depths    : 1=0.1%, 2=0.1%, 4=0.1%, 8=0.1%, 16=0.1%, 32=100.0%, >=64=0.0%
     submit    : 0=0.0%, 4=100.0%, 8=0.0%, 16=0.0%, 32=0.0%, 64=0.0%, >=64=0.0%
     complete  : 0=0.0%, 4=100.0%, 8=0.0%, 16=0.0%, 32=0.1%, 64=0.0%, >=64=0.0%
     issued rwt: total=0,1523221,0, short=0,0,0, dropped=0,0,0
     latency   : target=0, window=0, percentile=100.00%, depth=32
randw-4K-n4-c4: (groupid=2, jobs=4): err= 0: pid=1054: Wed Jul 24 16:39:44 2019
  write: IOPS=50.8k, BW=198MiB/s (208MB/s)(5955MiB/30003msec)
    slat (usec): min=2, max=718, avg= 5.71, stdev= 4.17
    clat (usec): min=262, max=4997, avg=2508.05, stdev=148.38
     lat (usec): min=274, max=5010, avg=2514.93, stdev=148.49
    clat percentiles (usec):
     | 10.000th=[ 2474], 20.000th=[ 2474], 30.000th=[ 2507], 40.000th=[ 2507],
     | 50.000th=[ 2540], 70.000th=[ 2540], 90.000th=[ 2606], 99.000th=[ 2638],
     | 99.900th=[ 2933], 99.990th=[ 3261], 99.999th=[ 4359]
   bw (  KiB/s): min=25523, max=55160, per=18.66%, avg=37921.58, stdev=7884.37, samples=238
   iops        : min= 6380, max=13790, avg=9480.06, stdev=1971.11, samples=238
  lat (usec)   : 500=0.01%, 750=0.01%, 1000=0.01%
  lat (msec)   : 2=1.85%, 4=98.14%, 10=0.01%
  cpu          : usr=9.23%, sys=11.39%, ctx=853832, majf=0, minf=39
  IO depths    : 1=0.1%, 2=0.1%, 4=0.1%, 8=0.1%, 16=0.1%, 32=100.0%, >=64=0.0%
     submit    : 0=0.0%, 4=100.0%, 8=0.0%, 16=0.0%, 32=0.0%, 64=0.0%, >=64=0.0%
     complete  : 0=0.0%, 4=100.0%, 8=0.0%, 16=0.0%, 32=0.1%, 64=0.0%, >=64=0.0%
     issued rwt: total=0,1524533,0, short=0,0,0, dropped=0,0,0
     latency   : target=0, window=0, percentile=100.00%, depth=32
randw-4K-n8-c8: (groupid=3, jobs=8): err= 0: pid=1061: Wed Jul 24 16:39:44 2019
  write: IOPS=53.2k, BW=208MiB/s (218MB/s)(6238MiB/30002msec)
    slat (usec): min=2, max=2917, avg= 8.83, stdev= 6.92
    clat (usec): min=281, max=8070, avg=4792.85, stdev=824.18
     lat (usec): min=292, max=8079, avg=4803.35, stdev=824.78
    clat percentiles (usec):
     | 10.000th=[ 4490], 20.000th=[ 5014], 30.000th=[ 5014], 40.000th=[ 5014],
     | 50.000th=[ 5080], 70.000th=[ 5080], 90.000th=[ 5145], 99.000th=[ 5211],
     | 99.900th=[ 5604], 99.990th=[ 5932], 99.999th=[ 7832]
   bw (  KiB/s): min=24920, max=65298, per=12.52%, avg=26662.05, stdev=6396.11, samples=480
   iops        : min= 6230, max=16324, avg=6665.30, stdev=1599.01, samples=480
  lat (usec)   : 500=0.01%, 750=0.01%, 1000=0.01%
  lat (msec)   : 2=2.69%, 4=6.98%, 10=90.33%
  cpu          : usr=7.02%, sys=8.21%, ctx=461067, majf=0, minf=81
  IO depths    : 1=0.1%, 2=0.1%, 4=0.1%, 8=0.1%, 16=0.1%, 32=100.0%, >=64=0.0%
     submit    : 0=0.0%, 4=100.0%, 8=0.0%, 16=0.0%, 32=0.0%, 64=0.0%, >=64=0.0%
     complete  : 0=0.0%, 4=100.0%, 8=0.0%, 16=0.0%, 32=0.1%, 64=0.0%, >=64=0.0%
     issued rwt: total=0,1596948,0, short=0,0,0, dropped=0,0,0
     latency   : target=0, window=0, percentile=100.00%, depth=32

Run status group 0 (all jobs):
  WRITE: bw=198MiB/s (208MB/s), 198MiB/s-198MiB/s (208MB/s-208MB/s), io=5941MiB (6230MB), run=30001-30001msec

Run status group 1 (all jobs):
  WRITE: bw=198MiB/s (208MB/s), 198MiB/s-198MiB/s (208MB/s-208MB/s), io=5950MiB (6239MB), run=30002-30002msec

Run status group 2 (all jobs):
  WRITE: bw=198MiB/s (208MB/s), 198MiB/s-198MiB/s (208MB/s-208MB/s), io=5955MiB (6244MB), run=30003-30003msec

Run status group 3 (all jobs):
  WRITE: bw=208MiB/s (218MB/s), 208MiB/s-208MiB/s (218MB/s-218MB/s), io=6238MiB (6541MB), run=30002-30002msec

Disk stats (read/write):
  vda: ios=191/6153714, merge=0/0, ticks=32/14172584, in_queue=14110116, util=99.26%
