***************************************
*** ###easy### TPC-C Load Generator ***
***************************************
option h with value '192.168.122.79'
option P with value '3306'
option d with value 'benchmarker'
option u with value 'root'
option p with value '123456'
option w with value '11'
option c with value '8'
option r with value '22'
option l with value '60'
option i with value '10'
<Parameters>
     [server]: 192.168.122.79
     [port]: 3306
     [DBname]: benchmarker
       [user]: root
       [pass]: 123456
  [warehouse]: 11
 [connection]: 8
     [rampup]: 22 (sec.)
    [measure]: 60 (sec.)

RAMP-UP TIME.(22 sec.)

MEASURING START.

  10, trx: 4775, 95%: 17.026, 99%: 22.810, max_rt: 36.957, 4774|30.140, 477|10.744, 478|58.964, 478|46.884
  20, trx: 4494, 95%: 18.642, 99%: 24.774, max_rt: 39.824, 4498|33.963, 451|10.257, 449|59.934, 450|46.727
  30, trx: 4207, 95%: 20.127, 99%: 26.908, max_rt: 40.033, 4208|28.665, 420|9.873, 421|54.370, 420|45.365
  40, trx: 4156, 95%: 19.870, 99%: 25.627, max_rt: 36.805, 4151|30.284, 416|13.309, 415|53.630, 415|46.842
  50, trx: 4044, 95%: 21.286, 99%: 27.693, max_rt: 40.793, 4048|29.027, 404|8.627, 404|50.917, 405|48.469
  60, trx: 4101, 95%: 20.315, 99%: 27.388, max_rt: 43.784, 4102|30.070, 410|8.442, 412|50.208, 411|44.770

STOPPING THREADS........

<Raw Results>
  [0] sc:3623 lt:22155  rt:0  fl:0 avg_rt: 13.5 (5)
  [1] sc:23170 lt:2611  rt:0  fl:0 avg_rt: 3.8 (5)
  [2] sc:2497 lt:81  rt:0  fl:0 avg_rt: 2.4 (5)
  [3] sc:2579 lt:0  rt:0  fl:0 avg_rt: 35.9 (80)
  [4] sc:75 lt:2504  rt:0  fl:0 avg_rt: 42.3 (20)
 in 60 sec.

<Raw Results2(sum ver.)>
  [0] sc:3623  lt:22155  rt:0  fl:0 
  [1] sc:23171  lt:2611  rt:0  fl:0 
  [2] sc:2497  lt:81  rt:0  fl:0 
  [3] sc:2579  lt:0  rt:0  fl:0 
  [4] sc:75  lt:2504  rt:0  fl:0 

<Constraint Check> (all must be [OK])
 [transaction percentage]
        Payment: 43.48% (>=43.0%) [OK]
   Order-Status: 4.35% (>= 4.0%) [OK]
       Delivery: 4.35% (>= 4.0%) [OK]
    Stock-Level: 4.35% (>= 4.0%) [OK]
 [response time (at least 90% passed)]
      New-Order: 14.05%  [NG] *
        Payment: 89.87%  [NG] *
   Order-Status: 96.86%  [OK]
       Delivery: 100.00%  [OK]
    Stock-Level: 2.91%  [NG] *

<TpmC>
                 25778.000 TpmC
