***************************************
*** ###easy### TPC-C Load Generator ***
***************************************
option h with value '127.0.0.1'
option P with value '13306'
option d with value 'benchmarker'
option u with value 'root'
option p with value '123456'
option w with value '11'
option c with value '16'
option r with value '22'
option l with value '60'
option i with value '10'
<Parameters>
     [server]: 127.0.0.1
     [port]: 13306
     [DBname]: benchmarker
       [user]: root
       [pass]: 123456
  [warehouse]: 11
 [connection]: 16
     [rampup]: 22 (sec.)
    [measure]: 60 (sec.)

RAMP-UP TIME.(22 sec.)

MEASURING START.

  10, trx: 387, 95%: 327.933, 99%: 386.043, max_rt: 512.964, 388|330.465, 40|84.857, 40|561.007, 40|1050.847
  20, trx: 419, 95%: 308.969, 99%: 377.699, max_rt: 448.682, 418|269.629, 41|66.238, 41|511.949, 40|963.352
  30, trx: 406, 95%: 317.121, 99%: 360.575, max_rt: 516.804, 410|263.445, 41|67.453, 41|485.283, 41|964.017
  40, trx: 407, 95%: 320.269, 99%: 368.431, max_rt: 397.754, 404|260.832, 40|47.239, 41|561.985, 41|939.392
  50, trx: 403, 95%: 319.599, 99%: 393.628, max_rt: 460.396, 402|265.890, 41|52.032, 40|539.248, 40|948.877
  60, trx: 402, 95%: 320.173, 99%: 350.571, max_rt: 493.725, 403|273.065, 40|35.998, 40|512.002, 40|912.259

STOPPING THREADS................

<Raw Results>
  [0] sc:0 lt:2424  rt:0  fl:0 avg_rt: 294.1 (5)
  [1] sc:1 lt:2424  rt:0  fl:0 avg_rt: 76.6 (5)
  [2] sc:36 lt:207  rt:0  fl:0 avg_rt: 26.7 (5)
  [3] sc:0 lt:243  rt:0  fl:0 avg_rt: 584.1 (80)
  [4] sc:0 lt:242  rt:0  fl:0 avg_rt: 1087.8 (20)
 in 60 sec.

<Raw Results2(sum ver.)>
  [0] sc:0  lt:2424  rt:0  fl:0 
  [1] sc:1  lt:2424  rt:0  fl:0 
  [2] sc:36  lt:207  rt:0  fl:0 
  [3] sc:0  lt:243  rt:0  fl:0 
  [4] sc:0  lt:242  rt:0  fl:0 

<Constraint Check> (all must be [OK])
 [transaction percentage]
        Payment: 43.48% (>=43.0%) [OK]
   Order-Status: 4.36% (>= 4.0%) [OK]
       Delivery: 4.36% (>= 4.0%) [OK]
    Stock-Level: 4.34% (>= 4.0%) [OK]
 [response time (at least 90% passed)]
      New-Order: 0.00%  [NG] *
        Payment: 0.04%  [NG] *
   Order-Status: 14.81%  [NG] *
       Delivery: 0.00%  [NG] *
    Stock-Level: 0.00%  [NG] *

<TpmC>
                 2424.000 TpmC
