***************************************
*** ###easy### TPC-C Load Generator ***
***************************************
option h with value '192.168.122.79'
option P with value '3306'
option d with value 'benchmarker'
option u with value 'root'
option p with value '123456'
option w with value '11'
option c with value '16'
option r with value '22'
option l with value '60'
option i with value '10'
<Parameters>
     [server]: 192.168.122.79
     [port]: 3306
     [DBname]: benchmarker
       [user]: root
       [pass]: 123456
  [warehouse]: 11
 [connection]: 16
     [rampup]: 22 (sec.)
    [measure]: 60 (sec.)

RAMP-UP TIME.(22 sec.)

MEASURING START.

  10, trx: 880, 95%: 165.673, 99%: 207.436, max_rt: 280.109, 888|242.663, 89|62.607, 89|353.831, 88|550.653
  20, trx: 939, 95%: 157.831, 99%: 191.789, max_rt: 289.113, 935|155.545, 94|47.360, 94|374.194, 94|561.252
  30, trx: 879, 95%: 163.603, 99%: 202.709, max_rt: 272.175, 881|227.687, 87|54.975, 88|373.886, 88|595.137
  40, trx: 898, 95%: 163.456, 99%: 200.837, max_rt: 244.346, 902|160.541, 91|35.972, 90|377.915, 90|497.601
  50, trx: 918, 95%: 167.068, 99%: 197.794, max_rt: 232.642, 917|153.319, 91|45.742, 92|461.463, 92|543.674
  60, trx: 932, 95%: 157.030, 99%: 191.502, max_rt: 249.187, 922|134.816, 94|79.353, 92|341.409, 92|478.862

STOPPING THREADS................

<Raw Results>
  [0] sc:0 lt:5446  rt:0  fl:0 avg_rt: 129.8 (5)
  [1] sc:210 lt:5235  rt:0  fl:0 avg_rt: 34.3 (5)
  [2] sc:128 lt:418  rt:0  fl:0 avg_rt: 15.3 (5)
  [3] sc:0 lt:545  rt:0  fl:0 avg_rt: 301.4 (80)
  [4] sc:0 lt:544  rt:0  fl:0 avg_rt: 450.7 (20)
 in 60 sec.

<Raw Results2(sum ver.)>
  [0] sc:0  lt:5446  rt:0  fl:0 
  [1] sc:210  lt:5235  rt:0  fl:0 
  [2] sc:128  lt:418  rt:0  fl:0 
  [3] sc:0  lt:545  rt:0  fl:0 
  [4] sc:0  lt:544  rt:0  fl:0 

<Constraint Check> (all must be [OK])
 [transaction percentage]
        Payment: 43.47% (>=43.0%) [OK]
   Order-Status: 4.36% (>= 4.0%) [OK]
       Delivery: 4.35% (>= 4.0%) [OK]
    Stock-Level: 4.34% (>= 4.0%) [OK]
 [response time (at least 90% passed)]
      New-Order: 0.00%  [NG] *
        Payment: 3.86%  [NG] *
   Order-Status: 23.44%  [NG] *
       Delivery: 0.00%  [NG] *
    Stock-Level: 0.00%  [NG] *

<TpmC>
                 5446.000 TpmC
