***************************************
*** ###easy### TPC-C Load Generator ***
***************************************
option h with value '192.168.122.77'
option P with value '3306'
option d with value 'benchmarker'
option u with value 'root'
option p with value '123456'
option w with value '11'
option c with value '1'
option r with value '22'
option l with value '60'
option i with value '10'
<Parameters>
     [server]: 192.168.122.77
     [port]: 3306
     [DBname]: benchmarker
       [user]: root
       [pass]: 123456
  [warehouse]: 11
 [connection]: 1
     [rampup]: 22 (sec.)
    [measure]: 60 (sec.)

RAMP-UP TIME.(22 sec.)

MEASURING START.

  10, trx: 1014, 95%: 8.087, 99%: 12.747, max_rt: 23.007, 1016|11.456, 102|4.963, 101|48.139, 101|33.302
  20, trx: 1024, 95%: 7.272, 99%: 9.901, max_rt: 15.154, 1024|5.107, 103|2.849, 102|26.611, 102|25.639
  30, trx: 1011, 95%: 7.338, 99%: 10.506, max_rt: 19.483, 1010|7.678, 100|2.509, 101|21.985, 101|29.797
  40, trx: 1015, 95%: 7.231, 99%: 9.928, max_rt: 17.746, 1015|4.532, 102|3.190, 102|29.218, 102|31.011
  50, trx: 975, 95%: 7.941, 99%: 10.988, max_rt: 17.398, 976|5.780, 98|3.417, 97|32.966, 97|28.744
  60, trx: 969, 95%: 7.620, 99%: 10.848, max_rt: 13.370, 969|7.741, 96|2.867, 98|33.048, 97|28.720

STOPPING THREADS.

<Raw Results>
  [0] sc:2960 lt:3048  rt:0  fl:0 avg_rt: 7.0 (5)
  [1] sc:6001 lt:9  rt:0  fl:0 avg_rt: 1.9 (5)
  [2] sc:601 lt:0  rt:0  fl:0 avg_rt: 1.2 (5)
  [3] sc:601 lt:0  rt:0  fl:0 avg_rt: 21.1 (80)
  [4] sc:536 lt:64  rt:0  fl:0 avg_rt: 24.4 (20)
 in 60 sec.

<Raw Results2(sum ver.)>
  [0] sc:2960  lt:3048  rt:0  fl:0 
  [1] sc:6001  lt:9  rt:0  fl:0 
  [2] sc:601  lt:0  rt:0  fl:0 
  [3] sc:601  lt:0  rt:0  fl:0 
  [4] sc:536  lt:64  rt:0  fl:0 

<Constraint Check> (all must be [OK])
 [transaction percentage]
        Payment: 43.49% (>=43.0%) [OK]
   Order-Status: 4.35% (>= 4.0%) [OK]
       Delivery: 4.35% (>= 4.0%) [OK]
    Stock-Level: 4.34% (>= 4.0%) [OK]
 [response time (at least 90% passed)]
      New-Order: 49.27%  [NG] *
        Payment: 99.85%  [OK]
   Order-Status: 100.00%  [OK]
       Delivery: 100.00%  [OK]
    Stock-Level: 89.33%  [NG] *

<TpmC>
                 6008.000 TpmC
