***************************************
*** ###easy### TPC-C Load Generator ***
***************************************
option h with value '192.168.122.79'
option P with value '3306'
option d with value 'benchmarker'
option u with value 'root'
option p with value '123456'
option w with value '11'
option c with value '64'
option r with value '22'
option l with value '60'
option i with value '10'
<Parameters>
     [server]: 192.168.122.79
     [port]: 3306
     [DBname]: benchmarker
       [user]: root
       [pass]: 123456
  [warehouse]: 11
 [connection]: 64
     [rampup]: 22 (sec.)
    [measure]: 60 (sec.)

RAMP-UP TIME.(22 sec.)

MEASURING START.

  10, trx: 740, 95%: 687.098, 99%: 891.229, max_rt: 1477.470, 726|1724.893, 74|137.997, 75|1657.775, 73|2670.174
  20, trx: 717, 95%: 659.293, 99%: 726.221, max_rt: 812.142, 725|1252.448, 72|116.590, 70|1201.380, 72|2072.840
  30, trx: 720, 95%: 670.437, 99%: 722.751, max_rt: 773.636, 717|1360.405, 72|111.093, 71|1253.298, 73|2193.800
  40, trx: 710, 95%: 659.687, 99%: 714.790, max_rt: 796.019, 711|779.313, 71|131.431, 73|1246.074, 72|2105.240
  50, trx: 719, 95%: 667.634, 99%: 728.834, max_rt: 835.739, 730|1245.740, 73|132.781, 71|1221.517, 70|2188.526
  60, trx: 721, 95%: 668.634, 99%: 726.438, max_rt: 840.479, 704|1096.799, 71|114.511, 72|1216.065, 71|2052.867

STOPPING THREADS................................................................

<Raw Results>
  [0] sc:1 lt:4326  rt:0  fl:0 avg_rt: 573.2 (5)
  [1] sc:154 lt:4159  rt:0  fl:0 avg_rt: 262.4 (5)
  [2] sc:81 lt:352  rt:0  fl:0 avg_rt: 64.3 (5)
  [3] sc:0 lt:432  rt:0  fl:0 avg_rt: 1339.4 (80)
  [4] sc:0 lt:431  rt:0  fl:0 avg_rt: 2361.9 (20)
 in 60 sec.

<Raw Results2(sum ver.)>
  [0] sc:1  lt:4326  rt:0  fl:0 
  [1] sc:154  lt:4159  rt:0  fl:0 
  [2] sc:81  lt:352  rt:0  fl:0 
  [3] sc:0  lt:432  rt:0  fl:0 
  [4] sc:0  lt:431  rt:0  fl:0 

<Constraint Check> (all must be [OK])
 [transaction percentage]
        Payment: 43.41% (>=43.0%) [OK]
   Order-Status: 4.36% (>= 4.0%) [OK]
       Delivery: 4.35% (>= 4.0%) [OK]
    Stock-Level: 4.34% (>= 4.0%) [OK]
 [response time (at least 90% passed)]
      New-Order: 0.02%  [NG] *
        Payment: 3.57%  [NG] *
   Order-Status: 18.71%  [NG] *
       Delivery: 0.00%  [NG] *
    Stock-Level: 0.00%  [NG] *

<TpmC>
                 4327.000 TpmC
