randw-4K-n1-c1: (g=0): rw=randwrite, bs=(R) 4096B-4096B, (W) 4096B-4096B, (T) 4096B-4096B, ioengine=libaio, iodepth=32
randw-4K-n2-c2: (g=1): rw=randwrite, bs=(R) 4096B-4096B, (W) 4096B-4096B, (T) 4096B-4096B, ioengine=libaio, iodepth=32
...
randw-4K-n4-c4: (g=2): rw=randwrite, bs=(R) 4096B-4096B, (W) 4096B-4096B, (T) 4096B-4096B, ioengine=libaio, iodepth=32
...
randw-4K-n8-c8: (g=3): rw=randwrite, bs=(R) 4096B-4096B, (W) 4096B-4096B, (T) 4096B-4096B, ioengine=libaio, iodepth=32
...
randw-4K-n12-c12: (g=4): rw=randwrite, bs=(R) 4096B-4096B, (W) 4096B-4096B, (T) 4096B-4096B, ioengine=libaio, iodepth=32
...
fio-3.1
Starting 27 processes

randw-4K-n1-c1: (groupid=0, jobs=1): err= 0: pid=1272: Wed Jul 24 14:58:31 2019
  write: IOPS=52.3k, BW=204MiB/s (214MB/s)(6128MiB/30001msec)
    slat (usec): min=2, max=768, avg= 3.36, stdev= 2.43
    clat (usec): min=232, max=1430, avg=605.36, stdev=64.77
     lat (usec): min=235, max=1445, avg=609.44, stdev=64.51
    clat percentiles (usec):
     | 10.000th=[  586], 20.000th=[  594], 30.000th=[  603], 40.000th=[  611],
     | 50.000th=[  619], 70.000th=[  627], 90.000th=[  652], 99.000th=[  676],
     | 99.900th=[ 1045], 99.990th=[ 1303], 99.999th=[ 1369]
   bw (  KiB/s): min=159937, max=230351, per=78.32%, avg=163832.17, stdev=15037.68, samples=59
   iops        : min=39984, max=57587, avg=40957.78, stdev=3759.40, samples=59
  lat (usec)   : 250=0.05%, 500=6.65%, 750=93.17%, 1000=0.01%
  lat (msec)   : 2=0.11%
  cpu          : usr=24.78%, sys=34.32%, ctx=1365539, majf=0, minf=10
  IO depths    : 1=0.1%, 2=0.1%, 4=0.1%, 8=0.1%, 16=0.1%, 32=100.0%, >=64=0.0%
     submit    : 0=0.0%, 4=100.0%, 8=0.0%, 16=0.0%, 32=0.0%, 64=0.0%, >=64=0.0%
     complete  : 0=0.0%, 4=100.0%, 8=0.0%, 16=0.0%, 32=0.1%, 64=0.0%, >=64=0.0%
     issued rwt: total=0,1568852,0, short=0,0,0, dropped=0,0,0
     latency   : target=0, window=0, percentile=100.00%, depth=32
randw-4K-n2-c2: (groupid=1, jobs=2): err= 0: pid=1277: Wed Jul 24 14:58:31 2019
  write: IOPS=51.8k, BW=202MiB/s (212MB/s)(6065MiB/30001msec)
    slat (usec): min=2, max=965, avg= 3.57, stdev= 2.48
    clat (usec): min=240, max=13878, avg=1229.77, stdev=124.75
     lat (usec): min=244, max=13886, avg=1234.05, stdev=124.66
    clat percentiles (usec):
     | 10.000th=[ 1205], 20.000th=[ 1221], 30.000th=[ 1221], 40.000th=[ 1237],
     | 50.000th=[ 1237], 70.000th=[ 1254], 90.000th=[ 1287], 99.000th=[ 1319],
     | 99.900th=[ 1696], 99.990th=[ 2212], 99.999th=[13829]
   bw (  KiB/s): min=78965, max=105798, per=39.17%, avg=81093.36, stdev=4436.18, samples=118
   iops        : min=19741, max=26449, avg=20272.94, stdev=1109.03, samples=118
  lat (usec)   : 250=0.01%, 500=0.04%, 750=1.10%, 1000=2.15%
  lat (msec)   : 2=96.67%, 4=0.03%, 10=0.01%, 20=0.01%
  cpu          : usr=11.96%, sys=18.52%, ctx=1368831, majf=0, minf=17
  IO depths    : 1=0.1%, 2=0.1%, 4=0.1%, 8=0.1%, 16=0.1%, 32=100.0%, >=64=0.0%
     submit    : 0=0.0%, 4=100.0%, 8=0.0%, 16=0.0%, 32=0.0%, 64=0.0%, >=64=0.0%
     complete  : 0=0.0%, 4=100.0%, 8=0.0%, 16=0.0%, 32=0.1%, 64=0.0%, >=64=0.0%
     issued rwt: total=0,1552649,0, short=0,0,0, dropped=0,0,0
     latency   : target=0, window=0, percentile=100.00%, depth=32
randw-4K-n4-c4: (groupid=2, jobs=4): err= 0: pid=1282: Wed Jul 24 14:58:31 2019
  write: IOPS=51.8k, BW=202MiB/s (212MB/s)(6065MiB/30003msec)
    slat (usec): min=2, max=1061, avg= 3.73, stdev= 2.97
    clat (usec): min=187, max=13785, avg=2466.14, stdev=185.79
     lat (usec): min=198, max=13795, avg=2470.59, stdev=185.57
    clat percentiles (usec):
     | 10.000th=[ 2442], 20.000th=[ 2474], 30.000th=[ 2474], 40.000th=[ 2474],
     | 50.000th=[ 2507], 70.000th=[ 2507], 90.000th=[ 2540], 99.000th=[ 2606],
     | 99.900th=[ 2966], 99.990th=[ 3523], 99.999th=[13698]
   bw (  KiB/s): min=46939, max=63265, per=23.22%, avg=48068.22, stdev=2012.68, samples=236
   iops        : min=11734, max=15816, avg=12016.71, stdev=503.17, samples=236
  lat (usec)   : 250=0.01%, 500=0.01%, 750=0.01%, 1000=0.01%
  lat (msec)   : 2=3.14%, 4=96.83%, 10=0.01%, 20=0.01%
  cpu          : usr=6.50%, sys=9.08%, ctx=1401666, majf=0, minf=40
  IO depths    : 1=0.1%, 2=0.1%, 4=0.1%, 8=0.1%, 16=0.1%, 32=100.0%, >=64=0.0%
     submit    : 0=0.0%, 4=100.0%, 8=0.0%, 16=0.0%, 32=0.0%, 64=0.0%, >=64=0.0%
     complete  : 0=0.0%, 4=100.0%, 8=0.0%, 16=0.0%, 32=0.1%, 64=0.0%, >=64=0.0%
     issued rwt: total=0,1552681,0, short=0,0,0, dropped=0,0,0
     latency   : target=0, window=0, percentile=100.00%, depth=32
randw-4K-n8-c8: (groupid=3, jobs=8): err= 0: pid=1289: Wed Jul 24 14:58:31 2019
  write: IOPS=51.9k, BW=203MiB/s (213MB/s)(6087MiB/30004msec)
    slat (usec): min=2, max=6389, avg=134.49, stdev=338.39
    clat (usec): min=433, max=16621, avg=4789.95, stdev=1623.00
     lat (usec): min=451, max=16915, avg=4925.51, stdev=1656.16
    clat percentiles (usec):
     | 10.000th=[ 2999], 20.000th=[ 3359], 30.000th=[ 3752], 40.000th=[ 4113],
     | 50.000th=[ 4555], 70.000th=[ 5473], 90.000th=[ 6980], 99.000th=[ 9372],
     | 99.900th=[11600], 99.990th=[13698], 99.999th=[15664]
   bw (  KiB/s): min=15323, max=30177, per=9.15%, avg=19012.38, stdev=2313.79, samples=472
   iops        : min= 3830, max= 7544, avg=4752.72, stdev=578.42, samples=472
  lat (usec)   : 500=0.01%, 750=0.01%, 1000=0.01%
  lat (msec)   : 2=0.42%, 4=36.72%, 10=62.32%, 20=0.54%
  cpu          : usr=3.95%, sys=5.22%, ctx=407685, majf=0, minf=82
  IO depths    : 1=0.1%, 2=0.1%, 4=0.1%, 8=0.1%, 16=0.1%, 32=100.0%, >=64=0.0%
     submit    : 0=0.0%, 4=100.0%, 8=0.0%, 16=0.0%, 32=0.0%, 64=0.0%, >=64=0.0%
     complete  : 0=0.0%, 4=100.0%, 8=0.0%, 16=0.0%, 32=0.1%, 64=0.0%, >=64=0.0%
     issued rwt: total=0,1558222,0, short=0,0,0, dropped=0,0,0
     latency   : target=0, window=0, percentile=100.00%, depth=32
randw-4K-n12-c12: (groupid=4, jobs=12): err= 0: pid=1300: Wed Jul 24 14:58:31 2019
  write: IOPS=52.0k, BW=203MiB/s (213MB/s)(6096MiB/30005msec)
    slat (usec): min=2, max=6721, avg=22.66, stdev=168.87
    clat (usec): min=247, max=22453, avg=7351.77, stdev=845.86
     lat (usec): min=258, max=24829, avg=7376.06, stdev=868.56
    clat percentiles (usec):
     | 10.000th=[ 6849], 20.000th=[ 7177], 30.000th=[ 7373], 40.000th=[ 7439],
     | 50.000th=[ 7439], 70.000th=[ 7504], 90.000th=[ 7570], 99.000th=[10683],
     | 99.900th=[13960], 99.990th=[17171], 99.999th=[21365]
   bw (  KiB/s): min=15172, max=25798, per=8.37%, avg=17408.85, stdev=1427.26, samples=720
   iops        : min= 3793, max= 6449, avg=4351.91, stdev=356.80, samples=720
  lat (usec)   : 250=0.01%, 500=0.01%, 750=0.01%, 1000=0.01%
  lat (msec)   : 2=0.01%, 4=0.02%, 10=98.58%, 20=1.39%, 50=0.01%
  cpu          : usr=4.60%, sys=5.81%, ctx=541167, majf=0, minf=119
  IO depths    : 1=0.1%, 2=0.1%, 4=0.1%, 8=0.1%, 16=0.1%, 32=100.0%, >=64=0.0%
     submit    : 0=0.0%, 4=100.0%, 8=0.0%, 16=0.0%, 32=0.0%, 64=0.0%, >=64=0.0%
     complete  : 0=0.0%, 4=100.0%, 8=0.0%, 16=0.0%, 32=0.1%, 64=0.0%, >=64=0.0%
     issued rwt: total=0,1560646,0, short=0,0,0, dropped=0,0,0
     latency   : target=0, window=0, percentile=100.00%, depth=32

Run status group 0 (all jobs):
  WRITE: bw=204MiB/s (214MB/s), 204MiB/s-204MiB/s (214MB/s-214MB/s), io=6128MiB (6426MB), run=30001-30001msec

Run status group 1 (all jobs):
  WRITE: bw=202MiB/s (212MB/s), 202MiB/s-202MiB/s (212MB/s-212MB/s), io=6065MiB (6360MB), run=30001-30001msec

Run status group 2 (all jobs):
  WRITE: bw=202MiB/s (212MB/s), 202MiB/s-202MiB/s (212MB/s-212MB/s), io=6065MiB (6360MB), run=30003-30003msec

Run status group 3 (all jobs):
  WRITE: bw=203MiB/s (213MB/s), 203MiB/s-203MiB/s (213MB/s-213MB/s), io=6087MiB (6382MB), run=30004-30004msec

Run status group 4 (all jobs):
  WRITE: bw=203MiB/s (213MB/s), 203MiB/s-203MiB/s (213MB/s-213MB/s), io=6096MiB (6392MB), run=30005-30005msec

Disk stats (read/write):
  vda: ios=351/7779045, merge=0/0, ticks=60/21966888, in_queue=21922424, util=98.90%
