randw-4K-n1-c1: (g=0): rw=randwrite, bs=(R) 4096B-4096B, (W) 4096B-4096B, (T) 4096B-4096B, ioengine=libaio, iodepth=32
randw-4K-n2-c2: (g=1): rw=randwrite, bs=(R) 4096B-4096B, (W) 4096B-4096B, (T) 4096B-4096B, ioengine=libaio, iodepth=32
...
randw-4K-n4-c4: (g=2): rw=randwrite, bs=(R) 4096B-4096B, (W) 4096B-4096B, (T) 4096B-4096B, ioengine=libaio, iodepth=32
...
randw-4K-n8-c8: (g=3): rw=randwrite, bs=(R) 4096B-4096B, (W) 4096B-4096B, (T) 4096B-4096B, ioengine=libaio, iodepth=32
...
randw-4K-n12-c12: (g=4): rw=randwrite, bs=(R) 4096B-4096B, (W) 4096B-4096B, (T) 4096B-4096B, ioengine=libaio, iodepth=32
...
fio-3.1
Starting 27 processes

randw-4K-n1-c1: (groupid=0, jobs=1): err= 0: pid=1237: Wed Jul 24 14:58:32 2019
  write: IOPS=51.5k, BW=201MiB/s (211MB/s)(6035MiB/30001msec)
    slat (usec): min=2, max=731, avg= 3.25, stdev= 1.80
    clat (usec): min=228, max=1407, avg=615.05, stdev=44.85
     lat (usec): min=232, max=1411, avg=618.99, stdev=44.84
    clat percentiles (usec):
     | 10.000th=[  594], 20.000th=[  594], 30.000th=[  603], 40.000th=[  611],
     | 50.000th=[  619], 70.000th=[  627], 90.000th=[  652], 99.000th=[  676],
     | 99.900th=[ 1045], 99.990th=[ 1319], 99.999th=[ 1385]
   bw (  KiB/s): min=162184, max=228031, per=79.98%, avg=164763.29, stdev=9766.18, samples=59
   iops        : min=40544, max=57007, avg=41190.41, stdev=2441.49, samples=59
  lat (usec)   : 250=0.06%, 500=1.80%, 750=98.01%, 1000=0.01%
  lat (msec)   : 2=0.12%
  cpu          : usr=23.07%, sys=33.18%, ctx=1299085, majf=0, minf=10
  IO depths    : 1=0.1%, 2=0.1%, 4=0.1%, 8=0.1%, 16=0.1%, 32=100.0%, >=64=0.0%
     submit    : 0=0.0%, 4=100.0%, 8=0.0%, 16=0.0%, 32=0.0%, 64=0.0%, >=64=0.0%
     complete  : 0=0.0%, 4=100.0%, 8=0.0%, 16=0.0%, 32=0.1%, 64=0.0%, >=64=0.0%
     issued rwt: total=0,1545070,0, short=0,0,0, dropped=0,0,0
     latency   : target=0, window=0, percentile=100.00%, depth=32
randw-4K-n2-c2: (groupid=1, jobs=2): err= 0: pid=1242: Wed Jul 24 14:58:32 2019
  write: IOPS=51.5k, BW=201MiB/s (211MB/s)(6041MiB/30002msec)
    slat (usec): min=2, max=736, avg= 3.51, stdev= 2.64
    clat (usec): min=253, max=13871, avg=1234.74, stdev=96.83
     lat (usec): min=256, max=13880, avg=1238.95, stdev=96.66
    clat percentiles (usec):
     | 10.000th=[ 1205], 20.000th=[ 1221], 30.000th=[ 1221], 40.000th=[ 1237],
     | 50.000th=[ 1237], 70.000th=[ 1254], 90.000th=[ 1287], 99.000th=[ 1319],
     | 99.900th=[ 1663], 99.990th=[ 2180], 99.999th=[13698]
   bw (  KiB/s): min=79827, max=116025, per=40.07%, avg=82620.37, stdev=5154.50, samples=118
   iops        : min=19956, max=29006, avg=20654.75, stdev=1288.64, samples=118
  lat (usec)   : 500=0.01%, 750=0.65%, 1000=1.26%
  lat (msec)   : 2=98.05%, 4=0.02%, 20=0.01%
  cpu          : usr=11.81%, sys=17.69%, ctx=1280437, majf=0, minf=17
  IO depths    : 1=0.1%, 2=0.1%, 4=0.1%, 8=0.1%, 16=0.1%, 32=100.0%, >=64=0.0%
     submit    : 0=0.0%, 4=100.0%, 8=0.0%, 16=0.0%, 32=0.0%, 64=0.0%, >=64=0.0%
     complete  : 0=0.0%, 4=100.0%, 8=0.0%, 16=0.0%, 32=0.1%, 64=0.0%, >=64=0.0%
     issued rwt: total=0,1546570,0, short=0,0,0, dropped=0,0,0
     latency   : target=0, window=0, percentile=100.00%, depth=32
randw-4K-n4-c4: (groupid=2, jobs=4): err= 0: pid=1247: Wed Jul 24 14:58:32 2019
  write: IOPS=51.6k, BW=201MiB/s (211MB/s)(6043MiB/30003msec)
    slat (usec): min=2, max=805, avg= 4.35, stdev= 2.89
    clat (usec): min=493, max=7553, avg=2474.48, stdev=142.80
     lat (usec): min=517, max=7568, avg=2479.56, stdev=142.72
    clat percentiles (usec):
     | 10.000th=[ 2442], 20.000th=[ 2442], 30.000th=[ 2474], 40.000th=[ 2474],
     | 50.000th=[ 2507], 70.000th=[ 2507], 90.000th=[ 2540], 99.000th=[ 2606],
     | 99.900th=[ 2868], 99.990th=[ 3326], 99.999th=[ 7504]
   bw (  KiB/s): min=40240, max=57046, per=19.94%, avg=41126.31, stdev=2508.45, samples=236
   iops        : min=10060, max=14261, avg=10281.24, stdev=627.09, samples=236
  lat (usec)   : 500=0.01%, 750=0.01%, 1000=0.01%
  lat (msec)   : 2=1.82%, 4=98.17%, 10=0.01%
  cpu          : usr=6.30%, sys=10.64%, ctx=1360961, majf=0, minf=39
  IO depths    : 1=0.1%, 2=0.1%, 4=0.1%, 8=0.1%, 16=0.1%, 32=100.0%, >=64=0.0%
     submit    : 0=0.0%, 4=100.0%, 8=0.0%, 16=0.0%, 32=0.0%, 64=0.0%, >=64=0.0%
     complete  : 0=0.0%, 4=100.0%, 8=0.0%, 16=0.0%, 32=0.1%, 64=0.0%, >=64=0.0%
     issued rwt: total=0,1547038,0, short=0,0,0, dropped=0,0,0
     latency   : target=0, window=0, percentile=100.00%, depth=32
randw-4K-n8-c8: (groupid=3, jobs=8): err= 0: pid=1254: Wed Jul 24 14:58:32 2019
  write: IOPS=51.6k, BW=202MiB/s (212MB/s)(6054MiB/30006msec)
    slat (usec): min=2, max=5753, avg=68.86, stdev=267.89
    clat (usec): min=320, max=17204, avg=4880.51, stdev=1172.00
     lat (usec): min=338, max=17767, avg=4950.80, stdev=1210.07
    clat percentiles (usec):
     | 10.000th=[ 3720], 20.000th=[ 4178], 30.000th=[ 4293], 40.000th=[ 4424],
     | 50.000th=[ 4752], 70.000th=[ 5014], 90.000th=[ 6456], 99.000th=[ 8979],
     | 99.900th=[11207], 99.990th=[12911], 99.999th=[15139]
   bw (  KiB/s): min=19977, max=35858, per=11.59%, avg=23936.49, stdev=2568.27, samples=472
   iops        : min= 4994, max= 8964, avg=5983.73, stdev=642.08, samples=472
  lat (usec)   : 500=0.01%, 750=0.01%, 1000=0.01%
  lat (msec)   : 2=0.03%, 4=18.28%, 10=81.31%, 20=0.36%
  cpu          : usr=5.59%, sys=7.30%, ctx=454164, majf=0, minf=83
  IO depths    : 1=0.1%, 2=0.1%, 4=0.1%, 8=0.1%, 16=0.1%, 32=100.0%, >=64=0.0%
     submit    : 0=0.0%, 4=100.0%, 8=0.0%, 16=0.0%, 32=0.0%, 64=0.0%, >=64=0.0%
     complete  : 0=0.0%, 4=100.0%, 8=0.0%, 16=0.0%, 32=0.1%, 64=0.0%, >=64=0.0%
     issued rwt: total=0,1549803,0, short=0,0,0, dropped=0,0,0
     latency   : target=0, window=0, percentile=100.00%, depth=32
randw-4K-n12-c12: (groupid=4, jobs=12): err= 0: pid=1265: Wed Jul 24 14:58:32 2019
  write: IOPS=54.5k, BW=213MiB/s (223MB/s)(6389MiB/30003msec)
    slat (usec): min=2, max=8732, avg=42.12, stdev=260.18
    clat (usec): min=417, max=25091, avg=6994.01, stdev=1670.27
     lat (usec): min=433, max=25099, avg=7037.77, stdev=1707.99
    clat percentiles (usec):
     | 10.000th=[ 4228], 20.000th=[ 6718], 30.000th=[ 6849], 40.000th=[ 6915],
     | 50.000th=[ 7373], 70.000th=[ 7504], 90.000th=[ 7635], 99.000th=[12518],
     | 99.900th=[16319], 99.990th=[20317], 99.999th=[23462]
   bw (  KiB/s): min=13212, max=45667, per=8.37%, avg=18247.55, stdev=4712.77, samples=720
   iops        : min= 3303, max=11416, avg=4561.53, stdev=1178.20, samples=720
  lat (usec)   : 500=0.01%, 750=0.01%, 1000=0.01%
  lat (msec)   : 2=0.01%, 4=9.73%, 10=86.62%, 20=3.63%, 50=0.01%
  cpu          : usr=4.93%, sys=6.17%, ctx=517474, majf=0, minf=116
  IO depths    : 1=0.1%, 2=0.1%, 4=0.1%, 8=0.1%, 16=0.1%, 32=100.0%, >=64=0.0%
     submit    : 0=0.0%, 4=100.0%, 8=0.0%, 16=0.0%, 32=0.0%, 64=0.0%, >=64=0.0%
     complete  : 0=0.0%, 4=100.0%, 8=0.0%, 16=0.0%, 32=0.1%, 64=0.0%, >=64=0.0%
     issued rwt: total=0,1635514,0, short=0,0,0, dropped=0,0,0
     latency   : target=0, window=0, percentile=100.00%, depth=32

Run status group 0 (all jobs):
  WRITE: bw=201MiB/s (211MB/s), 201MiB/s-201MiB/s (211MB/s-211MB/s), io=6035MiB (6329MB), run=30001-30001msec

Run status group 1 (all jobs):
  WRITE: bw=201MiB/s (211MB/s), 201MiB/s-201MiB/s (211MB/s-211MB/s), io=6041MiB (6335MB), run=30002-30002msec

Run status group 2 (all jobs):
  WRITE: bw=201MiB/s (211MB/s), 201MiB/s-201MiB/s (211MB/s-211MB/s), io=6043MiB (6337MB), run=30003-30003msec

Run status group 3 (all jobs):
  WRITE: bw=202MiB/s (212MB/s), 202MiB/s-202MiB/s (212MB/s-212MB/s), io=6054MiB (6348MB), run=30006-30006msec

Run status group 4 (all jobs):
  WRITE: bw=213MiB/s (223MB/s), 213MiB/s-213MiB/s (223MB/s-223MB/s), io=6389MiB (6699MB), run=30003-30003msec

Disk stats (read/write):
  vda: ios=320/7816705, merge=0/0, ticks=76/23892228, in_queue=23912584, util=99.36%
