***************************************
*** ###easy### TPC-C Load Generator ***
***************************************
option h with value '192.168.122.89'
option P with value '3306'
option d with value 'benchmarker'
option u with value 'root'
option p with value '123456'
option w with value '11'
option c with value '4'
option r with value '22'
option l with value '60'
option i with value '10'
<Parameters>
     [server]: 192.168.122.89
     [port]: 3306
     [DBname]: benchmarker
       [user]: root
       [pass]: 123456
  [warehouse]: 11
 [connection]: 4
     [rampup]: 22 (sec.)
    [measure]: 60 (sec.)

RAMP-UP TIME.(22 sec.)

MEASURING START.

  10, trx: 1010, 95%: 38.250, 99%: 51.076, max_rt: 101.680, 1014|30.944, 101|20.277, 102|177.113, 101|167.186
  20, trx: 1050, 95%: 37.468, 99%: 50.771, max_rt: 70.247, 1048|23.544, 105|10.007, 104|95.449, 106|131.447
  30, trx: 1035, 95%: 38.561, 99%: 50.939, max_rt: 70.422, 1034|26.478, 104|13.447, 104|131.028, 102|140.071
  40, trx: 1026, 95%: 38.011, 99%: 48.397, max_rt: 58.706, 1028|31.584, 102|9.184, 102|89.360, 103|157.607
  50, trx: 1010, 95%: 39.804, 99%: 48.863, max_rt: 69.442, 1010|28.291, 101|16.263, 101|100.609, 102|180.685
  60, trx: 1010, 95%: 39.852, 99%: 49.540, max_rt: 59.381, 1012|27.196, 101|16.014, 102|86.645, 101|139.938

STOPPING THREADS....

<Raw Results>
  [0] sc:1 lt:6140  rt:0  fl:0 avg_rt: 28.1 (5)
  [1] sc:3582 lt:2564  rt:0  fl:0 avg_rt: 7.3 (5)
  [2] sc:551 lt:63  rt:0  fl:0 avg_rt: 4.1 (5)
  [3] sc:581 lt:34  rt:0  fl:0 avg_rt: 69.4 (80)
  [4] sc:0 lt:615  rt:0  fl:0 avg_rt: 105.8 (20)
 in 60 sec.

<Raw Results2(sum ver.)>
  [0] sc:1  lt:6140  rt:0  fl:0 
  [1] sc:3582  lt:2564  rt:0  fl:0 
  [2] sc:551  lt:63  rt:0  fl:0 
  [3] sc:581  lt:34  rt:0  fl:0 
  [4] sc:0  lt:615  rt:0  fl:0 

<Constraint Check> (all must be [OK])
 [transaction percentage]
        Payment: 43.49% (>=43.0%) [OK]
   Order-Status: 4.35% (>= 4.0%) [OK]
       Delivery: 4.35% (>= 4.0%) [OK]
    Stock-Level: 4.35% (>= 4.0%) [OK]
 [response time (at least 90% passed)]
      New-Order: 0.02%  [NG] *
        Payment: 58.28%  [NG] *
   Order-Status: 89.74%  [NG] *
       Delivery: 94.47%  [OK]
    Stock-Level: 0.00%  [NG] *

<TpmC>
                 6141.000 TpmC
