***************************************
*** ###easy### TPC-C Load Generator ***
***************************************
option h with value '192.168.122.89'
option P with value '3306'
option d with value 'benchmarker'
option u with value 'root'
option p with value '123456'
option w with value '11'
option c with value '16'
option r with value '22'
option l with value '60'
option i with value '10'
<Parameters>
     [server]: 192.168.122.89
     [port]: 3306
     [DBname]: benchmarker
       [user]: root
       [pass]: 123456
  [warehouse]: 11
 [connection]: 16
     [rampup]: 22 (sec.)
    [measure]: 60 (sec.)

RAMP-UP TIME.(22 sec.)

MEASURING START.

  10, trx: 882, 95%: 167.268, 99%: 204.415, max_rt: 270.078, 885|244.370, 88|58.888, 88|382.008, 89|598.821
  20, trx: 938, 95%: 156.326, 99%: 194.622, max_rt: 235.769, 933|184.894, 94|54.292, 94|323.567, 93|457.014
  30, trx: 870, 95%: 170.861, 99%: 205.951, max_rt: 251.136, 872|148.243, 87|40.844, 88|336.355, 88|467.428
  40, trx: 911, 95%: 162.822, 99%: 199.638, max_rt: 301.963, 907|153.995, 91|60.162, 91|356.527, 90|483.535
  50, trx: 882, 95%: 165.673, 99%: 223.488, max_rt: 257.380, 886|168.420, 88|66.344, 88|316.529, 89|528.225
  60, trx: 887, 95%: 167.619, 99%: 199.937, max_rt: 235.885, 887|208.216, 89|52.824, 88|340.553, 88|522.850

STOPPING THREADS................

<Raw Results>
  [0] sc:0 lt:5372  rt:0  fl:0 avg_rt: 131.6 (5)
  [1] sc:205 lt:5165  rt:0  fl:0 avg_rt: 35.6 (5)
  [2] sc:145 lt:392  rt:0  fl:0 avg_rt: 15.7 (5)
  [3] sc:0 lt:537  rt:0  fl:0 avg_rt: 303.9 (80)
  [4] sc:0 lt:537  rt:0  fl:0 avg_rt: 451.0 (20)
 in 60 sec.

<Raw Results2(sum ver.)>
  [0] sc:0  lt:5372  rt:0  fl:0 
  [1] sc:205  lt:5165  rt:0  fl:0 
  [2] sc:145  lt:392  rt:0  fl:0 
  [3] sc:0  lt:537  rt:0  fl:0 
  [4] sc:0  lt:537  rt:0  fl:0 

<Constraint Check> (all must be [OK])
 [transaction percentage]
        Payment: 43.47% (>=43.0%) [OK]
   Order-Status: 4.35% (>= 4.0%) [OK]
       Delivery: 4.35% (>= 4.0%) [OK]
    Stock-Level: 4.35% (>= 4.0%) [OK]
 [response time (at least 90% passed)]
      New-Order: 0.00%  [NG] *
        Payment: 3.82%  [NG] *
   Order-Status: 27.00%  [NG] *
       Delivery: 0.00%  [NG] *
    Stock-Level: 0.00%  [NG] *

<TpmC>
                 5372.000 TpmC
