***************************************
*** ###easy### TPC-C Load Generator ***
***************************************
option h with value '192.168.122.79'
option P with value '3306'
option d with value 'benchmarker'
option u with value 'root'
option p with value '123456'
option w with value '11'
option c with value '4'
option r with value '22'
option l with value '60'
option i with value '10'
<Parameters>
     [server]: 192.168.122.79
     [port]: 3306
     [DBname]: benchmarker
       [user]: root
       [pass]: 123456
  [warehouse]: 11
 [connection]: 4
     [rampup]: 22 (sec.)
    [measure]: 60 (sec.)

RAMP-UP TIME.(22 sec.)

MEASURING START.

  10, trx: 1008, 95%: 37.705, 99%: 51.015, max_rt: 71.633, 1010|28.910, 101|22.590, 102|122.026, 102|148.992
  20, trx: 1054, 95%: 37.256, 99%: 47.835, max_rt: 62.390, 1055|21.862, 105|10.250, 105|109.609, 105|111.083
  30, trx: 1051, 95%: 38.365, 99%: 48.980, max_rt: 64.280, 1049|55.026, 105|17.732, 105|134.321, 104|121.295
  40, trx: 1034, 95%: 36.418, 99%: 49.436, max_rt: 57.571, 1036|30.365, 104|17.218, 103|100.345, 104|131.990
  50, trx: 1024, 95%: 40.067, 99%: 50.559, max_rt: 69.516, 1025|20.121, 102|11.545, 103|94.294, 103|140.586
  60, trx: 952, 95%: 43.116, 99%: 55.425, max_rt: 64.587, 948|42.391, 95|12.959, 95|105.639, 94|127.494

STOPPING THREADS....

<Raw Results>
  [0] sc:0 lt:6123  rt:0  fl:0 avg_rt: 28.4 (5)
  [1] sc:3512 lt:2611  rt:0  fl:0 avg_rt: 7.4 (5)
  [2] sc:555 lt:57  rt:0  fl:0 avg_rt: 4.2 (5)
  [3] sc:583 lt:30  rt:0  fl:0 avg_rt: 69.1 (80)
  [4] sc:0 lt:612  rt:0  fl:0 avg_rt: 104.3 (20)
 in 60 sec.

<Raw Results2(sum ver.)>
  [0] sc:0  lt:6123  rt:0  fl:0 
  [1] sc:3512  lt:2611  rt:0  fl:0 
  [2] sc:555  lt:57  rt:0  fl:0 
  [3] sc:583  lt:30  rt:0  fl:0 
  [4] sc:0  lt:612  rt:0  fl:0 

<Constraint Check> (all must be [OK])
 [transaction percentage]
        Payment: 43.48% (>=43.0%) [OK]
   Order-Status: 4.35% (>= 4.0%) [OK]
       Delivery: 4.35% (>= 4.0%) [OK]
    Stock-Level: 4.35% (>= 4.0%) [OK]
 [response time (at least 90% passed)]
      New-Order: 0.00%  [NG] *
        Payment: 57.36%  [NG] *
   Order-Status: 90.69%  [OK]
       Delivery: 95.11%  [OK]
    Stock-Level: 0.00%  [NG] *

<TpmC>
                 6123.000 TpmC
