***************************************
*** ###easy### TPC-C Load Generator ***
***************************************
option h with value '192.168.122.81'
option P with value '3306'
option d with value 'benchmarker'
option u with value 'root'
option p with value '123456'
option w with value '11'
option c with value '64'
option r with value '22'
option l with value '60'
option i with value '10'
<Parameters>
     [server]: 192.168.122.81
     [port]: 3306
     [DBname]: benchmarker
       [user]: root
       [pass]: 123456
  [warehouse]: 11
 [connection]: 64
     [rampup]: 22 (sec.)
    [measure]: 60 (sec.)

RAMP-UP TIME.(22 sec.)

MEASURING START.

  10, trx: 768, 95%: 677.093, 99%: 835.678, max_rt: 1213.519, 767|1233.996, 78|226.972, 80|1263.692, 80|1881.144
  20, trx: 789, 95%: 668.834, 99%: 874.318, max_rt: 1273.262, 786|1183.431, 79|173.772, 77|1449.075, 77|1879.191
  30, trx: 777, 95%: 672.045, 99%: 869.620, max_rt: 1161.656, 777|1104.556, 76|152.131, 77|1262.132, 76|1697.134
  40, trx: 763, 95%: 668.034, 99%: 865.206, max_rt: 1089.169, 766|1450.125, 77|178.869, 76|1318.977, 78|1877.624
  50, trx: 759, 95%: 709.036, 99%: 1039.777, max_rt: 1246.513, 741|1364.684, 75|158.882, 76|1225.936, 77|1806.649
  60, trx: 762, 95%: 672.447, 99%: 925.486, max_rt: 1123.121, 769|1464.363, 76|152.219, 79|1312.395, 78|1836.353

STOPPING THREADS................................................................

<Raw Results>
  [0] sc:0 lt:4618  rt:0  fl:0 avg_rt: 542.5 (5)
  [1] sc:16 lt:4590  rt:0  fl:0 avg_rt: 300.1 (5)
  [2] sc:31 lt:430  rt:0  fl:0 avg_rt: 68.2 (5)
  [3] sc:0 lt:465  rt:0  fl:0 avg_rt: 1140.4 (80)
  [4] sc:0 lt:466  rt:0  fl:0 avg_rt: 1702.9 (20)
 in 60 sec.

<Raw Results2(sum ver.)>
  [0] sc:0  lt:4618  rt:0  fl:0 
  [1] sc:16  lt:4590  rt:0  fl:0 
  [2] sc:31  lt:430  rt:0  fl:0 
  [3] sc:0  lt:465  rt:0  fl:0 
  [4] sc:0  lt:466  rt:0  fl:0 

<Constraint Check> (all must be [OK])
 [transaction percentage]
        Payment: 43.39% (>=43.0%) [OK]
   Order-Status: 4.34% (>= 4.0%) [OK]
       Delivery: 4.38% (>= 4.0%) [OK]
    Stock-Level: 4.39% (>= 4.0%) [OK]
 [response time (at least 90% passed)]
      New-Order: 0.00%  [NG] *
        Payment: 0.35%  [NG] *
   Order-Status: 6.72%  [NG] *
       Delivery: 0.00%  [NG] *
    Stock-Level: 0.00%  [NG] *

<TpmC>
                 4618.000 TpmC
