***************************************
*** ###easy### TPC-C Load Generator ***
***************************************
option h with value '192.168.122.81'
option P with value '3306'
option d with value 'benchmarker'
option u with value 'root'
option p with value '123456'
option w with value '11'
option c with value '8'
option r with value '22'
option l with value '60'
option i with value '10'
<Parameters>
     [server]: 192.168.122.81
     [port]: 3306
     [DBname]: benchmarker
       [user]: root
       [pass]: 123456
  [warehouse]: 11
 [connection]: 8
     [rampup]: 22 (sec.)
    [measure]: 60 (sec.)

RAMP-UP TIME.(22 sec.)

MEASURING START.

  10, trx: 946, 95%: 82.086, 99%: 102.379, max_rt: 128.990, 948|85.433, 94|25.516, 94|203.484, 94|256.891
  20, trx: 919, 95%: 82.752, 99%: 102.594, max_rt: 129.587, 914|121.348, 93|18.324, 92|179.610, 92|257.546
  30, trx: 934, 95%: 84.504, 99%: 112.367, max_rt: 150.528, 937|65.759, 92|15.828, 94|171.649, 93|251.185
  40, trx: 896, 95%: 82.703, 99%: 98.206, max_rt: 120.842, 896|80.647, 91|22.771, 90|195.408, 90|268.851
  50, trx: 914, 95%: 84.176, 99%: 103.736, max_rt: 134.596, 915|73.070, 91|19.023, 91|213.376, 92|246.601
  60, trx: 914, 95%: 80.625, 99%: 99.241, max_rt: 126.080, 917|59.093, 91|24.504, 91|176.344, 91|281.963

STOPPING THREADS........

<Raw Results>
  [0] sc:0 lt:5523  rt:0  fl:0 avg_rt: 64.1 (5)
  [1] sc:434 lt:5093  rt:0  fl:0 avg_rt: 16.2 (5)
  [2] sc:293 lt:259  rt:0  fl:0 avg_rt: 7.6 (5)
  [3] sc:71 lt:481  rt:0  fl:0 avg_rt: 150.7 (80)
  [4] sc:0 lt:552  rt:0  fl:0 avg_rt: 226.2 (20)
 in 60 sec.

<Raw Results2(sum ver.)>
  [0] sc:0  lt:5523  rt:0  fl:0 
  [1] sc:434  lt:5093  rt:0  fl:0 
  [2] sc:293  lt:259  rt:0  fl:0 
  [3] sc:71  lt:481  rt:0  fl:0 
  [4] sc:0  lt:552  rt:0  fl:0 

<Constraint Check> (all must be [OK])
 [transaction percentage]
        Payment: 43.50% (>=43.0%) [OK]
   Order-Status: 4.34% (>= 4.0%) [OK]
       Delivery: 4.34% (>= 4.0%) [OK]
    Stock-Level: 4.34% (>= 4.0%) [OK]
 [response time (at least 90% passed)]
      New-Order: 0.00%  [NG] *
        Payment: 7.85%  [NG] *
   Order-Status: 53.08%  [NG] *
       Delivery: 12.86%  [NG] *
    Stock-Level: 0.00%  [NG] *

<TpmC>
                 5523.000 TpmC
