***************************************
*** ###easy### TPC-C Load Generator ***
***************************************
option h with value '192.168.122.79'
option P with value '3306'
option d with value 'benchmarker'
option u with value 'root'
option p with value '123456'
option w with value '11'
option c with value '16'
option r with value '22'
option l with value '60'
option i with value '10'
<Parameters>
     [server]: 192.168.122.79
     [port]: 3306
     [DBname]: benchmarker
       [user]: root
       [pass]: 123456
  [warehouse]: 11
 [connection]: 16
     [rampup]: 22 (sec.)
    [measure]: 60 (sec.)

RAMP-UP TIME.(22 sec.)

MEASURING START.

  10, trx: 1022, 95%: 118.021, 99%: 128.724, max_rt: 176.551, 1021|116.591, 103|28.587, 102|289.091, 102|395.386
  20, trx: 1030, 95%: 119.658, 99%: 130.470, max_rt: 191.896, 1029|148.112, 102|23.120, 103|271.161, 102|374.341
  30, trx: 1038, 95%: 119.122, 99%: 127.497, max_rt: 134.961, 1035|106.439, 103|17.930, 103|312.577, 105|382.897
  40, trx: 1021, 95%: 120.629, 99%: 133.953, max_rt: 174.321, 1021|99.522, 103|23.708, 103|270.704, 101|386.851
  50, trx: 1024, 95%: 121.535, 99%: 132.042, max_rt: 168.455, 1024|99.905, 102|60.692, 102|261.646, 104|375.032
  60, trx: 1026, 95%: 120.412, 99%: 132.874, max_rt: 177.858, 1029|114.431, 102|46.193, 102|263.950, 102|369.653

STOPPING THREADS................

<Raw Results>
  [0] sc:0 lt:6161  rt:0  fl:0 avg_rt: 111.0 (5)
  [1] sc:266 lt:5893  rt:0  fl:0 avg_rt: 29.1 (5)
  [2] sc:53 lt:562  rt:0  fl:0 avg_rt: 14.1 (5)
  [3] sc:0 lt:615  rt:0  fl:0 avg_rt: 279.5 (80)
  [4] sc:0 lt:616  rt:0  fl:0 avg_rt: 432.7 (20)
 in 60 sec.

<Raw Results2(sum ver.)>
  [0] sc:0  lt:6161  rt:0  fl:0 
  [1] sc:266  lt:5893  rt:0  fl:0 
  [2] sc:53  lt:562  rt:0  fl:0 
  [3] sc:0  lt:615  rt:0  fl:0 
  [4] sc:0  lt:616  rt:0  fl:0 

<Constraint Check> (all must be [OK])
 [transaction percentage]
        Payment: 43.48% (>=43.0%) [OK]
   Order-Status: 4.34% (>= 4.0%) [OK]
       Delivery: 4.34% (>= 4.0%) [OK]
    Stock-Level: 4.35% (>= 4.0%) [OK]
 [response time (at least 90% passed)]
      New-Order: 0.00%  [NG] *
        Payment: 4.32%  [NG] *
   Order-Status: 8.62%  [NG] *
       Delivery: 0.00%  [NG] *
    Stock-Level: 0.00%  [NG] *

<TpmC>
                 6161.000 TpmC
