***************************************
*** ###easy### TPC-C Load Generator ***
***************************************
option h with value '192.168.122.79'
option P with value '3306'
option d with value 'benchmarker'
option u with value 'root'
option p with value '123456'
option w with value '11'
option c with value '8'
option r with value '22'
option l with value '60'
option i with value '10'
<Parameters>
     [server]: 192.168.122.79
     [port]: 3306
     [DBname]: benchmarker
       [user]: root
       [pass]: 123456
  [warehouse]: 11
 [connection]: 8
     [rampup]: 22 (sec.)
    [measure]: 60 (sec.)

RAMP-UP TIME.(22 sec.)

MEASURING START.

  10, trx: 1060, 95%: 58.511, 99%: 71.121, max_rt: 94.980, 1061|59.168, 106|19.600, 107|152.902, 106|191.272
  20, trx: 1056, 95%: 58.634, 99%: 66.968, max_rt: 86.261, 1055|51.887, 106|12.190, 106|152.303, 106|184.355
  30, trx: 1061, 95%: 58.704, 99%: 67.532, max_rt: 90.595, 1059|44.962, 105|40.737, 105|146.594, 106|187.762
  40, trx: 1067, 95%: 59.163, 99%: 67.836, max_rt: 82.175, 1067|51.723, 107|13.832, 107|154.012, 106|203.228
  50, trx: 1046, 95%: 59.875, 99%: 70.527, max_rt: 89.907, 1048|48.396, 104|13.576, 104|157.257, 105|195.580
  60, trx: 1049, 95%: 60.001, 99%: 70.128, max_rt: 94.206, 1047|46.777, 106|11.053, 105|138.373, 105|196.805

STOPPING THREADS........

<Raw Results>
  [0] sc:0 lt:6339  rt:0  fl:0 avg_rt: 53.6 (5)
  [1] sc:547 lt:5790  rt:0  fl:0 avg_rt: 13.7 (5)
  [2] sc:342 lt:292  rt:0  fl:0 avg_rt: 6.9 (5)
  [3] sc:34 lt:600  rt:0  fl:0 avg_rt: 142.4 (80)
  [4] sc:0 lt:634  rt:0  fl:0 avg_rt: 212.0 (20)
 in 60 sec.

<Raw Results2(sum ver.)>
  [0] sc:0  lt:6339  rt:0  fl:0 
  [1] sc:547  lt:5791  rt:0  fl:0 
  [2] sc:342  lt:292  rt:0  fl:0 
  [3] sc:34  lt:600  rt:0  fl:0 
  [4] sc:0  lt:634  rt:0  fl:0 

<Constraint Check> (all must be [OK])
 [transaction percentage]
        Payment: 43.47% (>=43.0%) [OK]
   Order-Status: 4.35% (>= 4.0%) [OK]
       Delivery: 4.35% (>= 4.0%) [OK]
    Stock-Level: 4.35% (>= 4.0%) [OK]
 [response time (at least 90% passed)]
      New-Order: 0.00%  [NG] *
        Payment: 8.63%  [NG] *
   Order-Status: 53.94%  [NG] *
       Delivery: 5.36%  [NG] *
    Stock-Level: 0.00%  [NG] *

<TpmC>
                 6339.000 TpmC
