***************************************
*** ###easy### TPC-C Load Generator ***
***************************************
option h with value '192.168.122.77'
option P with value '3306'
option d with value 'benchmarker'
option u with value 'root'
option p with value '123456'
option w with value '11'
option c with value '64'
option r with value '22'
option l with value '60'
option i with value '10'
<Parameters>
     [server]: 192.168.122.77
     [port]: 3306
     [DBname]: benchmarker
       [user]: root
       [pass]: 123456
  [warehouse]: 11
 [connection]: 64
     [rampup]: 22 (sec.)
    [measure]: 60 (sec.)

RAMP-UP TIME.(22 sec.)

MEASURING START.

  10, trx: 5481, 95%: 93.754, 99%: 127.230, max_rt: 253.455, 5479|328.637, 548|58.196, 536|635.729, 548|224.773
  20, trx: 5489, 95%: 94.600, 99%: 127.383, max_rt: 208.748, 5497|314.832, 550|33.511, 549|503.823, 550|209.876
  30, trx: 5495, 95%: 95.969, 99%: 133.953, max_rt: 275.763, 5489|239.098, 549|49.253, 555|594.424, 550|209.392
  40, trx: 5413, 95%: 96.921, 99%: 137.693, max_rt: 286.876, 5405|297.906, 540|50.163, 537|561.004, 541|215.046
  50, trx: 5409, 95%: 94.063, 99%: 125.491, max_rt: 207.580, 5422|253.461, 543|58.139, 549|588.225, 538|228.011
  60, trx: 5358, 95%: 96.199, 99%: 127.727, max_rt: 225.946, 5358|233.794, 535|37.040, 533|613.928, 539|195.861

STOPPING THREADS................................................................

<Raw Results>
  [0] sc:1 lt:32644  rt:0  fl:0 avg_rt: 65.6 (5)
  [1] sc:3202 lt:29448  rt:0  fl:0 avg_rt: 50.6 (5)
  [2] sc:1763 lt:1502  rt:0  fl:0 avg_rt: 8.5 (5)
  [3] sc:88 lt:3171  rt:0  fl:0 avg_rt: 303.2 (80)
  [4] sc:1 lt:3265  rt:0  fl:0 avg_rt: 127.3 (20)
 in 60 sec.

<Raw Results2(sum ver.)>
  [0] sc:1  lt:32644  rt:0  fl:0 
  [1] sc:3203  lt:29456  rt:0  fl:0 
  [2] sc:1763  lt:1502  rt:0  fl:0 
  [3] sc:88  lt:3171  rt:0  fl:0 
  [4] sc:1  lt:3265  rt:0  fl:0 

<Constraint Check> (all must be [OK])
 [transaction percentage]
        Payment: 43.48% (>=43.0%) [OK]
   Order-Status: 4.35% (>= 4.0%) [OK]
       Delivery: 4.34% (>= 4.0%) [OK]
    Stock-Level: 4.35% (>= 4.0%) [OK]
 [response time (at least 90% passed)]
      New-Order: 0.00%  [NG] *
        Payment: 9.81%  [NG] *
   Order-Status: 54.00%  [NG] *
       Delivery: 2.70%  [NG] *
    Stock-Level: 0.03%  [NG] *

<TpmC>
                 32645.000 TpmC
