randw-4K-n1-c1: (g=0): rw=randwrite, bs=(R) 4096B-4096B, (W) 4096B-4096B, (T) 4096B-4096B, ioengine=libaio, iodepth=32
randw-4K-n2-c2: (g=1): rw=randwrite, bs=(R) 4096B-4096B, (W) 4096B-4096B, (T) 4096B-4096B, ioengine=libaio, iodepth=32
...
randw-4K-n4-c4: (g=2): rw=randwrite, bs=(R) 4096B-4096B, (W) 4096B-4096B, (T) 4096B-4096B, ioengine=libaio, iodepth=32
...
randw-4K-n8-c8: (g=3): rw=randwrite, bs=(R) 4096B-4096B, (W) 4096B-4096B, (T) 4096B-4096B, ioengine=libaio, iodepth=32
...
randw-4K-n12-c12: (g=4): rw=randwrite, bs=(R) 4096B-4096B, (W) 4096B-4096B, (T) 4096B-4096B, ioengine=libaio, iodepth=32
...
fio-3.1
Starting 27 processes

randw-4K-n1-c1: (groupid=0, jobs=1): err= 0: pid=1420: Sun Jul 28 09:36:22 2019
  write: IOPS=118k, BW=463MiB/s (485MB/s)(54.2GiB/120001msec)
    slat (usec): min=2, max=3486, avg= 3.27, stdev= 1.85
    clat (usec): min=14, max=4076, avg=263.79, stdev=17.81
     lat (usec): min=18, max=4079, avg=267.77, stdev=17.95
    clat percentiles (usec):
     | 10.000th=[  251], 20.000th=[  255], 30.000th=[  258], 40.000th=[  260],
     | 50.000th=[  262], 70.000th=[  265], 90.000th=[  281], 99.000th=[  314],
     | 99.900th=[  375], 99.990th=[  433], 99.999th=[ 1975]
   bw (  KiB/s): min=334796, max=476049, per=77.61%, avg=367784.53, stdev=8979.26, samples=239
   iops        : min=83699, max=119012, avg=91945.76, stdev=2244.80, samples=239
  lat (usec)   : 20=0.01%, 50=0.01%, 100=0.01%, 250=7.56%, 500=92.44%
  lat (usec)   : 750=0.01%, 1000=0.01%
  lat (msec)   : 2=0.01%, 4=0.01%, 10=0.01%
  cpu          : usr=48.91%, sys=51.09%, ctx=170, majf=0, minf=10
  IO depths    : 1=0.1%, 2=0.1%, 4=0.1%, 8=0.1%, 16=0.1%, 32=100.0%, >=64=0.0%
     submit    : 0=0.0%, 4=100.0%, 8=0.0%, 16=0.0%, 32=0.0%, 64=0.0%, >=64=0.0%
     complete  : 0=0.0%, 4=100.0%, 8=0.0%, 16=0.0%, 32=0.1%, 64=0.0%, >=64=0.0%
     issued rwt: total=0,14216442,0, short=0,0,0, dropped=0,0,0
     latency   : target=0, window=0, percentile=100.00%, depth=32
randw-4K-n2-c2: (groupid=1, jobs=2): err= 0: pid=1448: Sun Jul 28 09:36:22 2019
  write: IOPS=226k, BW=881MiB/s (924MB/s)(103GiB/120002msec)
    slat (usec): min=2, max=13451, avg= 3.29, stdev= 3.10
    clat (usec): min=7, max=16746, avg=276.98, stdev=41.32
     lat (usec): min=20, max=16754, avg=280.98, stdev=41.55
    clat percentiles (usec):
     | 10.000th=[  265], 20.000th=[  269], 30.000th=[  273], 40.000th=[  273],
     | 50.000th=[  273], 70.000th=[  277], 90.000th=[  289], 99.000th=[  330],
     | 99.900th=[  338], 99.990th=[  359], 99.999th=[  824]
   bw (  KiB/s): min=409827, max=430556, per=46.44%, avg=419010.16, stdev=3980.56, samples=478
   iops        : min=102456, max=107639, avg=104752.18, stdev=995.15, samples=478
  lat (usec)   : 10=0.01%, 20=0.01%, 50=0.01%, 100=0.01%, 250=0.28%
  lat (usec)   : 500=99.71%, 750=0.01%, 1000=0.01%
  lat (msec)   : 2=0.01%, 4=0.01%, 10=0.01%, 20=0.01%
  cpu          : usr=51.43%, sys=48.54%, ctx=210, majf=0, minf=18
  IO depths    : 1=0.1%, 2=0.1%, 4=0.1%, 8=0.1%, 16=0.1%, 32=100.0%, >=64=0.0%
     submit    : 0=0.0%, 4=100.0%, 8=0.0%, 16=0.0%, 32=0.0%, 64=0.0%, >=64=0.0%
     complete  : 0=0.0%, 4=100.0%, 8=0.0%, 16=0.0%, 32=0.1%, 64=0.0%, >=64=0.0%
     issued rwt: total=0,27068160,0, short=0,0,0, dropped=0,0,0
     latency   : target=0, window=0, percentile=100.00%, depth=32
randw-4K-n4-c4: (groupid=2, jobs=4): err= 0: pid=1479: Sun Jul 28 09:36:22 2019
  write: IOPS=334k, BW=1306MiB/s (1369MB/s)(153GiB/120010msec)
    slat (usec): min=2, max=24054, avg= 3.46, stdev= 8.87
    clat (usec): min=10, max=48714, avg=375.99, stdev=160.37
     lat (usec): min=36, max=48723, avg=380.13, stdev=160.46
    clat percentiles (usec):
     | 10.000th=[  265], 20.000th=[  269], 30.000th=[  273], 40.000th=[  281],
     | 50.000th=[  285], 70.000th=[  498], 90.000th=[  586], 99.000th=[  660],
     | 99.900th=[  717], 99.990th=[  766], 99.999th=[16319]
   bw (  KiB/s): min=151125, max=450177, per=19.84%, avg=265299.31, stdev=121577.77, samples=957
   iops        : min=37781, max=112544, avg=66324.45, stdev=30394.45, samples=957
  lat (usec)   : 20=0.01%, 50=0.01%, 100=0.01%, 250=0.71%, 500=69.48%
  lat (usec)   : 750=29.79%, 1000=0.02%
  lat (msec)   : 2=0.01%, 4=0.01%, 10=0.01%, 20=0.01%, 50=0.01%
  cpu          : usr=38.54%, sys=40.26%, ctx=9083099, majf=0, minf=42
  IO depths    : 1=0.1%, 2=0.1%, 4=0.1%, 8=0.1%, 16=0.1%, 32=100.0%, >=64=0.0%
     submit    : 0=0.0%, 4=100.0%, 8=0.0%, 16=0.0%, 32=0.0%, 64=0.0%, >=64=0.0%
     complete  : 0=0.0%, 4=100.0%, 8=0.0%, 16=0.0%, 32=0.1%, 64=0.0%, >=64=0.0%
     issued rwt: total=0,40111515,0, short=0,0,0, dropped=0,0,0
     latency   : target=0, window=0, percentile=100.00%, depth=32
randw-4K-n8-c8: (groupid=3, jobs=8): err= 0: pid=1489: Sun Jul 28 09:36:22 2019
  write: IOPS=280k, BW=1094MiB/s (1147MB/s)(128GiB/120012msec)
    slat (usec): min=2, max=48154, avg= 4.45, stdev=16.77
    clat (usec): min=56, max=48647, avg=905.71, stdev=207.00
     lat (usec): min=65, max=48655, avg=910.95, stdev=208.04
    clat percentiles (usec):
     | 10.000th=[  652], 20.000th=[  693], 30.000th=[  742], 40.000th=[  938],
     | 50.000th=[  971], 70.000th=[ 1029], 90.000th=[ 1090], 99.000th=[ 1172],
     | 99.900th=[ 1237], 99.990th=[ 1303], 99.999th=[16319]
   bw (  KiB/s): min=94252, max=268206, per=9.98%, avg=111759.86, stdev=22489.82, samples=1912
   iops        : min=23563, max=67051, avg=27939.59, stdev=5622.45, samples=1912
  lat (usec)   : 100=0.01%, 250=0.01%, 500=0.33%, 750=30.20%, 1000=28.97%
  lat (msec)   : 2=40.49%, 4=0.01%, 10=0.01%, 20=0.01%, 50=0.01%
  cpu          : usr=20.11%, sys=23.43%, ctx=16256231, majf=0, minf=84
  IO depths    : 1=0.1%, 2=0.1%, 4=0.1%, 8=0.1%, 16=0.1%, 32=100.0%, >=64=0.0%
     submit    : 0=0.0%, 4=100.0%, 8=0.0%, 16=0.0%, 32=0.0%, 64=0.0%, >=64=0.0%
     complete  : 0=0.0%, 4=100.0%, 8=0.0%, 16=0.0%, 32=0.1%, 64=0.0%, >=64=0.0%
     issued rwt: total=0,33605253,0, short=0,0,0, dropped=0,0,0
     latency   : target=0, window=0, percentile=100.00%, depth=32
randw-4K-n12-c12: (groupid=4, jobs=12): err= 0: pid=1502: Sun Jul 28 09:36:22 2019
  write: IOPS=280k, BW=1094MiB/s (1148MB/s)(128GiB/120004msec)
    slat (usec): min=2, max=4597, avg= 5.33, stdev= 3.84
    clat (usec): min=137, max=5912, avg=1360.45, stdev=93.32
     lat (usec): min=145, max=5917, avg=1366.68, stdev=93.31
    clat percentiles (usec):
     | 10.000th=[ 1270], 20.000th=[ 1303], 30.000th=[ 1319], 40.000th=[ 1336],
     | 50.000th=[ 1369], 70.000th=[ 1401], 90.000th=[ 1467], 99.000th=[ 1565],
     | 99.900th=[ 1745], 99.990th=[ 1876], 99.999th=[ 3589]
   bw (  KiB/s): min=74457, max=201160, per=8.36%, avg=93666.14, stdev=4494.52, samples=2880
   iops        : min=18614, max=50290, avg=23416.29, stdev=1123.62, samples=2880
  lat (usec)   : 250=0.01%, 500=0.08%, 750=0.24%, 1000=0.31%
  lat (msec)   : 2=99.37%, 4=0.01%, 10=0.01%
  cpu          : usr=15.53%, sys=18.00%, ctx=11093804, majf=0, minf=127
  IO depths    : 1=0.1%, 2=0.1%, 4=0.1%, 8=0.1%, 16=0.1%, 32=100.0%, >=64=0.0%
     submit    : 0=0.0%, 4=100.0%, 8=0.0%, 16=0.0%, 32=0.0%, 64=0.0%, >=64=0.0%
     complete  : 0=0.0%, 4=100.0%, 8=0.0%, 16=0.0%, 32=0.1%, 64=0.0%, >=64=0.0%
     issued rwt: total=0,33621903,0, short=0,0,0, dropped=0,0,0
     latency   : target=0, window=0, percentile=100.00%, depth=32

Run status group 0 (all jobs):
  WRITE: bw=463MiB/s (485MB/s), 463MiB/s-463MiB/s (485MB/s-485MB/s), io=54.2GiB (58.2GB), run=120001-120001msec

Run status group 1 (all jobs):
  WRITE: bw=881MiB/s (924MB/s), 881MiB/s-881MiB/s (924MB/s-924MB/s), io=103GiB (111GB), run=120002-120002msec

Run status group 2 (all jobs):
  WRITE: bw=1306MiB/s (1369MB/s), 1306MiB/s-1306MiB/s (1369MB/s-1369MB/s), io=153GiB (164GB), run=120010-120010msec

Run status group 3 (all jobs):
  WRITE: bw=1094MiB/s (1147MB/s), 1094MiB/s-1094MiB/s (1147MB/s-1147MB/s), io=128GiB (138GB), run=120012-120012msec

Run status group 4 (all jobs):
  WRITE: bw=1094MiB/s (1148MB/s), 1094MiB/s-1094MiB/s (1148MB/s-1148MB/s), io=128GiB (138GB), run=120004-120004msec

Disk stats (read/write):
  nvme0n1: ios=405/148576151, merge=0/0, ticks=24/88069284, in_queue=88680832, util=80.05%
