***************************************
*** ###easy### TPC-C Load Generator ***
***************************************
option h with value '192.168.122.77'
option P with value '3306'
option d with value 'benchmarker'
option u with value 'root'
option p with value '123456'
option w with value '11'
option c with value '16'
option r with value '22'
option l with value '60'
option i with value '10'
<Parameters>
     [server]: 192.168.122.77
     [port]: 3306
     [DBname]: benchmarker
       [user]: root
       [pass]: 123456
  [warehouse]: 11
 [connection]: 16
     [rampup]: 22 (sec.)
    [measure]: 60 (sec.)

RAMP-UP TIME.(22 sec.)

MEASURING START.

  10, trx: 6589, 95%: 23.398, 99%: 31.066, max_rt: 66.210, 6586|46.350, 659|9.789, 657|82.941, 659|63.552
  20, trx: 6762, 95%: 23.335, 99%: 31.131, max_rt: 50.608, 6770|34.802, 677|12.180, 679|93.061, 676|59.453
  30, trx: 6685, 95%: 23.440, 99%: 31.168, max_rt: 51.525, 6680|38.579, 667|23.845, 666|77.943, 668|58.070
  40, trx: 6828, 95%: 22.565, 99%: 30.349, max_rt: 52.250, 6828|32.355, 684|7.302, 683|71.810, 683|70.462
  50, trx: 6927, 95%: 22.755, 99%: 30.186, max_rt: 48.685, 6924|40.232, 692|6.442, 694|67.188, 692|60.478
  60, trx: 6906, 95%: 22.899, 99%: 30.105, max_rt: 55.916, 6910|58.166, 691|9.434, 690|70.738, 690|67.464

STOPPING THREADS................

<Raw Results>
  [0] sc:1392 lt:39305  rt:0  fl:0 avg_rt: 17.3 (5)
  [1] sc:31466 lt:9232  rt:0  fl:0 avg_rt: 5.6 (5)
  [2] sc:3933 lt:137  rt:0  fl:0 avg_rt: 2.5 (5)
  [3] sc:4068 lt:1  rt:0  fl:0 avg_rt: 42.1 (80)
  [4] sc:34 lt:4034  rt:0  fl:0 avg_rt: 47.3 (20)
 in 60 sec.

<Raw Results2(sum ver.)>
  [0] sc:1392  lt:39305  rt:0  fl:0 
  [1] sc:31469  lt:9233  rt:0  fl:0 
  [2] sc:3933  lt:137  rt:0  fl:0 
  [3] sc:4068  lt:1  rt:0  fl:0 
  [4] sc:34  lt:4034  rt:0  fl:0 

<Constraint Check> (all must be [OK])
 [transaction percentage]
        Payment: 43.48% (>=43.0%) [OK]
   Order-Status: 4.35% (>= 4.0%) [OK]
       Delivery: 4.35% (>= 4.0%) [OK]
    Stock-Level: 4.35% (>= 4.0%) [OK]
 [response time (at least 90% passed)]
      New-Order: 3.42%  [NG] *
        Payment: 77.32%  [NG] *
   Order-Status: 96.63%  [OK]
       Delivery: 99.98%  [OK]
    Stock-Level: 0.84%  [NG] *

<TpmC>
                 40697.000 TpmC
