***************************************
*** ###easy### TPC-C Load Generator ***
***************************************
option h with value '192.168.122.77'
option P with value '3306'
option d with value 'benchmarker'
option u with value 'root'
option p with value '123456'
option w with value '11'
option c with value '8'
option r with value '22'
option l with value '60'
option i with value '10'
<Parameters>
     [server]: 192.168.122.77
     [port]: 3306
     [DBname]: benchmarker
       [user]: root
       [pass]: 123456
  [warehouse]: 11
 [connection]: 8
     [rampup]: 22 (sec.)
    [measure]: 60 (sec.)

RAMP-UP TIME.(22 sec.)

MEASURING START.

  10, trx: 5954, 95%: 12.978, 99%: 17.680, max_rt: 29.234, 5952|22.169, 595|7.191, 596|46.554, 597|47.633
  20, trx: 5503, 95%: 14.364, 99%: 19.054, max_rt: 27.112, 5506|21.227, 551|6.011, 550|35.664, 551|41.941
  30, trx: 5272, 95%: 14.849, 99%: 20.067, max_rt: 28.953, 5270|19.244, 528|4.598, 527|39.722, 526|35.955
  40, trx: 4954, 95%: 16.603, 99%: 22.464, max_rt: 37.131, 4954|21.773, 495|13.112, 495|46.221, 495|36.738
  50, trx: 5027, 95%: 16.123, 99%: 21.613, max_rt: 40.145, 5025|23.347, 502|7.584, 503|46.663, 503|35.642
  60, trx: 5075, 95%: 15.531, 99%: 20.596, max_rt: 33.962, 5079|23.829, 508|4.225, 507|50.256, 507|39.397

STOPPING THREADS........

<Raw Results>
  [0] sc:6439 lt:25346  rt:0  fl:0 avg_rt: 11.0 (5)
  [1] sc:29629 lt:2157  rt:0  fl:0 avg_rt: 3.2 (5)
  [2] sc:3167 lt:12  rt:0  fl:0 avg_rt: 1.7 (5)
  [3] sc:3178 lt:0  rt:0  fl:0 avg_rt: 28.2 (80)
  [4] sc:407 lt:2772  rt:0  fl:0 avg_rt: 34.0 (20)
 in 60 sec.

<Raw Results2(sum ver.)>
  [0] sc:6439  lt:25346  rt:0  fl:0 
  [1] sc:29631  lt:2157  rt:0  fl:0 
  [2] sc:3167  lt:12  rt:0  fl:0 
  [3] sc:3178  lt:0  rt:0  fl:0 
  [4] sc:407  lt:2772  rt:0  fl:0 

<Constraint Check> (all must be [OK])
 [transaction percentage]
        Payment: 43.48% (>=43.0%) [OK]
   Order-Status: 4.35% (>= 4.0%) [OK]
       Delivery: 4.35% (>= 4.0%) [OK]
    Stock-Level: 4.35% (>= 4.0%) [OK]
 [response time (at least 90% passed)]
      New-Order: 20.26%  [NG] *
        Payment: 93.21%  [OK]
   Order-Status: 99.62%  [OK]
       Delivery: 100.00%  [OK]
    Stock-Level: 12.80%  [NG] *

<TpmC>
                 31785.000 TpmC
