***************************************
*** ###easy### TPC-C Load Generator ***
***************************************
option h with value '192.168.122.79'
option P with value '3306'
option d with value 'benchmarker'
option u with value 'root'
option p with value '123456'
option w with value '11'
option c with value '32'
option r with value '22'
option l with value '60'
option i with value '10'
<Parameters>
     [server]: 192.168.122.79
     [port]: 3306
     [DBname]: benchmarker
       [user]: root
       [pass]: 123456
  [warehouse]: 11
 [connection]: 32
     [rampup]: 22 (sec.)
    [measure]: 60 (sec.)

RAMP-UP TIME.(22 sec.)

MEASURING START.

  10, trx: 5236, 95%: 60.833, 99%: 78.764, max_rt: 131.593, 5236|125.832, 523|38.577, 524|209.322, 524|174.754
  20, trx: 5165, 95%: 62.084, 99%: 80.891, max_rt: 125.780, 5156|133.235, 517|30.210, 517|211.012, 520|159.506
  30, trx: 5271, 95%: 59.411, 99%: 76.993, max_rt: 133.475, 5285|108.975, 527|27.948, 529|184.406, 524|159.916
  40, trx: 5103, 95%: 62.158, 99%: 81.352, max_rt: 124.812, 5096|171.110, 511|29.285, 510|200.274, 510|139.995
  50, trx: 5036, 95%: 62.289, 99%: 79.785, max_rt: 123.786, 5037|120.651, 503|26.552, 501|245.017, 504|152.422
  60, trx: 5169, 95%: 61.917, 99%: 80.408, max_rt: 117.806, 5164|110.874, 517|24.886, 518|170.142, 518|155.152

STOPPING THREADS................................

<Raw Results>
  [0] sc:22 lt:30958  rt:0  fl:0 avg_rt: 43.8 (5)
  [1] sc:7898 lt:23077  rt:0  fl:0 avg_rt: 17.9 (5)
  [2] sc:2062 lt:1036  rt:0  fl:0 avg_rt: 6.3 (5)
  [3] sc:1636 lt:1463  rt:0  fl:0 avg_rt: 112.7 (80)
  [4] sc:0 lt:3100  rt:0  fl:0 avg_rt: 107.9 (20)
 in 60 sec.

<Raw Results2(sum ver.)>
  [0] sc:22  lt:30958  rt:0  fl:0 
  [1] sc:7898  lt:23081  rt:0  fl:0 
  [2] sc:2062  lt:1036  rt:0  fl:0 
  [3] sc:1636  lt:1463  rt:0  fl:0 
  [4] sc:0  lt:3100  rt:0  fl:0 

<Constraint Check> (all must be [OK])
 [transaction percentage]
        Payment: 43.47% (>=43.0%) [OK]
   Order-Status: 4.35% (>= 4.0%) [OK]
       Delivery: 4.35% (>= 4.0%) [OK]
    Stock-Level: 4.35% (>= 4.0%) [OK]
 [response time (at least 90% passed)]
      New-Order: 0.07%  [NG] *
        Payment: 25.50%  [NG] *
   Order-Status: 66.56%  [NG] *
       Delivery: 52.79%  [NG] *
    Stock-Level: 0.00%  [NG] *

<TpmC>
                 30980.000 TpmC
