***************************************
*** ###easy### TPC-C Load Generator ***
***************************************
option h with value '192.168.122.83'
option P with value '3306'
option d with value 'benchmarker'
option u with value 'root'
option p with value '123456'
option w with value '11'
option c with value '4'
option r with value '22'
option l with value '60'
option i with value '10'
<Parameters>
     [server]: 192.168.122.83
     [port]: 3306
     [DBname]: benchmarker
       [user]: root
       [pass]: 123456
  [warehouse]: 11
 [connection]: 4
     [rampup]: 22 (sec.)
    [measure]: 60 (sec.)

RAMP-UP TIME.(22 sec.)

MEASURING START.

  10, trx: 1259, 95%: 29.578, 99%: 39.283, max_rt: 48.904, 1256|26.850, 125|16.659, 127|81.819, 126|115.603
  20, trx: 1264, 95%: 30.724, 99%: 39.271, max_rt: 57.872, 1267|27.602, 127|8.088, 125|63.279, 126|109.843
  30, trx: 1239, 95%: 30.177, 99%: 40.977, max_rt: 46.568, 1236|21.510, 124|9.840, 125|75.782, 124|110.691
  40, trx: 1196, 95%: 32.289, 99%: 40.647, max_rt: 49.553, 1198|25.322, 119|22.059, 119|73.815, 120|101.296
  50, trx: 1218, 95%: 29.943, 99%: 41.632, max_rt: 52.824, 1216|18.116, 122|11.503, 122|76.734, 122|115.708
  60, trx: 1213, 95%: 30.467, 99%: 38.758, max_rt: 50.852, 1215|21.181, 121|12.257, 121|74.853, 121|98.916

STOPPING THREADS....

<Raw Results>
  [0] sc:0 lt:7389  rt:0  fl:0 avg_rt: 23.6 (5)
  [1] sc:5956 lt:1432  rt:0  fl:0 avg_rt: 5.9 (5)
  [2] sc:706 lt:32  rt:0  fl:0 avg_rt: 3.3 (5)
  [3] sc:740 lt:0  rt:0  fl:0 avg_rt: 55.8 (80)
  [4] sc:0 lt:739  rt:0  fl:0 avg_rt: 89.8 (20)
 in 60 sec.

<Raw Results2(sum ver.)>
  [0] sc:0  lt:7389  rt:0  fl:0 
  [1] sc:5956  lt:1432  rt:0  fl:0 
  [2] sc:706  lt:32  rt:0  fl:0 
  [3] sc:740  lt:0  rt:0  fl:0 
  [4] sc:0  lt:739  rt:0  fl:0 

<Constraint Check> (all must be [OK])
 [transaction percentage]
        Payment: 43.47% (>=43.0%) [OK]
   Order-Status: 4.34% (>= 4.0%) [OK]
       Delivery: 4.35% (>= 4.0%) [OK]
    Stock-Level: 4.35% (>= 4.0%) [OK]
 [response time (at least 90% passed)]
      New-Order: 0.00%  [NG] *
        Payment: 80.62%  [NG] *
   Order-Status: 95.66%  [OK]
       Delivery: 100.00%  [OK]
    Stock-Level: 0.00%  [NG] *

<TpmC>
                 7389.000 TpmC
