***************************************
*** ###easy### TPC-C Load Generator ***
***************************************
option h with value '192.168.122.83'
option P with value '3306'
option d with value 'benchmarker'
option u with value 'root'
option p with value '123456'
option w with value '11'
option c with value '1'
option r with value '22'
option l with value '60'
option i with value '10'
<Parameters>
     [server]: 192.168.122.83
     [port]: 3306
     [DBname]: benchmarker
       [user]: root
       [pass]: 123456
  [warehouse]: 11
 [connection]: 1
     [rampup]: 22 (sec.)
    [measure]: 60 (sec.)

RAMP-UP TIME.(22 sec.)

MEASURING START.

  10, trx: 708, 95%: 11.034, 99%: 15.132, max_rt: 28.634, 714|7.197, 71|4.087, 72|42.015, 71|61.098
  20, trx: 718, 95%: 10.965, 99%: 14.800, max_rt: 24.569, 714|6.666, 72|6.038, 71|25.782, 72|38.106
  30, trx: 656, 95%: 11.319, 99%: 17.303, max_rt: 22.004, 658|5.483, 65|2.827, 65|28.691, 65|50.227
  40, trx: 645, 95%: 11.576, 99%: 14.476, max_rt: 16.255, 641|6.824, 65|3.999, 65|39.115, 65|46.637
  50, trx: 650, 95%: 11.329, 99%: 14.947, max_rt: 20.145, 651|5.721, 65|2.895, 65|37.616, 65|40.389
  60, trx: 657, 95%: 11.248, 99%: 13.021, max_rt: 18.551, 654|6.129, 66|2.623, 66|31.341, 65|40.981

STOPPING THREADS.

<Raw Results>
  [0] sc:464 lt:3570  rt:0  fl:0 avg_rt: 10.7 (5)
  [1] sc:4020 lt:12  rt:0  fl:0 avg_rt: 2.7 (5)
  [2] sc:403 lt:1  rt:0  fl:0 avg_rt: 1.7 (5)
  [3] sc:404 lt:0  rt:0  fl:0 avg_rt: 27.1 (80)
  [4] sc:0 lt:403  rt:0  fl:0 avg_rt: 40.7 (20)
 in 60 sec.

<Raw Results2(sum ver.)>
  [0] sc:464  lt:3570  rt:0  fl:0 
  [1] sc:4020  lt:12  rt:0  fl:0 
  [2] sc:403  lt:1  rt:0  fl:0 
  [3] sc:404  lt:0  rt:0  fl:0 
  [4] sc:0  lt:403  rt:0  fl:0 

<Constraint Check> (all must be [OK])
 [transaction percentage]
        Payment: 43.46% (>=43.0%) [OK]
   Order-Status: 4.35% (>= 4.0%) [OK]
       Delivery: 4.35% (>= 4.0%) [OK]
    Stock-Level: 4.34% (>= 4.0%) [OK]
 [response time (at least 90% passed)]
      New-Order: 11.50%  [NG] *
        Payment: 99.70%  [OK]
   Order-Status: 99.75%  [OK]
       Delivery: 100.00%  [OK]
    Stock-Level: 0.00%  [NG] *

<TpmC>
                 4034.000 TpmC
