***************************************
*** ###easy### TPC-C Load Generator ***
***************************************
option h with value '192.168.122.83'
option P with value '3306'
option d with value 'benchmarker'
option u with value 'root'
option p with value '123456'
option w with value '11'
option c with value '64'
option r with value '22'
option l with value '60'
option i with value '10'
<Parameters>
     [server]: 192.168.122.83
     [port]: 3306
     [DBname]: benchmarker
       [user]: root
       [pass]: 123456
  [warehouse]: 11
 [connection]: 64
     [rampup]: 22 (sec.)
    [measure]: 60 (sec.)

RAMP-UP TIME.(22 sec.)

MEASURING START.

  10, trx: 1082, 95%: 507.828, 99%: 657.125, max_rt: 978.517, 1078|1126.949, 109|160.796, 107|1130.764, 106|1678.347
  20, trx: 1072, 95%: 481.478, 99%: 616.535, max_rt: 1070.556, 1072|891.730, 107|144.990, 109|938.230, 107|1419.080
  30, trx: 1077, 95%: 442.106, 99%: 526.087, max_rt: 800.047, 1067|991.914, 107|120.919, 107|867.387, 108|1417.025
  40, trx: 1072, 95%: 442.768, 99%: 540.129, max_rt: 865.443, 1078|1111.689, 107|117.635, 107|955.211, 108|1374.066
  50, trx: 1071, 95%: 460.751, 99%: 576.033, max_rt: 835.840, 1074|739.180, 108|135.838, 107|916.055, 108|1435.079
  60, trx: 1077, 95%: 479.896, 99%: 621.166, max_rt: 765.165, 1075|670.705, 108|162.518, 106|900.137, 106|1596.197

STOPPING THREADS................................................................

<Raw Results>
  [0] sc:0 lt:6451  rt:0  fl:0 avg_rt: 378.4 (5)
  [1] sc:98 lt:6346  rt:0  fl:0 avg_rt: 207.7 (5)
  [2] sc:81 lt:565  rt:0  fl:0 avg_rt: 43.7 (5)
  [3] sc:0 lt:643  rt:0  fl:0 avg_rt: 830.8 (80)
  [4] sc:0 lt:643  rt:0  fl:0 avg_rt: 1380.3 (20)
 in 60 sec.

<Raw Results2(sum ver.)>
  [0] sc:0  lt:6451  rt:0  fl:0 
  [1] sc:98  lt:6346  rt:0  fl:0 
  [2] sc:81  lt:565  rt:0  fl:0 
  [3] sc:0  lt:643  rt:0  fl:0 
  [4] sc:0  lt:643  rt:0  fl:0 

<Constraint Check> (all must be [OK])
 [transaction percentage]
        Payment: 43.46% (>=43.0%) [OK]
   Order-Status: 4.36% (>= 4.0%) [OK]
       Delivery: 4.34% (>= 4.0%) [OK]
    Stock-Level: 4.34% (>= 4.0%) [OK]
 [response time (at least 90% passed)]
      New-Order: 0.00%  [NG] *
        Payment: 1.52%  [NG] *
   Order-Status: 12.54%  [NG] *
       Delivery: 0.00%  [NG] *
    Stock-Level: 0.00%  [NG] *

<TpmC>
                 6451.000 TpmC
