***************************************
*** ###easy### TPC-C Load Generator ***
***************************************
option h with value '192.168.122.83'
option P with value '3306'
option d with value 'benchmarker'
option u with value 'root'
option p with value '123456'
option w with value '11'
option c with value '32'
option r with value '22'
option l with value '60'
option i with value '10'
<Parameters>
     [server]: 192.168.122.83
     [port]: 3306
     [DBname]: benchmarker
       [user]: root
       [pass]: 123456
  [warehouse]: 11
 [connection]: 32
     [rampup]: 22 (sec.)
    [measure]: 60 (sec.)

RAMP-UP TIME.(22 sec.)

MEASURING START.

  10, trx: 1166, 95%: 234.031, 99%: 272.060, max_rt: 352.640, 1170|343.203, 116|93.436, 118|542.288, 117|861.902
  20, trx: 1134, 95%: 231.523, 99%: 279.907, max_rt: 324.294, 1137|257.273, 114|57.929, 113|517.720, 113|814.764
  30, trx: 1163, 95%: 230.900, 99%: 272.875, max_rt: 329.920, 1156|318.727, 116|104.187, 116|446.300, 116|692.322
  40, trx: 1140, 95%: 232.217, 99%: 260.114, max_rt: 310.046, 1142|276.258, 114|58.269, 115|443.692, 115|717.059
  50, trx: 1084, 95%: 251.689, 99%: 295.845, max_rt: 364.936, 1087|324.438, 109|91.341, 109|501.746, 107|870.225
  60, trx: 1135, 95%: 231.384, 99%: 271.816, max_rt: 374.946, 1135|270.313, 114|66.221, 112|474.032, 114|670.433

STOPPING THREADS................................

<Raw Results>
  [0] sc:0 lt:6822  rt:0  fl:0 avg_rt: 198.7 (5)
  [1] sc:233 lt:6594  rt:0  fl:0 avg_rt: 62.9 (5)
  [2] sc:119 lt:564  rt:0  fl:0 avg_rt: 23.8 (5)
  [3] sc:0 lt:684  rt:0  fl:0 avg_rt: 452.1 (80)
  [4] sc:0 lt:682  rt:0  fl:0 avg_rt: 750.7 (20)
 in 60 sec.

<Raw Results2(sum ver.)>
  [0] sc:0  lt:6822  rt:0  fl:0 
  [1] sc:233  lt:6594  rt:0  fl:0 
  [2] sc:119  lt:564  rt:0  fl:0 
  [3] sc:0  lt:684  rt:0  fl:0 
  [4] sc:0  lt:682  rt:0  fl:0 

<Constraint Check> (all must be [OK])
 [transaction percentage]
        Payment: 43.49% (>=43.0%) [OK]
   Order-Status: 4.35% (>= 4.0%) [OK]
       Delivery: 4.36% (>= 4.0%) [OK]
    Stock-Level: 4.34% (>= 4.0%) [OK]
 [response time (at least 90% passed)]
      New-Order: 0.00%  [NG] *
        Payment: 3.41%  [NG] *
   Order-Status: 17.42%  [NG] *
       Delivery: 0.00%  [NG] *
    Stock-Level: 0.00%  [NG] *

<TpmC>
                 6822.000 TpmC
