***************************************
*** ###easy### TPC-C Load Generator ***
***************************************
option h with value '192.168.122.77'
option P with value '3306'
option d with value 'benchmarker'
option u with value 'root'
option p with value '123456'
option w with value '11'
option c with value '64'
option r with value '22'
option l with value '60'
option i with value '10'
<Parameters>
     [server]: 192.168.122.77
     [port]: 3306
     [DBname]: benchmarker
       [user]: root
       [pass]: 123456
  [warehouse]: 11
 [connection]: 64
     [rampup]: 22 (sec.)
    [measure]: 60 (sec.)

RAMP-UP TIME.(22 sec.)

MEASURING START.

  10, trx: 4908, 95%: 104.609, 99%: 141.199, max_rt: 335.634, 4903|427.128, 491|59.485, 486|815.287, 492|249.878
  20, trx: 4892, 95%: 101.920, 99%: 141.580, max_rt: 262.269, 4886|276.046, 489|55.341, 487|774.844, 488|202.357
  30, trx: 4842, 95%: 103.923, 99%: 141.919, max_rt: 355.698, 4831|314.639, 484|55.535, 487|842.213, 486|213.501
  40, trx: 4919, 95%: 103.302, 99%: 134.153, max_rt: 204.843, 4928|314.477, 492|41.573, 491|828.245, 492|220.936
  50, trx: 5002, 95%: 96.892, 99%: 138.727, max_rt: 290.322, 4994|435.622, 500|61.069, 498|744.813, 501|234.134
  60, trx: 4921, 95%: 102.594, 99%: 141.453, max_rt: 293.134, 4932|303.596, 492|48.120, 497|815.070, 490|219.701

STOPPING THREADS................................................................

<Raw Results>
  [0] sc:1 lt:29483  rt:0  fl:0 avg_rt: 69.7 (5)
  [1] sc:2559 lt:26915  rt:0  fl:0 avg_rt: 53.4 (5)
  [2] sc:1477 lt:1471  rt:0  fl:0 avg_rt: 9.3 (5)
  [3] sc:27 lt:2919  rt:0  fl:0 avg_rt: 392.2 (80)
  [4] sc:0 lt:2949  rt:0  fl:0 avg_rt: 136.4 (20)
 in 60 sec.

<Raw Results2(sum ver.)>
  [0] sc:1  lt:29483  rt:0  fl:0 
  [1] sc:2559  lt:26919  rt:0  fl:0 
  [2] sc:1477  lt:1471  rt:0  fl:0 
  [3] sc:27  lt:2919  rt:0  fl:0 
  [4] sc:0  lt:2949  rt:0  fl:0 

<Constraint Check> (all must be [OK])
 [transaction percentage]
        Payment: 43.47% (>=43.0%) [OK]
   Order-Status: 4.35% (>= 4.0%) [OK]
       Delivery: 4.35% (>= 4.0%) [OK]
    Stock-Level: 4.35% (>= 4.0%) [OK]
 [response time (at least 90% passed)]
      New-Order: 0.00%  [NG] *
        Payment: 8.68%  [NG] *
   Order-Status: 50.10%  [NG] *
       Delivery: 0.92%  [NG] *
    Stock-Level: 0.00%  [NG] *

<TpmC>
                 29484.000 TpmC
