***************************************
*** ###easy### TPC-C Load Generator ***
***************************************
option h with value '192.168.122.77'
option P with value '3306'
option d with value 'benchmarker'
option u with value 'root'
option p with value '123456'
option w with value '11'
option c with value '32'
option r with value '22'
option l with value '60'
option i with value '10'
<Parameters>
     [server]: 192.168.122.77
     [port]: 3306
     [DBname]: benchmarker
       [user]: root
       [pass]: 123456
  [warehouse]: 11
 [connection]: 32
     [rampup]: 22 (sec.)
    [measure]: 60 (sec.)

RAMP-UP TIME.(22 sec.)

MEASURING START.

  10, trx: 1168, 95%: 234.944, 99%: 294.079, max_rt: 468.952, 1161|323.897, 117|70.998, 117|606.485, 117|1028.703
  20, trx: 1145, 95%: 227.879, 99%: 274.103, max_rt: 344.834, 1152|306.709, 115|77.230, 114|470.876, 113|768.843
  30, trx: 1087, 95%: 252.217, 99%: 287.379, max_rt: 351.244, 1085|319.852, 109|62.897, 109|501.234, 108|772.152
  40, trx: 1160, 95%: 229.247, 99%: 269.628, max_rt: 334.270, 1159|297.804, 115|50.599, 115|463.945, 117|727.055
  50, trx: 1160, 95%: 228.220, 99%: 266.418, max_rt: 305.374, 1159|274.582, 117|90.462, 117|486.431, 117|752.218
  60, trx: 1132, 95%: 234.944, 99%: 277.904, max_rt: 331.768, 1134|233.992, 113|90.246, 113|492.035, 114|835.554

STOPPING THREADS................................

<Raw Results>
  [0] sc:0 lt:6852  rt:0  fl:0 avg_rt: 198.2 (5)
  [1] sc:238 lt:6612  rt:0  fl:0 avg_rt: 61.6 (5)
  [2] sc:99 lt:587  rt:0  fl:0 avg_rt: 23.1 (5)
  [3] sc:0 lt:685  rt:0  fl:0 avg_rt: 449.7 (80)
  [4] sc:0 lt:686  rt:0  fl:0 avg_rt: 755.1 (20)
 in 60 sec.

<Raw Results2(sum ver.)>
  [0] sc:0  lt:6852  rt:0  fl:0 
  [1] sc:238  lt:6613  rt:0  fl:0 
  [2] sc:99  lt:587  rt:0  fl:0 
  [3] sc:0  lt:685  rt:0  fl:0 
  [4] sc:0  lt:686  rt:0  fl:0 

<Constraint Check> (all must be [OK])
 [transaction percentage]
        Payment: 43.47% (>=43.0%) [OK]
   Order-Status: 4.35% (>= 4.0%) [OK]
       Delivery: 4.35% (>= 4.0%) [OK]
    Stock-Level: 4.35% (>= 4.0%) [OK]
 [response time (at least 90% passed)]
      New-Order: 0.00%  [NG] *
        Payment: 3.47%  [NG] *
   Order-Status: 14.43%  [NG] *
       Delivery: 0.00%  [NG] *
    Stock-Level: 0.00%  [NG] *

<TpmC>
                 6852.000 TpmC
