***************************************
*** ###easy### TPC-C Load Generator ***
***************************************
option h with value '192.168.122.77'
option P with value '3306'
option d with value 'benchmarker'
option u with value 'root'
option p with value '123456'
option w with value '11'
option c with value '1'
option r with value '22'
option l with value '60'
option i with value '10'
<Parameters>
     [server]: 192.168.122.77
     [port]: 3306
     [DBname]: benchmarker
       [user]: root
       [pass]: 123456
  [warehouse]: 11
 [connection]: 1
     [rampup]: 22 (sec.)
    [measure]: 60 (sec.)

RAMP-UP TIME.(22 sec.)

MEASURING START.

  10, trx: 681, 95%: 11.207, 99%: 14.712, max_rt: 26.020, 682|10.491, 69|7.783, 68|36.617, 68|57.699
  20, trx: 681, 95%: 11.431, 99%: 16.041, max_rt: 24.974, 679|4.336, 68|5.495, 68|34.980, 68|52.818
  30, trx: 683, 95%: 11.527, 99%: 14.049, max_rt: 20.107, 684|14.917, 68|4.201, 68|36.327, 68|48.911
  40, trx: 624, 95%: 13.619, 99%: 18.648, max_rt: 20.107, 625|4.457, 62|2.859, 62|34.194, 63|47.869
  50, trx: 730, 95%: 10.562, 99%: 13.582, max_rt: 21.736, 730|4.488, 74|2.081, 73|34.072, 73|42.396
  60, trx: 643, 95%: 13.696, 99%: 16.995, max_rt: 25.522, 637|7.977, 64|3.197, 64|36.935, 63|52.625

STOPPING THREADS.

<Raw Results>
  [0] sc:565 lt:3477  rt:0  fl:0 avg_rt: 10.7 (5)
  [1] sc:4025 lt:12  rt:0  fl:0 avg_rt: 2.6 (5)
  [2] sc:403 lt:2  rt:0  fl:0 avg_rt: 1.7 (5)
  [3] sc:403 lt:0  rt:0  fl:0 avg_rt: 27.0 (80)
  [4] sc:0 lt:403  rt:0  fl:0 avg_rt: 40.7 (20)
 in 60 sec.

<Raw Results2(sum ver.)>
  [0] sc:565  lt:3477  rt:0  fl:0 
  [1] sc:4025  lt:12  rt:0  fl:0 
  [2] sc:403  lt:2  rt:0  fl:0 
  [3] sc:403  lt:0  rt:0  fl:0 
  [4] sc:0  lt:403  rt:0  fl:0 

<Constraint Check> (all must be [OK])
 [transaction percentage]
        Payment: 43.46% (>=43.0%) [OK]
   Order-Status: 4.36% (>= 4.0%) [OK]
       Delivery: 4.34% (>= 4.0%) [OK]
    Stock-Level: 4.34% (>= 4.0%) [OK]
 [response time (at least 90% passed)]
      New-Order: 13.98%  [NG] *
        Payment: 99.70%  [OK]
   Order-Status: 99.51%  [OK]
       Delivery: 100.00%  [OK]
    Stock-Level: 0.00%  [NG] *

<TpmC>
                 4042.000 TpmC
