***************************************
*** ###easy### TPC-C Load Generator ***
***************************************
option h with value '192.168.122.77'
option P with value '3306'
option d with value 'benchmarker'
option u with value 'root'
option p with value '123456'
option w with value '11'
option c with value '16'
option r with value '22'
option l with value '60'
option i with value '10'
<Parameters>
     [server]: 192.168.122.77
     [port]: 3306
     [DBname]: benchmarker
       [user]: root
       [pass]: 123456
  [warehouse]: 11
 [connection]: 16
     [rampup]: 22 (sec.)
    [measure]: 60 (sec.)

RAMP-UP TIME.(22 sec.)

MEASURING START.

  10, trx: 3854, 95%: 41.309, 99%: 51.831, max_rt: 186.619, 3848|74.119, 385|23.467, 385|186.294, 385|336.331
  20, trx: 3880, 95%: 41.582, 99%: 52.786, max_rt: 133.641, 3886|74.241, 388|17.957, 389|134.137, 388|168.637
  30, trx: 3872, 95%: 41.694, 99%: 51.583, max_rt: 114.150, 3872|49.449, 388|26.325, 386|104.321, 387|193.646
  40, trx: 3849, 95%: 41.359, 99%: 49.912, max_rt: 66.214, 3847|56.042, 384|14.278, 384|115.374, 385|153.041
  50, trx: 3847, 95%: 41.247, 99%: 51.877, max_rt: 86.080, 3847|50.850, 385|16.589, 386|218.929, 385|254.958
  60, trx: 3934, 95%: 39.995, 99%: 49.481, max_rt: 80.361, 3932|67.734, 394|13.666, 393|120.115, 393|139.976

STOPPING THREADS................

<Raw Results>
  [0] sc:238 lt:22998  rt:0  fl:0 avg_rt: 29.5 (5)
  [1] sc:12087 lt:11145  rt:0  fl:0 avg_rt: 8.5 (5)
  [2] sc:2050 lt:274  rt:0  fl:0 avg_rt: 3.7 (5)
  [3] sc:2096 lt:227  rt:0  fl:0 avg_rt: 76.4 (80)
  [4] sc:4 lt:2319  rt:0  fl:0 avg_rt: 103.7 (20)
 in 60 sec.

<Raw Results2(sum ver.)>
  [0] sc:238  lt:22998  rt:0  fl:0 
  [1] sc:12087  lt:11145  rt:0  fl:0 
  [2] sc:2050  lt:274  rt:0  fl:0 
  [3] sc:2096  lt:227  rt:0  fl:0 
  [4] sc:4  lt:2319  rt:0  fl:0 

<Constraint Check> (all must be [OK])
 [transaction percentage]
        Payment: 43.47% (>=43.0%) [OK]
   Order-Status: 4.35% (>= 4.0%) [OK]
       Delivery: 4.35% (>= 4.0%) [OK]
    Stock-Level: 4.35% (>= 4.0%) [OK]
 [response time (at least 90% passed)]
      New-Order: 1.02%  [NG] *
        Payment: 52.03%  [NG] *
   Order-Status: 88.21%  [NG] *
       Delivery: 90.23%  [OK]
    Stock-Level: 0.17%  [NG] *

<TpmC>
                 23236.000 TpmC
