***************************************
*** ###easy### TPC-C Load Generator ***
***************************************
option h with value '192.168.122.77'
option P with value '3306'
option d with value 'benchmarker'
option u with value 'root'
option p with value '123456'
option w with value '11'
option c with value '1'
option r with value '22'
option l with value '60'
option i with value '10'
<Parameters>
     [server]: 192.168.122.77
     [port]: 3306
     [DBname]: benchmarker
       [user]: root
       [pass]: 123456
  [warehouse]: 11
 [connection]: 1
     [rampup]: 22 (sec.)
    [measure]: 60 (sec.)

RAMP-UP TIME.(22 sec.)

MEASURING START.

  10, trx: 985, 95%: 8.239, 99%: 12.419, max_rt: 24.320, 987|6.960, 98|3.336, 99|33.210, 98|30.731
  20, trx: 1009, 95%: 7.996, 99%: 11.555, max_rt: 17.333, 1009|5.255, 102|2.747, 102|27.080, 101|29.080
  30, trx: 1023, 95%: 7.802, 99%: 11.387, max_rt: 16.301, 1022|5.238, 101|3.209, 101|28.318, 102|30.030
  40, trx: 1052, 95%: 7.645, 99%: 12.220, max_rt: 15.935, 1053|6.028, 106|2.508, 106|28.995, 106|31.750
  50, trx: 1026, 95%: 8.099, 99%: 12.754, max_rt: 17.927, 1026|6.576, 103|2.527, 103|27.581, 102|32.355
  60, trx: 1033, 95%: 8.268, 99%: 12.935, max_rt: 22.554, 1029|4.350, 102|3.558, 102|29.003, 103|26.567

STOPPING THREADS.

<Raw Results>
  [0] sc:3151 lt:2977  rt:0  fl:0 avg_rt: 7.0 (5)
  [1] sc:6119 lt:7  rt:0  fl:0 avg_rt: 1.9 (5)
  [2] sc:612 lt:0  rt:0  fl:0 avg_rt: 1.0 (5)
  [3] sc:613 lt:0  rt:0  fl:0 avg_rt: 20.1 (80)
  [4] sc:521 lt:91  rt:0  fl:0 avg_rt: 23.0 (20)
 in 60 sec.

<Raw Results2(sum ver.)>
  [0] sc:3151  lt:2977  rt:0  fl:0 
  [1] sc:6119  lt:7  rt:0  fl:0 
  [2] sc:612  lt:0  rt:0  fl:0 
  [3] sc:613  lt:0  rt:0  fl:0 
  [4] sc:521  lt:91  rt:0  fl:0 

<Constraint Check> (all must be [OK])
 [transaction percentage]
        Payment: 43.47% (>=43.0%) [OK]
   Order-Status: 4.34% (>= 4.0%) [OK]
       Delivery: 4.35% (>= 4.0%) [OK]
    Stock-Level: 4.34% (>= 4.0%) [OK]
 [response time (at least 90% passed)]
      New-Order: 51.42%  [NG] *
        Payment: 99.89%  [OK]
   Order-Status: 100.00%  [OK]
       Delivery: 100.00%  [OK]
    Stock-Level: 85.13%  [NG] *

<TpmC>
                 6128.000 TpmC
