***************************************
*** ###easy### TPC-C Load Generator ***
***************************************
option h with value '127.0.0.1'
option P with value '13306'
option d with value 'benchmarker'
option u with value 'root'
option p with value '123456'
option w with value '11'
option c with value '2'
option r with value '22'
option l with value '60'
option i with value '10'
<Parameters>
     [server]: 127.0.0.1
     [port]: 13306
     [DBname]: benchmarker
       [user]: root
       [pass]: 123456
  [warehouse]: 11
 [connection]: 2
     [rampup]: 22 (sec.)
    [measure]: 60 (sec.)

RAMP-UP TIME.(22 sec.)

MEASURING START.

  10, trx: 486, 95%: 33.621, 99%: 43.963, max_rt: 60.670, 480|18.533, 48|14.121, 48|87.785, 48|118.173
  20, trx: 476, 95%: 32.610, 99%: 42.058, max_rt: 48.502, 484|14.859, 49|8.323, 48|74.528, 48|115.724
  30, trx: 483, 95%: 32.658, 99%: 36.724, max_rt: 47.767, 481|15.142, 48|8.145, 49|79.212, 48|109.880
  40, trx: 454, 95%: 37.750, 99%: 49.763, max_rt: 60.245, 450|16.736, 45|9.366, 44|77.307, 46|136.606
  50, trx: 483, 95%: 32.805, 99%: 44.746, max_rt: 56.446, 482|14.512, 49|8.248, 49|64.227, 48|108.912
  60, trx: 471, 95%: 33.914, 99%: 43.518, max_rt: 60.952, 475|17.509, 47|7.221, 48|77.373, 47|105.535

STOPPING THREADS..

<Raw Results>
  [0] sc:0 lt:2853  rt:0  fl:0 avg_rt: 30.5 (5)
  [1] sc:1094 lt:1758  rt:0  fl:0 avg_rt: 8.0 (5)
  [2] sc:236 lt:50  rt:0  fl:0 avg_rt: 4.4 (5)
  [3] sc:286 lt:0  rt:0  fl:0 avg_rt: 71.9 (80)
  [4] sc:0 lt:285  rt:0  fl:0 avg_rt: 112.1 (20)
 in 60 sec.

<Raw Results2(sum ver.)>
  [0] sc:0  lt:2853  rt:0  fl:0 
  [1] sc:1094  lt:1758  rt:0  fl:0 
  [2] sc:236  lt:50  rt:0  fl:0 
  [3] sc:286  lt:0  rt:0  fl:0 
  [4] sc:0  lt:285  rt:0  fl:0 

<Constraint Check> (all must be [OK])
 [transaction percentage]
        Payment: 43.46% (>=43.0%) [OK]
   Order-Status: 4.36% (>= 4.0%) [OK]
       Delivery: 4.36% (>= 4.0%) [OK]
    Stock-Level: 4.34% (>= 4.0%) [OK]
 [response time (at least 90% passed)]
      New-Order: 0.00%  [NG] *
        Payment: 38.36%  [NG] *
   Order-Status: 82.52%  [NG] *
       Delivery: 100.00%  [OK]
    Stock-Level: 0.00%  [NG] *

<TpmC>
                 2853.000 TpmC
