***************************************
*** ###easy### TPC-C Load Generator ***
***************************************
option h with value '127.0.0.1'
option P with value '13306'
option d with value 'benchmarker'
option u with value 'root'
option p with value '123456'
option w with value '11'
option c with value '8'
option r with value '22'
option l with value '60'
option i with value '10'
<Parameters>
     [server]: 127.0.0.1
     [port]: 13306
     [DBname]: benchmarker
       [user]: root
       [pass]: 123456
  [warehouse]: 11
 [connection]: 8
     [rampup]: 22 (sec.)
    [measure]: 60 (sec.)

RAMP-UP TIME.(22 sec.)

MEASURING START.

  10, trx: 413, 95%: 155.440, 99%: 171.784, max_rt: 216.653, 414|142.849, 41|29.543, 41|261.762, 42|556.472
  20, trx: 456, 95%: 138.603, 99%: 152.536, max_rt: 194.653, 452|107.116, 46|36.382, 46|251.188, 45|408.586
  30, trx: 455, 95%: 138.437, 99%: 163.897, max_rt: 193.969, 456|105.917, 45|28.758, 45|231.503, 46|431.592
  40, trx: 457, 95%: 139.853, 99%: 152.125, max_rt: 172.004, 455|96.935, 46|27.849, 46|236.990, 45|438.602
  50, trx: 445, 95%: 147.198, 99%: 165.129, max_rt: 213.124, 449|114.682, 44|24.451, 45|241.936, 45|414.617
  60, trx: 446, 95%: 142.943, 99%: 162.578, max_rt: 179.174, 446|95.203, 45|26.290, 44|247.739, 45|432.592

STOPPING THREADS........

<Raw Results>
  [0] sc:0 lt:2672  rt:0  fl:0 avg_rt: 133.4 (5)
  [1] sc:25 lt:2647  rt:0  fl:0 avg_rt: 33.3 (5)
  [2] sc:53 lt:214  rt:0  fl:0 avg_rt: 15.8 (5)
  [3] sc:0 lt:267  rt:0  fl:0 avg_rt: 276.2 (80)
  [4] sc:0 lt:268  rt:0  fl:0 avg_rt: 494.5 (20)
 in 60 sec.

<Raw Results2(sum ver.)>
  [0] sc:0  lt:2672  rt:0  fl:0 
  [1] sc:25  lt:2647  rt:0  fl:0 
  [2] sc:53  lt:214  rt:0  fl:0 
  [3] sc:0  lt:267  rt:0  fl:0 
  [4] sc:0  lt:268  rt:0  fl:0 

<Constraint Check> (all must be [OK])
 [transaction percentage]
        Payment: 43.48% (>=43.0%) [OK]
   Order-Status: 4.34% (>= 4.0%) [OK]
       Delivery: 4.34% (>= 4.0%) [OK]
    Stock-Level: 4.36% (>= 4.0%) [OK]
 [response time (at least 90% passed)]
      New-Order: 0.00%  [NG] *
        Payment: 0.94%  [NG] *
   Order-Status: 19.85%  [NG] *
       Delivery: 0.00%  [NG] *
    Stock-Level: 0.00%  [NG] *

<TpmC>
                 2672.000 TpmC
