Initializing 100 connections...
Initializing 100 workers and preparing statements...
_elapsed___errors__ops/sec(inst)___ops/sec(cum)__p50(ms)__p95(ms)__p99(ms)_pMax(ms)
      1s        0            3.0            5.0    109.1    134.2    134.2    134.2 delivery
      1s        0           30.5           51.0     50.3     88.1     96.5    104.9 newOrder
      1s        0            3.0            5.0     11.0     15.2     15.2     15.2 orderStatus
      1s        0           29.3           49.0     22.0     56.6     71.3     71.3 payment
      1s        0            2.4            4.0     22.0     52.4     52.4     52.4 stockLevel
      2s        0            6.0            5.5    151.0    352.3    352.3    352.3 delivery
      2s        0           79.0           65.0     65.0    142.6    218.1    226.5 newOrder
      2s        0           10.0            7.5      8.9     52.4     52.4     52.4 orderStatus
      2s        0           75.0           62.0     52.4    218.1    251.7    604.0 payment
      2s        0            7.0            5.5     28.3     92.3     92.3     92.3 stockLevel
      3s        0            8.0            6.3    134.2    385.9    385.9    385.9 delivery
      3s        0           76.0           68.7     92.3    335.5    520.1    570.4 newOrder
      3s        0            6.0            7.0      8.1     48.2     48.2     48.2 orderStatus
      3s        0           74.0           66.0     50.3    385.9    872.4    973.1 payment
      3s        0            7.0            6.0     37.7    260.0    260.0    260.0 stockLevel
      4s        0            8.0            6.7    159.4    192.9    192.9    192.9 delivery
      4s        0           80.0           71.5    142.6    570.4    771.8    771.8 newOrder
      4s        0            7.0            7.0     11.5     37.7     37.7     37.7 orderStatus
      4s        0           62.0           65.0     75.5    872.4   1040.2   1073.7 payment
      4s        0            8.0            6.5     35.7    142.6    142.6    142.6 stockLevel
_elapsed___errors__ops/sec(inst)___ops/sec(cum)__p50(ms)__p95(ms)__p99(ms)_pMax(ms)
      5s        0            6.0            6.6    176.2    285.2    285.2    285.2 delivery
      5s        0           68.0           70.8    109.1    520.1    604.0   1006.6 newOrder
      5s        0            8.0            7.2      8.1     17.8     17.8     17.8 orderStatus
      5s        0           81.0           68.2     75.5    805.3   1140.9   1744.8 payment
      5s        0           10.0            7.2     31.5    125.8    125.8    125.8 stockLevel
      6s        0            9.0            7.0     92.3    142.6    142.6    142.6 delivery
      6s        0           72.0           71.0    142.6    872.4   1342.2   1342.2 newOrder
      6s        0            9.0            7.5      6.8     25.2     25.2     25.2 orderStatus
      6s        0           67.0           68.0     44.0   1610.6   1744.8   1879.0 payment
      6s        0            6.0            7.0     29.4    117.4    117.4    117.4 stockLevel
      7s        0            7.0            7.0    142.6    209.7    209.7    209.7 delivery
      7s        0           72.0           71.1    125.8    973.1   1409.3   1677.7 newOrder
      7s        0            9.0            7.7     10.5     22.0     22.0     22.0 orderStatus
      7s        0           78.0           69.4     58.7   1342.2   2281.7   2415.9 payment
      7s        0           12.0            7.7     41.9    113.2    151.0    151.0 stockLevel
      8s        0            7.0            7.0     88.1    159.4    159.4    159.4 delivery
      8s        0           66.0           70.5     83.9   1140.9   1543.5   1879.0 newOrder
      8s        0            8.0            7.7      6.3     10.5     10.5     10.5 orderStatus
      8s        0           63.0           68.6     52.4   1275.1   2415.9   2550.1 payment
      8s        0            7.0            7.6     71.3    260.0    260.0    260.0 stockLevel
_elapsed___errors__ops/sec(inst)___ops/sec(cum)__p50(ms)__p95(ms)__p99(ms)_pMax(ms)
      9s        0           10.0            7.3    117.4    503.3    503.3    503.3 delivery
      9s        0           66.0           70.0    100.7   1409.3   1409.3   1610.6 newOrder
      9s        0            6.0            7.6      8.1     37.7     37.7     37.7 orderStatus
      9s        0           47.0           66.2     60.8    671.1   2147.5   2147.5 payment
      9s        0            7.0            7.6     44.0    209.7    209.7    209.7 stockLevel
     10s        0           10.0            7.6    151.0    486.5    486.5    486.5 delivery
     10s        0           66.9           69.7    192.9   1610.6   1946.2   2684.4 newOrder
     10s        0            8.0            7.6     12.6     28.3     28.3     28.3 orderStatus
     10s        0           63.9           66.0     88.1   2281.7   4563.4   5368.7 payment
     10s        0            1.0            6.9     44.0     44.0     44.0     44.0 stockLevel
_elapsed___errors__ops/sec(inst)___ops/sec(cum)__p50(ms)__p95(ms)__p99(ms)_pMax(ms)
      1s        0            5.0            5.0    117.4    151.0    151.0    151.0 delivery
      1s        0           52.1           52.1     92.3    285.2    335.5    352.3 newOrder
      1s        0            7.0            7.0     10.0    104.9    104.9    104.9 orderStatus
      1s        0           44.1           44.1     62.9    385.9    704.6    704.6 payment
      1s        0            5.0            5.0     54.5     83.9     83.9     83.9 stockLevel
      2s        0            9.0            7.0    159.4    419.4    419.4    419.4 delivery
      2s        0           50.0           51.1     71.3    973.1   1208.0   1208.0 newOrder
      2s        0            6.0            6.5      8.9    134.2    134.2    134.2 orderStatus
      2s        0           54.0           49.1     65.0    771.8    973.1   1543.5 payment
      2s        0            6.0            5.5     39.8    671.1    671.1    671.1 stockLevel
      3s        0            7.0            7.0     83.9   1409.3   1409.3   1409.3 delivery
      3s        0           53.0           51.7    100.7   1543.5   1811.9   1879.0 newOrder
      3s        0            7.0            6.7      6.3    318.8    318.8    318.8 orderStatus
      3s        0           43.0           47.0     33.6   1140.9   2013.3   2013.3 payment
      3s        0            6.0            5.7     21.0    453.0    453.0    453.0 stockLevel
      4s        0            8.0            7.3    142.6    285.2    285.2    285.2 delivery
      4s        0           67.0           55.5    109.1   1208.0   1946.2   3221.2 newOrder
      4s        0            4.0            6.0      8.1     24.1     24.1     24.1 orderStatus
      4s        0           63.0           51.0     83.9   1342.2   1879.0   2080.4 payment
      4s        0            6.0            5.8     50.3    704.6    704.6    704.6 stockLevel
_elapsed___errors__ops/sec(inst)___ops/sec(cum)__p50(ms)__p95(ms)__p99(ms)_pMax(ms)
      5s        0            7.0            7.2     79.7    369.1    369.1    369.1 delivery
      5s        0           65.0           57.4     92.3   1879.0   3087.0   4026.5 newOrder
      5s        0            9.0            6.6      9.4    142.6    142.6    142.6 orderStatus
      5s        0           70.0           54.8     46.1   2013.3   3087.0   3758.1 payment
      5s        0            4.0            5.4     28.3     52.4     52.4     52.4 stockLevel
      6s        0            4.0            6.7    142.6    268.4    268.4    268.4 delivery
      6s        0           71.0           59.7     75.5   1744.8   2281.7   2281.7 newOrder
      6s        0            3.0            6.0      6.8    100.7    100.7    100.7 orderStatus
      6s        0           62.0           56.0     56.6   3489.7   3758.1   5100.3 payment
      6s        0            8.0            5.8     41.9    109.1    109.1    109.1 stockLevel
      7s        0            8.0            6.9    109.1    192.9    192.9    192.9 delivery
      7s        0           73.0           61.6     79.7    939.5   1879.0   3489.7 newOrder
      7s        0           11.0            6.7      8.4     46.1    192.9    192.9 orderStatus
      7s        0           72.0           58.3     71.3   2281.7   5100.3   5100.3 payment
      7s        0            8.0            6.1    104.9    939.5    939.5    939.5 stockLevel
      8s        0            2.0            6.3     56.6    151.0    151.0    151.0 delivery
      8s        0           38.0           58.6     88.1   1275.1   2013.3   2013.3 newOrder
      8s        0            4.0            6.4      5.5     79.7     79.7     79.7 orderStatus
      8s        0           31.0           54.9     27.3   2550.1   3892.3   3892.3 payment
      8s        0            2.0            5.6     25.2     27.3     27.3     27.3 stockLevel
_elapsed___errors__ops/sec(inst)___ops/sec(cum)__p50(ms)__p95(ms)__p99(ms)_pMax(ms)
      9s        0            0.0            5.6      0.0      0.0      0.0      0.0 delivery
      9s        0            2.0           52.3     31.5   2818.6   2818.6   2818.6 newOrder
      9s        0            0.0            5.7      0.0      0.0      0.0      0.0 orderStatus
      9s        0            0.0           48.8      0.0      0.0      0.0      0.0 payment
      9s        0            0.0            5.0      0.0      0.0      0.0      0.0 stockLevel
     10s        0            6.0            5.6     88.1    218.1    218.1    218.1 delivery
     10s        0           73.0           54.4     88.1   2550.1   3623.9   4563.4 newOrder
     10s        0            3.0            5.4     11.0   2013.3   2013.3   2013.3 orderStatus
     10s        0           64.0           50.3     56.6   6174.0   9126.8   9126.8 payment
     10s        0            9.0            5.4     62.9   1879.0   1879.0   1879.0 stockLevel
     11s        0            9.0            5.9     88.1    369.1    369.1    369.1 delivery
     11s        0           64.0           55.3     96.5    536.9    704.6    906.0 newOrder
     11s        0            9.0            5.7      5.5    151.0    151.0    151.0 orderStatus
     11s        0           81.0           53.1     37.7   4563.4   6174.0   6710.9 payment
     11s        0            8.0            5.6     18.9    369.1    369.1    369.1 stockLevel
     12s        0           10.0            6.3     62.9    130.0    130.0    130.0 delivery
     12s        0           92.0           58.3     75.5    637.5   2415.9   5100.3 newOrder
     12s        0            5.0            5.7      8.9     88.1     88.1     88.1 orderStatus
     12s        0           77.0           55.1     41.9   2080.4   6979.3   8053.1 payment
     12s        0            5.0            5.6     16.8     35.7     35.7     35.7 stockLevel
_elapsed___errors__ops/sec(inst)___ops/sec(cum)__p50(ms)__p95(ms)__p99(ms)_pMax(ms)
     13s        0           10.0            6.5     56.6    218.1    218.1    218.1 delivery
     13s        0           95.0           61.2     65.0   1140.9   2147.5   3221.2 newOrder
     13s        0           10.0            6.0      3.9     11.5     11.5     11.5 orderStatus
     13s        0           85.0           57.4     25.2   6174.0   9126.8   9126.8 payment
     13s        0            8.0            5.8     16.8    369.1    369.1    369.1 stockLevel
     14s        0           12.0            6.9     65.0    113.2    243.3    243.3 delivery
     14s        0           88.0           63.1     54.5   1409.3   3892.3   4026.5 newOrder
     14s        0           10.0            6.3      4.2     27.3     27.3     27.3 orderStatus
     14s        0           90.0           59.7     23.1   1946.2  12884.9  13958.6 payment
     14s        0            9.0            6.0     50.3    738.2    738.2    738.2 stockLevel
     15s        0            5.0            6.8     75.5    134.2    134.2    134.2 delivery
     15s        0           84.0           64.5     54.5    268.4   1744.8   1879.0 newOrder
     15s        0            5.0            6.2      6.0      7.1      7.1      7.1 orderStatus
     15s        0           71.0           60.5     41.9    302.0   4563.4   4831.8 payment
     15s        0            4.0            5.9     16.3     75.5     75.5     75.5 stockLevel
     16s        0            5.0            6.7     50.3     79.7     79.7     79.7 delivery
     16s        0           28.0           62.2     52.4   4026.5   4295.0   4295.0 newOrder
     16s        0            3.0            6.0      6.6    151.0    151.0    151.0 orderStatus
     16s        0           40.0           59.2     15.7    369.1  13421.8  13421.8 payment
     16s        0            6.0            5.9     16.3     23.1     23.1     23.1 stockLevel
_elapsed___errors__ops/sec(inst)___ops/sec(cum)__p50(ms)__p95(ms)__p99(ms)_pMax(ms)
     17s        0            1.0            6.4    436.2    436.2    436.2    436.2 delivery
     17s        0           29.0           60.2     83.9   1677.7   3489.7   3489.7 newOrder
     17s        0            4.0            5.9      6.0     10.5     10.5     10.5 orderStatus
     17s        0           31.0           57.5     17.8   5905.6  15032.4  15032.4 payment
     17s        0            7.0            5.9     18.9    268.4    268.4    268.4 stockLevel
     18s        0            7.0            6.4    130.0    738.2    738.2    738.2 delivery
     18s        0           85.0           61.6     83.9   2952.8   4563.4   5905.6 newOrder
     18s        0            7.0            5.9     10.0     71.3     71.3     71.3 orderStatus
     18s        0           70.0           58.2     88.1   2550.1  11274.3  16643.0 payment
     18s        0            9.0            6.1    142.6   2415.9   2415.9   2415.9 stockLevel
     19s        0            7.0            6.4     71.3    134.2    134.2    134.2 delivery
     19s        0           80.0           62.6     88.1    419.4    704.6   5100.3 newOrder
     19s        0            7.0            6.0     13.6    226.5    226.5    226.5 orderStatus
     19s        0           94.0           60.1     39.8   4295.0   8589.9  18253.6 payment
     19s        0            8.0            6.2     19.9    268.4    268.4    268.4 stockLevel
     20s        0            4.0            6.3     65.0    125.8    125.8    125.8 delivery
     20s        0           82.0           63.6     52.4    436.2   2281.7   2281.7 newOrder
     20s        0            8.0            6.1      6.0    226.5    226.5    226.5 orderStatus
     20s        0           80.0           61.1     35.7   3623.9  12348.0  13421.8 payment
     20s        0            4.0            6.1     54.5    302.0    302.0    302.0 stockLevel
_elapsed___errors__ops/sec(inst)___ops/sec(cum)__p50(ms)__p95(ms)__p99(ms)_pMax(ms)
     21s        0            3.0            6.1     54.5    453.0    453.0    453.0 delivery
     21s        0           25.0           61.7    369.1   2550.1   2550.1   2550.1 newOrder
     21s        0            3.0            6.0      5.2    536.9    536.9    536.9 orderStatus
     21s        0           22.0           59.2     17.8   2818.6  14495.5  14495.5 payment
     21s        0            5.0            6.0     21.0     27.3     27.3     27.3 stockLevel
     22s        0            8.0            6.2    142.6    738.2    738.2    738.2 delivery
     22s        0           82.0           62.6     75.5   1610.6   3758.1   4831.8 newOrder
     22s        0            7.0            6.0      6.3    486.5    486.5    486.5 orderStatus
     22s        0           80.0           60.2     50.3   9126.8  19327.4  20401.1 payment
     22s        0            6.0            6.0     88.1    125.8    125.8    125.8 stockLevel
     23s        0           10.0            6.4     88.1    302.0    302.0    302.0 delivery
     23s        0           75.0           63.2     71.3    436.2    536.9   3623.9 newOrder
     23s        0            9.0            6.1      8.9    453.0    453.0    453.0 orderStatus
     23s        0          106.0           62.2     30.4    805.3  18253.6  22548.6 payment
     23s        0           10.0            6.2     19.9    243.3    243.3    243.3 stockLevel
     24s        0            8.0            6.5     46.1    369.1    369.1    369.1 delivery
     24s        0           34.0           62.0     35.7    234.9    436.2    436.2 newOrder
     24s        0            5.0            6.1      3.9      5.0      5.0      5.0 orderStatus
     24s        0           36.0           61.1     15.2    402.7    520.1    520.1 payment
     24s        0            5.0            6.2     41.9    352.3    352.3    352.3 stockLevel
_elapsed___errors__ops/sec(inst)___ops/sec(cum)__p50(ms)__p95(ms)__p99(ms)_pMax(ms)
     25s        0            3.0            6.3     52.4     56.6     56.6     56.6 delivery
     25s        0           62.0           62.0     41.9   2818.6   3221.2   4831.8 newOrder
     25s        0            9.0            6.2      7.3    771.8    771.8    771.8 orderStatus
     25s        0           51.0           60.7     21.0    234.9   2415.9  10737.4 payment
     25s        0            7.0            6.2     22.0   2147.5   2147.5   2147.5 stockLevel
     26s        0            4.0            6.2     48.2     62.9     62.9     62.9 delivery
     26s        0           55.0           61.7     48.2    872.4   2415.9   2550.1 newOrder
     26s        0            4.0            6.1     15.7    209.7    209.7    209.7 orderStatus
     26s        0           67.0           60.9     23.1   6174.0  15032.4  21474.8 payment
     26s        0            9.0            6.3     50.3   2684.4   2684.4   2684.4 stockLevel
     27s        0            4.0            6.1     67.1    134.2    134.2    134.2 delivery
     27s        0           51.0           61.3     71.3   1409.3   3758.1   4831.8 newOrder
     27s        0            9.0            6.2      6.6    704.6    704.6    704.6 orderStatus
     27s        0           50.0           60.5     26.2  11811.2  24696.1  24696.1 payment
     27s        0            3.0            6.2     22.0    218.1    218.1    218.1 stockLevel
     28s        0           12.0            6.4     62.9    184.5    184.5    184.5 delivery
     28s        0           66.0           61.5     58.7    285.2    704.6   1744.8 newOrder
     28s        0            5.0            6.2      7.3     52.4     52.4     52.4 orderStatus
     28s        0           78.0           61.1     27.3   8053.1  12348.0  27917.3 payment
     28s        0            7.0            6.2     19.9     30.4     30.4     30.4 stockLevel
_elapsed___errors__ops/sec(inst)___ops/sec(cum)__p50(ms)__p95(ms)__p99(ms)_pMax(ms)
     29s        0            7.0            6.4    121.6    285.2    285.2    285.2 delivery
     29s        0           64.0           61.6     88.1   3221.2   3623.9   5100.3 newOrder
     29s        0            7.0            6.2      5.8      7.3      7.3      7.3 orderStatus
     29s        0           72.0           61.5     52.4   6979.3  20401.1  24696.1 payment
     29s        0            3.0            6.1     19.9     21.0     21.0     21.0 stockLevel
     30s        0            5.0            6.3    109.1    285.2    285.2    285.2 delivery
     30s        0           74.0           62.0     71.3    251.7   1677.7   2818.6 newOrder
     30s        0            7.0            6.2      7.6    209.7    209.7    209.7 orderStatus
     30s        0           71.0           61.8     35.7   1744.8  10737.4  25769.8 payment
     30s        0           10.0            6.2     33.6   1610.6   1610.6   1610.6 stockLevel
     31s        0           10.0            6.5    121.6    209.7    209.7    209.7 delivery
     31s        0           87.0           62.8     62.9   1342.2   2281.7   3355.4 newOrder
     31s        0            7.0            6.3     24.1    113.2    113.2    113.2 orderStatus
     31s        0           64.0           61.9     28.3    251.7   3221.2   7516.2 payment
     31s        0            6.0            6.2     23.1    151.0    151.0    151.0 stockLevel
     32s        0            6.0            6.4     75.5    142.6    142.6    142.6 delivery
     32s        0           53.0           62.5     48.2    151.0    285.2    637.5 newOrder
     32s        0            6.0            6.3      5.5    318.8    318.8    318.8 orderStatus
     32s        0           79.0           62.4     23.1   8589.9  13421.8  15032.4 payment
     32s        0            6.0            6.2     21.0    117.4    117.4    117.4 stockLevel
_elapsed___errors__ops/sec(inst)___ops/sec(cum)__p50(ms)__p95(ms)__p99(ms)_pMax(ms)
     33s        0            5.0            6.4     75.5    104.9    104.9    104.9 delivery
     33s        0           75.0           62.9     46.1    134.2   2281.7   2415.9 newOrder
     33s        0            5.0            6.2      4.5      7.9      7.9      7.9 orderStatus
     33s        0           52.0           62.1     25.2    268.4  27917.3  28991.0 payment
     33s        0            8.0            6.3     25.2    109.1    109.1    109.1 stockLevel
     34s        0            2.0            6.3     62.9    704.6    704.6    704.6 delivery
     34s        0           25.0           61.7     88.1   4831.8   5905.6   5905.6 newOrder
     34s        0            4.0            6.1      4.7      6.0      6.0      6.0 orderStatus
     34s        0           27.0           61.1     18.9    570.4    872.4    872.4 payment
     34s        0            4.0            6.2     14.7     37.7     37.7     37.7 stockLevel
     35s        0            3.0            6.2     54.5     71.3     71.3     71.3 delivery
     35s        0           25.0           60.7     56.6   5100.3   5368.7   5368.7 newOrder
     35s        0            3.0            6.1      5.0    771.8    771.8    771.8 orderStatus
     35s        0           23.0           60.0     19.9  10200.5  10737.4  10737.4 payment
     35s        0            5.0            6.2    604.0    939.5    939.5    939.5 stockLevel
     36s        0            5.0            6.1     65.0    142.6    142.6    142.6 delivery
     36s        0           58.0           60.6     50.3    184.5    385.9    503.3 newOrder
     36s        0            6.0            6.1      6.0    104.9    104.9    104.9 orderStatus
     36s        0           52.0           59.8     28.3   1275.1   3758.1  19327.4 payment
     36s        0            3.0            6.1     23.1    176.2    176.2    176.2 stockLevel
_elapsed___errors__ops/sec(inst)___ops/sec(cum)__p50(ms)__p95(ms)__p99(ms)_pMax(ms)
     37s        0            4.0            6.1     41.9     92.3     92.3     92.3 delivery
     37s        0           35.0           59.9     35.7    385.9   4831.8   4831.8 newOrder
     37s        0            4.0            6.0      3.8    419.4    419.4    419.4 orderStatus
     37s        0           33.0           59.1     16.3    201.3    503.3    503.3 payment
     37s        0            4.0            6.0     32.5    671.1    671.1    671.1 stockLevel
     38s        0            1.0            5.9     41.9     41.9     41.9     41.9 delivery
     38s        0           14.0           58.7     46.1   5637.1   5905.6   5905.6 newOrder
     38s        0            0.0            5.8      0.0      0.0      0.0      0.0 orderStatus
     38s        0           15.0           57.9     15.7    503.3  13421.8  13421.8 payment
     38s        0            0.0            5.9      0.0      0.0      0.0      0.0 stockLevel
     39s        0            4.0            5.9     83.9    838.9    838.9    838.9 delivery
     39s        0           71.0           59.0     60.8   2952.8   3489.7   5637.1 newOrder
     39s        0            7.0            5.9      6.3    134.2    134.2    134.2 orderStatus
     39s        0           65.0           58.1     32.5  11811.2  21474.8  26843.5 payment
     39s        0           12.0            6.0    100.7    939.5   2818.6   2818.6 stockLevel
     40s        0            3.0            5.8     54.5     56.6     56.6     56.6 delivery
     40s        0           23.0           58.1     60.8    192.9    218.1    218.1 newOrder
     40s        0            6.0            5.9      5.5    151.0    151.0    151.0 orderStatus
     40s        0           22.0           57.2     13.1    419.4  24696.1  24696.1 payment
     40s        0            3.0            6.0     30.4     83.9     83.9     83.9 stockLevel
_elapsed___errors__ops/sec(inst)___ops/sec(cum)__p50(ms)__p95(ms)__p99(ms)_pMax(ms)
     41s        0            0.0            5.7      0.0      0.0      0.0      0.0 delivery
     41s        0           15.0           57.1     37.7   5100.3   5100.3   5100.3 newOrder
     41s        0            1.0            5.8      4.7      4.7      4.7      4.7 orderStatus
     41s        0           14.0           56.1     12.1    973.1   1140.9   1140.9 payment
     41s        0            0.0            5.8      0.0      0.0      0.0      0.0 stockLevel
     42s        0            0.0            5.5      0.0      0.0      0.0      0.0 delivery
     42s        0            0.0           55.7      0.0      0.0      0.0      0.0 newOrder
     42s        0            0.0            5.6      0.0      0.0      0.0      0.0 orderStatus
     42s        0            0.0           54.8      0.0      0.0      0.0      0.0 payment
     42s        0            0.0            5.7      0.0      0.0      0.0      0.0 stockLevel
     43s        0            3.0            5.5     65.0     88.1     88.1     88.1 delivery
     43s        0           64.0           55.9     71.3   3489.7   3758.1   3758.1 newOrder
     43s        0            7.0            5.7      9.4   2013.3   2013.3   2013.3 orderStatus
     43s        0           66.0           55.0     44.0  12348.0  15032.4  21474.8 payment
     43s        0            7.0            5.7     48.2   1946.2   1946.2   1946.2 stockLevel
     44s        0            7.0            5.5    134.2    209.7    209.7    209.7 delivery
     44s        0           63.0           56.1     44.0    335.5   2818.6   4295.0 newOrder
     44s        0            4.0            5.6      5.2      8.1      8.1      8.1 orderStatus
     44s        0           55.0           55.0     23.1    604.0  12348.0  15569.3 payment
     44s        0            2.0            5.6     15.7     17.8     17.8     17.8 stockLevel
_elapsed___errors__ops/sec(inst)___ops/sec(cum)__p50(ms)__p95(ms)__p99(ms)_pMax(ms)
     45s        0            3.0            5.5     60.8     67.1     67.1     67.1 delivery
     45s        0           43.0           55.8     48.2    838.9   2013.3   2013.3 newOrder
     45s        0            3.0            5.6      7.6      8.1      8.1      8.1 orderStatus
     45s        0           39.0           54.7     22.0  24696.1  32212.3  32212.3 payment
     45s        0            5.0            5.6    151.0    604.0    604.0    604.0 stockLevel
     46s        0            6.0            5.5     67.1    151.0    151.0    151.0 delivery
     46s        0           57.0           55.8     71.3   2415.9   6442.5   6710.9 newOrder
     46s        0            4.0            5.5      5.5    285.2    285.2    285.2 orderStatus
     46s        0           53.0           54.7     30.4    704.6  33286.0  45097.2 payment
     46s        0            8.0            5.7     26.2    100.7    100.7    100.7 stockLevel
     47s        0            5.0            5.5    104.9    151.0    151.0    151.0 delivery
     47s        0           38.0           55.4     58.7    570.4   3355.4   3355.4 newOrder
     47s        0            3.0            5.5     23.1    369.1    369.1    369.1 orderStatus
     47s        0           32.0           54.2     21.0    117.4    486.5    486.5 payment
     47s        0            1.0            5.6    637.5    637.5    637.5    637.5 stockLevel
     48s        0            1.0            5.4     65.0     65.0     65.0     65.0 delivery
     48s        0            6.0           54.4     58.7   4026.5   4026.5   4026.5 newOrder
     48s        0            1.0            5.4   1140.9   1140.9   1140.9   1140.9 orderStatus
     48s        0            7.0           53.2     23.1   2281.7   2281.7   2281.7 payment
     48s        0            1.0            5.5     28.3     28.3     28.3     28.3 stockLevel
_elapsed___errors__ops/sec(inst)___ops/sec(cum)__p50(ms)__p95(ms)__p99(ms)_pMax(ms)
     49s        0            3.0            5.3    184.5    226.5    226.5    226.5 delivery
     49s        0           57.0           54.5     71.3   2684.4   2818.6   5100.3 newOrder
     49s        0            4.0            5.3      5.2     24.1     24.1     24.1 orderStatus
     49s        0           57.0           53.3     41.9  13421.8  21474.8  28991.0 payment
     49s        0            7.0            5.5     65.0    113.2    113.2    113.2 stockLevel
     50s        0            4.0            5.3    113.2    176.2    176.2    176.2 delivery
     50s        0           48.0           54.3     92.3   1040.2   4160.7   4160.7 newOrder
     50s        0            3.0            5.3      8.9     13.6     13.6     13.6 orderStatus
     50s        0           51.0           53.2     48.2  10737.4  22548.6  25769.8 payment
     50s        0            5.0            5.5     58.7    117.4    117.4    117.4 stockLevel
     51s        0            3.0            5.3    109.1    167.8    167.8    167.8 delivery
     51s        0           20.0           53.6     46.1    184.5    234.9    234.9 newOrder
     51s        0            2.0            5.2      7.1    100.7    100.7    100.7 orderStatus
     51s        0           18.0           52.5     26.2    159.4    243.3    243.3 payment
     51s        0            3.0            5.4     71.3     75.5     75.5     75.5 stockLevel
     52s        0            0.0            5.2      0.0      0.0      0.0      0.0 delivery
     52s        0           10.0           52.8     52.4   3758.1   3758.1   3758.1 newOrder
     52s        0            0.0            5.1      0.0      0.0      0.0      0.0 orderStatus
     52s        0            1.0           51.5     12.6     12.6     12.6     12.6 payment
     52s        0            2.0            5.4     16.8   1543.5   1543.5   1543.5 stockLevel
_elapsed___errors__ops/sec(inst)___ops/sec(cum)__p50(ms)__p95(ms)__p99(ms)_pMax(ms)
     53s        0            2.0            5.1     92.3    109.1    109.1    109.1 delivery
     53s        0           22.0           52.2     65.0   4831.8   6979.3   6979.3 newOrder
     53s        0            3.0            5.1      6.6      6.8      6.8      6.8 orderStatus
     53s        0           27.0           51.1     27.3   1744.8  13958.6  13958.6 payment
     53s        0            0.0            5.3      0.0      0.0      0.0      0.0 stockLevel
     54s        0           11.0            5.2     79.7    184.5    352.3    352.3 delivery
     54s        0           72.0           52.6     79.7   3087.0   4563.4   4563.4 newOrder
     54s        0           10.0            5.2      6.3     28.3     28.3     28.3 orderStatus
     54s        0           86.0           51.7     37.7  24696.1  38654.7  45097.2 payment
     54s        0           10.0            5.4     41.9    121.6    121.6    121.6 stockLevel
     55s        0            6.0            5.2     79.7    100.7    100.7    100.7 delivery
     55s        0           77.0           53.0     67.1    335.5    503.3    520.1 newOrder
     55s        0            7.0            5.2      8.4    251.7    251.7    251.7 orderStatus
     55s        0           62.0           51.9     24.1    234.9  25769.8  31138.5 payment
     55s        0            4.0            5.3     62.9    218.1    218.1    218.1 stockLevel
     56s        0            4.0            5.2     41.9     50.3     50.3     50.3 delivery
     56s        0           33.0           52.7     35.7    419.4   2550.1   2550.1 newOrder
     56s        0            4.0            5.2      6.8    117.4    117.4    117.4 orderStatus
     56s        0           50.0           51.9     15.7  38654.7  55834.6  55834.6 payment
     56s        0            4.0            5.3     14.7    142.6    142.6    142.6 stockLevel
_elapsed___errors__ops/sec(inst)___ops/sec(cum)__p50(ms)__p95(ms)__p99(ms)_pMax(ms)
     57s        0            5.0            5.2     50.3    192.9    192.9    192.9 delivery
     57s        0           40.0           52.5     39.8   2281.7   5905.6   5905.6 newOrder
     57s        0            3.0            5.2      3.8    419.4    419.4    419.4 orderStatus
     57s        0           45.0           51.8     16.8    637.5  34359.7  34359.7 payment
     57s        0            4.0            5.3     17.8   1811.9   1811.9   1811.9 stockLevel
     58s        0            0.0            5.1      0.0      0.0      0.0      0.0 delivery
     58s        0           22.0           51.9     35.7   1946.2   2952.8   2952.8 newOrder
     58s        0            4.0            5.1      4.7      6.0      6.0      6.0 orderStatus
     58s        0           12.0           51.1     12.6     46.1    637.5    637.5 payment
     58s        0            4.0            5.3     13.1    142.6    142.6    142.6 stockLevel
     59s        0            0.0            5.0      0.0      0.0      0.0      0.0 delivery
     59s        0            6.0           51.2   1342.2   5905.6   5905.6   5905.6 newOrder
     59s        0            0.0            5.1      0.0      0.0      0.0      0.0 orderStatus
     59s        0           10.0           50.4     14.7  15569.3  15569.3  15569.3 payment
     59s        0            1.0            5.2   2415.9   2415.9   2415.9   2415.9 stockLevel
    1m0s        0            4.0            5.0     71.3   1476.4   1476.4   1476.4 delivery
    1m0s        0           40.0           51.0     46.1   3221.2   5100.3   5100.3 newOrder
    1m0s        0            3.0            5.0      4.7    570.4    570.4    570.4 orderStatus
    1m0s        0           21.0           49.9     18.9  13958.6  27917.3  27917.3 payment
    1m0s        0            2.0            5.1     26.2    671.1    671.1    671.1 stockLevel

_elapsed___errors_____ops(total)___ops/sec(cum)__avg(ms)__p50(ms)__p95(ms)__p99(ms)_pMax(ms)__total
   60.0s        0            300            5.0    125.9     79.7    369.1    738.2   1476.4  delivery
   60.0s        0           3058           51.0    313.4     65.0   1879.0   4563.4   6979.3  newOrder
   60.0s        0            301            5.0     62.1      6.8    318.8    771.8   2013.3  orderStatus
   60.0s        0           2993           49.9    964.3     33.6   5905.6  24696.1  55834.6  payment
   60.0s        0            308            5.1    165.2     32.5    939.5   2415.9   2818.6  stockLevel

_elapsed___errors_____ops(total)___ops/sec(cum)__avg(ms)__p50(ms)__p95(ms)__p99(ms)_pMax(ms)__result
   60.0s        0           6960          116.0    567.8     52.4   2281.7  13421.8  55834.6  
Audit check 9.2.1.7: SKIP: not enough delivery transactions to be statistically significant
Audit check 9.2.2.5.1: SKIP: not enough orders to be statistically significant
Audit check 9.2.2.5.2: SKIP: not enough orders to be statistically significant
Audit check 9.2.2.5.3: SKIP: not enough orders to be statistically significant
Audit check 9.2.2.5.4: SKIP: not enough payments to be statistically significant
Audit check 9.2.2.5.5: SKIP: not enough payments to be statistically significant
Audit check 9.2.2.5.6: SKIP: not enough order status transactions to be statistically significant

_elapsed_______tpmC____efc__avg(ms)__p50(ms)__p90(ms)__p95(ms)__p99(ms)_pMax(ms)
   60.0s     3058.0 2377.9%    313.4     65.0    738.2   1879.0   4563.4   6979.3
