Initializing 300 connections...
Initializing 100 workers and preparing statements...
_elapsed___errors__ops/sec(inst)___ops/sec(cum)__p50(ms)__p95(ms)__p99(ms)_pMax(ms)
      1s        0            1.7            4.0    100.7    130.0    130.0    130.0 delivery
      1s        0           19.8           46.0     60.8    104.9    159.4    159.4 newOrder
      1s        0            3.4            8.0      8.9     16.8     16.8     16.8 orderStatus
      1s        0           19.8           46.0     31.5     79.7     88.1     88.1 payment
      1s        0            2.2            5.0     35.7     75.5     75.5     75.5 stockLevel
      2s        0            9.0            6.5     96.5    159.4    159.4    159.4 delivery
      2s        0           70.0           58.0     67.1    209.7    285.2    352.3 newOrder
      2s        0            5.0            6.5     10.0     17.8     17.8     17.8 orderStatus
      2s        0           61.0           53.5     39.8    209.7    369.1    671.1 payment
      2s        0            5.0            5.0     37.7    121.6    121.6    121.6 stockLevel
      3s        0            6.0            6.3     88.1    113.2    113.2    113.2 delivery
      3s        0           73.0           63.0     88.1    352.3    503.3    604.0 newOrder
      3s        0            4.0            5.7      6.8      7.3      7.3      7.3 orderStatus
      3s        0           70.0           59.0     50.3    671.1    738.2   1208.0 payment
      3s        0           11.0            7.0     62.9    176.2    318.8    318.8 stockLevel
      4s        0            8.0            6.7    142.6    453.0    453.0    453.0 delivery
      4s        0           72.0           65.2    142.6    503.3    771.8    805.3 newOrder
      4s        0            9.0            6.5     11.0     32.5     32.5     32.5 orderStatus
      4s        0           74.0           62.7     60.8    671.1    939.5    939.5 payment
      4s        0            8.0            7.2     48.2    167.8    167.8    167.8 stockLevel
_elapsed___errors__ops/sec(inst)___ops/sec(cum)__p50(ms)__p95(ms)__p99(ms)_pMax(ms)
      5s        0            7.0            6.8    100.7    121.6    121.6    121.6 delivery
      5s        0           78.0           67.8    167.8    704.6    906.0    939.5 newOrder
      5s        0           11.0            7.4     11.0     17.8     19.9     19.9 orderStatus
      5s        0           80.0           66.2    121.6    906.0   2281.7   2952.8 payment
      5s        0            6.0            7.0     37.7    176.2    176.2    176.2 stockLevel
      6s        0            8.0            7.0    109.1    536.9    536.9    536.9 delivery
      6s        0           74.0           68.8    104.9    536.9    671.1    704.6 newOrder
      6s        0           10.0            7.8      8.9     11.0     11.0     11.0 orderStatus
      6s        0           73.0           67.3     75.5    872.4   1342.2   1946.2 payment
      6s        0           10.0            7.5     71.3    469.8    469.8    469.8 stockLevel
      7s        0            6.0            6.9    192.9    570.4    570.4    570.4 delivery
      7s        0           64.0           68.1    167.8   1006.6   1476.4   1476.4 newOrder
      7s        0            5.0            7.4     19.9     65.0     65.0     65.0 orderStatus
      7s        0           55.0           65.6     83.9   1610.6   1879.0   2281.7 payment
      7s        0           10.0            7.9     44.0    260.0    260.0    260.0 stockLevel
      8s        0            7.0            6.9    176.2   1208.0   1208.0   1208.0 delivery
      8s        0           67.0           68.0    201.3   1342.2   1879.0   2550.1 newOrder
      8s        0            2.0            6.7      5.0     13.1     13.1     13.1 orderStatus
      8s        0           48.0           63.4    192.9   2684.4   2952.8   2952.8 payment
      8s        0            6.0            7.6     39.8    771.8    771.8    771.8 stockLevel
_elapsed___errors__ops/sec(inst)___ops/sec(cum)__p50(ms)__p95(ms)__p99(ms)_pMax(ms)
      9s        0            7.0            6.9    151.0   1208.0   1208.0   1208.0 delivery
      9s        0           46.9           65.7    335.5   1342.2   2281.7   2281.7 newOrder
      9s        0            4.0            6.4     12.1     15.2     15.2     15.2 orderStatus
      9s        0           45.9           61.4    302.0   2684.4   3221.2   3221.2 payment
      9s        0            5.0            7.3    130.0    159.4    159.4    159.4 stockLevel
     10s        0           10.0            7.2    104.9    486.5    486.5    486.5 delivery
     10s        0           57.1           64.8    402.7   1275.1   2147.5   2952.8 newOrder
     10s        0            8.0            6.6      8.9     18.9     18.9     18.9 orderStatus
     10s        0           63.2           61.6    285.2   2952.8   3892.3   4295.0 payment
     10s        0            3.0            6.9    121.6    268.4    268.4    268.4 stockLevel
_elapsed___errors__ops/sec(inst)___ops/sec(cum)__p50(ms)__p95(ms)__p99(ms)_pMax(ms)
      1s        0            3.0            3.0     88.1    113.2    113.2    113.2 delivery
      1s        0           43.0           43.1     75.5    436.2    671.1    671.1 newOrder
      1s        0            6.0            6.0      9.4     15.7     15.7     15.7 orderStatus
      1s        0           45.0           45.1     54.5    738.2    872.4    872.4 payment
      1s        0            2.0            2.0     21.0     75.5     75.5     75.5 stockLevel
      2s        0            6.0            4.5    125.8    167.8    167.8    167.8 delivery
      2s        0           63.0           53.0    318.8    771.8    838.9    939.5 newOrder
      2s        0            5.0            5.5     11.0     37.7     37.7     37.7 orderStatus
      2s        0           51.0           48.0    159.4   1275.1   1476.4   1610.6 payment
      2s        0            4.0            3.0     48.2    570.4    570.4    570.4 stockLevel
      3s        0            6.0            5.0    142.6    385.9    385.9    385.9 delivery
      3s        0           63.0           56.4    285.2   1476.4   1879.0   1946.2 newOrder
      3s        0            3.0            4.7      8.1     10.0     10.0     10.0 orderStatus
      3s        0           42.0           46.0    109.1   1409.3   2415.9   2415.9 payment
      3s        0            9.0            5.0     75.5   1006.6   1006.6   1006.6 stockLevel
      4s        0            7.0            5.5     83.9    318.8    318.8    318.8 delivery
      4s        0           65.9           58.8    142.6   1610.6   2281.7   2952.8 newOrder
      4s        0            6.0            5.0     10.0     18.9     18.9     18.9 orderStatus
      4s        0           81.9           55.0     71.3   2550.1   3221.2   3221.2 payment
      4s        0            7.0            5.5     37.7    113.2    113.2    113.2 stockLevel
_elapsed___errors__ops/sec(inst)___ops/sec(cum)__p50(ms)__p95(ms)__p99(ms)_pMax(ms)
      5s        0            6.0            5.6     96.5    176.2    176.2    176.2 delivery
      5s        0           72.1           61.4    159.4   1208.0   2952.8   3355.4 newOrder
      5s        0            7.0            5.4     10.5     50.3     50.3     50.3 orderStatus
      5s        0           57.1           55.4    134.2   2080.4   3758.1   3892.3 payment
      5s        0            7.0            5.8     30.4     60.8     60.8     60.8 stockLevel
      6s        0           12.0            6.7    100.7    176.2    192.9    192.9 delivery
      6s        0           71.9           63.2     83.9   1275.1   1610.6   1677.7 newOrder
      6s        0            4.0            5.2     10.5     26.2     26.2     26.2 orderStatus
      6s        0           53.0           55.0     67.1   3623.9   4295.0   4831.8 payment
      6s        0            9.0            6.3     37.7    113.2    113.2    113.2 stockLevel
      7s        0            7.0            6.7     83.9    176.2    176.2    176.2 delivery
      7s        0           68.0           63.9    100.7    906.0    973.1   1342.2 newOrder
      7s        0            7.0            5.4      8.4     17.8     17.8     17.8 orderStatus
      7s        0           76.0           58.0    151.0   4160.7   4831.8   5905.6 payment
      7s        0            9.0            6.7     31.5    335.5    335.5    335.5 stockLevel
      8s        0            8.0            6.9     75.5    226.5    226.5    226.5 delivery
      8s        0           68.0           64.4     79.7   1006.6   1208.0   1342.2 newOrder
      8s        0            7.0            5.6      8.9     12.6     12.6     12.6 orderStatus
      8s        0           75.0           60.1     96.5   3489.7   4563.4   6710.9 payment
      8s        0            5.0            6.5     23.1     67.1     67.1     67.1 stockLevel
_elapsed___errors__ops/sec(inst)___ops/sec(cum)__p50(ms)__p95(ms)__p99(ms)_pMax(ms)
      9s        0            8.0            7.0    130.0    302.0    302.0    302.0 delivery
      9s        0           75.0           65.6    125.8   1946.2   2818.6   2952.8 newOrder
      9s        0            9.0            6.0     11.5     56.6     56.6     56.6 orderStatus
      9s        0           54.0           59.5     48.2    838.9   4831.8   6174.0 payment
      9s        0            9.0            6.8     75.5    142.6    142.6    142.6 stockLevel
     10s        0            2.0            6.5     75.5    243.3    243.3    243.3 delivery
     10s        0           63.0           65.3     52.4   1677.7   2281.7   3221.2 newOrder
     10s        0            7.0            6.1      6.6      7.1      7.1      7.1 orderStatus
     10s        0           61.0           59.6     29.4   4831.8   7247.8   8053.1 payment
     10s        0            4.0            6.5     27.3    159.4    159.4    159.4 stockLevel
     11s        0            5.0            6.4     83.9    100.7    100.7    100.7 delivery
     11s        0           69.0           65.6     62.9   1879.0   2818.6   3087.0 newOrder
     11s        0           10.0            6.5      8.1     12.6     12.6     12.6 orderStatus
     11s        0           67.0           60.3     28.3   3087.0   4160.7   7247.8 payment
     11s        0            5.0            6.4     26.2    838.9    838.9    838.9 stockLevel
     12s        0            7.0            6.4     88.1    113.2    113.2    113.2 delivery
     12s        0           62.0           65.3     50.3   1208.0   1744.8   1879.0 newOrder
     12s        0            7.0            6.5      7.3     14.7     14.7     14.7 orderStatus
     12s        0           57.0           60.0     25.2   5100.3   8589.9  10737.4 payment
     12s        0            8.0            6.5     22.0    805.3    805.3    805.3 stockLevel
_elapsed___errors__ops/sec(inst)___ops/sec(cum)__p50(ms)__p95(ms)__p99(ms)_pMax(ms)
     13s        0            3.0            6.2     75.5    167.8    167.8    167.8 delivery
     13s        0           70.0           65.7     71.3   1744.8   2281.7   2684.4 newOrder
     13s        0            6.0            6.5      7.1     10.0     10.0     10.0 orderStatus
     13s        0           76.0           61.2     33.6   6174.0   7784.6   9126.8 payment
     13s        0            4.0            6.3     29.4     79.7     79.7     79.7 stockLevel
     14s        0           10.0            6.4    117.4    704.6    704.6    704.6 delivery
     14s        0           64.0           65.6    151.0   1677.7   2147.5   2550.1 newOrder
     14s        0            7.0            6.5     13.6     25.2     25.2     25.2 orderStatus
     14s        0           70.0           61.9     75.5   6174.0   9663.7  10200.5 payment
     14s        0            9.0            6.5     37.7   1208.0   1208.0   1208.0 stockLevel
     15s        0            8.0            6.5    104.9    167.8    167.8    167.8 delivery
     15s        0           71.0           65.9     83.9   1610.6   2281.7   2550.1 newOrder
     15s        0            4.0            6.3      9.4     11.0     11.0     11.0 orderStatus
     15s        0           61.0           61.8     71.3   5100.3   7247.8   7784.6 payment
     15s        0            6.0            6.5     32.5     50.3     50.3     50.3 stockLevel
     16s        0            6.0            6.5     79.7    385.9    385.9    385.9 delivery
     16s        0           63.0           65.8     54.5    604.0    872.4   3355.4 newOrder
     16s        0            8.0            6.4      5.8      9.4      9.4      9.4 orderStatus
     16s        0           52.0           61.2     41.9   1879.0   5637.1   6710.9 payment
     16s        0            6.0            6.4     32.5     96.5     96.5     96.5 stockLevel
_elapsed___errors__ops/sec(inst)___ops/sec(cum)__p50(ms)__p95(ms)__p99(ms)_pMax(ms)
     17s        0            7.0            6.5     60.8     67.1     67.1     67.1 delivery
     17s        0           68.0           65.9     39.8   2415.9   3489.7   4563.4 newOrder
     17s        0            9.0            6.6      5.8     16.8     16.8     16.8 orderStatus
     17s        0           68.0           61.6     19.9  12884.9  13958.6  13958.6 payment
     17s        0            9.0            6.6     24.1   2281.7   2281.7   2281.7 stockLevel
     18s        0            5.0            6.4     88.1    318.8    318.8    318.8 delivery
     18s        0           79.0           66.6     65.0    805.3   1073.7   1275.1 newOrder
     18s        0           11.0            6.8      7.6     11.5     12.1     12.1 orderStatus
     18s        0           90.0           63.2     37.7   6442.5   9126.8   9663.7 payment
     18s        0           10.0            6.8     30.4    167.8    167.8    167.8 stockLevel
     19s        0            8.0            6.5     75.5    453.0    453.0    453.0 delivery
     19s        0           77.0           67.2     58.7    260.0   1543.5   2415.9 newOrder
     19s        0            8.0            6.9      6.3     19.9     19.9     19.9 orderStatus
     19s        0           83.0           64.2     30.4   2818.6   3489.7  10737.4 payment
     19s        0            5.0            6.7     29.4    159.4    159.4    159.4 stockLevel
     20s        0            3.0            6.4     52.4     56.6     56.6     56.6 delivery
     20s        0           69.0           67.3     41.9   1476.4   2147.5   2281.7 newOrder
     20s        0            9.0            7.0      6.0      9.4      9.4      9.4 orderStatus
     20s        0           72.0           64.6     19.9   6979.3  12348.0  14495.5 payment
     20s        0            5.0            6.6     39.8   1275.1   1275.1   1275.1 stockLevel
_elapsed___errors__ops/sec(inst)___ops/sec(cum)__p50(ms)__p95(ms)__p99(ms)_pMax(ms)
     21s        0            7.0            6.4     83.9    159.4    159.4    159.4 delivery
     21s        0           64.0           67.1     71.3   2415.9   2550.1   2952.8 newOrder
     21s        0            9.0            7.1      7.1     14.7     14.7     14.7 orderStatus
     21s        0           76.0           65.1     37.7   4563.4   6174.0   7516.2 payment
     21s        0            6.0            6.6     30.4    872.4    872.4    872.4 stockLevel
     22s        0           10.0            6.5     96.5    226.5    226.5    226.5 delivery
     22s        0           78.0           67.6     88.1   1543.5   2952.8   3087.0 newOrder
     22s        0            5.0            7.0     10.5     16.8     16.8     16.8 orderStatus
     22s        0           58.0           64.8     41.9   5905.6   9126.8  12884.9 payment
     22s        0            5.0            6.5     31.5     33.6     33.6     33.6 stockLevel
     23s        0            7.0            6.6     79.7    167.8    167.8    167.8 delivery
     23s        0           70.0           67.7     62.9   2080.4   2952.8   3892.3 newOrder
     23s        0           10.0            7.1      7.9     58.7     58.7     58.7 orderStatus
     23s        0           80.0           65.5     41.9   5368.7  11811.2  14495.5 payment
     23s        0            6.0            6.5     39.8   1677.7   1677.7   1677.7 stockLevel
     24s        0           12.0            6.8     50.3    100.7    130.0    130.0 delivery
     24s        0           86.0           68.5     41.9    805.3   1073.7   2013.3 newOrder
     24s        0            8.0            7.2      5.8     10.0     10.0     10.0 orderStatus
     24s        0           77.0           66.0     22.0   6710.9  15032.4  17179.9 payment
     24s        0            9.0            6.6     29.4    159.4    159.4    159.4 stockLevel
_elapsed___errors__ops/sec(inst)___ops/sec(cum)__p50(ms)__p95(ms)__p99(ms)_pMax(ms)
     25s        0            4.0            6.7     65.0    130.0    130.0    130.0 delivery
     25s        0           92.0           69.4     50.3   2281.7   3623.9   6174.0 newOrder
     25s        0            8.0            7.2      6.0     10.0     10.0     10.0 orderStatus
     25s        0           70.0           66.1     27.3   6979.3   8053.1  13958.6 payment
     25s        0           11.0            6.8     29.4    771.8   1744.8   1744.8 stockLevel
     26s        0            5.0            6.6     88.1    113.2    113.2    113.2 delivery
     26s        0           67.0           69.3     83.9   2818.6   3355.4   5100.3 newOrder
     26s        0           10.0            7.3      6.8     17.8     17.8     17.8 orderStatus
     26s        0           78.0           66.6     56.6   6979.3  10200.5  19327.4 payment
     26s        0            9.0            6.8     44.0   1610.6   1610.6   1610.6 stockLevel
     27s        0            9.0            6.7     79.7    176.2    176.2    176.2 delivery
     27s        0           77.0           69.6     67.1    402.7   1073.7   2550.1 newOrder
     27s        0            9.0            7.4      8.1     14.2     14.2     14.2 orderStatus
     27s        0           78.0           67.0     39.8   1342.2   7516.2  12884.9 payment
     27s        0            3.0            6.7     96.5    520.1    520.1    520.1 stockLevel
     28s        0            7.0            6.7     67.1    121.6    121.6    121.6 delivery
     28s        0           73.9           69.8     96.5   2818.6   3489.7   5368.7 newOrder
     28s        0            5.0            7.3     13.1     27.3     27.3     27.3 orderStatus
     28s        0           85.9           67.7     41.9   4563.4  16106.1  18253.6 payment
     28s        0            7.0            6.7     96.5   1208.0   1208.0   1208.0 stockLevel
_elapsed___errors__ops/sec(inst)___ops/sec(cum)__p50(ms)__p95(ms)__p99(ms)_pMax(ms)
     29s        0           10.0            6.8    104.9    226.5    226.5    226.5 delivery
     29s        0           71.1           69.8     71.3   1040.2   2080.4   3892.3 newOrder
     29s        0            7.0            7.3     13.6     52.4     52.4     52.4 orderStatus
     29s        0           76.1           68.0     71.3   1476.4  16106.1  26843.5 payment
     29s        0            9.0            6.8     46.1    192.9    192.9    192.9 stockLevel
     30s        0            7.0            6.8    159.4    226.5    226.5    226.5 delivery
     30s        0           87.0           70.4     71.3   1208.0   2952.8   4295.0 newOrder
     30s        0           10.0            7.4      6.8     14.7     14.7     14.7 orderStatus
     30s        0           87.0           68.6     44.0   1610.6   5905.6  21474.8 payment
     30s        0            9.0            6.9     31.5    184.5    184.5    184.5 stockLevel
     31s        0           10.0            6.9     62.9    209.7    209.7    209.7 delivery
     31s        0           76.0           70.6     41.9   1677.7   3087.0   3221.2 newOrder
     31s        0            6.0            7.3      5.2     33.6     33.6     33.6 orderStatus
     31s        0           73.0           68.7     22.0    486.5    872.4  11274.3 payment
     31s        0            7.0            6.9     16.3    113.2    113.2    113.2 stockLevel
     32s        0            5.0            6.9     52.4    100.7    100.7    100.7 delivery
     32s        0           64.0           70.3     37.7   2281.7   3623.9   3892.3 newOrder
     32s        0            6.0            7.3      5.2      6.6      6.6      6.6 orderStatus
     32s        0           64.0           68.6     14.2     56.6     62.9   2013.3 payment
     32s        0            5.0            6.8     17.8     25.2     25.2     25.2 stockLevel
_elapsed___errors__ops/sec(inst)___ops/sec(cum)__p50(ms)__p95(ms)__p99(ms)_pMax(ms)
     33s        0            5.0            6.8     50.3    134.2    134.2    134.2 delivery
     33s        0           66.0           70.2     39.8   1811.9   2281.7   3758.1 newOrder
     33s        0            6.0            7.2      5.0      7.1      7.1      7.1 orderStatus
     33s        0           60.0           68.3     16.3   9663.7  11274.3  12348.0 payment
     33s        0            8.0            6.8     16.3   2684.4   2684.4   2684.4 stockLevel
     34s        0            7.0            6.8     50.3    109.1    109.1    109.1 delivery
     34s        0           49.0           69.6     33.6   1409.3   2415.9   2415.9 newOrder
     34s        0            6.0            7.2      5.0      8.4      8.4      8.4 orderStatus
     34s        0           47.0           67.7     16.3   7247.8  23622.3  23622.3 payment
     34s        0            7.0            6.9     17.8    113.2    113.2    113.2 stockLevel
     35s        0            5.0            6.8     50.3     79.7     79.7     79.7 delivery
     35s        0           41.0           68.8     28.3   2281.7   2550.1   2550.1 newOrder
     35s        0            4.0            7.1      6.0      6.3      6.3      6.3 orderStatus
     35s        0           50.0           67.2     13.1  11811.2  12348.0  12348.0 payment
     35s        0            8.0            6.9     13.6    671.1    671.1    671.1 stockLevel
     36s        0            4.0            6.7     46.1     71.3     71.3     71.3 delivery
     36s        0           56.0           68.4     37.7   3892.3   6174.0   7784.6 newOrder
     36s        0            5.0            7.1      6.6      7.9      7.9      7.9 orderStatus
     36s        0           53.0           66.8     18.9   5637.1  11811.2  30064.8 payment
     36s        0            3.0            6.8     31.5    218.1    218.1    218.1 stockLevel
_elapsed___errors__ops/sec(inst)___ops/sec(cum)__p50(ms)__p95(ms)__p99(ms)_pMax(ms)
     37s        0            3.0            6.6     48.2     60.8     60.8     60.8 delivery
     37s        0           56.0           68.1     32.5   1879.0   3355.4  10737.4 newOrder
     37s        0            5.0            7.0      7.1      8.9      8.9      8.9 orderStatus
     37s        0           44.0           66.2     13.1  11274.3  26843.5  26843.5 payment
     37s        0            6.0            6.8     15.7     23.1     23.1     23.1 stockLevel
     38s        0            0.0            6.4      0.0      0.0      0.0      0.0 delivery
     38s        0            4.0           66.4     22.0     27.3     27.3     27.3 newOrder
     38s        0            1.0            6.8      6.0      6.0      6.0      6.0 orderStatus
     38s        0            4.0           64.6     11.0     11.5     11.5     11.5 payment
     38s        0            1.0            6.6     14.2     14.2     14.2     14.2 stockLevel
     39s        0            4.0            6.4     48.2     71.3     71.3     71.3 delivery
     39s        0           35.0           65.6     44.0   3355.4   3623.9   3623.9 newOrder
     39s        0            2.0            6.7      6.6      6.8      6.8      6.8 orderStatus
     39s        0           22.0           63.5     15.2     46.1     50.3     50.3 payment
     39s        0            1.0            6.5     23.1     23.1     23.1     23.1 stockLevel
     40s        0            1.0            6.2     71.3     71.3     71.3     71.3 delivery
     40s        0           30.0           64.7     37.7   6979.3  19327.4  19327.4 newOrder
     40s        0            2.0            6.6      6.0      7.1      7.1      7.1 orderStatus
     40s        0           28.0           62.6     14.7  10200.5  12348.0  12348.0 payment
     40s        0            2.0            6.4     18.9     25.2     25.2     25.2 stockLevel
_elapsed___errors__ops/sec(inst)___ops/sec(cum)__p50(ms)__p95(ms)__p99(ms)_pMax(ms)
     41s        0            7.0            6.2     71.3     79.7     79.7     79.7 delivery
     41s        0           58.0           64.5     46.1   1040.2   1342.2   1543.5 newOrder
     41s        0            7.0            6.6      7.9     11.0     11.0     11.0 orderStatus
     41s        0           64.0           62.6     22.0   4831.8   9663.7  16106.1 payment
     41s        0            7.0            6.4     22.0     75.5     75.5     75.5 stockLevel
     42s        0            2.0            6.1     41.9     44.0     44.0     44.0 delivery
     42s        0           15.0           63.4     35.7     44.0     52.4     52.4 newOrder
     42s        0            1.0            6.5      3.4      3.4      3.4      3.4 orderStatus
     42s        0           12.0           61.4     12.1     21.0     22.0     22.0 payment
     42s        0            2.0            6.3     19.9     32.5     32.5     32.5 stockLevel
     43s        0            0.0            6.0      0.0      0.0      0.0      0.0 delivery
     43s        0            0.0           61.9      0.0      0.0      0.0      0.0 newOrder
     43s        0            0.0            6.3      0.0      0.0      0.0      0.0 orderStatus
     43s        0            0.0           60.0      0.0      0.0      0.0      0.0 payment
     43s        0            0.0            6.1      0.0      0.0      0.0      0.0 stockLevel
     44s        0            0.0            5.9      0.0      0.0      0.0      0.0 delivery
     44s        0            0.0           60.5      0.0      0.0      0.0      0.0 newOrder
     44s        0            0.0            6.2      0.0      0.0      0.0      0.0 orderStatus
     44s        0            0.0           58.6      0.0      0.0      0.0      0.0 payment
     44s        0            0.0            6.0      0.0      0.0      0.0      0.0 stockLevel
_elapsed___errors__ops/sec(inst)___ops/sec(cum)__p50(ms)__p95(ms)__p99(ms)_pMax(ms)
     45s        0            0.0            5.7      0.0      0.0      0.0      0.0 delivery
     45s        0            0.0           59.1      0.0      0.0      0.0      0.0 newOrder
     45s        0            0.0            6.0      0.0      0.0      0.0      0.0 orderStatus
     45s        0            0.0           57.3      0.0      0.0      0.0      0.0 payment
     45s        0            0.0            5.8      0.0      0.0      0.0      0.0 stockLevel
     46s        0            0.0            5.6      0.0      0.0      0.0      0.0 delivery
     46s        0           20.0           58.3     48.2   6174.0   7247.8   7247.8 newOrder
     46s        0            1.0            5.9      5.2      5.2      5.2      5.2 orderStatus
     46s        0           10.0           56.3     18.9  21474.8  21474.8  21474.8 payment
     46s        0            2.0            5.8     21.0   4831.8   4831.8   4831.8 stockLevel
     47s        0           11.0            5.7    109.1    159.4    159.4    159.4 delivery
     47s        0           60.0           58.3     67.1    335.5   6442.5   6442.5 newOrder
     47s        0            5.0            5.9     11.5     25.2     25.2     25.2 orderStatus
     47s        0           80.0           56.8     48.2  18253.6  23622.3  36507.2 payment
     47s        0            6.0            5.8     25.2    159.4    159.4    159.4 stockLevel
     48s        0            5.0            5.7     83.9    142.6    142.6    142.6 delivery
     48s        0           71.0           58.6     67.1    184.5    318.8    604.0 newOrder
     48s        0            5.0            5.9     10.5     13.6     13.6     13.6 orderStatus
     48s        0           68.0           57.0     44.0  13958.6  16643.0  33286.0 payment
     48s        0            8.0            5.8     29.4    109.1    109.1    109.1 stockLevel
_elapsed___errors__ops/sec(inst)___ops/sec(cum)__p50(ms)__p95(ms)__p99(ms)_pMax(ms)
     49s        0            5.0            5.7     67.1     88.1     88.1     88.1 delivery
     49s        0           64.0           58.7     58.7    226.5    369.1    419.4 newOrder
     49s        0            4.0            5.9      8.1      9.4      9.4      9.4 orderStatus
     49s        0           74.0           57.4     31.5  13958.6  23622.3  25769.8 payment
     49s        0            6.0            5.8     21.0     50.3     50.3     50.3 stockLevel
     50s        0            3.0            5.6     79.7     92.3     92.3     92.3 delivery
     50s        0           77.0           59.1     75.5    234.9    302.0   3489.7 newOrder
     50s        0            9.0            5.9     11.0     18.9     18.9     18.9 orderStatus
     50s        0           66.0           57.5     33.6  13421.8  24696.1  26843.5 payment
     50s        0            7.0            5.8     71.3    486.5    486.5    486.5 stockLevel
     51s        0            9.0            5.7     71.3     83.9     83.9     83.9 delivery
     51s        0           66.0           59.2     60.8   2684.4   3489.7   4026.5 newOrder
     51s        0            7.0            5.9      8.9     10.0     10.0     10.0 orderStatus
     51s        0           65.0           57.7     26.2   2818.6  20401.1  32212.3 payment
     51s        0            7.0            5.9     30.4   2415.9   2415.9   2415.9 stockLevel
     52s        0            9.0            5.8     88.1    176.2    176.2    176.2 delivery
     52s        0           64.0           59.3     54.5   2281.7   3489.7   5100.3 newOrder
     52s        0            4.0            5.9     10.5     12.6     12.6     12.6 orderStatus
     52s        0           63.0           57.8     29.4  15569.3  31138.5  32212.3 payment
     52s        0            6.0            5.9     26.2     46.1     46.1     46.1 stockLevel
_elapsed___errors__ops/sec(inst)___ops/sec(cum)__p50(ms)__p95(ms)__p99(ms)_pMax(ms)
     53s        0            6.0            5.8     56.6     62.9     62.9     62.9 delivery
     53s        0           48.0           59.1     39.8    973.1   1879.0   1879.0 newOrder
     53s        0            5.0            5.9      4.7      6.6      6.6      6.6 orderStatus
     53s        0           50.0           57.6     16.3  17179.9  27917.3  27917.3 payment
     53s        0            6.0            5.9     19.9     25.2     25.2     25.2 stockLevel
     54s        0            3.0            5.7    100.7    167.8    167.8    167.8 delivery
     54s        0           24.0           58.4     46.1   2080.4   3087.0   3087.0 newOrder
     54s        0            4.0            5.9      7.3     14.7     14.7     14.7 orderStatus
     54s        0           29.9           57.1     28.3     83.9  26843.5  26843.5 payment
     54s        0            4.0            5.8     28.3     50.3     50.3     50.3 stockLevel
     55s        0            0.0            5.6      0.0      0.0      0.0      0.0 delivery
     55s        0            0.0           57.4      0.0      0.0      0.0      0.0 newOrder
     55s        0            0.0            5.7      0.0      0.0      0.0      0.0 orderStatus
     55s        0            0.0           56.1      0.0      0.0      0.0      0.0 payment
     55s        0            0.0            5.7      0.0      0.0      0.0      0.0 stockLevel
     56s        0            4.0            5.6     71.3     83.9     83.9     83.9 delivery
     56s        0           41.0           57.1     54.5   3758.1   4160.7   4160.7 newOrder
     56s        0            2.0            5.7      5.0      7.9      7.9      7.9 orderStatus
     56s        0           25.0           55.5     23.1     54.5     71.3     71.3 payment
     56s        0            2.0            5.7     39.8     75.5     75.5     75.5 stockLevel
_elapsed___errors__ops/sec(inst)___ops/sec(cum)__p50(ms)__p95(ms)__p99(ms)_pMax(ms)
     57s        0            3.0            5.5     56.6     60.8     60.8     60.8 delivery
     57s        0           43.0           56.8     37.7   6174.0   6442.5   6442.5 newOrder
     57s        0            4.0            5.6      6.0      7.6      7.6      7.6 orderStatus
     57s        0           47.0           55.4     15.2   5637.1  38654.7  38654.7 payment
     57s        0            4.0            5.6     25.2     27.3     27.3     27.3 stockLevel
     58s        0            1.0            5.5    201.3    201.3    201.3    201.3 delivery
     58s        0           39.0           56.5     79.7    251.7   4563.4   4563.4 newOrder
     58s        0            1.0            5.6      6.3      6.3      6.3      6.3 orderStatus
     58s        0           40.0           55.1     28.3   5368.7  25769.8  25769.8 payment
     58s        0            7.0            5.7     37.7     71.3     71.3     71.3 stockLevel
     59s        0            7.0            5.5     56.6     79.7     79.7     79.7 delivery
     59s        0           51.1           56.4     39.8   1006.6   2080.4   6979.3 newOrder
     59s        0            9.0            5.6      7.3      9.4      9.4      9.4 orderStatus
     59s        0           54.1           55.1     18.9  22548.6  24696.1  24696.1 payment
     59s        0            6.0            5.7     22.0     48.2     48.2     48.2 stockLevel
    1m0s        0            8.0            5.5     75.5    176.2    176.2    176.2 delivery
    1m0s        0           66.0           56.6     46.1    192.9    260.0   2818.6 newOrder
    1m0s        0           10.0            5.7      6.6     56.6     56.6     56.6 orderStatus
    1m0s        0           78.0           55.5     27.3   8321.5  34359.7  38654.7 payment
    1m0s        0            8.0            5.7     22.0     39.8     39.8     39.8 stockLevel

_elapsed___errors_____ops(total)___ops/sec(cum)__avg(ms)__p50(ms)__p95(ms)__p99(ms)_pMax(ms)__total
   60.0s        0            332            5.5     99.3     79.7    209.7    385.9    704.6  delivery
   60.0s        0           3395           56.6    321.7     62.9   1811.9   3758.1  19327.4  newOrder
   60.0s        0            342            5.7      9.6      7.6     19.9     52.4     58.7  orderStatus
   60.0s        0           3329           55.5    929.8     33.6   5905.6  18253.6  38654.7  payment
   60.0s        0            342            5.7    133.8     30.4    738.2   2415.9   4831.8  stockLevel

_elapsed___errors_____ops(total)___ops/sec(cum)__avg(ms)__p50(ms)__p95(ms)__p99(ms)_pMax(ms)__result
   60.0s        0           7740          129.0    551.6     48.2   2550.1  11811.2  38654.7  
Audit check 9.2.1.7: SKIP: not enough delivery transactions to be statistically significant
Audit check 9.2.2.5.1: SKIP: not enough orders to be statistically significant
Audit check 9.2.2.5.2: SKIP: not enough orders to be statistically significant
Audit check 9.2.2.5.3: SKIP: not enough orders to be statistically significant
Audit check 9.2.2.5.4: SKIP: not enough payments to be statistically significant
Audit check 9.2.2.5.5: SKIP: not enough payments to be statistically significant
Audit check 9.2.2.5.6: SKIP: not enough order status transactions to be statistically significant

_elapsed_______tpmC____efc__avg(ms)__p50(ms)__p90(ms)__p95(ms)__p99(ms)_pMax(ms)
   60.0s     3395.0 2640.0%    321.7     62.9    872.4   1811.9   3758.1  19327.4
