Initializing 200 connections...
Initializing 100 workers and preparing statements...
_elapsed___errors__ops/sec(inst)___ops/sec(cum)__p50(ms)__p95(ms)__p99(ms)_pMax(ms)
      1s        0            3.0            6.0     67.1     83.9     83.9     83.9 delivery
      1s        0           29.6           60.0     48.2     79.7     92.3    117.4 newOrder
      1s        0            3.4            7.0      6.8      8.4      8.4      8.4 orderStatus
      1s        0           28.1           57.0     19.9     79.7    104.9    113.2 payment
      1s        0            3.0            6.0     24.1     71.3     71.3     71.3 stockLevel
      2s        0           10.0            8.0     88.1    100.7    100.7    100.7 delivery
      2s        0           87.0           73.5     65.0    192.9    209.7    218.1 newOrder
      2s        0            6.0            6.5      7.1     10.5     10.5     10.5 orderStatus
      2s        0           89.0           73.0     39.8    192.9    234.9    234.9 payment
      2s        0            9.0            7.5     25.2     58.7     58.7     58.7 stockLevel
      3s        0            9.0            8.3    159.4    167.8    167.8    167.8 delivery
      3s        0           75.0           74.0    121.6    302.0    335.5    352.3 newOrder
      3s        0            9.0            7.3      7.1     21.0     21.0     21.0 orderStatus
      3s        0           84.0           76.7     79.7    436.2    671.1    738.2 payment
      3s        0            5.0            6.7     33.6    184.5    184.5    184.5 stockLevel
      4s        0            9.0            8.5     75.5    469.8    469.8    469.8 delivery
      4s        0           78.9           75.2    159.4    385.9    453.0    469.8 newOrder
      4s        0           14.0            9.0      8.9     12.6     12.6     12.6 orderStatus
      4s        0           74.9           76.2     88.1    671.1   1006.6   1275.1 payment
      4s        0           10.0            7.5     44.0    302.0    302.0    302.0 stockLevel
_elapsed___errors__ops/sec(inst)___ops/sec(cum)__p50(ms)__p95(ms)__p99(ms)_pMax(ms)
      5s        0           10.0            8.8    113.2    251.7    251.7    251.7 delivery
      5s        0           79.0           76.0     96.5    419.4    486.5    637.5 newOrder
      5s        0            6.0            8.4      7.3     22.0     22.0     22.0 orderStatus
      5s        0           70.0           75.0     71.3    771.8   1208.0   1342.2 payment
      5s        0           10.0            8.0     29.4     96.5     96.5     96.5 stockLevel
      6s        0            6.0            8.3     71.3    419.4    419.4    419.4 delivery
      6s        0           75.0           75.8    151.0    503.3    671.1   1946.2 newOrder
      6s        0            7.0            8.2     10.0     19.9     19.9     19.9 orderStatus
      6s        0           83.0           76.3    117.4   1275.1   1543.5   1610.6 payment
      6s        0            7.0            7.8     39.8     88.1     88.1     88.1 stockLevel
      7s        0            8.0            8.3     88.1    218.1    218.1    218.1 delivery
      7s        0           72.0           75.3     83.9   1006.6   1140.9   1208.0 newOrder
      7s        0            7.0            8.0      7.3     14.2     14.2     14.2 orderStatus
      7s        0           63.0           74.4     65.0   2080.4   3221.2   3623.9 payment
      7s        0            6.0            7.6     30.4    218.1    218.1    218.1 stockLevel
      8s        0            5.0            7.9    100.7    167.8    167.8    167.8 delivery
      8s        0           83.0           76.2    117.4   1744.8   2080.4   2147.5 newOrder
      8s        0            8.0            8.0      7.3     39.8     39.8     39.8 orderStatus
      8s        0           67.0           73.5     52.4   1677.7   2952.8   4295.0 payment
      8s        0            6.0            7.4     31.5     41.9     41.9     41.9 stockLevel
_elapsed___errors__ops/sec(inst)___ops/sec(cum)__p50(ms)__p95(ms)__p99(ms)_pMax(ms)
      9s        0            7.0            7.8    104.9    268.4    268.4    268.4 delivery
      9s        0           78.0           76.4    159.4   1006.6   1811.9   1879.0 newOrder
      9s        0            6.0            7.8      7.1      8.9      8.9      8.9 orderStatus
      9s        0           68.0           72.9    121.6   4160.7   4563.4   5368.7 payment
      9s        0           12.0            7.9     41.9    260.0    604.0    604.0 stockLevel
     10s        0            7.0            7.7    117.4    385.9    385.9    385.9 delivery
     10s        0           66.0           75.4    117.4    872.4    939.5   2013.3 newOrder
     10s        0            8.0            7.8     10.5     17.8     17.8     17.8 orderStatus
     10s        0           67.0           72.3    234.9   3221.2   3355.4   5368.7 payment
     10s        0            5.0            7.6    100.7    201.3    201.3    201.3 stockLevel
_elapsed___errors__ops/sec(inst)___ops/sec(cum)__p50(ms)__p95(ms)__p99(ms)_pMax(ms)
      1s        0            6.0            6.0    117.4    201.3    201.3    201.3 delivery
      1s        0           36.0           36.1     75.5    637.5    906.0    906.0 newOrder
      1s        0            6.0            6.0      7.9     14.2     14.2     14.2 orderStatus
      1s        0           38.0           38.1     32.5    318.8    503.3    503.3 payment
      1s        0            7.0            7.0     46.1     92.3     92.3     92.3 stockLevel
      2s        0            4.0            5.0    130.0    402.7    402.7    402.7 delivery
      2s        0           71.0           53.5    142.6   1140.9   1275.1   1476.4 newOrder
      2s        0            6.0            6.0      8.4     13.6     13.6     13.6 orderStatus
      2s        0           63.0           50.5     67.1   1208.0   1342.2   1476.4 payment
      2s        0            6.0            6.5     28.3    142.6    142.6    142.6 stockLevel
      3s        0            7.0            5.7     79.7    121.6    121.6    121.6 delivery
      3s        0           77.0           61.4    130.0   1275.1   1409.3   1476.4 newOrder
      3s        0            6.0            6.0      7.9     11.5     11.5     11.5 orderStatus
      3s        0           58.0           53.0     29.4    805.3   1879.0   2550.1 payment
      3s        0            8.0            7.0     23.1    176.2    176.2    176.2 stockLevel
      4s        0            5.0            5.5    142.6    335.5    335.5    335.5 delivery
      4s        0           34.9           54.8    226.5   1342.2   1342.2   1342.2 newOrder
      4s        0            2.0            5.0     14.7     33.6     33.6     33.6 orderStatus
      4s        0           40.9           50.0    167.8   2818.6   3355.4   3355.4 payment
      4s        0            4.0            6.3     92.3    838.9    838.9    838.9 stockLevel
_elapsed___errors__ops/sec(inst)___ops/sec(cum)__p50(ms)__p95(ms)__p99(ms)_pMax(ms)
      5s        0            5.0            5.4    113.2    176.2    176.2    176.2 delivery
      5s        0           60.1           55.8    176.2   2415.9   2550.1   2952.8 newOrder
      5s        0            8.0            5.6      7.9     18.9     18.9     18.9 orderStatus
      5s        0           55.1           51.0     83.9   3355.4   3623.9   4295.0 payment
      5s        0           10.0            7.0     33.6    939.5    939.5    939.5 stockLevel
      6s        0            5.0            5.3    209.7    436.2    436.2    436.2 delivery
      6s        0           59.0           56.3     83.9   2147.5   2684.4   2952.8 newOrder
      6s        0            4.0            5.3      8.1     26.2     26.2     26.2 orderStatus
      6s        0           54.0           51.5     54.5   1140.9   2684.4   4563.4 payment
      6s        0            2.0            6.2     37.7     37.7     37.7     37.7 stockLevel
      7s        0            9.0            5.9     83.9    117.4    117.4    117.4 delivery
      7s        0           55.0           56.2     60.8   1275.1   1946.2   2147.5 newOrder
      7s        0            9.0            5.9      7.1     13.1     13.1     13.1 orderStatus
      7s        0           62.0           53.0     28.3   4563.4   4831.8   6979.3 payment
      7s        0            7.0            6.3     31.5    104.9    104.9    104.9 stockLevel
      8s        0            7.0            6.0    104.9    167.8    167.8    167.8 delivery
      8s        0           65.0           57.3     88.1   2818.6   4831.8   5100.3 newOrder
      8s        0            8.0            6.1      9.4     26.2     26.2     26.2 orderStatus
      8s        0           57.0           53.5     44.0   4831.8   6710.9   6710.9 payment
      8s        0            7.0            6.4     31.5    226.5    226.5    226.5 stockLevel
_elapsed___errors__ops/sec(inst)___ops/sec(cum)__p50(ms)__p95(ms)__p99(ms)_pMax(ms)
      9s        0            3.0            5.7     56.6     71.3     71.3     71.3 delivery
      9s        0           61.0           57.7     50.3   1208.0   1744.8   2281.7 newOrder
      9s        0            4.0            5.9     10.0     21.0     21.0     21.0 orderStatus
      9s        0           65.0           54.8     21.0   3489.7   4831.8   7516.2 payment
      9s        0            7.0            6.4     35.7    704.6    704.6    704.6 stockLevel
     10s        0            6.0            5.7     56.6     71.3     71.3     71.3 delivery
     10s        0           65.0           58.4     44.0   2013.3   3087.0   4295.0 newOrder
     10s        0            6.0            5.9      5.5     18.9     18.9     18.9 orderStatus
     10s        0           70.0           56.3     25.2   4026.5   4831.8   6442.5 payment
     10s        0            9.0            6.7     23.1     39.8     39.8     39.8 stockLevel
     11s        0            4.0            5.5     65.0     92.3     92.3     92.3 delivery
     11s        0           51.0           57.7     52.4   1543.5   1811.9   2952.8 newOrder
     11s        0            4.0            5.7      6.6     13.1     13.1     13.1 orderStatus
     11s        0           52.0           55.9     15.7     48.2   4563.4   5637.1 payment
     11s        0            4.0            6.5     35.7    117.4    117.4    117.4 stockLevel
     12s        0            6.0            5.6     71.3    159.4    159.4    159.4 delivery
     12s        0           71.0           58.8     56.6    973.1   1811.9   3087.0 newOrder
     12s        0            6.0            5.8      5.0     10.5     10.5     10.5 orderStatus
     12s        0           72.0           57.3     26.2   7247.8   8589.9  11811.2 payment
     12s        0            4.0            6.3     23.1     35.7     35.7     35.7 stockLevel
_elapsed___errors__ops/sec(inst)___ops/sec(cum)__p50(ms)__p95(ms)__p99(ms)_pMax(ms)
     13s        0            3.0            5.4    176.2    209.7    209.7    209.7 delivery
     13s        0           31.0           56.7     79.7    251.7   2281.7   2281.7 newOrder
     13s        0            5.0            5.7      9.4     13.6     13.6     13.6 orderStatus
     13s        0           28.0           55.0     31.5   1208.0   5905.6   5905.6 payment
     13s        0            5.0            6.2     41.9     67.1     67.1     67.1 stockLevel
     14s        0            6.0            5.4     92.3    159.4    159.4    159.4 delivery
     14s        0           33.0           55.0     62.9   1275.1   1811.9   1811.9 newOrder
     14s        0            2.0            5.4      7.1      7.6      7.6      7.6 orderStatus
     14s        0           41.0           54.0     37.7   6710.9   9663.7   9663.7 payment
     14s        0            3.0            5.9     41.9     50.3     50.3     50.3 stockLevel
     15s        0            7.0            5.5     83.9    167.8    167.8    167.8 delivery
     15s        0           61.0           55.4     60.8    209.7    352.3    352.3 newOrder
     15s        0            6.0            5.5      6.3      9.4      9.4      9.4 orderStatus
     15s        0           61.0           54.5     50.3  10737.4  10737.4  12348.0 payment
     15s        0            4.0            5.8     18.9     56.6     56.6     56.6 stockLevel
     16s        0            9.0            5.8     88.1    402.7    402.7    402.7 delivery
     16s        0           80.0           56.9     75.5   3623.9   4026.5   4160.7 newOrder
     16s        0           10.0            5.8      6.8     28.3     28.3     28.3 orderStatus
     16s        0           73.0           55.6     37.7   7247.8  14495.5  15032.4 payment
     16s        0            6.0            5.8     26.2   1409.3   1409.3   1409.3 stockLevel
_elapsed___errors__ops/sec(inst)___ops/sec(cum)__p50(ms)__p95(ms)__p99(ms)_pMax(ms)
     17s        0           10.0            6.0     83.9    159.4    159.4    159.4 delivery
     17s        0           94.0           59.1    100.7    369.1   1476.4   1677.7 newOrder
     17s        0           12.0            6.1      7.3     17.8     23.1     23.1 orderStatus
     17s        0           81.0           57.1     44.0    704.6   3758.1  15569.3 payment
     17s        0           10.0            6.1     44.0    125.8    125.8    125.8 stockLevel
     18s        0            8.0            6.1     71.3    109.1    109.1    109.1 delivery
     18s        0           84.0           60.5     60.8    184.5    218.1    251.7 newOrder
     18s        0            7.0            6.2      7.3     11.0     11.0     11.0 orderStatus
     18s        0           84.0           58.6     37.7    637.5   8589.9  12884.9 payment
     18s        0            7.0            6.1     29.4    176.2    176.2    176.2 stockLevel
     19s        0            4.0            6.0     56.6     65.0     65.0     65.0 delivery
     19s        0           70.1           61.0     41.9    302.0   1409.3   1543.5 newOrder
     19s        0            6.0            6.2      6.8     14.2     14.2     14.2 orderStatus
     19s        0           65.0           59.0     17.8   7516.2  10737.4  16643.0 payment
     19s        0            4.0            6.0     26.2     46.1     46.1     46.1 stockLevel
     20s        0            4.0            5.9     52.4     67.1     67.1     67.1 delivery
     20s        0           54.0           60.7     41.9    104.9   2550.1   6442.5 newOrder
     20s        0            4.0            6.1      5.0     10.5     10.5     10.5 orderStatus
     20s        0           52.0           58.6     16.3   7247.8  13421.8  13958.6 payment
     20s        0            4.0            5.9     23.1     32.5     32.5     32.5 stockLevel
_elapsed___errors__ops/sec(inst)___ops/sec(cum)__p50(ms)__p95(ms)__p99(ms)_pMax(ms)
     21s        0            6.0            5.9     62.9    109.1    109.1    109.1 delivery
     21s        0           60.0           60.6     41.9   1610.6   2818.6   3489.7 newOrder
     21s        0            8.0            6.1      7.3     15.7     15.7     15.7 orderStatus
     21s        0           53.0           58.3     21.0    130.0  16106.1  20401.1 payment
     21s        0            9.0            6.0     22.0     65.0     65.0     65.0 stockLevel
     22s        0            4.0            5.8     67.1    125.8    125.8    125.8 delivery
     22s        0           59.0           60.6     37.7   1879.0   3221.2   4160.7 newOrder
     22s        0            5.0            6.1      5.5      7.6      7.6      7.6 orderStatus
     22s        0           50.0           58.0     14.7   9663.7  13958.6  13958.6 payment
     22s        0            5.0            6.0     26.2   2281.7   2281.7   2281.7 stockLevel
     23s        0            7.0            5.9     46.1     88.1     88.1     88.1 delivery
     23s        0           56.0           60.4     37.7   1006.6   3087.0   5368.7 newOrder
     23s        0            7.0            6.1      7.3     10.0     10.0     10.0 orderStatus
     23s        0           66.0           58.3     17.8   7784.6  11811.2  20401.1 payment
     23s        0            6.0            6.0     23.1    234.9    234.9    234.9 stockLevel
     24s        0            8.0            6.0     62.9    104.9    104.9    104.9 delivery
     24s        0           74.0           60.9     44.0   1677.7   5368.7   6442.5 newOrder
     24s        0            9.0            6.3      5.2     17.8     17.8     17.8 orderStatus
     24s        0           65.0           58.6     21.0    113.2   3623.9  17179.9 payment
     24s        0            7.0            6.0     24.1     67.1     67.1     67.1 stockLevel
_elapsed___errors__ops/sec(inst)___ops/sec(cum)__p50(ms)__p95(ms)__p99(ms)_pMax(ms)
     25s        0            5.0            5.9     65.0     71.3     71.3     71.3 delivery
     25s        0           80.0           61.7     54.5   2281.7   3355.4   3892.3 newOrder
     25s        0           12.0            6.5      5.8     13.6     14.7     14.7 orderStatus
     25s        0           85.0           59.6     24.1   9126.8  19327.4  23622.3 payment
     25s        0            9.0            6.2     52.4   1677.7   1677.7   1677.7 stockLevel
     26s        0            6.0            5.9     62.9     88.1     88.1     88.1 delivery
     26s        0           63.0           61.7     35.7     83.9    104.9    260.0 newOrder
     26s        0            6.0            6.5      5.8     18.9     18.9     18.9 orderStatus
     26s        0           53.0           59.4     16.3     79.7    117.4    159.4 payment
     26s        0            6.0            6.2     21.0    104.9    104.9    104.9 stockLevel
     27s        0            3.0            5.8     48.2     48.2     48.2     48.2 delivery
     27s        0           22.0           60.3     35.7   2952.8   2952.8   2952.8 newOrder
     27s        0            2.0            6.3      3.8      5.0      5.0      5.0 orderStatus
     27s        0           21.0           58.0     13.6     48.2     48.2     48.2 payment
     27s        0            1.0            6.0     16.8     16.8     16.8     16.8 stockLevel
     28s        0            3.0            5.7     41.9     50.3     50.3     50.3 delivery
     28s        0           22.0           58.9     31.5   4831.8   4831.8   4831.8 newOrder
     28s        0            3.0            6.2      5.5      5.8      5.8      5.8 orderStatus
     28s        0           18.0           56.5     13.6  15569.3  20401.1  20401.1 payment
     28s        0            2.0            5.8     12.1     17.8     17.8     17.8 stockLevel
_elapsed___errors__ops/sec(inst)___ops/sec(cum)__p50(ms)__p95(ms)__p99(ms)_pMax(ms)
     29s        0            2.0            5.6     46.1     48.2     48.2     48.2 delivery
     29s        0            5.0           57.0     33.6   3355.4   3355.4   3355.4 newOrder
     29s        0            1.0            6.0      4.5      4.5      4.5      4.5 orderStatus
     29s        0            5.0           54.8     11.5     14.7     14.7     14.7 payment
     29s        0            2.0            5.7     11.5     14.2     14.2     14.2 stockLevel
     30s        0            0.0            5.4      0.0      0.0      0.0      0.0 delivery
     30s        0            4.0           55.3     31.5   5905.6   5905.6   5905.6 newOrder
     30s        0            0.0            5.8      0.0      0.0      0.0      0.0 orderStatus
     30s        0            3.0           53.0     12.6   9126.8   9126.8   9126.8 payment
     30s        0            0.0            5.5      0.0      0.0      0.0      0.0 stockLevel
     31s        0            6.0            5.4     50.3    113.2    113.2    113.2 delivery
     31s        0           57.0           55.3     35.7   4160.7   6174.0   7247.8 newOrder
     31s        0            3.0            5.7      5.5      5.8      5.8      5.8 orderStatus
     31s        0           60.0           53.3     16.8  19327.4  21474.8  31138.5 payment
     31s        0            8.0            5.6     16.8     26.2     26.2     26.2 stockLevel
     32s        0            5.0            5.4     62.9    117.4    117.4    117.4 delivery
     32s        0           56.0           55.3     44.0     92.3   3489.7   5905.6 newOrder
     32s        0            5.0            5.7      5.5     10.0     10.0     10.0 orderStatus
     32s        0           59.0           53.4     18.9     58.7   8053.1  22548.6 payment
     32s        0            5.0            5.6     21.0     24.1     24.1     24.1 stockLevel
_elapsed___errors__ops/sec(inst)___ops/sec(cum)__p50(ms)__p95(ms)__p99(ms)_pMax(ms)
     33s        0            0.0            5.2      0.0      0.0      0.0      0.0 delivery
     33s        0            4.0           53.8     24.1     37.7     37.7     37.7 newOrder
     33s        0            0.0            5.5      0.0      0.0      0.0      0.0 orderStatus
     33s        0            5.0           52.0     12.1     15.7     15.7     15.7 payment
     33s        0            0.0            5.4      0.0      0.0      0.0      0.0 stockLevel
     34s        0            1.0            5.1     44.0     44.0     44.0     44.0 delivery
     34s        0           19.0           52.8     35.7   3489.7   6979.3   6979.3 newOrder
     34s        0            3.0            5.4      6.0      8.1      8.1      8.1 orderStatus
     34s        0           18.0           51.0     13.1     17.8     24.1     24.1 payment
     34s        0            2.0            5.3     12.1     15.7     15.7     15.7 stockLevel
     35s        0            3.0            5.1     58.7     75.5     75.5     75.5 delivery
     35s        0           55.0           52.8     41.9   2818.6   9126.8   9663.7 newOrder
     35s        0            5.0            5.4      5.5      6.8      6.8      6.8 orderStatus
     35s        0           54.0           51.1     21.0  13958.6  21474.8  26843.5 payment
     35s        0            6.0            5.3     17.8     60.8     60.8     60.8 stockLevel
     36s        0            8.0            5.1     71.3    113.2    113.2    113.2 delivery
     36s        0           57.0           52.9     41.9    113.2    209.7    436.2 newOrder
     36s        0            6.0            5.4      5.5     10.0     10.0     10.0 orderStatus
     36s        0           47.0           50.9     21.0  15032.4  26843.5  26843.5 payment
     36s        0            3.0            5.3     32.5     44.0     44.0     44.0 stockLevel
_elapsed___errors__ops/sec(inst)___ops/sec(cum)__p50(ms)__p95(ms)__p99(ms)_pMax(ms)
     37s        0            0.0            5.0      0.0      0.0      0.0      0.0 delivery
     37s        0            0.0           51.5      0.0      0.0      0.0      0.0 newOrder
     37s        0            0.0            5.3      0.0      0.0      0.0      0.0 orderStatus
     37s        0            0.0           49.6      0.0      0.0      0.0      0.0 payment
     37s        0            0.0            5.1      0.0      0.0      0.0      0.0 stockLevel
     38s        0            0.0            4.9      0.0      0.0      0.0      0.0 delivery
     38s        0            0.0           50.2      0.0      0.0      0.0      0.0 newOrder
     38s        0            0.0            5.2      0.0      0.0      0.0      0.0 orderStatus
     38s        0            0.0           48.3      0.0      0.0      0.0      0.0 payment
     38s        0            0.0            5.0      0.0      0.0      0.0      0.0 stockLevel
     39s        0            0.0            4.7      0.0      0.0      0.0      0.0 delivery
     39s        0            4.0           49.0     31.5  15032.4  15032.4  15032.4 newOrder
     39s        0            0.0            5.0      0.0      0.0      0.0      0.0 orderStatus
     39s        0            2.0           47.1      8.9     11.0     11.0     11.0 payment
     39s        0            1.0            4.9   4026.5   4026.5   4026.5   4026.5 stockLevel
     40s        0            0.0            4.6      0.0      0.0      0.0      0.0 delivery
     40s        0            0.0           47.8      0.0      0.0      0.0      0.0 newOrder
     40s        0            0.0            4.9      0.0      0.0      0.0      0.0 orderStatus
     40s        0            0.0           45.9      0.0      0.0      0.0      0.0 payment
     40s        0            0.0            4.8      0.0      0.0      0.0      0.0 stockLevel
_elapsed___errors__ops/sec(inst)___ops/sec(cum)__p50(ms)__p95(ms)__p99(ms)_pMax(ms)
     41s        0            0.0            4.5      0.0      0.0      0.0      0.0 delivery
     41s        0            0.0           46.6      0.0      0.0      0.0      0.0 newOrder
     41s        0            0.0            4.8      0.0      0.0      0.0      0.0 orderStatus
     41s        0            0.0           44.8      0.0      0.0      0.0      0.0 payment
     41s        0            0.0            4.6      0.0      0.0      0.0      0.0 stockLevel
     42s        0            4.0            4.5     79.7    125.8    125.8    125.8 delivery
     42s        0           28.0           46.1     56.6   6710.9   7516.2   7516.2 newOrder
     42s        0            1.0            4.7     17.8     17.8     17.8     17.8 orderStatus
     42s        0           29.0           44.4     29.4  21474.8  21474.8  21474.8 payment
     42s        0            2.0            4.6     14.7     28.3     28.3     28.3 stockLevel
     43s        0            8.0            4.6     54.5    285.2    285.2    285.2 delivery
     43s        0           50.0           46.2     39.8    805.3  18253.6  18253.6 newOrder
     43s        0            6.0            4.7      6.3     11.0     11.0     11.0 orderStatus
     43s        0           69.0           45.0     17.8  12348.0  24696.1  31138.5 payment
     43s        0            6.0            4.6     21.0     48.2     48.2     48.2 stockLevel
     44s        0            0.0            4.5      0.0      0.0      0.0      0.0 delivery
     44s        0            4.0           45.3     27.3     33.6     33.6     33.6 newOrder
     44s        0            1.0            4.6      7.3      7.3      7.3      7.3 orderStatus
     44s        0            1.0           44.0     14.7     14.7     14.7     14.7 payment
     44s        0            0.0            4.5      0.0      0.0      0.0      0.0 stockLevel
_elapsed___errors__ops/sec(inst)___ops/sec(cum)__p50(ms)__p95(ms)__p99(ms)_pMax(ms)
     45s        0            0.0            4.4      0.0      0.0      0.0      0.0 delivery
     45s        0            3.0           44.3   2818.6   9126.8   9126.8   9126.8 newOrder
     45s        0            0.0            4.5      0.0      0.0      0.0      0.0 orderStatus
     45s        0            1.0           43.0     10.5     10.5     10.5     10.5 payment
     45s        0            0.0            4.4      0.0      0.0      0.0      0.0 stockLevel
     46s        0            2.0            4.3     58.7     62.9     62.9     62.9 delivery
     46s        0           26.0           43.9     37.7   4295.0  11274.3  11274.3 newOrder
     46s        0            3.0            4.5      6.0      9.4      9.4      9.4 orderStatus
     46s        0           40.0           43.0     14.2  32212.3  42949.7  42949.7 payment
     46s        0            2.0            4.3     14.7     19.9     19.9     19.9 stockLevel
     47s        0            4.0            4.3     56.6    109.1    109.1    109.1 delivery
     47s        0           24.0           43.5     30.4     71.3     92.3     92.3 newOrder
     47s        0            1.0            4.4      4.7      4.7      4.7      4.7 orderStatus
     47s        0           21.0           42.5     15.7     60.8     71.3     71.3 payment
     47s        0            2.0            4.3     14.7     44.0     44.0     44.0 stockLevel
     48s        0            0.0            4.2      0.0      0.0      0.0      0.0 delivery
     48s        0            8.0           42.8     29.4   9126.8   9126.8   9126.8 newOrder
     48s        0            0.0            4.3      0.0      0.0      0.0      0.0 orderStatus
     48s        0            3.0           41.7     12.6     13.1     13.1     13.1 payment
     48s        0            0.0            4.2      0.0      0.0      0.0      0.0 stockLevel
_elapsed___errors__ops/sec(inst)___ops/sec(cum)__p50(ms)__p95(ms)__p99(ms)_pMax(ms)
     49s        0            0.0            4.1      0.0      0.0      0.0      0.0 delivery
     49s        0            0.0           41.9      0.0      0.0      0.0      0.0 newOrder
     49s        0            0.0            4.2      0.0      0.0      0.0      0.0 orderStatus
     49s        0            0.0           40.8      0.0      0.0      0.0      0.0 payment
     49s        0            0.0            4.1      0.0      0.0      0.0      0.0 stockLevel
     50s        0            4.0            4.1     56.6     67.1     67.1     67.1 delivery
     50s        0           54.0           42.1     37.7    100.7   6979.3   8053.1 newOrder
     50s        0            5.0            4.3      5.5      8.1      8.1      8.1 orderStatus
     50s        0           59.0           41.2     15.2  28991.0  33286.0  36507.2 payment
     50s        0            7.0            4.2     18.9     37.7     37.7     37.7 stockLevel
     51s        0            6.0            4.2     44.0     54.5     54.5     54.5 delivery
     51s        0           57.0           42.4     27.3     41.9   3355.4   4160.7 newOrder
     51s        0            4.0            4.3      5.0      5.5      5.5      5.5 orderStatus
     51s        0           63.0           41.6     13.6  36507.2  42949.7  47244.6 payment
     51s        0            2.0            4.1     12.6     15.7     15.7     15.7 stockLevel
     52s        0            1.0            4.1     44.0     44.0     44.0     44.0 delivery
     52s        0            6.0           41.7     21.0     35.7     35.7     35.7 newOrder
     52s        0            1.0            4.2      5.8      5.8      5.8      5.8 orderStatus
     52s        0           14.0           41.1     10.5   9126.8  40802.2  40802.2 payment
     52s        0            1.0            4.1     15.2     15.2     15.2     15.2 stockLevel
_elapsed___errors__ops/sec(inst)___ops/sec(cum)__p50(ms)__p95(ms)__p99(ms)_pMax(ms)
     53s        0            4.0            4.1     48.2     54.5     54.5     54.5 delivery
     53s        0           34.0           41.6     32.5   2818.6   6442.5   6442.5 newOrder
     53s        0            3.0            4.2      6.6      6.6      6.6      6.6 orderStatus
     53s        0           23.0           40.7     12.1     15.2     15.7     15.7 payment
     53s        0            4.0            4.1     13.6     16.8     16.8     16.8 stockLevel
     54s        0            4.0            4.1     67.1    117.4    117.4    117.4 delivery
     54s        0           62.0           42.0     41.9   3892.3   7516.2   8053.1 newOrder
     54s        0            7.0            4.2      7.9     58.7     58.7     58.7 orderStatus
     54s        0           54.0           41.0     19.9  18253.6  42949.7  45097.2 payment
     54s        0            5.0            4.1     30.4     54.5     54.5     54.5 stockLevel
     55s        0            8.0            4.2     56.6     75.5     75.5     75.5 delivery
     55s        0           71.0           42.5     35.7    100.7    906.0   5368.7 newOrder
     55s        0            7.0            4.3      5.2     10.5     10.5     10.5 orderStatus
     55s        0           82.0           41.7     17.8  30064.8  40802.2  47244.6 payment
     55s        0            8.0            4.2     19.9     58.7     58.7     58.7 stockLevel
     56s        0            5.0            4.2     46.1     58.7     58.7     58.7 delivery
     56s        0           38.0           42.4     29.4     37.7     41.9     41.9 newOrder
     56s        0            3.0            4.3      4.5      4.7      4.7      4.7 orderStatus
     56s        0           37.0           41.6     13.1  24696.1  40802.2  40802.2 payment
     56s        0            6.0            4.2     13.1     19.9     19.9     19.9 stockLevel
_elapsed___errors__ops/sec(inst)___ops/sec(cum)__p50(ms)__p95(ms)__p99(ms)_pMax(ms)
     57s        0            0.0            4.1      0.0      0.0      0.0      0.0 delivery
     57s        0            7.0           41.8     30.4   2550.1   2550.1   2550.1 newOrder
     57s        0            0.0            4.2      0.0      0.0      0.0      0.0 orderStatus
     57s        0            5.0           41.0     10.5     17.8     17.8     17.8 payment
     57s        0            1.0            4.1   2013.3   2013.3   2013.3   2013.3 stockLevel
     58s        0            5.0            4.1     46.1     54.5     54.5     54.5 delivery
     58s        0           29.0           41.6     35.7   4026.5   5100.3   5100.3 newOrder
     58s        0            5.0            4.2      5.0      6.6      6.6      6.6 orderStatus
     58s        0           33.0           40.9     12.6     22.0     28.3     28.3 payment
     58s        0            6.0            4.2     22.0   2684.4   2684.4   2684.4 stockLevel
     59s        0            3.0            4.1     62.9    142.6    142.6    142.6 delivery
     59s        0           62.0           41.9     37.7   2818.6   4295.0   4563.4 newOrder
     59s        0            4.0            4.2      4.7      5.0      5.0      5.0 orderStatus
     59s        0           59.0           41.2     22.0  49392.1  57982.1  57982.1 payment
     59s        0            4.0            4.2     16.8     50.3     50.3     50.3 stockLevel
    1m0s        0            5.0            4.1    125.8    260.0    260.0    260.0 delivery
    1m0s        0           38.9           41.9     79.7    226.5    335.5    335.5 newOrder
    1m0s        0            3.0            4.2     11.5     24.1     24.1     24.1 orderStatus
    1m0s        0           52.9           41.4     46.1   4831.8  38654.7  38654.7 payment
    1m0s        0            4.0            4.2     48.2    109.1    109.1    109.1 stockLevel

_elapsed___errors_____ops(total)___ops/sec(cum)__avg(ms)__p50(ms)__p95(ms)__p99(ms)_pMax(ms)__total
   60.0s        0            248            4.1     84.8     71.3    176.2    402.7    436.2  delivery
   60.0s        0           2512           41.9    347.8     48.2   2281.7   5905.6  18253.6  newOrder
   60.0s        0            250            4.2      8.2      6.6     18.9     33.6     58.7  orderStatus
   60.0s        0           2482           41.4   1268.3     23.1   7247.8  33286.0  57982.1  payment
   60.0s        0            250            4.2    108.4     26.2    234.9   2281.7   4026.5  stockLevel

_elapsed___errors_____ops(total)___ops/sec(cum)__avg(ms)__p50(ms)__p95(ms)__p99(ms)_pMax(ms)__result
   60.0s        0           5742           95.7    709.1     37.7   3087.0  18253.6  57982.1  
Audit check 9.2.1.7: SKIP: not enough delivery transactions to be statistically significant
Audit check 9.2.2.5.1: SKIP: not enough orders to be statistically significant
Audit check 9.2.2.5.2: SKIP: not enough orders to be statistically significant
Audit check 9.2.2.5.3: SKIP: not enough orders to be statistically significant
Audit check 9.2.2.5.4: SKIP: not enough payments to be statistically significant
Audit check 9.2.2.5.5: SKIP: not enough payments to be statistically significant
Audit check 9.2.2.5.6: SKIP: not enough order status transactions to be statistically significant

_elapsed_______tpmC____efc__avg(ms)__p50(ms)__p90(ms)__p95(ms)__p99(ms)_pMax(ms)
   60.0s     2511.9 1953.3%    347.8     48.2    738.2   2281.7   5905.6  18253.6
