***************************************
*** ###easy### TPC-C Load Generator ***
***************************************
option h with value '192.168.122.77'
option P with value '3306'
option d with value 'benchmarker'
option u with value 'root'
option p with value '123456'
option w with value '11'
option c with value '24'
option r with value '22'
option l with value '60'
option i with value '10'
<Parameters>
     [server]: 192.168.122.77
     [port]: 3306
     [DBname]: benchmarker
       [user]: root
       [pass]: 123456
  [warehouse]: 11
 [connection]: 24
     [rampup]: 22 (sec.)
    [measure]: 60 (sec.)

RAMP-UP TIME.(22 sec.)

MEASURING START.

  10, trx: 3761, 95%: 89.450, 99%: 139.477, max_rt: 265.377, 3758|216.561, 377|74.973, 374|658.211, 373|300.244
  20, trx: 3648, 95%: 94.402, 99%: 143.543, max_rt: 246.283, 3650|209.857, 364|48.916, 364|390.762, 366|292.685
  30, trx: 3715, 95%: 94.969, 99%: 138.769, max_rt: 256.935, 3718|185.179, 372|46.067, 372|390.505, 372|326.341
  40, trx: 3628, 95%: 88.624, 99%: 142.814, max_rt: 259.928, 3627|171.668, 363|36.959, 364|422.711, 363|276.241
  50, trx: 3662, 95%: 93.418, 99%: 139.853, max_rt: 293.834, 3651|185.446, 366|64.000, 365|367.970, 366|377.182
  60, trx: 3586, 95%: 88.650, 99%: 152.125, max_rt: 264.805, 3592|169.338, 359|63.827, 359|499.677, 361|373.378

STOPPING THREADS........................

<Raw Results>
  [0] sc:95 lt:21905  rt:0  fl:0 avg_rt: 45.7 (5)
  [1] sc:7824 lt:14172  rt:0  fl:0 avg_rt: 20.5 (5)
  [2] sc:1601 lt:600  rt:0  fl:0 avg_rt: 6.3 (5)
  [3] sc:1295 lt:903  rt:0  fl:0 avg_rt: 120.8 (80)
  [4] sc:1 lt:2200  rt:0  fl:0 avg_rt: 105.0 (20)
 in 60 sec.

<Raw Results2(sum ver.)>
  [0] sc:95  lt:21906  rt:0  fl:0 
  [1] sc:7826  lt:14173  rt:0  fl:0 
  [2] sc:1601  lt:600  rt:0  fl:0 
  [3] sc:1295  lt:903  rt:0  fl:0 
  [4] sc:1  lt:2200  rt:0  fl:0 

<Constraint Check> (all must be [OK])
 [transaction percentage]
        Payment: 43.47% (>=43.0%) [OK]
   Order-Status: 4.35% (>= 4.0%) [OK]
       Delivery: 4.34% (>= 4.0%) [OK]
    Stock-Level: 4.35% (>= 4.0%) [OK]
 [response time (at least 90% passed)]
      New-Order: 0.43%  [NG] *
        Payment: 35.57%  [NG] *
   Order-Status: 72.74%  [NG] *
       Delivery: 58.92%  [NG] *
    Stock-Level: 0.05%  [NG] *

<TpmC>
                 22000.000 TpmC
