***************************************
*** ###easy### TPC-C Load Generator ***
***************************************
option h with value '192.168.122.77'
option P with value '3306'
option d with value 'benchmarker'
option u with value 'root'
option p with value '123456'
option w with value '11'
option c with value '1'
option r with value '22'
option l with value '60'
option i with value '10'
<Parameters>
     [server]: 192.168.122.77
     [port]: 3306
     [DBname]: benchmarker
       [user]: root
       [pass]: 123456
  [warehouse]: 11
 [connection]: 1
     [rampup]: 22 (sec.)
    [measure]: 60 (sec.)

RAMP-UP TIME.(22 sec.)

MEASURING START.

  10, trx: 886, 95%: 9.937, 99%: 15.643, max_rt: 26.311, 884|9.107, 89|5.686, 88|37.943, 88|35.342
  20, trx: 877, 95%: 9.278, 99%: 16.017, max_rt: 24.975, 876|8.527, 87|3.655, 88|35.924, 89|32.958
  30, trx: 870, 95%: 9.075, 99%: 14.805, max_rt: 21.851, 869|11.218, 87|2.781, 87|37.734, 86|32.248
  40, trx: 864, 95%: 9.094, 99%: 14.818, max_rt: 26.517, 865|9.715, 87|3.620, 87|32.979, 87|28.895
  50, trx: 866, 95%: 9.503, 99%: 13.940, max_rt: 25.602, 868|9.652, 87|1.359, 85|28.461, 86|30.827
  60, trx: 872, 95%: 8.983, 99%: 13.064, max_rt: 25.172, 869|6.846, 87|3.281, 88|30.577, 87|31.147

STOPPING THREADS.

<Raw Results>
  [0] sc:1835 lt:3400  rt:0  fl:0 avg_rt: 8.2 (5)
  [1] sc:5203 lt:28  rt:0  fl:0 avg_rt: 2.3 (5)
  [2] sc:524 lt:0  rt:0  fl:0 avg_rt: 1.3 (5)
  [3] sc:523 lt:0  rt:0  fl:0 avg_rt: 24.3 (80)
  [4] sc:394 lt:129  rt:0  fl:0 avg_rt: 26.2 (20)
 in 60 sec.

<Raw Results2(sum ver.)>
  [0] sc:1835  lt:3400  rt:0  fl:0 
  [1] sc:5203  lt:28  rt:0  fl:0 
  [2] sc:524  lt:0  rt:0  fl:0 
  [3] sc:523  lt:0  rt:0  fl:0 
  [4] sc:394  lt:129  rt:0  fl:0 

<Constraint Check> (all must be [OK])
 [transaction percentage]
        Payment: 43.46% (>=43.0%) [OK]
   Order-Status: 4.35% (>= 4.0%) [OK]
       Delivery: 4.35% (>= 4.0%) [OK]
    Stock-Level: 4.35% (>= 4.0%) [OK]
 [response time (at least 90% passed)]
      New-Order: 35.05%  [NG] *
        Payment: 99.46%  [OK]
   Order-Status: 100.00%  [OK]
       Delivery: 100.00%  [OK]
    Stock-Level: 75.33%  [NG] *

<TpmC>
                 5235.000 TpmC
