***************************************
*** ###easy### TPC-C Load Generator ***
***************************************
option h with value '192.168.122.77'
option P with value '3306'
option d with value 'benchmarker'
option u with value 'root'
option p with value '123456'
option w with value '11'
option c with value '32'
option r with value '22'
option l with value '60'
option i with value '10'
<Parameters>
     [server]: 192.168.122.77
     [port]: 3306
     [DBname]: benchmarker
       [user]: root
       [pass]: 123456
  [warehouse]: 11
 [connection]: 32
     [rampup]: 22 (sec.)
    [measure]: 60 (sec.)

RAMP-UP TIME.(22 sec.)

MEASURING START.

  10, trx: 5665, 95%: 56.565, 99%: 71.634, max_rt: 124.540, 5660|149.117, 566|48.227, 565|165.432, 566|181.098
  20, trx: 5686, 95%: 55.409, 99%: 68.653, max_rt: 96.029, 5685|90.618, 568|22.364, 568|162.400, 569|170.520
  30, trx: 5691, 95%: 55.558, 99%: 70.951, max_rt: 103.214, 5678|98.899, 569|26.081, 569|161.026, 569|182.355
  40, trx: 5654, 95%: 56.413, 99%: 73.855, max_rt: 110.665, 5666|111.873, 567|20.380, 565|171.404, 566|177.681
  50, trx: 5732, 95%: 55.326, 99%: 71.015, max_rt: 103.766, 5728|70.905, 572|49.436, 574|173.841, 571|166.013
  60, trx: 5552, 95%: 56.820, 99%: 72.107, max_rt: 105.843, 5551|117.669, 555|49.313, 556|157.529, 557|170.398

STOPPING THREADS................................

<Raw Results>
  [0] sc:99 lt:33881  rt:0  fl:0 avg_rt: 39.6 (5)
  [1] sc:11000 lt:22968  rt:0  fl:0 avg_rt: 15.2 (5)
  [2] sc:2453 lt:944  rt:0  fl:0 avg_rt: 5.6 (5)
  [3] sc:2265 lt:1132  rt:0  fl:0 avg_rt: 98.4 (80)
  [4] sc:0 lt:3398  rt:0  fl:0 avg_rt: 116.3 (20)
 in 60 sec.

<Raw Results2(sum ver.)>
  [0] sc:99  lt:33881  rt:0  fl:0 
  [1] sc:11001  lt:22973  rt:0  fl:0 
  [2] sc:2453  lt:944  rt:0  fl:0 
  [3] sc:2265  lt:1132  rt:0  fl:0 
  [4] sc:0  lt:3398  rt:0  fl:0 

<Constraint Check> (all must be [OK])
 [transaction percentage]
        Payment: 43.47% (>=43.0%) [OK]
   Order-Status: 4.35% (>= 4.0%) [OK]
       Delivery: 4.35% (>= 4.0%) [OK]
    Stock-Level: 4.35% (>= 4.0%) [OK]
 [response time (at least 90% passed)]
      New-Order: 0.29%  [NG] *
        Payment: 32.38%  [NG] *
   Order-Status: 72.21%  [NG] *
       Delivery: 66.68%  [NG] *
    Stock-Level: 0.00%  [NG] *

<TpmC>
                 33980.000 TpmC
