randw-4K-n1-c1: (g=0): rw=randwrite, bs=(R) 4096B-4096B, (W) 4096B-4096B, (T) 4096B-4096B, ioengine=libaio, iodepth=32
randw-4K-n2-c2: (g=1): rw=randwrite, bs=(R) 4096B-4096B, (W) 4096B-4096B, (T) 4096B-4096B, ioengine=libaio, iodepth=32
...
randw-4K-n4-c4: (g=2): rw=randwrite, bs=(R) 4096B-4096B, (W) 4096B-4096B, (T) 4096B-4096B, ioengine=libaio, iodepth=32
...
randw-4K-n8-c8: (g=3): rw=randwrite, bs=(R) 4096B-4096B, (W) 4096B-4096B, (T) 4096B-4096B, ioengine=libaio, iodepth=32
...
randw-4K-n12-c12: (g=4): rw=randwrite, bs=(R) 4096B-4096B, (W) 4096B-4096B, (T) 4096B-4096B, ioengine=libaio, iodepth=32
...
fio-3.1
Starting 27 processes

randw-4K-n1-c1: (groupid=0, jobs=1): err= 0: pid=1094: Wed Jul 24 22:54:01 2019
  write: IOPS=19.1k, BW=74.7MiB/s (78.3MB/s)(2242MiB/30003msec)
    slat (usec): min=3, max=789, avg= 5.98, stdev= 2.98
    clat (nsec): min=1903, max=8714.5k, avg=1662093.96, stdev=1369199.10
     lat (usec): min=17, max=8721, avg=1669.14, stdev=1369.13
    clat percentiles (usec):
     | 10.000th=[   45], 20.000th=[  262], 30.000th=[  668], 40.000th=[ 1045],
     | 50.000th=[ 1401], 70.000th=[ 2474], 90.000th=[ 3523], 99.000th=[ 5407],
     | 99.900th=[ 7242], 99.990th=[ 8291], 99.999th=[ 8586]
   bw (  KiB/s): min=48413, max=77430, per=80.17%, avg=61338.34, stdev=3045.70, samples=59
   iops        : min=12103, max=19357, avg=15334.19, stdev=761.44, samples=59
  lat (usec)   : 2=0.01%, 4=0.01%, 10=0.01%, 20=1.80%, 50=9.13%
  lat (usec)   : 100=4.42%, 250=4.33%, 500=6.30%, 750=6.04%, 1000=6.70%
  lat (msec)   : 2=25.67%, 4=31.43%, 10=4.18%
  cpu          : usr=12.68%, sys=16.58%, ctx=158359, majf=0, minf=11
  IO depths    : 1=0.1%, 2=0.1%, 4=0.1%, 8=0.1%, 16=0.1%, 32=100.0%, >=64=0.0%
     submit    : 0=0.0%, 4=100.0%, 8=0.0%, 16=0.0%, 32=0.0%, 64=0.0%, >=64=0.0%
     complete  : 0=0.0%, 4=100.0%, 8=0.0%, 16=0.0%, 32=0.1%, 64=0.0%, >=64=0.0%
     issued rwt: total=0,573905,0, short=0,0,0, dropped=0,0,0
     latency   : target=0, window=0, percentile=100.00%, depth=32
randw-4K-n2-c2: (groupid=1, jobs=2): err= 0: pid=1100: Wed Jul 24 22:54:01 2019
  write: IOPS=19.1k, BW=74.7MiB/s (78.3MB/s)(2240MiB/30005msec)
    slat (usec): min=3, max=792, avg= 5.22, stdev= 3.17
    clat (usec): min=13, max=11077, avg=3338.60, stdev=1797.97
     lat (usec): min=21, max=11082, avg=3344.84, stdev=1797.92
    clat percentiles (usec):
     | 10.000th=[  947], 20.000th=[ 1549], 30.000th=[ 2180], 40.000th=[ 2769],
     | 50.000th=[ 3326], 70.000th=[ 4359], 90.000th=[ 5932], 99.000th=[ 7111],
     | 99.900th=[ 9372], 99.990th=[10814], 99.999th=[11076]
   bw (  KiB/s): min=25939, max=37891, per=40.04%, avg=30607.03, stdev=1596.38, samples=118
   iops        : min= 6484, max= 9472, avg=7651.37, stdev=399.08, samples=118
  lat (usec)   : 20=0.01%, 50=0.07%, 100=0.17%, 250=0.56%, 500=2.59%
  lat (usec)   : 750=3.59%, 1000=3.97%
  lat (msec)   : 2=16.37%, 4=35.86%, 10=36.80%, 20=0.03%
  cpu          : usr=6.50%, sys=8.32%, ctx=277196, majf=0, minf=17
  IO depths    : 1=0.1%, 2=0.1%, 4=0.1%, 8=0.1%, 16=0.1%, 32=100.0%, >=64=0.0%
     submit    : 0=0.0%, 4=100.0%, 8=0.0%, 16=0.0%, 32=0.0%, 64=0.0%, >=64=0.0%
     complete  : 0=0.0%, 4=100.0%, 8=0.0%, 16=0.0%, 32=0.1%, 64=0.0%, >=64=0.0%
     issued rwt: total=0,573415,0, short=0,0,0, dropped=0,0,0
     latency   : target=0, window=0, percentile=100.00%, depth=32
randw-4K-n4-c4: (groupid=2, jobs=4): err= 0: pid=1104: Wed Jul 24 22:54:01 2019
  write: IOPS=19.0k, BW=74.3MiB/s (77.9MB/s)(2230MiB/30009msec)
    slat (usec): min=3, max=796, avg= 7.17, stdev= 5.36
    clat (usec): min=818, max=16993, avg=6715.84, stdev=1837.86
     lat (usec): min=823, max=17000, avg=6724.18, stdev=1837.71
    clat percentiles (usec):
     | 10.000th=[ 4293], 20.000th=[ 4948], 30.000th=[ 5604], 40.000th=[ 6259],
     | 50.000th=[ 6915], 70.000th=[ 7963], 90.000th=[ 8717], 99.000th=[10683],
     | 99.900th=[12518], 99.990th=[14091], 99.999th=[16581]
   bw (  KiB/s): min=17404, max=23929, per=24.04%, avg=18288.69, stdev=829.47, samples=236
   iops        : min= 4351, max= 5982, avg=4571.81, stdev=207.35, samples=236
  lat (usec)   : 1000=0.02%
  lat (msec)   : 2=0.36%, 4=6.25%, 10=90.56%, 20=2.82%
  cpu          : usr=4.36%, sys=5.51%, ctx=364732, majf=0, minf=41
  IO depths    : 1=0.1%, 2=0.1%, 4=0.1%, 8=0.1%, 16=0.1%, 32=100.0%, >=64=0.0%
     submit    : 0=0.0%, 4=100.0%, 8=0.0%, 16=0.0%, 32=0.0%, 64=0.0%, >=64=0.0%
     complete  : 0=0.0%, 4=100.0%, 8=0.0%, 16=0.0%, 32=0.1%, 64=0.0%, >=64=0.0%
     issued rwt: total=0,570765,0, short=0,0,0, dropped=0,0,0
     latency   : target=0, window=0, percentile=100.00%, depth=32
randw-4K-n8-c8: (groupid=3, jobs=8): err= 0: pid=1112: Wed Jul 24 22:54:01 2019
  write: IOPS=18.0k, BW=74.1MiB/s (77.7MB/s)(2224MiB/30013msec)
    slat (usec): min=3, max=18497, avg=232.91, stdev=865.54
    clat (usec): min=326, max=42627, avg=13255.13, stdev=4107.96
     lat (usec): min=336, max=42650, avg=13489.78, stdev=4241.27
    clat percentiles (usec):
     | 10.000th=[ 8717], 20.000th=[ 9765], 30.000th=[10683], 40.000th=[11600],
     | 50.000th=[12518], 70.000th=[14746], 90.000th=[18744], 99.000th=[25560],
     | 99.900th=[31327], 99.990th=[35390], 99.999th=[39060]
   bw (  KiB/s): min= 4945, max=10508, per=9.38%, avg=7116.58, stdev=873.88, samples=472
   iops        : min= 1236, max= 2627, avg=1778.74, stdev=218.49, samples=472
  lat (usec)   : 500=0.01%, 750=0.01%, 1000=0.01%
  lat (msec)   : 2=0.01%, 4=0.02%, 10=22.83%, 20=69.89%, 50=7.25%
  cpu          : usr=2.89%, sys=4.14%, ctx=231066, majf=0, minf=89
  IO depths    : 1=0.1%, 2=0.1%, 4=0.1%, 8=0.1%, 16=0.1%, 32=100.0%, >=64=0.0%
     submit    : 0=0.0%, 4=100.0%, 8=0.0%, 16=0.0%, 32=0.0%, 64=0.0%, >=64=0.0%
     complete  : 0=0.0%, 4=100.0%, 8=0.0%, 16=0.0%, 32=0.1%, 64=0.0%, >=64=0.0%
     issued rwt: total=0,569236,0, short=0,0,0, dropped=0,0,0
     latency   : target=0, window=0, percentile=100.00%, depth=32
randw-4K-n12-c12: (groupid=4, jobs=12): err= 0: pid=1123: Wed Jul 24 22:54:01 2019
  write: IOPS=19.8k, BW=77.3MiB/s (81.0MB/s)(2319MiB/30015msec)
    slat (usec): min=3, max=14277, avg=82.00, stdev=533.86
    clat (usec): min=1143, max=50600, avg=19316.55, stdev=4378.53
     lat (usec): min=1175, max=50608, avg=19400.52, stdev=4421.48
    clat percentiles (usec):
     | 10.000th=[16057], 20.000th=[17433], 30.000th=[18220], 40.000th=[19006],
     | 50.000th=[19792], 70.000th=[21103], 90.000th=[23462], 99.000th=[29754],
     | 99.900th=[35914], 99.990th=[42206], 99.999th=[47973]
   bw (  KiB/s): min= 5426, max=19228, per=8.34%, avg=6602.90, stdev=1792.71, samples=720
   iops        : min= 1356, max= 4807, avg=1650.40, stdev=448.18, samples=720
  lat (msec)   : 2=0.02%, 4=0.60%, 10=5.92%, 20=46.73%, 50=46.73%
  lat (msec)   : 100=0.01%
  cpu          : usr=2.77%, sys=4.12%, ctx=396862, majf=0, minf=131
  IO depths    : 1=0.1%, 2=0.1%, 4=0.1%, 8=0.1%, 16=0.1%, 32=99.9%, >=64=0.0%
     submit    : 0=0.0%, 4=100.0%, 8=0.0%, 16=0.0%, 32=0.0%, 64=0.0%, >=64=0.0%
     complete  : 0=0.0%, 4=100.0%, 8=0.0%, 16=0.0%, 32=0.1%, 64=0.0%, >=64=0.0%
     issued rwt: total=0,593760,0, short=0,0,0, dropped=0,0,0
     latency   : target=0, window=0, percentile=100.00%, depth=32

Run status group 0 (all jobs):
  WRITE: bw=74.7MiB/s (78.3MB/s), 74.7MiB/s-74.7MiB/s (78.3MB/s-78.3MB/s), io=2242MiB (2351MB), run=30003-30003msec

Run status group 1 (all jobs):
  WRITE: bw=74.7MiB/s (78.3MB/s), 74.7MiB/s-74.7MiB/s (78.3MB/s-78.3MB/s), io=2240MiB (2349MB), run=30005-30005msec

Run status group 2 (all jobs):
  WRITE: bw=74.3MiB/s (77.9MB/s), 74.3MiB/s-74.3MiB/s (77.9MB/s-77.9MB/s), io=2230MiB (2338MB), run=30009-30009msec

Run status group 3 (all jobs):
  WRITE: bw=74.1MiB/s (77.7MB/s), 74.1MiB/s-74.1MiB/s (77.7MB/s-77.7MB/s), io=2224MiB (2332MB), run=30013-30013msec

Run status group 4 (all jobs):
  WRITE: bw=77.3MiB/s (81.0MB/s), 77.3MiB/s-77.3MiB/s (81.0MB/s-81.0MB/s), io=2319MiB (2432MB), run=30015-30015msec

Disk stats (read/write):
  vda: ios=400/2870668, merge=0/0, ticks=1292/23937176, in_queue=23993688, util=99.46%
