randw-4K-n1-c1: (g=0): rw=randwrite, bs=(R) 4096B-4096B, (W) 4096B-4096B, (T) 4096B-4096B, ioengine=libaio, iodepth=32
randw-4K-n2-c2: (g=1): rw=randwrite, bs=(R) 4096B-4096B, (W) 4096B-4096B, (T) 4096B-4096B, ioengine=libaio, iodepth=32
...
randw-4K-n4-c4: (g=2): rw=randwrite, bs=(R) 4096B-4096B, (W) 4096B-4096B, (T) 4096B-4096B, ioengine=libaio, iodepth=32
...
randw-4K-n8-c8: (g=3): rw=randwrite, bs=(R) 4096B-4096B, (W) 4096B-4096B, (T) 4096B-4096B, ioengine=libaio, iodepth=32
...
randw-4K-n12-c12: (g=4): rw=randwrite, bs=(R) 4096B-4096B, (W) 4096B-4096B, (T) 4096B-4096B, ioengine=libaio, iodepth=32
...
fio-3.1
Starting 27 processes

randw-4K-n1-c1: (groupid=0, jobs=1): err= 0: pid=1100: Wed Jul 24 22:54:01 2019
  write: IOPS=19.3k, BW=75.6MiB/s (79.3MB/s)(2268MiB/30004msec)
    slat (usec): min=4, max=822, avg= 7.45, stdev= 5.03
    clat (usec): min=2, max=8687, avg=1641.18, stdev=1375.42
     lat (usec): min=18, max=8693, avg=1649.70, stdev=1375.32
    clat percentiles (usec):
     | 10.000th=[   57], 20.000th=[  239], 30.000th=[  627], 40.000th=[  996],
     | 50.000th=[ 1369], 70.000th=[ 2409], 90.000th=[ 3523], 99.000th=[ 5407],
     | 99.900th=[ 7308], 99.990th=[ 8356], 99.999th=[ 8586]
   bw (  KiB/s): min=57805, max=114786, per=79.12%, avg=61238.75, stdev=7212.98, samples=59
   iops        : min=14451, max=28696, avg=15309.27, stdev=1803.23, samples=59
  lat (usec)   : 4=0.01%, 10=0.01%, 20=2.47%, 50=6.56%, 100=5.41%
  lat (usec)   : 250=5.86%, 500=6.56%, 750=6.23%, 1000=6.99%
  lat (msec)   : 2=25.03%, 4=30.57%, 10=4.31%
  cpu          : usr=13.62%, sys=20.31%, ctx=125481, majf=0, minf=9
  IO depths    : 1=0.1%, 2=0.1%, 4=0.1%, 8=0.1%, 16=0.1%, 32=100.0%, >=64=0.0%
     submit    : 0=0.0%, 4=100.0%, 8=0.0%, 16=0.0%, 32=0.0%, 64=0.0%, >=64=0.0%
     complete  : 0=0.0%, 4=100.0%, 8=0.0%, 16=0.0%, 32=0.1%, 64=0.0%, >=64=0.0%
     issued rwt: total=0,580547,0, short=0,0,0, dropped=0,0,0
     latency   : target=0, window=0, percentile=100.00%, depth=32
randw-4K-n2-c2: (groupid=1, jobs=2): err= 0: pid=1106: Wed Jul 24 22:54:01 2019
  write: IOPS=19.7k, BW=77.1MiB/s (80.9MB/s)(2314MiB/30006msec)
    slat (usec): min=3, max=826, avg= 6.49, stdev= 4.78
    clat (usec): min=13, max=11252, avg=3229.69, stdev=1781.33
     lat (usec): min=17, max=11258, avg=3237.26, stdev=1781.16
    clat percentiles (usec):
     | 10.000th=[  906], 20.000th=[ 1467], 30.000th=[ 2040], 40.000th=[ 2671],
     | 50.000th=[ 3163], 70.000th=[ 4178], 90.000th=[ 5800], 99.000th=[ 7111],
     | 99.900th=[ 9241], 99.990th=[10814], 99.999th=[11076]
   bw (  KiB/s): min=26090, max=49304, per=39.20%, avg=30951.17, stdev=2541.98, samples=118
   iops        : min= 6522, max=12326, avg=7737.42, stdev=635.49, samples=118
  lat (usec)   : 20=0.01%, 50=0.06%, 100=0.16%, 250=0.67%, 500=2.77%
  lat (usec)   : 750=3.70%, 1000=4.33%
  lat (msec)   : 2=17.55%, 4=37.09%, 10=33.64%, 20=0.03%
  cpu          : usr=7.79%, sys=9.78%, ctx=227953, majf=0, minf=13
  IO depths    : 1=0.1%, 2=0.1%, 4=0.1%, 8=0.1%, 16=0.1%, 32=100.0%, >=64=0.0%
     submit    : 0=0.0%, 4=100.0%, 8=0.0%, 16=0.0%, 32=0.0%, 64=0.0%, >=64=0.0%
     complete  : 0=0.0%, 4=100.0%, 8=0.0%, 16=0.0%, 32=0.1%, 64=0.0%, >=64=0.0%
     issued rwt: total=0,592372,0, short=0,0,0, dropped=0,0,0
     latency   : target=0, window=0, percentile=100.00%, depth=32
randw-4K-n4-c4: (groupid=2, jobs=4): err= 0: pid=1111: Wed Jul 24 22:54:01 2019
  write: IOPS=19.7k, BW=76.9MiB/s (80.7MB/s)(2309MiB/30007msec)
    slat (usec): min=3, max=818, avg= 9.00, stdev= 6.27
    clat (usec): min=693, max=14182, avg=6482.66, stdev=1858.37
     lat (usec): min=706, max=14191, avg=6493.08, stdev=1858.24
    clat percentiles (usec):
     | 10.000th=[ 4113], 20.000th=[ 4752], 30.000th=[ 5342], 40.000th=[ 5997],
     | 50.000th=[ 6587], 70.000th=[ 7767], 90.000th=[ 8586], 99.000th=[10552],
     | 99.900th=[12256], 99.990th=[13435], 99.999th=[14091]
   bw (  KiB/s): min=17303, max=24605, per=22.90%, avg=18041.89, stdev=915.66, samples=236
   iops        : min= 4325, max= 6151, avg=4510.11, stdev=228.91, samples=236
  lat (usec)   : 750=0.01%, 1000=0.02%
  lat (msec)   : 2=0.58%, 4=7.96%, 10=89.21%, 20=2.22%
  cpu          : usr=5.38%, sys=7.47%, ctx=355796, majf=0, minf=32
  IO depths    : 1=0.1%, 2=0.1%, 4=0.1%, 8=0.1%, 16=0.1%, 32=100.0%, >=64=0.0%
     submit    : 0=0.0%, 4=100.0%, 8=0.0%, 16=0.0%, 32=0.0%, 64=0.0%, >=64=0.0%
     complete  : 0=0.0%, 4=100.0%, 8=0.0%, 16=0.0%, 32=0.1%, 64=0.0%, >=64=0.0%
     issued rwt: total=0,590977,0, short=0,0,0, dropped=0,0,0
     latency   : target=0, window=0, percentile=100.00%, depth=32
randw-4K-n8-c8: (groupid=3, jobs=8): err= 0: pid=1119: Wed Jul 24 22:54:01 2019
  write: IOPS=19.6k, BW=76.6MiB/s (80.3MB/s)(2300MiB/30018msec)
    slat (usec): min=3, max=11593, avg=212.59, stdev=798.23
    clat (usec): min=1487, max=39337, avg=12826.07, stdev=3874.65
     lat (usec): min=1508, max=41501, avg=13040.50, stdev=3997.63
    clat percentiles (usec):
     | 10.000th=[ 8586], 20.000th=[ 9503], 30.000th=[10421], 40.000th=[11338],
     | 50.000th=[12125], 70.000th=[14222], 90.000th=[17957], 99.000th=[24773],
     | 99.900th=[30016], 99.990th=[34866], 99.999th=[37487]
   bw (  KiB/s): min= 5488, max=13143, per=9.06%, avg=7105.21, stdev=920.11, samples=472
   iops        : min= 1372, max= 3285, avg=1775.93, stdev=230.04, samples=472
  lat (msec)   : 2=0.01%, 4=0.05%, 10=25.74%, 20=68.61%, 50=5.59%
  cpu          : usr=3.30%, sys=4.59%, ctx=241375, majf=0, minf=66
  IO depths    : 1=0.1%, 2=0.1%, 4=0.1%, 8=0.1%, 16=0.1%, 32=100.0%, >=64=0.0%
     submit    : 0=0.0%, 4=100.0%, 8=0.0%, 16=0.0%, 32=0.0%, 64=0.0%, >=64=0.0%
     complete  : 0=0.0%, 4=100.0%, 8=0.0%, 16=0.0%, 32=0.1%, 64=0.0%, >=64=0.0%
     issued rwt: total=0,588851,0, short=0,0,0, dropped=0,0,0
     latency   : target=0, window=0, percentile=100.00%, depth=32
randw-4K-n12-c12: (groupid=4, jobs=12): err= 0: pid=1129: Wed Jul 24 22:54:01 2019
  write: IOPS=19.8k, BW=77.3MiB/s (81.0MB/s)(2319MiB/30012msec)
    slat (usec): min=3, max=16409, avg=154.57, stdev=792.85
    clat (usec): min=405, max=67613, avg=19246.01, stdev=4282.61
     lat (usec): min=427, max=67628, avg=19402.63, stdev=4416.31
    clat percentiles (usec):
     | 10.000th=[15533], 20.000th=[16581], 30.000th=[17171], 40.000th=[17957],
     | 50.000th=[18744], 70.000th=[20317], 90.000th=[23725], 99.000th=[33817],
     | 99.900th=[42206], 99.990th=[50594], 99.999th=[63701]
   bw (  KiB/s): min= 4899, max=14348, per=8.36%, avg=6616.24, stdev=935.39, samples=720
   iops        : min= 1224, max= 3587, avg=1653.74, stdev=233.85, samples=720
  lat (usec)   : 500=0.01%
  lat (msec)   : 2=0.01%, 4=0.01%, 10=2.08%, 20=63.61%, 50=34.29%
  lat (msec)   : 100=0.01%
  cpu          : usr=2.80%, sys=4.07%, ctx=351404, majf=0, minf=97
  IO depths    : 1=0.1%, 2=0.1%, 4=0.1%, 8=0.1%, 16=0.1%, 32=99.9%, >=64=0.0%
     submit    : 0=0.0%, 4=100.0%, 8=0.0%, 16=0.0%, 32=0.0%, 64=0.0%, >=64=0.0%
     complete  : 0=0.0%, 4=100.0%, 8=0.0%, 16=0.0%, 32=0.1%, 64=0.0%, >=64=0.0%
     issued rwt: total=0,593617,0, short=0,0,0, dropped=0,0,0
     latency   : target=0, window=0, percentile=100.00%, depth=32

Run status group 0 (all jobs):
  WRITE: bw=75.6MiB/s (79.3MB/s), 75.6MiB/s-75.6MiB/s (79.3MB/s-79.3MB/s), io=2268MiB (2378MB), run=30004-30004msec

Run status group 1 (all jobs):
  WRITE: bw=77.1MiB/s (80.9MB/s), 77.1MiB/s-77.1MiB/s (80.9MB/s-80.9MB/s), io=2314MiB (2426MB), run=30006-30006msec

Run status group 2 (all jobs):
  WRITE: bw=76.9MiB/s (80.7MB/s), 76.9MiB/s-76.9MiB/s (80.7MB/s-80.7MB/s), io=2309MiB (2421MB), run=30007-30007msec

Run status group 3 (all jobs):
  WRITE: bw=76.6MiB/s (80.3MB/s), 76.6MiB/s-76.6MiB/s (80.3MB/s-80.3MB/s), io=2300MiB (2412MB), run=30018-30018msec

Run status group 4 (all jobs):
  WRITE: bw=77.3MiB/s (81.0MB/s), 77.3MiB/s-77.3MiB/s (81.0MB/s-81.0MB/s), io=2319MiB (2431MB), run=30012-30012msec

Disk stats (read/write):
  vda: ios=411/2939543, merge=0/0, ticks=1744/23577344, in_queue=23606152, util=99.46%
