***************************************
*** ###easy### TPC-C Load Generator ***
***************************************
option h with value '192.168.122.79'
option P with value '3306'
option d with value 'benchmarker'
option u with value 'root'
option p with value '123456'
option w with value '11'
option c with value '1'
option r with value '22'
option l with value '60'
option i with value '10'
<Parameters>
     [server]: 192.168.122.79
     [port]: 3306
     [DBname]: benchmarker
       [user]: root
       [pass]: 123456
  [warehouse]: 11
 [connection]: 1
     [rampup]: 22 (sec.)
    [measure]: 60 (sec.)

RAMP-UP TIME.(22 sec.)

MEASURING START.

  10, trx: 689, 95%: 11.231, 99%: 14.407, max_rt: 55.723, 683|8.370, 70|2.840, 69|54.841, 68|53.932
  20, trx: 618, 95%: 14.342, 99%: 21.439, max_rt: 23.799, 620|5.187, 61|2.733, 62|41.879, 62|50.371
  30, trx: 652, 95%: 11.669, 99%: 17.649, max_rt: 25.948, 653|9.768, 66|10.290, 65|43.690, 65|49.626
  40, trx: 726, 95%: 10.607, 99%: 14.734, max_rt: 18.612, 723|6.020, 71|4.366, 73|32.703, 73|37.407
  50, trx: 733, 95%: 10.059, 99%: 13.911, max_rt: 17.795, 735|6.628, 74|3.000, 73|27.352, 73|39.459
  60, trx: 720, 95%: 10.547, 99%: 12.035, max_rt: 21.989, 719|4.579, 72|2.113, 72|38.196, 73|39.970

STOPPING THREADS.

<Raw Results>
  [0] sc:578 lt:3560  rt:0  fl:0 avg_rt: 10.5 (5)
  [1] sc:4125 lt:9  rt:0  fl:0 avg_rt: 2.5 (5)
  [2] sc:413 lt:1  rt:0  fl:0 avg_rt: 1.7 (5)
  [3] sc:414 lt:0  rt:0  fl:0 avg_rt: 26.1 (80)
  [4] sc:0 lt:414  rt:0  fl:0 avg_rt: 40.2 (20)
 in 60 sec.

<Raw Results2(sum ver.)>
  [0] sc:578  lt:3560  rt:0  fl:0 
  [1] sc:4125  lt:9  rt:0  fl:0 
  [2] sc:413  lt:1  rt:0  fl:0 
  [3] sc:414  lt:0  rt:0  fl:0 
  [4] sc:0  lt:414  rt:0  fl:0 

<Constraint Check> (all must be [OK])
 [transaction percentage]
        Payment: 43.45% (>=43.0%) [OK]
   Order-Status: 4.35% (>= 4.0%) [OK]
       Delivery: 4.35% (>= 4.0%) [OK]
    Stock-Level: 4.35% (>= 4.0%) [OK]
 [response time (at least 90% passed)]
      New-Order: 13.97%  [NG] *
        Payment: 99.78%  [OK]
   Order-Status: 99.76%  [OK]
       Delivery: 100.00%  [OK]
    Stock-Level: 0.00%  [NG] *

<TpmC>
                 4138.000 TpmC
