***************************************
*** ###easy### TPC-C Load Generator ***
***************************************
option h with value '192.168.122.79'
option P with value '3306'
option d with value 'benchmarker'
option u with value 'root'
option p with value '123456'
option w with value '11'
option c with value '8'
option r with value '22'
option l with value '60'
option i with value '10'
<Parameters>
     [server]: 192.168.122.79
     [port]: 3306
     [DBname]: benchmarker
       [user]: root
       [pass]: 123456
  [warehouse]: 11
 [connection]: 8
     [rampup]: 22 (sec.)
    [measure]: 60 (sec.)

RAMP-UP TIME.(22 sec.)

MEASURING START.

  10, trx: 1260, 95%: 58.127, 99%: 70.464, max_rt: 88.868, 1260|70.087, 126|17.852, 126|148.974, 126|192.438
  20, trx: 1237, 95%: 58.634, 99%: 78.294, max_rt: 135.784, 1235|58.709, 123|16.176, 124|125.664, 124|254.418
  30, trx: 1217, 95%: 60.163, 99%: 73.656, max_rt: 86.868, 1214|41.174, 122|12.702, 121|137.225, 122|200.120
  40, trx: 1245, 95%: 59.607, 99%: 71.185, max_rt: 79.964, 1248|53.892, 124|10.556, 125|122.365, 124|197.228
  50, trx: 1276, 95%: 55.558, 99%: 64.220, max_rt: 86.722, 1278|55.030, 128|11.160, 128|124.126, 127|174.925
  60, trx: 1261, 95%: 57.538, 99%: 68.059, max_rt: 93.303, 1261|42.797, 127|17.601, 126|141.303, 127|185.862

STOPPING THREADS........

<Raw Results>
  [0] sc:0 lt:7496  rt:0  fl:0 avg_rt: 46.8 (5)
  [1] sc:1189 lt:6307  rt:0  fl:0 avg_rt: 11.6 (5)
  [2] sc:540 lt:210  rt:0  fl:0 avg_rt: 5.8 (5)
  [3] sc:409 lt:341  rt:0  fl:0 avg_rt: 107.2 (80)
  [4] sc:0 lt:750  rt:0  fl:0 avg_rt: 177.9 (20)
 in 60 sec.

<Raw Results2(sum ver.)>
  [0] sc:0  lt:7496  rt:0  fl:0 
  [1] sc:1189  lt:6307  rt:0  fl:0 
  [2] sc:540  lt:210  rt:0  fl:0 
  [3] sc:409  lt:341  rt:0  fl:0 
  [4] sc:0  lt:750  rt:0  fl:0 

<Constraint Check> (all must be [OK])
 [transaction percentage]
        Payment: 43.48% (>=43.0%) [OK]
   Order-Status: 4.35% (>= 4.0%) [OK]
       Delivery: 4.35% (>= 4.0%) [OK]
    Stock-Level: 4.35% (>= 4.0%) [OK]
 [response time (at least 90% passed)]
      New-Order: 0.00%  [NG] *
        Payment: 15.86%  [NG] *
   Order-Status: 72.00%  [NG] *
       Delivery: 54.53%  [NG] *
    Stock-Level: 0.00%  [NG] *

<TpmC>
                 7496.000 TpmC
