***************************************
*** ###easy### TPC-C Load Generator ***
***************************************
option h with value '192.168.122.79'
option P with value '3306'
option d with value 'benchmarker'
option u with value 'root'
option p with value '123456'
option w with value '11'
option c with value '64'
option r with value '22'
option l with value '60'
option i with value '10'
<Parameters>
     [server]: 192.168.122.79
     [port]: 3306
     [DBname]: benchmarker
       [user]: root
       [pass]: 123456
  [warehouse]: 11
 [connection]: 64
     [rampup]: 22 (sec.)
    [measure]: 60 (sec.)

RAMP-UP TIME.(22 sec.)

MEASURING START.

  10, trx: 1055, 95%: 474.610, 99%: 575.689, max_rt: 871.902, 1050|910.536, 104|177.149, 105|981.121, 104|1454.482
  20, trx: 1031, 95%: 474.468, 99%: 621.911, max_rt: 893.425, 1030|909.794, 104|127.377, 104|864.934, 102|1361.718
  30, trx: 1054, 95%: 489.471, 99%: 682.996, max_rt: 918.603, 1050|951.147, 105|128.164, 104|976.442, 107|1511.777
  40, trx: 1023, 95%: 488.154, 99%: 603.390, max_rt: 672.251, 1025|854.594, 103|109.234, 104|946.359, 101|1674.270
  50, trx: 1030, 95%: 467.000, 99%: 540.938, max_rt: 660.123, 1030|1085.780, 102|139.903, 102|936.750, 103|1447.354
  60, trx: 1071, 95%: 477.031, 99%: 604.293, max_rt: 697.724, 1074|1024.925, 108|129.946, 108|950.099, 109|1467.498

STOPPING THREADS................................................................

<Raw Results>
  [0] sc:0 lt:6264  rt:0  fl:0 avg_rt: 387.7 (5)
  [1] sc:92 lt:6167  rt:0  fl:0 avg_rt: 213.3 (5)
  [2] sc:78 lt:548  rt:0  fl:0 avg_rt: 47.3 (5)
  [3] sc:0 lt:627  rt:0  fl:0 avg_rt: 862.4 (80)
  [4] sc:0 lt:626  rt:0  fl:0 avg_rt: 1445.4 (20)
 in 60 sec.

<Raw Results2(sum ver.)>
  [0] sc:0  lt:6264  rt:0  fl:0 
  [1] sc:92  lt:6167  rt:0  fl:0 
  [2] sc:78  lt:548  rt:0  fl:0 
  [3] sc:0  lt:627  rt:0  fl:0 
  [4] sc:0  lt:626  rt:0  fl:0 

<Constraint Check> (all must be [OK])
 [transaction percentage]
        Payment: 43.46% (>=43.0%) [OK]
   Order-Status: 4.35% (>= 4.0%) [OK]
       Delivery: 4.35% (>= 4.0%) [OK]
    Stock-Level: 4.35% (>= 4.0%) [OK]
 [response time (at least 90% passed)]
      New-Order: 0.00%  [NG] *
        Payment: 1.47%  [NG] *
   Order-Status: 12.46%  [NG] *
       Delivery: 0.00%  [NG] *
    Stock-Level: 0.00%  [NG] *

<TpmC>
                 6264.000 TpmC
