***************************************
*** ###easy### TPC-C Load Generator ***
***************************************
option h with value '192.168.122.79'
option P with value '3306'
option d with value 'benchmarker'
option u with value 'root'
option p with value '123456'
option w with value '11'
option c with value '4'
option r with value '22'
option l with value '60'
option i with value '10'
<Parameters>
     [server]: 192.168.122.79
     [port]: 3306
     [DBname]: benchmarker
       [user]: root
       [pass]: 123456
  [warehouse]: 11
 [connection]: 4
     [rampup]: 22 (sec.)
    [measure]: 60 (sec.)

RAMP-UP TIME.(22 sec.)

MEASURING START.

  10, trx: 1281, 95%: 28.835, 99%: 36.978, max_rt: 58.821, 1280|24.530, 128|12.504, 128|90.026, 128|105.837
  20, trx: 1266, 95%: 28.671, 99%: 34.179, max_rt: 43.315, 1265|29.108, 127|10.664, 127|74.441, 127|91.986
  30, trx: 1213, 95%: 29.340, 99%: 37.435, max_rt: 56.926, 1213|23.634, 121|10.724, 122|64.901, 122|114.362
  40, trx: 1251, 95%: 29.340, 99%: 35.291, max_rt: 45.203, 1253|20.618, 125|15.336, 125|65.450, 124|103.113
  50, trx: 1225, 95%: 28.228, 99%: 40.067, max_rt: 50.123, 1226|18.242, 122|7.995, 122|104.474, 123|106.537
  60, trx: 1214, 95%: 30.540, 99%: 40.368, max_rt: 51.714, 1213|29.246, 122|15.422, 121|76.708, 121|103.429

STOPPING THREADS....

<Raw Results>
  [0] sc:6 lt:7444  rt:0  fl:0 avg_rt: 23.4 (5)
  [1] sc:6030 lt:1420  rt:0  fl:0 avg_rt: 5.9 (5)
  [2] sc:725 lt:20  rt:0  fl:0 avg_rt: 3.3 (5)
  [3] sc:743 lt:2  rt:0  fl:0 avg_rt: 55.6 (80)
  [4] sc:0 lt:745  rt:0  fl:0 avg_rt: 88.9 (20)
 in 60 sec.

<Raw Results2(sum ver.)>
  [0] sc:6  lt:7444  rt:0  fl:0 
  [1] sc:6030  lt:1420  rt:0  fl:0 
  [2] sc:725  lt:20  rt:0  fl:0 
  [3] sc:743  lt:2  rt:0  fl:0 
  [4] sc:0  lt:745  rt:0  fl:0 

<Constraint Check> (all must be [OK])
 [transaction percentage]
        Payment: 43.48% (>=43.0%) [OK]
   Order-Status: 4.35% (>= 4.0%) [OK]
       Delivery: 4.35% (>= 4.0%) [OK]
    Stock-Level: 4.35% (>= 4.0%) [OK]
 [response time (at least 90% passed)]
      New-Order: 0.08%  [NG] *
        Payment: 80.94%  [NG] *
   Order-Status: 97.32%  [OK]
       Delivery: 99.73%  [OK]
    Stock-Level: 0.00%  [NG] *

<TpmC>
                 7450.000 TpmC
