Initializing 200 connections...
Initializing 100 workers and preparing statements...
_elapsed___errors__ops/sec(inst)___ops/sec(cum)__p50(ms)__p95(ms)__p99(ms)_pMax(ms)
      1s        0            4.3            8.0     58.7     96.5     96.5     96.5 delivery
      1s        0           41.8           77.0     33.6     75.5     83.9    117.4 newOrder
      1s        0            4.9            9.0      5.5      8.1      8.1      8.1 orderStatus
      1s        0           43.5           80.0     14.2     31.5     67.1     75.5 payment
      1s        0            4.3            8.0     15.2     16.3     16.3     16.3 stockLevel
      2s        0            7.0            7.5    113.2    402.7    402.7    402.7 delivery
      2s        0          101.0           89.0     56.6    151.0    192.9    192.9 newOrder
      2s        0            9.0            9.0      7.3     16.8     16.8     16.8 orderStatus
      2s        0           99.0           89.5     33.6    184.5    285.2    453.0 payment
      2s        0           11.0            9.5     31.5     75.5    125.8    125.8 stockLevel
      3s        0           16.0           10.3    104.9    302.0    318.8    318.8 delivery
      3s        0           90.0           89.3     79.7    318.8    385.9    436.2 newOrder
      3s        0            9.0            9.0      7.6     25.2     25.2     25.2 orderStatus
      3s        0           82.0           87.0     39.8    369.1    570.4    604.0 payment
      3s        0            8.0            9.0     28.3    142.6    142.6    142.6 stockLevel
      4s        0            7.0            9.5    100.7    130.0    130.0    130.0 delivery
      4s        0           93.0           90.2    100.7    318.8    369.1    436.2 newOrder
      4s        0            9.0            9.0     11.0     41.9     41.9     41.9 orderStatus
      4s        0          101.0           90.5     83.9    704.6   1006.6   1140.9 payment
      4s        0            8.0            8.7     33.6    167.8    167.8    167.8 stockLevel
_elapsed___errors__ops/sec(inst)___ops/sec(cum)__p50(ms)__p95(ms)__p99(ms)_pMax(ms)
      5s        0            9.0            9.4    117.4    318.8    318.8    318.8 delivery
      5s        0           87.0           89.6    142.6    738.2   1006.6   1208.0 newOrder
      5s        0           12.0            9.6      8.9     22.0     46.1     46.1 orderStatus
      5s        0           80.0           88.4    104.9    805.3   1073.7   1409.3 payment
      5s        0            9.0            8.8     41.9    201.3    201.3    201.3 stockLevel
      6s        0           10.0            9.5     88.1    151.0    151.0    151.0 delivery
      6s        0           81.0           88.2    121.6    570.4    906.0    906.0 newOrder
      6s        0            5.0            8.8      8.1     24.1     24.1     24.1 orderStatus
      6s        0           90.0           88.7     96.5   1073.7   1610.6   2415.9 payment
      6s        0            8.0            8.7     25.2    335.5    335.5    335.5 stockLevel
      7s        0           11.0            9.7    100.7    243.3    453.0    453.0 delivery
      7s        0           84.0           87.6    159.4    704.6    939.5   1275.1 newOrder
      7s        0            4.0            8.1     14.2     41.9     41.9     41.9 orderStatus
      7s        0           83.0           87.9    100.7   1543.5   1946.2   2550.1 payment
      7s        0           11.0            9.0     39.8    285.2    486.5    486.5 stockLevel
      8s        0            8.0            9.5    167.8    352.3    352.3    352.3 delivery
      8s        0           79.0           86.5    167.8    872.4   1342.2   1342.2 newOrder
      8s        0            8.0            8.1     14.7     52.4     52.4     52.4 orderStatus
      8s        0           63.0           84.7    113.2   1879.0   2080.4   2952.8 payment
      8s        0           10.0            9.1     62.9   1208.0   1208.0   1208.0 stockLevel
_elapsed___errors__ops/sec(inst)___ops/sec(cum)__p50(ms)__p95(ms)__p99(ms)_pMax(ms)
      9s        0            8.0            9.3    184.5   1275.1   1275.1   1275.1 delivery
      9s        0           64.0           84.0    335.5   2147.5   2818.6   2952.8 newOrder
      9s        0            6.0            7.9     19.9     33.6     33.6     33.6 orderStatus
      9s        0           57.0           81.7    134.2   1208.0   2415.9   3221.2 payment
      9s        0           10.0            9.2     44.0   1677.7   1677.7   1677.7 stockLevel
     10s        0            7.0            9.1    125.8    209.7    209.7    209.7 delivery
     10s        0           65.0           82.1    234.9   1610.6   2281.7   3087.0 newOrder
     10s        0            8.0            7.9     11.0     17.8     17.8     17.8 orderStatus
     10s        0           64.0           79.9    226.5   1409.3   2818.6   3489.7 payment
     10s        0            3.0            8.6     41.9    318.8    318.8    318.8 stockLevel
_elapsed___errors__ops/sec(inst)___ops/sec(cum)__p50(ms)__p95(ms)__p99(ms)_pMax(ms)
      1s        0            5.0            5.0    121.6    176.2    176.2    176.2 delivery
      1s        0           56.0           56.1    121.6    318.8    402.7    453.0 newOrder
      1s        0            9.0            9.0     11.0     31.5     31.5     31.5 orderStatus
      1s        0           44.0           44.1     62.9    436.2    536.9    536.9 payment
      1s        0            7.0            7.0     52.4    130.0    130.0    130.0 stockLevel
      2s        0            9.0            7.0     67.1    109.1    109.1    109.1 delivery
      2s        0           68.0           62.0     71.3   1476.4   1543.5   1610.6 newOrder
      2s        0            7.0            8.0      7.6     12.6     12.6     12.6 orderStatus
      2s        0           88.0           66.0     33.6    738.2   1208.0   1476.4 payment
      2s        0            4.0            5.5     32.5    838.9    838.9    838.9 stockLevel
      3s        0            5.0            6.3     54.5    134.2    134.2    134.2 delivery
      3s        0           70.0           64.7     41.9   2147.5   2415.9   2684.4 newOrder
      3s        0            6.0            7.3      5.0     12.6     12.6     12.6 orderStatus
      3s        0           42.0           58.0     17.8     71.3    104.9    104.9 payment
      3s        0            8.0            6.3     24.1     30.4     30.4     30.4 stockLevel
      4s        0            6.0            6.3     44.0     96.5     96.5     96.5 delivery
      4s        0           67.0           65.3     46.1   1677.7   2013.3   2080.4 newOrder
      4s        0            9.0            7.8      6.3     39.8     39.8     39.8 orderStatus
      4s        0           58.0           58.0     21.0    130.0   1946.2   2550.1 payment
      4s        0            5.0            6.0     52.4   1073.7   1073.7   1073.7 stockLevel
_elapsed___errors__ops/sec(inst)___ops/sec(cum)__p50(ms)__p95(ms)__p99(ms)_pMax(ms)
      5s        0            9.0            6.8     67.1    167.8    167.8    167.8 delivery
      5s        0           79.0           68.0     46.1    419.4   2080.4   2550.1 newOrder
      5s        0            9.0            8.0      6.8     12.1     12.1     12.1 orderStatus
      5s        0           95.0           65.4     26.2   3221.2   4160.7   4295.0 payment
      5s        0            9.0            6.6     30.4    167.8    167.8    167.8 stockLevel
      6s        0            6.0            6.7     54.5     75.5     75.5     75.5 delivery
      6s        0           78.0           69.7     48.2   1744.8   2281.7   4563.4 newOrder
      6s        0           13.0            8.8      5.0     30.4     31.5     31.5 orderStatus
      6s        0           76.0           67.2     21.0   3758.1   4295.0   4563.4 payment
      6s        0            8.0            6.8     26.2    805.3    805.3    805.3 stockLevel
      7s        0            9.0            7.0     75.5    121.6    121.6    121.6 delivery
      7s        0           86.0           72.0     50.3    243.3    805.3    939.5 newOrder
      7s        0           12.0            9.3      7.6     11.0     12.1     12.1 orderStatus
      7s        0          104.0           72.4     28.3   2952.8   5368.7   6174.0 payment
      7s        0            5.0            6.6     31.5     65.0     65.0     65.0 stockLevel
      8s        0            4.0            6.6     46.1     88.1     88.1     88.1 delivery
      8s        0           78.0           72.8     37.7   2684.4   4563.4   4563.4 newOrder
      8s        0            7.0            9.0      5.8     17.8     17.8     17.8 orderStatus
      8s        0           71.0           72.3     17.8     54.5     96.5   4295.0 payment
      8s        0            9.0            6.9     22.0    134.2    134.2    134.2 stockLevel
_elapsed___errors__ops/sec(inst)___ops/sec(cum)__p50(ms)__p95(ms)__p99(ms)_pMax(ms)
      9s        0            7.0            6.7     67.1     92.3     92.3     92.3 delivery
      9s        0           80.0           73.6     39.8   2684.4   3623.9   5905.6 newOrder
      9s        0            6.0            8.7      5.2     11.0     11.0     11.0 orderStatus
      9s        0           68.0           71.8     17.8     75.5    100.7    151.0 payment
      9s        0            7.0            6.9     33.6    771.8    771.8    771.8 stockLevel
     10s        0            6.0            6.6     52.4    113.2    113.2    113.2 delivery
     10s        0           72.0           73.4     41.9   1342.2   2684.4   4563.4 newOrder
     10s        0            8.0            8.6      5.2     25.2     25.2     25.2 orderStatus
     10s        0           61.0           70.7     16.8    125.8   6979.3   7516.2 payment
     10s        0            7.0            6.9     21.0     56.6     56.6     56.6 stockLevel
     11s        0            8.0            6.7     60.8     75.5     75.5     75.5 delivery
     11s        0           79.0           73.9     44.0   1342.2   2952.8   5368.7 newOrder
     11s        0            8.0            8.5      5.5     11.0     11.0     11.0 orderStatus
     11s        0           84.0           71.9     19.9   5100.3   9663.7   9663.7 payment
     11s        0            7.0            6.9     30.4     67.1     67.1     67.1 stockLevel
     12s        0            3.0            6.4     56.6     75.5     75.5     75.5 delivery
     12s        0           63.0           73.0     33.6    453.0   2281.7   2415.9 newOrder
     12s        0            8.0            8.5      5.2      6.6      6.6      6.6 orderStatus
     12s        0           76.0           72.3     13.1     48.2   5100.3   5368.7 payment
     12s        0            7.0            6.9     13.6     19.9     19.9     19.9 stockLevel
_elapsed___errors__ops/sec(inst)___ops/sec(cum)__p50(ms)__p95(ms)__p99(ms)_pMax(ms)
     13s        0           10.0            6.7     79.7    352.3    352.3    352.3 delivery
     13s        0           84.0           73.9     54.5   1879.0   6442.5   6710.9 newOrder
     13s        0           10.0            8.6      5.5     37.7     37.7     37.7 orderStatus
     13s        0           63.0           71.5     24.1   6710.9   8321.5  13421.8 payment
     13s        0            8.0            7.0     23.1   1006.6   1006.6   1006.6 stockLevel
     14s        0            6.0            6.6     67.1     88.1     88.1     88.1 delivery
     14s        0           60.0           72.9     44.0    176.2    243.3    419.4 newOrder
     14s        0            6.0            8.4      4.7     14.2     14.2     14.2 orderStatus
     14s        0           76.0           71.9     23.1    335.5   6174.0  13421.8 payment
     14s        0            8.0            7.1     23.1     41.9     41.9     41.9 stockLevel
     15s        0            0.0            6.2      0.0      0.0      0.0      0.0 delivery
     15s        0            0.0           68.0      0.0      0.0      0.0      0.0 newOrder
     15s        0            0.0            7.9      0.0      0.0      0.0      0.0 orderStatus
     15s        0            0.0           67.1      0.0      0.0      0.0      0.0 payment
     15s        0            0.0            6.6      0.0      0.0      0.0      0.0 stockLevel
     16s        0            0.0            5.8      0.0      0.0      0.0      0.0 delivery
     16s        0           13.0           64.6     30.4   3489.7   4831.8   4831.8 newOrder
     16s        0            1.0            7.4      7.3      7.3      7.3      7.3 orderStatus
     16s        0           12.0           63.6     11.5  13958.6  14495.5  14495.5 payment
     16s        0            0.0            6.2      0.0      0.0      0.0      0.0 stockLevel
_elapsed___errors__ops/sec(inst)___ops/sec(cum)__p50(ms)__p95(ms)__p99(ms)_pMax(ms)
     17s        0            6.0            5.8     41.9    142.6    142.6    142.6 delivery
     17s        0           58.0           64.2     27.3     58.7     88.1   2684.4 newOrder
     17s        0            5.0            7.3      6.3      6.6      6.6      6.6 orderStatus
     17s        0           59.0           63.4     13.1     50.3   9663.7  11811.2 payment
     17s        0            7.0            6.2     18.9    117.4    117.4    117.4 stockLevel
     18s        0            1.0            5.6     92.3     92.3     92.3     92.3 delivery
     18s        0           39.0           62.8     28.3   4160.7   4295.0   4295.0 newOrder
     18s        0            3.0            7.1      5.2      7.3      7.3      7.3 orderStatus
     18s        0           37.0           61.9     10.5     15.2   7784.6   7784.6 payment
     18s        0            4.0            6.1     15.2     19.9     19.9     19.9 stockLevel
     19s        0            1.0            5.3     46.1     46.1     46.1     46.1 delivery
     19s        0           12.0           60.1     27.3     32.5     33.6     33.6 newOrder
     19s        0            1.0            6.7      4.2      4.2      4.2      4.2 orderStatus
     19s        0           13.0           59.3     10.0     13.1   7784.6   7784.6 payment
     19s        0            1.0            5.8     15.7     15.7     15.7     15.7 stockLevel
     20s        0            0.0            5.1      0.0      0.0      0.0      0.0 delivery
     20s        0            6.0           57.4     30.4   6442.5   6442.5   6442.5 newOrder
     20s        0            0.0            6.4      0.0      0.0      0.0      0.0 orderStatus
     20s        0            2.0           56.5     10.0     12.1     12.1     12.1 payment
     20s        0            0.0            5.6      0.0      0.0      0.0      0.0 stockLevel
_elapsed___errors__ops/sec(inst)___ops/sec(cum)__p50(ms)__p95(ms)__p99(ms)_pMax(ms)
     21s        0            2.0            4.9     41.9     56.6     56.6     56.6 delivery
     21s        0           24.0           55.8     27.3   8321.5   9126.8   9126.8 newOrder
     21s        0            2.0            6.2      3.9      8.9      8.9      8.9 orderStatus
     21s        0           21.0           54.8     13.6     19.9     31.5     31.5 payment
     21s        0            0.0            5.3      0.0      0.0      0.0      0.0 stockLevel
     22s        0            0.0            4.7      0.0      0.0      0.0      0.0 delivery
     22s        0            0.0           53.3      0.0      0.0      0.0      0.0 newOrder
     22s        0            0.0            5.9      0.0      0.0      0.0      0.0 orderStatus
     22s        0            0.0           52.3      0.0      0.0      0.0      0.0 payment
     22s        0            0.0            5.0      0.0      0.0      0.0      0.0 stockLevel
     23s        0            1.0            4.5     62.9     62.9     62.9     62.9 delivery
     23s        0           15.0           51.6     29.4   5368.7   9126.8   9126.8 newOrder
     23s        0            0.0            5.7      0.0      0.0      0.0      0.0 orderStatus
     23s        0           12.0           50.5     11.5  18253.6  22548.6  22548.6 payment
     23s        0            0.0            4.8      0.0      0.0      0.0      0.0 stockLevel
     24s        0            9.0            4.7     56.6     92.3     92.3     92.3 delivery
     24s        0           59.0           51.9     37.7   6710.9   7247.8  10737.4 newOrder
     24s        0            7.0            5.7      5.5     11.0     11.0     11.0 orderStatus
     24s        0           69.0           51.3     15.7  19327.4  21474.8  22548.6 payment
     24s        0            6.0            4.9     21.0     25.2     25.2     25.2 stockLevel
_elapsed___errors__ops/sec(inst)___ops/sec(cum)__p50(ms)__p95(ms)__p99(ms)_pMax(ms)
     25s        0            6.0            4.8     52.4    109.1    109.1    109.1 delivery
     25s        0           64.0           52.4     35.7     60.8     65.0     79.7 newOrder
     25s        0            7.0            5.8      6.0      8.9      8.9      8.9 orderStatus
     25s        0           68.0           52.0     15.7  18253.6  21474.8  22548.6 payment
     25s        0           10.0            5.1     18.9     28.3     28.3     28.3 stockLevel
     26s        0            3.0            4.7     35.7     75.5     75.5     75.5 delivery
     26s        0           22.0           51.2     39.8   2818.6   6174.0   6174.0 newOrder
     26s        0            2.0            5.6      4.5      5.2      5.2      5.2 orderStatus
     26s        0           18.0           50.7     10.5  18253.6  18253.6  18253.6 payment
     26s        0            0.0            4.9      0.0      0.0      0.0      0.0 stockLevel
     27s        0            5.0            4.7     88.1    151.0    151.0    151.0 delivery
     27s        0           38.0           50.7     50.3    939.5   6174.0   6174.0 newOrder
     27s        0            4.0            5.6      3.7      4.7      4.7      4.7 orderStatus
     27s        0           42.0           50.3     21.0     79.7    142.6    142.6 payment
     27s        0            6.0            4.9     17.8     19.9     19.9     19.9 stockLevel
     28s        0            0.0            4.5      0.0      0.0      0.0      0.0 delivery
     28s        0           15.0           49.5     39.8   3355.4   3623.9   3623.9 newOrder
     28s        0            1.0            5.4      6.6      6.6      6.6      6.6 orderStatus
     28s        0           16.0           49.1     14.7  14495.5  18253.6  18253.6 payment
     28s        0            1.0            4.8     11.5     11.5     11.5     11.5 stockLevel
_elapsed___errors__ops/sec(inst)___ops/sec(cum)__p50(ms)__p95(ms)__p99(ms)_pMax(ms)
     29s        0            8.0            4.7     48.2     88.1     88.1     88.1 delivery
     29s        0           63.0           49.9     37.7     79.7    104.9   2013.3 newOrder
     29s        0            6.0            5.4      6.6     12.1     12.1     12.1 orderStatus
     29s        0           65.0           49.7     19.9  22548.6  23622.3  26843.5 payment
     29s        0            6.0            4.8     24.1     54.5     54.5     54.5 stockLevel
     30s        0            4.0            4.6     44.0     71.3     71.3     71.3 delivery
     30s        0           46.0           49.8     28.3     65.0   9126.8   9126.8 newOrder
     30s        0            2.0            5.3      4.7      5.8      5.8      5.8 orderStatus
     30s        0           42.0           49.4     13.1   9663.7  24696.1  24696.1 payment
     30s        0            4.0            4.8     14.7    318.8    318.8    318.8 stockLevel
     31s        0            4.0            4.6     44.0     92.3     92.3     92.3 delivery
     31s        0           39.0           49.5     26.2     41.9     92.3     92.3 newOrder
     31s        0            5.0            5.3      4.7      8.1      8.1      8.1 orderStatus
     31s        0           43.0           49.2     11.0     52.4  18253.6  18253.6 payment
     31s        0            5.0            4.8     16.3     56.6     56.6     56.6 stockLevel
     32s        0            9.0            4.8    100.7    192.9    192.9    192.9 delivery
     32s        0           50.0           49.5     52.4   5637.1   7784.6   7784.6 newOrder
     32s        0            3.0            5.2      4.7      5.5      5.5      5.5 orderStatus
     32s        0           50.0           49.2     19.9  23622.3  28991.0  28991.0 payment
     32s        0            8.0            4.9     25.2     39.8     39.8     39.8 stockLevel
_elapsed___errors__ops/sec(inst)___ops/sec(cum)__p50(ms)__p95(ms)__p99(ms)_pMax(ms)
     33s        0            4.0            4.7     46.1     58.7     58.7     58.7 delivery
     33s        0           48.0           49.4     32.5    872.4   4160.7   4160.7 newOrder
     33s        0            5.0            5.2      6.8      8.4      8.4      8.4 orderStatus
     33s        0           44.0           49.1     12.1     22.0  27917.3  27917.3 payment
     33s        0            6.0            4.9     13.1     88.1     88.1     88.1 stockLevel
     34s        0            3.0            4.7     41.9     46.1     46.1     46.1 delivery
     34s        0           24.0           48.7     24.1     50.3   1275.1   1275.1 newOrder
     34s        0            3.0            5.1      5.5      6.6      6.6      6.6 orderStatus
     34s        0           21.0           48.2      9.4     15.2     26.2     26.2 payment
     34s        0            1.0            4.8     18.9     18.9     18.9     18.9 stockLevel
     35s        0            2.0            4.6     37.7     48.2     48.2     48.2 delivery
     35s        0           15.0           47.7     26.2   3087.0   5637.1   5637.1 newOrder
     35s        0            0.0            5.0      0.0      0.0      0.0      0.0 orderStatus
     35s        0           10.0           47.1     11.0     22.0     22.0     22.0 payment
     35s        0            1.0            4.7     11.5     11.5     11.5     11.5 stockLevel
     36s        0            2.0            4.5    104.9    142.6    142.6    142.6 delivery
     36s        0           23.0           47.0     71.3   3892.3   4563.4   4563.4 newOrder
     36s        0            3.0            4.9      8.9     41.9     41.9     41.9 orderStatus
     36s        0           26.0           46.6     33.6  24696.1  24696.1  24696.1 payment
     36s        0            2.0            4.6     23.1     37.7     37.7     37.7 stockLevel
_elapsed___errors__ops/sec(inst)___ops/sec(cum)__p50(ms)__p95(ms)__p99(ms)_pMax(ms)
     37s        0            9.0            4.6     58.7     83.9     83.9     83.9 delivery
     37s        0           69.0           47.6     37.7    234.9    771.8   5637.1 newOrder
     37s        0           11.0            5.1      5.8     11.5     12.1     12.1 orderStatus
     37s        0           77.0           47.4     16.8  28991.0  32212.3  34359.7 payment
     37s        0            6.0            4.7     19.9     35.7     35.7     35.7 stockLevel
     38s        0            6.0            4.7     41.9     52.4     52.4     52.4 delivery
     38s        0           48.0           47.6     28.3     50.3     79.7     79.7 newOrder
     38s        0            3.0            5.1      5.5      8.9      8.9      8.9 orderStatus
     38s        0           56.0           47.6     12.1     39.8    125.8   6174.0 payment
     38s        0            6.0            4.7     18.9     29.4     29.4     29.4 stockLevel
     39s        0            0.0            4.6      0.0      0.0      0.0      0.0 delivery
     39s        0            0.0           46.4      0.0      0.0      0.0      0.0 newOrder
     39s        0            0.0            4.9      0.0      0.0      0.0      0.0 orderStatus
     39s        0            0.0           46.4      0.0      0.0      0.0      0.0 payment
     39s        0            0.0            4.6      0.0      0.0      0.0      0.0 stockLevel
     40s        0            0.0            4.5      0.0      0.0      0.0      0.0 delivery
     40s        0            0.0           45.3      0.0      0.0      0.0      0.0 newOrder
     40s        0            0.0            4.8      0.0      0.0      0.0      0.0 orderStatus
     40s        0            0.0           45.2      0.0      0.0      0.0      0.0 payment
     40s        0            0.0            4.5      0.0      0.0      0.0      0.0 stockLevel
_elapsed___errors__ops/sec(inst)___ops/sec(cum)__p50(ms)__p95(ms)__p99(ms)_pMax(ms)
     41s        0            0.0            4.3      0.0      0.0      0.0      0.0 delivery
     41s        0           12.0           44.4     33.6   4563.4   5100.3   5100.3 newOrder
     41s        0            2.0            4.7      4.2      8.9      8.9      8.9 orderStatus
     41s        0            7.0           44.3     11.0     19.9     19.9     19.9 payment
     41s        0            2.0            4.4     17.8   3892.3   3892.3   3892.3 stockLevel
     42s        0            3.0            4.3     44.0     60.8     60.8     60.8 delivery
     42s        0           38.9           44.3     37.7   5368.7   5637.1   5637.1 newOrder
     42s        0            4.0            4.7      5.8     10.0     10.0     10.0 orderStatus
     42s        0           35.9           44.1     12.1     62.9  33286.0  33286.0 payment
     42s        0            4.0            4.4     12.6     27.3     27.3     27.3 stockLevel
     43s        0           10.0            4.4     79.7    151.0    151.0    151.0 delivery
     43s        0           86.2           45.3     75.5    805.3   5100.3   5368.7 newOrder
     43s        0           11.0            4.9      7.1      8.1      8.4      8.4 orderStatus
     43s        0           83.2           45.0     37.7  12348.0  30064.8  40802.2 payment
     43s        0            5.0            4.4     26.2    113.2    113.2    113.2 stockLevel
     44s        0            8.0            4.5     79.7    234.9    234.9    234.9 delivery
     44s        0           76.0           46.0     56.6    192.9    604.0   6710.9 newOrder
     44s        0            5.0            4.9      6.6     11.0     11.0     11.0 orderStatus
     44s        0           82.0           45.8     29.4    352.3  19327.4  40802.2 payment
     44s        0           10.0            4.5     29.4     71.3     71.3     71.3 stockLevel
_elapsed___errors__ops/sec(inst)___ops/sec(cum)__p50(ms)__p95(ms)__p99(ms)_pMax(ms)
     45s        0            4.0            4.5     65.0     83.9     83.9     83.9 delivery
     45s        0           50.0           46.1     39.8    151.0    167.8    167.8 newOrder
     45s        0            4.0            4.8      4.7     37.7     37.7     37.7 orderStatus
     45s        0           43.0           45.8     13.6     37.7     52.4     52.4 payment
     45s        0            6.0            4.6     14.2     37.7     37.7     37.7 stockLevel
     46s        0            1.0            4.4     41.9     41.9     41.9     41.9 delivery
     46s        0            2.0           45.1     23.1     33.6     33.6     33.6 newOrder
     46s        0            0.0            4.7      0.0      0.0      0.0      0.0 orderStatus
     46s        0            2.0           44.8      8.4     12.1     12.1     12.1 payment
     46s        0            0.0            4.5      0.0      0.0      0.0      0.0 stockLevel
     47s        0            0.0            4.3      0.0      0.0      0.0      0.0 delivery
     47s        0            0.0           44.2      0.0      0.0      0.0      0.0 newOrder
     47s        0            0.0            4.6      0.0      0.0      0.0      0.0 orderStatus
     47s        0            0.0           43.9      0.0      0.0      0.0      0.0 payment
     47s        0            0.0            4.4      0.0      0.0      0.0      0.0 stockLevel
     48s        0            1.0            4.3     50.3     50.3     50.3     50.3 delivery
     48s        0            1.0           43.3   5637.1   5637.1   5637.1   5637.1 newOrder
     48s        0            0.0            4.5      0.0      0.0      0.0      0.0 orderStatus
     48s        0            0.0           43.0      0.0      0.0      0.0      0.0 payment
     48s        0            0.0            4.3      0.0      0.0      0.0      0.0 stockLevel
_elapsed___errors__ops/sec(inst)___ops/sec(cum)__p50(ms)__p95(ms)__p99(ms)_pMax(ms)
     49s        0            7.0            4.3     71.3    151.0    151.0    151.0 delivery
     49s        0           54.0           43.5     50.3   4831.8   5100.3   5637.1 newOrder
     49s        0           10.0            4.7      6.0     11.0     11.0     11.0 orderStatus
     49s        0           57.0           43.2     26.2  12348.0  20401.1  21474.8 payment
     49s        0            6.0            4.3     17.8     25.2     25.2     25.2 stockLevel
     50s        0            6.0            4.4     71.3    151.0    151.0    151.0 delivery
     50s        0           70.0           44.0     39.8    104.9    453.0   1476.4 newOrder
     50s        0            7.0            4.7      5.8      8.9      8.9      8.9 orderStatus
     50s        0           86.0           44.1     17.8  23622.3  38654.7  45097.2 payment
     50s        0            5.0            4.3     27.3     65.0     65.0     65.0 stockLevel
     51s        0            4.0            4.4     48.2     71.3     71.3     71.3 delivery
     51s        0           61.0           44.3     35.7    838.9   6979.3   9126.8 newOrder
     51s        0            8.0            4.8      4.5     10.5     10.5     10.5 orderStatus
     51s        0           52.0           44.3     14.2  12884.9  21474.8  42949.7 payment
     51s        0            9.0            4.4     19.9   2818.6   2818.6   2818.6 stockLevel
     52s        0            6.0            4.4     52.4     96.5     96.5     96.5 delivery
     52s        0           53.0           44.5     32.5   1610.6   3489.7   9126.8 newOrder
     52s        0            6.0            4.8      5.8      8.1      8.1      8.1 orderStatus
     52s        0           47.0           44.3     13.6     46.1  22548.6  22548.6 payment
     52s        0            5.0            4.4     17.8     65.0     65.0     65.0 stockLevel
_elapsed___errors__ops/sec(inst)___ops/sec(cum)__p50(ms)__p95(ms)__p99(ms)_pMax(ms)
     53s        0            7.0            4.4     67.1     71.3     71.3     71.3 delivery
     53s        0           80.0           45.2     39.8   1409.3   7784.6   7784.6 newOrder
     53s        0            8.0            4.8      5.2     11.5     11.5     11.5 orderStatus
     53s        0           90.0           45.2     18.9  19327.4  42949.7  45097.2 payment
     53s        0            8.0            4.5     23.1    939.5    939.5    939.5 stockLevel
     54s        0            6.0            4.5     75.5    104.9    104.9    104.9 delivery
     54s        0           77.0           45.8     41.9   1677.7   3758.1   4026.5 newOrder
     54s        0            6.0            4.9      6.3     18.9     18.9     18.9 orderStatus
     54s        0           64.0           45.5     19.9     52.4  30064.8  49392.1 payment
     54s        0            6.0            4.5     18.9     24.1     24.1     24.1 stockLevel
     55s        0           11.0            4.6     58.7     71.3     75.5     75.5 delivery
     55s        0           71.0           46.2     39.8     79.7   2550.1   4160.7 newOrder
     55s        0            5.0            4.9      4.7      6.3      6.3      6.3 orderStatus
     55s        0           61.0           45.8     16.3     62.9  16643.0  23622.3 payment
     55s        0            5.0            4.5     17.8     25.2     25.2     25.2 stockLevel
     56s        0            2.0            4.5     46.1     60.8     60.8     60.8 delivery
     56s        0           51.0           46.3     29.4   1946.2   2818.6   3623.9 newOrder
     56s        0            7.0            4.9      6.0     10.5     10.5     10.5 orderStatus
     56s        0           37.0           45.6     12.1    159.4  49392.1  49392.1 payment
     56s        0            6.0            4.6     17.8   1208.0   1208.0   1208.0 stockLevel
_elapsed___errors__ops/sec(inst)___ops/sec(cum)__p50(ms)__p95(ms)__p99(ms)_pMax(ms)
     57s        0            8.0            4.6     58.7    100.7    100.7    100.7 delivery
     57s        0           68.0           46.7     37.7   3087.0   6442.5   8589.9 newOrder
     57s        0            3.0            4.9      4.7      6.8      6.8      6.8 orderStatus
     57s        0           74.0           46.1     15.7     62.9  33286.0  45097.2 payment
     57s        0            4.0            4.6     12.6     18.9     18.9     18.9 stockLevel
     58s        0            9.0            4.7     75.5     96.5     96.5     96.5 delivery
     58s        0           66.0           47.0     41.9   3623.9   4831.8   6174.0 newOrder
     58s        0            6.0            4.9      6.0      9.4      9.4      9.4 orderStatus
     58s        0           62.0           46.4     17.8     41.9     56.6     56.6 payment
     58s        0            8.0            4.6     27.3    872.4    872.4    872.4 stockLevel
     59s        0            8.0            4.7     67.1    104.9    104.9    104.9 delivery
     59s        0           80.0           47.6     46.1    906.0   1811.9   2080.4 newOrder
     59s        0            8.0            4.9      4.7      7.1      7.1      7.1 orderStatus
     59s        0           86.0           47.1     21.0   7784.6  25769.8  49392.1 payment
     59s        0            8.0            4.7     19.9     39.8     39.8     39.8 stockLevel
    1m0s        0            7.0            4.8     44.0     83.9     83.9     83.9 delivery
    1m0s        0           63.0           47.8     29.4     83.9    100.7    113.2 newOrder
    1m0s        0            6.0            5.0      4.2     15.2     15.2     15.2 orderStatus
    1m0s        0           67.0           47.4     12.1   7516.2  49392.1  49392.1 payment
    1m0s        0            7.0            4.7     18.9     58.7     58.7     58.7 stockLevel

_elapsed___errors_____ops(total)___ops/sec(cum)__avg(ms)__p50(ms)__p95(ms)__p99(ms)_pMax(ms)__total
   60.0s        0            286            4.8     71.0     65.0    142.6    192.9    352.3  delivery
   60.0s        0           2870           47.8    301.5     39.8   2080.4   5637.1  10737.4  newOrder
   60.0s        0            298            5.0      7.2      5.8     12.6     37.7     41.9  orderStatus
   60.0s        0           2845           47.4   1060.1     18.9   5637.1  26843.5  49392.1  payment
   60.0s        0            283            4.7     87.4     22.0    318.8   1208.0   3892.3  stockLevel

_elapsed___errors_____ops(total)___ops/sec(cum)__avg(ms)__p50(ms)__p95(ms)__p99(ms)_pMax(ms)__result
   60.0s        0           6582          109.7    596.8     30.4   2080.4  18253.6  49392.1  
Audit check 9.2.1.7: SKIP: not enough delivery transactions to be statistically significant
Audit check 9.2.2.5.1: SKIP: not enough orders to be statistically significant
Audit check 9.2.2.5.2: SKIP: not enough orders to be statistically significant
Audit check 9.2.2.5.3: SKIP: not enough orders to be statistically significant
Audit check 9.2.2.5.4: SKIP: not enough payments to be statistically significant
Audit check 9.2.2.5.5: SKIP: not enough payments to be statistically significant
Audit check 9.2.2.5.6: SKIP: not enough order status transactions to be statistically significant

_elapsed_______tpmC____efc__avg(ms)__p50(ms)__p90(ms)__p95(ms)__p99(ms)_pMax(ms)
   60.0s     2870.0 2231.8%    301.5     39.8    234.9   2080.4   5637.1  10737.4
