Initializing 300 connections...
Initializing 100 workers and preparing statements...
_elapsed___errors__ops/sec(inst)___ops/sec(cum)__p50(ms)__p95(ms)__p99(ms)_pMax(ms)
      1s        0            2.9            6.0     48.2     83.9     83.9     83.9 delivery
      1s        0           41.3           86.0     33.6     71.3     88.1    100.7 newOrder
      1s        0            4.8           10.0      5.0      8.9      8.9      8.9 orderStatus
      1s        0           42.8           89.0     15.2     50.3     60.8     83.9 payment
      1s        0            4.3            9.0     18.9     35.7     35.7     35.7 stockLevel
      2s        0            8.0            7.0     71.3    243.3    243.3    243.3 delivery
      2s        0           96.0           91.0     50.3    201.3    251.7    469.8 newOrder
      2s        0           10.0           10.0      6.0     21.0     21.0     21.0 orderStatus
      2s        0           97.0           93.0     27.3    226.5    318.8    385.9 payment
      2s        0           11.0           10.0     25.2    159.4    318.8    318.8 stockLevel
      3s        0           13.0            9.0     71.3     92.3    167.8    167.8 delivery
      3s        0           87.0           89.7     60.8    352.3    570.4    604.0 newOrder
      3s        0            9.0            9.7      6.3     12.1     12.1     12.1 orderStatus
      3s        0           82.0           89.3     31.5    402.7    738.2   1006.6 payment
      3s        0           11.0           10.3     41.9    117.4    209.7    209.7 stockLevel
      4s        0           12.0            9.7     88.1    285.2    335.5    335.5 delivery
      4s        0           97.0           91.5    109.1    318.8    419.4   1140.9 newOrder
      4s        0            9.0            9.5      7.6     39.8     39.8     39.8 orderStatus
      4s        0           96.0           91.0     46.1    436.2   1006.6   1073.7 payment
      4s        0            6.0            9.2     32.5    251.7    251.7    251.7 stockLevel
_elapsed___errors__ops/sec(inst)___ops/sec(cum)__p50(ms)__p95(ms)__p99(ms)_pMax(ms)
      5s        0            9.0            9.6     79.7    167.8    167.8    167.8 delivery
      5s        0           90.0           91.2     58.7    738.2    906.0    939.5 newOrder
      5s        0            8.0            9.2      6.3      7.6      7.6      7.6 orderStatus
      5s        0           86.0           90.0     35.7    872.4   1476.4   1476.4 payment
      5s        0            5.0            8.4     39.8    251.7    251.7    251.7 stockLevel
      6s        0           12.0           10.0    113.2    159.4    318.8    318.8 delivery
      6s        0           79.0           89.2    109.1    771.8   1208.0   1879.0 newOrder
      6s        0            8.0            9.0      6.8     15.2     15.2     15.2 orderStatus
      6s        0           79.0           88.2     96.5   1677.7   2013.3   2080.4 payment
      6s        0           10.0            8.7     27.3    570.4    570.4    570.4 stockLevel
      7s        0            8.0            9.7     79.7    243.3    243.3    243.3 delivery
      7s        0           89.0           89.1    104.9    872.4   1073.7   1140.9 newOrder
      7s        0           10.0            9.1      6.6     10.0     10.0     10.0 orderStatus
      7s        0           73.0           86.0    167.8   1140.9   3892.3   4026.5 payment
      7s        0           10.0            8.9     35.7    570.4    570.4    570.4 stockLevel
      8s        0           10.0            9.7    113.2    872.4    872.4    872.4 delivery
      8s        0           82.0           88.2    113.2    771.8   1073.7   1208.0 newOrder
      8s        0            8.0            9.0      6.6      8.9      8.9      8.9 orderStatus
      8s        0           95.0           87.1     56.6   1140.9   3892.3   5905.6 payment
      8s        0            7.0            8.6     48.2    285.2    285.2    285.2 stockLevel
_elapsed___errors__ops/sec(inst)___ops/sec(cum)__p50(ms)__p95(ms)__p99(ms)_pMax(ms)
      9s        0            6.0            9.3     83.9    151.0    151.0    151.0 delivery
      9s        0           80.0           87.3    113.2   1879.0   2147.5   2550.1 newOrder
      9s        0            6.0            8.7      8.9     23.1     23.1     23.1 orderStatus
      9s        0           67.0           84.9     60.8   1811.9   3087.0   3758.1 payment
      9s        0            4.0            8.1     48.2    113.2    113.2    113.2 stockLevel
     10s        0            9.0            9.3    104.9    637.5    637.5    637.5 delivery
     10s        0           78.0           86.4    121.6   1208.0   1677.7   1811.9 newOrder
     10s        0           15.0            9.3      8.4     14.7     16.3     16.3 orderStatus
     10s        0           97.0           86.1     54.5   1140.9   2550.1   3087.0 payment
     10s        0           10.0            8.3     88.1    302.0    302.0    302.0 stockLevel
_elapsed___errors__ops/sec(inst)___ops/sec(cum)__p50(ms)__p95(ms)__p99(ms)_pMax(ms)
      1s        0            4.0            4.0     71.3     71.3     71.3     71.3 delivery
      1s        0           62.0           62.1     44.0    335.5    469.8    536.9 newOrder
      1s        0            4.0            4.0      6.3      7.9      7.9      7.9 orderStatus
      1s        0           58.0           58.1     22.0    318.8    872.4    939.5 payment
      1s        0            8.0            8.0     27.3    184.5    184.5    184.5 stockLevel
      2s        0            6.0            5.0     65.0    151.0    151.0    151.0 delivery
      2s        0           70.0           66.0     54.5    260.0   1275.1   1409.3 newOrder
      2s        0            9.0            6.5      8.4     10.0     10.0     10.0 orderStatus
      2s        0           77.0           67.5     27.3    671.1   1140.9   1543.5 payment
      2s        0            8.0            8.0     25.2    226.5    226.5    226.5 stockLevel
      3s        0            6.0            5.3    100.7    260.0    260.0    260.0 delivery
      3s        0           66.0           66.0     60.8   1946.2   2080.4   2147.5 newOrder
      3s        0            7.0            6.7      7.6     12.1     12.1     12.1 orderStatus
      3s        0           50.0           61.7     28.3    234.9   1409.3   1409.3 payment
      3s        0            6.0            7.3     25.2   1543.5   1543.5   1543.5 stockLevel
      4s        0            6.0            5.5     75.5    151.0    151.0    151.0 delivery
      4s        0           81.0           69.8     56.6   1811.9   2952.8   3087.0 newOrder
      4s        0            9.0            7.3      8.1     12.6     12.6     12.6 orderStatus
      4s        0           69.0           63.5     26.2    151.0   2684.4   3489.7 payment
      4s        0           12.0            8.5     32.5   1476.4   1543.5   1543.5 stockLevel
_elapsed___errors__ops/sec(inst)___ops/sec(cum)__p50(ms)__p95(ms)__p99(ms)_pMax(ms)
      5s        0           11.0            6.6     92.3    125.8    192.9    192.9 delivery
      5s        0           80.0           71.8     71.3   1409.3   1879.0   3355.4 newOrder
      5s        0           10.0            7.8      7.9     27.3     27.3     27.3 orderStatus
      5s        0           75.0           65.8     41.9   3489.7   3892.3   4026.5 payment
      5s        0            3.0            7.4     35.7     65.0     65.0     65.0 stockLevel
      6s        0            3.0            6.0     58.7     67.1     67.1     67.1 delivery
      6s        0           72.0           71.8     52.4    838.9   1208.0   1879.0 newOrder
      6s        0            7.0            7.7      5.5     13.6     13.6     13.6 orderStatus
      6s        0           76.0           67.5     25.2   2415.9   4160.7   5368.7 payment
      6s        0            9.0            7.7     24.1    838.9    838.9    838.9 stockLevel
      7s        0            6.0            6.0     58.7    104.9    104.9    104.9 delivery
      7s        0           77.0           72.6     58.7   1610.6   2281.7   2550.1 newOrder
      7s        0            2.0            6.9      8.9     11.5     11.5     11.5 orderStatus
      7s        0           73.0           68.3     29.4   2281.7   4831.8   5637.1 payment
      7s        0            9.0            7.9     30.4   1342.2   1342.2   1342.2 stockLevel
      8s        0            8.0            6.3     79.7    268.4    268.4    268.4 delivery
      8s        0           71.0           72.4     48.2    436.2    520.1   2013.3 newOrder
      8s        0            9.0            7.1      8.4     16.8     16.8     16.8 orderStatus
      8s        0           70.0           68.5     27.3   4563.4   5637.1   5637.1 payment
      8s        0           10.0            8.1     24.1    134.2    134.2    134.2 stockLevel
_elapsed___errors__ops/sec(inst)___ops/sec(cum)__p50(ms)__p95(ms)__p99(ms)_pMax(ms)
      9s        0            6.0            6.2     65.0     92.3     92.3     92.3 delivery
      9s        0           91.0           74.5     54.5   1879.0   2818.6   3489.7 newOrder
      9s        0            9.0            7.3      7.1     14.7     14.7     14.7 orderStatus
      9s        0           62.0           67.8     26.2    218.1   3623.9   5100.3 payment
      9s        0            6.0            7.9     52.4    906.0    906.0    906.0 stockLevel
     10s        0            6.0            6.2     60.8     83.9     83.9     83.9 delivery
     10s        0           46.0           71.6     39.8    604.0   2684.4   2684.4 newOrder
     10s        0            5.0            7.1      5.2      5.8      5.8      5.8 orderStatus
     10s        0           43.0           65.3     19.9   5905.6   8321.5   8321.5 payment
     10s        0            4.0            7.5     19.9     27.3     27.3     27.3 stockLevel
     11s        0           11.0            6.6     58.7     92.3    134.2    134.2 delivery
     11s        0           63.0           70.8     41.9    385.9    704.6   1073.7 newOrder
     11s        0           11.0            7.5      4.7      6.0     10.5     10.5 orderStatus
     11s        0           88.0           67.4     18.9   2952.8   5368.7   7784.6 payment
     11s        0            8.0            7.5     19.9     37.7     37.7     37.7 stockLevel
     12s        0            5.0            6.5     48.2    117.4    117.4    117.4 delivery
     12s        0           52.0           69.3     31.5     52.4    671.1   3758.1 newOrder
     12s        0            3.0            7.1      5.8      6.3      6.3      6.3 orderStatus
     12s        0           45.0           65.5     13.1     54.5   8053.1   8053.1 payment
     12s        0            6.0            7.4     15.2     24.1     24.1     24.1 stockLevel
_elapsed___errors__ops/sec(inst)___ops/sec(cum)__p50(ms)__p95(ms)__p99(ms)_pMax(ms)
     13s        0            7.0            6.5     71.3    142.6    142.6    142.6 delivery
     13s        0           77.0           69.9     41.9   3221.2   4831.8   5637.1 newOrder
     13s        0            7.0            7.1      6.3     10.5     10.5     10.5 orderStatus
     13s        0           80.0           66.6     21.0     96.5   7247.8   7247.8 payment
     13s        0            9.0            7.5     31.5   1342.2   1342.2   1342.2 stockLevel
     14s        0            6.0            6.5     58.7     71.3     71.3     71.3 delivery
     14s        0           70.0           69.9     31.5   2952.8   4831.8   4831.8 newOrder
     14s        0            7.0            7.1      4.5     10.5     10.5     10.5 orderStatus
     14s        0           59.0           66.1     14.7     44.0     65.0   7516.2 payment
     14s        0            5.0            7.4     17.8     35.7     35.7     35.7 stockLevel
     15s        0            7.0            6.5     56.6    121.6    121.6    121.6 delivery
     15s        0           90.0           71.2     37.7   2818.6   4563.4   6174.0 newOrder
     15s        0           10.0            7.3      5.8     21.0     21.0     21.0 orderStatus
     15s        0           83.0           67.2     15.7   5368.7   9663.7   9663.7 payment
     15s        0            6.0            7.3     24.1     52.4     52.4     52.4 stockLevel
     16s        0            7.0            6.6     67.1    104.9    104.9    104.9 delivery
     16s        0           69.0           71.1     44.0    771.8    838.9   1946.2 newOrder
     16s        0            6.0            7.2      5.8      8.4      8.4      8.4 orderStatus
     16s        0           62.0           66.9     22.0   4831.8  12884.9  13421.8 payment
     16s        0            4.0            7.1     17.8     26.2     26.2     26.2 stockLevel
_elapsed___errors__ops/sec(inst)___ops/sec(cum)__p50(ms)__p95(ms)__p99(ms)_pMax(ms)
     17s        0            0.0            6.2      0.0      0.0      0.0      0.0 delivery
     17s        0            0.0           66.9      0.0      0.0      0.0      0.0 newOrder
     17s        0            0.0            6.8      0.0      0.0      0.0      0.0 orderStatus
     17s        0            0.0           62.9      0.0      0.0      0.0      0.0 payment
     17s        0            0.0            6.6      0.0      0.0      0.0      0.0 stockLevel
     18s        0            0.0            5.8      0.0      0.0      0.0      0.0 delivery
     18s        0            4.0           63.4     27.3   6442.5   6442.5   6442.5 newOrder
     18s        0            1.0            6.4      5.0      5.0      5.0      5.0 orderStatus
     18s        0            5.0           59.7     11.0     13.6     13.6     13.6 payment
     18s        0            0.0            6.3      0.0      0.0      0.0      0.0 stockLevel
     19s        0            0.0            5.5      0.0      0.0      0.0      0.0 delivery
     19s        0            0.0           60.1      0.0      0.0      0.0      0.0 newOrder
     19s        0            0.0            6.1      0.0      0.0      0.0      0.0 orderStatus
     19s        0            0.0           56.6      0.0      0.0      0.0      0.0 payment
     19s        0            0.0            5.9      0.0      0.0      0.0      0.0 stockLevel
     20s        0            1.0            5.3     44.0     44.0     44.0     44.0 delivery
     20s        0           31.0           58.6     32.5   5100.3   5100.3   5100.3 newOrder
     20s        0            3.0            6.0      4.5      9.4      9.4      9.4 orderStatus
     20s        0           22.0           54.9     13.6   6442.5   9126.8   9126.8 payment
     20s        0            3.0            5.8     39.8   4563.4   4563.4   4563.4 stockLevel
_elapsed___errors__ops/sec(inst)___ops/sec(cum)__p50(ms)__p95(ms)__p99(ms)_pMax(ms)
     21s        0            7.0            5.4     52.4     88.1     88.1     88.1 delivery
     21s        0           45.0           58.0     30.4     62.9    100.7    100.7 newOrder
     21s        0            4.0            5.9      4.2      7.3      7.3      7.3 orderStatus
     21s        0           40.0           54.1     15.2  16106.1  19327.4  19327.4 payment
     21s        0            3.0            5.7     13.6     17.8     17.8     17.8 stockLevel
     22s        0            0.0            5.1      0.0      0.0      0.0      0.0 delivery
     22s        0           13.0           55.9     24.1   6174.0   6979.3   6979.3 newOrder
     22s        0            2.0            5.7      3.8      8.4      8.4      8.4 orderStatus
     22s        0           12.0           52.2      9.4     12.1     17.8     17.8 payment
     22s        0            2.0            5.5     10.5     19.9     19.9     19.9 stockLevel
     23s        0            0.0            4.9      0.0      0.0      0.0      0.0 delivery
     23s        0            0.0           53.5      0.0      0.0      0.0      0.0 newOrder
     23s        0            0.0            5.4      0.0      0.0      0.0      0.0 orderStatus
     23s        0            0.0           50.0      0.0      0.0      0.0      0.0 payment
     23s        0            0.0            5.3      0.0      0.0      0.0      0.0 stockLevel
     24s        0            0.0            4.7      0.0      0.0      0.0      0.0 delivery
     24s        0            0.0           51.3      0.0      0.0      0.0      0.0 newOrder
     24s        0            0.0            5.2      0.0      0.0      0.0      0.0 orderStatus
     24s        0            0.0           47.9      0.0      0.0      0.0      0.0 payment
     24s        0            0.0            5.0      0.0      0.0      0.0      0.0 stockLevel
_elapsed___errors__ops/sec(inst)___ops/sec(cum)__p50(ms)__p95(ms)__p99(ms)_pMax(ms)
     25s        0            0.0            4.5      0.0      0.0      0.0      0.0 delivery
     25s        0            0.0           49.2      0.0      0.0      0.0      0.0 newOrder
     25s        0            0.0            5.0      0.0      0.0      0.0      0.0 orderStatus
     25s        0            0.0           46.0      0.0      0.0      0.0      0.0 payment
     25s        0            0.0            4.8      0.0      0.0      0.0      0.0 stockLevel
     26s        0            1.0            4.4     60.8     60.8     60.8     60.8 delivery
     26s        0           22.0           48.2     39.8   6174.0  11274.3  11274.3 newOrder
     26s        0            3.0            4.9      4.7     15.7     15.7     15.7 orderStatus
     26s        0           23.0           45.1     27.3  19327.4  20401.1  20401.1 payment
     26s        0            1.0            4.7     21.0     21.0     21.0     21.0 stockLevel
     27s        0            9.0            4.6     65.0    142.6    142.6    142.6 delivery
     27s        0           76.0           49.2     39.8     92.3    151.0    167.8 newOrder
     27s        0           10.0            5.1      5.5      8.9      8.9      8.9 orderStatus
     27s        0           94.0           46.9     24.1  13958.6  23622.3  24696.1 payment
     27s        0           11.0            4.9     21.0     52.4     54.5     54.5 stockLevel
     28s        0            3.0            4.5     54.5     62.9     62.9     62.9 delivery
     28s        0           35.0           48.7     37.7    167.8   1476.4   1476.4 newOrder
     28s        0            4.0            5.1      4.7     13.1     13.1     13.1 orderStatus
     28s        0           43.0           46.8     14.2   8321.5  12348.0  12348.0 payment
     28s        0            2.0            4.8     12.1     15.7     15.7     15.7 stockLevel
_elapsed___errors__ops/sec(inst)___ops/sec(cum)__p50(ms)__p95(ms)__p99(ms)_pMax(ms)
     29s        0            3.0            4.4     52.4    130.0    130.0    130.0 delivery
     29s        0           18.0           47.6     27.3   1677.7   2415.9   2415.9 newOrder
     29s        0            1.0            4.9      7.3      7.3      7.3      7.3 orderStatus
     29s        0           25.0           46.0     11.5   6979.3  14495.5  14495.5 payment
     29s        0            5.0            4.8     18.9   2415.9   2415.9   2415.9 stockLevel
     30s        0            4.0            4.4     54.5     60.8     60.8     60.8 delivery
     30s        0           48.0           47.6     30.4   2952.8   9126.8   9126.8 newOrder
     30s        0            2.0            4.8      4.1      4.5      4.5      4.5 orderStatus
     30s        0           31.0           45.5     11.5     27.3  26843.5  26843.5 payment
     30s        0            4.0            4.8     17.8     25.2     25.2     25.2 stockLevel
     31s        0            1.0            4.3     41.9     41.9     41.9     41.9 delivery
     31s        0            6.0           46.3     26.2     35.7     35.7     35.7 newOrder
     31s        0            1.0            4.7      3.4      3.4      3.4      3.4 orderStatus
     31s        0           10.0           44.4     10.5     25.2     25.2     25.2 payment
     31s        0            1.0            4.7     21.0     21.0     21.0     21.0 stockLevel
     32s        0            1.0            4.2     37.7     37.7     37.7     37.7 delivery
     32s        0           18.0           45.4     30.4   4160.7   4295.0   4295.0 newOrder
     32s        0            0.0            4.6      0.0      0.0      0.0      0.0 orderStatus
     32s        0           10.0           43.3     11.5  25769.8  25769.8  25769.8 payment
     32s        0            2.0            4.6     18.9     27.3     27.3     27.3 stockLevel
_elapsed___errors__ops/sec(inst)___ops/sec(cum)__p50(ms)__p95(ms)__p99(ms)_pMax(ms)
     33s        0            1.0            4.1     67.1     67.1     67.1     67.1 delivery
     33s        0           25.0           44.8     58.7   5637.1  17179.9  17179.9 newOrder
     33s        0            3.0            4.5      4.5      8.4      8.4      8.4 orderStatus
     33s        0           34.0           43.0     27.3  12884.9  26843.5  26843.5 payment
     33s        0            3.0            4.5     52.4     75.5     75.5     75.5 stockLevel
     34s        0           11.0            4.3     88.1    176.2    192.9    192.9 delivery
     34s        0           76.0           45.7     60.8    251.7   6442.5  11811.2 newOrder
     34s        0            8.0            4.6      6.3      7.3      7.3      7.3 orderStatus
     34s        0           76.0           44.0     28.3    302.0  25769.8  27917.3 payment
     34s        0            7.0            4.6     29.4    142.6    142.6    142.6 stockLevel
     35s        0            3.0            4.3     62.9     79.7     79.7     79.7 delivery
     35s        0           34.0           45.4     35.7     52.4     83.9     83.9 newOrder
     35s        0            3.0            4.6      4.7      5.0      5.0      5.0 orderStatus
     35s        0           29.0           43.5     16.3     27.3     52.4     52.4 payment
     35s        0            2.0            4.5     10.0     44.0     44.0     44.0 stockLevel
     36s        0            3.0            4.3     75.5    109.1    109.1    109.1 delivery
     36s        0           26.0           44.8     32.5   1409.3   3758.1   3758.1 newOrder
     36s        0            1.0            4.5     17.8     17.8     17.8     17.8 orderStatus
     36s        0           23.0           43.0     13.1   8321.5  20401.1  20401.1 payment
     36s        0            3.0            4.5     18.9     18.9     18.9     18.9 stockLevel
_elapsed___errors__ops/sec(inst)___ops/sec(cum)__p50(ms)__p95(ms)__p99(ms)_pMax(ms)
     37s        0            0.0            4.1      0.0      0.0      0.0      0.0 delivery
     37s        0            0.0           43.6      0.0      0.0      0.0      0.0 newOrder
     37s        0            0.0            4.4      0.0      0.0      0.0      0.0 orderStatus
     37s        0            0.0           41.8      0.0      0.0      0.0      0.0 payment
     37s        0            0.0            4.4      0.0      0.0      0.0      0.0 stockLevel
     38s        0            0.0            4.0      0.0      0.0      0.0      0.0 delivery
     38s        0            0.0           42.5      0.0      0.0      0.0      0.0 newOrder
     38s        0            0.0            4.2      0.0      0.0      0.0      0.0 orderStatus
     38s        0            0.0           40.7      0.0      0.0      0.0      0.0 payment
     38s        0            0.0            4.3      0.0      0.0      0.0      0.0 stockLevel
     39s        0            4.0            4.0     75.5    125.8    125.8    125.8 delivery
     39s        0           39.0           42.4     46.1   5637.1   6174.0   6174.0 newOrder
     39s        0            2.0            4.2      5.8      6.8      6.8      6.8 orderStatus
     39s        0           38.0           40.6     21.0  28991.0  28991.0  28991.0 payment
     39s        0            3.0            4.2     16.8     25.2     25.2     25.2 stockLevel
     40s        0            9.0            4.2     75.5    167.8    167.8    167.8 delivery
     40s        0           76.0           43.2     65.0    218.1   4026.5   4295.0 newOrder
     40s        0            9.0            4.3      8.9     12.1     12.1     12.1 orderStatus
     40s        0           88.0           41.8     35.7  12348.0  20401.1  24696.1 payment
     40s        0            6.0            4.3     44.0    151.0    151.0    151.0 stockLevel
_elapsed___errors__ops/sec(inst)___ops/sec(cum)__p50(ms)__p95(ms)__p99(ms)_pMax(ms)
     41s        0            7.0            4.2     79.7    167.8    167.8    167.8 delivery
     41s        0           87.0           44.3     48.2    226.5    402.7    671.1 newOrder
     41s        0            8.0            4.4      7.1     23.1     23.1     23.1 orderStatus
     41s        0           68.0           42.5     28.3  28991.0  40802.2  40802.2 payment
     41s        0            5.0            4.3     18.9     24.1     24.1     24.1 stockLevel
     42s        0            7.0            4.3     92.3    134.2    134.2    134.2 delivery
     42s        0           75.0           45.0     54.5    184.5   2684.4   6979.3 newOrder
     42s        0           11.0            4.5      6.8     11.5     13.6     13.6 orderStatus
     42s        0           67.0           43.0     31.5   7516.2  28991.0  32212.3 payment
     42s        0            8.0            4.4     22.0     50.3     50.3     50.3 stockLevel
     43s        0            7.0            4.3     67.1    109.1    109.1    109.1 delivery
     43s        0           66.0           45.5     37.7    604.0   2952.8   3355.4 newOrder
     43s        0            3.0            4.5      5.0     10.0     10.0     10.0 orderStatus
     43s        0           68.0           43.6     17.8   6979.3  34359.7  38654.7 payment
     43s        0            6.0            4.4     16.3     44.0     44.0     44.0 stockLevel
     44s        0            6.0            4.4     50.3     75.5     75.5     75.5 delivery
     44s        0           45.0           45.5     29.4     41.9     48.2     48.2 newOrder
     44s        0            5.0            4.5      4.5      5.2      5.2      5.2 orderStatus
     44s        0           38.0           43.5     11.0     18.9  40802.2  40802.2 payment
     44s        0            3.0            4.4     14.7     15.2     15.2     15.2 stockLevel
_elapsed___errors__ops/sec(inst)___ops/sec(cum)__p50(ms)__p95(ms)__p99(ms)_pMax(ms)
     45s        0            1.0            4.3     56.6     56.6     56.6     56.6 delivery
     45s        0           25.0           45.0     52.4   4831.8   5637.1   5637.1 newOrder
     45s        0            1.0            4.4      6.3      6.3      6.3      6.3 orderStatus
     45s        0           18.0           42.9     15.7     30.4  45097.2  45097.2 payment
     45s        0            2.0            4.3     21.0   2952.8   2952.8   2952.8 stockLevel
     46s        0            7.0            4.4    104.9    176.2    176.2    176.2 delivery
     46s        0           74.0           45.7     62.9    167.8   2550.1   5637.1 newOrder
     46s        0           10.0            4.6      8.9     41.9     41.9     41.9 orderStatus
     46s        0           66.0           43.4     32.5  38654.7  40802.2  40802.2 payment
     46s        0           10.0            4.5     29.4    318.8    318.8    318.8 stockLevel
     47s        0           11.0            4.5     75.5    113.2    209.7    209.7 delivery
     47s        0           60.0           46.0     48.2     83.9    104.9    109.1 newOrder
     47s        0            6.0            4.6      5.0      9.4      9.4      9.4 orderStatus
     47s        0           59.0           43.8     25.2   5100.3  38654.7  42949.7 payment
     47s        0            6.0            4.5     29.4     65.0     65.0     65.0 stockLevel
     48s        0            6.0            4.5     71.3    151.0    151.0    151.0 delivery
     48s        0           83.0           46.8     52.4   2415.9   6442.5   7247.8 newOrder
     48s        0            8.0            4.7      6.3     17.8     17.8     17.8 orderStatus
     48s        0           70.0           44.3     24.1    192.9   4563.4  11811.2 payment
     48s        0           10.0            4.6     25.2   2147.5   2147.5   2147.5 stockLevel
_elapsed___errors__ops/sec(inst)___ops/sec(cum)__p50(ms)__p95(ms)__p99(ms)_pMax(ms)
     49s        0            7.0            4.6     75.5     88.1     88.1     88.1 delivery
     49s        0           83.0           47.5     46.1    151.0   2415.9   8321.5 newOrder
     49s        0            9.0            4.8      6.6     11.0     11.0     11.0 orderStatus
     49s        0           96.0           45.4     23.1    130.0   4563.4  14495.5 payment
     49s        0            9.0            4.7     19.9     52.4     52.4     52.4 stockLevel
     50s        0            0.0            4.5      0.0      0.0      0.0      0.0 delivery
     50s        0           12.0           46.8     27.3     35.7     50.3     50.3 newOrder
     50s        0            1.0            4.7      3.8      3.8      3.8      3.8 orderStatus
     50s        0            7.0           44.6      8.9     11.5     11.5     11.5 payment
     50s        0            1.0            4.6     15.7     15.7     15.7     15.7 stockLevel
     51s        0            5.0            4.5     92.3    159.4    159.4    159.4 delivery
     51s        0           68.0           47.2     41.9   2415.9   4026.5  10200.5 newOrder
     51s        0            6.0            4.7      6.8     30.4     30.4     30.4 orderStatus
     51s        0           76.0           45.2     22.0  12348.0  24696.1  24696.1 payment
     51s        0            8.0            4.7     26.2    402.7    402.7    402.7 stockLevel
     52s        0           11.0            4.6     60.8     88.1    151.0    151.0 delivery
     52s        0           67.0           47.6     41.9    872.4   1543.5   2952.8 newOrder
     52s        0            8.0            4.8      5.0      7.6      7.6      7.6 orderStatus
     52s        0           78.0           45.8     18.9  10737.4  36507.2  45097.2 payment
     52s        0            9.0            4.8     24.1    100.7    100.7    100.7 stockLevel
_elapsed___errors__ops/sec(inst)___ops/sec(cum)__p50(ms)__p95(ms)__p99(ms)_pMax(ms)
     53s        0            7.0            4.7     83.9    192.9    192.9    192.9 delivery
     53s        0           59.0           47.8     37.7     75.5    100.7   1275.1 newOrder
     53s        0            7.0            4.8      5.8      9.4      9.4      9.4 orderStatus
     53s        0           56.0           46.0     16.8     88.1  32212.3  49392.1 payment
     53s        0            5.0            4.8     17.8     23.1     23.1     23.1 stockLevel
     54s        0            0.0            4.6      0.0      0.0      0.0      0.0 delivery
     54s        0            0.0           46.9      0.0      0.0      0.0      0.0 newOrder
     54s        0            0.0            4.7      0.0      0.0      0.0      0.0 orderStatus
     54s        0            0.0           45.2      0.0      0.0      0.0      0.0 payment
     54s        0            0.0            4.7      0.0      0.0      0.0      0.0 stockLevel
     55s        0            0.0            4.5      0.0      0.0      0.0      0.0 delivery
     55s        0            0.0           46.1      0.0      0.0      0.0      0.0 newOrder
     55s        0            0.0            4.6      0.0      0.0      0.0      0.0 orderStatus
     55s        0            0.0           44.4      0.0      0.0      0.0      0.0 payment
     55s        0            0.0            4.6      0.0      0.0      0.0      0.0 stockLevel
     56s        0            3.0            4.5     62.9     65.0     65.0     65.0 delivery
     56s        0           43.0           46.0     41.9   5100.3   6979.3   6979.3 newOrder
     56s        0            4.0            4.6      5.2      6.8      6.8      6.8 orderStatus
     56s        0           42.0           44.3     17.8   8589.9  16643.0  16643.0 payment
     56s        0            4.0            4.6     18.9   2952.8   2952.8   2952.8 stockLevel
_elapsed___errors__ops/sec(inst)___ops/sec(cum)__p50(ms)__p95(ms)__p99(ms)_pMax(ms)
     57s        0            5.0            4.5     60.8     75.5     75.5     75.5 delivery
     57s        0           53.0           46.1     35.7     83.9   5100.3  11274.3 newOrder
     57s        0            5.0            4.6      5.8      8.9      8.9      8.9 orderStatus
     57s        0           67.0           44.7     15.2   8321.5  16106.1  16106.1 payment
     57s        0            6.0            4.6     15.7     60.8     60.8     60.8 stockLevel
     58s        0            3.0            4.5     44.0     88.1     88.1     88.1 delivery
     58s        0           35.0           45.9     27.3     41.9   7247.8   7247.8 newOrder
     58s        0            2.0            4.6      4.1      4.7      4.7      4.7 orderStatus
     58s        0           26.0           44.4     10.0     11.5     11.5     11.5 payment
     58s        0            4.0            4.6     11.0     15.7     15.7     15.7 stockLevel
     59s        0            2.0            4.4     56.6     92.3     92.3     92.3 delivery
     59s        0           23.0           45.5     32.5   6979.3   8053.1   8053.1 newOrder
     59s        0            2.0            4.5      3.5      3.8      3.8      3.8 orderStatus
     59s        0           19.0           44.0     10.5   3221.2   9663.7   9663.7 payment
     59s        0            1.0            4.5     13.1     13.1     13.1     13.1 stockLevel
    1m0s        0            2.0            4.4     41.9     46.1     46.1     46.1 delivery
    1m0s        0           22.0           45.2     26.2   2952.8   3758.1   3758.1 newOrder
    1m0s        0            4.0            4.5      4.5      6.0      6.0      6.0 orderStatus
    1m0s        0           14.0           43.5     12.1     16.3  33286.0  33286.0 payment
    1m0s        0            4.0            4.5     14.2     17.8     17.8     17.8 stockLevel

_elapsed___errors_____ops(total)___ops/sec(cum)__avg(ms)__p50(ms)__p95(ms)__p99(ms)_pMax(ms)__total
   60.0s        0            263            4.4     79.4     71.3    167.8    251.7    268.4  delivery
   60.0s        0           2709           45.2    316.0     44.0   1946.2   5637.1  17179.9  newOrder
   60.0s        0            272            4.5      7.1      6.0     13.6     23.1     41.9  orderStatus
   60.0s        0           2608           43.5    979.4     22.0   5100.3  26843.5  49392.1  payment
   60.0s        0            272            4.5    130.3     24.1    402.7   2415.9   4563.4  stockLevel

_elapsed___errors_____ops(total)___ops/sec(cum)__avg(ms)__p50(ms)__p95(ms)__p99(ms)_pMax(ms)__result
   60.0s        0           6124          102.1    566.4     33.6   2147.5  14495.5  49392.1  
Audit check 9.2.1.7: SKIP: not enough delivery transactions to be statistically significant
Audit check 9.2.2.5.1: SKIP: not enough orders to be statistically significant
Audit check 9.2.2.5.2: SKIP: not enough orders to be statistically significant
Audit check 9.2.2.5.3: SKIP: not enough orders to be statistically significant
Audit check 9.2.2.5.4: SKIP: not enough payments to be statistically significant
Audit check 9.2.2.5.5: SKIP: not enough payments to be statistically significant
Audit check 9.2.2.5.6: SKIP: not enough order status transactions to be statistically significant

_elapsed_______tpmC____efc__avg(ms)__p50(ms)__p90(ms)__p95(ms)__p99(ms)_pMax(ms)
   60.0s     2709.0 2106.5%    316.0     44.0    436.2   1946.2   5637.1  17179.9
