randw-4K-n1-c1: (g=0): rw=randwrite, bs=(R) 4096B-4096B, (W) 4096B-4096B, (T) 4096B-4096B, ioengine=libaio, iodepth=32
randw-4K-n2-c2: (g=1): rw=randwrite, bs=(R) 4096B-4096B, (W) 4096B-4096B, (T) 4096B-4096B, ioengine=libaio, iodepth=32
...
randw-4K-n4-c4: (g=2): rw=randwrite, bs=(R) 4096B-4096B, (W) 4096B-4096B, (T) 4096B-4096B, ioengine=libaio, iodepth=32
...
randw-4K-n8-c8: (g=3): rw=randwrite, bs=(R) 4096B-4096B, (W) 4096B-4096B, (T) 4096B-4096B, ioengine=libaio, iodepth=32
...
randw-4K-n12-c12: (g=4): rw=randwrite, bs=(R) 4096B-4096B, (W) 4096B-4096B, (T) 4096B-4096B, ioengine=libaio, iodepth=32
...
fio-3.1
Starting 27 processes

randw-4K-n1-c1: (groupid=0, jobs=1): err= 0: pid=1224: Wed Jul 24 14:53:13 2019
  write: IOPS=52.1k, BW=204MiB/s (213MB/s)(6108MiB/30001msec)
    slat (usec): min=2, max=768, avg= 3.10, stdev= 1.57
    clat (usec): min=227, max=1400, avg=607.97, stdev=60.85
     lat (usec): min=230, max=1403, avg=611.74, stdev=60.70
    clat percentiles (usec):
     | 10.000th=[  586], 20.000th=[  594], 30.000th=[  603], 40.000th=[  611],
     | 50.000th=[  619], 70.000th=[  627], 90.000th=[  652], 99.000th=[  676],
     | 99.900th=[ 1045], 99.990th=[ 1319], 99.999th=[ 1369]
   bw (  KiB/s): min=159899, max=329237, per=78.81%, avg=164303.03, stdev=22830.48, samples=59
   iops        : min=39974, max=82309, avg=41075.36, stdev=5707.65, samples=59
  lat (usec)   : 250=0.07%, 500=5.01%, 750=94.79%, 1000=0.01%
  lat (msec)   : 2=0.11%
  cpu          : usr=21.95%, sys=34.08%, ctx=1429314, majf=0, minf=10
  IO depths    : 1=0.1%, 2=0.1%, 4=0.1%, 8=0.1%, 16=0.1%, 32=100.0%, >=64=0.0%
     submit    : 0=0.0%, 4=100.0%, 8=0.0%, 16=0.0%, 32=0.0%, 64=0.0%, >=64=0.0%
     complete  : 0=0.0%, 4=100.0%, 8=0.0%, 16=0.0%, 32=0.1%, 64=0.0%, >=64=0.0%
     issued rwt: total=0,1563641,0, short=0,0,0, dropped=0,0,0
     latency   : target=0, window=0, percentile=100.00%, depth=32
randw-4K-n2-c2: (groupid=1, jobs=2): err= 0: pid=1229: Wed Jul 24 14:53:13 2019
  write: IOPS=51.9k, BW=203MiB/s (213MB/s)(6081MiB/30002msec)
    slat (usec): min=2, max=978, avg= 3.43, stdev= 2.60
    clat (usec): min=176, max=3721, avg=1226.90, stdev=97.01
     lat (usec): min=183, max=3728, avg=1231.03, stdev=96.75
    clat percentiles (usec):
     | 10.000th=[ 1205], 20.000th=[ 1221], 30.000th=[ 1221], 40.000th=[ 1237],
     | 50.000th=[ 1237], 70.000th=[ 1254], 90.000th=[ 1287], 99.000th=[ 1319],
     | 99.900th=[ 1680], 99.990th=[ 2114], 99.999th=[ 3687]
   bw (  KiB/s): min=79899, max=122764, per=39.68%, avg=82346.92, stdev=7080.09, samples=118
   iops        : min=19974, max=30691, avg=20586.35, stdev=1770.02, samples=118
  lat (usec)   : 250=0.01%, 500=0.01%, 750=1.18%, 1000=2.25%
  lat (msec)   : 2=96.54%, 4=0.03%
  cpu          : usr=11.89%, sys=18.00%, ctx=1417474, majf=0, minf=16
  IO depths    : 1=0.1%, 2=0.1%, 4=0.1%, 8=0.1%, 16=0.1%, 32=100.0%, >=64=0.0%
     submit    : 0=0.0%, 4=100.0%, 8=0.0%, 16=0.0%, 32=0.0%, 64=0.0%, >=64=0.0%
     complete  : 0=0.0%, 4=100.0%, 8=0.0%, 16=0.0%, 32=0.1%, 64=0.0%, >=64=0.0%
     issued rwt: total=0,1556657,0, short=0,0,0, dropped=0,0,0
     latency   : target=0, window=0, percentile=100.00%, depth=32
randw-4K-n4-c4: (groupid=2, jobs=4): err= 0: pid=1233: Wed Jul 24 14:53:13 2019
  write: IOPS=51.9k, BW=203MiB/s (213MB/s)(6081MiB/30003msec)
    slat (usec): min=2, max=887, avg= 4.45, stdev= 3.32
    clat (usec): min=212, max=9927, avg=2458.59, stdev=193.12
     lat (usec): min=224, max=9932, avg=2463.83, stdev=192.92
    clat percentiles (usec):
     | 10.000th=[ 2442], 20.000th=[ 2442], 30.000th=[ 2474], 40.000th=[ 2474],
     | 50.000th=[ 2507], 70.000th=[ 2507], 90.000th=[ 2540], 99.000th=[ 2606],
     | 99.900th=[ 2933], 99.990th=[ 3818], 99.999th=[ 9896]
   bw (  KiB/s): min=46823, max=66272, per=23.18%, avg=48120.24, stdev=3227.79, samples=236
   iops        : min=11705, max=16568, avg=12029.71, stdev=806.99, samples=236
  lat (usec)   : 250=0.01%, 500=0.01%, 750=0.01%, 1000=0.01%
  lat (msec)   : 2=3.70%, 4=96.27%, 10=0.01%
  cpu          : usr=6.64%, sys=10.68%, ctx=1244206, majf=0, minf=36
  IO depths    : 1=0.1%, 2=0.1%, 4=0.1%, 8=0.1%, 16=0.1%, 32=100.0%, >=64=0.0%
     submit    : 0=0.0%, 4=100.0%, 8=0.0%, 16=0.0%, 32=0.0%, 64=0.0%, >=64=0.0%
     complete  : 0=0.0%, 4=100.0%, 8=0.0%, 16=0.0%, 32=0.1%, 64=0.0%, >=64=0.0%
     issued rwt: total=0,1556862,0, short=0,0,0, dropped=0,0,0
     latency   : target=0, window=0, percentile=100.00%, depth=32
randw-4K-n8-c8: (groupid=3, jobs=8): err= 0: pid=1240: Wed Jul 24 14:53:13 2019
  write: IOPS=51.8k, BW=202MiB/s (212MB/s)(6074MiB/30005msec)
    slat (usec): min=2, max=5590, avg=116.74, stdev=330.99
    clat (usec): min=244, max=16399, avg=4817.84, stdev=1592.39
     lat (usec): min=252, max=16465, avg=4935.72, stdev=1632.38
    clat percentiles (usec):
     | 10.000th=[ 3097], 20.000th=[ 3490], 30.000th=[ 3752], 40.000th=[ 4178],
     | 50.000th=[ 4555], 70.000th=[ 5407], 90.000th=[ 7046], 99.000th=[ 9503],
     | 99.900th=[11731], 99.990th=[13698], 99.999th=[15401]
   bw (  KiB/s): min=15023, max=32926, per=9.01%, avg=18683.55, stdev=3197.63, samples=472
   iops        : min= 3755, max= 8231, avg=4670.52, stdev=799.40, samples=472
  lat (usec)   : 250=0.01%, 500=0.01%, 750=0.01%, 1000=0.01%
  lat (msec)   : 2=0.25%, 4=36.85%, 10=62.25%, 20=0.64%
  cpu          : usr=4.41%, sys=5.66%, ctx=451299, majf=0, minf=80
  IO depths    : 1=0.1%, 2=0.1%, 4=0.1%, 8=0.1%, 16=0.1%, 32=100.0%, >=64=0.0%
     submit    : 0=0.0%, 4=100.0%, 8=0.0%, 16=0.0%, 32=0.0%, 64=0.0%, >=64=0.0%
     complete  : 0=0.0%, 4=100.0%, 8=0.0%, 16=0.0%, 32=0.1%, 64=0.0%, >=64=0.0%
     issued rwt: total=0,1554910,0, short=0,0,0, dropped=0,0,0
     latency   : target=0, window=0, percentile=100.00%, depth=32
randw-4K-n12-c12: (groupid=4, jobs=12): err= 0: pid=1251: Wed Jul 24 14:53:13 2019
  write: IOPS=52.9k, BW=207MiB/s (217MB/s)(6205MiB/30004msec)
    slat (usec): min=2, max=6603, avg=20.03, stdev=153.73
    clat (usec): min=358, max=22089, avg=7225.16, stdev=1042.43
     lat (usec): min=366, max=22111, avg=7246.79, stdev=1059.72
    clat percentiles (usec):
     | 10.000th=[ 6783], 20.000th=[ 6980], 30.000th=[ 7373], 40.000th=[ 7439],
     | 50.000th=[ 7439], 70.000th=[ 7504], 90.000th=[ 7570], 99.000th=[10290],
     | 99.900th=[13698], 99.990th=[16909], 99.999th=[19792]
   bw (  KiB/s): min=14968, max=33991, per=8.36%, avg=17702.87, stdev=2541.87, samples=720
   iops        : min= 3742, max= 8497, avg=4425.52, stdev=635.46, samples=720
  lat (usec)   : 500=0.01%, 750=0.01%, 1000=0.01%
  lat (msec)   : 2=0.01%, 4=4.70%, 10=94.10%, 20=1.19%, 50=0.01%
  cpu          : usr=4.48%, sys=5.60%, ctx=582590, majf=0, minf=120
  IO depths    : 1=0.1%, 2=0.1%, 4=0.1%, 8=0.1%, 16=0.1%, 32=100.0%, >=64=0.0%
     submit    : 0=0.0%, 4=100.0%, 8=0.0%, 16=0.0%, 32=0.0%, 64=0.0%, >=64=0.0%
     complete  : 0=0.0%, 4=100.0%, 8=0.0%, 16=0.0%, 32=0.1%, 64=0.0%, >=64=0.0%
     issued rwt: total=0,1588376,0, short=0,0,0, dropped=0,0,0
     latency   : target=0, window=0, percentile=100.00%, depth=32

Run status group 0 (all jobs):
  WRITE: bw=204MiB/s (213MB/s), 204MiB/s-204MiB/s (213MB/s-213MB/s), io=6108MiB (6405MB), run=30001-30001msec

Run status group 1 (all jobs):
  WRITE: bw=203MiB/s (213MB/s), 203MiB/s-203MiB/s (213MB/s-213MB/s), io=6081MiB (6376MB), run=30002-30002msec

Run status group 2 (all jobs):
  WRITE: bw=203MiB/s (213MB/s), 203MiB/s-203MiB/s (213MB/s-213MB/s), io=6081MiB (6377MB), run=30003-30003msec

Run status group 3 (all jobs):
  WRITE: bw=202MiB/s (212MB/s), 202MiB/s-202MiB/s (212MB/s-212MB/s), io=6074MiB (6369MB), run=30005-30005msec

Run status group 4 (all jobs):
  WRITE: bw=207MiB/s (217MB/s), 207MiB/s-207MiB/s (217MB/s-217MB/s), io=6205MiB (6506MB), run=30004-30004msec

Disk stats (read/write):
  vda: ios=309/7805503, merge=0/0, ticks=104/22681572, in_queue=22635436, util=99.30%
