randw-4K-n1-c1: (g=0): rw=randwrite, bs=(R) 4096B-4096B, (W) 4096B-4096B, (T) 4096B-4096B, ioengine=libaio, iodepth=32
randw-4K-n2-c2: (g=1): rw=randwrite, bs=(R) 4096B-4096B, (W) 4096B-4096B, (T) 4096B-4096B, ioengine=libaio, iodepth=32
...
randw-4K-n4-c4: (g=2): rw=randwrite, bs=(R) 4096B-4096B, (W) 4096B-4096B, (T) 4096B-4096B, ioengine=libaio, iodepth=32
...
randw-4K-n8-c8: (g=3): rw=randwrite, bs=(R) 4096B-4096B, (W) 4096B-4096B, (T) 4096B-4096B, ioengine=libaio, iodepth=32
...
randw-4K-n12-c12: (g=4): rw=randwrite, bs=(R) 4096B-4096B, (W) 4096B-4096B, (T) 4096B-4096B, ioengine=libaio, iodepth=32
...
fio-3.1
Starting 27 processes

randw-4K-n1-c1: (groupid=0, jobs=1): err= 0: pid=1225: Wed Jul 24 14:53:13 2019
  write: IOPS=51.4k, BW=201MiB/s (211MB/s)(6025MiB/30001msec)
    slat (usec): min=2, max=766, avg= 3.47, stdev= 2.00
    clat (usec): min=233, max=1414, avg=616.02, stdev=43.09
     lat (usec): min=236, max=1418, avg=620.18, stdev=43.06
    clat percentiles (usec):
     | 10.000th=[  594], 20.000th=[  594], 30.000th=[  603], 40.000th=[  611],
     | 50.000th=[  619], 70.000th=[  627], 90.000th=[  652], 99.000th=[  676],
     | 99.900th=[ 1074], 99.990th=[ 1336], 99.999th=[ 1385]
   bw (  KiB/s): min=160439, max=203331, per=79.99%, avg=164488.81, stdev=7278.74, samples=59
   iops        : min=40109, max=50832, avg=41121.85, stdev=1819.63, samples=59
  lat (usec)   : 250=0.01%, 500=1.53%, 750=98.32%, 1000=0.02%
  lat (msec)   : 2=0.12%
  cpu          : usr=23.33%, sys=33.58%, ctx=1308388, majf=0, minf=9
  IO depths    : 1=0.1%, 2=0.1%, 4=0.1%, 8=0.1%, 16=0.1%, 32=100.0%, >=64=0.0%
     submit    : 0=0.0%, 4=100.0%, 8=0.0%, 16=0.0%, 32=0.0%, 64=0.0%, >=64=0.0%
     complete  : 0=0.0%, 4=100.0%, 8=0.0%, 16=0.0%, 32=0.1%, 64=0.0%, >=64=0.0%
     issued rwt: total=0,1542407,0, short=0,0,0, dropped=0,0,0
     latency   : target=0, window=0, percentile=100.00%, depth=32
randw-4K-n2-c2: (groupid=1, jobs=2): err= 0: pid=1230: Wed Jul 24 14:53:13 2019
  write: IOPS=51.7k, BW=202MiB/s (212MB/s)(6053MiB/30002msec)
    slat (usec): min=2, max=16039, avg= 3.79, stdev=23.49
    clat (usec): min=313, max=16713, avg=1232.10, stdev=161.09
     lat (usec): min=317, max=16726, avg=1236.61, stdev=162.88
    clat percentiles (usec):
     | 10.000th=[ 1205], 20.000th=[ 1221], 30.000th=[ 1221], 40.000th=[ 1237],
     | 50.000th=[ 1237], 70.000th=[ 1254], 90.000th=[ 1287], 99.000th=[ 1319],
     | 99.900th=[ 1647], 99.990th=[ 9241], 99.999th=[16712]
   bw (  KiB/s): min=81307, max=108643, per=40.21%, avg=83084.25, stdev=4501.42, samples=118
   iops        : min=20326, max=27160, avg=20770.74, stdev=1125.31, samples=118
  lat (usec)   : 500=0.01%, 750=0.92%, 1000=1.31%
  lat (msec)   : 2=97.75%, 4=0.01%, 10=0.01%, 20=0.01%
  cpu          : usr=12.37%, sys=18.93%, ctx=1449407, majf=0, minf=16
  IO depths    : 1=0.1%, 2=0.1%, 4=0.1%, 8=0.1%, 16=0.1%, 32=100.0%, >=64=0.0%
     submit    : 0=0.0%, 4=100.0%, 8=0.0%, 16=0.0%, 32=0.0%, 64=0.0%, >=64=0.0%
     complete  : 0=0.0%, 4=100.0%, 8=0.0%, 16=0.0%, 32=0.1%, 64=0.0%, >=64=0.0%
     issued rwt: total=0,1549634,0, short=0,0,0, dropped=0,0,0
     latency   : target=0, window=0, percentile=100.00%, depth=32
randw-4K-n4-c4: (groupid=2, jobs=4): err= 0: pid=1234: Wed Jul 24 14:53:13 2019
  write: IOPS=51.6k, BW=202MiB/s (211MB/s)(6046MiB/30003msec)
    slat (usec): min=2, max=7117, avg= 3.87, stdev= 6.70
    clat (usec): min=190, max=14218, avg=2474.11, stdev=171.89
     lat (usec): min=197, max=14223, avg=2478.69, stdev=171.92
    clat percentiles (usec):
     | 10.000th=[ 2442], 20.000th=[ 2442], 30.000th=[ 2474], 40.000th=[ 2474],
     | 50.000th=[ 2507], 70.000th=[ 2507], 90.000th=[ 2540], 99.000th=[ 2606],
     | 99.900th=[ 2999], 99.990th=[ 4686], 99.999th=[14222]
   bw (  KiB/s): min=47446, max=69875, per=23.99%, avg=49510.39, stdev=2687.78, samples=236
   iops        : min=11861, max=17468, avg=12377.26, stdev=671.91, samples=236
  lat (usec)   : 250=0.01%, 500=0.01%, 750=0.02%, 1000=0.01%
  lat (msec)   : 2=1.90%, 4=98.05%, 10=0.01%, 20=0.01%
  cpu          : usr=6.05%, sys=9.24%, ctx=1357380, majf=0, minf=36
  IO depths    : 1=0.1%, 2=0.1%, 4=0.1%, 8=0.1%, 16=0.1%, 32=100.0%, >=64=0.0%
     submit    : 0=0.0%, 4=100.0%, 8=0.0%, 16=0.0%, 32=0.0%, 64=0.0%, >=64=0.0%
     complete  : 0=0.0%, 4=100.0%, 8=0.0%, 16=0.0%, 32=0.1%, 64=0.0%, >=64=0.0%
     issued rwt: total=0,1547707,0, short=0,0,0, dropped=0,0,0
     latency   : target=0, window=0, percentile=100.00%, depth=32
randw-4K-n8-c8: (groupid=3, jobs=8): err= 0: pid=1241: Wed Jul 24 14:53:13 2019
  write: IOPS=51.6k, BW=202MiB/s (211MB/s)(6050MiB/30005msec)
    slat (usec): min=2, max=6007, avg=103.80, stdev=315.21
    clat (usec): min=247, max=16044, avg=4849.87, stdev=1461.37
     lat (usec): min=258, max=16114, avg=4954.84, stdev=1498.61
    clat percentiles (usec):
     | 10.000th=[ 3163], 20.000th=[ 3687], 30.000th=[ 4015], 40.000th=[ 4359],
     | 50.000th=[ 4555], 70.000th=[ 5211], 90.000th=[ 6849], 99.000th=[ 9372],
     | 99.900th=[11469], 99.990th=[13435], 99.999th=[15139]
   bw (  KiB/s): min=20376, max=39922, per=12.06%, avg=24891.24, stdev=3318.83, samples=472
   iops        : min= 5094, max= 9980, avg=6222.43, stdev=829.68, samples=472
  lat (usec)   : 250=0.01%, 500=0.01%, 750=0.01%, 1000=0.01%
  lat (msec)   : 2=0.01%, 4=29.71%, 10=69.76%, 20=0.51%
  cpu          : usr=4.39%, sys=6.10%, ctx=450621, majf=0, minf=73
  IO depths    : 1=0.1%, 2=0.1%, 4=0.1%, 8=0.1%, 16=0.1%, 32=100.0%, >=64=0.0%
     submit    : 0=0.0%, 4=100.0%, 8=0.0%, 16=0.0%, 32=0.0%, 64=0.0%, >=64=0.0%
     complete  : 0=0.0%, 4=100.0%, 8=0.0%, 16=0.0%, 32=0.1%, 64=0.0%, >=64=0.0%
     issued rwt: total=0,1548839,0, short=0,0,0, dropped=0,0,0
     latency   : target=0, window=0, percentile=100.00%, depth=32
randw-4K-n12-c12: (groupid=4, jobs=12): err= 0: pid=1252: Wed Jul 24 14:53:13 2019
  write: IOPS=54.2k, BW=212MiB/s (222MB/s)(6349MiB/30003msec)
    slat (usec): min=2, max=6078, avg=17.65, stdev=126.24
    clat (usec): min=377, max=23211, avg=7062.34, stdev=1307.67
     lat (usec): min=392, max=23218, avg=7081.69, stdev=1317.52
    clat percentiles (usec):
     | 10.000th=[ 6390], 20.000th=[ 7111], 30.000th=[ 7373], 40.000th=[ 7439],
     | 50.000th=[ 7439], 70.000th=[ 7504], 90.000th=[ 7570], 99.000th=[ 9634],
     | 99.900th=[13304], 99.990th=[16188], 99.999th=[18744]
   bw (  KiB/s): min=15024, max=44722, per=8.36%, avg=18116.10, stdev=4366.88, samples=720
   iops        : min= 3756, max=11180, avg=4528.71, stdev=1091.71, samples=720
  lat (usec)   : 500=0.01%, 750=0.01%, 1000=0.01%
  lat (msec)   : 2=0.01%, 4=9.41%, 10=89.75%, 20=0.82%, 50=0.01%
  cpu          : usr=5.14%, sys=6.22%, ctx=497797, majf=0, minf=109
  IO depths    : 1=0.1%, 2=0.1%, 4=0.1%, 8=0.1%, 16=0.1%, 32=100.0%, >=64=0.0%
     submit    : 0=0.0%, 4=100.0%, 8=0.0%, 16=0.0%, 32=0.0%, 64=0.0%, >=64=0.0%
     complete  : 0=0.0%, 4=100.0%, 8=0.0%, 16=0.0%, 32=0.1%, 64=0.0%, >=64=0.0%
     issued rwt: total=0,1625316,0, short=0,0,0, dropped=0,0,0
     latency   : target=0, window=0, percentile=100.00%, depth=32

Run status group 0 (all jobs):
  WRITE: bw=201MiB/s (211MB/s), 201MiB/s-201MiB/s (211MB/s-211MB/s), io=6025MiB (6318MB), run=30001-30001msec

Run status group 1 (all jobs):
  WRITE: bw=202MiB/s (212MB/s), 202MiB/s-202MiB/s (212MB/s-212MB/s), io=6053MiB (6347MB), run=30002-30002msec

Run status group 2 (all jobs):
  WRITE: bw=202MiB/s (211MB/s), 202MiB/s-202MiB/s (211MB/s-211MB/s), io=6046MiB (6339MB), run=30003-30003msec

Run status group 3 (all jobs):
  WRITE: bw=202MiB/s (211MB/s), 202MiB/s-202MiB/s (211MB/s-211MB/s), io=6050MiB (6344MB), run=30005-30005msec

Run status group 4 (all jobs):
  WRITE: bw=212MiB/s (222MB/s), 212MiB/s-212MiB/s (222MB/s-222MB/s), io=6349MiB (6657MB), run=30003-30003msec

Disk stats (read/write):
  vda: ios=297/7803399, merge=0/0, ticks=52/23168332, in_queue=23151920, util=99.25%
