randw-4K-n1-c1: (g=0): rw=randwrite, bs=(R) 4096B-4096B, (W) 4096B-4096B, (T) 4096B-4096B, ioengine=libaio, iodepth=32
randw-4K-n2-c2: (g=1): rw=randwrite, bs=(R) 4096B-4096B, (W) 4096B-4096B, (T) 4096B-4096B, ioengine=libaio, iodepth=32
...
randw-4K-n4-c4: (g=2): rw=randwrite, bs=(R) 4096B-4096B, (W) 4096B-4096B, (T) 4096B-4096B, ioengine=libaio, iodepth=32
...
randw-4K-n8-c8: (g=3): rw=randwrite, bs=(R) 4096B-4096B, (W) 4096B-4096B, (T) 4096B-4096B, ioengine=libaio, iodepth=32
...
randw-4K-n12-c12: (g=4): rw=randwrite, bs=(R) 4096B-4096B, (W) 4096B-4096B, (T) 4096B-4096B, ioengine=libaio, iodepth=32
...
fio-3.1
Starting 27 processes

randw-4K-n1-c1: (groupid=0, jobs=1): err= 0: pid=1611: Wed Jul 24 14:53:11 2019
  write: IOPS=53.6k, BW=209MiB/s (219MB/s)(6277MiB/30001msec)
    slat (usec): min=2, max=745, avg= 3.36, stdev= 1.71
    clat (usec): min=228, max=1386, avg=590.96, stdev=89.58
     lat (usec): min=232, max=1389, avg=595.04, stdev=89.13
    clat percentiles (usec):
     | 10.000th=[  400], 20.000th=[  594], 30.000th=[  603], 40.000th=[  611],
     | 50.000th=[  619], 70.000th=[  627], 90.000th=[  644], 99.000th=[  676],
     | 99.900th=[ 1045], 99.990th=[ 1303], 99.999th=[ 1369]
   bw (  KiB/s): min=161847, max=370174, per=79.82%, avg=171008.25, stdev=34906.05, samples=59
   iops        : min=40461, max=92543, avg=42751.58, stdev=8726.55, samples=59
  lat (usec)   : 250=0.05%, 500=10.77%, 750=89.05%, 1000=0.01%
  lat (msec)   : 2=0.11%
  cpu          : usr=24.94%, sys=34.54%, ctx=1334709, majf=0, minf=10
  IO depths    : 1=0.1%, 2=0.1%, 4=0.1%, 8=0.1%, 16=0.1%, 32=100.0%, >=64=0.0%
     submit    : 0=0.0%, 4=100.0%, 8=0.0%, 16=0.0%, 32=0.0%, 64=0.0%, >=64=0.0%
     complete  : 0=0.0%, 4=100.0%, 8=0.0%, 16=0.0%, 32=0.1%, 64=0.0%, >=64=0.0%
     issued rwt: total=0,1606846,0, short=0,0,0, dropped=0,0,0
     latency   : target=0, window=0, percentile=100.00%, depth=32
randw-4K-n2-c2: (groupid=1, jobs=2): err= 0: pid=1613: Wed Jul 24 14:53:11 2019
  write: IOPS=51.8k, BW=202MiB/s (212MB/s)(6065MiB/30002msec)
    slat (usec): min=2, max=16036, avg= 3.95, stdev=18.33
    clat (usec): min=255, max=16717, avg=1229.31, stdev=171.09
     lat (usec): min=261, max=16727, avg=1233.98, stdev=172.22
    clat percentiles (usec):
     | 10.000th=[ 1205], 20.000th=[ 1221], 30.000th=[ 1221], 40.000th=[ 1237],
     | 50.000th=[ 1237], 70.000th=[ 1254], 90.000th=[ 1287], 99.000th=[ 1319],
     | 99.900th=[ 1614], 99.990th=[ 2376], 99.999th=[16712]
   bw (  KiB/s): min=80944, max=142034, per=40.27%, avg=83375.73, stdev=7037.45, samples=118
   iops        : min=20236, max=35508, avg=20843.58, stdev=1759.37, samples=118
  lat (usec)   : 500=0.01%, 750=1.58%, 1000=1.21%
  lat (msec)   : 2=97.19%, 4=0.01%, 10=0.01%, 20=0.01%
  cpu          : usr=12.55%, sys=20.06%, ctx=1447806, majf=0, minf=18
  IO depths    : 1=0.1%, 2=0.1%, 4=0.1%, 8=0.1%, 16=0.1%, 32=100.0%, >=64=0.0%
     submit    : 0=0.0%, 4=100.0%, 8=0.0%, 16=0.0%, 32=0.0%, 64=0.0%, >=64=0.0%
     complete  : 0=0.0%, 4=100.0%, 8=0.0%, 16=0.0%, 32=0.1%, 64=0.0%, >=64=0.0%
     issued rwt: total=0,1552760,0, short=0,0,0, dropped=0,0,0
     latency   : target=0, window=0, percentile=100.00%, depth=32
randw-4K-n4-c4: (groupid=2, jobs=4): err= 0: pid=1616: Wed Jul 24 14:53:11 2019
  write: IOPS=51.9k, BW=203MiB/s (213MB/s)(6085MiB/30003msec)
    slat (usec): min=2, max=755, avg= 4.31, stdev= 2.80
    clat (usec): min=277, max=16870, avg=2457.58, stdev=242.59
     lat (usec): min=287, max=16882, avg=2462.61, stdev=242.52
    clat percentiles (usec):
     | 10.000th=[ 2442], 20.000th=[ 2442], 30.000th=[ 2474], 40.000th=[ 2474],
     | 50.000th=[ 2507], 70.000th=[ 2507], 90.000th=[ 2540], 99.000th=[ 2606],
     | 99.900th=[ 2966], 99.990th=[12256], 99.999th=[16712]
   bw (  KiB/s): min=48151, max=73671, per=23.92%, avg=49673.06, stdev=3972.04, samples=236
   iops        : min=12037, max=18417, avg=12417.92, stdev=992.99, samples=236
  lat (usec)   : 500=0.09%, 750=0.03%, 1000=0.02%
  lat (msec)   : 2=3.65%, 4=96.19%, 10=0.01%, 20=0.01%
  cpu          : usr=6.64%, sys=10.26%, ctx=1369099, majf=0, minf=40
  IO depths    : 1=0.1%, 2=0.1%, 4=0.1%, 8=0.1%, 16=0.1%, 32=100.0%, >=64=0.0%
     submit    : 0=0.0%, 4=100.0%, 8=0.0%, 16=0.0%, 32=0.0%, 64=0.0%, >=64=0.0%
     complete  : 0=0.0%, 4=100.0%, 8=0.0%, 16=0.0%, 32=0.1%, 64=0.0%, >=64=0.0%
     issued rwt: total=0,1557712,0, short=0,0,0, dropped=0,0,0
     latency   : target=0, window=0, percentile=100.00%, depth=32
randw-4K-n8-c8: (groupid=3, jobs=8): err= 0: pid=1621: Wed Jul 24 14:53:11 2019
  write: IOPS=51.8k, BW=202MiB/s (212MB/s)(6074MiB/30005msec)
    slat (usec): min=2, max=5653, avg=33.84, stdev=183.93
    clat (usec): min=312, max=14485, avg=4898.91, stdev=760.09
     lat (usec): min=320, max=15208, avg=4934.19, stdev=786.67
    clat percentiles (usec):
     | 10.000th=[ 4293], 20.000th=[ 4359], 30.000th=[ 4686], 40.000th=[ 4948],
     | 50.000th=[ 4948], 70.000th=[ 5014], 90.000th=[ 5145], 99.000th=[ 7963],
     | 99.900th=[ 9896], 99.990th=[11731], 99.999th=[13698]
   bw (  KiB/s): min=20837, max=35750, per=12.08%, avg=25042.32, stdev=2118.03, samples=472
   iops        : min= 5209, max= 8937, avg=6260.22, stdev=529.49, samples=472
  lat (usec)   : 500=0.01%, 750=0.01%, 1000=0.01%
  lat (msec)   : 2=0.02%, 4=3.86%, 10=96.02%, 20=0.10%
  cpu          : usr=5.96%, sys=7.21%, ctx=582914, majf=0, minf=81
  IO depths    : 1=0.1%, 2=0.1%, 4=0.1%, 8=0.1%, 16=0.1%, 32=100.0%, >=64=0.0%
     submit    : 0=0.0%, 4=100.0%, 8=0.0%, 16=0.0%, 32=0.0%, 64=0.0%, >=64=0.0%
     complete  : 0=0.0%, 4=100.0%, 8=0.0%, 16=0.0%, 32=0.1%, 64=0.0%, >=64=0.0%
     issued rwt: total=0,1554993,0, short=0,0,0, dropped=0,0,0
     latency   : target=0, window=0, percentile=100.00%, depth=32
randw-4K-n12-c12: (groupid=4, jobs=12): err= 0: pid=1630: Wed Jul 24 14:53:11 2019
  write: IOPS=51.0k, BW=203MiB/s (213MB/s)(6093MiB/30008msec)
    slat (usec): min=2, max=6739, avg=15.47, stdev=102.11
    clat (usec): min=229, max=19700, avg=7363.51, stdev=659.77
     lat (usec): min=238, max=19715, avg=7380.72, stdev=669.32
    clat percentiles (usec):
     | 10.000th=[ 7111], 20.000th=[ 7373], 30.000th=[ 7439], 40.000th=[ 7439],
     | 50.000th=[ 7439], 70.000th=[ 7504], 90.000th=[ 7570], 99.000th=[ 8717],
     | 99.900th=[12387], 99.990th=[14877], 99.999th=[17957]
   bw (  KiB/s): min=15719, max=24523, per=8.37%, avg=17392.03, stdev=1144.21, samples=720
   iops        : min= 3929, max= 6130, avg=4347.62, stdev=286.04, samples=720
  lat (usec)   : 250=0.01%, 500=0.01%, 750=0.01%, 1000=0.01%
  lat (msec)   : 2=0.01%, 4=0.01%, 10=99.44%, 20=0.54%
  cpu          : usr=5.01%, sys=6.44%, ctx=474265, majf=0, minf=122
  IO depths    : 1=0.1%, 2=0.1%, 4=0.1%, 8=0.1%, 16=0.1%, 32=100.0%, >=64=0.0%
     submit    : 0=0.0%, 4=100.0%, 8=0.0%, 16=0.0%, 32=0.0%, 64=0.0%, >=64=0.0%
     complete  : 0=0.0%, 4=100.0%, 8=0.0%, 16=0.0%, 32=0.1%, 64=0.0%, >=64=0.0%
     issued rwt: total=0,1559699,0, short=0,0,0, dropped=0,0,0
     latency   : target=0, window=0, percentile=100.00%, depth=32

Run status group 0 (all jobs):
  WRITE: bw=209MiB/s (219MB/s), 209MiB/s-209MiB/s (219MB/s-219MB/s), io=6277MiB (6582MB), run=30001-30001msec

Run status group 1 (all jobs):
  WRITE: bw=202MiB/s (212MB/s), 202MiB/s-202MiB/s (212MB/s-212MB/s), io=6065MiB (6360MB), run=30002-30002msec

Run status group 2 (all jobs):
  WRITE: bw=203MiB/s (213MB/s), 203MiB/s-203MiB/s (213MB/s-213MB/s), io=6085MiB (6380MB), run=30003-30003msec

Run status group 3 (all jobs):
  WRITE: bw=202MiB/s (212MB/s), 202MiB/s-202MiB/s (212MB/s-212MB/s), io=6074MiB (6369MB), run=30005-30005msec

Run status group 4 (all jobs):
  WRITE: bw=203MiB/s (213MB/s), 203MiB/s-203MiB/s (213MB/s-213MB/s), io=6093MiB (6389MB), run=30008-30008msec

Disk stats (read/write):
  vda: ios=240/7827304, merge=0/0, ticks=60/25140204, in_queue=25132328, util=98.74%
