randw-4K-n1-c1: (g=0): rw=randwrite, bs=(R) 4096B-4096B, (W) 4096B-4096B, (T) 4096B-4096B, ioengine=libaio, iodepth=32
randw-4K-n2-c2: (g=1): rw=randwrite, bs=(R) 4096B-4096B, (W) 4096B-4096B, (T) 4096B-4096B, ioengine=libaio, iodepth=32
...
randw-4K-n4-c4: (g=2): rw=randwrite, bs=(R) 4096B-4096B, (W) 4096B-4096B, (T) 4096B-4096B, ioengine=libaio, iodepth=32
...
randw-4K-n8-c8: (g=3): rw=randwrite, bs=(R) 4096B-4096B, (W) 4096B-4096B, (T) 4096B-4096B, ioengine=libaio, iodepth=32
...
randw-4K-n12-c12: (g=4): rw=randwrite, bs=(R) 4096B-4096B, (W) 4096B-4096B, (T) 4096B-4096B, ioengine=libaio, iodepth=32
...
fio-3.1
Starting 27 processes

randw-4K-n1-c1: (groupid=0, jobs=1): err= 0: pid=1191: Wed Jul 24 14:53:12 2019
  write: IOPS=52.8k, BW=206MiB/s (216MB/s)(6189MiB/30001msec)
    slat (usec): min=2, max=732, avg= 3.06, stdev= 1.65
    clat (usec): min=228, max=1395, avg=599.89, stdev=75.75
     lat (usec): min=232, max=1398, avg=603.63, stdev=75.38
    clat percentiles (usec):
     | 10.000th=[  578], 20.000th=[  594], 30.000th=[  603], 40.000th=[  611],
     | 50.000th=[  619], 70.000th=[  627], 90.000th=[  644], 99.000th=[  676],
     | 99.900th=[ 1037], 99.990th=[ 1303], 99.999th=[ 1369]
   bw (  KiB/s): min=161695, max=350095, per=79.73%, avg=168428.36, stdev=28940.14, samples=59
   iops        : min=40423, max=87523, avg=42106.64, stdev=7235.00, samples=59
  lat (usec)   : 250=0.07%, 500=7.94%, 750=91.87%, 1000=0.01%
  lat (msec)   : 2=0.11%
  cpu          : usr=21.96%, sys=33.75%, ctx=1282911, majf=0, minf=10
  IO depths    : 1=0.1%, 2=0.1%, 4=0.1%, 8=0.1%, 16=0.1%, 32=100.0%, >=64=0.0%
     submit    : 0=0.0%, 4=100.0%, 8=0.0%, 16=0.0%, 32=0.0%, 64=0.0%, >=64=0.0%
     complete  : 0=0.0%, 4=100.0%, 8=0.0%, 16=0.0%, 32=0.1%, 64=0.0%, >=64=0.0%
     issued rwt: total=0,1584402,0, short=0,0,0, dropped=0,0,0
     latency   : target=0, window=0, percentile=100.00%, depth=32
randw-4K-n2-c2: (groupid=1, jobs=2): err= 0: pid=1194: Wed Jul 24 14:53:12 2019
  write: IOPS=51.5k, BW=201MiB/s (211MB/s)(6041MiB/30002msec)
    slat (usec): min=2, max=730, avg= 3.65, stdev= 2.56
    clat (usec): min=305, max=7151, avg=1234.84, stdev=81.05
     lat (usec): min=309, max=7166, avg=1239.16, stdev=81.03
    clat percentiles (usec):
     | 10.000th=[ 1205], 20.000th=[ 1221], 30.000th=[ 1221], 40.000th=[ 1237],
     | 50.000th=[ 1237], 70.000th=[ 1254], 90.000th=[ 1287], 99.000th=[ 1319],
     | 99.900th=[ 1631], 99.990th=[ 2057], 99.999th=[ 7046]
   bw (  KiB/s): min=80602, max=108083, per=40.01%, avg=82488.74, stdev=4395.58, samples=118
   iops        : min=20150, max=27020, avg=20621.78, stdev=1098.84, samples=118
  lat (usec)   : 500=0.01%, 750=0.52%, 1000=1.03%
  lat (msec)   : 2=98.43%, 4=0.01%, 10=0.01%
  cpu          : usr=11.30%, sys=18.74%, ctx=1400723, majf=0, minf=17
  IO depths    : 1=0.1%, 2=0.1%, 4=0.1%, 8=0.1%, 16=0.1%, 32=100.0%, >=64=0.0%
     submit    : 0=0.0%, 4=100.0%, 8=0.0%, 16=0.0%, 32=0.0%, 64=0.0%, >=64=0.0%
     complete  : 0=0.0%, 4=100.0%, 8=0.0%, 16=0.0%, 32=0.1%, 64=0.0%, >=64=0.0%
     issued rwt: total=0,1546559,0, short=0,0,0, dropped=0,0,0
     latency   : target=0, window=0, percentile=100.00%, depth=32
randw-4K-n4-c4: (groupid=2, jobs=4): err= 0: pid=1199: Wed Jul 24 14:53:12 2019
  write: IOPS=51.6k, BW=202MiB/s (211MB/s)(6048MiB/30003msec)
    slat (usec): min=2, max=15556, avg= 3.79, stdev=12.84
    clat (usec): min=186, max=20179, avg=2473.04, stdev=178.62
     lat (usec): min=197, max=20184, avg=2477.59, stdev=178.98
    clat percentiles (usec):
     | 10.000th=[ 2442], 20.000th=[ 2442], 30.000th=[ 2474], 40.000th=[ 2474],
     | 50.000th=[ 2507], 70.000th=[ 2507], 90.000th=[ 2540], 99.000th=[ 2606],
     | 99.900th=[ 2966], 99.990th=[ 5014], 99.999th=[19006]
   bw (  KiB/s): min=47783, max=70563, per=23.81%, avg=49143.58, stdev=2797.20, samples=236
   iops        : min=11945, max=17640, avg=12285.56, stdev=699.28, samples=236
  lat (usec)   : 250=0.01%, 500=0.01%, 750=0.02%, 1000=0.01%
  lat (msec)   : 2=1.99%, 4=97.96%, 10=0.01%, 20=0.01%, 50=0.01%
  cpu          : usr=6.06%, sys=9.29%, ctx=1374310, majf=0, minf=40
  IO depths    : 1=0.1%, 2=0.1%, 4=0.1%, 8=0.1%, 16=0.1%, 32=100.0%, >=64=0.0%
     submit    : 0=0.0%, 4=100.0%, 8=0.0%, 16=0.0%, 32=0.0%, 64=0.0%, >=64=0.0%
     complete  : 0=0.0%, 4=100.0%, 8=0.0%, 16=0.0%, 32=0.1%, 64=0.0%, >=64=0.0%
     issued rwt: total=0,1548223,0, short=0,0,0, dropped=0,0,0
     latency   : target=0, window=0, percentile=100.00%, depth=32
randw-4K-n8-c8: (groupid=3, jobs=8): err= 0: pid=1206: Wed Jul 24 14:53:12 2019
  write: IOPS=51.5k, BW=201MiB/s (211MB/s)(6042MiB/30005msec)
    slat (usec): min=2, max=5489, avg=70.18, stdev=264.20
    clat (usec): min=321, max=21521, avg=4890.18, stdev=1131.68
     lat (usec): min=333, max=21526, avg=4961.60, stdev=1163.57
    clat percentiles (usec):
     | 10.000th=[ 3752], 20.000th=[ 4293], 30.000th=[ 4359], 40.000th=[ 4490],
     | 50.000th=[ 4883], 70.000th=[ 5014], 90.000th=[ 6325], 99.000th=[ 8717],
     | 99.900th=[10814], 99.990th=[12649], 99.999th=[19530]
   bw (  KiB/s): min=16105, max=30119, per=9.24%, avg=19047.50, stdev=2178.87, samples=472
   iops        : min= 4026, max= 7531, avg=4761.50, stdev=544.72, samples=472
  lat (usec)   : 500=0.01%, 750=0.01%, 1000=0.01%
  lat (msec)   : 2=0.29%, 4=13.46%, 10=86.00%, 20=0.24%, 50=0.01%
  cpu          : usr=5.04%, sys=6.56%, ctx=554125, majf=0, minf=82
  IO depths    : 1=0.1%, 2=0.1%, 4=0.1%, 8=0.1%, 16=0.1%, 32=100.0%, >=64=0.0%
     submit    : 0=0.0%, 4=100.0%, 8=0.0%, 16=0.0%, 32=0.0%, 64=0.0%, >=64=0.0%
     complete  : 0=0.0%, 4=100.0%, 8=0.0%, 16=0.0%, 32=0.1%, 64=0.0%, >=64=0.0%
     issued rwt: total=0,1546640,0, short=0,0,0, dropped=0,0,0
     latency   : target=0, window=0, percentile=100.00%, depth=32
randw-4K-n12-c12: (groupid=4, jobs=12): err= 0: pid=1217: Wed Jul 24 14:53:12 2019
  write: IOPS=51.7k, BW=202MiB/s (212MB/s)(6064MiB/30007msec)
    slat (usec): min=2, max=7993, avg=35.79, stdev=234.54
    clat (usec): min=300, max=29058, avg=7378.60, stdev=1033.69
     lat (usec): min=314, max=29062, avg=7416.04, stdev=1075.00
    clat percentiles (usec):
     | 10.000th=[ 6718], 20.000th=[ 6849], 30.000th=[ 6980], 40.000th=[ 7373],
     | 50.000th=[ 7439], 70.000th=[ 7504], 90.000th=[ 7635], 99.000th=[12125],
     | 99.900th=[15533], 99.990th=[19006], 99.999th=[23725]
   bw (  KiB/s): min=13867, max=24774, per=8.37%, avg=17320.67, stdev=1269.78, samples=720
   iops        : min= 3466, max= 6193, avg=4329.86, stdev=317.45, samples=720
  lat (usec)   : 500=0.01%, 750=0.01%, 1000=0.01%
  lat (msec)   : 2=0.01%, 4=0.01%, 10=97.01%, 20=2.96%, 50=0.01%
  cpu          : usr=4.73%, sys=5.94%, ctx=514217, majf=0, minf=116
  IO depths    : 1=0.1%, 2=0.1%, 4=0.1%, 8=0.1%, 16=0.1%, 32=100.0%, >=64=0.0%
     submit    : 0=0.0%, 4=100.0%, 8=0.0%, 16=0.0%, 32=0.0%, 64=0.0%, >=64=0.0%
     complete  : 0=0.0%, 4=100.0%, 8=0.0%, 16=0.0%, 32=0.1%, 64=0.0%, >=64=0.0%
     issued rwt: total=0,1552341,0, short=0,0,0, dropped=0,0,0
     latency   : target=0, window=0, percentile=100.00%, depth=32

Run status group 0 (all jobs):
  WRITE: bw=206MiB/s (216MB/s), 206MiB/s-206MiB/s (216MB/s-216MB/s), io=6189MiB (6490MB), run=30001-30001msec

Run status group 1 (all jobs):
  WRITE: bw=201MiB/s (211MB/s), 201MiB/s-201MiB/s (211MB/s-211MB/s), io=6041MiB (6335MB), run=30002-30002msec

Run status group 2 (all jobs):
  WRITE: bw=202MiB/s (211MB/s), 202MiB/s-202MiB/s (211MB/s-211MB/s), io=6048MiB (6342MB), run=30003-30003msec

Run status group 3 (all jobs):
  WRITE: bw=201MiB/s (211MB/s), 201MiB/s-201MiB/s (211MB/s-211MB/s), io=6042MiB (6335MB), run=30005-30005msec

Run status group 4 (all jobs):
  WRITE: bw=202MiB/s (212MB/s), 202MiB/s-202MiB/s (212MB/s-212MB/s), io=6064MiB (6358MB), run=30007-30007msec

Disk stats (read/write):
  vda: ios=282/7768654, merge=0/0, ticks=112/23864872, in_queue=23959812, util=99.12%
