***************************************
*** ###easy### TPC-C Load Generator ***
***************************************
option h with value '192.168.122.76'
option P with value '3306'
option d with value 'benchmarker'
option u with value 'root'
option p with value '123456'
option w with value '11'
option c with value '64'
option r with value '22'
option l with value '60'
option i with value '10'
<Parameters>
     [server]: 192.168.122.76
     [port]: 3306
     [DBname]: benchmarker
       [user]: root
       [pass]: 123456
  [warehouse]: 11
 [connection]: 64
     [rampup]: 22 (sec.)
    [measure]: 60 (sec.)

RAMP-UP TIME.(22 sec.)

MEASURING START.

  10, trx: 2806, 95%: 228.973, 99%: 355.538, max_rt: 839.423, 2805|770.120, 280|131.311, 280|600.094, 279|1039.822
  20, trx: 2776, 95%: 238.486, 99%: 344.846, max_rt: 574.577, 2768|565.667, 277|65.478, 281|711.192, 278|789.652
  30, trx: 2764, 95%: 236.425, 99%: 356.817, max_rt: 545.084, 2765|571.142, 277|133.282, 275|656.453, 274|794.927
  40, trx: 2803, 95%: 223.421, 99%: 316.457, max_rt: 524.880, 2803|592.541, 281|107.947, 280|607.989, 282|971.790
  50, trx: 2749, 95%: 254.035, 99%: 382.706, max_rt: 685.216, 2727|767.733, 274|84.180, 276|478.405, 279|929.252
  60, trx: 2786, 95%: 247.653, 99%: 386.043, max_rt: 649.445, 2787|723.745, 278|117.639, 278|693.606, 277|1032.631

STOPPING THREADS................................................................

<Raw Results>
  [0] sc:0 lt:16684  rt:0  fl:0 avg_rt: 131.4 (5)
  [1] sc:1359 lt:15296  rt:0  fl:0 avg_rt: 107.7 (5)
  [2] sc:964 lt:703  rt:0  fl:0 avg_rt: 11.6 (5)
  [3] sc:97 lt:1573  rt:0  fl:0 avg_rt: 288.8 (80)
  [4] sc:0 lt:1669  rt:0  fl:0 avg_rt: 449.4 (20)
 in 60 sec.

<Raw Results2(sum ver.)>
  [0] sc:0  lt:16686  rt:0  fl:0 
  [1] sc:1359  lt:15311  rt:0  fl:0 
  [2] sc:964  lt:703  rt:0  fl:0 
  [3] sc:97  lt:1573  rt:0  fl:0 
  [4] sc:0  lt:1669  rt:0  fl:0 

<Constraint Check> (all must be [OK])
 [transaction percentage]
        Payment: 43.43% (>=43.0%) [OK]
   Order-Status: 4.35% (>= 4.0%) [OK]
       Delivery: 4.36% (>= 4.0%) [OK]
    Stock-Level: 4.35% (>= 4.0%) [OK]
 [response time (at least 90% passed)]
      New-Order: 0.00%  [NG] *
        Payment: 8.16%  [NG] *
   Order-Status: 57.83%  [NG] *
       Delivery: 5.81%  [NG] *
    Stock-Level: 0.00%  [NG] *

<TpmC>
                 16684.000 TpmC
