***************************************
*** ###easy### TPC-C Load Generator ***
***************************************
option h with value '127.0.0.1'
option P with value '13306'
option d with value 'benchmarker'
option u with value 'root'
option p with value '123456'
option w with value '11'
option c with value '1'
option r with value '22'
option l with value '60'
option i with value '10'
<Parameters>
     [server]: 127.0.0.1
     [port]: 13306
     [DBname]: benchmarker
       [user]: root
       [pass]: 123456
  [warehouse]: 11
 [connection]: 1
     [rampup]: 22 (sec.)
    [measure]: 60 (sec.)

RAMP-UP TIME.(22 sec.)

MEASURING START.

  10, trx: 589, 95%: 21.070, 99%: 26.620, max_rt: 40.043, 588|35.875, 59|3.480, 59|56.511, 59|82.195
  20, trx: 583, 95%: 14.463, 99%: 17.288, max_rt: 31.366, 583|4.695, 58|3.050, 58|45.108, 57|45.634
  30, trx: 552, 95%: 17.787, 99%: 21.867, max_rt: 24.145, 554|7.452, 55|5.668, 55|34.196, 56|60.050
  40, trx: 620, 95%: 12.397, 99%: 16.278, max_rt: 24.769, 621|5.673, 63|2.573, 62|27.435, 62|47.447
  50, trx: 516, 95%: 17.771, 99%: 22.653, max_rt: 32.111, 512|5.747, 51|2.607, 52|48.737, 52|79.140
  60, trx: 368, 95%: 25.141, 99%: 31.516, max_rt: 39.310, 369|13.431, 36|3.687, 36|47.064, 37|103.361

STOPPING THREADS.

<Raw Results>
  [0] sc:163 lt:3065  rt:0  fl:0 avg_rt: 13.6 (5)
  [1] sc:3188 lt:39  rt:0  fl:0 avg_rt: 3.4 (5)
  [2] sc:321 lt:1  rt:0  fl:0 avg_rt: 1.9 (5)
  [3] sc:322 lt:0  rt:0  fl:0 avg_rt: 31.5 (80)
  [4] sc:0 lt:323  rt:0  fl:0 avg_rt: 50.6 (20)
 in 60 sec.

<Raw Results2(sum ver.)>
  [0] sc:163  lt:3065  rt:0  fl:0 
  [1] sc:3188  lt:39  rt:0  fl:0 
  [2] sc:321  lt:1  rt:0  fl:0 
  [3] sc:322  lt:0  rt:0  fl:0 
  [4] sc:0  lt:323  rt:0  fl:0 

<Constraint Check> (all must be [OK])
 [transaction percentage]
        Payment: 43.48% (>=43.0%) [OK]
   Order-Status: 4.34% (>= 4.0%) [OK]
       Delivery: 4.34% (>= 4.0%) [OK]
    Stock-Level: 4.35% (>= 4.0%) [OK]
 [response time (at least 90% passed)]
      New-Order: 5.05%  [NG] *
        Payment: 98.79%  [OK]
   Order-Status: 99.69%  [OK]
       Delivery: 100.00%  [OK]
    Stock-Level: 0.00%  [NG] *

<TpmC>
                 3228.000 TpmC
