***************************************
*** ###easy### TPC-C Load Generator ***
***************************************
option h with value '192.168.122.81'
option P with value '3306'
option d with value 'benchmarker'
option u with value 'root'
option p with value '123456'
option w with value '11'
option c with value '8'
option r with value '22'
option l with value '60'
option i with value '10'
<Parameters>
     [server]: 192.168.122.81
     [port]: 3306
     [DBname]: benchmarker
       [user]: root
       [pass]: 123456
  [warehouse]: 11
 [connection]: 8
     [rampup]: 22 (sec.)
    [measure]: 60 (sec.)

RAMP-UP TIME.(22 sec.)

MEASURING START.

  10, trx: 1868, 95%: 40.344, 99%: 52.644, max_rt: 639.292, 1870|99.831, 186|38.842, 186|117.396, 187|1993.323
  20, trx: 1886, 95%: 39.804, 99%: 47.621, max_rt: 79.005, 1886|34.644, 189|18.247, 189|116.622, 189|135.834
  30, trx: 1895, 95%: 38.653, 99%: 48.790, max_rt: 66.636, 1895|37.493, 190|18.776, 190|117.153, 189|150.538
  40, trx: 1944, 95%: 37.056, 99%: 44.479, max_rt: 56.331, 1944|36.772, 194|13.074, 194|102.648, 195|118.027
  50, trx: 2002, 95%: 38.056, 99%: 46.134, max_rt: 61.591, 2003|37.052, 200|11.250, 201|115.538, 200|124.463
  60, trx: 1952, 95%: 39.519, 99%: 45.625, max_rt: 62.302, 1947|37.256, 196|15.757, 195|116.969, 195|128.445

STOPPING THREADS........

<Raw Results>
  [0] sc:30 lt:11517  rt:0  fl:0 avg_rt: 29.8 (5)
  [1] sc:5835 lt:5710  rt:0  fl:0 avg_rt: 7.8 (5)
  [2] sc:1014 lt:141  rt:0  fl:0 avg_rt: 4.1 (5)
  [3] sc:1040 lt:115  rt:0  fl:0 avg_rt: 79.6 (80)
  [4] sc:0 lt:1155  rt:0  fl:0 avg_rt: 107.9 (20)
 in 60 sec.

<Raw Results2(sum ver.)>
  [0] sc:30  lt:11517  rt:0  fl:0 
  [1] sc:5835  lt:5711  rt:0  fl:0 
  [2] sc:1014  lt:141  rt:0  fl:0 
  [3] sc:1040  lt:115  rt:0  fl:0 
  [4] sc:0  lt:1155  rt:0  fl:0 

<Constraint Check> (all must be [OK])
 [transaction percentage]
        Payment: 43.47% (>=43.0%) [OK]
   Order-Status: 4.35% (>= 4.0%) [OK]
       Delivery: 4.35% (>= 4.0%) [OK]
    Stock-Level: 4.35% (>= 4.0%) [OK]
 [response time (at least 90% passed)]
      New-Order: 0.26%  [NG] *
        Payment: 50.54%  [NG] *
   Order-Status: 87.79%  [NG] *
       Delivery: 90.04%  [OK]
    Stock-Level: 0.00%  [NG] *

<TpmC>
                 11547.000 TpmC
