***************************************
*** ###easy### TPC-C Load Generator ***
***************************************
option h with value '10.0.1.105'
option P with value '3306'
option d with value 'benchmarker'
option u with value 'root'
option p with value '123456'
option w with value '11'
option c with value '16'
option r with value '22'
option l with value '60'
option i with value '10'
<Parameters>
     [server]: 10.0.1.105
     [port]: 3306
     [DBname]: benchmarker
       [user]: root
       [pass]: 123456
  [warehouse]: 11
 [connection]: 16
     [rampup]: 22 (sec.)
    [measure]: 60 (sec.)

RAMP-UP TIME.(22 sec.)

MEASURING START.

  10, trx: 7929, 95%: 19.405, 99%: 25.750, max_rt: 50.399, 7926|42.612, 793|11.295, 792|64.149, 793|52.477
  20, trx: 7965, 95%: 19.469, 99%: 25.951, max_rt: 43.674, 7962|36.957, 796|9.164, 797|56.544, 797|46.761
  30, trx: 7477, 95%: 21.191, 99%: 27.208, max_rt: 51.570, 7480|34.045, 748|8.539, 747|60.224, 747|52.712
  40, trx: 7407, 95%: 21.414, 99%: 28.043, max_rt: 40.098, 7405|30.052, 741|12.821, 741|61.254, 741|49.787
  50, trx: 7636, 95%: 21.153, 99%: 28.654, max_rt: 48.980, 7633|30.826, 763|14.292, 764|80.324, 763|56.160
  60, trx: 7797, 95%: 20.133, 99%: 26.780, max_rt: 45.034, 7799|30.552, 780|9.410, 780|60.501, 780|50.963

STOPPING THREADS................

<Raw Results>
  [0] sc:2399 lt:43812  rt:0  fl:0 avg_rt: 15.4 (5)
  [1] sc:39412 lt:6793  rt:0  fl:0 avg_rt: 4.6 (5)
  [2] sc:4568 lt:53  rt:0  fl:0 avg_rt: 2.2 (5)
  [3] sc:4620 lt:1  rt:0  fl:0 avg_rt: 38.3 (80)
  [4] sc:60 lt:4561  rt:0  fl:0 avg_rt: 42.8 (20)
 in 60 sec.

<Raw Results2(sum ver.)>
  [0] sc:2399  lt:43812  rt:0  fl:0 
  [1] sc:39416  lt:6794  rt:0  fl:0 
  [2] sc:4568  lt:53  rt:0  fl:0 
  [3] sc:4620  lt:1  rt:0  fl:0 
  [4] sc:60  lt:4561  rt:0  fl:0 

<Constraint Check> (all must be [OK])
 [transaction percentage]
        Payment: 43.48% (>=43.0%) [OK]
   Order-Status: 4.35% (>= 4.0%) [OK]
       Delivery: 4.35% (>= 4.0%) [OK]
    Stock-Level: 4.35% (>= 4.0%) [OK]
 [response time (at least 90% passed)]
      New-Order: 5.19%  [NG] *
        Payment: 85.30%  [NG] *
   Order-Status: 98.85%  [OK]
       Delivery: 99.98%  [OK]
    Stock-Level: 1.30%  [NG] *

<TpmC>
                 46211.000 TpmC
