***************************************
*** ###easy### TPC-C Load Generator ***
***************************************
option h with value '10.0.1.105'
option P with value '3306'
option d with value 'benchmarker'
option u with value 'root'
option p with value '123456'
option w with value '11'
option c with value '1'
option r with value '22'
option l with value '60'
option i with value '10'
<Parameters>
     [server]: 10.0.1.105
     [port]: 3306
     [DBname]: benchmarker
       [user]: root
       [pass]: 123456
  [warehouse]: 11
 [connection]: 1
     [rampup]: 22 (sec.)
    [measure]: 60 (sec.)

RAMP-UP TIME.(22 sec.)

MEASURING START.

  10, trx: 994, 95%: 8.612, 99%: 12.858, max_rt: 17.686, 996|7.818, 100|6.207, 99|33.741, 98|30.776
  20, trx: 1014, 95%: 8.177, 99%: 12.916, max_rt: 18.216, 1011|8.135, 101|3.140, 102|25.127, 102|26.548
  30, trx: 1057, 95%: 8.167, 99%: 11.469, max_rt: 18.389, 1057|8.117, 106|1.871, 106|25.662, 106|27.796
  40, trx: 1083, 95%: 7.746, 99%: 11.638, max_rt: 16.709, 1078|5.469, 108|1.996, 107|34.280, 107|27.053
  50, trx: 1070, 95%: 7.730, 99%: 12.013, max_rt: 18.955, 1075|6.042, 107|6.151, 107|23.679, 107|25.979
  60, trx: 1026, 95%: 7.960, 99%: 11.927, max_rt: 27.265, 1028|7.979, 102|1.962, 104|23.739, 104|36.373

STOPPING THREADS.

<Raw Results>
  [0] sc:3224 lt:3020  rt:0  fl:0 avg_rt: 7.0 (5)
  [1] sc:6226 lt:19  rt:0  fl:0 avg_rt: 1.8 (5)
  [2] sc:623 lt:1  rt:0  fl:0 avg_rt: 1.0 (5)
  [3] sc:625 lt:0  rt:0  fl:0 avg_rt: 18.5 (80)
  [4] sc:512 lt:112  rt:0  fl:0 avg_rt: 24.3 (20)
 in 60 sec.

<Raw Results2(sum ver.)>
  [0] sc:3224  lt:3020  rt:0  fl:0 
  [1] sc:6226  lt:19  rt:0  fl:0 
  [2] sc:623  lt:1  rt:0  fl:0 
  [3] sc:625  lt:0  rt:0  fl:0 
  [4] sc:512  lt:112  rt:0  fl:0 

<Constraint Check> (all must be [OK])
 [transaction percentage]
        Payment: 43.48% (>=43.0%) [OK]
   Order-Status: 4.34% (>= 4.0%) [OK]
       Delivery: 4.35% (>= 4.0%) [OK]
    Stock-Level: 4.34% (>= 4.0%) [OK]
 [response time (at least 90% passed)]
      New-Order: 51.63%  [NG] *
        Payment: 99.70%  [OK]
   Order-Status: 99.84%  [OK]
       Delivery: 100.00%  [OK]
    Stock-Level: 82.05%  [NG] *

<TpmC>
                 6244.000 TpmC
