***************************************
*** ###easy### TPC-C Load Generator ***
***************************************
option h with value '10.0.1.105'
option P with value '3306'
option d with value 'benchmarker'
option u with value 'root'
option p with value '123456'
option w with value '11'
option c with value '8'
option r with value '22'
option l with value '60'
option i with value '10'
<Parameters>
     [server]: 10.0.1.105
     [port]: 3306
     [DBname]: benchmarker
       [user]: root
       [pass]: 123456
  [warehouse]: 11
 [connection]: 8
     [rampup]: 22 (sec.)
    [measure]: 60 (sec.)

RAMP-UP TIME.(22 sec.)

MEASURING START.

  10, trx: 5535, 95%: 14.304, 99%: 18.648, max_rt: 33.589, 5532|20.908, 553|7.022, 554|46.029, 554|35.354
  20, trx: 5456, 95%: 14.567, 99%: 19.020, max_rt: 32.491, 5458|14.847, 545|4.464, 546|38.741, 545|34.298
  30, trx: 5508, 95%: 14.533, 99%: 18.481, max_rt: 27.762, 5508|23.460, 551|6.941, 550|41.939, 551|35.663
  40, trx: 5608, 95%: 13.944, 99%: 18.250, max_rt: 33.034, 5605|20.146, 561|5.679, 561|33.236, 561|33.121
  50, trx: 5418, 95%: 14.876, 99%: 18.912, max_rt: 28.557, 5417|16.902, 542|5.457, 542|40.937, 542|35.339
  60, trx: 5555, 95%: 14.138, 99%: 18.283, max_rt: 25.935, 5554|24.624, 555|6.083, 555|32.645, 555|34.937

STOPPING THREADS........

<Raw Results>
  [0] sc:6633 lt:26447  rt:0  fl:0 avg_rt: 10.8 (5)
  [1] sc:31771 lt:1303  rt:0  fl:0 avg_rt: 2.8 (5)
  [2] sc:3295 lt:12  rt:0  fl:0 avg_rt: 1.5 (5)
  [3] sc:3308 lt:0  rt:0  fl:0 avg_rt: 26.6 (80)
  [4] sc:314 lt:2994  rt:0  fl:0 avg_rt: 33.3 (20)
 in 60 sec.

<Raw Results2(sum ver.)>
  [0] sc:6633  lt:26447  rt:0  fl:0 
  [1] sc:31775  lt:1303  rt:0  fl:0 
  [2] sc:3295  lt:12  rt:0  fl:0 
  [3] sc:3308  lt:0  rt:0  fl:0 
  [4] sc:314  lt:2994  rt:0  fl:0 

<Constraint Check> (all must be [OK])
 [transaction percentage]
        Payment: 43.47% (>=43.0%) [OK]
   Order-Status: 4.35% (>= 4.0%) [OK]
       Delivery: 4.35% (>= 4.0%) [OK]
    Stock-Level: 4.35% (>= 4.0%) [OK]
 [response time (at least 90% passed)]
      New-Order: 20.05%  [NG] *
        Payment: 96.06%  [OK]
   Order-Status: 99.64%  [OK]
       Delivery: 100.00%  [OK]
    Stock-Level: 9.49%  [NG] *

<TpmC>
                 33080.000 TpmC
