***************************************
*** ###easy### TPC-C Load Generator ***
***************************************
option h with value '192.168.122.77'
option P with value '3306'
option d with value 'benchmarker'
option u with value 'root'
option p with value '123456'
option w with value '11'
option c with value '2'
option r with value '22'
option l with value '60'
option i with value '10'
<Parameters>
     [server]: 192.168.122.77
     [port]: 3306
     [DBname]: benchmarker
       [user]: root
       [pass]: 123456
  [warehouse]: 11
 [connection]: 2
     [rampup]: 22 (sec.)
    [measure]: 60 (sec.)

RAMP-UP TIME.(22 sec.)

MEASURING START.

  10, trx: 1918, 95%: 8.863, 99%: 13.071, max_rt: 25.154, 1920|8.771, 192|7.365, 192|34.451, 192|31.760
  20, trx: 1932, 95%: 9.032, 99%: 13.181, max_rt: 18.146, 1931|7.189, 193|2.598, 193|35.897, 193|30.287
  30, trx: 1907, 95%: 9.070, 99%: 12.438, max_rt: 18.420, 1905|11.661, 190|3.210, 190|32.917, 191|29.748
  40, trx: 1907, 95%: 9.226, 99%: 12.877, max_rt: 21.996, 1905|7.986, 192|3.212, 191|30.149, 191|26.941
  50, trx: 1910, 95%: 9.480, 99%: 13.509, max_rt: 20.444, 1910|7.430, 190|3.528, 191|28.762, 191|28.406
  60, trx: 1920, 95%: 9.713, 99%: 13.364, max_rt: 27.749, 1922|8.124, 192|2.938, 192|34.813, 192|29.461

STOPPING THREADS..

<Raw Results>
  [0] sc:5152 lt:6342  rt:0  fl:0 avg_rt: 7.5 (5)
  [1] sc:11446 lt:47  rt:0  fl:0 avg_rt: 2.0 (5)
  [2] sc:1148 lt:1  rt:0  fl:0 avg_rt: 1.2 (5)
  [3] sc:1149 lt:0  rt:0  fl:0 avg_rt: 20.8 (80)
  [4] sc:859 lt:291  rt:0  fl:0 avg_rt: 25.8 (20)
 in 60 sec.

<Raw Results2(sum ver.)>
  [0] sc:5152  lt:6342  rt:0  fl:0 
  [1] sc:11446  lt:47  rt:0  fl:0 
  [2] sc:1148  lt:1  rt:0  fl:0 
  [3] sc:1149  lt:0  rt:0  fl:0 
  [4] sc:859  lt:291  rt:0  fl:0 

<Constraint Check> (all must be [OK])
 [transaction percentage]
        Payment: 43.48% (>=43.0%) [OK]
   Order-Status: 4.35% (>= 4.0%) [OK]
       Delivery: 4.35% (>= 4.0%) [OK]
    Stock-Level: 4.35% (>= 4.0%) [OK]
 [response time (at least 90% passed)]
      New-Order: 44.82%  [NG] *
        Payment: 99.59%  [OK]
   Order-Status: 99.91%  [OK]
       Delivery: 100.00%  [OK]
    Stock-Level: 74.70%  [NG] *

<TpmC>
                 11494.000 TpmC
