***************************************
*** ###easy### TPC-C Load Generator ***
***************************************
option h with value '192.168.122.77'
option P with value '3306'
option d with value 'benchmarker'
option u with value 'root'
option p with value '123456'
option w with value '11'
option c with value '8'
option r with value '22'
option l with value '60'
option i with value '10'
<Parameters>
     [server]: 192.168.122.77
     [port]: 3306
     [DBname]: benchmarker
       [user]: root
       [pass]: 123456
  [warehouse]: 11
 [connection]: 8
     [rampup]: 22 (sec.)
    [measure]: 60 (sec.)

RAMP-UP TIME.(22 sec.)

MEASURING START.

  10, trx: 2083, 95%: 36.615, 99%: 45.299, max_rt: 65.725, 2080|58.972, 207|19.386, 208|117.358, 208|127.851
  20, trx: 2046, 95%: 36.505, 99%: 44.055, max_rt: 57.149, 2049|39.947, 205|16.752, 204|99.067, 205|111.860
  30, trx: 2060, 95%: 36.648, 99%: 42.196, max_rt: 55.667, 2055|48.477, 206|14.550, 206|103.187, 207|110.020
  40, trx: 2073, 95%: 36.746, 99%: 42.846, max_rt: 61.332, 2077|34.333, 208|22.965, 207|89.537, 207|136.502
  50, trx: 2017, 95%: 36.626, 99%: 46.106, max_rt: 53.617, 2017|32.883, 201|13.782, 202|113.218, 201|112.801
  60, trx: 1987, 95%: 37.897, 99%: 45.666, max_rt: 58.670, 1987|43.874, 199|18.482, 200|95.336, 199|125.303

STOPPING THREADS........

<Raw Results>
  [0] sc:46 lt:12221  rt:0  fl:0 avg_rt: 28.3 (5)
  [1] sc:7288 lt:4977  rt:0  fl:0 avg_rt: 7.1 (5)
  [2] sc:1101 lt:126  rt:0  fl:0 avg_rt: 4.0 (5)
  [3] sc:1172 lt:55  rt:0  fl:0 avg_rt: 74.3 (80)
  [4] sc:2 lt:1225  rt:0  fl:0 avg_rt: 101.9 (20)
 in 60 sec.

<Raw Results2(sum ver.)>
  [0] sc:46  lt:12221  rt:0  fl:0 
  [1] sc:7288  lt:4977  rt:0  fl:0 
  [2] sc:1101  lt:126  rt:0  fl:0 
  [3] sc:1172  lt:55  rt:0  fl:0 
  [4] sc:2  lt:1225  rt:0  fl:0 

<Constraint Check> (all must be [OK])
 [transaction percentage]
        Payment: 43.47% (>=43.0%) [OK]
   Order-Status: 4.35% (>= 4.0%) [OK]
       Delivery: 4.35% (>= 4.0%) [OK]
    Stock-Level: 4.35% (>= 4.0%) [OK]
 [response time (at least 90% passed)]
      New-Order: 0.37%  [NG] *
        Payment: 59.42%  [NG] *
   Order-Status: 89.73%  [NG] *
       Delivery: 95.52%  [OK]
    Stock-Level: 0.16%  [NG] *

<TpmC>
                 12267.000 TpmC
