***************************************
*** ###easy### TPC-C Load Generator ***
***************************************
option h with value '10.0.1.105'
option P with value '3306'
option d with value 'benchmarker'
option u with value 'root'
option p with value '123456'
option w with value '11'
option c with value '24'
option r with value '22'
option l with value '60'
option i with value '10'
<Parameters>
     [server]: 10.0.1.105
     [port]: 3306
     [DBname]: benchmarker
       [user]: root
       [pass]: 123456
  [warehouse]: 11
 [connection]: 24
     [rampup]: 22 (sec.)
    [measure]: 60 (sec.)

RAMP-UP TIME.(22 sec.)

MEASURING START.

  10, trx: 1648, 95%: 109.512, 99%: 116.966, max_rt: 219.399, 1646|139.569, 166|23.332, 165|245.623, 165|350.496
  20, trx: 1654, 95%: 109.381, 99%: 116.861, max_rt: 166.169, 1654|174.236, 165|29.236, 165|235.012, 165|345.773
  30, trx: 1618, 95%: 111.797, 99%: 118.517, max_rt: 145.020, 1618|139.368, 161|23.831, 162|238.469, 162|340.905
  40, trx: 1577, 95%: 114.472, 99%: 122.009, max_rt: 167.426, 1575|112.428, 158|18.458, 158|239.786, 158|360.361
  50, trx: 1581, 95%: 114.678, 99%: 121.498, max_rt: 196.742, 1585|121.837, 158|20.664, 158|240.887, 158|364.621
  60, trx: 1566, 95%: 115.921, 99%: 126.547, max_rt: 204.144, 1563|138.060, 157|23.781, 157|243.961, 156|374.129

STOPPING THREADS........................

<Raw Results>
  [0] sc:40 lt:9604  rt:0  fl:0 avg_rt: 104.7 (5)
  [1] sc:454 lt:9188  rt:0  fl:0 avg_rt: 30.1 (5)
  [2] sc:90 lt:875  rt:0  fl:0 avg_rt: 13.5 (5)
  [3] sc:0 lt:965  rt:0  fl:0 avg_rt: 276.2 (80)
  [4] sc:0 lt:964  rt:0  fl:0 avg_rt: 401.0 (20)
 in 60 sec.

<Raw Results2(sum ver.)>
  [0] sc:40  lt:9604  rt:0  fl:0 
  [1] sc:454  lt:9188  rt:0  fl:0 
  [2] sc:90  lt:875  rt:0  fl:0 
  [3] sc:0  lt:965  rt:0  fl:0 
  [4] sc:0  lt:964  rt:0  fl:0 

<Constraint Check> (all must be [OK])
 [transaction percentage]
        Payment: 43.47% (>=43.0%) [OK]
   Order-Status: 4.35% (>= 4.0%) [OK]
       Delivery: 4.35% (>= 4.0%) [OK]
    Stock-Level: 4.35% (>= 4.0%) [OK]
 [response time (at least 90% passed)]
      New-Order: 0.41%  [NG] *
        Payment: 4.71%  [NG] *
   Order-Status: 9.33%  [NG] *
       Delivery: 0.00%  [NG] *
    Stock-Level: 0.00%  [NG] *

<TpmC>
                 9644.000 TpmC
