***************************************
*** ###easy### TPC-C Load Generator ***
***************************************
option h with value '192.168.122.77'
option P with value '3306'
option d with value 'benchmarker'
option u with value 'root'
option p with value '123456'
option w with value '11'
option c with value '2'
option r with value '22'
option l with value '60'
option i with value '10'
<Parameters>
     [server]: 192.168.122.77
     [port]: 3306
     [DBname]: benchmarker
       [user]: root
       [pass]: 123456
  [warehouse]: 11
 [connection]: 2
     [rampup]: 22 (sec.)
    [measure]: 60 (sec.)

RAMP-UP TIME.(22 sec.)

MEASURING START.

  10, trx: 707, 95%: 24.138, 99%: 29.366, max_rt: 39.150, 709|15.050, 71|8.224, 70|52.607, 71|73.284
  20, trx: 696, 95%: 24.312, 99%: 28.886, max_rt: 37.464, 698|14.227, 70|7.092, 70|51.443, 69|78.156
  30, trx: 707, 95%: 24.268, 99%: 28.861, max_rt: 33.786, 703|12.477, 70|6.214, 70|58.447, 71|64.976
  40, trx: 705, 95%: 24.181, 99%: 27.934, max_rt: 38.782, 705|14.114, 70|6.582, 70|55.893, 70|73.154
  50, trx: 692, 95%: 24.923, 99%: 29.252, max_rt: 33.450, 694|10.709, 70|6.614, 70|53.614, 70|68.555
  60, trx: 701, 95%: 24.436, 99%: 29.410, max_rt: 37.957, 700|10.495, 70|6.464, 70|61.204, 70|62.664

STOPPING THREADS..

<Raw Results>
  [0] sc:0 lt:4208  rt:0  fl:0 avg_rt: 22.2 (5)
  [1] sc:3523 lt:686  rt:0  fl:0 avg_rt: 5.3 (5)
  [2] sc:398 lt:23  rt:0  fl:0 avg_rt: 3.0 (5)
  [3] sc:420 lt:0  rt:0  fl:0 avg_rt: 49.0 (80)
  [4] sc:0 lt:421  rt:0  fl:0 avg_rt: 62.2 (20)
 in 60 sec.

<Raw Results2(sum ver.)>
  [0] sc:0  lt:4208  rt:0  fl:0 
  [1] sc:3523  lt:686  rt:0  fl:0 
  [2] sc:398  lt:23  rt:0  fl:0 
  [3] sc:420  lt:0  rt:0  fl:0 
  [4] sc:0  lt:421  rt:0  fl:0 

<Constraint Check> (all must be [OK])
 [transaction percentage]
        Payment: 43.49% (>=43.0%) [OK]
   Order-Status: 4.35% (>= 4.0%) [OK]
       Delivery: 4.34% (>= 4.0%) [OK]
    Stock-Level: 4.35% (>= 4.0%) [OK]
 [response time (at least 90% passed)]
      New-Order: 0.00%  [NG] *
        Payment: 83.70%  [NG] *
   Order-Status: 94.54%  [OK]
       Delivery: 100.00%  [OK]
    Stock-Level: 0.00%  [NG] *

<TpmC>
                 4208.000 TpmC
