***************************************
*** ###easy### TPC-C Load Generator ***
***************************************
option h with value '192.168.122.79'
option P with value '3306'
option d with value 'benchmarker'
option u with value 'root'
option p with value '123456'
option w with value '11'
option c with value '1'
option r with value '22'
option l with value '60'
option i with value '10'
<Parameters>
     [server]: 192.168.122.79
     [port]: 3306
     [DBname]: benchmarker
       [user]: root
       [pass]: 123456
  [warehouse]: 11
 [connection]: 1
     [rampup]: 22 (sec.)
    [measure]: 60 (sec.)

RAMP-UP TIME.(22 sec.)

MEASURING START.

  10, trx: 947, 95%: 8.421, 99%: 12.789, max_rt: 22.792, 949|7.679, 94|3.778, 95|36.144, 95|31.951
  20, trx: 942, 95%: 8.340, 99%: 13.639, max_rt: 20.375, 939|8.044, 94|3.919, 94|34.390, 94|30.807
  30, trx: 951, 95%: 8.308, 99%: 13.721, max_rt: 19.626, 955|5.617, 95|2.475, 96|28.025, 95|33.743
  40, trx: 956, 95%: 8.604, 99%: 12.958, max_rt: 19.855, 952|4.343, 96|5.522, 95|39.858, 96|30.038
  50, trx: 957, 95%: 8.348, 99%: 12.216, max_rt: 20.436, 959|6.315, 95|2.296, 95|32.318, 95|29.197
  60, trx: 962, 95%: 8.752, 99%: 14.066, max_rt: 20.405, 958|5.804, 97|4.269, 97|33.953, 96|28.144

STOPPING THREADS.

<Raw Results>
  [0] sc:2525 lt:3190  rt:0  fl:0 avg_rt: 7.5 (5)
  [1] sc:5697 lt:15  rt:0  fl:0 avg_rt: 2.1 (5)
  [2] sc:570 lt:1  rt:0  fl:0 avg_rt: 1.2 (5)
  [3] sc:572 lt:0  rt:0  fl:0 avg_rt: 22.2 (80)
  [4] sc:481 lt:90  rt:0  fl:0 avg_rt: 24.4 (20)
 in 60 sec.

<Raw Results2(sum ver.)>
  [0] sc:2525  lt:3190  rt:0  fl:0 
  [1] sc:5697  lt:15  rt:0  fl:0 
  [2] sc:570  lt:1  rt:0  fl:0 
  [3] sc:572  lt:0  rt:0  fl:0 
  [4] sc:481  lt:90  rt:0  fl:0 

<Constraint Check> (all must be [OK])
 [transaction percentage]
        Payment: 43.47% (>=43.0%) [OK]
   Order-Status: 4.35% (>= 4.0%) [OK]
       Delivery: 4.35% (>= 4.0%) [OK]
    Stock-Level: 4.35% (>= 4.0%) [OK]
 [response time (at least 90% passed)]
      New-Order: 44.18%  [NG] *
        Payment: 99.74%  [OK]
   Order-Status: 99.82%  [OK]
       Delivery: 100.00%  [OK]
    Stock-Level: 84.24%  [NG] *

<TpmC>
                 5715.000 TpmC
