***************************************
*** ###easy### TPC-C Load Generator ***
***************************************
option h with value '192.168.122.79'
option P with value '3306'
option d with value 'benchmarker'
option u with value 'root'
option p with value '123456'
option w with value '11'
option c with value '16'
option r with value '22'
option l with value '60'
option i with value '10'
<Parameters>
     [server]: 192.168.122.79
     [port]: 3306
     [DBname]: benchmarker
       [user]: root
       [pass]: 123456
  [warehouse]: 11
 [connection]: 16
     [rampup]: 22 (sec.)
    [measure]: 60 (sec.)

RAMP-UP TIME.(22 sec.)

MEASURING START.

  10, trx: 4815, 95%: 34.077, 99%: 44.148, max_rt: 81.011, 4814|77.273, 482|19.680, 481|149.234, 481|115.953
  20, trx: 4936, 95%: 33.570, 99%: 44.760, max_rt: 71.006, 4930|42.442, 493|16.206, 494|93.070, 493|141.530
  30, trx: 4966, 95%: 33.450, 99%: 44.479, max_rt: 67.247, 4971|76.307, 496|15.686, 497|119.333, 497|94.311
  40, trx: 4894, 95%: 34.158, 99%: 43.531, max_rt: 73.221, 4894|52.698, 489|21.290, 488|135.807, 489|124.527
  50, trx: 4789, 95%: 34.036, 99%: 45.421, max_rt: 86.940, 4792|41.442, 480|16.660, 480|107.029, 480|141.366
  60, trx: 4835, 95%: 34.312, 99%: 44.934, max_rt: 66.976, 4830|43.405, 483|14.137, 484|104.821, 482|98.003

STOPPING THREADS................

<Raw Results>
  [0] sc:384 lt:28851  rt:0  fl:0 avg_rt: 24.4 (5)
  [1] sc:17850 lt:11383  rt:0  fl:0 avg_rt: 7.5 (5)
  [2] sc:2510 lt:413  rt:0  fl:0 avg_rt: 3.9 (5)
  [3] sc:2881 lt:43  rt:0  fl:0 avg_rt: 58.7 (80)
  [4] sc:0 lt:2922  rt:0  fl:0 avg_rt: 66.1 (20)
 in 60 sec.

<Raw Results2(sum ver.)>
  [0] sc:384  lt:28851  rt:0  fl:0 
  [1] sc:17850  lt:11383  rt:0  fl:0 
  [2] sc:2510  lt:413  rt:0  fl:0 
  [3] sc:2881  lt:43  rt:0  fl:0 
  [4] sc:0  lt:2922  rt:0  fl:0 

<Constraint Check> (all must be [OK])
 [transaction percentage]
        Payment: 43.48% (>=43.0%) [OK]
   Order-Status: 4.35% (>= 4.0%) [OK]
       Delivery: 4.35% (>= 4.0%) [OK]
    Stock-Level: 4.35% (>= 4.0%) [OK]
 [response time (at least 90% passed)]
      New-Order: 1.31%  [NG] *
        Payment: 61.06%  [NG] *
   Order-Status: 85.87%  [NG] *
       Delivery: 98.53%  [OK]
    Stock-Level: 0.00%  [NG] *

<TpmC>
                 29235.000 TpmC
