***************************************
*** ###easy### TPC-C Load Generator ***
***************************************
option h with value '192.168.122.77'
option P with value '3306'
option d with value 'benchmarker'
option u with value 'root'
option p with value '123456'
option w with value '11'
option c with value '24'
option r with value '22'
option l with value '60'
option i with value '10'
<Parameters>
     [server]: 192.168.122.77
     [port]: 3306
     [DBname]: benchmarker
       [user]: root
       [pass]: 123456
  [warehouse]: 11
 [connection]: 24
     [rampup]: 22 (sec.)
    [measure]: 60 (sec.)

RAMP-UP TIME.(22 sec.)

MEASURING START.

  10, trx: 5030, 95%: 63.133, 99%: 101.221, max_rt: 207.069, 5030|179.625, 502|32.380, 502|399.014, 505|262.170
  20, trx: 5218, 95%: 62.738, 99%: 104.578, max_rt: 302.481, 5214|137.498, 522|41.090, 523|390.083, 522|241.512
  30, trx: 5336, 95%: 60.979, 99%: 92.888, max_rt: 191.941, 5333|158.546, 534|33.856, 535|295.077, 533|245.224
  40, trx: 5251, 95%: 61.033, 99%: 105.585, max_rt: 195.730, 5261|175.936, 526|38.228, 523|234.550, 525|252.157
  50, trx: 5045, 95%: 68.612, 99%: 114.575, max_rt: 236.695, 5046|148.211, 504|43.246, 507|315.356, 505|330.467
  60, trx: 5135, 95%: 67.673, 99%: 100.798, max_rt: 238.071, 5134|151.868, 513|45.591, 512|328.958, 514|246.978

STOPPING THREADS........................

<Raw Results>
  [0] sc:1045 lt:29971  rt:0  fl:0 avg_rt: 32.6 (5)
  [1] sc:15074 lt:15944  rt:0  fl:0 avg_rt: 14.6 (5)
  [2] sc:2543 lt:558  rt:0  fl:0 avg_rt: 4.3 (5)
  [3] sc:2412 lt:690  rt:0  fl:0 avg_rt: 83.0 (80)
  [4] sc:55 lt:3049  rt:0  fl:0 avg_rt: 75.6 (20)
 in 60 sec.

<Raw Results2(sum ver.)>
  [0] sc:1045  lt:29971  rt:0  fl:0 
  [1] sc:15074  lt:15945  rt:0  fl:0 
  [2] sc:2543  lt:558  rt:0  fl:0 
  [3] sc:2412  lt:690  rt:0  fl:0 
  [4] sc:55  lt:3049  rt:0  fl:0 

<Constraint Check> (all must be [OK])
 [transaction percentage]
        Payment: 43.48% (>=43.0%) [OK]
   Order-Status: 4.35% (>= 4.0%) [OK]
       Delivery: 4.35% (>= 4.0%) [OK]
    Stock-Level: 4.35% (>= 4.0%) [OK]
 [response time (at least 90% passed)]
      New-Order: 3.37%  [NG] *
        Payment: 48.60%  [NG] *
   Order-Status: 82.01%  [NG] *
       Delivery: 77.76%  [NG] *
    Stock-Level: 1.77%  [NG] *

<TpmC>
                 31016.000 TpmC
