***************************************
*** ###easy### TPC-C Load Generator ***
***************************************
option h with value '192.168.122.77'
option P with value '3306'
option d with value 'benchmarker'
option u with value 'root'
option p with value '123456'
option w with value '11'
option c with value '1'
option r with value '22'
option l with value '60'
option i with value '10'
<Parameters>
     [server]: 192.168.122.77
     [port]: 3306
     [DBname]: benchmarker
       [user]: root
       [pass]: 123456
  [warehouse]: 11
 [connection]: 1
     [rampup]: 22 (sec.)
    [measure]: 60 (sec.)

RAMP-UP TIME.(22 sec.)

MEASURING START.

  10, trx: 971, 95%: 8.943, 99%: 14.787, max_rt: 30.071, 975|9.268, 98|5.733, 97|39.643, 98|29.827
  20, trx: 982, 95%: 8.757, 99%: 12.257, max_rt: 18.847, 981|8.000, 98|1.057, 97|33.266, 98|29.116
  30, trx: 1009, 95%: 7.917, 99%: 12.858, max_rt: 22.569, 1011|6.884, 100|2.901, 102|27.398, 100|27.527
  40, trx: 981, 95%: 8.532, 99%: 14.589, max_rt: 24.660, 978|8.512, 99|3.026, 98|31.398, 99|28.940
  50, trx: 990, 95%: 8.219, 99%: 13.623, max_rt: 22.683, 991|13.811, 98|3.727, 98|33.585, 99|26.050
  60, trx: 979, 95%: 8.656, 99%: 13.824, max_rt: 25.343, 981|10.918, 99|1.655, 98|34.808, 98|27.665

STOPPING THREADS.

<Raw Results>
  [0] sc:2901 lt:3011  rt:0  fl:0 avg_rt: 7.3 (5)
  [1] sc:5896 lt:21  rt:0  fl:0 avg_rt: 2.0 (5)
  [2] sc:592 lt:0  rt:0  fl:0 avg_rt: 1.0 (5)
  [3] sc:590 lt:0  rt:0  fl:0 avg_rt: 21.4 (80)
  [4] sc:518 lt:74  rt:0  fl:0 avg_rt: 23.2 (20)
 in 60 sec.

<Raw Results2(sum ver.)>
  [0] sc:2901  lt:3011  rt:0  fl:0 
  [1] sc:5896  lt:21  rt:0  fl:0 
  [2] sc:592  lt:0  rt:0  fl:0 
  [3] sc:590  lt:0  rt:0  fl:0 
  [4] sc:518  lt:74  rt:0  fl:0 

<Constraint Check> (all must be [OK])
 [transaction percentage]
        Payment: 43.50% (>=43.0%) [OK]
   Order-Status: 4.35% (>= 4.0%) [OK]
       Delivery: 4.34% (>= 4.0%) [OK]
    Stock-Level: 4.35% (>= 4.0%) [OK]
 [response time (at least 90% passed)]
      New-Order: 49.07%  [NG] *
        Payment: 99.65%  [OK]
   Order-Status: 100.00%  [OK]
       Delivery: 100.00%  [OK]
    Stock-Level: 87.50%  [NG] *

<TpmC>
                 5912.000 TpmC
