[OVERALL], RunTime(ms), 133
[OVERALL], Throughput(ops/sec), 7518.796992481203
[TOTAL_GCS_PS_Scavenge], Count, 0
[TOTAL_GC_TIME_PS_Scavenge], Time(ms), 0
[TOTAL_GC_TIME_%_PS_Scavenge], Time(%), 0.0
[TOTAL_GCS_PS_MarkSweep], Count, 0
[TOTAL_GC_TIME_PS_MarkSweep], Time(ms), 0
[TOTAL_GC_TIME_%_PS_MarkSweep], Time(%), 0.0
[TOTAL_GCs], Count, 0
[TOTAL_GC_TIME], Time(ms), 0
[TOTAL_GC_TIME_%], Time(%), 0.0
[CLEANUP], Operations, 16
[CLEANUP], AverageLatency(us), 49.625
[CLEANUP], MinLatency(us), 22
[CLEANUP], MaxLatency(us), 325
[CLEANUP], 95thPercentileLatency(us), 50
[CLEANUP], 99thPercentileLatency(us), 325
[INSERT], Operations, 1000
[INSERT], AverageLatency(us), 1143.176
[INSERT], MinLatency(us), 158
[INSERT], MaxLatency(us), 22927
[INSERT], 95thPercentileLatency(us), 3289
[INSERT], 99thPercentileLatency(us), 8543
[INSERT], Return=OK, 1000
