[OVERALL], RunTime(ms), 156
[OVERALL], Throughput(ops/sec), 6410.25641025641
[TOTAL_GCS_PS_Scavenge], Count, 0
[TOTAL_GC_TIME_PS_Scavenge], Time(ms), 0
[TOTAL_GC_TIME_%_PS_Scavenge], Time(%), 0.0
[TOTAL_GCS_PS_MarkSweep], Count, 0
[TOTAL_GC_TIME_PS_MarkSweep], Time(ms), 0
[TOTAL_GC_TIME_%_PS_MarkSweep], Time(%), 0.0
[TOTAL_GCs], Count, 0
[TOTAL_GC_TIME], Time(ms), 0
[TOTAL_GC_TIME_%], Time(%), 0.0
[CLEANUP], Operations, 16
[CLEANUP], AverageLatency(us), 52.375
[CLEANUP], MinLatency(us), 21
[CLEANUP], MaxLatency(us), 425
[CLEANUP], 95thPercentileLatency(us), 44
[CLEANUP], 99thPercentileLatency(us), 425
[INSERT], Operations, 1000
[INSERT], AverageLatency(us), 1219.666
[INSERT], MinLatency(us), 185
[INSERT], MaxLatency(us), 27903
[INSERT], 95thPercentileLatency(us), 4143
[INSERT], 99thPercentileLatency(us), 9407
[INSERT], Return=OK, 1000
