[OVERALL], RunTime(ms), 153
[OVERALL], Throughput(ops/sec), 6535.9477124183
[TOTAL_GCS_PS_Scavenge], Count, 0
[TOTAL_GC_TIME_PS_Scavenge], Time(ms), 0
[TOTAL_GC_TIME_%_PS_Scavenge], Time(%), 0.0
[TOTAL_GCS_PS_MarkSweep], Count, 0
[TOTAL_GC_TIME_PS_MarkSweep], Time(ms), 0
[TOTAL_GC_TIME_%_PS_MarkSweep], Time(%), 0.0
[TOTAL_GCs], Count, 0
[TOTAL_GC_TIME], Time(ms), 0
[TOTAL_GC_TIME_%], Time(%), 0.0
[CLEANUP], Operations, 16
[CLEANUP], AverageLatency(us), 54.375
[CLEANUP], MinLatency(us), 21
[CLEANUP], MaxLatency(us), 446
[CLEANUP], 95thPercentileLatency(us), 35
[CLEANUP], 99thPercentileLatency(us), 446
[INSERT], Operations, 1000
[INSERT], AverageLatency(us), 1164.307
[INSERT], MinLatency(us), 181
[INSERT], MaxLatency(us), 28575
[INSERT], 95thPercentileLatency(us), 3655
[INSERT], 99thPercentileLatency(us), 10735
[INSERT], Return=OK, 1000
