[OVERALL], RunTime(ms), 169
[OVERALL], Throughput(ops/sec), 5917.15976331361
[TOTAL_GCS_PS_Scavenge], Count, 0
[TOTAL_GC_TIME_PS_Scavenge], Time(ms), 0
[TOTAL_GC_TIME_%_PS_Scavenge], Time(%), 0.0
[TOTAL_GCS_PS_MarkSweep], Count, 0
[TOTAL_GC_TIME_PS_MarkSweep], Time(ms), 0
[TOTAL_GC_TIME_%_PS_MarkSweep], Time(%), 0.0
[TOTAL_GCs], Count, 0
[TOTAL_GC_TIME], Time(ms), 0
[TOTAL_GC_TIME_%], Time(%), 0.0
[CLEANUP], Operations, 16
[CLEANUP], AverageLatency(us), 114.1875
[CLEANUP], MinLatency(us), 23
[CLEANUP], MaxLatency(us), 1324
[CLEANUP], 95thPercentileLatency(us), 53
[CLEANUP], 99thPercentileLatency(us), 1324
[INSERT], Operations, 1000
[INSERT], AverageLatency(us), 1174.539
[INSERT], MinLatency(us), 200
[INSERT], MaxLatency(us), 38783
[INSERT], 95thPercentileLatency(us), 3341
[INSERT], 99thPercentileLatency(us), 11807
[INSERT], Return=OK, 1000
