***************************************
*** ###easy### TPC-C Load Generator ***
***************************************
option h with value '10.0.3.190'
option P with value '13306'
option d with value 'benchmarker'
option u with value 'root'
option p with value '123456'
option w with value '11'
option c with value '1'
option r with value '22'
option l with value '60'
option i with value '10'
<Parameters>
     [server]: 10.0.3.190
     [port]: 13306
     [DBname]: benchmarker
       [user]: root
       [pass]: 123456
  [warehouse]: 11
 [connection]: 1
     [rampup]: 22 (sec.)
    [measure]: 60 (sec.)

RAMP-UP TIME.(22 sec.)

MEASURING START.

  10, trx: 257, 95%: 39.460, 99%: 53.807, max_rt: 91.953, 262|47.485, 25|21.260, 26|158.561, 25|138.251
  20, trx: 260, 95%: 40.007, 99%: 50.107, max_rt: 61.495, 257|47.898, 26|5.378, 27|208.748, 26|70.101
  30, trx: 299, 95%: 43.963, 99%: 51.939, max_rt: 65.757, 299|36.014, 30|6.619, 29|62.057, 30|91.524
  40, trx: 261, 95%: 39.295, 99%: 47.878, max_rt: 52.012, 261|19.094, 26|15.470, 27|63.179, 26|97.987
  50, trx: 359, 95%: 23.147, 99%: 29.675, max_rt: 45.352, 358|31.645, 36|5.693, 35|65.224, 35|107.779
  60, trx: 270, 95%: 34.601, 99%: 47.252, max_rt: 59.999, 270|47.893, 27|15.545, 27|62.270, 28|84.152

STOPPING THREADS.

<Raw Results>
  [0] sc:0 lt:1706  rt:0  fl:0 avg_rt: 27.0 (5)
  [1] sc:1313 lt:394  rt:0  fl:0 avg_rt: 7.0 (5)
  [2] sc:161 lt:9  rt:0  fl:0 avg_rt: 3.3 (5)
  [3] sc:167 lt:4  rt:0  fl:0 avg_rt: 60.8 (80)
  [4] sc:0 lt:170  rt:0  fl:0 avg_rt: 77.0 (20)
 in 60 sec.

<Raw Results2(sum ver.)>
  [0] sc:0  lt:1706  rt:0  fl:0 
  [1] sc:1313  lt:394  rt:0  fl:0 
  [2] sc:161  lt:9  rt:0  fl:0 
  [3] sc:167  lt:4  rt:0  fl:0 
  [4] sc:0  lt:170  rt:0  fl:0 

<Constraint Check> (all must be [OK])
 [transaction percentage]
        Payment: 43.50% (>=43.0%) [OK]
   Order-Status: 4.33% (>= 4.0%) [OK]
       Delivery: 4.36% (>= 4.0%) [OK]
    Stock-Level: 4.33% (>= 4.0%) [OK]
 [response time (at least 90% passed)]
      New-Order: 0.00%  [NG] *
        Payment: 76.92%  [NG] *
   Order-Status: 94.71%  [OK]
       Delivery: 97.66%  [OK]
    Stock-Level: 0.00%  [NG] *

<TpmC>
                 1706.000 TpmC
