***************************************
*** ###easy### TPC-C Load Generator ***
***************************************
option h with value '192.168.122.77'
option P with value '3306'
option d with value 'benchmarker'
option u with value 'root'
option p with value '123456'
option w with value '11'
option c with value '1'
option r with value '22'
option l with value '60'
option i with value '10'
<Parameters>
     [server]: 192.168.122.77
     [port]: 3306
     [DBname]: benchmarker
       [user]: root
       [pass]: 123456
  [warehouse]: 11
 [connection]: 1
     [rampup]: 22 (sec.)
    [measure]: 60 (sec.)

RAMP-UP TIME.(22 sec.)

MEASURING START.

  10, trx: 691, 95%: 11.977, 99%: 14.368, max_rt: 20.155, 694|6.954, 70|3.068, 69|44.890, 69|65.423
  20, trx: 701, 95%: 11.028, 99%: 12.169, max_rt: 17.360, 699|3.814, 70|2.093, 70|24.994, 70|36.210
  30, trx: 705, 95%: 10.991, 99%: 11.768, max_rt: 15.639, 707|3.394, 71|2.001, 71|21.011, 70|30.974
  40, trx: 688, 95%: 11.067, 99%: 11.985, max_rt: 17.274, 690|3.281, 68|2.313, 69|20.070, 70|30.225
  50, trx: 703, 95%: 10.896, 99%: 12.209, max_rt: 14.777, 697|4.924, 70|1.954, 70|20.648, 69|32.918
  60, trx: 699, 95%: 10.916, 99%: 12.017, max_rt: 22.444, 700|4.036, 70|1.947, 69|22.169, 70|31.858

STOPPING THREADS.

<Raw Results>
  [0] sc:476 lt:3711  rt:0  fl:0 avg_rt: 10.6 (5)
  [1] sc:4187 lt:0  rt:0  fl:0 avg_rt: 2.6 (5)
  [2] sc:419 lt:0  rt:0  fl:0 avg_rt: 1.8 (5)
  [3] sc:418 lt:0  rt:0  fl:0 avg_rt: 24.7 (80)
  [4] sc:0 lt:418  rt:0  fl:0 avg_rt: 37.7 (20)
 in 60 sec.

<Raw Results2(sum ver.)>
  [0] sc:476  lt:3711  rt:0  fl:0 
  [1] sc:4187  lt:0  rt:0  fl:0 
  [2] sc:419  lt:0  rt:0  fl:0 
  [3] sc:418  lt:0  rt:0  fl:0 
  [4] sc:0  lt:418  rt:0  fl:0 

<Constraint Check> (all must be [OK])
 [transaction percentage]
        Payment: 43.48% (>=43.0%) [OK]
   Order-Status: 4.35% (>= 4.0%) [OK]
       Delivery: 4.34% (>= 4.0%) [OK]
    Stock-Level: 4.34% (>= 4.0%) [OK]
 [response time (at least 90% passed)]
      New-Order: 11.37%  [NG] *
        Payment: 100.00%  [OK]
   Order-Status: 100.00%  [OK]
       Delivery: 100.00%  [OK]
    Stock-Level: 0.00%  [NG] *

<TpmC>
                 4187.000 TpmC
