Initializing 100 connections...
Initializing 100 workers and preparing statements...
_elapsed___errors__ops/sec(inst)___ops/sec(cum)__p50(ms)__p95(ms)__p99(ms)_pMax(ms)
      1s        0            0.5            1.0    121.6    121.6    121.6    121.6 delivery
      1s        0           12.1           26.0     96.5    159.4    159.4    159.4 newOrder
      1s        0            1.4            3.0     41.9     79.7     79.7     79.7 orderStatus
      1s        0           11.2           24.0     35.7     75.5    109.1    109.1 payment
      1s        0            2.8            6.0     50.3     88.1     88.1     88.1 stockLevel
      2s        0            3.0            2.0    385.9    419.4    419.4    419.4 delivery
      2s        0           30.0           28.0    226.5    486.5    604.0    604.0 newOrder
      2s        0            2.0            2.5     37.7     67.1     67.1     67.1 orderStatus
      2s        0           24.0           24.0    113.2    285.2    385.9    385.9 payment
      2s        0            3.0            4.5    121.6    302.0    302.0    302.0 stockLevel
      3s        0            3.0            2.3    402.7    402.7    402.7    402.7 delivery
      3s        0           33.0           29.7    201.3    604.0   1543.5   1543.5 newOrder
      3s        0            2.0            2.3     52.4     71.3     71.3     71.3 orderStatus
      3s        0           27.0           25.0    117.4    738.2   1140.9   1140.9 payment
      3s        0            3.0            4.0    570.4    671.1    671.1    671.1 stockLevel
      4s        0            5.0            3.0    234.9    486.5    486.5    486.5 delivery
      4s        0           35.0           31.0    142.6    906.0   1140.9   1140.9 newOrder
      4s        0            7.0            3.5     39.8     52.4     52.4     52.4 orderStatus
      4s        0           22.0           24.2    318.8   1073.7   1946.2   1946.2 payment
      4s        0            1.0            3.2     35.7     35.7     35.7     35.7 stockLevel
_elapsed___errors__ops/sec(inst)___ops/sec(cum)__p50(ms)__p95(ms)__p99(ms)_pMax(ms)
      5s        0            3.0            3.0    318.8    402.7    402.7    402.7 delivery
      5s        0           24.0           29.6    234.9   1543.5   1610.6   1610.6 newOrder
      5s        0            1.0            3.0    109.1    109.1    109.1    109.1 orderStatus
      5s        0           28.0           25.0    335.5   1946.2   2013.3   2013.3 payment
      5s        0            4.0            3.4    121.6    419.4    419.4    419.4 stockLevel
      6s        0            6.0            3.5    369.1    973.1    973.1    973.1 delivery
      6s        0           30.0           29.7    234.9   1811.9   2080.4   2080.4 newOrder
      6s        0            6.0            3.5     75.5    100.7    100.7    100.7 orderStatus
      6s        0           31.0           26.0    121.6   2550.1   2550.1   2550.1 payment
      6s        0            3.0            3.3     83.9    104.9    104.9    104.9 stockLevel
      7s        0            1.0            3.1    369.1    369.1    369.1    369.1 delivery
      7s        0           27.0           29.3    335.5   1811.9   3221.2   3221.2 newOrder
      7s        0            7.0            4.0     67.1     96.5     96.5     96.5 orderStatus
      7s        0           34.0           27.1    209.7   2415.9   3758.1   3758.1 payment
      7s        0            6.0            3.7     92.3    176.2    176.2    176.2 stockLevel
      8s        0            2.0            3.0    302.0    402.7    402.7    402.7 delivery
      8s        0           30.0           29.4    243.3   1744.8   1811.9   1811.9 newOrder
      8s        0            2.0            3.7     71.3     71.3     71.3     71.3 orderStatus
      8s        0           27.0           27.1    167.8   2550.1   4160.7   4160.7 payment
      8s        0            7.0            4.1    218.1    503.3    503.3    503.3 stockLevel
_elapsed___errors__ops/sec(inst)___ops/sec(cum)__p50(ms)__p95(ms)__p99(ms)_pMax(ms)
      9s        0            6.0            3.3    302.0    419.4    419.4    419.4 delivery
      9s        0           31.0           29.6    285.2   2147.5   2550.1   2550.1 newOrder
      9s        0            3.0            3.7     54.5    117.4    117.4    117.4 orderStatus
      9s        0           26.0           27.0    201.3   3489.7   4295.0   4295.0 payment
      9s        0            2.0            3.9     92.3    159.4    159.4    159.4 stockLevel
     10s        0            3.0            3.3    503.3    738.2    738.2    738.2 delivery
     10s        0           22.0           28.8   1140.9   3489.7   3623.9   3623.9 newOrder
     10s        0            3.0            3.6     92.3    100.7    100.7    100.7 orderStatus
     10s        0           29.0           27.2    302.0   4563.4   5637.1   5637.1 payment
     10s        0            5.0            4.0    436.2   1744.8   1744.8   1744.8 stockLevel
_elapsed___errors__ops/sec(inst)___ops/sec(cum)__p50(ms)__p95(ms)__p99(ms)_pMax(ms)
      1s        0            1.0            1.0    671.1    671.1    671.1    671.1 delivery
      1s        0           12.0           12.0    209.7    436.2    671.1    671.1 newOrder
      1s        0            4.0            4.0     83.9    121.6    121.6    121.6 orderStatus
      1s        0            4.0            4.0     79.7    159.4    159.4    159.4 payment
      1s        0            2.0            2.0     88.1    201.3    201.3    201.3 stockLevel
      2s        0            3.0            2.0    503.3    570.4    570.4    570.4 delivery
      2s        0           16.0           14.0    369.1    838.9   1342.2   1342.2 newOrder
      2s        0            5.0            4.5    201.3    218.1    218.1    218.1 orderStatus
      2s        0           24.0           14.0    209.7   1208.0   1208.0   1208.0 payment
      2s        0            2.0            2.0    243.3    318.8    318.8    318.8 stockLevel
      3s        0            3.0            2.3    335.5    352.3    352.3    352.3 delivery
      3s        0           28.0           18.7    419.4   1677.7   1811.9   1811.9 newOrder
      3s        0            3.0            4.0     54.5     83.9     83.9     83.9 orderStatus
      3s        0           24.0           17.3    159.4   1073.7   1208.0   1208.0 payment
      3s        0            4.0            2.7    134.2    704.6    704.6    704.6 stockLevel
      4s        0            5.0            3.0    385.9    906.0    906.0    906.0 delivery
      4s        0           26.0           20.5    419.4   2147.5   3221.2   3221.2 newOrder
      4s        0            5.0            4.3     71.3    104.9    104.9    104.9 orderStatus
      4s        0           33.0           21.3    285.2   1208.0   3087.0   3087.0 payment
      4s        0            2.0            2.5     48.2     83.9     83.9     83.9 stockLevel
_elapsed___errors__ops/sec(inst)___ops/sec(cum)__p50(ms)__p95(ms)__p99(ms)_pMax(ms)
      5s        0            2.0            2.8    268.4    469.8    469.8    469.8 delivery
      5s        0           26.0           21.6    453.0   3355.4   5100.3   5100.3 newOrder
      5s        0            1.0            3.6    184.5    184.5    184.5    184.5 orderStatus
      5s        0           26.0           22.2    113.2   1610.6   3758.1   3758.1 payment
      5s        0            1.0            2.2     58.7     58.7     58.7     58.7 stockLevel
      6s        0            2.0            2.7    234.9    352.3    352.3    352.3 delivery
      6s        0           32.0           23.3    226.5   2415.9   3892.3   3892.3 newOrder
      6s        0            2.0            3.3     31.5     62.9     62.9     62.9 orderStatus
      6s        0           23.0           22.3    113.2   5100.3   5368.7   5368.7 payment
      6s        0            1.0            2.0    268.4    268.4    268.4    268.4 stockLevel
      7s        0            2.0            2.6    268.4    285.2    285.2    285.2 delivery
      7s        0           31.0           24.4    335.5   2818.6   5637.1   5637.1 newOrder
      7s        0            2.0            3.1     67.1     75.5     75.5     75.5 orderStatus
      7s        0           32.0           23.7    167.8   4160.7   5905.6   5905.6 payment
      7s        0            1.0            1.9    130.0    130.0    130.0    130.0 stockLevel
      8s        0            0.0            2.3      0.0      0.0      0.0      0.0 delivery
      8s        0           30.0           25.1    209.7   4563.4   8053.1   8053.1 newOrder
      8s        0            4.0            3.3     54.5    130.0    130.0    130.0 orderStatus
      8s        0           23.0           23.6    130.0   4831.8   5100.3   5100.3 payment
      8s        0            2.0            1.9     54.5     75.5     75.5     75.5 stockLevel
_elapsed___errors__ops/sec(inst)___ops/sec(cum)__p50(ms)__p95(ms)__p99(ms)_pMax(ms)
      9s        0            1.0            2.1    369.1    369.1    369.1    369.1 delivery
      9s        0           27.0           25.3    570.4   6174.0   7516.2   7516.2 newOrder
      9s        0            2.0            3.1     50.3     71.3     71.3     71.3 orderStatus
      9s        0           29.0           24.2    151.0   5637.1   6174.0   6174.0 payment
      9s        0            6.0            2.3    130.0   1275.1   1275.1   1275.1 stockLevel
     10s        0            2.0            2.1    268.4    419.4    419.4    419.4 delivery
     10s        0           27.0           25.5    226.5   2080.4   3221.2   3221.2 newOrder
     10s        0            4.0            3.2     56.6    671.1    671.1    671.1 orderStatus
     10s        0           26.0           24.4    184.5   6442.5   9126.8   9126.8 payment
     10s        0            1.0            2.2    604.0    604.0    604.0    604.0 stockLevel
     11s        0            6.0            2.5    285.2   1275.1   1275.1   1275.1 delivery
     11s        0           14.0           24.5    176.2   1342.2   1409.3   1409.3 newOrder
     11s        0            0.0            2.9      0.0      0.0      0.0      0.0 orderStatus
     11s        0           28.0           24.7     79.7   4295.0   6979.3   6979.3 payment
     11s        0            3.0            2.3     88.1    234.9    234.9    234.9 stockLevel
     12s        0            3.0            2.5    285.2    419.4    419.4    419.4 delivery
     12s        0           27.0           24.7    335.5   4831.8   6174.0   6174.0 newOrder
     12s        0            3.0            2.9     44.0     92.3     92.3     92.3 orderStatus
     12s        0           27.0           24.9    302.0   6979.3   8589.9   8589.9 payment
     12s        0            2.0            2.3     88.1    151.0    151.0    151.0 stockLevel
_elapsed___errors__ops/sec(inst)___ops/sec(cum)__p50(ms)__p95(ms)__p99(ms)_pMax(ms)
     13s        0            3.0            2.5    318.8    335.5    335.5    335.5 delivery
     13s        0           24.0           24.6    234.9   8321.5   8321.5   8321.5 newOrder
     13s        0            2.0            2.8     54.5    469.8    469.8    469.8 orderStatus
     13s        0           24.0           24.8    167.8   5905.6   9126.8   9126.8 payment
     13s        0            4.0            2.4     75.5    352.3    352.3    352.3 stockLevel
     14s        0            1.0            2.4    318.8    318.8    318.8    318.8 delivery
     14s        0           36.0           25.4    369.1   4295.0   5905.6   5905.6 newOrder
     14s        0            1.0            2.7    104.9    104.9    104.9    104.9 orderStatus
     14s        0           28.0           25.1     92.3   6979.3   7516.2   7516.2 payment
     14s        0            3.0            2.4    469.8   2684.4   2684.4   2684.4 stockLevel
     15s        0            3.0            2.5    285.2    302.0    302.0    302.0 delivery
     15s        0           22.0           25.2    176.2   1006.6   5100.3   5100.3 newOrder
     15s        0            2.0            2.7    302.0    352.3    352.3    352.3 orderStatus
     15s        0           21.0           24.8    151.0  10200.5  12884.9  12884.9 payment
     15s        0            2.0            2.4     88.1   1140.9   1140.9   1140.9 stockLevel
     16s        0            3.0            2.5    260.0    318.8    318.8    318.8 delivery
     16s        0           28.0           25.4    184.5   2415.9   4026.5   4026.5 newOrder
     16s        0            2.0            2.6     23.1     44.0     44.0     44.0 orderStatus
     16s        0           32.0           25.3    109.1   2013.3  10200.5  10200.5 payment
     16s        0            4.0            2.5     88.1    570.4    570.4    570.4 stockLevel
_elapsed___errors__ops/sec(inst)___ops/sec(cum)__p50(ms)__p95(ms)__p99(ms)_pMax(ms)
     17s        0            3.0            2.5    469.8    486.5    486.5    486.5 delivery
     17s        0           31.0           25.7    335.5   5905.6   8321.5   8321.5 newOrder
     17s        0            3.0            2.6    134.2   1811.9   1811.9   1811.9 orderStatus
     17s        0           22.0           25.1    192.9  14495.5  15569.3  15569.3 payment
     17s        0            2.0            2.5     79.7    352.3    352.3    352.3 stockLevel
     18s        0            1.0            2.4    268.4    268.4    268.4    268.4 delivery
     18s        0           25.0           25.7    209.7   1610.6   1946.2   1946.2 newOrder
     18s        0            1.0            2.6     79.7     79.7     79.7     79.7 orderStatus
     18s        0           23.0           24.9    167.8  11811.2  16643.0  16643.0 payment
     18s        0            4.0            2.6     71.3     79.7     79.7     79.7 stockLevel
     19s        0            3.0            2.5    352.3    536.9    536.9    536.9 delivery
     19s        0           29.0           25.8    234.9   2281.7   4026.5   4026.5 newOrder
     19s        0            5.0            2.7     71.3    352.3    352.3    352.3 orderStatus
     19s        0           26.0           25.0    268.4  15032.4  15569.3  15569.3 payment
     19s        0            4.0            2.6     88.1    771.8    771.8    771.8 stockLevel
     20s        0            4.0            2.6    251.7    436.2    436.2    436.2 delivery
     20s        0           23.0           25.7    167.8   5905.6   6442.5   6442.5 newOrder
     20s        0            2.0            2.7     46.1     56.6     56.6     56.6 orderStatus
     20s        0           28.0           25.2    142.6  10200.5  15032.4  15032.4 payment
     20s        0            3.0            2.7     58.7     58.7     58.7     58.7 stockLevel
_elapsed___errors__ops/sec(inst)___ops/sec(cum)__p50(ms)__p95(ms)__p99(ms)_pMax(ms)
     21s        0            2.0            2.5    335.5    335.5    335.5    335.5 delivery
     21s        0           21.0           25.5    201.3   2415.9   4563.4   4563.4 newOrder
     21s        0            3.0            2.7    176.2    385.9    385.9    385.9 orderStatus
     21s        0           29.0           25.3    176.2   7784.6  12348.0  12348.0 payment
     21s        0            3.0            2.7    218.1    520.1    520.1    520.1 stockLevel
     22s        0            3.0            2.5    352.3    385.9    385.9    385.9 delivery
     22s        0           31.0           25.7    335.5   7784.6  11811.2  11811.2 newOrder
     22s        0            2.0            2.6     52.4    121.6    121.6    121.6 orderStatus
     22s        0           24.0           25.3    151.0   7784.6   8321.5   8321.5 payment
     22s        0            2.0            2.6    201.3    260.0    260.0    260.0 stockLevel
     23s        0            2.0            2.5    260.0    285.2    285.2    285.2 delivery
     23s        0           27.0           25.8    184.5   3355.4   6174.0   6174.0 newOrder
     23s        0            1.0            2.6     75.5     75.5     75.5     75.5 orderStatus
     23s        0           27.0           25.3    142.6    536.9   7516.2   7516.2 payment
     23s        0            2.0            2.6    167.8    318.8    318.8    318.8 stockLevel
     24s        0            2.0            2.5     92.3    436.2    436.2    436.2 delivery
     24s        0           23.0           25.7    130.0    486.5   1610.6   1610.6 newOrder
     24s        0            2.0            2.5    134.2    318.8    318.8    318.8 orderStatus
     24s        0           23.0           25.3     88.1  11274.3  12348.0  12348.0 payment
     24s        0            3.0            2.6     62.9    352.3    352.3    352.3 stockLevel
_elapsed___errors__ops/sec(inst)___ops/sec(cum)__p50(ms)__p95(ms)__p99(ms)_pMax(ms)
     25s        0            2.0            2.5    109.1    125.8    125.8    125.8 delivery
     25s        0           12.0           25.1    151.0   8053.1  12884.9  12884.9 newOrder
     25s        0            3.0            2.6     21.0     32.5     32.5     32.5 orderStatus
     25s        0           23.0           25.2    151.0   9663.7  15032.4  15032.4 payment
     25s        0            1.0            2.6     25.2     25.2     25.2     25.2 stockLevel
     26s        0            1.0            2.4    201.3    201.3    201.3    201.3 delivery
     26s        0           15.0           24.7    142.6  16643.0  16643.0  16643.0 newOrder
     26s        0            1.0            2.5      9.4      9.4      9.4      9.4 orderStatus
     26s        0           16.0           24.8    209.7  18253.6  18253.6  18253.6 payment
     26s        0            2.0            2.5     39.8     58.7     58.7     58.7 stockLevel
     27s        0            2.0            2.4    159.4    335.5    335.5    335.5 delivery
     27s        0           25.0           24.7    335.5   3892.3   8321.5   8321.5 newOrder
     27s        0            1.0            2.4     18.9     18.9     18.9     18.9 orderStatus
     27s        0           17.0           24.5    184.5  10737.4  22548.6  22548.6 payment
     27s        0            1.0            2.5   1342.2   1342.2   1342.2   1342.2 stockLevel
     28s        0            1.0            2.4    385.9    385.9    385.9    385.9 delivery
     28s        0           21.0           24.6    176.2   8053.1   9126.8   9126.8 newOrder
     28s        0            1.0            2.4     18.9     18.9     18.9     18.9 orderStatus
     28s        0           14.0           24.1    104.9    872.4   1140.9   1140.9 payment
     28s        0            2.0            2.5     62.9   1275.1   1275.1   1275.1 stockLevel
_elapsed___errors__ops/sec(inst)___ops/sec(cum)__p50(ms)__p95(ms)__p99(ms)_pMax(ms)
     29s        0            5.0            2.4    352.3    570.4    570.4    570.4 delivery
     29s        0           24.0           24.6    192.9   5100.3   7516.2   7516.2 newOrder
     29s        0            4.0            2.4     39.8    318.8    318.8    318.8 orderStatus
     29s        0           30.0           24.3    100.7   1476.4   6979.3   6979.3 payment
     29s        0            2.0            2.4    352.3   1140.9   1140.9   1140.9 stockLevel
     30s        0            3.0            2.5    385.9    637.5    637.5    637.5 delivery
     30s        0           18.0           24.4    226.5    671.1    738.2    738.2 newOrder
     30s        0            3.0            2.5     37.7     75.5     75.5     75.5 orderStatus
     30s        0           32.0           24.6    201.3   1342.2  10737.4  10737.4 payment
     30s        0            0.0            2.4      0.0      0.0      0.0      0.0 stockLevel
     31s        0            3.0            2.5    419.4    838.9    838.9    838.9 delivery
     31s        0           31.0           24.6    318.8   5100.3   9126.8   9126.8 newOrder
     31s        0            1.0            2.4     75.5     75.5     75.5     75.5 orderStatus
     31s        0           25.0           24.6    151.0  13958.6  24696.1  24696.1 payment
     31s        0            1.0            2.3     65.0     65.0     65.0     65.0 stockLevel
     32s        0            1.0            2.4    134.2    134.2    134.2    134.2 delivery
     32s        0           13.0           24.2    838.9   6174.0  17179.9  17179.9 newOrder
     32s        0            2.0            2.4     16.3     65.0     65.0     65.0 orderStatus
     32s        0           25.0           24.6    184.5  21474.8  21474.8  21474.8 payment
     32s        0            2.0            2.3     92.3    335.5    335.5    335.5 stockLevel
_elapsed___errors__ops/sec(inst)___ops/sec(cum)__p50(ms)__p95(ms)__p99(ms)_pMax(ms)
     33s        0            4.0            2.5    260.0    385.9    385.9    385.9 delivery
     33s        0           30.0           24.4    201.3   6442.5   9126.8   9126.8 newOrder
     33s        0            5.0            2.5     41.9     92.3     92.3     92.3 orderStatus
     33s        0           16.0           24.4     83.9    318.8   1040.2   1040.2 payment
     33s        0            3.0            2.3     60.8    104.9    104.9    104.9 stockLevel
     34s        0            1.0            2.4    260.0    260.0    260.0    260.0 delivery
     34s        0           17.0           24.2    167.8    402.7   2281.7   2281.7 newOrder
     34s        0            0.0            2.4      0.0      0.0      0.0      0.0 orderStatus
     34s        0           20.0           24.2    113.2  10737.4  18253.6  18253.6 payment
     34s        0            4.0            2.4    104.9    134.2    134.2    134.2 stockLevel
     35s        0            3.0            2.5    604.0    838.9    838.9    838.9 delivery
     35s        0           25.0           24.2    151.0  10737.4  15569.3  15569.3 newOrder
     35s        0            4.0            2.5     48.2     71.3     71.3     71.3 orderStatus
     35s        0           33.0           24.5    125.8  13421.8  21474.8  21474.8 payment
     35s        0            3.0            2.4    100.7    318.8    318.8    318.8 stockLevel
     36s        0            2.0            2.4    318.8    536.9    536.9    536.9 delivery
     36s        0           29.0           24.3    209.7   3221.2  10737.4  10737.4 newOrder
     36s        0            5.0            2.5     75.5    419.4    419.4    419.4 orderStatus
     36s        0           23.0           24.4    243.3  10737.4  22548.6  22548.6 payment
     36s        0            3.0            2.4     88.1    352.3    352.3    352.3 stockLevel
_elapsed___errors__ops/sec(inst)___ops/sec(cum)__p50(ms)__p95(ms)__p99(ms)_pMax(ms)
     37s        0            2.0            2.4    234.9    268.4    268.4    268.4 delivery
     37s        0           30.0           24.5    184.5   6710.9  27917.3  27917.3 newOrder
     37s        0            0.0            2.5      0.0      0.0      0.0      0.0 orderStatus
     37s        0           22.0           24.4     88.1  13421.8  14495.5  14495.5 payment
     37s        0            3.0            2.4     71.3     75.5     75.5     75.5 stockLevel
     38s        0            2.0            2.4    335.5    352.3    352.3    352.3 delivery
     38s        0           27.0           24.6    184.5   1744.8  12348.0  12348.0 newOrder
     38s        0            1.0            2.4     50.3     50.3     50.3     50.3 orderStatus
     38s        0           30.0           24.5    335.5  15569.3  19327.4  19327.4 payment
     38s        0            1.0            2.4     58.7     58.7     58.7     58.7 stockLevel
     39s        0            2.0            2.4    335.5    335.5    335.5    335.5 delivery
     39s        0           28.0           24.6    209.7   3355.4   3892.3   3892.3 newOrder
     39s        0            5.0            2.5     54.5     67.1     67.1     67.1 orderStatus
     39s        0           23.0           24.5    151.0   2415.9   4831.8   4831.8 payment
     39s        0            2.0            2.4    142.6    738.2    738.2    738.2 stockLevel
     40s        0            6.0            2.5    260.0   1140.9   1140.9   1140.9 delivery
     40s        0           26.0           24.7    159.4    385.9    436.2    436.2 newOrder
     40s        0            1.0            2.5     32.5     32.5     32.5     32.5 orderStatus
     40s        0           34.0           24.7    201.3   2080.4  22548.6  22548.6 payment
     40s        0            5.0            2.5     60.8    151.0    151.0    151.0 stockLevel
_elapsed___errors__ops/sec(inst)___ops/sec(cum)__p50(ms)__p95(ms)__p99(ms)_pMax(ms)
     41s        0            2.0            2.5    167.8    218.1    218.1    218.1 delivery
     41s        0           26.0           24.7    117.4    704.6   2550.1   2550.1 newOrder
     41s        0            2.0            2.4     50.3    109.1    109.1    109.1 orderStatus
     41s        0           30.0           24.9     75.5  21474.8  36507.2  36507.2 payment
     41s        0            2.0            2.4     24.1    142.6    142.6    142.6 stockLevel
     42s        0            2.0            2.5    192.9    486.5    486.5    486.5 delivery
     42s        0           29.0           24.8    302.0   6174.0   7784.6   7784.6 newOrder
     42s        0            6.0            2.5     71.3    335.5    335.5    335.5 orderStatus
     42s        0           27.0           24.9     83.9  21474.8  40802.2  40802.2 payment
     42s        0            1.0            2.4    151.0    151.0    151.0    151.0 stockLevel
     43s        0            2.0            2.5    260.0    352.3    352.3    352.3 delivery
     43s        0           28.0           24.9    184.5   2550.1   2550.1   2550.1 newOrder
     43s        0            0.0            2.5      0.0      0.0      0.0      0.0 orderStatus
     43s        0           26.0           24.9    121.6   1040.2   1342.2   1342.2 payment
     43s        0            6.0            2.5    243.3    453.0    453.0    453.0 stockLevel
     44s        0            1.0            2.4    285.2    285.2    285.2    285.2 delivery
     44s        0           28.0           25.0    121.6   1006.6   1275.1   1275.1 newOrder
     44s        0            3.0            2.5     39.8    268.4    268.4    268.4 orderStatus
     44s        0           24.0           24.9     79.7  27917.3  33286.0  33286.0 payment
     44s        0            1.0            2.5     79.7     79.7     79.7     79.7 stockLevel
_elapsed___errors__ops/sec(inst)___ops/sec(cum)__p50(ms)__p95(ms)__p99(ms)_pMax(ms)
     45s        0            2.0            2.4    218.1    453.0    453.0    453.0 delivery
     45s        0           29.0           25.0    109.1    805.3  10200.5  10200.5 newOrder
     45s        0            1.0            2.4    285.2    285.2    285.2    285.2 orderStatus
     45s        0           24.0           24.9    201.3   1040.2  21474.8  21474.8 payment
     45s        0            3.0            2.5     46.1     54.5     54.5     54.5 stockLevel
     46s        0            4.0            2.5    402.7    520.1    520.1    520.1 delivery
     46s        0           27.0           25.1     92.3   4563.4  14495.5  14495.5 newOrder
     46s        0            2.0            2.4      7.9    142.6    142.6    142.6 orderStatus
     46s        0           20.0           24.8     37.7    419.4  42949.7  42949.7 payment
     46s        0            2.0            2.5    100.7    704.6    704.6    704.6 stockLevel
     47s        0            2.0            2.4     79.7    151.0    151.0    151.0 delivery
     47s        0           34.0           25.3    142.6   6174.0   7516.2   7516.2 newOrder
     47s        0            1.0            2.4     10.0     10.0     10.0     10.0 orderStatus
     47s        0           14.0           24.6     29.4    520.1  38654.7  38654.7 payment
     47s        0            2.0            2.4     46.1    318.8    318.8    318.8 stockLevel
     48s        0            2.0            2.4    302.0    302.0    302.0    302.0 delivery
     48s        0           29.0           25.4    201.3   7516.2   7784.6   7784.6 newOrder
     48s        0            4.0            2.4     28.3    100.7    100.7    100.7 orderStatus
     48s        0           25.0           24.6     83.9  17179.9  19327.4  19327.4 payment
     48s        0            3.0            2.5    352.3   1140.9   1140.9   1140.9 stockLevel
_elapsed___errors__ops/sec(inst)___ops/sec(cum)__p50(ms)__p95(ms)__p99(ms)_pMax(ms)
     49s        0            3.0            2.4    260.0   1006.6   1006.6   1006.6 delivery
     49s        0           31.0           25.5    302.0   1208.0   9126.8   9126.8 newOrder
     49s        0            2.0            2.4     39.8     65.0     65.0     65.0 orderStatus
     49s        0           36.0           24.8     83.9    906.0   8321.5   8321.5 payment
     49s        0            1.0            2.4    285.2    285.2    285.2    285.2 stockLevel
     50s        0            3.0            2.5    302.0    671.1    671.1    671.1 delivery
     50s        0           27.0           25.5    151.0   1073.7   8321.5   8321.5 newOrder
     50s        0            4.0            2.5     39.8    243.3    243.3    243.3 orderStatus
     50s        0           32.0           24.9     62.9    805.3  45097.2  45097.2 payment
     50s        0            3.0            2.4     48.2     71.3     71.3     71.3 stockLevel
     51s        0            1.0            2.4    486.5    486.5    486.5    486.5 delivery
     51s        0           31.0           25.6    117.4   1140.9  10737.4  10737.4 newOrder
     51s        0            2.0            2.5     10.0     24.1     24.1     24.1 orderStatus
     51s        0           16.0           24.8     60.8  10737.4  45097.2  45097.2 payment
     51s        0            0.0            2.4      0.0      0.0      0.0      0.0 stockLevel
     52s        0            4.0            2.5    176.2    604.0    604.0    604.0 delivery
     52s        0           19.0           25.5    142.6    671.1   1208.0   1208.0 newOrder
     52s        0            1.0            2.4    536.9    536.9    536.9    536.9 orderStatus
     52s        0           28.0           24.8     65.0  10200.5  38654.7  38654.7 payment
     52s        0            4.0            2.4     67.1    570.4    570.4    570.4 stockLevel
_elapsed___errors__ops/sec(inst)___ops/sec(cum)__p50(ms)__p95(ms)__p99(ms)_pMax(ms)
     53s        0            4.0            2.5    117.4    671.1    671.1    671.1 delivery
     53s        0           25.0           25.5    100.7    738.2  10200.5  10200.5 newOrder
     53s        0            5.0            2.5     46.1    268.4    268.4    268.4 orderStatus
     53s        0           17.0           24.7     96.5  18253.6  30064.8  30064.8 payment
     53s        0            4.0            2.5     52.4    268.4    268.4    268.4 stockLevel
     54s        0            2.0            2.5    167.8    184.5    184.5    184.5 delivery
     54s        0           24.0           25.4    134.2    671.1  13421.8  13421.8 newOrder
     54s        0            1.0            2.4     56.6     56.6     56.6     56.6 orderStatus
     54s        0           31.0           24.8     58.7  16106.1  30064.8  30064.8 payment
     54s        0            4.0            2.5     48.2    469.8    469.8    469.8 stockLevel
     55s        0            1.0            2.5    159.4    159.4    159.4    159.4 delivery
     55s        0           34.0           25.6    167.8   4831.8   5368.7   5368.7 newOrder
     55s        0            4.0            2.5     41.9     71.3     71.3     71.3 orderStatus
     55s        0           33.0           24.9    109.1  36507.2  45097.2  45097.2 payment
     55s        0            1.0            2.5   1140.9   1140.9   1140.9   1140.9 stockLevel
     56s        0            0.0            2.4      0.0      0.0      0.0      0.0 delivery
     56s        0           31.0           25.7    159.4   1275.1  17179.9  17179.9 newOrder
     56s        0            2.0            2.5     92.3    469.8    469.8    469.8 orderStatus
     56s        0           27.0           25.0     88.1    671.1    704.6    704.6 payment
     56s        0            4.0            2.5     75.5   1006.6   1006.6   1006.6 stockLevel
_elapsed___errors__ops/sec(inst)___ops/sec(cum)__p50(ms)__p95(ms)__p99(ms)_pMax(ms)
     57s        0            5.0            2.5    243.3    805.3    805.3    805.3 delivery
     57s        0           34.0           25.8    285.2   3355.4  11811.2  11811.2 newOrder
     57s        0            1.0            2.4     48.2     48.2     48.2     48.2 orderStatus
     57s        0           26.0           25.0     83.9  36507.2  45097.2  45097.2 payment
     57s        0            4.0            2.5     65.0   1744.8   1744.8   1744.8 stockLevel
     58s        0            3.0            2.5    251.7   1140.9   1140.9   1140.9 delivery
     58s        0           23.0           25.8    226.5   1140.9   1476.4   1476.4 newOrder
     58s        0            4.0            2.5     52.4     79.7     79.7     79.7 orderStatus
     58s        0           23.0           25.0    104.9   2818.6  16643.0  16643.0 payment
     58s        0            3.0            2.5     71.3     79.7     79.7     79.7 stockLevel
     59s        0            4.0            2.5    285.2   1208.0   1208.0   1208.0 delivery
     59s        0           31.0           25.9    192.9   1543.5   3355.4   3355.4 newOrder
     59s        0            4.0            2.5     56.6   1543.5   1543.5   1543.5 orderStatus
     59s        0           26.0           25.0     88.1   2684.4  22548.6  22548.6 payment
     59s        0            1.0            2.5     71.3     71.3     71.3     71.3 stockLevel
    1m0s        0            1.0            2.5    234.9    234.9    234.9    234.9 delivery
    1m0s        0           32.0           26.0    130.0   2281.7  13421.8  13421.8 newOrder
    1m0s        0            2.0            2.5     33.6     52.4     52.4     52.4 orderStatus
    1m0s        0           36.0           25.2     62.9   3489.7  42949.7  42949.7 payment
    1m0s        0            6.0            2.6     58.7   2080.4   2080.4   2080.4 stockLevel

_elapsed___errors_____ops(total)___ops/sec(cum)__avg(ms)__p50(ms)__p95(ms)__p99(ms)_pMax(ms)__total
   60.0s        0            148            2.5    349.6    285.2    838.9   1208.0   1275.1  delivery
   60.0s        0           1559           26.0    906.2    209.7   5100.3  10737.4  27917.3  newOrder
   60.0s        0            149            2.5    118.8     58.7    402.7   1543.5   1811.9  orderStatus
   60.0s        0           1510           25.2   1698.7    125.8  10737.4  30064.8  45097.2  payment
   60.0s        0            153            2.5    265.5     88.1   1140.9   1744.8   2684.4  stockLevel

_elapsed___errors_____ops(total)___ops/sec(cum)__avg(ms)__p50(ms)__p95(ms)__p99(ms)_pMax(ms)__result
   60.0s        0           3519           58.6   1161.6    176.2   6174.0  19327.4  45097.2  
Audit check 9.2.1.7: SKIP: not enough delivery transactions to be statistically significant
Audit check 9.2.2.5.1: SKIP: not enough orders to be statistically significant
Audit check 9.2.2.5.2: SKIP: not enough orders to be statistically significant
Audit check 9.2.2.5.3: SKIP: not enough orders to be statistically significant
Audit check 9.2.2.5.4: SKIP: not enough payments to be statistically significant
Audit check 9.2.2.5.5: SKIP: not enough payments to be statistically significant
Audit check 9.2.2.5.6: SKIP: not enough order status transactions to be statistically significant

_elapsed_______tpmC____efc__avg(ms)__p50(ms)__p90(ms)__p95(ms)__p99(ms)_pMax(ms)
   60.0s     1559.0 1212.3%    906.2    209.7   2415.9   5100.3  10737.4  27917.3
