Initializing 300 connections...
Initializing 100 workers and preparing statements...
_elapsed___errors__ops/sec(inst)___ops/sec(cum)__p50(ms)__p95(ms)__p99(ms)_pMax(ms)
      1s        0            0.6            2.0     58.7    121.6    121.6    121.6 delivery
      1s        0           11.3           36.0     88.1    130.0    209.7    209.7 newOrder
      1s        0            1.3            4.0     18.9     39.8     39.8     39.8 orderStatus
      1s        0            9.7           31.0     41.9     79.7     88.1     88.1 payment
      1s        0            1.3            4.0     30.4     65.0     65.0     65.0 stockLevel
      2s        0            4.0            3.0    285.2    402.7    402.7    402.7 delivery
      2s        0           29.0           32.5    176.2    419.4    436.2    436.2 newOrder
      2s        0            4.0            4.0     58.7    142.6    142.6    142.6 orderStatus
      2s        0           30.0           30.5     92.3    570.4    704.6    704.6 payment
      2s        0            3.0            3.5     75.5    192.9    192.9    192.9 stockLevel
      3s        0            4.0            3.3    436.2   1543.5   1543.5   1543.5 delivery
      3s        0           37.0           34.0    218.1    570.4   1040.2   1040.2 newOrder
      3s        0            3.0            3.7     88.1    142.6    142.6    142.6 orderStatus
      3s        0           26.0           29.0    109.1    251.7    369.1    369.1 payment
      3s        0            2.0            3.0     92.3    117.4    117.4    117.4 stockLevel
      4s        0            2.0            3.0    771.8   1610.6   1610.6   1610.6 delivery
      4s        0           27.0           32.2    192.9    973.1   1208.0   1208.0 newOrder
      4s        0            4.0            3.7     37.7    151.0    151.0    151.0 orderStatus
      4s        0           24.0           27.7    117.4   1409.3   2684.4   2684.4 payment
      4s        0            4.0            3.2     50.3     75.5     75.5     75.5 stockLevel
_elapsed___errors__ops/sec(inst)___ops/sec(cum)__p50(ms)__p95(ms)__p99(ms)_pMax(ms)
      5s        0            5.0            3.4    906.0   1342.2   1342.2   1342.2 delivery
      5s        0           39.0           33.6    201.3   1476.4   1610.6   1610.6 newOrder
      5s        0            3.0            3.6     71.3     75.5     75.5     75.5 orderStatus
      5s        0           28.0           27.8    134.2   1208.0   2415.9   2415.9 payment
      5s        0            2.0            3.0     75.5    100.7    100.7    100.7 stockLevel
      6s        0            5.0            3.7    436.2   1140.9   1140.9   1140.9 delivery
      6s        0           21.0           31.5    369.1   1275.1   1946.2   1946.2 newOrder
      6s        0            2.0            3.3     54.5     60.8     60.8     60.8 orderStatus
      6s        0           31.0           28.3    167.8   2415.9   3221.2   3221.2 payment
      6s        0            2.0            2.8     67.1    104.9    104.9    104.9 stockLevel
      7s        0            5.0            3.9    402.7    436.2    436.2    436.2 delivery
      7s        0           33.0           31.7    302.0   1811.9   2080.4   2080.4 newOrder
      7s        0            1.0            3.0     75.5     75.5     75.5     75.5 orderStatus
      7s        0           27.0           28.1    159.4   2281.7   4563.4   4563.4 payment
      7s        0            3.0            2.9     92.3    113.2    113.2    113.2 stockLevel
      8s        0            4.0            3.9    369.1    604.0    604.0    604.0 delivery
      8s        0           20.0           30.2    486.5   1409.3   2147.5   2147.5 newOrder
      8s        0            1.0            2.7    184.5    184.5    184.5    184.5 orderStatus
      8s        0           26.0           27.9    109.1   3087.0   3355.4   3355.4 payment
      8s        0            3.0            2.9     96.5   2013.3   2013.3   2013.3 stockLevel
_elapsed___errors__ops/sec(inst)___ops/sec(cum)__p50(ms)__p95(ms)__p99(ms)_pMax(ms)
      9s        0            5.0            4.0    335.5    453.0    453.0    453.0 delivery
      9s        0           28.0           30.0    226.5   1744.8   1879.0   1879.0 newOrder
      9s        0            5.0            3.0     71.3     92.3     92.3     92.3 orderStatus
      9s        0           22.0           27.2    637.5   6174.0   7247.8   7247.8 payment
      9s        0            8.0            3.4     92.3    335.5    335.5    335.5 stockLevel
     10s        0            2.0            3.8    402.7   1006.6   1006.6   1006.6 delivery
     10s        0           17.0           28.7    637.5   1879.0   3221.2   3221.2 newOrder
     10s        0            2.0            2.9     37.7     50.3     50.3     50.3 orderStatus
     10s        0           33.0           27.8    243.3   4026.5   5100.3   5100.3 payment
     10s        0            3.0            3.4     65.0     83.9     83.9     83.9 stockLevel
_elapsed___errors__ops/sec(inst)___ops/sec(cum)__p50(ms)__p95(ms)__p99(ms)_pMax(ms)
      1s        0            2.0            2.0    402.7    419.4    419.4    419.4 delivery
      1s        0           14.0           14.0    209.7    436.2    906.0    906.0 newOrder
      1s        0            5.0            5.0     79.7     96.5     96.5     96.5 orderStatus
      1s        0            8.0            8.0    125.8    419.4    419.4    419.4 payment
      1s        0            3.0            3.0     96.5    109.1    109.1    109.1 stockLevel
      2s        0            0.0            1.0      0.0      0.0      0.0      0.0 delivery
      2s        0           22.0           18.0    637.5   1677.7   1744.8   1744.8 newOrder
      2s        0            5.0            5.0     44.0     62.9     62.9     62.9 orderStatus
      2s        0           17.0           12.5    104.9   1040.2   1476.4   1476.4 payment
      2s        0            2.0            2.5    104.9    335.5    335.5    335.5 stockLevel
      3s        0            4.0            2.0    260.0    469.8    469.8    469.8 delivery
      3s        0           25.0           20.3    671.1   1811.9   1946.2   1946.2 newOrder
      3s        0            1.0            3.7     67.1     67.1     67.1     67.1 orderStatus
      3s        0           17.0           14.0    486.5   1409.3   1543.5   1543.5 payment
      3s        0            1.0            2.0   1476.4   1476.4   1476.4   1476.4 stockLevel
      4s        0            2.0            2.0    260.0    335.5    335.5    335.5 delivery
      4s        0           26.0           21.8   1040.2   2684.4   2952.8   2952.8 newOrder
      4s        0            2.0            3.3     28.3     60.8     60.8     60.8 orderStatus
      4s        0           19.0           15.3    104.9   3221.2   3221.2   3221.2 payment
      4s        0            2.0            2.0     88.1    838.9    838.9    838.9 stockLevel
_elapsed___errors__ops/sec(inst)___ops/sec(cum)__p50(ms)__p95(ms)__p99(ms)_pMax(ms)
      5s        0            1.0            1.8    352.3    352.3    352.3    352.3 delivery
      5s        0           25.0           22.4    268.4   2550.1   2818.6   2818.6 newOrder
      5s        0            1.0            2.8     71.3     71.3     71.3     71.3 orderStatus
      5s        0           25.0           17.2    142.6   2952.8   4026.5   4026.5 payment
      5s        0            2.0            2.0     79.7    402.7    402.7    402.7 stockLevel
      6s        0            4.0            2.2    260.0    285.2    285.2    285.2 delivery
      6s        0           20.0           22.0    192.9   4831.8   5368.7   5368.7 newOrder
      6s        0            3.0            2.8     37.7     62.9     62.9     62.9 orderStatus
      6s        0           30.0           19.3    251.7   2818.6   4563.4   4563.4 payment
      6s        0            3.0            2.2     44.0     54.5     54.5     54.5 stockLevel
      7s        0            2.0            2.1    369.1    486.5    486.5    486.5 delivery
      7s        0           19.0           21.6    838.9   1811.9   2013.3   2013.3 newOrder
      7s        0            2.0            2.7     52.4     79.7     79.7     79.7 orderStatus
      7s        0           26.0           20.3    121.6   4831.8   5637.1   5637.1 payment
      7s        0            4.0            2.4     79.7    125.8    125.8    125.8 stockLevel
      8s        0            2.0            2.1    167.8    369.1    369.1    369.1 delivery
      8s        0           21.0           21.5    402.7   3221.2   3489.7   3489.7 newOrder
      8s        0            4.0            2.9     58.7    104.9    104.9    104.9 orderStatus
      8s        0           30.0           21.5    121.6   6174.0   7516.2   7516.2 payment
      8s        0            4.0            2.6    167.8   1275.1   1275.1   1275.1 stockLevel
_elapsed___errors__ops/sec(inst)___ops/sec(cum)__p50(ms)__p95(ms)__p99(ms)_pMax(ms)
      9s        0            1.0            2.0    260.0    260.0    260.0    260.0 delivery
      9s        0           24.0           21.8    243.3   1610.6   1744.8   1744.8 newOrder
      9s        0            1.0            2.7     46.1     46.1     46.1     46.1 orderStatus
      9s        0           26.0           22.0    142.6   2684.4   4831.8   4831.8 payment
      9s        0            1.0            2.4    335.5    335.5    335.5    335.5 stockLevel
     10s        0            4.0            2.2    318.8    771.8    771.8    771.8 delivery
     10s        0           30.0           22.6    176.2   5905.6   6979.3   6979.3 newOrder
     10s        0            2.0            2.6     16.8     58.7     58.7     58.7 orderStatus
     10s        0           19.0           21.7    302.0   5368.7   6710.9   6710.9 payment
     10s        0            1.0            2.3     60.8     60.8     60.8     60.8 stockLevel
     11s        0            1.0            2.1    318.8    318.8    318.8    318.8 delivery
     11s        0           23.0           22.6   1610.6   6710.9   7247.8   7247.8 newOrder
     11s        0            0.0            2.4      0.0      0.0      0.0      0.0 orderStatus
     11s        0           18.0           21.4    184.5   7247.8   9126.8   9126.8 payment
     11s        0            4.0            2.5    302.0    520.1    520.1    520.1 stockLevel
     12s        0            4.0            2.3    335.5    503.3    503.3    503.3 delivery
     12s        0           29.0           23.2    268.4   6710.9  10737.4  10737.4 newOrder
     12s        0            5.0            2.6     75.5     83.9     83.9     83.9 orderStatus
     12s        0           27.0           21.8    570.4   8053.1   8321.5   8321.5 payment
     12s        0            1.0            2.3   1744.8   1744.8   1744.8   1744.8 stockLevel
_elapsed___errors__ops/sec(inst)___ops/sec(cum)__p50(ms)__p95(ms)__p99(ms)_pMax(ms)
     13s        0            2.0            2.2    285.2    436.2    436.2    436.2 delivery
     13s        0           30.0           23.7    192.9   2550.1   4160.7   4160.7 newOrder
     13s        0            2.0            2.5     52.4     83.9     83.9     83.9 orderStatus
     13s        0           33.0           22.7    109.1   5905.6   6442.5   6442.5 payment
     13s        0            5.0            2.5    192.9   3221.2   3221.2   3221.2 stockLevel
     14s        0            2.0            2.2    419.4    704.6    704.6    704.6 delivery
     14s        0           23.0           23.6    243.3   6442.5   7247.8   7247.8 newOrder
     14s        0            3.0            2.6     71.3     75.5     75.5     75.5 orderStatus
     14s        0           20.0           22.5    117.4   1543.5   1879.0   1879.0 payment
     14s        0            1.0            2.4    113.2    113.2    113.2    113.2 stockLevel
     15s        0            4.0            2.3    285.2    436.2    436.2    436.2 delivery
     15s        0           33.0           24.3    192.9   5368.7   6979.3   6979.3 newOrder
     15s        0            1.0            2.5     79.7     79.7     79.7     79.7 orderStatus
     15s        0           21.0           22.4     92.3   5905.6  11274.3  11274.3 payment
     15s        0            1.0            2.3    117.4    117.4    117.4    117.4 stockLevel
     16s        0            1.0            2.3    218.1    218.1    218.1    218.1 delivery
     16s        0           17.0           23.8    352.3   4563.4   8053.1   8053.1 newOrder
     16s        0            6.0            2.7     35.7     67.1     67.1     67.1 orderStatus
     16s        0           33.0           23.1    151.0   6979.3  10737.4  10737.4 payment
     16s        0            2.0            2.3     56.6    906.0    906.0    906.0 stockLevel
_elapsed___errors__ops/sec(inst)___ops/sec(cum)__p50(ms)__p95(ms)__p99(ms)_pMax(ms)
     17s        0            2.0            2.2    234.9    268.4    268.4    268.4 delivery
     17s        0           27.0           24.0    209.7   4831.8  10737.4  10737.4 newOrder
     17s        0            1.0            2.6    109.1    109.1    109.1    109.1 orderStatus
     17s        0           30.0           23.5    121.6   9126.8  13958.6  13958.6 payment
     17s        0            1.0            2.2    104.9    104.9    104.9    104.9 stockLevel
     18s        0            1.0            2.2    906.0    906.0    906.0    906.0 delivery
     18s        0           28.0           24.2    243.3   3489.7   4160.7   4160.7 newOrder
     18s        0            4.0            2.7     52.4     92.3     92.3     92.3 orderStatus
     18s        0           16.0           23.1    121.6  10737.4  13958.6  13958.6 payment
     18s        0            3.0            2.3     75.5    268.4    268.4    268.4 stockLevel
     19s        0            3.0            2.2    352.3    536.9    536.9    536.9 delivery
     19s        0           29.0           24.5    243.3   6710.9  16106.1  16106.1 newOrder
     19s        0            3.0            2.7     65.0     75.5     75.5     75.5 orderStatus
     19s        0           29.0           23.4    109.1  11811.2  13958.6  13958.6 payment
     19s        0            5.0            2.4     92.3    771.8    771.8    771.8 stockLevel
     20s        0            3.0            2.3    243.3    260.0    260.0    260.0 delivery
     20s        0           29.0           24.7    134.2   7516.2  10200.5  10200.5 newOrder
     20s        0            2.0            2.7     18.9     30.4     30.4     30.4 orderStatus
     20s        0           23.0           23.4    335.5  10200.5  12348.0  12348.0 payment
     20s        0            3.0            2.5     56.6     62.9     62.9     62.9 stockLevel
_elapsed___errors__ops/sec(inst)___ops/sec(cum)__p50(ms)__p95(ms)__p99(ms)_pMax(ms)
     21s        0            0.0            2.1      0.0      0.0      0.0      0.0 delivery
     21s        0           28.0           24.9    243.3   5905.6   9663.7   9663.7 newOrder
     21s        0            0.0            2.5      0.0      0.0      0.0      0.0 orderStatus
     21s        0           18.0           23.1    167.8  11811.2  18253.6  18253.6 payment
     21s        0            3.0            2.5    117.4    302.0    302.0    302.0 stockLevel
     22s        0            2.0            2.1    243.3    251.7    251.7    251.7 delivery
     22s        0           30.0           25.1    176.2    604.0   1409.3   1409.3 newOrder
     22s        0            1.0            2.5     54.5     54.5     54.5     54.5 orderStatus
     22s        0           33.0           23.5    104.9  10737.4  14495.5  14495.5 payment
     22s        0            3.0            2.5    453.0   2281.7   2281.7   2281.7 stockLevel
     23s        0            2.0            2.1    318.8    369.1    369.1    369.1 delivery
     23s        0           21.0           24.9    260.0  12348.0  13958.6  13958.6 newOrder
     23s        0            1.0            2.4     35.7     35.7     35.7     35.7 orderStatus
     23s        0           17.0           23.3     96.5   9663.7  11811.2  11811.2 payment
     23s        0            4.0            2.6    130.0    637.5    637.5    637.5 stockLevel
     24s        0            3.0            2.2    352.3    671.1    671.1    671.1 delivery
     24s        0           30.0           25.1    184.5   1476.4  10737.4  10737.4 newOrder
     24s        0            5.0            2.5     44.0     71.3     71.3     71.3 orderStatus
     24s        0           23.0           23.3     83.9    302.0   6979.3   6979.3 payment
     24s        0            2.0            2.5     50.3     71.3     71.3     71.3 stockLevel
_elapsed___errors__ops/sec(inst)___ops/sec(cum)__p50(ms)__p95(ms)__p99(ms)_pMax(ms)
     25s        0            3.0            2.2    318.8    335.5    335.5    335.5 delivery
     25s        0           23.0           25.0    268.4   8589.9  17179.9  17179.9 newOrder
     25s        0            6.0            2.6     50.3     79.7     79.7     79.7 orderStatus
     25s        0           30.0           23.5    176.2  19327.4  23622.3  23622.3 payment
     25s        0            2.0            2.5     71.3     88.1     88.1     88.1 stockLevel
     26s        0            4.0            2.3    570.4   1040.2   1040.2   1040.2 delivery
     26s        0           24.0           25.0    260.0    771.8  10200.5  10200.5 newOrder
     26s        0            3.0            2.7     56.6    167.8    167.8    167.8 orderStatus
     26s        0           21.0           23.4    268.4  11811.2  12348.0  12348.0 payment
     26s        0            2.0            2.5     54.5    218.1    218.1    218.1 stockLevel
     27s        0            4.0            2.3    369.1   1073.7   1073.7   1073.7 delivery
     27s        0           22.0           24.9    176.2   3087.0   3087.0   3087.0 newOrder
     27s        0            4.0            2.7     75.5    109.1    109.1    109.1 orderStatus
     27s        0           31.0           23.7     92.3   4295.0  26843.5  26843.5 payment
     27s        0            7.0            2.7     96.5   1342.2   1342.2   1342.2 stockLevel
     28s        0            3.0            2.4    285.2    738.2    738.2    738.2 delivery
     28s        0           20.0           24.7    201.3   5368.7  15032.4  15032.4 newOrder
     28s        0            0.0            2.6      0.0      0.0      0.0      0.0 orderStatus
     28s        0           25.0           23.8    142.6   8589.9  21474.8  21474.8 payment
     28s        0            2.0            2.6    159.4    486.5    486.5    486.5 stockLevel
_elapsed___errors__ops/sec(inst)___ops/sec(cum)__p50(ms)__p95(ms)__p99(ms)_pMax(ms)
     29s        0            2.0            2.3    302.0    352.3    352.3    352.3 delivery
     29s        0           32.0           25.0    302.0   7784.6  18253.6  18253.6 newOrder
     29s        0            3.0            2.6     75.5    104.9    104.9    104.9 orderStatus
     29s        0           30.0           24.0    109.1   4295.0   5905.6   5905.6 payment
     29s        0            4.0            2.7     44.0     96.5     96.5     96.5 stockLevel
     30s        0            3.0            2.4    285.2    302.0    302.0    302.0 delivery
     30s        0           19.0           24.8    318.8   1476.4  10737.4  10737.4 newOrder
     30s        0            4.0            2.7     79.7    104.9    104.9    104.9 orderStatus
     30s        0           22.0           23.9    167.8   6174.0  14495.5  14495.5 payment
     30s        0            3.0            2.7    109.1    209.7    209.7    209.7 stockLevel
     31s        0            3.0            2.4    302.0   1140.9   1140.9   1140.9 delivery
     31s        0           26.0           24.8    335.5   6174.0   8053.1   8053.1 newOrder
     31s        0            3.0            2.7     41.9     50.3     50.3     50.3 orderStatus
     31s        0           28.0           24.0    192.9  19327.4  20401.1  20401.1 payment
     31s        0            2.0            2.7     60.8    176.2    176.2    176.2 stockLevel
     32s        0            5.0            2.5    352.3   1140.9   1140.9   1140.9 delivery
     32s        0           30.0           25.0    201.3   5368.7   9663.7   9663.7 newOrder
     32s        0            2.0            2.7     41.9     62.9     62.9     62.9 orderStatus
     32s        0           21.0           23.9    104.9    503.3   9663.7   9663.7 payment
     32s        0            1.0            2.6     92.3     92.3     92.3     92.3 stockLevel
_elapsed___errors__ops/sec(inst)___ops/sec(cum)__p50(ms)__p95(ms)__p99(ms)_pMax(ms)
     33s        0            3.0            2.5    268.4    486.5    486.5    486.5 delivery
     33s        0           25.0           25.0    285.2   3489.7   3623.9   3623.9 newOrder
     33s        0            3.0            2.7     54.5    125.8    125.8    125.8 orderStatus
     33s        0           18.0           23.8    104.9   4563.4  12348.0  12348.0 payment
     33s        0            1.0            2.6     58.7     58.7     58.7     58.7 stockLevel
     34s        0            2.0            2.5    285.2    318.8    318.8    318.8 delivery
     34s        0           26.0           25.0    159.4    805.3   1610.6   1610.6 newOrder
     34s        0            2.0            2.6     37.7     96.5     96.5     96.5 orderStatus
     34s        0           37.0           24.1     88.1  11274.3  20401.1  20401.1 payment
     34s        0            2.0            2.6    243.3    637.5    637.5    637.5 stockLevel
     35s        0            2.0            2.5    226.5    486.5    486.5    486.5 delivery
     35s        0           27.0           25.1    218.1   2684.4   7247.8   7247.8 newOrder
     35s        0            3.0            2.7     75.5    142.6    142.6    142.6 orderStatus
     35s        0           28.0           24.3    159.4   1879.0   3087.0   3087.0 payment
     35s        0            1.0            2.5     75.5     75.5     75.5     75.5 stockLevel
     36s        0            2.0            2.4    184.5    192.9    192.9    192.9 delivery
     36s        0           28.0           25.1    176.2  15032.4  20401.1  20401.1 newOrder
     36s        0            3.0            2.7     62.9     79.7     79.7     79.7 orderStatus
     36s        0           29.0           24.4    100.7   1811.9   3758.1   3758.1 payment
     36s        0            5.0            2.6     96.5   1140.9   1140.9   1140.9 stockLevel
_elapsed___errors__ops/sec(inst)___ops/sec(cum)__p50(ms)__p95(ms)__p99(ms)_pMax(ms)
     37s        0            4.0            2.5    268.4    570.4    570.4    570.4 delivery
     37s        0           26.0           25.2    176.2    738.2   1610.6   1610.6 newOrder
     37s        0            2.0            2.6     26.2     46.1     46.1     46.1 orderStatus
     37s        0           28.0           24.5    100.7  17179.9  26843.5  26843.5 payment
     37s        0            1.0            2.5     75.5     75.5     75.5     75.5 stockLevel
     38s        0            2.0            2.5    302.0    369.1    369.1    369.1 delivery
     38s        0           25.0           25.2    260.0   7516.2  12348.0  12348.0 newOrder
     38s        0            3.0            2.7     71.3    130.0    130.0    130.0 orderStatus
     38s        0           31.0           24.7    100.7    469.8   1409.3   1409.3 payment
     38s        0            3.0            2.6    113.2    151.0    151.0    151.0 stockLevel
     39s        0            0.0            2.4      0.0      0.0      0.0      0.0 delivery
     39s        0           29.0           25.3    142.6   9663.7  10200.5  10200.5 newOrder
     39s        0            4.0            2.7     32.5     79.7     79.7     79.7 orderStatus
     39s        0           32.0           24.8     75.5    520.1    637.5    637.5 payment
     39s        0            1.0            2.5     56.6     56.6     56.6     56.6 stockLevel
     40s        0            5.0            2.5    251.7    469.8    469.8    469.8 delivery
     40s        0           17.0           25.1    159.4   5100.3  10737.4  10737.4 newOrder
     40s        0            5.0            2.8     26.2     62.9     62.9     62.9 orderStatus
     40s        0           21.0           24.8     41.9    318.8  12348.0  12348.0 payment
     40s        0            2.0            2.5     50.3     58.7     58.7     58.7 stockLevel
_elapsed___errors__ops/sec(inst)___ops/sec(cum)__p50(ms)__p95(ms)__p99(ms)_pMax(ms)
     41s        0            3.0            2.5    243.3    260.0    260.0    260.0 delivery
     41s        0           26.0           25.1    125.8  10200.5  22548.6  22548.6 newOrder
     41s        0            0.0            2.7      0.0      0.0      0.0      0.0 orderStatus
     41s        0           23.0           24.7     58.7  10200.5  21474.8  21474.8 payment
     41s        0            3.0            2.5     56.6     71.3     71.3     71.3 stockLevel
     42s        0            2.0            2.5    218.1    226.5    226.5    226.5 delivery
     42s        0           22.0           25.0    117.4   6174.0  10200.5  10200.5 newOrder
     42s        0            1.0            2.6     56.6     56.6     56.6     56.6 orderStatus
     42s        0           17.0           24.5     65.0    209.7   8589.9   8589.9 payment
     42s        0            3.0            2.5     56.6     79.7     79.7     79.7 stockLevel
     43s        0            1.0            2.4    268.4    268.4    268.4    268.4 delivery
     43s        0           26.0           25.0    176.2   4295.0  18253.6  18253.6 newOrder
     43s        0            3.0            2.7     37.7     44.0     44.0     44.0 orderStatus
     43s        0           19.0           24.4     71.3    352.3  20401.1  20401.1 payment
     43s        0            4.0            2.6     75.5     83.9     83.9     83.9 stockLevel
     44s        0            3.0            2.5    234.9    671.1    671.1    671.1 delivery
     44s        0           24.0           25.0    184.5  11274.3  11274.3  11274.3 newOrder
     44s        0            4.0            2.7     41.9     52.4     52.4     52.4 orderStatus
     44s        0           28.0           24.5     75.5    318.8  26843.5  26843.5 payment
     44s        0            2.0            2.5     92.3   3355.4   3355.4   3355.4 stockLevel
_elapsed___errors__ops/sec(inst)___ops/sec(cum)__p50(ms)__p95(ms)__p99(ms)_pMax(ms)
     45s        0            2.0            2.4    251.7    302.0    302.0    302.0 delivery
     45s        0           24.0           25.0    176.2    453.0    520.1    520.1 newOrder
     45s        0            1.0            2.6     62.9     62.9     62.9     62.9 orderStatus
     45s        0           27.0           24.5    142.6    419.4    503.3    503.3 payment
     45s        0            4.0            2.6     71.3     83.9     83.9     83.9 stockLevel
     46s        0            4.0            2.5    209.7    369.1    369.1    369.1 delivery
     46s        0           30.0           25.1    159.4    243.3   6979.3   6979.3 newOrder
     46s        0            3.0            2.7     41.9     62.9     62.9     62.9 orderStatus
     46s        0           23.0           24.5     71.3    201.3  32212.3  32212.3 payment
     46s        0            2.0            2.6     58.7     75.5     75.5     75.5 stockLevel
     47s        0            3.0            2.5    251.7    385.9    385.9    385.9 delivery
     47s        0           17.0           24.9    130.0   8321.5  10200.5  10200.5 newOrder
     47s        0            1.0            2.6     52.4     52.4     52.4     52.4 orderStatus
     47s        0           29.0           24.6     75.5  38654.7  40802.2  40802.2 payment
     47s        0            2.0            2.6     67.1     67.1     67.1     67.1 stockLevel
     48s        0            2.0            2.5    251.7    402.7    402.7    402.7 delivery
     48s        0           27.0           25.0    142.6   9126.8   9663.7   9663.7 newOrder
     48s        0            4.0            2.6     46.1     62.9     62.9     62.9 orderStatus
     48s        0           27.0           24.6     65.0  34359.7  36507.2  36507.2 payment
     48s        0            3.0            2.6     75.5     83.9     83.9     83.9 stockLevel
_elapsed___errors__ops/sec(inst)___ops/sec(cum)__p50(ms)__p95(ms)__p99(ms)_pMax(ms)
     49s        0            1.0            2.4    201.3    201.3    201.3    201.3 delivery
     49s        0           26.0           25.0    121.6    260.0    268.4    268.4 newOrder
     49s        0            4.0            2.7     37.7     48.2     48.2     48.2 orderStatus
     49s        0           25.0           24.7     52.4    142.6  33286.0  33286.0 payment
     49s        0            2.0            2.6     46.1     56.6     56.6     56.6 stockLevel
     50s        0            3.0            2.5    385.9    402.7    402.7    402.7 delivery
     50s        0           23.0           24.9    142.6  10737.4  14495.5  14495.5 newOrder
     50s        0            2.0            2.7     15.2     52.4     52.4     52.4 orderStatus
     50s        0           13.0           24.4     60.8  22548.6  31138.5  31138.5 payment
     50s        0            1.0            2.5     62.9     62.9     62.9     62.9 stockLevel
     51s        0            2.0            2.5    209.7    226.5    226.5    226.5 delivery
     51s        0           28.0           25.0    109.1   4831.8   5637.1   5637.1 newOrder
     51s        0            3.0            2.7     35.7     37.7     37.7     37.7 orderStatus
     51s        0           32.0           24.6     60.8  24696.1  27917.3  27917.3 payment
     51s        0            2.0            2.5     39.8     44.0     44.0     44.0 stockLevel
     52s        0            3.0            2.5    226.5    243.3    243.3    243.3 delivery
     52s        0           25.0           25.0    167.8   7516.2  12348.0  12348.0 newOrder
     52s        0            2.0            2.7     22.0     26.2     26.2     26.2 orderStatus
     52s        0           17.0           24.4    104.9   9663.7  36507.2  36507.2 payment
     52s        0            1.0            2.5    134.2    134.2    134.2    134.2 stockLevel
_elapsed___errors__ops/sec(inst)___ops/sec(cum)__p50(ms)__p95(ms)__p99(ms)_pMax(ms)
     53s        0            3.0            2.5    234.9    318.8    318.8    318.8 delivery
     53s        0           20.0           24.9    151.0  13958.6  16106.1  16106.1 newOrder
     53s        0            3.0            2.7     56.6     83.9     83.9     83.9 orderStatus
     53s        0           17.0           24.3     56.6    142.6  13421.8  13421.8 payment
     53s        0            3.0            2.5     92.3    117.4    117.4    117.4 stockLevel
     54s        0            2.0            2.5    192.9    570.4    570.4    570.4 delivery
     54s        0           27.0           24.9    104.9   1543.5   3221.2   3221.2 newOrder
     54s        0            4.0            2.7     29.4     35.7     35.7     35.7 orderStatus
     54s        0           37.0           24.5     58.7    226.5  22548.6  22548.6 payment
     54s        0            5.0            2.5     56.6     60.8     60.8     60.8 stockLevel
     55s        0            4.0            2.5    151.0    184.5    184.5    184.5 delivery
     55s        0           19.0           24.8     96.5    218.1    243.3    243.3 newOrder
     55s        0            2.0            2.7     21.0     33.6     33.6     33.6 orderStatus
     55s        0           20.0           24.4     58.7    142.6    142.6    142.6 payment
     55s        0            3.0            2.5     39.8     54.5     54.5     54.5 stockLevel
     56s        0            1.0            2.5    159.4    159.4    159.4    159.4 delivery
     56s        0           26.0           24.9    100.7   9126.8   9663.7   9663.7 newOrder
     56s        0            2.0            2.7      7.6     10.5     10.5     10.5 orderStatus
     56s        0           24.0           24.4     41.9   8321.5  25769.8  25769.8 payment
     56s        0            3.0            2.6     56.6     83.9     83.9     83.9 stockLevel
_elapsed___errors__ops/sec(inst)___ops/sec(cum)__p50(ms)__p95(ms)__p99(ms)_pMax(ms)
     57s        0            3.0            2.5    260.0    268.4    268.4    268.4 delivery
     57s        0           25.0           24.9    151.0   4831.8   5100.3   5100.3 newOrder
     57s        0            4.0            2.7     54.5     88.1     88.1     88.1 orderStatus
     57s        0           29.0           24.5     75.5   8589.9  51539.6  51539.6 payment
     57s        0            3.0            2.6     75.5    486.5    486.5    486.5 stockLevel
     58s        0            2.0            2.5    469.8    503.3    503.3    503.3 delivery
     58s        0           27.0           24.9    209.7   4831.8  11811.2  11811.2 newOrder
     58s        0            1.0            2.7     92.3     92.3     92.3     92.3 orderStatus
     58s        0           23.0           24.5    117.4    402.7    453.0    453.0 payment
     58s        0            2.0            2.6    184.5   3087.0   3087.0   3087.0 stockLevel
     59s        0            3.0            2.5    318.8    352.3    352.3    352.3 delivery
     59s        0           31.0           25.0    201.3    486.5   4831.8   4831.8 newOrder
     59s        0            1.0            2.6     44.0     44.0     44.0     44.0 orderStatus
     59s        0           29.0           24.6     88.1    520.1  14495.5  14495.5 payment
     59s        0            2.0            2.5     71.3     79.7     79.7     79.7 stockLevel
    1m0s        0            3.0            2.5    369.1    436.2    436.2    436.2 delivery
    1m0s        0           19.0           24.9    176.2   8053.1   8321.5   8321.5 newOrder
    1m0s        0            4.0            2.7     56.6     88.1     88.1     88.1 orderStatus
    1m0s        0           23.0           24.5    130.0    570.4  23622.3  23622.3 payment
    1m0s        0            4.0            2.6     92.3    260.0    260.0    260.0 stockLevel

_elapsed___errors_____ops(total)___ops/sec(cum)__avg(ms)__p50(ms)__p95(ms)__p99(ms)_pMax(ms)__total
   60.0s        0            149            2.5    340.0    285.2    771.8   1140.9   1140.9  delivery
   60.0s        0           1494           24.9   1031.0    192.9   6174.0  12348.0  22548.6  newOrder
   60.0s        0            159            2.7     54.4     52.4    104.9    130.0    167.8  orderStatus
   60.0s        0           1472           24.5   1278.2    100.7   8321.5  24696.1  51539.6  payment
   60.0s        0            154            2.6    251.5     83.9   1140.9   3087.0   3355.4  stockLevel

_elapsed___errors_____ops(total)___ops/sec(cum)__avg(ms)__p50(ms)__p95(ms)__p99(ms)_pMax(ms)__result
   60.0s        0           3428           57.1   1026.8    151.0   5905.6  17179.9  51539.6  
Audit check 9.2.1.7: SKIP: not enough delivery transactions to be statistically significant
Audit check 9.2.2.5.1: SKIP: not enough orders to be statistically significant
Audit check 9.2.2.5.2: SKIP: not enough orders to be statistically significant
Audit check 9.2.2.5.3: SKIP: not enough orders to be statistically significant
Audit check 9.2.2.5.4: SKIP: not enough payments to be statistically significant
Audit check 9.2.2.5.5: SKIP: not enough payments to be statistically significant
Audit check 9.2.2.5.6: SKIP: not enough order status transactions to be statistically significant

_elapsed_______tpmC____efc__avg(ms)__p50(ms)__p90(ms)__p95(ms)__p99(ms)_pMax(ms)
   60.0s     1494.0 1161.7%   1031.0    192.9   2684.4   6174.0  12348.0  22548.6
