[OVERALL], RunTime(ms), 329
[OVERALL], Throughput(ops/sec), 3039.51367781155
[TOTAL_GCS_PS_Scavenge], Count, 0
[TOTAL_GC_TIME_PS_Scavenge], Time(ms), 0
[TOTAL_GC_TIME_%_PS_Scavenge], Time(%), 0.0
[TOTAL_GCS_PS_MarkSweep], Count, 0
[TOTAL_GC_TIME_PS_MarkSweep], Time(ms), 0
[TOTAL_GC_TIME_%_PS_MarkSweep], Time(%), 0.0
[TOTAL_GCs], Count, 0
[TOTAL_GC_TIME], Time(ms), 0
[TOTAL_GC_TIME_%], Time(%), 0.0
[READ], Operations, 950
[READ], AverageLatency(us), 25.281052631578948
[READ], MinLatency(us), 5
[READ], MaxLatency(us), 1453
[READ], 95thPercentileLatency(us), 62
[READ], 99thPercentileLatency(us), 120
[READ], Return=OK, 950
[CLEANUP], Operations, 1
[CLEANUP], AverageLatency(us), 11372.0
[CLEANUP], MinLatency(us), 11368
[CLEANUP], MaxLatency(us), 11375
[CLEANUP], 95thPercentileLatency(us), 11375
[CLEANUP], 99thPercentileLatency(us), 11375
[INSERT], Operations, 50
[INSERT], AverageLatency(us), 129.96
[INSERT], MinLatency(us), 45
[INSERT], MaxLatency(us), 1548
[INSERT], 95thPercentileLatency(us), 206
[INSERT], 99thPercentileLatency(us), 1548
[INSERT], Return=OK, 50
