[OVERALL], RunTime(ms), 320
[OVERALL], Throughput(ops/sec), 3125.0
[TOTAL_GCS_PS_Scavenge], Count, 0
[TOTAL_GC_TIME_PS_Scavenge], Time(ms), 0
[TOTAL_GC_TIME_%_PS_Scavenge], Time(%), 0.0
[TOTAL_GCS_PS_MarkSweep], Count, 0
[TOTAL_GC_TIME_PS_MarkSweep], Time(ms), 0
[TOTAL_GC_TIME_%_PS_MarkSweep], Time(%), 0.0
[TOTAL_GCs], Count, 0
[TOTAL_GC_TIME], Time(ms), 0
[TOTAL_GC_TIME_%], Time(%), 0.0
[READ], Operations, 941
[READ], AverageLatency(us), 22.129649309245483
[READ], MinLatency(us), 4
[READ], MaxLatency(us), 1490
[READ], 95thPercentileLatency(us), 50
[READ], 99thPercentileLatency(us), 97
[READ], Return=OK, 941
[CLEANUP], Operations, 1
[CLEANUP], AverageLatency(us), 11716.0
[CLEANUP], MinLatency(us), 11712
[CLEANUP], MaxLatency(us), 11719
[CLEANUP], 95thPercentileLatency(us), 11719
[CLEANUP], 99thPercentileLatency(us), 11719
[UPDATE], Operations, 59
[UPDATE], AverageLatency(us), 117.30508474576271
[UPDATE], MinLatency(us), 50
[UPDATE], MaxLatency(us), 1301
[UPDATE], 95thPercentileLatency(us), 175
[UPDATE], 99thPercentileLatency(us), 621
[UPDATE], Return=OK, 59
