[OVERALL], RunTime(ms), 361
[OVERALL], Throughput(ops/sec), 2770.083102493075
[TOTAL_GCS_PS_Scavenge], Count, 0
[TOTAL_GC_TIME_PS_Scavenge], Time(ms), 0
[TOTAL_GC_TIME_%_PS_Scavenge], Time(%), 0.0
[TOTAL_GCS_PS_MarkSweep], Count, 0
[TOTAL_GC_TIME_PS_MarkSweep], Time(ms), 0
[TOTAL_GC_TIME_%_PS_MarkSweep], Time(%), 0.0
[TOTAL_GCs], Count, 0
[TOTAL_GC_TIME], Time(ms), 0
[TOTAL_GC_TIME_%], Time(%), 0.0
[READ], Operations, 1000
[READ], AverageLatency(us), 23.62
[READ], MinLatency(us), 6
[READ], MaxLatency(us), 1451
[READ], 95thPercentileLatency(us), 50
[READ], 99thPercentileLatency(us), 111
[READ], Return=OK, 1000
[CLEANUP], Operations, 1
[CLEANUP], AverageLatency(us), 10756.0
[CLEANUP], MinLatency(us), 10752
[CLEANUP], MaxLatency(us), 10759
[CLEANUP], 95thPercentileLatency(us), 10759
[CLEANUP], 99thPercentileLatency(us), 10759
