[OVERALL], RunTime(ms), 343
[OVERALL], Throughput(ops/sec), 2915.451895043732
[TOTAL_GCS_PS_Scavenge], Count, 0
[TOTAL_GC_TIME_PS_Scavenge], Time(ms), 0
[TOTAL_GC_TIME_%_PS_Scavenge], Time(%), 0.0
[TOTAL_GCS_PS_MarkSweep], Count, 0
[TOTAL_GC_TIME_PS_MarkSweep], Time(ms), 0
[TOTAL_GC_TIME_%_PS_MarkSweep], Time(%), 0.0
[TOTAL_GCs], Count, 0
[TOTAL_GC_TIME], Time(ms), 0
[TOTAL_GC_TIME_%], Time(%), 0.0
[READ], Operations, 1000
[READ], AverageLatency(us), 21.504
[READ], MinLatency(us), 4
[READ], MaxLatency(us), 1395
[READ], 95thPercentileLatency(us), 47
[READ], 99thPercentileLatency(us), 93
[READ], Return=OK, 1000
[READ-MODIFY-WRITE], Operations, 477
[READ-MODIFY-WRITE], AverageLatency(us), 94.77358490566037
[READ-MODIFY-WRITE], MinLatency(us), 37
[READ-MODIFY-WRITE], MaxLatency(us), 1480
[READ-MODIFY-WRITE], 95thPercentileLatency(us), 189
[READ-MODIFY-WRITE], 99thPercentileLatency(us), 368
[CLEANUP], Operations, 1
[CLEANUP], AverageLatency(us), 13068.0
[CLEANUP], MinLatency(us), 13064
[CLEANUP], MaxLatency(us), 13071
[CLEANUP], 95thPercentileLatency(us), 13071
[CLEANUP], 99thPercentileLatency(us), 13071
[UPDATE], Operations, 477
[UPDATE], AverageLatency(us), 62.528301886792455
[UPDATE], MinLatency(us), 27
[UPDATE], MaxLatency(us), 1322
[UPDATE], 95thPercentileLatency(us), 111
[UPDATE], 99thPercentileLatency(us), 253
[UPDATE], Return=OK, 477
