[OVERALL], RunTime(ms), 509
[OVERALL], Throughput(ops/sec), 1964.6365422396857
[TOTAL_GCS_PS_Scavenge], Count, 0
[TOTAL_GC_TIME_PS_Scavenge], Time(ms), 0
[TOTAL_GC_TIME_%_PS_Scavenge], Time(%), 0.0
[TOTAL_GCS_PS_MarkSweep], Count, 0
[TOTAL_GC_TIME_PS_MarkSweep], Time(ms), 0
[TOTAL_GC_TIME_%_PS_MarkSweep], Time(%), 0.0
[TOTAL_GCs], Count, 0
[TOTAL_GC_TIME], Time(ms), 0
[TOTAL_GC_TIME_%], Time(%), 0.0
[CLEANUP], Operations, 1
[CLEANUP], AverageLatency(us), 20472.0
[CLEANUP], MinLatency(us), 20464
[CLEANUP], MaxLatency(us), 20479
[CLEANUP], 95thPercentileLatency(us), 20479
[CLEANUP], 99thPercentileLatency(us), 20479
[INSERT], Operations, 55
[INSERT], AverageLatency(us), 114.78181818181818
[INSERT], MinLatency(us), 42
[INSERT], MaxLatency(us), 1299
[INSERT], 95thPercentileLatency(us), 170
[INSERT], 99thPercentileLatency(us), 1016
[INSERT], Return=OK, 55
[SCAN], Operations, 945
[SCAN], AverageLatency(us), 200.66878306878306
[SCAN], MinLatency(us), 8
[SCAN], MaxLatency(us), 5559
[SCAN], 95thPercentileLatency(us), 426
[SCAN], 99thPercentileLatency(us), 706
[SCAN], Return=OK, 945
