***************************************
*** ###easy### TPC-C Load Generator ***
***************************************
option h with value '192.168.122.83'
option P with value '3306'
option d with value 'benchmarker'
option u with value 'root'
option p with value '123456'
option w with value '11'
option c with value '8'
option r with value '22'
option l with value '60'
option i with value '10'
<Parameters>
     [server]: 192.168.122.83
     [port]: 3306
     [DBname]: benchmarker
       [user]: root
       [pass]: 123456
  [warehouse]: 11
 [connection]: 8
     [rampup]: 22 (sec.)
    [measure]: 60 (sec.)

RAMP-UP TIME.(22 sec.)

MEASURING START.

  10, trx: 3015, 95%: 25.481, 99%: 32.096, max_rt: 105.552, 3016|29.524, 302|13.261, 301|99.548, 302|163.606
  20, trx: 2916, 95%: 26.076, 99%: 33.300, max_rt: 44.862, 2913|22.198, 292|5.983, 291|91.266, 291|88.889
  30, trx: 2972, 95%: 25.773, 99%: 32.058, max_rt: 42.704, 2975|31.980, 296|9.603, 298|67.421, 297|94.671
  40, trx: 2948, 95%: 24.804, 99%: 31.020, max_rt: 44.248, 2951|24.879, 296|6.541, 295|64.632, 296|92.406
  50, trx: 2964, 95%: 25.322, 99%: 31.516, max_rt: 54.637, 2961|31.252, 296|10.306, 296|60.916, 296|85.156
  60, trx: 2806, 95%: 26.820, 99%: 33.641, max_rt: 42.689, 2807|26.677, 280|10.132, 280|58.875, 280|91.941

STOPPING THREADS........

<Raw Results>
  [0] sc:170 lt:17452  rt:0  fl:0 avg_rt: 19.7 (5)
  [1] sc:14143 lt:3480  rt:0  fl:0 avg_rt: 5.4 (5)
  [2] sc:1710 lt:52  rt:0  fl:0 avg_rt: 2.5 (5)
  [3] sc:1760 lt:1  rt:0  fl:0 avg_rt: 49.3 (80)
  [4] sc:4 lt:1758  rt:0  fl:0 avg_rt: 68.6 (20)
 in 60 sec.

<Raw Results2(sum ver.)>
  [0] sc:170  lt:17452  rt:0  fl:0 
  [1] sc:14143  lt:3480  rt:0  fl:0 
  [2] sc:1710  lt:52  rt:0  fl:0 
  [3] sc:1760  lt:1  rt:0  fl:0 
  [4] sc:4  lt:1758  rt:0  fl:0 

<Constraint Check> (all must be [OK])
 [transaction percentage]
        Payment: 43.48% (>=43.0%) [OK]
   Order-Status: 4.35% (>= 4.0%) [OK]
       Delivery: 4.34% (>= 4.0%) [OK]
    Stock-Level: 4.35% (>= 4.0%) [OK]
 [response time (at least 90% passed)]
      New-Order: 0.96%  [NG] *
        Payment: 80.25%  [NG] *
   Order-Status: 97.05%  [OK]
       Delivery: 99.94%  [OK]
    Stock-Level: 0.23%  [NG] *

<TpmC>
                 17622.000 TpmC
