***************************************
*** ###easy### TPC-C Load Generator ***
***************************************
option h with value '192.168.122.83'
option P with value '3306'
option d with value 'benchmarker'
option u with value 'root'
option p with value '123456'
option w with value '11'
option c with value '1'
option r with value '22'
option l with value '60'
option i with value '10'
<Parameters>
     [server]: 192.168.122.83
     [port]: 3306
     [DBname]: benchmarker
       [user]: root
       [pass]: 123456
  [warehouse]: 11
 [connection]: 1
     [rampup]: 22 (sec.)
    [measure]: 60 (sec.)

RAMP-UP TIME.(22 sec.)

MEASURING START.

  10, trx: 904, 95%: 9.595, 99%: 14.519, max_rt: 26.268, 906|11.513, 90|4.190, 90|43.825, 91|31.938
  20, trx: 916, 95%: 9.143, 99%: 15.822, max_rt: 23.726, 918|8.212, 92|2.646, 92|50.916, 91|31.269
  30, trx: 918, 95%: 8.656, 99%: 14.083, max_rt: 23.500, 917|8.184, 93|4.108, 92|35.696, 92|29.913
  40, trx: 926, 95%: 8.778, 99%: 15.114, max_rt: 28.200, 925|7.359, 91|3.012, 92|29.376, 93|32.186
  50, trx: 930, 95%: 8.916, 99%: 14.774, max_rt: 19.857, 929|8.242, 93|2.920, 93|30.548, 92|30.433
  60, trx: 919, 95%: 8.805, 99%: 14.193, max_rt: 23.097, 914|9.664, 92|4.319, 92|31.384, 92|28.903

STOPPING THREADS.

<Raw Results>
  [0] sc:2225 lt:3288  rt:0  fl:0 avg_rt: 7.8 (5)
  [1] sc:5468 lt:41  rt:0  fl:0 avg_rt: 2.2 (5)
  [2] sc:551 lt:0  rt:0  fl:0 avg_rt: 1.1 (5)
  [3] sc:551 lt:0  rt:0  fl:0 avg_rt: 23.3 (80)
  [4] sc:447 lt:104  rt:0  fl:0 avg_rt: 25.0 (20)
 in 60 sec.

<Raw Results2(sum ver.)>
  [0] sc:2225  lt:3288  rt:0  fl:0 
  [1] sc:5468  lt:41  rt:0  fl:0 
  [2] sc:551  lt:0  rt:0  fl:0 
  [3] sc:551  lt:0  rt:0  fl:0 
  [4] sc:447  lt:104  rt:0  fl:0 

<Constraint Check> (all must be [OK])
 [transaction percentage]
        Payment: 43.46% (>=43.0%) [OK]
   Order-Status: 4.35% (>= 4.0%) [OK]
       Delivery: 4.35% (>= 4.0%) [OK]
    Stock-Level: 4.35% (>= 4.0%) [OK]
 [response time (at least 90% passed)]
      New-Order: 40.36%  [NG] *
        Payment: 99.26%  [OK]
   Order-Status: 100.00%  [OK]
       Delivery: 100.00%  [OK]
    Stock-Level: 81.13%  [NG] *

<TpmC>
                 5513.000 TpmC
