***************************************
*** ###easy### TPC-C Load Generator ***
***************************************
option h with value '192.168.122.79'
option P with value '3306'
option d with value 'benchmarker'
option u with value 'root'
option p with value '123456'
option w with value '11'
option c with value '16'
option r with value '22'
option l with value '60'
option i with value '10'
<Parameters>
     [server]: 192.168.122.79
     [port]: 3306
     [DBname]: benchmarker
       [user]: root
       [pass]: 123456
  [warehouse]: 11
 [connection]: 16
     [rampup]: 22 (sec.)
    [measure]: 60 (sec.)

RAMP-UP TIME.(22 sec.)

MEASURING START.

  10, trx: 1068, 95%: 149.105, 99%: 163.603, max_rt: 188.448, 1065|143.732, 107|25.064, 107|320.515, 108|503.310
  20, trx: 1091, 95%: 142.772, 99%: 158.257, max_rt: 182.748, 1095|138.356, 110|37.219, 109|316.206, 109|464.766
  30, trx: 1115, 95%: 144.578, 99%: 155.906, max_rt: 185.742, 1118|142.862, 111|27.212, 110|283.497, 112|496.373
  40, trx: 1108, 95%: 144.232, 99%: 155.859, max_rt: 166.947, 1106|129.419, 110|29.878, 113|273.083, 110|496.761
  50, trx: 1122, 95%: 146.714, 99%: 160.019, max_rt: 165.901, 1119|145.348, 112|33.119, 111|280.629, 112|485.874
  60, trx: 1088, 95%: 144.189, 99%: 155.347, max_rt: 214.352, 1090|150.112, 110|29.747, 108|261.769, 109|464.758

STOPPING THREADS................

<Raw Results>
  [0] sc:2 lt:6590  rt:0  fl:0 avg_rt: 105.8 (5)
  [1] sc:1442 lt:5151  rt:0  fl:0 avg_rt: 29.2 (5)
  [2] sc:219 lt:441  rt:0  fl:0 avg_rt: 12.8 (5)
  [3] sc:185 lt:473  rt:0  fl:0 avg_rt: 233.5 (80)
  [4] sc:0 lt:660  rt:0  fl:0 avg_rt: 391.8 (20)
 in 60 sec.

<Raw Results2(sum ver.)>
  [0] sc:2  lt:6590  rt:0  fl:0 
  [1] sc:1442  lt:5151  rt:0  fl:0 
  [2] sc:219  lt:441  rt:0  fl:0 
  [3] sc:185  lt:473  rt:0  fl:0 
  [4] sc:0  lt:660  rt:0  fl:0 

<Constraint Check> (all must be [OK])
 [transaction percentage]
        Payment: 43.48% (>=43.0%) [OK]
   Order-Status: 4.35% (>= 4.0%) [OK]
       Delivery: 4.34% (>= 4.0%) [OK]
    Stock-Level: 4.35% (>= 4.0%) [OK]
 [response time (at least 90% passed)]
      New-Order: 0.03%  [NG] *
        Payment: 21.87%  [NG] *
   Order-Status: 33.18%  [NG] *
       Delivery: 28.12%  [NG] *
    Stock-Level: 0.00%  [NG] *

<TpmC>
                 6592.000 TpmC
