Initializing 200 connections...
Initializing 100 workers and preparing statements...
_elapsed___errors__ops/sec(inst)___ops/sec(cum)__p50(ms)__p95(ms)__p99(ms)_pMax(ms)
      1s        0            0.2            1.0    335.5    335.5    335.5    335.5 delivery
      1s        0            2.8           12.0    130.0    234.9    243.3    243.3 newOrder
      1s        0            0.5            2.0     41.9     52.4     52.4     52.4 orderStatus
      1s        0            3.9           17.0     75.5    176.2    352.3    352.3 payment
      1s        0            0.0            0.0      0.0      0.0      0.0      0.0 stockLevel
      2s        0            1.0            1.0    637.5    637.5    637.5    637.5 delivery
      2s        0           16.0           14.0    335.5    503.3    671.1    671.1 newOrder
      2s        0            1.0            1.5    201.3    201.3    201.3    201.3 orderStatus
      2s        0           14.0           15.5    192.9    243.3    838.9    838.9 payment
      2s        0            2.0            1.0    176.2    201.3    201.3    201.3 stockLevel
      3s        0            3.0            1.7    906.0    939.5    939.5    939.5 delivery
      3s        0           12.0           13.3    469.8    570.4   1677.7   1677.7 newOrder
      3s        0            4.0            2.3    184.5    302.0    302.0    302.0 orderStatus
      3s        0           12.0           14.3    251.7    352.3    369.1    369.1 payment
      3s        0            1.0            1.0    604.0    604.0    604.0    604.0 stockLevel
      4s        0            1.0            1.5    973.1    973.1    973.1    973.1 delivery
      4s        0            9.0           12.2    536.9    738.2    738.2    738.2 newOrder
      4s        0            1.0            2.0    436.2    436.2    436.2    436.2 orderStatus
      4s        0            8.0           12.7    234.9   2415.9   2415.9   2415.9 payment
      4s        0            0.0            0.7      0.0      0.0      0.0      0.0 stockLevel
_elapsed___errors__ops/sec(inst)___ops/sec(cum)__p50(ms)__p95(ms)__p99(ms)_pMax(ms)
      5s        0            2.0            1.6    453.0    520.1    520.1    520.1 delivery
      5s        0           10.0           11.8    385.9   3087.0   3087.0   3087.0 newOrder
      5s        0            1.0            1.8    142.6    142.6    142.6    142.6 orderStatus
      5s        0            5.0           11.2    453.0   2818.6   2818.6   2818.6 payment
      5s        0            3.0            1.2   1342.2   1610.6   1610.6   1610.6 stockLevel
      6s        0            3.0            1.8    570.4   4160.7   4160.7   4160.7 delivery
      6s        0            7.0           11.0   3087.0   3355.4   3355.4   3355.4 newOrder
      6s        0            2.0            1.8    100.7    104.9    104.9    104.9 orderStatus
      6s        0            9.0           10.8    285.2   2952.8   2952.8   2952.8 payment
      6s        0            2.0            1.3    604.0   1543.5   1543.5   1543.5 stockLevel
      7s        0            1.0            1.7    671.1    671.1    671.1    671.1 delivery
      7s        0            6.0           10.3    335.5   2818.6   2818.6   2818.6 newOrder
      7s        0            0.0            1.6      0.0      0.0      0.0      0.0 orderStatus
      7s        0            7.0           10.3   1040.2   2684.4   2684.4   2684.4 payment
      7s        0            2.0            1.4    125.8   2080.4   2080.4   2080.4 stockLevel
      8s        0            1.0            1.6   2281.7   2281.7   2281.7   2281.7 delivery
      8s        0           12.0           10.5    604.0   4563.4   5637.1   5637.1 newOrder
      8s        0            0.0            1.4      0.0      0.0      0.0      0.0 orderStatus
      8s        0            5.0            9.6    369.1   3623.9   3623.9   3623.9 payment
      8s        0            2.0            1.5    201.3    302.0    302.0    302.0 stockLevel
_elapsed___errors__ops/sec(inst)___ops/sec(cum)__p50(ms)__p95(ms)__p99(ms)_pMax(ms)
      9s        0            1.0            1.6    906.0    906.0    906.0    906.0 delivery
      9s        0            5.0            9.9    906.0   4831.8   4831.8   4831.8 newOrder
      9s        0            2.0            1.4    100.7    104.9    104.9    104.9 orderStatus
      9s        0           12.0            9.9    453.0   5637.1   5905.6   5905.6 payment
      9s        0            0.0            1.3      0.0      0.0      0.0      0.0 stockLevel
     10s        0            3.0            1.7    604.0   3355.4   3355.4   3355.4 delivery
     10s        0            9.0            9.8   3489.7   4831.8   4831.8   4831.8 newOrder
     10s        0            0.0            1.3      0.0      0.0      0.0      0.0 orderStatus
     10s        0            4.0            9.3    268.4   4160.7   4160.7   4160.7 payment
     10s        0            0.0            1.2      0.0      0.0      0.0      0.0 stockLevel
_elapsed___errors__ops/sec(inst)___ops/sec(cum)__p50(ms)__p95(ms)__p99(ms)_pMax(ms)
      1s        0            0.0            0.0      0.0      0.0      0.0      0.0 delivery
      1s        0            2.0            2.0    243.3    335.5    335.5    335.5 newOrder
      1s        0            3.0            3.0    125.8    151.0    151.0    151.0 orderStatus
      1s        0            0.0            0.0      0.0      0.0      0.0      0.0 payment
      1s        0            1.0            1.0    159.4    159.4    159.4    159.4 stockLevel
      2s        0            1.0            0.5    604.0    604.0    604.0    604.0 delivery
      2s        0            4.0            3.0    453.0   1342.2   1342.2   1342.2 newOrder
      2s        0            0.0            1.5      0.0      0.0      0.0      0.0 orderStatus
      2s        0            4.0            2.0    192.9    268.4    268.4    268.4 payment
      2s        0            0.0            0.5      0.0      0.0      0.0      0.0 stockLevel
      3s        0            0.0            0.3      0.0      0.0      0.0      0.0 delivery
      3s        0            6.0            4.0    285.2    503.3    503.3    503.3 newOrder
      3s        0            0.0            1.0      0.0      0.0      0.0      0.0 orderStatus
      3s        0            7.0            3.7    335.5   2952.8   2952.8   2952.8 payment
      3s        0            3.0            1.3    159.4    234.9    234.9    234.9 stockLevel
      4s        0            0.0            0.3      0.0      0.0      0.0      0.0 delivery
      4s        0            3.0            3.8    302.0   1811.9   1811.9   1811.9 newOrder
      4s        0            1.0            1.0     75.5     75.5     75.5     75.5 orderStatus
      4s        0            2.0            3.3    159.4    209.7    209.7    209.7 payment
      4s        0            1.0            1.3    335.5    335.5    335.5    335.5 stockLevel
_elapsed___errors__ops/sec(inst)___ops/sec(cum)__p50(ms)__p95(ms)__p99(ms)_pMax(ms)
      5s        0            0.0            0.2      0.0      0.0      0.0      0.0 delivery
      5s        0            5.0            4.0    218.1    704.6    704.6    704.6 newOrder
      5s        0            1.0            1.0     79.7     79.7     79.7     79.7 orderStatus
      5s        0            9.0            4.4   1006.6   4563.4   4563.4   4563.4 payment
      5s        0            1.0            1.2    142.6    142.6    142.6    142.6 stockLevel
      6s        0            4.0            0.8    805.3   2415.9   2415.9   2415.9 delivery
      6s        0            7.0            4.5   1610.6   4563.4   4563.4   4563.4 newOrder
      6s        0            1.0            1.0    100.7    100.7    100.7    100.7 orderStatus
      6s        0            3.0            4.2    302.0   3221.2   3221.2   3221.2 payment
      6s        0            1.0            1.2    159.4    159.4    159.4    159.4 stockLevel
      7s        0            0.0            0.7      0.0      0.0      0.0      0.0 delivery
      7s        0           11.0            5.4    469.8   5100.3   5637.1   5637.1 newOrder
      7s        0            0.0            0.9      0.0      0.0      0.0      0.0 orderStatus
      7s        0            5.0            4.3    318.8   5368.7   5368.7   5368.7 payment
      7s        0            0.0            1.0      0.0      0.0      0.0      0.0 stockLevel
      8s        0            3.0            1.0    469.8    536.9    536.9    536.9 delivery
      8s        0            6.0            5.5    260.0   7247.8   7247.8   7247.8 newOrder
      8s        0            0.0            0.8      0.0      0.0      0.0      0.0 orderStatus
      8s        0            6.0            4.5    704.6   2952.8   2952.8   2952.8 payment
      8s        0            0.0            0.9      0.0      0.0      0.0      0.0 stockLevel
_elapsed___errors__ops/sec(inst)___ops/sec(cum)__p50(ms)__p95(ms)__p99(ms)_pMax(ms)
      9s        0            0.0            0.9      0.0      0.0      0.0      0.0 delivery
      9s        0           10.0            6.0   2415.9   5637.1   5637.1   5637.1 newOrder
      9s        0            0.0            0.7      0.0      0.0      0.0      0.0 orderStatus
      9s        0            2.0            4.2    201.3   5637.1   5637.1   5637.1 payment
      9s        0            0.0            0.8      0.0      0.0      0.0      0.0 stockLevel
     10s        0            0.0            0.8      0.0      0.0      0.0      0.0 delivery
     10s        0           13.0            6.7    973.1   6710.9   9663.7   9663.7 newOrder
     10s        0            1.0            0.7     92.3     92.3     92.3     92.3 orderStatus
     10s        0            9.0            4.7   1342.2   9663.7   9663.7   9663.7 payment
     10s        0            0.0            0.7      0.0      0.0      0.0      0.0 stockLevel
     11s        0            0.0            0.7      0.0      0.0      0.0      0.0 delivery
     11s        0            8.0            6.8    704.6   3623.9   3623.9   3623.9 newOrder
     11s        0            1.0            0.7    100.7    100.7    100.7    100.7 orderStatus
     11s        0           10.0            5.2    159.4  10200.5  10200.5  10200.5 payment
     11s        0            2.0            0.8    100.7    260.0    260.0    260.0 stockLevel
     12s        0            1.0            0.8    453.0    453.0    453.0    453.0 delivery
     12s        0           11.0            7.2   1677.7   6710.9   6979.3   6979.3 newOrder
     12s        0            1.0            0.8    125.8    125.8    125.8    125.8 orderStatus
     12s        0            6.0            5.3    125.8   8589.9   8589.9   8589.9 payment
     12s        0            1.0            0.8    130.0    130.0    130.0    130.0 stockLevel
_elapsed___errors__ops/sec(inst)___ops/sec(cum)__p50(ms)__p95(ms)__p99(ms)_pMax(ms)
     13s        0            1.0            0.8    771.8    771.8    771.8    771.8 delivery
     13s        0           12.0            7.5   1006.6   3892.3  12884.9  12884.9 newOrder
     13s        0            2.0            0.8    142.6    335.5    335.5    335.5 orderStatus
     13s        0            9.0            5.5    184.5   9126.8   9126.8   9126.8 payment
     13s        0            0.0            0.8      0.0      0.0      0.0      0.0 stockLevel
     14s        0            2.0            0.9    436.2    604.0    604.0    604.0 delivery
     14s        0           15.0            8.1    318.8  11811.2  12884.9  12884.9 newOrder
     14s        0            1.0            0.9     75.5     75.5     75.5     75.5 orderStatus
     14s        0           11.0            5.9    176.2   1946.2   4563.4   4563.4 payment
     14s        0            1.0            0.8     88.1     88.1     88.1     88.1 stockLevel
     15s        0            0.0            0.8      0.0      0.0      0.0      0.0 delivery
     15s        0           13.0            8.4    318.8   8589.9  11274.3  11274.3 newOrder
     15s        0            2.0            0.9     75.5    100.7    100.7    100.7 orderStatus
     15s        0           14.0            6.5    142.6   8321.5  13958.6  13958.6 payment
     15s        0            3.0            0.9    159.4   4563.4   4563.4   4563.4 stockLevel
     16s        0            2.0            0.9    302.0    302.0    302.0    302.0 delivery
     16s        0            5.0            8.2    436.2   5637.1   5637.1   5637.1 newOrder
     16s        0            0.0            0.9      0.0      0.0      0.0      0.0 orderStatus
     16s        0           12.0            6.8   1476.4   7247.8  14495.5  14495.5 payment
     16s        0            0.0            0.9      0.0      0.0      0.0      0.0 stockLevel
_elapsed___errors__ops/sec(inst)___ops/sec(cum)__p50(ms)__p95(ms)__p99(ms)_pMax(ms)
     17s        0            1.0            0.9    402.7    402.7    402.7    402.7 delivery
     17s        0           15.0            8.6    637.5   8589.9   9663.7   9663.7 newOrder
     17s        0            1.0            0.9     75.5     75.5     75.5     75.5 orderStatus
     17s        0           13.0            7.2    159.4   2818.6   3758.1   3758.1 payment
     17s        0            1.0            0.9    104.9    104.9    104.9    104.9 stockLevel
     18s        0            2.0            0.9    369.1    385.9    385.9    385.9 delivery
     18s        0           13.0            8.8   3221.2   9126.8  13958.6  13958.6 newOrder
     18s        0            0.0            0.8      0.0      0.0      0.0      0.0 orderStatus
     18s        0           16.0            7.7    130.0  11274.3  15032.4  15032.4 payment
     18s        0            2.0            0.9     88.1    159.4    159.4    159.4 stockLevel
     19s        0            1.0            0.9    369.1    369.1    369.1    369.1 delivery
     19s        0           12.0            9.0    234.9   8321.5   9126.8   9126.8 newOrder
     19s        0            3.0            0.9     75.5     83.9     83.9     83.9 orderStatus
     19s        0           17.0            8.2    134.2  10200.5  16106.1  16106.1 payment
     19s        0            4.0            1.1     88.1   1275.1   1275.1   1275.1 stockLevel
     20s        0            3.0            1.1    570.4   1811.9   1811.9   1811.9 delivery
     20s        0           13.0            9.2    234.9   2281.7   4563.4   4563.4 newOrder
     20s        0            1.0            1.0    142.6    142.6    142.6    142.6 orderStatus
     20s        0            9.0            8.2    268.4   9126.8   9126.8   9126.8 payment
     20s        0            1.0            1.1   1073.7   1073.7   1073.7   1073.7 stockLevel
_elapsed___errors__ops/sec(inst)___ops/sec(cum)__p50(ms)__p95(ms)__p99(ms)_pMax(ms)
     21s        0            1.0            1.0    436.2    436.2    436.2    436.2 delivery
     21s        0           10.0            9.2    184.5  20401.1  20401.1  20401.1 newOrder
     21s        0            1.0            1.0     48.2     48.2     48.2     48.2 orderStatus
     21s        0           18.0            8.7    142.6  16106.1  19327.4  19327.4 payment
     21s        0            2.0            1.1     83.9    159.4    159.4    159.4 stockLevel
     22s        0            1.0            1.0    486.5    486.5    486.5    486.5 delivery
     22s        0           12.0            9.4    260.0   5100.3   7516.2   7516.2 newOrder
     22s        0            1.0            1.0     88.1     88.1     88.1     88.1 orderStatus
     22s        0           18.0            9.1    167.8   6710.9  17179.9  17179.9 payment
     22s        0            1.0            1.1    176.2    176.2    176.2    176.2 stockLevel
     23s        0            2.0            1.1    419.4    486.5    486.5    486.5 delivery
     23s        0           14.0            9.6    260.0   5100.3   7784.6   7784.6 newOrder
     23s        0            2.0            1.0     71.3     88.1     88.1     88.1 orderStatus
     23s        0           12.0            9.2    121.6  11811.2  18253.6  18253.6 payment
     23s        0            0.0            1.1      0.0      0.0      0.0      0.0 stockLevel
     24s        0            1.0            1.1    385.9    385.9    385.9    385.9 delivery
     24s        0           11.0            9.6    503.3   4295.0  20401.1  20401.1 newOrder
     24s        0            0.0            1.0      0.0      0.0      0.0      0.0 orderStatus
     24s        0           15.0            9.5    142.6   7516.2  11274.3  11274.3 payment
     24s        0            0.0            1.0      0.0      0.0      0.0      0.0 stockLevel
_elapsed___errors__ops/sec(inst)___ops/sec(cum)__p50(ms)__p95(ms)__p99(ms)_pMax(ms)
     25s        0            0.0            1.0      0.0      0.0      0.0      0.0 delivery
     25s        0            9.0            9.6    486.5   3087.0   3087.0   3087.0 newOrder
     25s        0            1.0            1.0     79.7     79.7     79.7     79.7 orderStatus
     25s        0           13.0            9.6    159.4   8321.5  15032.4  15032.4 payment
     25s        0            3.0            1.1    369.1    872.4    872.4    872.4 stockLevel
     26s        0            2.0            1.1    604.0  21474.8  21474.8  21474.8 delivery
     26s        0           15.0            9.8    385.9   6442.5   7516.2   7516.2 newOrder
     26s        0            1.0            1.0    176.2    176.2    176.2    176.2 orderStatus
     26s        0           16.0            9.8    192.9  12884.9  13958.6  13958.6 payment
     26s        0            2.0            1.2    109.1    167.8    167.8    167.8 stockLevel
     27s        0            2.0            1.1    402.7  21474.8  21474.8  21474.8 delivery
     27s        0           12.0            9.9    302.0   9126.8  16643.0  16643.0 newOrder
     27s        0            2.0            1.0     71.3    104.9    104.9    104.9 orderStatus
     27s        0           10.0            9.9    209.7  13958.6  13958.6  13958.6 payment
     27s        0            1.0            1.1    100.7    100.7    100.7    100.7 stockLevel
     28s        0            1.0            1.1    939.5    939.5    939.5    939.5 delivery
     28s        0           11.0            9.9    604.0   1006.6   1879.0   1879.0 newOrder
     28s        0            1.0            1.0    117.4    117.4    117.4    117.4 orderStatus
     28s        0            7.0            9.8    503.3   2415.9   2415.9   2415.9 payment
     28s        0            0.0            1.1      0.0      0.0      0.0      0.0 stockLevel
_elapsed___errors__ops/sec(inst)___ops/sec(cum)__p50(ms)__p95(ms)__p99(ms)_pMax(ms)
     29s        0            2.0            1.1    453.0   1946.2   1946.2   1946.2 delivery
     29s        0           11.0           10.0    218.1    906.0  15032.4  15032.4 newOrder
     29s        0            2.0            1.0     88.1     92.3     92.3     92.3 orderStatus
     29s        0           15.0            9.9    536.9   9663.7  16106.1  16106.1 payment
     29s        0            0.0            1.1      0.0      0.0      0.0      0.0 stockLevel
     30s        0            1.0            1.1  10737.4  10737.4  10737.4  10737.4 delivery
     30s        0           17.0           10.2    385.9  13958.6  15032.4  15032.4 newOrder
     30s        0            1.0            1.0    109.1    109.1    109.1    109.1 orderStatus
     30s        0           14.0           10.1    159.4  21474.8  23622.3  23622.3 payment
     30s        0            0.0            1.0      0.0      0.0      0.0      0.0 stockLevel
     31s        0            1.0            1.1    604.0    604.0    604.0    604.0 delivery
     31s        0           20.0           10.5    268.4   5905.6   7784.6   7784.6 newOrder
     31s        0            3.0            1.1     92.3    130.0    130.0    130.0 orderStatus
     31s        0           11.0           10.1    121.6   4295.0   8321.5   8321.5 payment
     31s        0            3.0            1.1    436.2   8589.9   8589.9   8589.9 stockLevel
     32s        0            2.0            1.2   1879.0   8053.1   8053.1   8053.1 delivery
     32s        0            9.0           10.5    973.1   5100.3   5100.3   5100.3 newOrder
     32s        0            3.0            1.2     75.5    109.1    109.1    109.1 orderStatus
     32s        0            8.0           10.0    201.3   8321.5   8321.5   8321.5 payment
     32s        0            0.0            1.1      0.0      0.0      0.0      0.0 stockLevel
_elapsed___errors__ops/sec(inst)___ops/sec(cum)__p50(ms)__p95(ms)__p99(ms)_pMax(ms)
     33s        0            1.0            1.2  22548.6  22548.6  22548.6  22548.6 delivery
     33s        0           11.0           10.5    318.8   9126.8   9126.8   9126.8 newOrder
     33s        0            1.0            1.2    104.9    104.9    104.9    104.9 orderStatus
     33s        0           10.0           10.0    117.4  17179.9  17179.9  17179.9 payment
     33s        0            3.0            1.1    159.4   2684.4   2684.4   2684.4 stockLevel
     34s        0            0.0            1.1      0.0      0.0      0.0      0.0 delivery
     34s        0           14.0           10.6    302.0  13958.6  24696.1  24696.1 newOrder
     34s        0            0.0            1.1      0.0      0.0      0.0      0.0 orderStatus
     34s        0           12.0           10.1    151.0  14495.5  15569.3  15569.3 payment
     34s        0            1.0            1.1   4831.8   4831.8   4831.8   4831.8 stockLevel
     35s        0            1.0            1.1    486.5    486.5    486.5    486.5 delivery
     35s        0           16.0           10.7    285.2   4563.4   9126.8   9126.8 newOrder
     35s        0            4.0            1.2    100.7    125.8    125.8    125.8 orderStatus
     35s        0           14.0           10.2    142.6  22548.6  30064.8  30064.8 payment
     35s        0            0.0            1.1      0.0      0.0      0.0      0.0 stockLevel
     36s        0            1.0            1.1    436.2    436.2    436.2    436.2 delivery
     36s        0            6.0           10.6    285.2   8589.9   8589.9   8589.9 newOrder
     36s        0            0.0            1.2      0.0      0.0      0.0      0.0 orderStatus
     36s        0            6.0           10.1    872.4   9126.8   9126.8   9126.8 payment
     36s        0            0.0            1.1      0.0      0.0      0.0      0.0 stockLevel
_elapsed___errors__ops/sec(inst)___ops/sec(cum)__p50(ms)__p95(ms)__p99(ms)_pMax(ms)
     37s        0            1.0            1.1   1006.6   1006.6   1006.6   1006.6 delivery
     37s        0           13.0           10.7    704.6  21474.8  22548.6  22548.6 newOrder
     37s        0            0.0            1.1      0.0      0.0      0.0      0.0 orderStatus
     37s        0            9.0           10.1    604.0  33286.0  33286.0  33286.0 payment
     37s        0            0.0            1.0      0.0      0.0      0.0      0.0 stockLevel
     38s        0            1.0            1.1    939.5    939.5    939.5    939.5 delivery
     38s        0           14.0           10.8    352.3   2952.8  16643.0  16643.0 newOrder
     38s        0            3.0            1.2    142.6    151.0    151.0    151.0 orderStatus
     38s        0            9.0           10.0   3623.9  20401.1  20401.1  20401.1 payment
     38s        0            2.0            1.1    117.4    130.0    130.0    130.0 stockLevel
     39s        0            3.0            1.2    352.3    536.9    536.9    536.9 delivery
     39s        0           16.0           10.9    486.5   5100.3   8589.9   8589.9 newOrder
     39s        0            3.0            1.2     88.1     96.5     96.5     96.5 orderStatus
     39s        0            9.0           10.0    201.3   4831.8   4831.8   4831.8 payment
     39s        0            1.0            1.1    201.3    201.3    201.3    201.3 stockLevel
     40s        0            0.0            1.1      0.0      0.0      0.0      0.0 delivery
     40s        0           17.0           11.1    503.3   1275.1   9663.7   9663.7 newOrder
     40s        0            1.0            1.2     75.5     75.5     75.5     75.5 orderStatus
     40s        0            9.0           10.0    637.5  19327.4  19327.4  19327.4 payment
     40s        0            0.0            1.0      0.0      0.0      0.0      0.0 stockLevel
_elapsed___errors__ops/sec(inst)___ops/sec(cum)__p50(ms)__p95(ms)__p99(ms)_pMax(ms)
     41s        0            0.0            1.1      0.0      0.0      0.0      0.0 delivery
     41s        0           14.0           11.1    402.7  12348.0  12884.9  12884.9 newOrder
     41s        0            3.0            1.3     83.9    369.1    369.1    369.1 orderStatus
     41s        0           22.0           10.3    125.8   2684.4  33286.0  33286.0 payment
     41s        0            2.0            1.0    109.1   8053.1   8053.1   8053.1 stockLevel
     42s        0            2.0            1.1    436.2    604.0    604.0    604.0 delivery
     42s        0           13.0           11.2    285.2   3355.4   8589.9   8589.9 newOrder
     42s        0            2.0            1.3     92.3    142.6    142.6    142.6 orderStatus
     42s        0           11.0           10.3    184.5   6979.3  31138.5  31138.5 payment
     42s        0            0.0            1.0      0.0      0.0      0.0      0.0 stockLevel
     43s        0            3.0            1.2    536.9    604.0    604.0    604.0 delivery
     43s        0            8.0           11.1    285.2   5368.7   5368.7   5368.7 newOrder
     43s        0            0.0            1.3      0.0      0.0      0.0      0.0 orderStatus
     43s        0           11.0           10.3    192.9   1476.4  10737.4  10737.4 payment
     43s        0            1.0            1.0    125.8    125.8    125.8    125.8 stockLevel
     44s        0            0.0            1.1      0.0      0.0      0.0      0.0 delivery
     44s        0           16.0           11.2    335.5  11274.3  24696.1  24696.1 newOrder
     44s        0            1.0            1.3     41.9     41.9     41.9     41.9 orderStatus
     44s        0           13.0           10.4    167.8   1811.9  16106.1  16106.1 payment
     44s        0            0.0            1.0      0.0      0.0      0.0      0.0 stockLevel
_elapsed___errors__ops/sec(inst)___ops/sec(cum)__p50(ms)__p95(ms)__p99(ms)_pMax(ms)
     45s        0            1.0            1.1    704.6    704.6    704.6    704.6 delivery
     45s        0            9.0           11.2    369.1    973.1    973.1    973.1 newOrder
     45s        0            1.0            1.2     75.5     75.5     75.5     75.5 orderStatus
     45s        0            6.0           10.3    151.0   1342.2   1342.2   1342.2 payment
     45s        0            1.0            1.0    260.0    260.0    260.0    260.0 stockLevel
     46s        0            3.0            1.2    453.0    536.9    536.9    536.9 delivery
     46s        0           10.0           11.1    302.0  22548.6  22548.6  22548.6 newOrder
     46s        0            1.0            1.2     83.9     83.9     83.9     83.9 orderStatus
     46s        0           16.0           10.4    151.0  11274.3  36507.2  36507.2 payment
     46s        0            4.0            1.1    100.7   3892.3   3892.3   3892.3 stockLevel
     47s        0            2.0            1.2    536.9   1342.2   1342.2   1342.2 delivery
     47s        0           11.0           11.1    352.3   5368.7  10200.5  10200.5 newOrder
     47s        0            1.0            1.2     92.3     92.3     92.3     92.3 orderStatus
     47s        0           10.0           10.4    130.0  22548.6  22548.6  22548.6 payment
     47s        0            1.0            1.1    113.2    113.2    113.2    113.2 stockLevel
     48s        0            1.0            1.2    469.8    469.8    469.8    469.8 delivery
     48s        0           18.0           11.3    285.2  11274.3  12884.9  12884.9 newOrder
     48s        0            1.0            1.2     96.5     96.5     96.5     96.5 orderStatus
     48s        0           11.0           10.4    134.2    226.5    369.1    369.1 payment
     48s        0            0.0            1.0      0.0      0.0      0.0      0.0 stockLevel
_elapsed___errors__ops/sec(inst)___ops/sec(cum)__p50(ms)__p95(ms)__p99(ms)_pMax(ms)
     49s        0            0.0            1.2      0.0      0.0      0.0      0.0 delivery
     49s        0            6.0           11.2    201.3  12884.9  12884.9  12884.9 newOrder
     49s        0            1.0            1.2     67.1     67.1     67.1     67.1 orderStatus
     49s        0           14.0           10.5    104.9   1342.2   1342.2   1342.2 payment
     49s        0            1.0            1.0     75.5     75.5     75.5     75.5 stockLevel
     50s        0            3.0            1.2    419.4    486.5    486.5    486.5 delivery
     50s        0           11.0           11.2    268.4   8053.1  23622.3  23622.3 newOrder
     50s        0            1.0            1.2     67.1     67.1     67.1     67.1 orderStatus
     50s        0            9.0           10.4    130.0  10200.5  10200.5  10200.5 payment
     50s        0            0.0            1.0      0.0      0.0      0.0      0.0 stockLevel
     51s        0            2.0            1.2    369.1    402.7    402.7    402.7 delivery
     51s        0           15.0           11.2    184.5   8053.1  18253.6  18253.6 newOrder
     51s        0            0.0            1.2      0.0      0.0      0.0      0.0 orderStatus
     51s        0           11.0           10.5    117.4  28991.0  30064.8  30064.8 payment
     51s        0            1.0            1.0     79.7     79.7     79.7     79.7 stockLevel
     52s        0            1.0            1.2    419.4    419.4    419.4    419.4 delivery
     52s        0           18.0           11.4    268.4  15032.4  17179.9  17179.9 newOrder
     52s        0            1.0            1.2     71.3     71.3     71.3     71.3 orderStatus
     52s        0           12.0           10.5    151.0   4295.0  18253.6  18253.6 payment
     52s        0            1.0            1.0    130.0    130.0    130.0    130.0 stockLevel
_elapsed___errors__ops/sec(inst)___ops/sec(cum)__p50(ms)__p95(ms)__p99(ms)_pMax(ms)
     53s        0            1.0            1.2    704.6    704.6    704.6    704.6 delivery
     53s        0           13.0           11.4    536.9   1744.8   5637.1   5637.1 newOrder
     53s        0            0.0            1.2      0.0      0.0      0.0      0.0 orderStatus
     53s        0            8.0           10.4    117.4  27917.3  27917.3  27917.3 payment
     53s        0            1.0            1.0     88.1     88.1     88.1     88.1 stockLevel
     54s        0            2.0            1.2    285.2    419.4    419.4    419.4 delivery
     54s        0            8.0           11.3    234.9   9663.7   9663.7   9663.7 newOrder
     54s        0            0.0            1.1      0.0      0.0      0.0      0.0 orderStatus
     54s        0           12.0           10.5    134.2  13958.6  45097.2  45097.2 payment
     54s        0            2.0            1.0     92.3    113.2    113.2    113.2 stockLevel
     55s        0            1.0            1.2    503.3    503.3    503.3    503.3 delivery
     55s        0           18.0           11.5    318.8  11274.3  14495.5  14495.5 newOrder
     55s        0            1.0            1.1    142.6    142.6    142.6    142.6 orderStatus
     55s        0           12.0           10.5    151.0    218.1    503.3    503.3 payment
     55s        0            1.0            1.0    176.2    176.2    176.2    176.2 stockLevel
     56s        0            1.0            1.2    520.1    520.1    520.1    520.1 delivery
     56s        0           16.0           11.5    335.5  16106.1  27917.3  27917.3 newOrder
     56s        0            3.0            1.2     83.9    113.2    113.2    113.2 orderStatus
     56s        0           12.0           10.5    130.0  12884.9  26843.5  26843.5 payment
     56s        0            3.0            1.1    113.2    151.0    151.0    151.0 stockLevel
_elapsed___errors__ops/sec(inst)___ops/sec(cum)__p50(ms)__p95(ms)__p99(ms)_pMax(ms)
     57s        0            0.0            1.2      0.0      0.0      0.0      0.0 delivery
     57s        0           17.0           11.6    352.3  11811.2  18253.6  18253.6 newOrder
     57s        0            0.0            1.2      0.0      0.0      0.0      0.0 orderStatus
     57s        0           12.0           10.5    117.4   1040.2  53687.1  53687.1 payment
     57s        0            1.0            1.1     75.5     75.5     75.5     75.5 stockLevel
     58s        0            1.0            1.2    436.2    436.2    436.2    436.2 delivery
     58s        0           14.0           11.7    251.7    973.1   1342.2   1342.2 newOrder
     58s        0            2.0            1.2     83.9     88.1     88.1     88.1 orderStatus
     58s        0           17.0           10.7    142.6  17179.9  47244.6  47244.6 payment
     58s        0            0.0            1.1      0.0      0.0      0.0      0.0 stockLevel
     59s        0            1.0            1.2    369.1    369.1    369.1    369.1 delivery
     59s        0           12.0           11.7    251.7   3758.1  10200.5  10200.5 newOrder
     59s        0            1.0            1.2     92.3     92.3     92.3     92.3 orderStatus
     59s        0           15.0           10.7    121.6    872.4   1946.2   1946.2 payment
     59s        0            2.0            1.1    109.1    125.8    125.8    125.8 stockLevel
    1m0s        0            1.0            1.2   1208.0   1208.0   1208.0   1208.0 delivery
    1m0s        0            9.0           11.6    805.3  18253.6  18253.6  18253.6 newOrder
    1m0s        0            2.0            1.2     92.3    142.6    142.6    142.6 orderStatus
    1m0s        0           17.0           10.8    134.2  27917.3  42949.7  42949.7 payment
    1m0s        0            0.0            1.1      0.0      0.0      0.0      0.0 stockLevel

_elapsed___errors_____ops(total)___ops/sec(cum)__avg(ms)__p50(ms)__p95(ms)__p99(ms)_pMax(ms)__total
   60.0s        0             71            1.2   1723.8    486.5   8053.1  21474.8  22548.6  delivery
   60.0s        0            698           11.6   2211.3    352.3  11274.3  20401.1  27917.3  newOrder
   60.0s        0             71            1.2    101.9     92.3    151.0    335.5    369.1  orderStatus
   60.0s        0            650           10.8   2636.2    167.8  16106.1  33286.0  53687.1  payment
   60.0s        0             63            1.0    680.0    130.0   4563.4   8053.1   8589.9  stockLevel

_elapsed___errors_____ops(total)___ops/sec(cum)__avg(ms)__p50(ms)__p95(ms)__p99(ms)_pMax(ms)__result
   60.0s        0           1553           25.9   2208.3    268.4  12884.9  24696.1  53687.1  
Audit check 9.2.1.7: SKIP: not enough delivery transactions to be statistically significant
Audit check 9.2.2.5.1: SKIP: not enough orders to be statistically significant
Audit check 9.2.2.5.2: SKIP: not enough orders to be statistically significant
Audit check 9.2.2.5.3: SKIP: not enough orders to be statistically significant
Audit check 9.2.2.5.4: SKIP: not enough payments to be statistically significant
Audit check 9.2.2.5.5: SKIP: not enough payments to be statistically significant
Audit check 9.2.2.5.6: SKIP: not enough order status transactions to be statistically significant

_elapsed_______tpmC____efc__avg(ms)__p50(ms)__p90(ms)__p95(ms)__p99(ms)_pMax(ms)
   60.0s      698.0 542.8%   2211.3    352.3   8053.1  11274.3  20401.1  27917.3
