Initializing 100 connections...
Initializing 100 workers and preparing statements...
_elapsed___errors__ops/sec(inst)___ops/sec(cum)__p50(ms)__p95(ms)__p99(ms)_pMax(ms)
      1s        0            0.4            1.0    100.7    100.7    100.7    100.7 delivery
      1s        0            2.5            6.0     30.4     71.3     71.3     71.3 newOrder
      1s        0            0.0            0.0      0.0      0.0      0.0      0.0 orderStatus
      1s        0            4.2           10.0     24.1     52.4     52.4     52.4 payment
      1s        0            0.8            2.0     21.0     44.0     44.0     44.0 stockLevel
      2s        0            1.0            1.0   1073.7   1073.7   1073.7   1073.7 delivery
      2s        0            8.0            7.0    738.2   1140.9   1140.9   1140.9 newOrder
      2s        0            1.0            0.5    142.6    142.6    142.6    142.6 orderStatus
      2s        0            5.0            7.5    570.4    872.4    872.4    872.4 payment
      2s        0            2.0            2.0    151.0    436.2    436.2    436.2 stockLevel
      3s        0            3.0            1.7    805.3   1040.2   1040.2   1040.2 delivery
      3s        0           15.0            9.7    671.1   1140.9   1476.4   1476.4 newOrder
      3s        0            5.0            2.0    100.7    226.5    226.5    226.5 orderStatus
      3s        0           13.0            9.3    805.3   1006.6   1476.4   1476.4 payment
      3s        0            0.0            1.3      0.0      0.0      0.0      0.0 stockLevel
      4s        0            0.0            1.2      0.0      0.0      0.0      0.0 delivery
      4s        0            7.0            9.0    738.2   1476.4   1476.4   1476.4 newOrder
      4s        0            4.0            2.5    192.9    285.2    285.2    285.2 orderStatus
      4s        0            7.0            8.7    520.1    973.1    973.1    973.1 payment
      4s        0            3.0            1.7    218.1    243.3    243.3    243.3 stockLevel
_elapsed___errors__ops/sec(inst)___ops/sec(cum)__p50(ms)__p95(ms)__p99(ms)_pMax(ms)
      5s        0            1.0            1.2   1543.5   1543.5   1543.5   1543.5 delivery
      5s        0           13.0            9.8   1476.4   2080.4   2281.7   2281.7 newOrder
      5s        0            2.0            2.4    176.2    671.1    671.1    671.1 orderStatus
      5s        0            9.0            8.8   1476.4   3489.7   3489.7   3489.7 payment
      5s        0            2.0            1.8    486.5    671.1    671.1    671.1 stockLevel
      6s        0            0.0            1.0      0.0      0.0      0.0      0.0 delivery
      6s        0            5.0            9.0    536.9   2281.7   2281.7   2281.7 newOrder
      6s        0            1.0            2.2    234.9    234.9    234.9    234.9 orderStatus
      6s        0            9.0            8.8    335.5   3623.9   3623.9   3623.9 payment
      6s        0            0.0            1.5      0.0      0.0      0.0      0.0 stockLevel
      7s        0            2.0            1.1    302.0   1342.2   1342.2   1342.2 delivery
      7s        0            3.0            8.1    134.2    805.3    805.3    805.3 newOrder
      7s        0            1.0            2.0     11.5     11.5     11.5     11.5 orderStatus
      7s        0            6.0            8.4     83.9    771.8    771.8    771.8 payment
      7s        0            0.0            1.3      0.0      0.0      0.0      0.0 stockLevel
      8s        0            0.0            1.0      0.0      0.0      0.0      0.0 delivery
      8s        0            9.0            8.2   3087.0   4026.5   4026.5   4026.5 newOrder
      8s        0            2.0            2.0     46.1     79.7     79.7     79.7 orderStatus
      8s        0            2.0            7.6   2818.6   4295.0   4295.0   4295.0 payment
      8s        0            1.0            1.2    125.8    125.8    125.8    125.8 stockLevel
_elapsed___errors__ops/sec(inst)___ops/sec(cum)__p50(ms)__p95(ms)__p99(ms)_pMax(ms)
      9s        0            1.0            1.0   1140.9   1140.9   1140.9   1140.9 delivery
      9s        0            7.0            8.1   1342.2   5368.7   5368.7   5368.7 newOrder
      9s        0            1.0            1.9    209.7    209.7    209.7    209.7 orderStatus
      9s        0            8.0            7.7   3623.9   5368.7   5368.7   5368.7 payment
      9s        0            2.0            1.3     50.3   2684.4   2684.4   2684.4 stockLevel
     10s        0            1.0            1.0   2013.3   2013.3   2013.3   2013.3 delivery
     10s        0            7.0            8.0    469.8   5100.3   5100.3   5100.3 newOrder
     10s        0            1.0            1.8    209.7    209.7    209.7    209.7 orderStatus
     10s        0           10.0            7.9    260.0   5368.7   5368.7   5368.7 payment
     10s        0            1.0            1.3    176.2    176.2    176.2    176.2 stockLevel
_elapsed___errors__ops/sec(inst)___ops/sec(cum)__p50(ms)__p95(ms)__p99(ms)_pMax(ms)
      1s        0            0.0            0.0      0.0      0.0      0.0      0.0 delivery
      1s        0            0.0            0.0      0.0      0.0      0.0      0.0 newOrder
      1s        0            0.0            0.0      0.0      0.0      0.0      0.0 orderStatus
      1s        0            0.0            0.0      0.0      0.0      0.0      0.0 payment
      1s        0            0.0            0.0      0.0      0.0      0.0      0.0 stockLevel
      2s        0            0.0            0.0      0.0      0.0      0.0      0.0 delivery
      2s        0            0.0            0.0      0.0      0.0      0.0      0.0 newOrder
      2s        0            1.0            0.5    872.4    872.4    872.4    872.4 orderStatus
      2s        0            3.0            1.5    243.3    704.6    704.6    704.6 payment
      2s        0            0.0            0.0      0.0      0.0      0.0      0.0 stockLevel
      3s        0            1.0            0.3    604.0    604.0    604.0    604.0 delivery
      3s        0            8.0            2.7    402.7   1073.7   1073.7   1073.7 newOrder
      3s        0            1.0            0.7   1073.7   1073.7   1073.7   1073.7 orderStatus
      3s        0            6.0            3.0    260.0    939.5    939.5    939.5 payment
      3s        0            1.0            0.3   1040.2   1040.2   1040.2   1040.2 stockLevel
      4s        0            0.0            0.3      0.0      0.0      0.0      0.0 delivery
      4s        0            3.0            2.8   1140.9   1543.5   1543.5   1543.5 newOrder
      4s        0            2.0            1.0     79.7    318.8    318.8    318.8 orderStatus
      4s        0            4.0            3.3    352.3   2013.3   2013.3   2013.3 payment
      4s        0            1.0            0.5    142.6    142.6    142.6    142.6 stockLevel
_elapsed___errors__ops/sec(inst)___ops/sec(cum)__p50(ms)__p95(ms)__p99(ms)_pMax(ms)
      5s        0            1.0            0.4    570.4    570.4    570.4    570.4 delivery
      5s        0           10.0            4.2    318.8   3221.2   3221.2   3221.2 newOrder
      5s        0            2.0            1.2    142.6    637.5    637.5    637.5 orderStatus
      5s        0            3.0            3.2    134.2   3221.2   3221.2   3221.2 payment
      5s        0            1.0            0.6    130.0    130.0    130.0    130.0 stockLevel
      6s        0            1.0            0.5    939.5    939.5    939.5    939.5 delivery
      6s        0            4.0            4.2    268.4    872.4    872.4    872.4 newOrder
      6s        0            0.0            1.0      0.0      0.0      0.0      0.0 orderStatus
      6s        0            5.0            3.5    637.5   1946.2   1946.2   1946.2 payment
      6s        0            4.0            1.2    113.2   1543.5   1543.5   1543.5 stockLevel
      7s        0            0.0            0.4      0.0      0.0      0.0      0.0 delivery
      7s        0           16.0            5.9   1006.6   4563.4   4831.8   4831.8 newOrder
      7s        0            4.0            1.4    121.6    209.7    209.7    209.7 orderStatus
      7s        0           13.0            4.9    201.3   4563.4   5368.7   5368.7 payment
      7s        0            1.0            1.1    104.9    104.9    104.9    104.9 stockLevel
      8s        0            2.0            0.6    973.1   1006.6   1006.6   1006.6 delivery
      8s        0           11.0            6.5    805.3   6174.0   6710.9   6710.9 newOrder
      8s        0            0.0            1.3      0.0      0.0      0.0      0.0 orderStatus
      8s        0            9.0            5.4    536.9   3221.2   3221.2   3221.2 payment
      8s        0            1.0            1.1   1879.0   1879.0   1879.0   1879.0 stockLevel
_elapsed___errors__ops/sec(inst)___ops/sec(cum)__p50(ms)__p95(ms)__p99(ms)_pMax(ms)
      9s        0            2.0            0.8    385.9    402.7    402.7    402.7 delivery
      9s        0           13.0            7.2    469.8   5905.6   6174.0   6174.0 newOrder
      9s        0            0.0            1.1      0.0      0.0      0.0      0.0 orderStatus
      9s        0           12.0            6.1    176.2   3489.7   6442.5   6442.5 payment
      9s        0            1.0            1.1   1879.0   1879.0   1879.0   1879.0 stockLevel
     10s        0            2.0            0.9    503.3   1275.1   1275.1   1275.1 delivery
     10s        0           15.0            8.0    906.0   6710.9   6710.9   6710.9 newOrder
     10s        0            0.0            1.0      0.0      0.0      0.0      0.0 orderStatus
     10s        0           11.0            6.6    906.0   7784.6   7784.6   7784.6 payment
     10s        0            1.0            1.1   1208.0   1208.0   1208.0   1208.0 stockLevel
     11s        0            2.0            1.0   1543.5   1811.9   1811.9   1811.9 delivery
     11s        0            9.0            8.1    285.2   5368.7   5368.7   5368.7 newOrder
     11s        0            0.0            0.9      0.0      0.0      0.0      0.0 orderStatus
     11s        0           11.0            7.0    117.4   3489.7   5368.7   5368.7 payment
     11s        0            1.0            1.1    637.5    637.5    637.5    637.5 stockLevel
     12s        0            0.0            0.9      0.0      0.0      0.0      0.0 delivery
     12s        0           12.0            8.4   1543.5   6174.0   7784.6   7784.6 newOrder
     12s        0            2.0            1.0     96.5   2550.1   2550.1   2550.1 orderStatus
     12s        0           13.0            7.5    771.8   6710.9   8589.9   8589.9 payment
     12s        0            1.0            1.1   1006.6   1006.6   1006.6   1006.6 stockLevel
_elapsed___errors__ops/sec(inst)___ops/sec(cum)__p50(ms)__p95(ms)__p99(ms)_pMax(ms)
     13s        0            1.0            0.9    419.4    419.4    419.4    419.4 delivery
     13s        0           13.0            8.8    704.6   3623.9   4831.8   4831.8 newOrder
     13s        0            2.0            1.1    117.4    469.8    469.8    469.8 orderStatus
     13s        0           20.0            8.5    738.2  10200.5  10737.4  10737.4 payment
     13s        0            1.0            1.1     96.5     96.5     96.5     96.5 stockLevel
     14s        0            1.0            0.9    872.4    872.4    872.4    872.4 delivery
     14s        0           17.0            9.4    906.0   4831.8   7247.8   7247.8 newOrder
     14s        0            1.0            1.1   1476.4   1476.4   1476.4   1476.4 orderStatus
     14s        0           11.0            8.6   1543.5   4831.8   9663.7   9663.7 payment
     14s        0            0.0            1.0      0.0      0.0      0.0      0.0 stockLevel
     15s        0            0.0            0.9      0.0      0.0      0.0      0.0 delivery
     15s        0            7.0            9.2    671.1   1677.7   1677.7   1677.7 newOrder
     15s        0            1.0            1.1     92.3     92.3     92.3     92.3 orderStatus
     15s        0           11.0            8.8    570.4   8589.9  10200.5  10200.5 payment
     15s        0            4.0            1.2    771.8   1879.0   1879.0   1879.0 stockLevel
     16s        0            2.0            0.9    402.7    805.3    805.3    805.3 delivery
     16s        0           11.0            9.3    503.3   8053.1  12884.9  12884.9 newOrder
     16s        0            2.0            1.1     65.0     75.5     75.5     75.5 orderStatus
     16s        0           13.0            9.1    520.1  10200.5  11274.3  11274.3 payment
     16s        0            3.0            1.3    973.1   2080.4   2080.4   2080.4 stockLevel
_elapsed___errors__ops/sec(inst)___ops/sec(cum)__p50(ms)__p95(ms)__p99(ms)_pMax(ms)
     17s        0            1.0            0.9    385.9    385.9    385.9    385.9 delivery
     17s        0           10.0            9.4   1275.1   7784.6   7784.6   7784.6 newOrder
     17s        0            1.0            1.1     88.1     88.1     88.1     88.1 orderStatus
     17s        0           11.0            9.2   5637.1  14495.5  14495.5  14495.5 payment
     17s        0            1.0            1.3    130.0    130.0    130.0    130.0 stockLevel
     18s        0            2.0            1.0    318.8    771.8    771.8    771.8 delivery
     18s        0            7.0            9.2   1879.0   4831.8   4831.8   4831.8 newOrder
     18s        0            0.0            1.1      0.0      0.0      0.0      0.0 orderStatus
     18s        0           12.0            9.3   1409.3   4831.8   9663.7   9663.7 payment
     18s        0            1.0            1.3    335.5    335.5    335.5    335.5 stockLevel
     19s        0            2.0            1.1   1677.7   2550.1   2550.1   2550.1 delivery
     19s        0            9.0            9.2    302.0   4831.8   4831.8   4831.8 newOrder
     19s        0            1.0            1.1   2013.3   2013.3   2013.3   2013.3 orderStatus
     19s        0           15.0            9.6    209.7   9126.8  15569.3  15569.3 payment
     19s        0            2.0            1.3    142.6   2684.4   2684.4   2684.4 stockLevel
     20s        0            0.0            1.0      0.0      0.0      0.0      0.0 delivery
     20s        0           19.0            9.7    302.0   6442.5   9663.7   9663.7 newOrder
     20s        0            1.0            1.1     75.5     75.5     75.5     75.5 orderStatus
     20s        0           14.0            9.9    771.8   6710.9  11274.3  11274.3 payment
     20s        0            0.0            1.3      0.0      0.0      0.0      0.0 stockLevel
_elapsed___errors__ops/sec(inst)___ops/sec(cum)__p50(ms)__p95(ms)__p99(ms)_pMax(ms)
     21s        0            3.0            1.1    604.0    973.1    973.1    973.1 delivery
     21s        0           14.0            9.9    771.8   4563.4   5905.6   5905.6 newOrder
     21s        0            2.0            1.1     96.5    109.1    109.1    109.1 orderStatus
     21s        0           13.0           10.0    402.7   7247.8  10737.4  10737.4 payment
     21s        0            2.0            1.3     92.3     96.5     96.5     96.5 stockLevel
     22s        0            1.0            1.1   1208.0   1208.0   1208.0   1208.0 delivery
     22s        0           19.0           10.3   1040.2   6979.3   8053.1   8053.1 newOrder
     22s        0            2.0            1.1     96.5    771.8    771.8    771.8 orderStatus
     22s        0           12.0           10.1    192.9   3892.3   7516.2   7516.2 payment
     22s        0            0.0            1.2      0.0      0.0      0.0      0.0 stockLevel
     23s        0            1.0            1.1   1610.6   1610.6   1610.6   1610.6 delivery
     23s        0           13.0           10.4    469.8  13958.6  16106.1  16106.1 newOrder
     23s        0            0.0            1.1      0.0      0.0      0.0      0.0 orderStatus
     23s        0            9.0           10.0    285.2  10737.4  10737.4  10737.4 payment
     23s        0            0.0            1.2      0.0      0.0      0.0      0.0 stockLevel
     24s        0            1.0            1.1    906.0    906.0    906.0    906.0 delivery
     24s        0           14.0           10.6   1409.3   8321.5  10200.5  10200.5 newOrder
     24s        0            0.0            1.0      0.0      0.0      0.0      0.0 orderStatus
     24s        0            6.0            9.9    151.0    570.4    570.4    570.4 payment
     24s        0            1.0            1.2   1409.3   1409.3   1409.3   1409.3 stockLevel
_elapsed___errors__ops/sec(inst)___ops/sec(cum)__p50(ms)__p95(ms)__p99(ms)_pMax(ms)
     25s        0            2.0            1.1    671.1    671.1    671.1    671.1 delivery
     25s        0            8.0           10.5    536.9   6174.0   6174.0   6174.0 newOrder
     25s        0            1.0            1.0    125.8    125.8    125.8    125.8 orderStatus
     25s        0            9.0            9.8    159.4  16643.0  16643.0  16643.0 payment
     25s        0            2.0            1.2   1476.4   1744.8   1744.8   1744.8 stockLevel
     26s        0            2.0            1.2    453.0   5100.3   5100.3   5100.3 delivery
     26s        0           11.0           10.5    285.2  12348.0  12348.0  12348.0 newOrder
     26s        0            2.0            1.1     71.3    151.0    151.0    151.0 orderStatus
     26s        0           14.0           10.0   3087.0  14495.5  23622.3  23622.3 payment
     26s        0            1.0            1.2     75.5     75.5     75.5     75.5 stockLevel
     27s        0            3.0            1.2    419.4    805.3    805.3    805.3 delivery
     27s        0            9.0           10.4   1677.7  11811.2  11811.2  11811.2 newOrder
     27s        0            1.0            1.1     83.9     83.9     83.9     83.9 orderStatus
     27s        0           10.0           10.0    151.0  11811.2  11811.2  11811.2 payment
     27s        0            0.0            1.1      0.0      0.0      0.0      0.0 stockLevel
     28s        0            1.0            1.2    604.0    604.0    604.0    604.0 delivery
     28s        0           16.0           10.6   2080.4   9663.7  11811.2  11811.2 newOrder
     28s        0            3.0            1.1     92.3    100.7    100.7    100.7 orderStatus
     28s        0           11.0           10.0    167.8   4563.4  12348.0  12348.0 payment
     28s        0            0.0            1.1      0.0      0.0      0.0      0.0 stockLevel
_elapsed___errors__ops/sec(inst)___ops/sec(cum)__p50(ms)__p95(ms)__p99(ms)_pMax(ms)
     29s        0            1.0            1.2    805.3    805.3    805.3    805.3 delivery
     29s        0           16.0           10.8   1275.1   7516.2  12348.0  12348.0 newOrder
     29s        0            2.0            1.2     65.0    113.2    113.2    113.2 orderStatus
     29s        0            9.0           10.0    704.6  25769.8  25769.8  25769.8 payment
     29s        0            0.0            1.1      0.0      0.0      0.0      0.0 stockLevel
     30s        0            1.0            1.2    419.4    419.4    419.4    419.4 delivery
     30s        0           16.0           11.0    503.3   7784.6   8589.9   8589.9 newOrder
     30s        0            0.0            1.1      0.0      0.0      0.0      0.0 orderStatus
     30s        0           13.0           10.1    738.2  14495.5  19327.4  19327.4 payment
     30s        0            1.0            1.1    125.8    125.8    125.8    125.8 stockLevel
     31s        0            2.0            1.2    486.5    604.0    604.0    604.0 delivery
     31s        0           14.0           11.1    973.1   9663.7  20401.1  20401.1 newOrder
     31s        0            0.0            1.1      0.0      0.0      0.0      0.0 orderStatus
     31s        0           11.0           10.1    671.1   7784.6  10737.4  10737.4 payment
     31s        0            0.0            1.0      0.0      0.0      0.0      0.0 stockLevel
     32s        0            2.0            1.3    637.5    637.5    637.5    637.5 delivery
     32s        0           14.0           11.2   1040.2   5905.6  19327.4  19327.4 newOrder
     32s        0            0.0            1.1      0.0      0.0      0.0      0.0 orderStatus
     32s        0            8.0           10.1    209.7  12884.9  12884.9  12884.9 payment
     32s        0            2.0            1.1    151.0    604.0    604.0    604.0 stockLevel
_elapsed___errors__ops/sec(inst)___ops/sec(cum)__p50(ms)__p95(ms)__p99(ms)_pMax(ms)
     33s        0            0.0            1.2      0.0      0.0      0.0      0.0 delivery
     33s        0           15.0           11.3    285.2   2415.9   2415.9   2415.9 newOrder
     33s        0            3.0            1.1     71.3    872.4    872.4    872.4 orderStatus
     33s        0           15.0           10.2    167.8  12884.9  13958.6  13958.6 payment
     33s        0            1.0            1.1    100.7    100.7    100.7    100.7 stockLevel
     34s        0            0.0            1.2      0.0      0.0      0.0      0.0 delivery
     34s        0           20.0           11.6    704.6   4831.8   6442.5   6442.5 newOrder
     34s        0            2.0            1.1     92.3     96.5     96.5     96.5 orderStatus
     34s        0           12.0           10.3    604.0  10737.4  15032.4  15032.4 payment
     34s        0            2.0            1.1     92.3    604.0    604.0    604.0 stockLevel
     35s        0            1.0            1.2    419.4    419.4    419.4    419.4 delivery
     35s        0           15.0           11.7    771.8   6442.5  28991.0  28991.0 newOrder
     35s        0            3.0            1.2    436.2    838.9    838.9    838.9 orderStatus
     35s        0           14.0           10.4    352.3   9663.7  12884.9  12884.9 payment
     35s        0            1.0            1.1    100.7    100.7    100.7    100.7 stockLevel
     36s        0            3.0            1.2    486.5    939.5    939.5    939.5 delivery
     36s        0           16.0           11.8    302.0   3758.1   5368.7   5368.7 newOrder
     36s        0            3.0            1.3    134.2    453.0    453.0    453.0 orderStatus
     36s        0           20.0           10.6    285.2   7516.2  17179.9  17179.9 payment
     36s        0            2.0            1.1    142.6   3087.0   3087.0   3087.0 stockLevel
_elapsed___errors__ops/sec(inst)___ops/sec(cum)__p50(ms)__p95(ms)__p99(ms)_pMax(ms)
     37s        0            0.0            1.2      0.0      0.0      0.0      0.0 delivery
     37s        0           14.0           11.8    335.5   1006.6   1040.2   1040.2 newOrder
     37s        0            2.0            1.3    453.0    570.4    570.4    570.4 orderStatus
     37s        0           22.0           10.9    335.5  12884.9  21474.8  21474.8 payment
     37s        0            3.0            1.2    159.4    167.8    167.8    167.8 stockLevel
     38s        0            1.0            1.2    503.3    503.3    503.3    503.3 delivery
     38s        0           14.0           11.9    318.8   2013.3   3892.3   3892.3 newOrder
     38s        0            0.0            1.2      0.0      0.0      0.0      0.0 orderStatus
     38s        0           17.0           11.1    352.3  11274.3  23622.3  23622.3 payment
     38s        0            0.0            1.1      0.0      0.0      0.0      0.0 stockLevel
     39s        0            2.0            1.2    704.6    771.8    771.8    771.8 delivery
     39s        0           24.0           12.2    570.4   9126.8  13958.6  13958.6 newOrder
     39s        0            2.0            1.3    167.8    218.1    218.1    218.1 orderStatus
     39s        0           10.0           11.1    243.3  18253.6  18253.6  18253.6 payment
     39s        0            0.0            1.1      0.0      0.0      0.0      0.0 stockLevel
     40s        0            2.0            1.2    335.5   1040.2   1040.2   1040.2 delivery
     40s        0           14.0           12.3    176.2   1409.3   2013.3   2013.3 newOrder
     40s        0            3.0            1.3     71.3     75.5     75.5     75.5 orderStatus
     40s        0           26.0           11.5    142.6  10737.4  17179.9  17179.9 payment
     40s        0            2.0            1.1    100.7    117.4    117.4    117.4 stockLevel
_elapsed___errors__ops/sec(inst)___ops/sec(cum)__p50(ms)__p95(ms)__p99(ms)_pMax(ms)
     41s        0            0.0            1.2      0.0      0.0      0.0      0.0 delivery
     41s        0           15.0           12.3    318.8    738.2   1744.8   1744.8 newOrder
     41s        0            1.0            1.3    125.8    125.8    125.8    125.8 orderStatus
     41s        0           15.0           11.5    167.8  24696.1  26843.5  26843.5 payment
     41s        0            3.0            1.2    125.8    134.2    134.2    134.2 stockLevel
     42s        0            2.0            1.2    671.1    671.1    671.1    671.1 delivery
     42s        0           11.0           12.3   3087.0  11274.3  17179.9  17179.9 newOrder
     42s        0            1.0            1.3     79.7     79.7     79.7     79.7 orderStatus
     42s        0           16.0           11.6    285.2   8589.9  28991.0  28991.0 payment
     42s        0            1.0            1.2    121.6    121.6    121.6    121.6 stockLevel
     43s        0            1.0            1.2    939.5    939.5    939.5    939.5 delivery
     43s        0           13.0           12.3    369.1   2818.6   5368.7   5368.7 newOrder
     43s        0            2.0            1.3    104.9    234.9    234.9    234.9 orderStatus
     43s        0            7.0           11.5    234.9  11811.2  11811.2  11811.2 payment
     43s        0            2.0            1.2    201.3   1275.1   1275.1   1275.1 stockLevel
     44s        0            1.0            1.2    503.3    503.3    503.3    503.3 delivery
     44s        0           14.0           12.3    771.8   3758.1  11811.2  11811.2 newOrder
     44s        0            0.0            1.3      0.0      0.0      0.0      0.0 orderStatus
     44s        0           13.0           11.6    234.9   2013.3   3623.9   3623.9 payment
     44s        0            0.0            1.2      0.0      0.0      0.0      0.0 stockLevel
_elapsed___errors__ops/sec(inst)___ops/sec(cum)__p50(ms)__p95(ms)__p99(ms)_pMax(ms)
     45s        0            3.0            1.2    536.9    536.9    536.9    536.9 delivery
     45s        0            8.0           12.2    218.1   5100.3   5100.3   5100.3 newOrder
     45s        0            0.0            1.2      0.0      0.0      0.0      0.0 orderStatus
     45s        0           17.0           11.7    738.2  25769.8  27917.3  27917.3 payment
     45s        0            0.0            1.1      0.0      0.0      0.0      0.0 stockLevel
     46s        0            1.0            1.2    419.4    419.4    419.4    419.4 delivery
     46s        0           19.0           12.4    486.5   3087.0   4295.0   4295.0 newOrder
     46s        0            1.0            1.2    100.7    100.7    100.7    100.7 orderStatus
     46s        0           16.0           11.8   1208.0  20401.1  40802.2  40802.2 payment
     46s        0            2.0            1.2     83.9    704.6    704.6    704.6 stockLevel
     47s        0            0.0            1.2      0.0      0.0      0.0      0.0 delivery
     47s        0           17.0           12.5    637.5   1610.6   4831.8   4831.8 newOrder
     47s        0            3.0            1.3     92.3     92.3     92.3     92.3 orderStatus
     47s        0           16.0           11.9    604.0   8053.1  45097.2  45097.2 payment
     47s        0            2.0            1.2     75.5    121.6    121.6    121.6 stockLevel
     48s        0            2.0            1.2    469.8    570.4    570.4    570.4 delivery
     48s        0           15.0           12.5    318.8    805.3    805.3    805.3 newOrder
     48s        0            1.0            1.3   1208.0   1208.0   1208.0   1208.0 orderStatus
     48s        0           10.0           11.8    218.1  28991.0  28991.0  28991.0 payment
     48s        0            1.0            1.2    125.8    125.8    125.8    125.8 stockLevel
_elapsed___errors__ops/sec(inst)___ops/sec(cum)__p50(ms)__p95(ms)__p99(ms)_pMax(ms)
     49s        0            1.0            1.2    453.0    453.0    453.0    453.0 delivery
     49s        0            8.0           12.4    436.2  13421.8  13421.8  13421.8 newOrder
     49s        0            0.0            1.2      0.0      0.0      0.0      0.0 orderStatus
     49s        0           13.0           11.9    159.4   2684.4  21474.8  21474.8 payment
     49s        0            1.0            1.2    113.2    113.2    113.2    113.2 stockLevel
     50s        0            0.0            1.2      0.0      0.0      0.0      0.0 delivery
     50s        0           16.0           12.5    369.1   1744.8   7247.8   7247.8 newOrder
     50s        0            2.0            1.3     83.9    151.0    151.0    151.0 orderStatus
     50s        0           10.0           11.8    184.5   1409.3   1409.3   1409.3 payment
     50s        0            0.0            1.1      0.0      0.0      0.0      0.0 stockLevel
     51s        0            0.0            1.2      0.0      0.0      0.0      0.0 delivery
     51s        0           17.0           12.6    486.5  12348.0  13421.8  13421.8 newOrder
     51s        0            1.0            1.3   2684.4   2684.4   2684.4   2684.4 orderStatus
     51s        0           12.0           11.8   2147.5  22548.6  47244.6  47244.6 payment
     51s        0            1.0            1.1   3489.7   3489.7   3489.7   3489.7 stockLevel
     52s        0            2.0            1.2    486.5    503.3    503.3    503.3 delivery
     52s        0           17.0           12.7    285.2   1476.4   1543.5   1543.5 newOrder
     52s        0            2.0            1.3     75.5    142.6    142.6    142.6 orderStatus
     52s        0            9.0           11.8    176.2   5100.3   5100.3   5100.3 payment
     52s        0            1.0            1.1    209.7    209.7    209.7    209.7 stockLevel
_elapsed___errors__ops/sec(inst)___ops/sec(cum)__p50(ms)__p95(ms)__p99(ms)_pMax(ms)
     53s        0            2.0            1.2    302.0   2952.8   2952.8   2952.8 delivery
     53s        0           16.0           12.8    209.7   6174.0  11274.3  11274.3 newOrder
     53s        0            0.0            1.2      0.0      0.0      0.0      0.0 orderStatus
     53s        0            9.0           11.7    637.5  10737.4  10737.4  10737.4 payment
     53s        0            0.0            1.1      0.0      0.0      0.0      0.0 stockLevel
     54s        0            0.0            1.2      0.0      0.0      0.0      0.0 delivery
     54s        0           16.0           12.8    318.8   3087.0   7516.2   7516.2 newOrder
     54s        0            2.0            1.3     65.0     88.1     88.1     88.1 orderStatus
     54s        0            9.0           11.7    637.5  38654.7  38654.7  38654.7 payment
     54s        0            4.0            1.2   1208.0   2147.5   2147.5   2147.5 stockLevel
     55s        0            1.0            1.2    369.1    369.1    369.1    369.1 delivery
     55s        0           14.0           12.8    285.2   2013.3  11811.2  11811.2 newOrder
     55s        0            1.0            1.3     88.1     88.1     88.1     88.1 orderStatus
     55s        0           18.0           11.8    142.6  24696.1  30064.8  30064.8 payment
     55s        0            1.0            1.2   1040.2   1040.2   1040.2   1040.2 stockLevel
     56s        0            2.0            1.2    570.4   1073.7   1073.7   1073.7 delivery
     56s        0           12.0           12.8    352.3   5637.1  18253.6  18253.6 newOrder
     56s        0            0.0            1.2      0.0      0.0      0.0      0.0 orderStatus
     56s        0           13.0           11.8    637.5  24696.1  38654.7  38654.7 payment
     56s        0            2.0            1.2     75.5   4563.4   4563.4   4563.4 stockLevel
_elapsed___errors__ops/sec(inst)___ops/sec(cum)__p50(ms)__p95(ms)__p99(ms)_pMax(ms)
     57s        0            0.0            1.2      0.0      0.0      0.0      0.0 delivery
     57s        0           14.0           12.8    260.0   3623.9   9126.8   9126.8 newOrder
     57s        0            0.0            1.2      0.0      0.0      0.0      0.0 orderStatus
     57s        0           11.0           11.8   1342.2  21474.8  30064.8  30064.8 payment
     57s        0            1.0            1.2    117.4    117.4    117.4    117.4 stockLevel
     58s        0            1.0            1.2    453.0    453.0    453.0    453.0 delivery
     58s        0           12.0           12.8    209.7   3221.2  15032.4  15032.4 newOrder
     58s        0            2.0            1.2     92.3    109.1    109.1    109.1 orderStatus
     58s        0           10.0           11.8    771.8  16106.1  16106.1  16106.1 payment
     58s        0            0.0            1.2      0.0      0.0      0.0      0.0 stockLevel
     59s        0            3.0            1.2    352.3    352.3    352.3    352.3 delivery
     59s        0           10.0           12.8    385.9   4831.8   4831.8   4831.8 newOrder
     59s        0            0.0            1.2      0.0      0.0      0.0      0.0 orderStatus
     59s        0           11.0           11.7    302.0   2080.4   8321.5   8321.5 payment
     59s        0            0.0            1.1      0.0      0.0      0.0      0.0 stockLevel
    1m0s        0            2.0            1.2    570.4   1543.5   1543.5   1543.5 delivery
    1m0s        0           14.0           12.8    335.5   3892.3   4160.7   4160.7 newOrder
    1m0s        0            0.0            1.2      0.0      0.0      0.0      0.0 orderStatus
    1m0s        0           14.0           11.8    209.7  17179.9  22548.6  22548.6 payment
    1m0s        0            2.0            1.2    134.2   1040.2   1040.2   1040.2 stockLevel

_elapsed___errors_____ops(total)___ops/sec(cum)__avg(ms)__p50(ms)__p95(ms)__p99(ms)_pMax(ms)__total
   60.0s        0             73            1.2    779.2    570.4   1677.7   2952.8   5100.3  delivery
   60.0s        0            768           12.8   1758.3    486.5   7516.2  13958.6  28991.0  newOrder
   60.0s        0             71            1.2    322.5    109.1   1208.0   2550.1   2684.4  orderStatus
   60.0s        0            707           11.8   2991.5    402.7  14495.5  28991.0  47244.6  payment
   60.0s        0             69            1.1    726.7    159.4   2684.4   3489.7   4563.4  stockLevel

_elapsed___errors_____ops(total)___ops/sec(cum)__avg(ms)__p50(ms)__p95(ms)__p99(ms)_pMax(ms)__result
   60.0s        0           1688           28.1   2129.9    436.2  10737.4  23622.3  47244.6  
Audit check 9.2.1.7: SKIP: not enough delivery transactions to be statistically significant
Audit check 9.2.2.5.1: SKIP: not enough orders to be statistically significant
Audit check 9.2.2.5.2: SKIP: not enough orders to be statistically significant
Audit check 9.2.2.5.3: SKIP: not enough orders to be statistically significant
Audit check 9.2.2.5.4: SKIP: not enough payments to be statistically significant
Audit check 9.2.2.5.5: SKIP: not enough payments to be statistically significant
Audit check 9.2.2.5.6: SKIP: not enough order status transactions to be statistically significant

_elapsed_______tpmC____efc__avg(ms)__p50(ms)__p90(ms)__p95(ms)__p99(ms)_pMax(ms)
   60.0s      768.0 597.2%   1758.3    486.5   5100.3   7516.2  13958.6  28991.0
