Initializing 300 connections...
Initializing 100 workers and preparing statements...
_elapsed___errors__ops/sec(inst)___ops/sec(cum)__p50(ms)__p95(ms)__p99(ms)_pMax(ms)
      1s        0            0.1            1.0    486.5    486.5    486.5    486.5 delivery
      1s        0            1.3            9.0    226.5    243.3    243.3    243.3 newOrder
      1s        0            0.3            2.0     35.7     44.0     44.0     44.0 orderStatus
      1s        0            2.5           17.0     96.5    134.2    159.4    159.4 payment
      1s        0            0.3            2.0     83.9    167.8    167.8    167.8 stockLevel
      2s        0            0.0            0.5      0.0      0.0      0.0      0.0 delivery
      2s        0            9.0            9.0    738.2    906.0    906.0    906.0 newOrder
      2s        0            2.0            2.0     96.5    352.3    352.3    352.3 orderStatus
      2s        0           11.0           14.0    402.7    536.9    637.5    637.5 payment
      2s        0            0.0            1.0      0.0      0.0      0.0      0.0 stockLevel
      3s        0            0.0            0.3      0.0      0.0      0.0      0.0 delivery
      3s        0           14.0           10.7    419.4   1476.4   1543.5   1543.5 newOrder
      3s        0            4.0            2.7     83.9    113.2    113.2    113.2 orderStatus
      3s        0           15.0           14.3    218.1    469.8   1610.6   1610.6 payment
      3s        0            2.0            1.3    159.4    771.8    771.8    771.8 stockLevel
      4s        0            2.0            0.7    385.9    536.9    536.9    536.9 delivery
      4s        0           11.0           10.7    302.0   1140.9   1208.0   1208.0 newOrder
      4s        0            0.0            2.0      0.0      0.0      0.0      0.0 orderStatus
      4s        0           19.0           15.5    176.2   1811.9   2080.4   2080.4 payment
      4s        0            0.0            1.0      0.0      0.0      0.0      0.0 stockLevel
_elapsed___errors__ops/sec(inst)___ops/sec(cum)__p50(ms)__p95(ms)__p99(ms)_pMax(ms)
      5s        0            0.0            0.6      0.0      0.0      0.0      0.0 delivery
      5s        0           11.0           10.8    369.1   2281.7   2281.7   2281.7 newOrder
      5s        0            1.0            1.8    167.8    167.8    167.8    167.8 orderStatus
      5s        0            7.0           13.8    209.7   2013.3   2013.3   2013.3 payment
      5s        0            1.0            1.0    738.2    738.2    738.2    738.2 stockLevel
      6s        0            1.0            0.7   1073.7   1073.7   1073.7   1073.7 delivery
      6s        0           11.0           10.8    872.4   1744.8   1879.0   1879.0 newOrder
      6s        0            2.0            1.8    201.3    503.3    503.3    503.3 orderStatus
      6s        0            8.0           12.8    469.8   2080.4   2080.4   2080.4 payment
      6s        0            0.0            0.8      0.0      0.0      0.0      0.0 stockLevel
      7s        0            2.0            0.9   1342.2   1409.3   1409.3   1409.3 delivery
      7s        0           12.0           11.0    738.2   2952.8   3489.7   3489.7 newOrder
      7s        0            2.0            1.9    151.0    151.0    151.0    151.0 orderStatus
      7s        0            9.0           12.3    260.0    637.5    637.5    637.5 payment
      7s        0            1.0            0.9    218.1    218.1    218.1    218.1 stockLevel
      8s        0            1.0            0.9    570.4    570.4    570.4    570.4 delivery
      8s        0           11.0           11.0    369.1   2281.7   3087.0   3087.0 newOrder
      8s        0            2.0            1.9     75.5    134.2    134.2    134.2 orderStatus
      8s        0            6.0           11.5    805.3   6174.0   6174.0   6174.0 payment
      8s        0            1.0            0.9    503.3    503.3    503.3    503.3 stockLevel
_elapsed___errors__ops/sec(inst)___ops/sec(cum)__p50(ms)__p95(ms)__p99(ms)_pMax(ms)
      9s        0            2.0            1.0    453.0    570.4    570.4    570.4 delivery
      9s        0           11.0           11.0   1946.2   5100.3   5637.1   5637.1 newOrder
      9s        0            2.0            1.9     79.7    113.2    113.2    113.2 orderStatus
      9s        0            5.0           10.8    130.0   4831.8   4831.8   4831.8 payment
      9s        0            0.0            0.8      0.0      0.0      0.0      0.0 stockLevel
     10s        0            1.0            1.0    738.2    738.2    738.2    738.2 delivery
     10s        0            9.0           10.8    503.3   2684.4   2684.4   2684.4 newOrder
     10s        0            1.0            1.8    125.8    125.8    125.8    125.8 orderStatus
     10s        0           11.0           10.8    318.8   6710.9   7784.6   7784.6 payment
     10s        0            2.0            0.9    226.5    234.9    234.9    234.9 stockLevel
_elapsed___errors__ops/sec(inst)___ops/sec(cum)__p50(ms)__p95(ms)__p99(ms)_pMax(ms)
      1s        0            0.0            0.0      0.0      0.0      0.0      0.0 delivery
      1s        0            1.0            1.0    251.7    251.7    251.7    251.7 newOrder
      1s        0            1.0            1.0    142.6    142.6    142.6    142.6 orderStatus
      1s        0            1.0            1.0    109.1    109.1    109.1    109.1 payment
      1s        0            0.0            0.0      0.0      0.0      0.0      0.0 stockLevel
      2s        0            0.0            0.0      0.0      0.0      0.0      0.0 delivery
      2s        0            3.0            2.0    318.8   1140.9   1140.9   1140.9 newOrder
      2s        0            2.0            1.5    151.0    192.9    192.9    192.9 orderStatus
      2s        0            2.0            1.5    159.4    453.0    453.0    453.0 payment
      2s        0            3.0            1.5    142.6    151.0    151.0    151.0 stockLevel
      3s        0            2.0            0.7    520.1    536.9    536.9    536.9 delivery
      3s        0            6.0            3.3    218.1   1040.2   1040.2   1040.2 newOrder
      3s        0            1.0            1.3    100.7    100.7    100.7    100.7 orderStatus
      3s        0            5.0            2.7   1040.2   2684.4   2684.4   2684.4 payment
      3s        0            0.0            1.0      0.0      0.0      0.0      0.0 stockLevel
      4s        0            1.0            0.8    503.3    503.3    503.3    503.3 delivery
      4s        0            0.0            2.5      0.0      0.0      0.0      0.0 newOrder
      4s        0            3.0            1.8     96.5    100.7    100.7    100.7 orderStatus
      4s        0           12.0            5.0    113.2    260.0   1677.7   1677.7 payment
      4s        0            2.0            1.3     92.3    151.0    151.0    151.0 stockLevel
_elapsed___errors__ops/sec(inst)___ops/sec(cum)__p50(ms)__p95(ms)__p99(ms)_pMax(ms)
      5s        0            0.0            0.6      0.0      0.0      0.0      0.0 delivery
      5s        0            9.0            3.8    637.5   2281.7   2281.7   2281.7 newOrder
      5s        0            1.0            1.6    385.9    385.9    385.9    385.9 orderStatus
      5s        0            1.0            4.2   1946.2   1946.2   1946.2   1946.2 payment
      5s        0            1.0            1.2    117.4    117.4    117.4    117.4 stockLevel
      6s        0            3.0            1.0    973.1   2281.7   2281.7   2281.7 delivery
      6s        0            4.0            3.8    453.0   1744.8   1744.8   1744.8 newOrder
      6s        0            1.0            1.5    318.8    318.8    318.8    318.8 orderStatus
      6s        0            4.0            4.2    318.8   2415.9   2415.9   2415.9 payment
      6s        0            1.0            1.2   1342.2   1342.2   1342.2   1342.2 stockLevel
      7s        0            0.0            0.9      0.0      0.0      0.0      0.0 delivery
      7s        0            8.0            4.4    771.8   4160.7   4160.7   4160.7 newOrder
      7s        0            0.0            1.3      0.0      0.0      0.0      0.0 orderStatus
      7s        0            7.0            4.6    436.2   3489.7   3489.7   3489.7 payment
      7s        0            0.0            1.0      0.0      0.0      0.0      0.0 stockLevel
      8s        0            2.0            1.0   1140.9   2818.6   2818.6   2818.6 delivery
      8s        0            9.0            5.0    385.9   5905.6   5905.6   5905.6 newOrder
      8s        0            0.0            1.1      0.0      0.0      0.0      0.0 orderStatus
      8s        0            6.0            4.8    151.0    520.1    520.1    520.1 payment
      8s        0            2.0            1.1    100.7   2080.4   2080.4   2080.4 stockLevel
_elapsed___errors__ops/sec(inst)___ops/sec(cum)__p50(ms)__p95(ms)__p99(ms)_pMax(ms)
      9s        0            0.0            0.9      0.0      0.0      0.0      0.0 delivery
      9s        0            7.0            5.2   3758.1   8589.9   8589.9   8589.9 newOrder
      9s        0            0.0            1.0      0.0      0.0      0.0      0.0 orderStatus
      9s        0            5.0            4.8   1409.3   7516.2   7516.2   7516.2 payment
      9s        0            1.0            1.1   1879.0   1879.0   1879.0   1879.0 stockLevel
     10s        0            1.0            0.9    939.5    939.5    939.5    939.5 delivery
     10s        0           15.0            6.2    469.8   2684.4   9126.8   9126.8 newOrder
     10s        0            1.0            1.0    243.3    243.3    243.3    243.3 orderStatus
     10s        0            9.0            5.2    260.0   6979.3   6979.3   6979.3 payment
     10s        0            2.0            1.2    104.9    117.4    117.4    117.4 stockLevel
     11s        0            0.0            0.8      0.0      0.0      0.0      0.0 delivery
     11s        0            5.0            6.1   2684.4   5368.7   5368.7   5368.7 newOrder
     11s        0            1.0            1.0    100.7    100.7    100.7    100.7 orderStatus
     11s        0            6.0            5.3    130.0   1811.9   1811.9   1811.9 payment
     11s        0            0.0            1.1      0.0      0.0      0.0      0.0 stockLevel
     12s        0            0.0            0.8      0.0      0.0      0.0      0.0 delivery
     12s        0           10.0            6.4    570.4   4831.8   4831.8   4831.8 newOrder
     12s        0            0.0            0.9      0.0      0.0      0.0      0.0 orderStatus
     12s        0            5.0            5.3   5637.1  10737.4  10737.4  10737.4 payment
     12s        0            3.0            1.3    838.9   1275.1   1275.1   1275.1 stockLevel
_elapsed___errors__ops/sec(inst)___ops/sec(cum)__p50(ms)__p95(ms)__p99(ms)_pMax(ms)
     13s        0            1.0            0.8    486.5    486.5    486.5    486.5 delivery
     13s        0           11.0            6.8    268.4   2818.6   3489.7   3489.7 newOrder
     13s        0            1.0            0.9     83.9     83.9     83.9     83.9 orderStatus
     13s        0            4.0            5.2    130.0   1275.1   1275.1   1275.1 payment
     13s        0            0.0            1.2      0.0      0.0      0.0      0.0 stockLevel
     14s        0            2.0            0.9    335.5    570.4    570.4    570.4 delivery
     14s        0            9.0            6.9   3221.2   7516.2   7516.2   7516.2 newOrder
     14s        0            0.0            0.9      0.0      0.0      0.0      0.0 orderStatus
     14s        0            7.0            5.3    151.0    671.1    671.1    671.1 payment
     14s        0            1.0            1.1    503.3    503.3    503.3    503.3 stockLevel
     15s        0            1.0            0.9    436.2    436.2    436.2    436.2 delivery
     15s        0            8.0            7.0    234.9  12348.0  12348.0  12348.0 newOrder
     15s        0            3.0            1.0     75.5     83.9     83.9     83.9 orderStatus
     15s        0           11.0            5.7    134.2   6442.5   7784.6   7784.6 payment
     15s        0            0.0            1.1      0.0      0.0      0.0      0.0 stockLevel
     16s        0            0.0            0.8      0.0      0.0      0.0      0.0 delivery
     16s        0            4.0            6.8    251.7   7784.6   7784.6   7784.6 newOrder
     16s        0            0.0            0.9      0.0      0.0      0.0      0.0 orderStatus
     16s        0            1.0            5.4   6979.3   6979.3   6979.3   6979.3 payment
     16s        0            0.0            1.0      0.0      0.0      0.0      0.0 stockLevel
_elapsed___errors__ops/sec(inst)___ops/sec(cum)__p50(ms)__p95(ms)__p99(ms)_pMax(ms)
     17s        0            0.0            0.8      0.0      0.0      0.0      0.0 delivery
     17s        0           13.0            7.2   3489.7   4831.8   5100.3   5100.3 newOrder
     17s        0            0.0            0.9      0.0      0.0      0.0      0.0 orderStatus
     17s        0           12.0            5.8    243.3  14495.5  15032.4  15032.4 payment
     17s        0            1.0            1.0   1342.2   1342.2   1342.2   1342.2 stockLevel
     18s        0            3.0            0.9    637.5    771.8    771.8    771.8 delivery
     18s        0           12.0            7.4    302.0  10737.4  16643.0  16643.0 newOrder
     18s        0            2.0            0.9     79.7    113.2    113.2    113.2 orderStatus
     18s        0            6.0            5.8    125.8    486.5    486.5    486.5 payment
     18s        0            1.0            1.0    604.0    604.0    604.0    604.0 stockLevel
     19s        0            1.0            0.9    419.4    419.4    419.4    419.4 delivery
     19s        0            8.0            7.5    234.9   7247.8   7247.8   7247.8 newOrder
     19s        0            1.0            0.9     65.0     65.0     65.0     65.0 orderStatus
     19s        0            8.0            5.9    520.1  16643.0  16643.0  16643.0 payment
     19s        0            2.0            1.1     88.1    130.0    130.0    130.0 stockLevel
     20s        0            2.0            1.0    419.4   1275.1   1275.1   1275.1 delivery
     20s        0           13.0            7.8    906.0  18253.6  18253.6  18253.6 newOrder
     20s        0            3.0            1.1    130.0    176.2    176.2    176.2 orderStatus
     20s        0           14.0            6.3    352.3  10200.5  11274.3  11274.3 payment
     20s        0            0.0            1.0      0.0      0.0      0.0      0.0 stockLevel
_elapsed___errors__ops/sec(inst)___ops/sec(cum)__p50(ms)__p95(ms)__p99(ms)_pMax(ms)
     21s        0            0.0            0.9      0.0      0.0      0.0      0.0 delivery
     21s        0            3.0            7.5   3221.2   6174.0   6174.0   6174.0 newOrder
     21s        0            1.0            1.0    113.2    113.2    113.2    113.2 orderStatus
     21s        0            6.0            6.3    637.5   5368.7   5368.7   5368.7 payment
     21s        0            0.0            1.0      0.0      0.0      0.0      0.0 stockLevel
     22s        0            0.0            0.9      0.0      0.0      0.0      0.0 delivery
     22s        0           12.0            7.7    302.0   6979.3   9126.8   9126.8 newOrder
     22s        0            1.0            1.0     96.5     96.5     96.5     96.5 orderStatus
     22s        0            4.0            6.2    151.0  12348.0  12348.0  12348.0 payment
     22s        0            0.0            0.9      0.0      0.0      0.0      0.0 stockLevel
     23s        0            1.0            0.9    385.9    385.9    385.9    385.9 delivery
     23s        0            7.0            7.7   5100.3  18253.6  18253.6  18253.6 newOrder
     23s        0            0.0            1.0      0.0      0.0      0.0      0.0 orderStatus
     23s        0           14.0            6.5    192.9  16643.0  19327.4  19327.4 payment
     23s        0            2.0            1.0    142.6    176.2    176.2    176.2 stockLevel
     24s        0            1.0            0.9    419.4    419.4    419.4    419.4 delivery
     24s        0           17.0            8.1    285.2  16643.0  22548.6  22548.6 newOrder
     24s        0            1.0            1.0     92.3     92.3     92.3     92.3 orderStatus
     24s        0           14.0            6.8    142.6  10200.5  11274.3  11274.3 payment
     24s        0            1.0            1.0     79.7     79.7     79.7     79.7 stockLevel
_elapsed___errors__ops/sec(inst)___ops/sec(cum)__p50(ms)__p95(ms)__p99(ms)_pMax(ms)
     25s        0            1.0            0.9    402.7    402.7    402.7    402.7 delivery
     25s        0           17.0            8.4    771.8   9663.7  12884.9  12884.9 newOrder
     25s        0            0.0            1.0      0.0      0.0      0.0      0.0 orderStatus
     25s        0           20.0            7.4    142.6   6710.9  11274.3  11274.3 payment
     25s        0            0.0            0.9      0.0      0.0      0.0      0.0 stockLevel
     26s        0            0.0            0.8      0.0      0.0      0.0      0.0 delivery
     26s        0           10.0            8.5    520.1   1342.2   1342.2   1342.2 newOrder
     26s        0            0.0            0.9      0.0      0.0      0.0      0.0 orderStatus
     26s        0            5.0            7.3    285.2    385.9    385.9    385.9 payment
     26s        0            1.0            0.9    121.6    121.6    121.6    121.6 stockLevel
     27s        0            1.0            0.9    453.0    453.0    453.0    453.0 delivery
     27s        0           14.0            8.7   1409.3   1811.9  18253.6  18253.6 newOrder
     27s        0            1.0            0.9     96.5     96.5     96.5     96.5 orderStatus
     27s        0           13.0            7.5    453.0   6710.9  11274.3  11274.3 payment
     27s        0            2.0            1.0    134.2    704.6    704.6    704.6 stockLevel
     28s        0            1.0            0.9    436.2    436.2    436.2    436.2 delivery
     28s        0           12.0            8.8    226.5   5905.6  24696.1  24696.1 newOrder
     28s        0            2.0            1.0     65.0     92.3     92.3     92.3 orderStatus
     28s        0           16.0            7.8    134.2  17179.9  21474.8  21474.8 payment
     28s        0            1.0            1.0    104.9    104.9    104.9    104.9 stockLevel
_elapsed___errors__ops/sec(inst)___ops/sec(cum)__p50(ms)__p95(ms)__p99(ms)_pMax(ms)
     29s        0            2.0            0.9    536.9    604.0    604.0    604.0 delivery
     29s        0           16.0            9.1    419.4  16643.0  21474.8  21474.8 newOrder
     29s        0            1.0            1.0    109.1    109.1    109.1    109.1 orderStatus
     29s        0            9.0            7.8    117.4  21474.8  21474.8  21474.8 payment
     29s        0            0.0            0.9      0.0      0.0      0.0      0.0 stockLevel
     30s        0            3.0            1.0    486.5    570.4    570.4    570.4 delivery
     30s        0           10.0            9.1    352.3  18253.6  18253.6  18253.6 newOrder
     30s        0            1.0            1.0     75.5     75.5     75.5     75.5 orderStatus
     30s        0           15.0            8.1    121.6    872.4  10737.4  10737.4 payment
     30s        0            2.0            1.0     79.7   2684.4   2684.4   2684.4 stockLevel
     31s        0            0.0            0.9      0.0      0.0      0.0      0.0 delivery
     31s        0            5.0            9.0    335.5    973.1    973.1    973.1 newOrder
     31s        0            0.0            0.9      0.0      0.0      0.0      0.0 orderStatus
     31s        0            6.0            8.0    209.7   4026.5   4026.5   4026.5 payment
     31s        0            1.0            1.0     96.5     96.5     96.5     96.5 stockLevel
     32s        0            3.0            1.0   1409.3   1946.2   1946.2   1946.2 delivery
     32s        0           13.0            9.1   1476.4  13958.6  15569.3  15569.3 newOrder
     32s        0            3.0            1.0     75.5    134.2    134.2    134.2 orderStatus
     32s        0           17.0            8.3    167.8   3355.4  12348.0  12348.0 payment
     32s        0            2.0            1.0     71.3    142.6    142.6    142.6 stockLevel
_elapsed___errors__ops/sec(inst)___ops/sec(cum)__p50(ms)__p95(ms)__p99(ms)_pMax(ms)
     33s        0            0.0            1.0      0.0      0.0      0.0      0.0 delivery
     33s        0           12.0            9.2   1476.4   4831.8   4831.8   4831.8 newOrder
     33s        0            1.0            1.0     71.3     71.3     71.3     71.3 orderStatus
     33s        0           22.0            8.7    486.5  30064.8  32212.3  32212.3 payment
     33s        0            0.0            1.0      0.0      0.0      0.0      0.0 stockLevel
     34s        0            0.0            0.9      0.0      0.0      0.0      0.0 delivery
     34s        0           19.0            9.5   1342.2   2080.4   7516.2   7516.2 newOrder
     34s        0            0.0            1.0      0.0      0.0      0.0      0.0 orderStatus
     34s        0           22.0            9.1    151.0  14495.5  16106.1  16106.1 payment
     34s        0            2.0            1.0     96.5    151.0    151.0    151.0 stockLevel
     35s        0            2.0            1.0    369.1    369.1    369.1    369.1 delivery
     35s        0           11.0            9.5    570.4   1275.1   1879.0   1879.0 newOrder
     35s        0            0.0            0.9      0.0      0.0      0.0      0.0 orderStatus
     35s        0            7.0            9.0   1006.6  30064.8  30064.8  30064.8 payment
     35s        0            0.0            1.0      0.0      0.0      0.0      0.0 stockLevel
     36s        0            2.0            1.0    805.3   1543.5   1543.5   1543.5 delivery
     36s        0            6.0            9.4    302.0    570.4    570.4    570.4 newOrder
     36s        0            4.0            1.0    100.7    151.0    151.0    151.0 orderStatus
     36s        0           17.0            9.3   1409.3  13421.8  15032.4  15032.4 payment
     36s        0            2.0            1.0    125.8    130.0    130.0    130.0 stockLevel
_elapsed___errors__ops/sec(inst)___ops/sec(cum)__p50(ms)__p95(ms)__p99(ms)_pMax(ms)
     37s        0            2.0            1.0    520.1    570.4    570.4    570.4 delivery
     37s        0           11.0            9.5    402.7  14495.5  26843.5  26843.5 newOrder
     37s        0            2.0            1.1     88.1     88.1     88.1     88.1 orderStatus
     37s        0           17.0            9.5    226.5   4295.0  13421.8  13421.8 payment
     37s        0            3.0            1.1    134.2    167.8    167.8    167.8 stockLevel
     38s        0            1.0            1.0    453.0    453.0    453.0    453.0 delivery
     38s        0           12.0            9.5    251.7    939.5   1073.7   1073.7 newOrder
     38s        0            1.0            1.1     71.3     71.3     71.3     71.3 orderStatus
     38s        0            9.0            9.4    159.4  24696.1  24696.1  24696.1 payment
     38s        0            2.0            1.1    570.4   3623.9   3623.9   3623.9 stockLevel
     39s        0            2.0            1.1    486.5    503.3    503.3    503.3 delivery
     39s        0           11.0            9.6    402.7   5905.6  14495.5  14495.5 newOrder
     39s        0            0.0            1.0      0.0      0.0      0.0      0.0 orderStatus
     39s        0           11.0            9.5    142.6   5368.7   6710.9   6710.9 payment
     39s        0            0.0            1.1      0.0      0.0      0.0      0.0 stockLevel
     40s        0            1.0            1.1    486.5    486.5    486.5    486.5 delivery
     40s        0           19.0            9.8    402.7   5100.3   7784.6   7784.6 newOrder
     40s        0            1.0            1.0     79.7     79.7     79.7     79.7 orderStatus
     40s        0            6.0            9.4    151.0  36507.2  36507.2  36507.2 payment
     40s        0            1.0            1.1    130.0    130.0    130.0    130.0 stockLevel
_elapsed___errors__ops/sec(inst)___ops/sec(cum)__p50(ms)__p95(ms)__p99(ms)_pMax(ms)
     41s        0            0.0            1.0      0.0      0.0      0.0      0.0 delivery
     41s        0           14.0            9.9    469.8   5100.3   9126.8   9126.8 newOrder
     41s        0            1.0            1.0    234.9    234.9    234.9    234.9 orderStatus
     41s        0           10.0            9.4    302.0  20401.1  20401.1  20401.1 payment
     41s        0            1.0            1.0    104.9    104.9    104.9    104.9 stockLevel
     42s        0            1.0            1.0    369.1    369.1    369.1    369.1 delivery
     42s        0           13.0           10.0    302.0   5100.3   5100.3   5100.3 newOrder
     42s        0            1.0            1.0    151.0    151.0    151.0    151.0 orderStatus
     42s        0           11.0            9.5    771.8   5100.3   5905.6   5905.6 payment
     42s        0            1.0            1.0   3489.7   3489.7   3489.7   3489.7 stockLevel
     43s        0            2.0            1.0    402.7    973.1    973.1    973.1 delivery
     43s        0            8.0            9.9    352.3  24696.1  24696.1  24696.1 newOrder
     43s        0            1.0            1.0     83.9     83.9     83.9     83.9 orderStatus
     43s        0           13.0            9.5    151.0  16106.1  19327.4  19327.4 payment
     43s        0            1.0            1.0    704.6    704.6    704.6    704.6 stockLevel
     44s        0            2.0            1.1    469.8   1409.3   1409.3   1409.3 delivery
     44s        0           15.0           10.0    318.8   7516.2  10200.5  10200.5 newOrder
     44s        0            0.0            1.0      0.0      0.0      0.0      0.0 orderStatus
     44s        0           13.0            9.6    159.4    192.9   1342.2   1342.2 payment
     44s        0            0.0            1.0      0.0      0.0      0.0      0.0 stockLevel
_elapsed___errors__ops/sec(inst)___ops/sec(cum)__p50(ms)__p95(ms)__p99(ms)_pMax(ms)
     45s        0            0.0            1.0      0.0      0.0      0.0      0.0 delivery
     45s        0           11.0           10.1    268.4    939.5   3892.3   3892.3 newOrder
     45s        0            1.0            1.0     88.1     88.1     88.1     88.1 orderStatus
     45s        0           17.0            9.8    285.2  10200.5  30064.8  30064.8 payment
     45s        0            0.0            1.0      0.0      0.0      0.0      0.0 stockLevel
     46s        0            2.0            1.1    385.9    520.1    520.1    520.1 delivery
     46s        0           11.0           10.1    251.7    671.1   8589.9   8589.9 newOrder
     46s        0            3.0            1.0     75.5     83.9     83.9     83.9 orderStatus
     46s        0           11.0            9.8    260.0   1476.4   2952.8   2952.8 payment
     46s        0            1.0            1.0    142.6    142.6    142.6    142.6 stockLevel
     47s        0            3.0            1.1    503.3    520.1    520.1    520.1 delivery
     47s        0           14.0           10.2    285.2   1677.7  10737.4  10737.4 newOrder
     47s        0            0.0            1.0      0.0      0.0      0.0      0.0 orderStatus
     47s        0           11.0            9.8    192.9   6174.0   7516.2   7516.2 payment
     47s        0            1.0            1.0    151.0    151.0    151.0    151.0 stockLevel
     48s        0            1.0            1.1    570.4    570.4    570.4    570.4 delivery
     48s        0           12.0           10.2    318.8   1140.9   9126.8   9126.8 newOrder
     48s        0            0.0            1.0      0.0      0.0      0.0      0.0 orderStatus
     48s        0           12.0            9.9    192.9   1140.9   2013.3   2013.3 payment
     48s        0            1.0            1.0    109.1    109.1    109.1    109.1 stockLevel
_elapsed___errors__ops/sec(inst)___ops/sec(cum)__p50(ms)__p95(ms)__p99(ms)_pMax(ms)
     49s        0            0.0            1.1      0.0      0.0      0.0      0.0 delivery
     49s        0           16.0           10.3    209.7  10200.5  38654.7  38654.7 newOrder
     49s        0            1.0            1.0    100.7    100.7    100.7    100.7 orderStatus
     49s        0           22.0           10.1    142.6  16643.0  36507.2  36507.2 payment
     49s        0            1.0            1.0    302.0    302.0    302.0    302.0 stockLevel
     50s        0            2.0            1.1    436.2    671.1    671.1    671.1 delivery
     50s        0           10.0           10.3    234.9  31138.5  31138.5  31138.5 newOrder
     50s        0            2.0            1.0     75.5    159.4    159.4    159.4 orderStatus
     50s        0           11.0           10.1    201.3  11811.2  18253.6  18253.6 payment
     50s        0            1.0            1.0    352.3    352.3    352.3    352.3 stockLevel
     51s        0            0.0            1.1      0.0      0.0      0.0      0.0 delivery
     51s        0           12.0           10.4    436.2    771.8   1275.1   1275.1 newOrder
     51s        0            1.0            1.0     83.9     83.9     83.9     83.9 orderStatus
     51s        0            7.0           10.1    369.1   1677.7   1677.7   1677.7 payment
     51s        0            1.0            1.0    142.6    142.6    142.6    142.6 stockLevel
     52s        0            1.0            1.1    604.0    604.0    604.0    604.0 delivery
     52s        0            8.0           10.3    369.1  19327.4  19327.4  19327.4 newOrder
     52s        0            1.0            1.0     71.3     71.3     71.3     71.3 orderStatus
     52s        0            9.0           10.1    125.8   1610.6   1610.6   1610.6 payment
     52s        0            1.0            1.0    125.8    125.8    125.8    125.8 stockLevel
_elapsed___errors__ops/sec(inst)___ops/sec(cum)__p50(ms)__p95(ms)__p99(ms)_pMax(ms)
     53s        0            0.0            1.1      0.0      0.0      0.0      0.0 delivery
     53s        0            8.0           10.3    385.9  16106.1  16106.1  16106.1 newOrder
     53s        0            2.0            1.0     71.3    142.6    142.6    142.6 orderStatus
     53s        0           15.0           10.2    285.2  25769.8  51539.6  51539.6 payment
     53s        0            2.0            1.0   3623.9   4831.8   4831.8   4831.8 stockLevel
     54s        0            1.0            1.1    469.8    469.8    469.8    469.8 delivery
     54s        0           18.0           10.4   1208.0   6710.9  20401.1  20401.1 newOrder
     54s        0            3.0            1.1    121.6    125.8    125.8    125.8 orderStatus
     54s        0           13.0           10.2    184.5   6442.5  15569.3  15569.3 payment
     54s        0            0.0            1.0      0.0      0.0      0.0      0.0 stockLevel
     55s        0            4.0            1.1    453.0    520.1    520.1    520.1 delivery
     55s        0           13.0           10.5    243.3   1140.9   1811.9   1811.9 newOrder
     55s        0            1.0            1.1    142.6    142.6    142.6    142.6 orderStatus
     55s        0           13.0           10.3    184.5    704.6   6442.5   6442.5 payment
     55s        0            1.0            1.0     79.7     79.7     79.7     79.7 stockLevel
     56s        0            1.0            1.1    973.1    973.1    973.1    973.1 delivery
     56s        0            4.0           10.3   1006.6   6979.3   6979.3   6979.3 newOrder
     56s        0            0.0            1.1      0.0      0.0      0.0      0.0 orderStatus
     56s        0           11.0           10.3    176.2   1208.0  22548.6  22548.6 payment
     56s        0            2.0            1.0     92.3    113.2    113.2    113.2 stockLevel
_elapsed___errors__ops/sec(inst)___ops/sec(cum)__p50(ms)__p95(ms)__p99(ms)_pMax(ms)
     57s        0            1.0            1.1    469.8    469.8    469.8    469.8 delivery
     57s        0            8.0           10.3    285.2   2013.3   2013.3   2013.3 newOrder
     57s        0            0.0            1.0      0.0      0.0      0.0      0.0 orderStatus
     57s        0           11.0           10.3    285.2  22548.6  47244.6  47244.6 payment
     57s        0            2.0            1.0     83.9    117.4    117.4    117.4 stockLevel
     58s        0            0.0            1.1      0.0      0.0      0.0      0.0 delivery
     58s        0            8.0           10.3    838.9   2684.4   2684.4   2684.4 newOrder
     58s        0            1.0            1.0     75.5     75.5     75.5     75.5 orderStatus
     58s        0            6.0           10.2    704.6    872.4    872.4    872.4 payment
     58s        0            1.0            1.0    134.2    134.2    134.2    134.2 stockLevel
     59s        0            1.0            1.1    218.1    218.1    218.1    218.1 delivery
     59s        0           16.0           10.4    352.3   1275.1   1476.4   1476.4 newOrder
     59s        0            3.0            1.1    109.1    234.9    234.9    234.9 orderStatus
     59s        0            8.0           10.2    453.0  27917.3  27917.3  27917.3 payment
     59s        0            0.0            1.0      0.0      0.0      0.0      0.0 stockLevel
    1m0s        0            0.0            1.1      0.0      0.0      0.0      0.0 delivery
    1m0s        0            1.0           10.2    369.1    369.1    369.1    369.1 newOrder
    1m0s        0            0.0            1.1      0.0      0.0      0.0      0.0 orderStatus
    1m0s        0            2.0           10.0     37.7     92.3     92.3     92.3 payment
    1m0s        0            1.0            1.0     83.9     83.9     83.9     83.9 stockLevel

_elapsed___errors_____ops(total)___ops/sec(cum)__avg(ms)__p50(ms)__p95(ms)__p99(ms)_pMax(ms)__total
   60.0s        0             64            1.1    672.2    503.3   1543.5   2281.7   2818.6  delivery
   60.0s        0            612           10.2   2293.9    385.9  10737.4  22548.6  38654.7  newOrder
   60.0s        0             63            1.1    111.7     96.5    234.9    318.8    385.9  orderStatus
   60.0s        0            602           10.0   2632.0    201.3  15032.4  30064.8  51539.6  payment
   60.0s        0             61            1.0    574.7    134.2   3489.7   3623.9   4831.8  stockLevel

_elapsed___errors_____ops(total)___ops/sec(cum)__avg(ms)__p50(ms)__p95(ms)__p99(ms)_pMax(ms)__result
   60.0s        0           1402           23.4   2192.2    318.8  12884.9  24696.1  51539.6  
Audit check 9.2.1.7: SKIP: not enough delivery transactions to be statistically significant
Audit check 9.2.2.5.1: SKIP: not enough orders to be statistically significant
Audit check 9.2.2.5.2: SKIP: not enough orders to be statistically significant
Audit check 9.2.2.5.3: SKIP: not enough orders to be statistically significant
Audit check 9.2.2.5.4: SKIP: not enough payments to be statistically significant
Audit check 9.2.2.5.5: SKIP: not enough payments to be statistically significant
Audit check 9.2.2.5.6: SKIP: not enough order status transactions to be statistically significant

_elapsed_______tpmC____efc__avg(ms)__p50(ms)__p90(ms)__p95(ms)__p99(ms)_pMax(ms)
   60.0s      612.0 475.9%   2293.9    385.9   6979.3  10737.4  22548.6  38654.7
