Initializing 300 connections...
Initializing 100 workers and preparing statements...
_elapsed___errors__ops/sec(inst)___ops/sec(cum)__p50(ms)__p95(ms)__p99(ms)_pMax(ms)
      1s        0            1.3            3.0     92.3    159.4    159.4    159.4 delivery
      1s        0           18.8           45.0     60.8    125.8    142.6    142.6 newOrder
      1s        0            1.3            3.0      8.4     46.1     46.1     46.1 orderStatus
      1s        0           18.0           43.0     25.2     65.0     75.5     75.5 payment
      1s        0            2.5            6.0     33.6     52.4     52.4     52.4 stockLevel
      2s        0            7.0            5.0    260.0    469.8    469.8    469.8 delivery
      2s        0           42.0           43.5    167.8    318.8    352.3    352.3 newOrder
      2s        0            5.0            4.0     19.9     96.5     96.5     96.5 orderStatus
      2s        0           40.0           41.5     88.1    243.3    503.3    503.3 payment
      2s        0            2.0            4.0     88.1    167.8    167.8    167.8 stockLevel
      3s        0            5.0            5.0    226.5    260.0    260.0    260.0 delivery
      3s        0           56.0           47.7    142.6    318.8    469.8    503.3 newOrder
      3s        0            6.0            4.7     19.9     37.7     37.7     37.7 orderStatus
      3s        0           61.0           48.0     75.5    536.9    637.5    671.1 payment
      3s        0           10.0            6.0     71.3    243.3    243.3    243.3 stockLevel
      4s        0            4.0            4.7    184.5    268.4    268.4    268.4 delivery
      4s        0           63.0           51.5    121.6    570.4    637.5    738.2 newOrder
      4s        0           10.0            6.0     13.6     92.3     92.3     92.3 orderStatus
      4s        0           57.0           50.2     83.9    906.0    939.5   1040.2 payment
      4s        0            7.0            6.2     75.5    176.2    176.2    176.2 stockLevel
_elapsed___errors__ops/sec(inst)___ops/sec(cum)__p50(ms)__p95(ms)__p99(ms)_pMax(ms)
      5s        0            6.0            5.0    285.2    503.3    503.3    503.3 delivery
      5s        0           47.0           50.6    335.5    704.6   1040.2   1040.2 newOrder
      5s        0            3.0            5.4     29.4     46.1     46.1     46.1 orderStatus
      5s        0           40.0           48.2    192.9   1342.2   1610.6   1610.6 payment
      5s        0            4.0            5.8    159.4    385.9    385.9    385.9 stockLevel
      6s        0            5.0            5.0    218.1    302.0    302.0    302.0 delivery
      6s        0           54.0           51.2    243.3   1140.9   1342.2   1342.2 newOrder
      6s        0            5.0            5.3     15.2     39.8     39.8     39.8 orderStatus
      6s        0           40.0           46.8    159.4   2013.3   2684.4   2684.4 payment
      6s        0            5.0            5.7     67.1     83.9     83.9     83.9 stockLevel
      7s        0            8.0            5.4    167.8    671.1    671.1    671.1 delivery
      7s        0           53.0           51.4    243.3    671.1    805.3   1744.8 newOrder
      7s        0            5.0            5.3     13.6     28.3     28.3     28.3 orderStatus
      7s        0           55.0           48.0    268.4   1946.2   2684.4   3623.9 payment
      7s        0            4.0            5.4     54.5    201.3    201.3    201.3 stockLevel
      8s        0            5.0            5.4    503.3    838.9    838.9    838.9 delivery
      8s        0           43.0           50.4    335.5   1073.7   2415.9   2415.9 newOrder
      8s        0            6.0            5.4     24.1     48.2     48.2     48.2 orderStatus
      8s        0           48.0           48.0    419.4   4026.5   5100.3   5100.3 payment
      8s        0            3.0            5.1     75.5    184.5    184.5    184.5 stockLevel
_elapsed___errors__ops/sec(inst)___ops/sec(cum)__p50(ms)__p95(ms)__p99(ms)_pMax(ms)
      9s        0            7.0            5.6    151.0    302.0    302.0    302.0 delivery
      9s        0           45.9           49.9    302.0   1543.5   1744.8   1744.8 newOrder
      9s        0            3.0            5.1     13.1     39.8     39.8     39.8 orderStatus
      9s        0           43.9           47.6    385.9   3221.2   5368.7   5368.7 payment
      9s        0            6.0            5.2     56.6   2013.3   2013.3   2013.3 stockLevel
     10s        0            5.0            5.5    209.7    402.7    402.7    402.7 delivery
     10s        0           50.1           49.9    352.3   1140.9   1879.0   1879.0 newOrder
     10s        0            7.0            5.3     21.0     44.0     44.0     44.0 orderStatus
     10s        0           56.1           48.4    251.7   2818.6   4563.4   5637.1 payment
     10s        0            5.0            5.2     96.5    453.0    453.0    453.0 stockLevel
_elapsed___errors__ops/sec(inst)___ops/sec(cum)__p50(ms)__p95(ms)__p99(ms)_pMax(ms)
      1s        0            3.0            3.0    268.4    671.1    671.1    671.1 delivery
      1s        0           27.0           27.0    142.6    503.3    637.5    637.5 newOrder
      1s        0            5.0            5.0     25.2     58.7     58.7     58.7 orderStatus
      1s        0           26.0           26.0     83.9    704.6    838.9    838.9 payment
      1s        0            4.0            4.0     48.2    104.9    104.9    104.9 stockLevel
      2s        0            7.0            5.0    167.8    436.2    436.2    436.2 delivery
      2s        0           40.0           33.5    302.0    973.1   1140.9   1140.9 newOrder
      2s        0            6.0            5.5     21.0     37.7     37.7     37.7 orderStatus
      2s        0           38.0           32.0     96.5   1409.3   1811.9   1811.9 payment
      2s        0            5.0            4.5     50.3    419.4    419.4    419.4 stockLevel
      3s        0            5.0            5.0    130.0    167.8    167.8    167.8 delivery
      3s        0           62.0           43.0    302.0   1275.1   1811.9   2147.5 newOrder
      3s        0            9.0            6.7     17.8     39.8     39.8     39.8 orderStatus
      3s        0           47.0           37.0    176.2   1610.6   2281.7   2281.7 payment
      3s        0            5.0            4.7     67.1    192.9    192.9    192.9 stockLevel
      4s        0            3.0            4.5    142.6    218.1    218.1    218.1 delivery
      4s        0           59.0           47.0    285.2   1409.3   2818.6   3892.3 newOrder
      4s        0            6.0            6.5     11.0     48.2     48.2     48.2 orderStatus
      4s        0           55.0           41.5    260.0   1275.1   2415.9   2818.6 payment
      4s        0            3.0            4.3     50.3     96.5     96.5     96.5 stockLevel
_elapsed___errors__ops/sec(inst)___ops/sec(cum)__p50(ms)__p95(ms)__p99(ms)_pMax(ms)
      5s        0            9.0            5.4    151.0    251.7    251.7    251.7 delivery
      5s        0           61.0           49.8    121.6   1811.9   2147.5   2952.8 newOrder
      5s        0            6.0            6.4     10.5     25.2     25.2     25.2 orderStatus
      5s        0           57.0           44.6    184.5   2818.6   3623.9   4563.4 payment
      5s        0            5.0            4.4     52.4    285.2    285.2    285.2 stockLevel
      6s        0            6.0            5.5    142.6    285.2    285.2    285.2 delivery
      6s        0           51.0           50.0    130.0    872.4   1073.7   2415.9 newOrder
      6s        0            4.0            6.0     11.0     12.6     12.6     12.6 orderStatus
      6s        0           54.0           46.2     67.1   2952.8   4160.7   4295.0 payment
      6s        0            7.0            4.8     75.5    302.0    302.0    302.0 stockLevel
      7s        0            4.0            5.3    109.1    184.5    184.5    184.5 delivery
      7s        0           73.0           53.3    134.2   1342.2   2952.8   3087.0 newOrder
      7s        0            6.0            6.0      8.9     16.3     16.3     16.3 orderStatus
      7s        0           51.0           46.9     75.5   3221.2   3623.9   3758.1 payment
      7s        0            1.0            4.3     46.1     46.1     46.1     46.1 stockLevel
      8s        0            5.0            5.3    159.4    570.4    570.4    570.4 delivery
      8s        0           57.0           53.8    109.1    906.0   1006.6   1946.2 newOrder
      8s        0            5.0            5.9     12.1     29.4     29.4     29.4 orderStatus
      8s        0           60.0           48.5     79.7   3489.7   5905.6   6710.9 payment
      8s        0           13.0            5.4     39.8    285.2    385.9    385.9 stockLevel
_elapsed___errors__ops/sec(inst)___ops/sec(cum)__p50(ms)__p95(ms)__p99(ms)_pMax(ms)
      9s        0            5.0            5.2    167.8    503.3    503.3    503.3 delivery
      9s        0           67.0           55.2    117.4   3355.4   5100.3   6979.3 newOrder
      9s        0            6.0            5.9     11.5     16.3     16.3     16.3 orderStatus
      9s        0           66.0           50.5     52.4   3892.3   5637.1   8053.1 payment
      9s        0            6.0            5.4     48.2    176.2    176.2    176.2 stockLevel
     10s        0            9.0            5.6    113.2    209.7    209.7    209.7 delivery
     10s        0           54.0           55.1     83.9    637.5    838.9   5368.7 newOrder
     10s        0            6.0            5.9     10.0     14.7     14.7     14.7 orderStatus
     10s        0           46.0           50.0     44.0   1543.5   3087.0   3087.0 payment
     10s        0            7.0            5.6     44.0     67.1     67.1     67.1 stockLevel
     11s        0            5.0            5.5    125.8    130.0    130.0    130.0 delivery
     11s        0           61.0           55.6     83.9   1409.3   3355.4   3355.4 newOrder
     11s        0            8.0            6.1     13.1     23.1     23.1     23.1 orderStatus
     11s        0           78.0           52.6     48.2   3892.3   7784.6   9663.7 payment
     11s        0            8.0            5.8     27.3    104.9    104.9    104.9 stockLevel
     12s        0            6.0            5.6     83.9    104.9    104.9    104.9 delivery
     12s        0           64.0           56.3     75.5    906.0   2080.4   3758.1 newOrder
     12s        0           11.0            6.5      8.9     17.8     30.4     30.4 orderStatus
     12s        0           59.0           53.1     31.5   5100.3   6174.0   6710.9 payment
     12s        0            3.0            5.6     30.4     32.5     32.5     32.5 stockLevel
_elapsed___errors__ops/sec(inst)___ops/sec(cum)__p50(ms)__p95(ms)__p99(ms)_pMax(ms)
     13s        0            7.0            5.7    142.6    192.9    192.9    192.9 delivery
     13s        0           63.0           56.9     54.5    973.1   3489.7   3489.7 newOrder
     13s        0            3.0            6.2      5.8     14.7     14.7     14.7 orderStatus
     13s        0           81.0           55.2     32.5   3355.4   4831.8   6442.5 payment
     13s        0            7.0            5.7     33.6     56.6     56.6     56.6 stockLevel
     14s        0            7.0            5.8     75.5    113.2    113.2    113.2 delivery
     14s        0           81.0           58.6     39.8   1543.5   4295.0   8053.1 newOrder
     14s        0            7.0            6.3      6.8     10.5     10.5     10.5 orderStatus
     14s        0           58.0           55.4     17.8     60.8     65.0     92.3 payment
     14s        0            7.0            5.8     16.8     19.9     19.9     19.9 stockLevel
     15s        0            2.0            5.5     58.7     71.3     71.3     71.3 delivery
     15s        0           76.0           59.7     62.9   2281.7   3087.0   6174.0 newOrder
     15s        0            4.0            6.1      8.9     14.2     14.2     14.2 orderStatus
     15s        0           64.0           56.0     39.8   1543.5   6174.0   6174.0 payment
     15s        0            5.0            5.7     24.1    117.4    117.4    117.4 stockLevel
     16s        0           11.0            5.9     83.9    192.9    369.1    369.1 delivery
     16s        0           68.0           60.3     52.4    335.5   1208.0   2684.4 newOrder
     16s        0            8.0            6.3      6.8     11.5     11.5     11.5 orderStatus
     16s        0           72.0           57.0     26.2    117.4    243.3   8321.5 payment
     16s        0            4.0            5.6     26.2     71.3     71.3     71.3 stockLevel
_elapsed___errors__ops/sec(inst)___ops/sec(cum)__p50(ms)__p95(ms)__p99(ms)_pMax(ms)
     17s        0            1.0            5.6     62.9     62.9     62.9     62.9 delivery
     17s        0           17.0           57.7     37.7     46.1     54.5     54.5 newOrder
     17s        0            1.0            5.9     10.5     10.5     10.5     10.5 orderStatus
     17s        0           14.0           54.5     18.9     27.3     33.6     33.6 payment
     17s        0            4.0            5.5     16.3     24.1     24.1     24.1 stockLevel
     18s        0            0.0            5.3      0.0      0.0      0.0      0.0 delivery
     18s        0            0.0           54.5      0.0      0.0      0.0      0.0 newOrder
     18s        0            0.0            5.6      0.0      0.0      0.0      0.0 orderStatus
     18s        0            0.0           51.4      0.0      0.0      0.0      0.0 payment
     18s        0            0.0            5.2      0.0      0.0      0.0      0.0 stockLevel
     19s        0            0.0            5.0      0.0      0.0      0.0      0.0 delivery
     19s        0            0.0           51.6      0.0      0.0      0.0      0.0 newOrder
     19s        0            0.0            5.3      0.0      0.0      0.0      0.0 orderStatus
     19s        0            0.0           48.7      0.0      0.0      0.0      0.0 payment
     19s        0            0.0            4.9      0.0      0.0      0.0      0.0 stockLevel
     20s        0            0.0            4.8      0.0      0.0      0.0      0.0 delivery
     20s        0            0.0           49.1      0.0      0.0      0.0      0.0 newOrder
     20s        0            0.0            5.1      0.0      0.0      0.0      0.0 orderStatus
     20s        0            0.0           46.3      0.0      0.0      0.0      0.0 payment
     20s        0            0.0            4.7      0.0      0.0      0.0      0.0 stockLevel
_elapsed___errors__ops/sec(inst)___ops/sec(cum)__p50(ms)__p95(ms)__p99(ms)_pMax(ms)
     21s        0            4.0            4.7     67.1    104.9    104.9    104.9 delivery
     21s        0           45.0           48.9     62.9   5368.7   5637.1   5637.1 newOrder
     21s        0            6.0            5.1      7.6     15.7     15.7     15.7 orderStatus
     21s        0           57.0           46.8     35.7   7784.6  11274.3  16106.1 payment
     21s        0            5.0            4.7     35.7   5368.7   5368.7   5368.7 stockLevel
     22s        0            6.0            4.8     75.5    192.9    192.9    192.9 delivery
     22s        0           57.0           49.2     52.4     83.9     88.1    100.7 newOrder
     22s        0            7.0            5.2      8.1     10.5     10.5     10.5 orderStatus
     22s        0           70.0           47.9     25.2  19327.4  19327.4  19327.4 payment
     22s        0            6.0            4.8     31.5     67.1     67.1     67.1 stockLevel
     23s        0            5.0            4.8     79.7    109.1    109.1    109.1 delivery
     23s        0           60.0           49.7     46.1    113.2    142.6    604.0 newOrder
     23s        0            8.0            5.3      6.8     12.1     12.1     12.1 orderStatus
     23s        0           61.0           48.4     18.9  16106.1  16106.1  19327.4 payment
     23s        0            5.0            4.8     19.9     48.2     48.2     48.2 stockLevel
     24s        0            8.0            4.9     67.1     83.9     83.9     83.9 delivery
     24s        0           48.0           49.6     44.0   2415.9   2550.1   2550.1 newOrder
     24s        0            7.0            5.4      5.8     10.5     10.5     10.5 orderStatus
     24s        0           46.0           48.3     18.9  12348.0  15569.3  15569.3 payment
     24s        0            3.0            4.7     21.0     32.5     32.5     32.5 stockLevel
_elapsed___errors__ops/sec(inst)___ops/sec(cum)__p50(ms)__p95(ms)__p99(ms)_pMax(ms)
     25s        0            0.0            4.7      0.0      0.0      0.0      0.0 delivery
     25s        0            0.0           47.6      0.0      0.0      0.0      0.0 newOrder
     25s        0            0.0            5.2      0.0      0.0      0.0      0.0 orderStatus
     25s        0            0.0           46.4      0.0      0.0      0.0      0.0 payment
     25s        0            0.0            4.5      0.0      0.0      0.0      0.0 stockLevel
     26s        0            5.0            4.7     92.3    151.0    151.0    151.0 delivery
     26s        0           44.0           47.5     96.5   4160.7   4831.8   4831.8 newOrder
     26s        0            5.0            5.2     13.6     37.7     37.7     37.7 orderStatus
     26s        0           41.0           46.2     46.1  15032.4  24696.1  24696.1 payment
     26s        0            6.0            4.6     67.1    302.0    302.0    302.0 stockLevel
     27s        0            4.0            4.7    142.6    226.5    226.5    226.5 delivery
     27s        0           42.9           47.3    109.1   2952.8   4563.4   4563.4 newOrder
     27s        0            1.0            5.0     29.4     29.4     29.4     29.4 orderStatus
     27s        0           28.9           45.6     75.5   6174.0  26843.5  26843.5 payment
     27s        0            2.0            4.5    100.7    251.7    251.7    251.7 stockLevel
     28s        0            4.0            4.7    109.1    201.3    201.3    201.3 delivery
     28s        0           33.1           46.8     88.1    570.4   2080.4   2080.4 newOrder
     28s        0            2.0            4.9      8.1      9.4      9.4      9.4 orderStatus
     28s        0           28.1           44.9     58.7    243.3    251.7    251.7 payment
     28s        0            2.0            4.4     79.7    134.2    134.2    134.2 stockLevel
_elapsed___errors__ops/sec(inst)___ops/sec(cum)__p50(ms)__p95(ms)__p99(ms)_pMax(ms)
     29s        0            2.0            4.6     60.8    109.1    109.1    109.1 delivery
     29s        0           36.0           46.5     50.3    104.9   1811.9   1811.9 newOrder
     29s        0            5.0            4.9     11.0     30.4     30.4     30.4 orderStatus
     29s        0           51.0           45.1     23.1     79.7   6442.5  20401.1 payment
     29s        0            8.0            4.5     44.0    117.4    117.4    117.4 stockLevel
     30s        0            4.0            4.6     79.7    100.7    100.7    100.7 delivery
     30s        0           66.9           47.1     50.3   4026.5   6442.5   6442.5 newOrder
     30s        0            3.0            4.8      8.9     10.5     10.5     10.5 orderStatus
     30s        0           56.9           45.5     27.3  14495.5  19327.4  20401.1 payment
     30s        0            1.0            4.4     50.3     50.3     50.3     50.3 stockLevel
     31s        0            4.0            4.5    113.2    176.2    176.2    176.2 delivery
     31s        0           28.1           46.5     52.4    151.0    805.3    805.3 newOrder
     31s        0            0.0            4.7      0.0      0.0      0.0      0.0 orderStatus
     31s        0           27.1           44.9     26.2   8589.9  25769.8  25769.8 payment
     31s        0            4.0            4.4     39.8    167.8    167.8    167.8 stockLevel
     32s        0            4.0            4.5     92.3    234.9    234.9    234.9 delivery
     32s        0           54.0           46.8     52.4   2952.8   5100.3   5368.7 newOrder
     32s        0            8.0            4.8      7.3     13.1     13.1     13.1 orderStatus
     32s        0           47.0           45.0     23.1  15569.3  21474.8  21474.8 payment
     32s        0            4.0            4.4     41.9    939.5    939.5    939.5 stockLevel
_elapsed___errors__ops/sec(inst)___ops/sec(cum)__p50(ms)__p95(ms)__p99(ms)_pMax(ms)
     33s        0            7.0            4.6     79.7    167.8    167.8    167.8 delivery
     33s        0           50.0           46.9     54.5   1140.9   6979.3   6979.3 newOrder
     33s        0            7.0            4.8      8.9     12.1     12.1     12.1 orderStatus
     33s        0           52.0           45.2     23.1    109.1  10200.5  27917.3 payment
     33s        0           11.0            4.6     37.7    100.7    121.6    121.6 stockLevel
     34s        0            3.0            4.6     71.3     83.9     83.9     83.9 delivery
     34s        0           52.0           47.0     46.1     96.5    142.6   3355.4 newOrder
     34s        0            5.0            4.9     10.5     11.0     11.0     11.0 orderStatus
     34s        0           53.0           45.4     23.1  13421.8  23622.3  23622.3 payment
     34s        0            7.0            4.6     28.3     56.6     56.6     56.6 stockLevel
     35s        0            5.0            4.6     92.3     96.5     96.5     96.5 delivery
     35s        0           39.0           46.8     46.1     79.7     79.7     79.7 newOrder
     35s        0            4.0            4.8      5.8     14.2     14.2     14.2 orderStatus
     35s        0           36.0           45.2     24.1     79.7  23622.3  23622.3 payment
     35s        0            3.0            4.6     41.9     62.9     62.9     62.9 stockLevel
     36s        0            0.0            4.4      0.0      0.0      0.0      0.0 delivery
     36s        0            0.0           45.5      0.0      0.0      0.0      0.0 newOrder
     36s        0            0.0            4.7      0.0      0.0      0.0      0.0 orderStatus
     36s        0            0.0           43.9      0.0      0.0      0.0      0.0 payment
     36s        0            0.0            4.5      0.0      0.0      0.0      0.0 stockLevel
_elapsed___errors__ops/sec(inst)___ops/sec(cum)__p50(ms)__p95(ms)__p99(ms)_pMax(ms)
     37s        0            6.0            4.5     71.3     92.3     92.3     92.3 delivery
     37s        0           45.0           45.5     58.7   3892.3   6710.9   6710.9 newOrder
     37s        0            3.0            4.6     10.0     11.5     11.5     11.5 orderStatus
     37s        0           43.0           43.9     24.1     44.0     48.2     48.2 payment
     37s        0            4.0            4.5     22.0     75.5     75.5     75.5 stockLevel
     38s        0            5.0            4.5     65.0    121.6    121.6    121.6 delivery
     38s        0           44.0           45.4     46.1   5368.7   7784.6   7784.6 newOrder
     38s        0            5.0            4.7      8.9     14.7     14.7     14.7 orderStatus
     38s        0           54.0           44.2     19.9  14495.5  16106.1  26843.5 payment
     38s        0            8.0            4.6     24.1   2952.8   2952.8   2952.8 stockLevel
     39s        0            4.0            4.5     92.3    226.5    226.5    226.5 delivery
     39s        0           39.0           45.3     65.0    167.8   1744.8   1744.8 newOrder
     39s        0            0.0            4.5      0.0      0.0      0.0      0.0 orderStatus
     39s        0           46.0           44.2     26.2  26843.5  34359.7  34359.7 payment
     39s        0            6.0            4.6     35.7    117.4    117.4    117.4 stockLevel
     40s        0            4.0            4.5     75.5    125.8    125.8    125.8 delivery
     40s        0           34.0           45.0     39.8     58.7   3221.2   3221.2 newOrder
     40s        0            4.0            4.5      7.3     11.0     11.0     11.0 orderStatus
     40s        0           38.0           44.1     18.9     54.5  24696.1  24696.1 payment
     40s        0            2.0            4.5     14.2     23.1     23.1     23.1 stockLevel
_elapsed___errors__ops/sec(inst)___ops/sec(cum)__p50(ms)__p95(ms)__p99(ms)_pMax(ms)
     41s        0            5.0            4.5    109.1    192.9    192.9    192.9 delivery
     41s        0           49.0           45.1     60.8   2818.6  10200.5  10200.5 newOrder
     41s        0            6.0            4.6      9.4     17.8     17.8     17.8 orderStatus
     41s        0           63.0           44.5     31.5  19327.4  30064.8  36507.2 payment
     41s        0            5.0            4.5     30.4     96.5     96.5     96.5 stockLevel
     42s        0            5.0            4.5    104.9    142.6    142.6    142.6 delivery
     42s        0           39.0           44.9     65.0    939.5   2818.6   2818.6 newOrder
     42s        0            3.0            4.5     13.6     39.8     39.8     39.8 orderStatus
     42s        0           36.0           44.3     31.5     96.5  36507.2  36507.2 payment
     42s        0            4.0            4.5     35.7     39.8     39.8     39.8 stockLevel
     43s        0            0.0            4.4      0.0      0.0      0.0      0.0 delivery
     43s        0            3.0           44.0     35.7     37.7     37.7     37.7 newOrder
     43s        0            1.0            4.4      8.9      8.9      8.9      8.9 orderStatus
     43s        0            6.0           43.4     11.0     13.1     13.1     13.1 payment
     43s        0            1.0            4.4     16.8     16.8     16.8     16.8 stockLevel
     44s        0            0.0            4.3      0.0      0.0      0.0      0.0 delivery
     44s        0            0.0           43.0      0.0      0.0      0.0      0.0 newOrder
     44s        0            0.0            4.3      0.0      0.0      0.0      0.0 orderStatus
     44s        0            0.0           42.4      0.0      0.0      0.0      0.0 payment
     44s        0            0.0            4.3      0.0      0.0      0.0      0.0 stockLevel
_elapsed___errors__ops/sec(inst)___ops/sec(cum)__p50(ms)__p95(ms)__p99(ms)_pMax(ms)
     45s        0            0.0            4.2      0.0      0.0      0.0      0.0 delivery
     45s        0            0.0           42.0      0.0      0.0      0.0      0.0 newOrder
     45s        0            0.0            4.2      0.0      0.0      0.0      0.0 orderStatus
     45s        0            0.0           41.5      0.0      0.0      0.0      0.0 payment
     45s        0            0.0            4.2      0.0      0.0      0.0      0.0 stockLevel
     46s        0            1.0            4.1     71.3     71.3     71.3     71.3 delivery
     46s        0           18.0           41.5     39.8   5100.3   7784.6   7784.6 newOrder
     46s        0            3.0            4.2      7.1      7.6      7.6      7.6 orderStatus
     46s        0           15.0           40.9     13.1     17.8     19.9     19.9 payment
     46s        0            3.0            4.2     19.9   4831.8   4831.8   4831.8 stockLevel
     47s        0            2.0            4.1     60.8    109.1    109.1    109.1 delivery
     47s        0           39.0           41.4     56.6   5368.7   8053.1   8053.1 newOrder
     47s        0            7.0            4.3     10.5     12.1     12.1     12.1 orderStatus
     47s        0           33.0           40.7     29.4   5100.3  16106.1  16106.1 payment
     47s        0            3.0            4.2     32.5     62.9     62.9     62.9 stockLevel
     48s        0            6.0            4.1     79.7    192.9    192.9    192.9 delivery
     48s        0           46.0           41.5     46.1    130.0    771.8    771.8 newOrder
     48s        0            6.0            4.3      7.6     33.6     33.6     33.6 orderStatus
     48s        0           43.0           40.8     22.0  27917.3  45097.2  45097.2 payment
     48s        0            7.0            4.3     27.3     41.9     41.9     41.9 stockLevel
_elapsed___errors__ops/sec(inst)___ops/sec(cum)__p50(ms)__p95(ms)__p99(ms)_pMax(ms)
     49s        0            3.0            4.1     83.9     88.1     88.1     88.1 delivery
     49s        0           30.0           41.3     37.7     75.5     79.7     79.7 newOrder
     49s        0            3.0            4.3      6.0      8.1      8.1      8.1 orderStatus
     49s        0           42.0           40.8     18.9     44.0  21474.8  21474.8 payment
     49s        0            2.0            4.2     16.3     28.3     28.3     28.3 stockLevel
     50s        0            4.0            4.1    117.4    130.0    130.0    130.0 delivery
     50s        0           52.0           41.5     67.1   3758.1   8053.1  10200.5 newOrder
     50s        0            4.0            4.3      9.4     19.9     19.9     19.9 orderStatus
     50s        0           58.0           41.2     37.7  36507.2  47244.6  47244.6 payment
     50s        0            6.0            4.2     30.4    113.2    113.2    113.2 stockLevel
     51s        0            5.0            4.1    104.9    159.4    159.4    159.4 delivery
     51s        0           65.0           42.0     75.5   3892.3   9663.7  10737.4 newOrder
     51s        0           10.0            4.4     10.5     31.5     31.5     31.5 orderStatus
     51s        0           62.0           41.6     32.5    151.0    209.7  38654.7 payment
     51s        0            7.0            4.3     35.7   3489.7   3489.7   3489.7 stockLevel
     52s        0            6.0            4.2     96.5    151.0    151.0    151.0 delivery
     52s        0           62.0           42.3     65.0   1006.6   2013.3   2818.6 newOrder
     52s        0            5.0            4.4      6.8      9.4      9.4      9.4 orderStatus
     52s        0           55.0           41.8     27.3     96.5  32212.3  49392.1 payment
     52s        0            9.0            4.4     24.1     50.3     50.3     50.3 stockLevel
_elapsed___errors__ops/sec(inst)___ops/sec(cum)__p50(ms)__p95(ms)__p99(ms)_pMax(ms)
     53s        0            6.0            4.2     75.5     96.5     96.5     96.5 delivery
     53s        0           60.0           42.7     52.4   1811.9   2281.7   2550.1 newOrder
     53s        0            6.0            4.4      8.9     13.6     13.6     13.6 orderStatus
     53s        0           59.0           42.2     23.1  36507.2  40802.2  42949.7 payment
     53s        0            5.0            4.4     25.2     30.4     30.4     30.4 stockLevel
     54s        0            4.0            4.2     88.1    192.9    192.9    192.9 delivery
     54s        0           61.0           43.0     50.3   1811.9   4026.5   6174.0 newOrder
     54s        0            6.0            4.5      7.9     15.2     15.2     15.2 orderStatus
     54s        0           64.0           42.6     25.2  16106.1  19327.4  25769.8 payment
     54s        0            7.0            4.4     30.4    436.2    436.2    436.2 stockLevel
     55s        0            9.0            4.3    125.8    218.1    218.1    218.1 delivery
     55s        0           68.0           43.5     71.3    176.2   1476.4   1543.5 newOrder
     55s        0            5.0            4.5     11.0     28.3     28.3     28.3 orderStatus
     55s        0           60.0           42.9     39.8    184.5  13421.8  16106.1 payment
     55s        0            5.0            4.5     37.7    130.0    130.0    130.0 stockLevel
     56s        0           10.0            4.4     79.7    159.4    159.4    159.4 delivery
     56s        0           67.0           43.9     44.0    159.4   2818.6   3087.0 newOrder
     56s        0            7.0            4.5      5.8     10.5     10.5     10.5 orderStatus
     56s        0           64.0           43.3     23.1   4831.8  19327.4  53687.1 payment
     56s        0            8.0            4.5     33.6     60.8     60.8     60.8 stockLevel
_elapsed___errors__ops/sec(inst)___ops/sec(cum)__p50(ms)__p95(ms)__p99(ms)_pMax(ms)
     57s        0            4.0            4.4     48.2     79.7     79.7     79.7 delivery
     57s        0           45.0           43.9     35.7   2415.9   6174.0   6174.0 newOrder
     57s        0            5.0            4.5      6.3      7.3      7.3      7.3 orderStatus
     57s        0           44.0           43.3     16.3     58.7   5100.3   5100.3 payment
     57s        0            3.0            4.5     27.3     39.8     39.8     39.8 stockLevel
     58s        0            6.0            4.4     75.5     96.5     96.5     96.5 delivery
     58s        0           43.0           43.9     46.1   3623.9   6710.9   6710.9 newOrder
     58s        0            3.0            4.5      7.6     10.0     10.0     10.0 orderStatus
     58s        0           33.0           43.1     18.9  32212.3  49392.1  49392.1 payment
     58s        0            2.0            4.4     19.9     30.4     30.4     30.4 stockLevel
     59s        0            2.0            4.4    104.9    142.6    142.6    142.6 delivery
     59s        0           70.0           44.3     71.3   1040.2   3623.9   5100.3 newOrder
     59s        0            5.0            4.5     21.0     33.6     33.6     33.6 orderStatus
     59s        0           49.0           43.2     39.8  26843.5  28991.0  28991.0 payment
     59s        0            4.0            4.4     41.9     48.2     48.2     48.2 stockLevel
    1m0s        0            5.0            4.4     71.3    176.2    176.2    176.2 delivery
    1m0s        0           18.0           43.9     41.9     75.5     88.1     88.1 newOrder
    1m0s        0            2.0            4.5      6.8     11.5     11.5     11.5 orderStatus
    1m0s        0           17.0           42.8     23.1   4026.5   4295.0   4295.0 payment
    1m0s        0            1.0            4.4     41.9     41.9     41.9     41.9 stockLevel

_elapsed___errors_____ops(total)___ops/sec(cum)__avg(ms)__p50(ms)__p95(ms)__p99(ms)_pMax(ms)__total
   60.0s        0            262            4.4    116.8     96.5    226.5    503.3    671.1  delivery
   60.0s        0           2634           43.9    345.6     62.9   2013.3   5368.7  10737.4  newOrder
   60.0s        0            268            4.5     11.5      9.4     30.4     39.8     58.7  orderStatus
   60.0s        0           2565           42.8   1168.8     31.5   6174.0  27917.3  53687.1  payment
   60.0s        0            263            4.4    135.5     35.7    251.7   3489.7   5368.7  stockLevel

_elapsed___errors_____ops(total)___ops/sec(cum)__avg(ms)__p50(ms)__p95(ms)__p99(ms)_pMax(ms)__result
   60.0s        0           5992           99.9    663.9     50.3   2415.9  19327.4  53687.1  
Audit check 9.2.1.7: SKIP: not enough delivery transactions to be statistically significant
Audit check 9.2.2.5.1: SKIP: not enough orders to be statistically significant
Audit check 9.2.2.5.2: SKIP: not enough orders to be statistically significant
Audit check 9.2.2.5.3: SKIP: not enough orders to be statistically significant
Audit check 9.2.2.5.4: SKIP: not enough payments to be statistically significant
Audit check 9.2.2.5.5: SKIP: not enough payments to be statistically significant
Audit check 9.2.2.5.6: SKIP: not enough order status transactions to be statistically significant

_elapsed_______tpmC____efc__avg(ms)__p50(ms)__p90(ms)__p95(ms)__p99(ms)_pMax(ms)
   60.0s     2634.0 2048.2%    345.6     62.9    704.6   2013.3   5368.7  10737.4
