Initializing 100 connections...
Initializing 100 workers and preparing statements...
_elapsed___errors__ops/sec(inst)___ops/sec(cum)__p50(ms)__p95(ms)__p99(ms)_pMax(ms)
      1s        0            5.2            9.0     71.3    201.3    201.3    201.3 delivery
      1s        0           36.7           63.0     39.8     79.7    100.7    125.8 newOrder
      1s        0            3.5            6.0      6.0     10.0     10.0     10.0 orderStatus
      1s        0           38.5           66.0     17.8     46.1     58.7    100.7 payment
      1s        0            4.1            7.0     24.1     67.1     67.1     67.1 stockLevel
      2s        0            9.0            9.0     83.9    130.0    130.0    130.0 delivery
      2s        0           96.0           79.5     60.8    176.2    209.7    251.7 newOrder
      2s        0            8.0            7.0      5.8      8.4      8.4      8.4 orderStatus
      2s        0           84.0           75.0     33.6    218.1    335.5    486.5 payment
      2s        0            7.0            7.0     31.5     75.5     75.5     75.5 stockLevel
      3s        0            6.0            8.0    117.4    335.5    335.5    335.5 delivery
      3s        0           77.0           78.7     88.1    352.3    419.4    469.8 newOrder
      3s        0            8.0            7.3     12.6     75.5     75.5     75.5 orderStatus
      3s        0           79.0           76.3     46.1    318.8    520.1    738.2 payment
      3s        0            8.0            7.3     44.0    113.2    113.2    113.2 stockLevel
      4s        0            9.0            8.2     88.1    192.9    192.9    192.9 delivery
      4s        0           69.0           76.2    104.9    570.4    637.5    838.9 newOrder
      4s        0           10.0            8.0      8.9     13.1     13.1     13.1 orderStatus
      4s        0           77.0           76.5     67.1    906.0   1275.1   1409.3 payment
      4s        0           12.0            8.5     33.6    167.8    234.9    234.9 stockLevel
_elapsed___errors__ops/sec(inst)___ops/sec(cum)__p50(ms)__p95(ms)__p99(ms)_pMax(ms)
      5s        0            6.0            7.8     92.3    234.9    234.9    234.9 delivery
      5s        0           79.0           76.8    142.6    570.4   1073.7   1476.4 newOrder
      5s        0           11.0            8.6      7.9     11.0     19.9     19.9 orderStatus
      5s        0           65.0           74.2     75.5   1073.7   1744.8   2550.1 payment
      5s        0           10.0            8.8     33.6    243.3    243.3    243.3 stockLevel
      6s        0           10.0            8.2     96.5    201.3    201.3    201.3 delivery
      6s        0           72.0           76.0    117.4    872.4   1208.0   1342.2 newOrder
      6s        0            7.0            8.3      8.4     39.8     39.8     39.8 orderStatus
      6s        0           75.0           74.3     54.5    973.1   1543.5   1543.5 payment
      6s        0            7.0            8.5     28.3    159.4    159.4    159.4 stockLevel
      7s        0            6.0            7.9     96.5    243.3    243.3    243.3 delivery
      7s        0           76.0           76.0    104.9    771.8    906.0   1040.2 newOrder
      7s        0            8.0            8.3      6.3     79.7     79.7     79.7 orderStatus
      7s        0           77.0           74.7    109.1   1275.1   2281.7   2415.9 payment
      7s        0            8.0            8.4     56.6    402.7    402.7    402.7 stockLevel
      8s        0            4.0            7.4    117.4    159.4    159.4    159.4 delivery
      8s        0           72.0           75.5    192.9   1208.0   1879.0   2415.9 newOrder
      8s        0            5.0            7.9     13.1     16.3     16.3     16.3 orderStatus
      8s        0           57.0           72.5    109.1   2281.7   3221.2   3221.2 payment
      8s        0            8.0            8.4     52.4    251.7    251.7    251.7 stockLevel
_elapsed___errors__ops/sec(inst)___ops/sec(cum)__p50(ms)__p95(ms)__p99(ms)_pMax(ms)
      9s        0            7.0            7.3    125.8    226.5    226.5    226.5 delivery
      9s        0           68.0           74.7    159.4   1040.2   1811.9   2147.5 newOrder
      9s        0            8.0            7.9     14.2     23.1     23.1     23.1 orderStatus
      9s        0           68.0           72.0     83.9   2550.1   3355.4   3489.7 payment
      9s        0            8.0            8.3     41.9    436.2    436.2    436.2 stockLevel
     10s        0            7.0            7.3    159.4    234.9    234.9    234.9 delivery
     10s        0           74.0           74.6    251.7   1744.8   2550.1   3221.2 newOrder
     10s        0           11.0            8.2     12.1     37.7     75.5     75.5 orderStatus
     10s        0           64.0           71.2    209.7   2281.7   5368.7   6710.9 payment
     10s        0            8.0            8.3     44.0    142.6    142.6    142.6 stockLevel
_elapsed___errors__ops/sec(inst)___ops/sec(cum)__p50(ms)__p95(ms)__p99(ms)_pMax(ms)
      1s        0            6.0            6.0    159.4    872.4    872.4    872.4 delivery
      1s        0           41.0           41.0    184.5    469.8    570.4    570.4 newOrder
      1s        0            4.0            4.0      7.3     15.7     15.7     15.7 orderStatus
      1s        0           38.0           38.0     96.5    536.9    671.1    671.1 payment
      1s        0            5.0            5.0    176.2    335.5    335.5    335.5 stockLevel
      2s        0            6.0            6.0     83.9    469.8    469.8    469.8 delivery
      2s        0           69.0           55.0    159.4    939.5   1543.5   1879.0 newOrder
      2s        0            6.0            5.0     13.1    134.2    134.2    134.2 orderStatus
      2s        0           69.0           53.5     92.3    939.5    939.5   1208.0 payment
      2s        0            6.0            5.5     33.6    419.4    419.4    419.4 stockLevel
      3s        0            5.0            5.7    113.2    285.2    285.2    285.2 delivery
      3s        0           78.0           62.7    151.0   1476.4   1879.0   2281.7 newOrder
      3s        0            5.0            5.0     15.7    176.2    176.2    176.2 orderStatus
      3s        0           66.0           57.7     92.3   2013.3   2415.9   2684.4 payment
      3s        0            6.0            5.7     24.1    335.5    335.5    335.5 stockLevel
      4s        0           11.0            7.0    100.7    201.3    285.2    285.2 delivery
      4s        0           67.0           63.8    117.4   1006.6   1073.7   1610.6 newOrder
      4s        0            7.0            5.5     14.7     88.1     88.1     88.1 orderStatus
      4s        0           61.0           58.5     83.9    671.1   1342.2   1543.5 payment
      4s        0            9.0            6.5     28.3    117.4    117.4    117.4 stockLevel
_elapsed___errors__ops/sec(inst)___ops/sec(cum)__p50(ms)__p95(ms)__p99(ms)_pMax(ms)
      5s        0            7.0            7.0    117.4    243.3    243.3    243.3 delivery
      5s        0           69.0           64.8    121.6   2281.7   2415.9   3623.9 newOrder
      5s        0            7.0            5.8     11.0     50.3     50.3     50.3 orderStatus
      5s        0           67.0           60.2     37.7   2080.4   3087.0   3758.1 payment
      5s        0            5.0            6.2     50.3    125.8    125.8    125.8 stockLevel
      6s        0            8.0            7.2    142.6    234.9    234.9    234.9 delivery
      6s        0           66.0           65.0     92.3   1543.5   2080.4   2415.9 newOrder
      6s        0            6.0            5.8      6.3     88.1     88.1     88.1 orderStatus
      6s        0           73.0           62.3     75.5   3355.4   4831.8   5100.3 payment
      6s        0            8.0            6.5     30.4     75.5     75.5     75.5 stockLevel
      7s        0            7.0            7.1    192.9    419.4    419.4    419.4 delivery
      7s        0           65.0           65.0     88.1   1879.0   3758.1   4026.5 newOrder
      7s        0           13.0            6.9     11.5    369.1    604.0    604.0 orderStatus
      7s        0           67.0           63.0    109.1   3489.7   5368.7   6174.0 payment
      7s        0            7.0            6.6     46.1    604.0    604.0    604.0 stockLevel
      8s        0           10.0            7.5    151.0    771.8    771.8    771.8 delivery
      8s        0           81.0           67.0    125.8    436.2   1040.2   1879.0 newOrder
      8s        0            6.0            6.8      7.6     16.8     16.8     16.8 orderStatus
      8s        0           66.0           63.4     79.7   2550.1   3221.2   4160.7 payment
      8s        0            8.0            6.8     31.5     62.9     62.9     62.9 stockLevel
_elapsed___errors__ops/sec(inst)___ops/sec(cum)__p50(ms)__p95(ms)__p99(ms)_pMax(ms)
      9s        0           12.0            8.0     96.5    318.8    436.2    436.2 delivery
      9s        0           89.0           69.5     92.3   2550.1   3489.7   3892.3 newOrder
      9s        0            7.0            6.8      7.3     67.1     67.1     67.1 orderStatus
      9s        0           84.0           65.7     37.7   2684.4   5368.7   6979.3 payment
      9s        0            6.0            6.7     56.6    201.3    201.3    201.3 stockLevel
     10s        0            4.0            7.6     54.5    335.5    335.5    335.5 delivery
     10s        0           54.0           67.9     62.9   1275.1   1879.0   1946.2 newOrder
     10s        0            5.0            6.6      4.7      5.8      5.8      5.8 orderStatus
     10s        0           57.0           64.8     24.1    218.1   4160.7   5368.7 payment
     10s        0            5.0            6.5     24.1    125.8    125.8    125.8 stockLevel
     11s        0            3.0            7.2    117.4    570.4    570.4    570.4 delivery
     11s        0           57.0           66.9     96.5   1409.3   2147.5   3489.7 newOrder
     11s        0            3.0            6.3     23.1     92.3     92.3     92.3 orderStatus
     11s        0           42.0           62.7     67.1   4026.5   8589.9   8589.9 payment
     11s        0            4.0            6.3     25.2    671.1    671.1    671.1 stockLevel
     12s        0            6.0            7.1     62.9     92.3     92.3     92.3 delivery
     12s        0           68.0           67.0     46.1   3489.7   5100.3   5368.7 newOrder
     12s        0            7.0            6.3     13.6    209.7    209.7    209.7 orderStatus
     12s        0           72.0           63.5     32.5    369.1   3489.7  10737.4 payment
     12s        0            3.0            6.0     27.3     75.5     75.5     75.5 stockLevel
_elapsed___errors__ops/sec(inst)___ops/sec(cum)__p50(ms)__p95(ms)__p99(ms)_pMax(ms)
     13s        0            3.0            6.8    176.2    234.9    234.9    234.9 delivery
     13s        0           54.0           66.0     41.9   1677.7   2080.4   5637.1 newOrder
     13s        0            4.0            6.2      5.0      6.3      6.3      6.3 orderStatus
     13s        0           61.0           63.3     17.8    218.1   3221.2   3355.4 payment
     13s        0            5.0            5.9    218.1    838.9    838.9    838.9 stockLevel
     14s        0            2.0            6.4     41.9     41.9     41.9     41.9 delivery
     14s        0           14.0           62.3    872.4   2550.1   5368.7   5368.7 newOrder
     14s        0            1.0            5.8      5.0      5.0      5.0      5.0 orderStatus
     14s        0           14.0           59.8     12.6   1140.9   1342.2   1342.2 payment
     14s        0            1.0            5.6     19.9     19.9     19.9     19.9 stockLevel
     15s        0            5.0            6.3     88.1    570.4    570.4    570.4 delivery
     15s        0           59.0           62.1     58.7   1677.7   2281.7   3758.1 newOrder
     15s        0           11.0            6.1      6.3   1006.6   1140.9   1140.9 orderStatus
     15s        0           71.0           60.5     37.7   7516.2  10200.5  10737.4 payment
     15s        0            6.0            5.6     18.9     96.5     96.5     96.5 stockLevel
     16s        0            8.0            6.4    109.1    302.0    302.0    302.0 delivery
     16s        0           88.0           63.7     79.7    369.1    604.0   1409.3 newOrder
     16s        0            8.0            6.3     14.7    268.4    268.4    268.4 orderStatus
     16s        0           77.0           61.6     52.4    805.3  13958.6  13958.6 payment
     16s        0            9.0            5.8     62.9    469.8    469.8    469.8 stockLevel
_elapsed___errors__ops/sec(inst)___ops/sec(cum)__p50(ms)__p95(ms)__p99(ms)_pMax(ms)
     17s        0            5.0            6.4    130.0    469.8    469.8    469.8 delivery
     17s        0           51.0           62.9     48.2    385.9    637.5    771.8 newOrder
     17s        0           11.0            6.5      8.1    151.0    159.4    159.4 orderStatus
     17s        0           56.0           61.2     18.9  10200.5  11811.2  16106.1 payment
     17s        0            6.0            5.8     17.8     28.3     28.3     28.3 stockLevel
     18s        0            8.0            6.4    260.0    469.8    469.8    469.8 delivery
     18s        0           77.0           63.7    109.1   1677.7   1946.2   2281.7 newOrder
     18s        0            6.0            6.5      6.8    251.7    251.7    251.7 orderStatus
     18s        0           77.0           62.1     39.8   9126.8  13421.8  16106.1 payment
     18s        0            4.0            5.7     24.1    906.0    906.0    906.0 stockLevel
     19s        0            5.0            6.4    201.3    369.1    369.1    369.1 delivery
     19s        0           69.0           64.0    117.4    906.0   1811.9   2147.5 newOrder
     19s        0            7.0            6.5      7.3     13.1     13.1     13.1 orderStatus
     19s        0           55.0           61.7    113.2    771.8   8053.1  11811.2 payment
     19s        0           12.0            6.1     44.0    906.0   1543.5   1543.5 stockLevel
     20s        0            7.0            6.4     92.3    419.4    419.4    419.4 delivery
     20s        0           59.0           63.8     52.4    369.1   1342.2   1879.0 newOrder
     20s        0            5.0            6.5      8.1    352.3    352.3    352.3 orderStatus
     20s        0           59.0           61.6     29.4    704.6  12348.0  18253.6 payment
     20s        0            5.0            6.0    134.2    704.6    704.6    704.6 stockLevel
_elapsed___errors__ops/sec(inst)___ops/sec(cum)__p50(ms)__p95(ms)__p99(ms)_pMax(ms)
     21s        0            5.0            6.3     60.8    385.9    385.9    385.9 delivery
     21s        0           59.0           63.5     37.7   2013.3   2550.1   3623.9 newOrder
     21s        0            3.0            6.3      6.6    385.9    385.9    385.9 orderStatus
     21s        0           67.0           61.9     19.9  12348.0  13958.6  21474.8 payment
     21s        0            7.0            6.0     16.3     26.2     26.2     26.2 stockLevel
     22s        0            7.0            6.4     92.3    104.9    104.9    104.9 delivery
     22s        0           73.0           64.0    100.7   2684.4   4831.8   5100.3 newOrder
     22s        0            4.0            6.2      5.2    184.5    184.5    184.5 orderStatus
     22s        0           86.0           63.0     41.9   6442.5  12884.9  14495.5 payment
     22s        0            6.0            6.0     17.8     71.3     71.3     71.3 stockLevel
     23s        0            6.0            6.3     60.8    536.9    536.9    536.9 delivery
     23s        0           33.0           62.6     39.8    637.5   2080.4   2080.4 newOrder
     23s        0            6.0            6.2      5.2     92.3     92.3     92.3 orderStatus
     23s        0           37.0           61.8     14.7   4831.8  11811.2  11811.2 payment
     23s        0            2.0            5.9     14.7    218.1    218.1    218.1 stockLevel
     24s        0            2.0            6.2     58.7     62.9     62.9     62.9 delivery
     24s        0           22.0           60.9    113.2   2013.3   2415.9   2415.9 newOrder
     24s        0            3.0            6.0      4.7      5.0      5.0      5.0 orderStatus
     24s        0           15.0           59.9     14.7    838.9  11811.2  11811.2 payment
     24s        0            4.0            5.8     13.6    125.8    125.8    125.8 stockLevel
_elapsed___errors__ops/sec(inst)___ops/sec(cum)__p50(ms)__p95(ms)__p99(ms)_pMax(ms)
     25s        0            4.0            6.1     75.5     88.1     88.1     88.1 delivery
     25s        0           63.0           61.0     48.2   3355.4   3355.4   4563.4 newOrder
     25s        0            7.0            6.1      7.3     44.0     44.0     44.0 orderStatus
     25s        0           57.0           59.8     17.8    872.4   4831.8  23622.3 payment
     25s        0            6.0            5.8     44.0    176.2    176.2    176.2 stockLevel
     26s        0            2.0            5.9     50.3    771.8    771.8    771.8 delivery
     26s        0           13.0           59.2     37.7    570.4    570.4    570.4 newOrder
     26s        0            0.0            5.8      0.0      0.0      0.0      0.0 orderStatus
     26s        0           15.0           58.0    419.4  23622.3  24696.1  24696.1 payment
     26s        0            0.0            5.6      0.0      0.0      0.0      0.0 stockLevel
     27s        0            6.0            5.9     67.1    318.8    318.8    318.8 delivery
     27s        0           51.0           58.9     52.4   2550.1   4563.4   8589.9 newOrder
     27s        0            6.0            5.9      4.1      7.1      7.1      7.1 orderStatus
     27s        0           38.0           57.3     15.7   6442.5  18253.6  18253.6 payment
     27s        0            2.0            5.4     22.0   1946.2   1946.2   1946.2 stockLevel
     28s        0            6.0            5.9     75.5    184.5    184.5    184.5 delivery
     28s        0           35.0           58.0     56.6    536.9   1543.5   1543.5 newOrder
     28s        0            3.0            5.8      7.9      8.9      8.9      8.9 orderStatus
     28s        0           36.0           56.5     26.2    285.2  11274.3  11274.3 payment
     28s        0            3.0            5.4    104.9    142.6    142.6    142.6 stockLevel
_elapsed___errors__ops/sec(inst)___ops/sec(cum)__p50(ms)__p95(ms)__p99(ms)_pMax(ms)
     29s        0            0.0            5.7      0.0      0.0      0.0      0.0 delivery
     29s        0            0.0           56.0      0.0      0.0      0.0      0.0 newOrder
     29s        0            0.0            5.6      0.0      0.0      0.0      0.0 orderStatus
     29s        0            0.0           54.6      0.0      0.0      0.0      0.0 payment
     29s        0            0.0            5.2      0.0      0.0      0.0      0.0 stockLevel
     30s        0            7.0            5.8     75.5    176.2    176.2    176.2 delivery
     30s        0           35.0           55.3     65.0   5100.3   6710.9   6710.9 newOrder
     30s        0            4.0            5.5      5.0    251.7    251.7    251.7 orderStatus
     30s        0           40.0           54.1     24.1  14495.5  28991.0  28991.0 payment
     30s        0            5.0            5.2    218.1   2281.7   2281.7   2281.7 stockLevel
     31s        0            7.0            5.8     96.5    218.1    218.1    218.1 delivery
     31s        0           74.0           55.9     88.1    302.0    419.4   2952.8 newOrder
     31s        0           11.0            5.7      9.4    159.4    402.7    402.7 orderStatus
     31s        0           86.0           55.1     92.3   6442.5  12348.0  21474.8 payment
     31s        0           10.0            5.3     28.3    109.1    109.1    109.1 stockLevel
     32s        0           11.0            6.0     83.9    104.9    285.2    285.2 delivery
     32s        0           69.0           56.3     62.9    226.5    352.3    352.3 newOrder
     32s        0            7.0            5.7      9.4     88.1     88.1     88.1 orderStatus
     32s        0           67.0           55.5     26.2    402.7   6979.3  26843.5 payment
     32s        0            6.0            5.3     27.3     96.5     96.5     96.5 stockLevel
_elapsed___errors__ops/sec(inst)___ops/sec(cum)__p50(ms)__p95(ms)__p99(ms)_pMax(ms)
     33s        0            3.0            5.9     88.1     96.5     96.5     96.5 delivery
     33s        0           47.0           56.0     48.2   2818.6   6979.3   6979.3 newOrder
     33s        0            4.0            5.7      4.7    268.4    268.4    268.4 orderStatus
     33s        0           42.0           55.1     15.7  11274.3  23622.3  23622.3 payment
     33s        0            5.0            5.3     15.7     21.0     21.0     21.0 stockLevel
     34s        0            3.0            5.8     62.9    113.2    113.2    113.2 delivery
     34s        0           25.9           55.1     33.6   2684.4   2818.6   2818.6 newOrder
     34s        0            1.0            5.5    100.7    100.7    100.7    100.7 orderStatus
     34s        0           21.9           54.1     14.7     58.7     75.5     75.5 payment
     34s        0            3.0            5.3     17.8   2281.7   2281.7   2281.7 stockLevel
     35s        0            5.0            5.8     83.9     88.1     88.1     88.1 delivery
     35s        0           77.2           55.8     60.8   3758.1   4563.4   7784.6 newOrder
     35s        0            7.0            5.6      5.2      6.3      6.3      6.3 orderStatus
     35s        0           72.1           54.6     31.5  16106.1  28991.0  30064.8 payment
     35s        0            5.0            5.3     30.4     54.5     54.5     54.5 stockLevel
     36s        0            6.0            5.8     67.1     88.1     88.1     88.1 delivery
     36s        0           73.0           56.3     48.2    151.0    159.4    176.2 newOrder
     36s        0            5.0            5.6     10.5     22.0     22.0     22.0 orderStatus
     36s        0           64.0           54.9     22.0   7784.6  16643.0  33286.0 payment
     36s        0            7.0            5.3     18.9     52.4     52.4     52.4 stockLevel
_elapsed___errors__ops/sec(inst)___ops/sec(cum)__p50(ms)__p95(ms)__p99(ms)_pMax(ms)
     37s        0            0.0            5.6      0.0      0.0      0.0      0.0 delivery
     37s        0            0.0           54.7      0.0      0.0      0.0      0.0 newOrder
     37s        0            0.0            5.4      0.0      0.0      0.0      0.0 orderStatus
     37s        0            0.0           53.4      0.0      0.0      0.0      0.0 payment
     37s        0            0.0            5.2      0.0      0.0      0.0      0.0 stockLevel
     38s        0            1.0            5.5     88.1     88.1     88.1     88.1 delivery
     38s        0           43.0           54.4     62.9   6174.0  16106.1  16106.1 newOrder
     38s        0            3.0            5.3      5.5     10.0     10.0     10.0 orderStatus
     38s        0           46.0           53.2     30.4   4831.8  16643.0  16643.0 payment
     38s        0            6.0            5.2     19.9    121.6    121.6    121.6 stockLevel
     39s        0            8.0            5.6     71.3    201.3    201.3    201.3 delivery
     39s        0           78.0           55.0     48.2    704.6   2818.6   2818.6 newOrder
     39s        0            9.0            5.4      6.0    125.8    125.8    125.8 orderStatus
     39s        0           82.0           53.9     28.3   4831.8  24696.1  31138.5 payment
     39s        0            9.0            5.3     22.0    167.8    167.8    167.8 stockLevel
     40s        0            8.0            5.6     71.3    209.7    209.7    209.7 delivery
     40s        0           66.0           55.3     52.4    192.9    201.3    243.3 newOrder
     40s        0            8.0            5.5      4.2    184.5    184.5    184.5 orderStatus
     40s        0           73.0           54.4     37.7    192.9  10200.5  12884.9 payment
     40s        0            8.0            5.4     16.3     75.5     75.5     75.5 stockLevel
_elapsed___errors__ops/sec(inst)___ops/sec(cum)__p50(ms)__p95(ms)__p99(ms)_pMax(ms)
     41s        0            2.0            5.5     56.6    151.0    151.0    151.0 delivery
     41s        0           38.0           54.9     46.1   1744.8   2818.6   2818.6 newOrder
     41s        0            5.0            5.5      5.0     83.9     83.9     83.9 orderStatus
     41s        0           38.0           54.0     33.6  10200.5  30064.8  30064.8 payment
     41s        0            7.0            5.4     21.0     30.4     30.4     30.4 stockLevel
     42s        0            7.0            5.6     62.9     79.7     79.7     79.7 delivery
     42s        0           58.0           55.0     44.0   2550.1   2818.6   3221.2 newOrder
     42s        0            3.0            5.4      5.0      6.3      6.3      6.3 orderStatus
     42s        0           61.0           54.2     23.1   6979.3  20401.1  21474.8 payment
     42s        0            6.0            5.4     18.9     71.3     71.3     71.3 stockLevel
     43s        0            8.0            5.6     83.9    226.5    226.5    226.5 delivery
     43s        0           87.0           55.7     62.9    738.2    872.4   3758.1 newOrder
     43s        0            9.0            5.5      5.2     75.5     75.5     75.5 orderStatus
     43s        0          102.0           55.3     33.6   7247.8  23622.3  31138.5 payment
     43s        0            4.0            5.4     50.3     60.8     60.8     60.8 stockLevel
     44s        0            4.0            5.6     75.5    100.7    100.7    100.7 delivery
     44s        0           52.0           55.6     71.3    637.5   1208.0   3892.3 newOrder
     44s        0            8.0            5.6      5.5     12.6     12.6     12.6 orderStatus
     44s        0           53.0           55.3     23.1    125.8    251.7   9126.8 payment
     44s        0            5.0            5.4     39.8    260.0    260.0    260.0 stockLevel
_elapsed___errors__ops/sec(inst)___ops/sec(cum)__p50(ms)__p95(ms)__p99(ms)_pMax(ms)
     45s        0            0.0            5.5      0.0      0.0      0.0      0.0 delivery
     45s        0            0.0           54.4      0.0      0.0      0.0      0.0 newOrder
     45s        0            0.0            5.4      0.0      0.0      0.0      0.0 orderStatus
     45s        0            0.0           54.0      0.0      0.0      0.0      0.0 payment
     45s        0            0.0            5.2      0.0      0.0      0.0      0.0 stockLevel
     46s        0            0.0            5.3      0.0      0.0      0.0      0.0 delivery
     46s        0            0.0           53.2      0.0      0.0      0.0      0.0 newOrder
     46s        0            0.0            5.3      0.0      0.0      0.0      0.0 orderStatus
     46s        0            0.0           52.8      0.0      0.0      0.0      0.0 payment
     46s        0            0.0            5.1      0.0      0.0      0.0      0.0 stockLevel
     47s        0            0.0            5.2      0.0      0.0      0.0      0.0 delivery
     47s        0            0.0           52.1      0.0      0.0      0.0      0.0 newOrder
     47s        0            0.0            5.2      0.0      0.0      0.0      0.0 orderStatus
     47s        0            0.0           51.7      0.0      0.0      0.0      0.0 payment
     47s        0            0.0            5.0      0.0      0.0      0.0      0.0 stockLevel
     48s        0            1.0            5.1    218.1    218.1    218.1    218.1 delivery
     48s        0           28.0           51.6    142.6   5100.3   5905.6   5905.6 newOrder
     48s        0            2.0            5.1     15.7    167.8    167.8    167.8 orderStatus
     48s        0           23.0           51.1     75.5  26843.5  28991.0  28991.0 payment
     48s        0            4.0            5.0     79.7   4295.0   4295.0   4295.0 stockLevel
_elapsed___errors__ops/sec(inst)___ops/sec(cum)__p50(ms)__p95(ms)__p99(ms)_pMax(ms)
     49s        0            6.0            5.2    121.6    142.6    142.6    142.6 delivery
     49s        0           58.0           51.7    100.7    285.2    352.3    453.0 newOrder
     49s        0            2.0            5.1      7.9    159.4    159.4    159.4 orderStatus
     49s        0           55.0           51.2     65.0  18253.6  30064.8  42949.7 payment
     49s        0            6.0            5.0     50.3    167.8    167.8    167.8 stockLevel
     50s        0            8.0            5.2    134.2    402.7    402.7    402.7 delivery
     50s        0           57.0           51.8    104.9    243.3    369.1    402.7 newOrder
     50s        0            4.0            5.1     23.1    226.5    226.5    226.5 orderStatus
     50s        0           56.0           51.3     60.8   7784.6  15032.4  24696.1 payment
     50s        0            6.0            5.0     65.0    192.9    192.9    192.9 stockLevel
     51s        0            6.0            5.2    142.6    218.1    218.1    218.1 delivery
     51s        0           77.0           52.3     71.3    159.4    184.5    671.1 newOrder
     51s        0            9.0            5.1     14.2     62.9     62.9     62.9 orderStatus
     51s        0           71.0           51.7     37.7   8321.5  30064.8  33286.0 payment
     51s        0            3.0            5.0     32.5     79.7     79.7     79.7 stockLevel
     52s        0            6.0            5.3     71.3    302.0    302.0    302.0 delivery
     52s        0           70.0           52.6     52.4   2952.8   9126.8  10737.4 newOrder
     52s        0            7.0            5.2      6.3     71.3     71.3     71.3 orderStatus
     52s        0           74.0           52.1     29.4    130.0  33286.0  34359.7 payment
     52s        0            8.0            5.1     35.7    318.8    318.8    318.8 stockLevel
_elapsed___errors__ops/sec(inst)___ops/sec(cum)__p50(ms)__p95(ms)__p99(ms)_pMax(ms)
     53s        0            5.0            5.2     71.3     92.3     92.3     92.3 delivery
     53s        0           53.0           52.6     46.1   1073.7   4026.5   4831.8 newOrder
     53s        0            9.0            5.2      7.1     75.5     75.5     75.5 orderStatus
     53s        0           55.0           52.2     21.0    104.9   2952.8  12348.0 payment
     53s        0            7.0            5.1     30.4    218.1    218.1    218.1 stockLevel
     54s        0            3.0            5.2     56.6     92.3     92.3     92.3 delivery
     54s        0           25.0           52.1     31.5    159.4   5100.3   5100.3 newOrder
     54s        0            1.0            5.2      8.9      8.9      8.9      8.9 orderStatus
     54s        0           24.0           51.6     22.0  19327.4  36507.2  36507.2 payment
     54s        0            1.0            5.0     18.9     18.9     18.9     18.9 stockLevel
     55s        0            6.0            5.2     75.5     83.9     83.9     83.9 delivery
     55s        0           62.0           52.3     71.3   3758.1   5368.7  11811.2 newOrder
     55s        0            7.0            5.2      7.9     12.6     12.6     12.6 orderStatus
     55s        0           63.0           51.9     41.9   1342.2  22548.6  23622.3 payment
     55s        0            7.0            5.1    134.2   2281.7   2281.7   2281.7 stockLevel
     56s        0            6.0            5.2     92.3    176.2    176.2    176.2 delivery
     56s        0           78.0           52.8     75.5    302.0   4831.8   6710.9 newOrder
     56s        0            6.0            5.2      7.3     52.4     52.4     52.4 orderStatus
     56s        0           68.0           52.1     37.7  15032.4  22548.6  28991.0 payment
     56s        0            6.0            5.1     30.4    159.4    159.4    159.4 stockLevel
_elapsed___errors__ops/sec(inst)___ops/sec(cum)__p50(ms)__p95(ms)__p99(ms)_pMax(ms)
     57s        0            1.0            5.2     37.7     37.7     37.7     37.7 delivery
     57s        0           21.0           52.2     41.9    121.6    209.7    209.7 newOrder
     57s        0            4.0            5.2      5.8      5.8      5.8      5.8 orderStatus
     57s        0           24.0           51.6     15.2    402.7  21474.8  21474.8 payment
     57s        0            5.0            5.1     92.3    285.2    285.2    285.2 stockLevel
     58s        0            0.0            5.1      0.0      0.0      0.0      0.0 delivery
     58s        0            0.0           51.3      0.0      0.0      0.0      0.0 newOrder
     58s        0            0.0            5.1      0.0      0.0      0.0      0.0 orderStatus
     58s        0            0.0           50.8      0.0      0.0      0.0      0.0 payment
     58s        0            0.0            5.0      0.0      0.0      0.0      0.0 stockLevel
     59s        0            3.0            5.0     83.9    352.3    352.3    352.3 delivery
     59s        0           18.0           50.7     35.7   2952.8   3221.2   3221.2 newOrder
     59s        0            2.0            5.1      8.9    100.7    100.7    100.7 orderStatus
     59s        0           23.0           50.3     15.2   2281.7   2684.4   2684.4 payment
     59s        0            2.0            4.9     10.5     14.7     14.7     14.7 stockLevel
    1m0s        0            3.0            5.0     96.5    209.7    209.7    209.7 delivery
    1m0s        0           23.0           50.3    134.2   5637.1  11274.3  11274.3 newOrder
    1m0s        0            3.0            5.0      7.6     12.6     12.6     12.6 orderStatus
    1m0s        0           28.0           49.9     27.3  10200.5  26843.5  26843.5 payment
    1m0s        0            4.0            4.9     24.1   3758.1   3758.1   3758.1 stockLevel

_elapsed___errors_____ops(total)___ops/sec(cum)__avg(ms)__p50(ms)__p95(ms)__p99(ms)_pMax(ms)__total
   60.0s        0            300            5.0    136.0     92.3    402.7    570.4    872.4  delivery
   60.0s        0           3017           50.3    347.8     71.3   2013.3   4563.4  16106.1  newOrder
   60.0s        0            301            5.0     42.2      7.1    209.7    402.7   1140.9  orderStatus
   60.0s        0           2995           49.9    933.9     37.7   5368.7  23622.3  42949.7  payment
   60.0s        0            295            4.9    170.1     32.5    704.6   2281.7   4295.0  stockLevel

_elapsed___errors_____ops(total)___ops/sec(cum)__avg(ms)__p50(ms)__p95(ms)__p99(ms)_pMax(ms)__result
   60.0s        0           6908          115.1    571.8     56.6   2415.9  12884.9  42949.7  
Audit check 9.2.1.7: SKIP: not enough delivery transactions to be statistically significant
Audit check 9.2.2.5.1: SKIP: not enough orders to be statistically significant
Audit check 9.2.2.5.2: SKIP: not enough orders to be statistically significant
Audit check 9.2.2.5.3: SKIP: not enough orders to be statistically significant
Audit check 9.2.2.5.4: SKIP: not enough payments to be statistically significant
Audit check 9.2.2.5.5: SKIP: not enough payments to be statistically significant
Audit check 9.2.2.5.6: SKIP: not enough order status transactions to be statistically significant

_elapsed_______tpmC____efc__avg(ms)__p50(ms)__p90(ms)__p95(ms)__p99(ms)_pMax(ms)
   60.0s     3017.0 2346.0%    347.8     71.3    805.3   2013.3   4563.4  16106.1
