***************************************
*** ###easy### TPC-C Load Generator ***
***************************************
option h with value '127.0.0.1'
option P with value '3306'
option d with value 'benchmarker'
option u with value 'root'
option p with value '123456'
option w with value '11'
option c with value '4'
option r with value '22'
option l with value '60'
option i with value '10'
<Parameters>
     [server]: 127.0.0.1
     [port]: 3306
     [DBname]: benchmarker
       [user]: root
       [pass]: 123456
  [warehouse]: 11
 [connection]: 4
     [rampup]: 22 (sec.)
    [measure]: 60 (sec.)

RAMP-UP TIME.(22 sec.)

MEASURING START.

  10, trx: 4180, 95%: 8.545, 99%: 11.339, max_rt: 21.567, 4179|13.458, 417|4.565, 418|27.684, 418|34.875
  20, trx: 4184, 95%: 8.504, 99%: 11.177, max_rt: 15.919, 4185|8.911, 419|3.237, 419|25.748, 418|29.100
  30, trx: 3840, 95%: 9.943, 99%: 12.804, max_rt: 21.632, 3838|8.977, 384|2.792, 383|33.064, 384|31.557
  40, trx: 3886, 95%: 9.647, 99%: 12.017, max_rt: 18.906, 3889|10.496, 389|3.321, 389|31.931, 389|30.849
  50, trx: 3778, 95%: 9.807, 99%: 13.312, max_rt: 19.670, 3781|11.172, 378|5.203, 378|25.142, 379|32.134
  60, trx: 3747, 95%: 10.384, 99%: 13.344, max_rt: 22.107, 3743|13.545, 374|6.325, 375|25.857, 373|35.696

STOPPING THREADS....

<Raw Results>
  [0] sc:11338 lt:12277  rt:0  fl:0 avg_rt: 7.4 (5)
  [1] sc:23447 lt:168  rt:0  fl:0 avg_rt: 1.9 (5)
  [2] sc:2359 lt:2  rt:0  fl:0 avg_rt: 1.0 (5)
  [3] sc:2362 lt:0  rt:0  fl:0 avg_rt: 19.1 (80)
  [4] sc:1599 lt:762  rt:0  fl:0 avg_rt: 26.0 (20)
 in 60 sec.

<Raw Results2(sum ver.)>
  [0] sc:11338  lt:12277  rt:0  fl:0 
  [1] sc:23447  lt:168  rt:0  fl:0 
  [2] sc:2359  lt:2  rt:0  fl:0 
  [3] sc:2362  lt:0  rt:0  fl:0 
  [4] sc:1599  lt:762  rt:0  fl:0 

<Constraint Check> (all must be [OK])
 [transaction percentage]
        Payment: 43.48% (>=43.0%) [OK]
   Order-Status: 4.35% (>= 4.0%) [OK]
       Delivery: 4.35% (>= 4.0%) [OK]
    Stock-Level: 4.35% (>= 4.0%) [OK]
 [response time (at least 90% passed)]
      New-Order: 48.01%  [NG] *
        Payment: 99.29%  [OK]
   Order-Status: 99.92%  [OK]
       Delivery: 100.00%  [OK]
    Stock-Level: 67.73%  [NG] *

<TpmC>
                 23615.000 TpmC
