***************************************
*** ###easy### TPC-C Load Generator ***
***************************************
option h with value '127.0.0.1'
option P with value '3306'
option d with value 'benchmarker'
option u with value 'root'
option p with value '123456'
option w with value '11'
option c with value '16'
option r with value '22'
option l with value '60'
option i with value '10'
<Parameters>
     [server]: 127.0.0.1
     [port]: 3306
     [DBname]: benchmarker
       [user]: root
       [pass]: 123456
  [warehouse]: 11
 [connection]: 16
     [rampup]: 22 (sec.)
    [measure]: 60 (sec.)

RAMP-UP TIME.(22 sec.)

MEASURING START.

  10, trx: 7015, 95%: 20.339, 99%: 24.195, max_rt: 74.916, 7016|34.026, 700|10.304, 701|50.613, 701|79.455
  20, trx: 7014, 95%: 20.121, 99%: 24.686, max_rt: 37.472, 7014|31.868, 702|7.980, 701|45.841, 702|77.737
  30, trx: 6940, 95%: 20.321, 99%: 24.472, max_rt: 40.419, 6941|31.830, 694|6.258, 695|41.325, 693|72.222
  40, trx: 6945, 95%: 20.671, 99%: 25.504, max_rt: 41.575, 6940|33.251, 694|9.236, 695|42.097, 696|74.636
  50, trx: 7124, 95%: 19.487, 99%: 23.836, max_rt: 41.802, 7128|26.798, 714|8.738, 711|49.341, 713|68.169
  60, trx: 6958, 95%: 20.523, 99%: 24.693, max_rt: 37.915, 6958|27.543, 695|9.969, 696|42.829, 696|76.175

STOPPING THREADS................

<Raw Results>
  [0] sc:1489 lt:40507  rt:0  fl:0 avg_rt: 16.7 (5)
  [1] sc:36703 lt:5294  rt:0  fl:0 avg_rt: 4.6 (5)
  [2] sc:4173 lt:26  rt:0  fl:0 avg_rt: 1.9 (5)
  [3] sc:4199 lt:0  rt:0  fl:0 avg_rt: 30.1 (80)
  [4] sc:2 lt:4199  rt:0  fl:0 avg_rt: 67.3 (20)
 in 60 sec.

<Raw Results2(sum ver.)>
  [0] sc:1489  lt:40507  rt:0  fl:0 
  [1] sc:36703  lt:5294  rt:0  fl:0 
  [2] sc:4173  lt:26  rt:0  fl:0 
  [3] sc:4199  lt:0  rt:0  fl:0 
  [4] sc:2  lt:4199  rt:0  fl:0 

<Constraint Check> (all must be [OK])
 [transaction percentage]
        Payment: 43.48% (>=43.0%) [OK]
   Order-Status: 4.35% (>= 4.0%) [OK]
       Delivery: 4.35% (>= 4.0%) [OK]
    Stock-Level: 4.35% (>= 4.0%) [OK]
 [response time (at least 90% passed)]
      New-Order: 3.55%  [NG] *
        Payment: 87.39%  [NG] *
   Order-Status: 99.38%  [OK]
       Delivery: 100.00%  [OK]
    Stock-Level: 0.05%  [NG] *

<TpmC>
                 41996.000 TpmC
