***************************************
*** ###easy### TPC-C Load Generator ***
***************************************
option h with value '192.168.122.83'
option P with value '3306'
option d with value 'benchmarker'
option u with value 'root'
option p with value '123456'
option w with value '11'
option c with value '8'
option r with value '22'
option l with value '60'
option i with value '10'
<Parameters>
     [server]: 192.168.122.83
     [port]: 3306
     [DBname]: benchmarker
       [user]: root
       [pass]: 123456
  [warehouse]: 11
 [connection]: 8
     [rampup]: 22 (sec.)
    [measure]: 60 (sec.)

RAMP-UP TIME.(22 sec.)

MEASURING START.

  10, trx: 1972, 95%: 39.626, 99%: 50.453, max_rt: 309.122, 1973|200.284, 197|17.590, 197|675.967, 198|321.356
  20, trx: 2045, 95%: 35.738, 99%: 42.374, max_rt: 58.383, 2045|42.828, 205|8.517, 204|101.752, 204|127.905
  30, trx: 2043, 95%: 37.954, 99%: 45.612, max_rt: 67.815, 2040|36.069, 204|10.733, 205|103.732, 204|125.828
  40, trx: 1964, 95%: 38.885, 99%: 46.829, max_rt: 89.072, 1966|44.111, 196|13.442, 196|95.050, 197|136.647
  50, trx: 2039, 95%: 38.411, 99%: 46.773, max_rt: 83.134, 2038|43.587, 204|13.464, 204|104.651, 204|123.661
  60, trx: 1996, 95%: 37.977, 99%: 46.383, max_rt: 58.080, 1995|41.695, 199|12.283, 199|98.823, 199|126.988

STOPPING THREADS........

<Raw Results>
  [0] sc:53 lt:12006  rt:0  fl:0 avg_rt: 28.6 (5)
  [1] sc:6607 lt:5450  rt:0  fl:0 avg_rt: 7.4 (5)
  [2] sc:1089 lt:116  rt:0  fl:0 avg_rt: 3.6 (5)
  [3] sc:1123 lt:82  rt:0  fl:0 avg_rt: 77.7 (80)
  [4] sc:1 lt:1205  rt:0  fl:0 avg_rt: 102.4 (20)
 in 60 sec.

<Raw Results2(sum ver.)>
  [0] sc:53  lt:12006  rt:0  fl:0 
  [1] sc:6607  lt:5452  rt:0  fl:0 
  [2] sc:1089  lt:116  rt:0  fl:0 
  [3] sc:1123  lt:82  rt:0  fl:0 
  [4] sc:1  lt:1205  rt:0  fl:0 

<Constraint Check> (all must be [OK])
 [transaction percentage]
        Payment: 43.48% (>=43.0%) [OK]
   Order-Status: 4.35% (>= 4.0%) [OK]
       Delivery: 4.35% (>= 4.0%) [OK]
    Stock-Level: 4.35% (>= 4.0%) [OK]
 [response time (at least 90% passed)]
      New-Order: 0.44%  [NG] *
        Payment: 54.80%  [NG] *
   Order-Status: 90.37%  [OK]
       Delivery: 93.20%  [OK]
    Stock-Level: 0.08%  [NG] *

<TpmC>
                 12059.000 TpmC
