***************************************
*** ###easy### TPC-C Load Generator ***
***************************************
option h with value '192.168.122.81'
option P with value '3306'
option d with value 'benchmarker'
option u with value 'root'
option p with value '123456'
option w with value '11'
option c with value '1'
option r with value '22'
option l with value '60'
option i with value '10'
<Parameters>
     [server]: 192.168.122.81
     [port]: 3306
     [DBname]: benchmarker
       [user]: root
       [pass]: 123456
  [warehouse]: 11
 [connection]: 1
     [rampup]: 22 (sec.)
    [measure]: 60 (sec.)

RAMP-UP TIME.(22 sec.)

MEASURING START.

  10, trx: 876, 95%: 10.102, 99%: 16.539, max_rt: 24.766, 873|10.400, 88|4.079, 88|50.402, 87|33.191
  20, trx: 878, 95%: 8.338, 99%: 15.082, max_rt: 24.333, 882|8.090, 87|7.126, 89|39.159, 89|29.676
  30, trx: 908, 95%: 9.348, 99%: 16.186, max_rt: 28.122, 910|8.226, 91|4.053, 90|31.395, 90|34.743
  40, trx: 945, 95%: 8.022, 99%: 13.134, max_rt: 18.613, 943|9.777, 94|3.686, 94|39.463, 94|29.967
  50, trx: 951, 95%: 8.217, 99%: 14.287, max_rt: 18.228, 950|8.005, 95|3.148, 96|36.357, 95|28.517
  60, trx: 920, 95%: 8.737, 99%: 12.565, max_rt: 17.503, 913|11.080, 93|2.902, 92|32.703, 93|31.650

STOPPING THREADS.

<Raw Results>
  [0] sc:2208 lt:3270  rt:0  fl:0 avg_rt: 7.8 (5)
  [1] sc:5441 lt:31  rt:0  fl:0 avg_rt: 2.2 (5)
  [2] sc:547 lt:1  rt:0  fl:0 avg_rt: 1.2 (5)
  [3] sc:549 lt:0  rt:0  fl:0 avg_rt: 22.7 (80)
  [4] sc:448 lt:100  rt:0  fl:0 avg_rt: 25.2 (20)
 in 60 sec.

<Raw Results2(sum ver.)>
  [0] sc:2208  lt:3270  rt:0  fl:0 
  [1] sc:5441  lt:31  rt:0  fl:0 
  [2] sc:547  lt:1  rt:0  fl:0 
  [3] sc:549  lt:0  rt:0  fl:0 
  [4] sc:448  lt:100  rt:0  fl:0 

<Constraint Check> (all must be [OK])
 [transaction percentage]
        Payment: 43.45% (>=43.0%) [OK]
   Order-Status: 4.35% (>= 4.0%) [OK]
       Delivery: 4.36% (>= 4.0%) [OK]
    Stock-Level: 4.35% (>= 4.0%) [OK]
 [response time (at least 90% passed)]
      New-Order: 40.31%  [NG] *
        Payment: 99.43%  [OK]
   Order-Status: 99.82%  [OK]
       Delivery: 100.00%  [OK]
    Stock-Level: 81.75%  [NG] *

<TpmC>
                 5478.000 TpmC
