***************************************
*** ###easy### TPC-C Load Generator ***
***************************************
option h with value '10.0.1.105'
option P with value '3306'
option d with value 'benchmarker'
option u with value 'root'
option p with value '123456'
option w with value '11'
option c with value '16'
option r with value '22'
option l with value '60'
option i with value '10'
<Parameters>
     [server]: 10.0.1.105
     [port]: 3306
     [DBname]: benchmarker
       [user]: root
       [pass]: 123456
  [warehouse]: 11
 [connection]: 16
     [rampup]: 22 (sec.)
    [measure]: 60 (sec.)

RAMP-UP TIME.(22 sec.)

MEASURING START.

  10, trx: 19412, 95%: 6.469, 99%: 8.991, max_rt: 22.948, 19415|15.599, 1941|3.309, 1941|35.475, 1943|23.948
  20, trx: 19635, 95%: 6.409, 99%: 8.656, max_rt: 17.188, 19631|11.932, 1963|2.287, 1964|23.834, 1963|22.885
  30, trx: 19548, 95%: 6.455, 99%: 8.943, max_rt: 23.030, 19550|13.302, 1956|1.594, 1955|27.212, 1955|23.224
  40, trx: 19587, 95%: 6.333, 99%: 8.697, max_rt: 17.413, 19587|14.855, 1957|4.317, 1959|22.614, 1959|19.613
  50, trx: 19377, 95%: 6.549, 99%: 8.967, max_rt: 16.732, 19373|11.564, 1939|9.446, 1937|27.112, 1938|25.937
  60, trx: 19349, 95%: 6.533, 99%: 9.002, max_rt: 16.985, 19345|11.297, 1935|1.798, 1934|22.226, 1934|20.416

STOPPING THREADS................

<Raw Results>
  [0] sc:82944 lt:33965  rt:0  fl:0 avg_rt: 5.8 (5)
  [1] sc:115107 lt:1797  rt:0  fl:0 avg_rt: 1.8 (5)
  [2] sc:11690 lt:1  rt:0  fl:0 avg_rt: 0.7 (5)
  [3] sc:11690 lt:0  rt:0  fl:0 avg_rt: 16.3 (80)
  [4] sc:11677 lt:15  rt:0  fl:0 avg_rt: 19.0 (20)
 in 60 sec.

<Raw Results2(sum ver.)>
  [0] sc:82946  lt:33965  rt:0  fl:0 
  [1] sc:115116  lt:1797  rt:0  fl:0 
  [2] sc:11690  lt:1  rt:0  fl:0 
  [3] sc:11691  lt:0  rt:0  fl:0 
  [4] sc:11677  lt:15  rt:0  fl:0 

<Constraint Check> (all must be [OK])
 [transaction percentage]
        Payment: 43.48% (>=43.0%) [OK]
   Order-Status: 4.35% (>= 4.0%) [OK]
       Delivery: 4.35% (>= 4.0%) [OK]
    Stock-Level: 4.35% (>= 4.0%) [OK]
 [response time (at least 90% passed)]
      New-Order: 70.95%  [NG] *
        Payment: 98.46%  [OK]
   Order-Status: 99.99%  [OK]
       Delivery: 100.00%  [OK]
    Stock-Level: 99.87%  [OK]

<TpmC>
                 116909.000 TpmC
