***************************************
*** ###easy### TPC-C Load Generator ***
***************************************
option h with value '10.0.1.105'
option P with value '3306'
option d with value 'benchmarker'
option u with value 'root'
option p with value '123456'
option w with value '11'
option c with value '8'
option r with value '22'
option l with value '60'
option i with value '10'
<Parameters>
     [server]: 10.0.1.105
     [port]: 3306
     [DBname]: benchmarker
       [user]: root
       [pass]: 123456
  [warehouse]: 11
 [connection]: 8
     [rampup]: 22 (sec.)
    [measure]: 60 (sec.)

RAMP-UP TIME.(22 sec.)

MEASURING START.

  10, trx: 10723, 95%: 5.727, 99%: 7.441, max_rt: 18.129, 10725|9.870, 1072|1.439, 1072|25.603, 1072|21.239
  20, trx: 10582, 95%: 5.740, 99%: 7.283, max_rt: 13.298, 10579|8.661, 1058|1.328, 1058|19.703, 1059|19.235
  30, trx: 10574, 95%: 5.761, 99%: 7.386, max_rt: 16.840, 10575|13.493, 1058|1.349, 1058|19.822, 1058|17.395
  40, trx: 10503, 95%: 5.797, 99%: 7.642, max_rt: 14.769, 10503|16.626, 1050|1.259, 1050|19.911, 1050|19.358
  50, trx: 10531, 95%: 5.831, 99%: 7.491, max_rt: 17.275, 10526|8.298, 1053|1.347, 1053|21.614, 1052|18.630
  60, trx: 10542, 95%: 5.751, 99%: 7.231, max_rt: 13.039, 10546|9.204, 1055|1.170, 1054|25.042, 1055|19.638

STOPPING THREADS........

<Raw Results>
  [0] sc:49537 lt:13920  rt:0  fl:0 avg_rt: 5.5 (5)
  [1] sc:63183 lt:271  rt:0  fl:0 avg_rt: 1.5 (5)
  [2] sc:6346 lt:0  rt:0  fl:0 avg_rt: 0.7 (5)
  [3] sc:6345 lt:0  rt:0  fl:0 avg_rt: 14.6 (80)
  [4] sc:6346 lt:0  rt:0  fl:0 avg_rt: 18.7 (20)
 in 60 sec.

<Raw Results2(sum ver.)>
  [0] sc:49537  lt:13920  rt:0  fl:0 
  [1] sc:63189  lt:271  rt:0  fl:0 
  [2] sc:6346  lt:0  rt:0  fl:0 
  [3] sc:6345  lt:0  rt:0  fl:0 
  [4] sc:6346  lt:0  rt:0  fl:0 

<Constraint Check> (all must be [OK])
 [transaction percentage]
        Payment: 43.48% (>=43.0%) [OK]
   Order-Status: 4.35% (>= 4.0%) [OK]
       Delivery: 4.35% (>= 4.0%) [OK]
    Stock-Level: 4.35% (>= 4.0%) [OK]
 [response time (at least 90% passed)]
      New-Order: 78.06%  [NG] *
        Payment: 99.57%  [OK]
   Order-Status: 100.00%  [OK]
       Delivery: 100.00%  [OK]
    Stock-Level: 100.00%  [OK]

<TpmC>
                 63457.000 TpmC
