***************************************
*** ###easy### TPC-C Load Generator ***
***************************************
option h with value '10.0.1.105'
option P with value '3306'
option d with value 'benchmarker'
option u with value 'root'
option p with value '123456'
option w with value '11'
option c with value '1'
option r with value '22'
option l with value '60'
option i with value '10'
<Parameters>
     [server]: 10.0.1.105
     [port]: 3306
     [DBname]: benchmarker
       [user]: root
       [pass]: 123456
  [warehouse]: 11
 [connection]: 1
     [rampup]: 22 (sec.)
    [measure]: 60 (sec.)

RAMP-UP TIME.(22 sec.)

MEASURING START.

  10, trx: 1102, 95%: 8.718, 99%: 11.177, max_rt: 14.875, 1101|7.781, 110|2.362, 111|26.618, 109|37.504
  20, trx: 1263, 95%: 6.129, 99%: 6.513, max_rt: 7.276, 1264|1.868, 126|0.893, 126|17.626, 127|19.777
  30, trx: 1269, 95%: 6.035, 99%: 6.453, max_rt: 8.123, 1273|1.947, 128|1.798, 127|13.893, 127|18.462
  40, trx: 1281, 95%: 5.952, 99%: 6.137, max_rt: 7.149, 1277|2.268, 128|0.848, 128|12.982, 128|18.306
  50, trx: 1091, 95%: 7.986, 99%: 10.955, max_rt: 12.377, 1096|2.604, 109|1.643, 109|24.086, 109|29.773
  60, trx: 1203, 95%: 6.376, 99%: 7.151, max_rt: 10.051, 1202|3.083, 120|0.844, 120|15.821, 121|20.118

STOPPING THREADS.

<Raw Results>
  [0] sc:4607 lt:2602  rt:0  fl:0 avg_rt: 6.1 (5)
  [1] sc:7213 lt:0  rt:0  fl:0 avg_rt: 1.5 (5)
  [2] sc:721 lt:0  rt:0  fl:0 avg_rt: 0.8 (5)
  [3] sc:721 lt:0  rt:0  fl:0 avg_rt: 15.0 (80)
  [4] sc:679 lt:42  rt:0  fl:0 avg_rt: 21.9 (20)
 in 60 sec.

<Raw Results2(sum ver.)>
  [0] sc:4607  lt:2602  rt:0  fl:0 
  [1] sc:7213  lt:0  rt:0  fl:0 
  [2] sc:721  lt:0  rt:0  fl:0 
  [3] sc:721  lt:0  rt:0  fl:0 
  [4] sc:679  lt:42  rt:0  fl:0 

<Constraint Check> (all must be [OK])
 [transaction percentage]
        Payment: 43.49% (>=43.0%) [OK]
   Order-Status: 4.35% (>= 4.0%) [OK]
       Delivery: 4.35% (>= 4.0%) [OK]
    Stock-Level: 4.35% (>= 4.0%) [OK]
 [response time (at least 90% passed)]
      New-Order: 63.91%  [NG] *
        Payment: 100.00%  [OK]
   Order-Status: 100.00%  [OK]
       Delivery: 100.00%  [OK]
    Stock-Level: 94.17%  [OK]

<TpmC>
                 7209.000 TpmC
