***************************************
*** ###easy### TPC-C Load Generator ***
***************************************
option h with value '192.168.122.79'
option P with value '3306'
option d with value 'benchmarker'
option u with value 'root'
option p with value '123456'
option w with value '11'
option c with value '8'
option r with value '22'
option l with value '60'
option i with value '10'
<Parameters>
     [server]: 192.168.122.79
     [port]: 3306
     [DBname]: benchmarker
       [user]: root
       [pass]: 123456
  [warehouse]: 11
 [connection]: 8
     [rampup]: 22 (sec.)
    [measure]: 60 (sec.)

RAMP-UP TIME.(22 sec.)

MEASURING START.

  10, trx: 2022, 95%: 38.308, 99%: 50.197, max_rt: 294.679, 2022|135.640, 202|54.457, 201|319.374, 202|536.585
  20, trx: 2026, 95%: 37.536, 99%: 45.639, max_rt: 55.773, 2026|39.652, 203|15.386, 204|110.512, 203|130.015
  30, trx: 2083, 95%: 36.060, 99%: 44.612, max_rt: 68.014, 2084|31.965, 208|16.567, 208|105.256, 208|121.150
  40, trx: 2081, 95%: 36.735, 99%: 44.293, max_rt: 58.065, 2082|34.321, 208|8.685, 209|112.596, 208|123.491
  50, trx: 2068, 95%: 35.578, 99%: 42.654, max_rt: 56.990, 2067|37.418, 207|18.283, 206|87.380, 208|138.157
  60, trx: 2081, 95%: 36.473, 99%: 43.206, max_rt: 53.442, 2079|35.805, 208|19.724, 208|93.092, 207|144.739

STOPPING THREADS........

<Raw Results>
  [0] sc:56 lt:12305  rt:0  fl:0 avg_rt: 27.7 (5)
  [1] sc:7023 lt:5337  rt:0  fl:0 avg_rt: 7.4 (5)
  [2] sc:1102 lt:134  rt:0  fl:0 avg_rt: 4.1 (5)
  [3] sc:1167 lt:69  rt:0  fl:0 avg_rt: 74.5 (80)
  [4] sc:1 lt:1235  rt:0  fl:0 avg_rt: 100.4 (20)
 in 60 sec.

<Raw Results2(sum ver.)>
  [0] sc:56  lt:12305  rt:0  fl:0 
  [1] sc:7023  lt:5337  rt:0  fl:0 
  [2] sc:1102  lt:134  rt:0  fl:0 
  [3] sc:1167  lt:69  rt:0  fl:0 
  [4] sc:1  lt:1235  rt:0  fl:0 

<Constraint Check> (all must be [OK])
 [transaction percentage]
        Payment: 43.48% (>=43.0%) [OK]
   Order-Status: 4.35% (>= 4.0%) [OK]
       Delivery: 4.35% (>= 4.0%) [OK]
    Stock-Level: 4.35% (>= 4.0%) [OK]
 [response time (at least 90% passed)]
      New-Order: 0.45%  [NG] *
        Payment: 56.82%  [NG] *
   Order-Status: 89.16%  [NG] *
       Delivery: 94.42%  [OK]
    Stock-Level: 0.08%  [NG] *

<TpmC>
                 12361.000 TpmC
