***************************************
*** ###easy### TPC-C Load Generator ***
***************************************
option h with value '192.168.122.77'
option P with value '3306'
option d with value 'benchmarker'
option u with value 'root'
option p with value '123456'
option w with value '11'
option c with value '8'
option r with value '22'
option l with value '60'
option i with value '10'
<Parameters>
     [server]: 192.168.122.77
     [port]: 3306
     [DBname]: benchmarker
       [user]: root
       [pass]: 123456
  [warehouse]: 11
 [connection]: 8
     [rampup]: 22 (sec.)
    [measure]: 60 (sec.)

RAMP-UP TIME.(22 sec.)

MEASURING START.

  10, trx: 5593, 95%: 13.465, 99%: 18.261, max_rt: 37.648, 5592|25.583, 560|6.817, 560|46.618, 559|63.439
  20, trx: 5450, 95%: 14.805, 99%: 18.895, max_rt: 30.168, 5456|26.335, 545|6.881, 545|38.039, 546|47.975
  30, trx: 5251, 95%: 15.462, 99%: 20.677, max_rt: 33.056, 5249|23.530, 525|7.229, 524|41.498, 524|55.301
  40, trx: 5062, 95%: 15.984, 99%: 20.695, max_rt: 27.604, 5058|25.225, 506|14.046, 506|36.238, 506|52.188
  50, trx: 5042, 95%: 15.955, 99%: 20.882, max_rt: 32.265, 5044|25.444, 504|4.495, 505|44.006, 504|46.286
  60, trx: 5109, 95%: 15.998, 99%: 20.907, max_rt: 35.703, 5110|20.418, 511|6.132, 511|47.163, 512|53.670

STOPPING THREADS........

<Raw Results>
  [0] sc:6160 lt:25347  rt:0  fl:0 avg_rt: 11.1 (5)
  [1] sc:30059 lt:1450  rt:0  fl:0 avg_rt: 3.1 (5)
  [2] sc:3143 lt:8  rt:0  fl:0 avg_rt: 1.8 (5)
  [3] sc:3151 lt:0  rt:0  fl:0 avg_rt: 28.8 (80)
  [4] sc:291 lt:2860  rt:0  fl:0 avg_rt: 34.9 (20)
 in 60 sec.

<Raw Results2(sum ver.)>
  [0] sc:6160  lt:25347  rt:0  fl:0 
  [1] sc:30059  lt:1450  rt:0  fl:0 
  [2] sc:3143  lt:8  rt:0  fl:0 
  [3] sc:3151  lt:0  rt:0  fl:0 
  [4] sc:291  lt:2860  rt:0  fl:0 

<Constraint Check> (all must be [OK])
 [transaction percentage]
        Payment: 43.48% (>=43.0%) [OK]
   Order-Status: 4.35% (>= 4.0%) [OK]
       Delivery: 4.35% (>= 4.0%) [OK]
    Stock-Level: 4.35% (>= 4.0%) [OK]
 [response time (at least 90% passed)]
      New-Order: 19.55%  [NG] *
        Payment: 95.40%  [OK]
   Order-Status: 99.75%  [OK]
       Delivery: 100.00%  [OK]
    Stock-Level: 9.24%  [NG] *

<TpmC>
                 31507.000 TpmC
