***************************************
*** ###easy### TPC-C Load Generator ***
***************************************
option h with value '192.168.122.77'
option P with value '3306'
option d with value 'benchmarker'
option u with value 'root'
option p with value '123456'
option w with value '11'
option c with value '64'
option r with value '22'
option l with value '60'
option i with value '10'
<Parameters>
     [server]: 192.168.122.77
     [port]: 3306
     [DBname]: benchmarker
       [user]: root
       [pass]: 123456
  [warehouse]: 11
 [connection]: 64
     [rampup]: 22 (sec.)
    [measure]: 60 (sec.)

RAMP-UP TIME.(22 sec.)

MEASURING START.

  10, trx: 5010, 95%: 116.025, 99%: 155.347, max_rt: 395.862, 5007|343.402, 501|62.297, 501|385.146, 500|394.770
  20, trx: 5026, 95%: 115.747, 99%: 149.686, max_rt: 235.861, 5029|381.438, 502|58.117, 504|333.802, 496|329.877
  30, trx: 4998, 95%: 118.411, 99%: 155.859, max_rt: 265.579, 5003|314.507, 501|97.438, 497|373.490, 501|352.202
  40, trx: 4969, 95%: 118.624, 99%: 155.300, max_rt: 271.916, 4963|286.586, 495|76.519, 497|371.143, 501|303.382
  50, trx: 4900, 95%: 122.521, 99%: 159.684, max_rt: 281.357, 4903|295.385, 491|71.599, 491|428.016, 490|311.233
  60, trx: 5007, 95%: 118.340, 99%: 155.300, max_rt: 251.041, 5008|274.220, 501|57.712, 498|378.896, 503|285.938

STOPPING THREADS................................................................

<Raw Results>
  [0] sc:41 lt:29869  rt:0  fl:0 avg_rt: 75.1 (5)
  [1] sc:3180 lt:26733  rt:0  fl:0 avg_rt: 59.9 (5)
  [2] sc:1789 lt:1202  rt:0  fl:0 avg_rt: 8.9 (5)
  [3] sc:251 lt:2737  rt:0  fl:0 avg_rt: 210.8 (80)
  [4] sc:1 lt:2990  rt:0  fl:0 avg_rt: 176.9 (20)
 in 60 sec.

<Raw Results2(sum ver.)>
  [0] sc:41  lt:29869  rt:0  fl:0 
  [1] sc:3180  lt:26747  rt:0  fl:0 
  [2] sc:1789  lt:1202  rt:0  fl:0 
  [3] sc:251  lt:2737  rt:0  fl:0 
  [4] sc:1  lt:2990  rt:0  fl:0 

<Constraint Check> (all must be [OK])
 [transaction percentage]
        Payment: 43.48% (>=43.0%) [OK]
   Order-Status: 4.35% (>= 4.0%) [OK]
       Delivery: 4.34% (>= 4.0%) [OK]
    Stock-Level: 4.35% (>= 4.0%) [OK]
 [response time (at least 90% passed)]
      New-Order: 0.14%  [NG] *
        Payment: 10.63%  [NG] *
   Order-Status: 59.81%  [NG] *
       Delivery: 8.40%  [NG] *
    Stock-Level: 0.03%  [NG] *

<TpmC>
                 29910.000 TpmC
