randw-4K-n1-c1: (g=0): rw=randwrite, bs=(R) 4096B-4096B, (W) 4096B-4096B, (T) 4096B-4096B, ioengine=libaio, iodepth=32
randw-4K-n2-c2: (g=1): rw=randwrite, bs=(R) 4096B-4096B, (W) 4096B-4096B, (T) 4096B-4096B, ioengine=libaio, iodepth=32
...
randw-4K-n4-c4: (g=2): rw=randwrite, bs=(R) 4096B-4096B, (W) 4096B-4096B, (T) 4096B-4096B, ioengine=libaio, iodepth=32
...
randw-4K-n8-c8: (g=3): rw=randwrite, bs=(R) 4096B-4096B, (W) 4096B-4096B, (T) 4096B-4096B, ioengine=libaio, iodepth=32
...
randw-4K-n12-c12: (g=4): rw=randwrite, bs=(R) 4096B-4096B, (W) 4096B-4096B, (T) 4096B-4096B, ioengine=libaio, iodepth=32
...
fio-3.1
Starting 27 processes

randw-4K-n1-c1: (groupid=0, jobs=1): err= 0: pid=1844: Thu Jul 25 20:44:42 2019
  write: IOPS=28.5k, BW=111MiB/s (117MB/s)(3342MiB/30004msec)
    slat (usec): min=2, max=810, avg= 5.78, stdev= 4.35
    clat (nsec): min=1717, max=8784.7k, avg=1111436.53, stdev=1038089.85
     lat (usec): min=14, max=8789, avg=1118.28, stdev=1038.05
    clat percentiles (usec):
     | 10.000th=[   61], 20.000th=[  172], 30.000th=[  351], 40.000th=[  570],
     | 50.000th=[  840], 70.000th=[ 1319], 90.000th=[ 2868], 99.000th=[ 3392],
     | 99.900th=[ 6325], 99.990th=[ 7898], 99.999th=[ 8586]
   bw (  KiB/s): min=82557, max=335485, per=78.80%, avg=89875.88, stdev=33166.57, samples=59
   iops        : min=20639, max=83871, avg=22468.58, stdev=8291.66, samples=59
  lat (usec)   : 2=0.01%, 4=0.01%, 10=0.01%, 20=2.45%, 50=5.97%
  lat (usec)   : 100=6.49%, 250=8.26%, 500=14.58%, 750=8.96%, 1000=10.76%
  lat (msec)   : 2=20.90%, 4=21.17%, 10=0.46%
  cpu          : usr=20.50%, sys=21.49%, ctx=100754, majf=0, minf=9
  IO depths    : 1=0.1%, 2=0.1%, 4=0.1%, 8=0.1%, 16=0.1%, 32=100.0%, >=64=0.0%
     submit    : 0=0.0%, 4=100.0%, 8=0.0%, 16=0.0%, 32=0.0%, 64=0.0%, >=64=0.0%
     complete  : 0=0.0%, 4=100.0%, 8=0.0%, 16=0.0%, 32=0.1%, 64=0.0%, >=64=0.0%
     issued rwt: total=0,855531,0, short=0,0,0, dropped=0,0,0
     latency   : target=0, window=0, percentile=100.00%, depth=32
randw-4K-n2-c2: (groupid=1, jobs=2): err= 0: pid=1848: Thu Jul 25 20:44:42 2019
  write: IOPS=28.0k, BW=110MiB/s (115MB/s)(3286MiB/30003msec)
    slat (usec): min=2, max=3070, avg= 6.67, stdev= 6.45
    clat (nsec): min=1637, max=11253k, avg=2270340.61, stdev=1690568.82
     lat (usec): min=15, max=11257, avg=2278.14, stdev=1690.43
    clat percentiles (usec):
     | 10.000th=[  153], 20.000th=[  537], 30.000th=[ 1012], 40.000th=[ 1532],
     | 50.000th=[ 2114], 70.000th=[ 3261], 90.000th=[ 4424], 99.000th=[ 6325],
     | 99.900th=[ 8094], 99.990th=[ 9372], 99.999th=[11207]
   bw (  KiB/s): min=41484, max=99307, per=39.65%, avg=44465.69, stdev=7366.99, samples=118
   iops        : min=10371, max=24826, avg=11116.03, stdev=1841.73, samples=118
  lat (usec)   : 2=0.01%, 4=0.01%, 10=0.01%, 20=0.63%, 50=3.35%
  lat (usec)   : 100=3.80%, 250=5.10%, 500=6.36%, 750=5.29%, 1000=5.17%
  lat (msec)   : 2=18.32%, 4=34.49%, 10=17.48%, 20=0.01%
  cpu          : usr=11.14%, sys=13.44%, ctx=204640, majf=0, minf=16
  IO depths    : 1=0.1%, 2=0.1%, 4=0.1%, 8=0.1%, 16=0.1%, 32=100.0%, >=64=0.0%
     submit    : 0=0.0%, 4=100.0%, 8=0.0%, 16=0.0%, 32=0.0%, 64=0.0%, >=64=0.0%
     complete  : 0=0.0%, 4=100.0%, 8=0.0%, 16=0.0%, 32=0.1%, 64=0.0%, >=64=0.0%
     issued rwt: total=0,841258,0, short=0,0,0, dropped=0,0,0
     latency   : target=0, window=0, percentile=100.00%, depth=32
randw-4K-n4-c4: (groupid=2, jobs=4): err= 0: pid=1852: Thu Jul 25 20:44:42 2019
  write: IOPS=28.3k, BW=111MiB/s (116MB/s)(3322MiB/30006msec)
    slat (usec): min=3, max=839, avg= 8.21, stdev= 6.24
    clat (usec): min=8, max=13618, avg=4501.46, stdev=1810.17
     lat (usec): min=15, max=13658, avg=4510.89, stdev=1810.03
    clat percentiles (usec):
     | 10.000th=[ 2114], 20.000th=[ 2868], 30.000th=[ 3425], 40.000th=[ 3949],
     | 50.000th=[ 4490], 70.000th=[ 5538], 90.000th=[ 6980], 99.000th=[ 8094],
     | 99.900th=[10159], 99.990th=[11863], 99.999th=[13435]
   bw (  KiB/s): min=25669, max=45433, per=23.84%, avg=27023.17, stdev=2888.07, samples=236
   iops        : min= 6417, max=11358, avg=6755.43, stdev=722.02, samples=236
  lat (usec)   : 10=0.01%, 20=0.03%, 50=0.13%, 100=0.19%, 250=0.45%
  lat (usec)   : 500=0.22%, 750=0.13%, 1000=0.25%
  lat (msec)   : 2=7.39%, 4=32.18%, 10=58.91%, 20=0.13%
  cpu          : usr=6.73%, sys=8.63%, ctx=358225, majf=0, minf=38
  IO depths    : 1=0.1%, 2=0.1%, 4=0.1%, 8=0.1%, 16=0.1%, 32=100.0%, >=64=0.0%
     submit    : 0=0.0%, 4=100.0%, 8=0.0%, 16=0.0%, 32=0.0%, 64=0.0%, >=64=0.0%
     complete  : 0=0.0%, 4=100.0%, 8=0.0%, 16=0.0%, 32=0.1%, 64=0.0%, >=64=0.0%
     issued rwt: total=0,850451,0, short=0,0,0, dropped=0,0,0
     latency   : target=0, window=0, percentile=100.00%, depth=32
randw-4K-n8-c8: (groupid=3, jobs=8): err= 0: pid=1858: Thu Jul 25 20:44:42 2019
  write: IOPS=28.2k, BW=110MiB/s (115MB/s)(3304MiB/30009msec)
    slat (usec): min=3, max=11437, avg=139.97, stdev=547.85
    clat (usec): min=185, max=33638, avg=8932.08, stdev=2886.54
     lat (usec): min=196, max=33647, avg=9073.76, stdev=2969.25
    clat percentiles (usec):
     | 10.000th=[ 5538], 20.000th=[ 6652], 30.000th=[ 7504], 40.000th=[ 8094],
     | 50.000th=[ 8586], 70.000th=[ 9896], 90.000th=[12649], 99.000th=[17171],
     | 99.900th=[21103], 99.990th=[24511], 99.999th=[28967]
   bw (  KiB/s): min= 8071, max=24689, per=9.32%, avg=10510.00, stdev=1940.78, samples=472
   iops        : min= 2017, max= 6172, avg=2627.12, stdev=485.19, samples=472
  lat (usec)   : 250=0.01%, 500=0.02%, 750=0.03%, 1000=0.08%
  lat (msec)   : 2=0.36%, 4=1.71%, 10=69.32%, 20=28.27%, 50=0.21%
  cpu          : usr=4.39%, sys=5.96%, ctx=325952, majf=0, minf=75
  IO depths    : 1=0.1%, 2=0.1%, 4=0.1%, 8=0.1%, 16=0.1%, 32=100.0%, >=64=0.0%
     submit    : 0=0.0%, 4=100.0%, 8=0.0%, 16=0.0%, 32=0.0%, 64=0.0%, >=64=0.0%
     complete  : 0=0.0%, 4=100.0%, 8=0.0%, 16=0.0%, 32=0.1%, 64=0.0%, >=64=0.0%
     issued rwt: total=0,845938,0, short=0,0,0, dropped=0,0,0
     latency   : target=0, window=0, percentile=100.00%, depth=32
randw-4K-n12-c12: (groupid=4, jobs=12): err= 0: pid=1870: Thu Jul 25 20:44:42 2019
  write: IOPS=26.7k, BW=104MiB/s (110MB/s)(3136MiB/30016msec)
    slat (usec): min=3, max=13814, avg=96.33, stdev=516.22
    clat (usec): min=2024, max=50464, avg=14249.00, stdev=3469.42
     lat (usec): min=2035, max=50479, avg=14347.31, stdev=3522.94
    clat percentiles (usec):
     | 10.000th=[10421], 20.000th=[11600], 30.000th=[12387], 40.000th=[13042],
     | 50.000th=[13829], 70.000th=[15533], 90.000th=[19006], 99.000th=[23987],
     | 99.900th=[29492], 99.990th=[35390], 99.999th=[47449]
   bw (  KiB/s): min= 7120, max=13464, per=8.37%, avg=8956.47, stdev=1092.15, samples=720
   iops        : min= 1780, max= 3366, avg=2238.76, stdev=273.05, samples=720
  lat (msec)   : 4=0.12%, 10=6.55%, 20=86.15%, 50=7.18%, 100=0.01%
  cpu          : usr=3.61%, sys=5.24%, ctx=437270, majf=0, minf=109
  IO depths    : 1=0.1%, 2=0.1%, 4=0.1%, 8=0.1%, 16=0.1%, 32=100.0%, >=64=0.0%
     submit    : 0=0.0%, 4=100.0%, 8=0.0%, 16=0.0%, 32=0.0%, 64=0.0%, >=64=0.0%
     complete  : 0=0.0%, 4=100.0%, 8=0.0%, 16=0.0%, 32=0.1%, 64=0.0%, >=64=0.0%
     issued rwt: total=0,802799,0, short=0,0,0, dropped=0,0,0
     latency   : target=0, window=0, percentile=100.00%, depth=32

Run status group 0 (all jobs):
  WRITE: bw=111MiB/s (117MB/s), 111MiB/s-111MiB/s (117MB/s-117MB/s), io=3342MiB (3504MB), run=30004-30004msec

Run status group 1 (all jobs):
  WRITE: bw=110MiB/s (115MB/s), 110MiB/s-110MiB/s (115MB/s-115MB/s), io=3286MiB (3446MB), run=30003-30003msec

Run status group 2 (all jobs):
  WRITE: bw=111MiB/s (116MB/s), 111MiB/s-111MiB/s (116MB/s-116MB/s), io=3322MiB (3483MB), run=30006-30006msec

Run status group 3 (all jobs):
  WRITE: bw=110MiB/s (115MB/s), 110MiB/s-110MiB/s (115MB/s-115MB/s), io=3304MiB (3465MB), run=30009-30009msec

Run status group 4 (all jobs):
  WRITE: bw=104MiB/s (110MB/s), 104MiB/s-104MiB/s (110MB/s-110MB/s), io=3136MiB (3288MB), run=30016-30016msec

Disk stats (read/write):
  vda: ios=316/4190481, merge=0/0, ticks=1140/23750924, in_queue=23881760, util=99.16%
