randw-4K-n1-c1: (g=0): rw=randwrite, bs=(R) 4096B-4096B, (W) 4096B-4096B, (T) 4096B-4096B, ioengine=libaio, iodepth=32
randw-4K-n2-c2: (g=1): rw=randwrite, bs=(R) 4096B-4096B, (W) 4096B-4096B, (T) 4096B-4096B, ioengine=libaio, iodepth=32
...
randw-4K-n4-c4: (g=2): rw=randwrite, bs=(R) 4096B-4096B, (W) 4096B-4096B, (T) 4096B-4096B, ioengine=libaio, iodepth=32
...
randw-4K-n8-c8: (g=3): rw=randwrite, bs=(R) 4096B-4096B, (W) 4096B-4096B, (T) 4096B-4096B, ioengine=libaio, iodepth=32
...
randw-4K-n12-c12: (g=4): rw=randwrite, bs=(R) 4096B-4096B, (W) 4096B-4096B, (T) 4096B-4096B, ioengine=libaio, iodepth=32
...
fio-3.1
Starting 27 processes

randw-4K-n1-c1: (groupid=0, jobs=1): err= 0: pid=1299: Thu Jul 25 20:44:42 2019
  write: IOPS=27.6k, BW=108MiB/s (113MB/s)(3230MiB/30002msec)
    slat (usec): min=3, max=808, avg= 4.89, stdev= 3.62
    clat (nsec): min=1851, max=8645.0k, avg=1151337.84, stdev=1040022.92
     lat (usec): min=15, max=8650, avg=1157.27, stdev=1039.94
    clat percentiles (usec):
     | 10.000th=[   47], 20.000th=[  133], 30.000th=[  404], 40.000th=[  676],
     | 50.000th=[  914], 70.000th=[ 1401], 90.000th=[ 2868], 99.000th=[ 3359],
     | 99.900th=[ 6390], 99.990th=[ 7832], 99.999th=[ 8586]
   bw (  KiB/s): min=84152, max=141418, per=80.01%, avg=88212.66, stdev=7260.47, samples=59
   iops        : min=21038, max=35354, avg=22052.80, stdev=1815.10, samples=59
  lat (usec)   : 2=0.01%, 4=0.01%, 10=0.01%, 20=2.66%, 50=8.07%
  lat (usec)   : 100=6.89%, 250=7.14%, 500=8.76%, 750=9.23%, 1000=12.17%
  lat (msec)   : 2=22.23%, 4=22.41%, 10=0.43%
  cpu          : usr=17.63%, sys=19.10%, ctx=122367, majf=0, minf=9
  IO depths    : 1=0.1%, 2=0.1%, 4=0.1%, 8=0.1%, 16=0.1%, 32=100.0%, >=64=0.0%
     submit    : 0=0.0%, 4=100.0%, 8=0.0%, 16=0.0%, 32=0.0%, 64=0.0%, >=64=0.0%
     complete  : 0=0.0%, 4=100.0%, 8=0.0%, 16=0.0%, 32=0.1%, 64=0.0%, >=64=0.0%
     issued rwt: total=0,826997,0, short=0,0,0, dropped=0,0,0
     latency   : target=0, window=0, percentile=100.00%, depth=32
randw-4K-n2-c2: (groupid=1, jobs=2): err= 0: pid=1304: Thu Jul 25 20:44:42 2019
  write: IOPS=27.5k, BW=107MiB/s (113MB/s)(3222MiB/30006msec)
    slat (usec): min=3, max=805, avg= 6.88, stdev= 4.62
    clat (nsec): min=1826, max=10873k, avg=2315697.28, stdev=1673862.00
     lat (usec): min=15, max=10879, avg=2323.73, stdev=1673.70
    clat percentiles (usec):
     | 10.000th=[  139], 20.000th=[  603], 30.000th=[ 1106], 40.000th=[ 1647],
     | 50.000th=[ 2180], 70.000th=[ 3294], 90.000th=[ 4424], 99.000th=[ 6259],
     | 99.900th=[ 7963], 99.990th=[ 9110], 99.999th=[10159]
   bw (  KiB/s): min=42339, max=66141, per=40.21%, avg=44204.50, stdev=3043.70, samples=118
   iops        : min=10584, max=16535, avg=11050.80, stdev=760.93, samples=118
  lat (usec)   : 2=0.01%, 4=0.01%, 10=0.01%, 20=0.60%, 50=4.56%
  lat (usec)   : 100=3.53%, 250=3.89%, 500=5.25%, 750=4.98%, 1000=5.10%
  lat (msec)   : 2=18.45%, 4=35.88%, 10=17.75%, 20=0.01%
  cpu          : usr=11.75%, sys=14.17%, ctx=250491, majf=0, minf=15
  IO depths    : 1=0.1%, 2=0.1%, 4=0.1%, 8=0.1%, 16=0.1%, 32=100.0%, >=64=0.0%
     submit    : 0=0.0%, 4=100.0%, 8=0.0%, 16=0.0%, 32=0.0%, 64=0.0%, >=64=0.0%
     complete  : 0=0.0%, 4=100.0%, 8=0.0%, 16=0.0%, 32=0.1%, 64=0.0%, >=64=0.0%
     issued rwt: total=0,824773,0, short=0,0,0, dropped=0,0,0
     latency   : target=0, window=0, percentile=100.00%, depth=32
randw-4K-n4-c4: (groupid=2, jobs=4): err= 0: pid=1309: Thu Jul 25 20:44:42 2019
  write: IOPS=27.1k, BW=106MiB/s (111MB/s)(3177MiB/30007msec)
    slat (usec): min=3, max=878, avg= 9.57, stdev= 6.46
    clat (usec): min=123, max=12619, avg=4705.48, stdev=1751.64
     lat (usec): min=142, max=12629, avg=4716.48, stdev=1751.39
    clat percentiles (usec):
     | 10.000th=[ 2343], 20.000th=[ 3097], 30.000th=[ 3621], 40.000th=[ 4178],
     | 50.000th=[ 4686], 70.000th=[ 5669], 90.000th=[ 7111], 99.000th=[ 8094],
     | 99.900th=[10290], 99.990th=[11731], 99.999th=[12387]
   bw (  KiB/s): min=24176, max=31367, per=23.05%, avg=24989.46, stdev=923.35, samples=236
   iops        : min= 6044, max= 7841, avg=6246.96, stdev=230.82, samples=236
  lat (usec)   : 250=0.01%, 500=0.01%, 750=0.03%, 1000=0.11%
  lat (msec)   : 2=6.23%, 4=30.27%, 10=63.21%, 20=0.14%
  cpu          : usr=7.66%, sys=10.27%, ctx=395443, majf=0, minf=37
  IO depths    : 1=0.1%, 2=0.1%, 4=0.1%, 8=0.1%, 16=0.1%, 32=100.0%, >=64=0.0%
     submit    : 0=0.0%, 4=100.0%, 8=0.0%, 16=0.0%, 32=0.0%, 64=0.0%, >=64=0.0%
     complete  : 0=0.0%, 4=100.0%, 8=0.0%, 16=0.0%, 32=0.1%, 64=0.0%, >=64=0.0%
     issued rwt: total=0,813317,0, short=0,0,0, dropped=0,0,0
     latency   : target=0, window=0, percentile=100.00%, depth=32
randw-4K-n8-c8: (groupid=3, jobs=8): err= 0: pid=1316: Thu Jul 25 20:44:42 2019
  write: IOPS=27.1k, BW=106MiB/s (111MB/s)(3172MiB/30009msec)
    slat (usec): min=3, max=10141, avg=128.42, stdev=520.02
    clat (usec): min=176, max=28187, avg=9322.99, stdev=2610.39
     lat (usec): min=185, max=29207, avg=9453.21, stdev=2682.43
    clat percentiles (usec):
     | 10.000th=[ 6259], 20.000th=[ 7308], 30.000th=[ 7963], 40.000th=[ 8455],
     | 50.000th=[ 8979], 70.000th=[10290], 90.000th=[12649], 99.000th=[16909],
     | 99.900th=[20579], 99.990th=[23987], 99.999th=[26870]
   bw (  KiB/s): min= 7533, max=17436, per=9.00%, avg=9746.04, stdev=1130.02, samples=472
   iops        : min= 1883, max= 4359, avg=2436.14, stdev=282.52, samples=472
  lat (usec)   : 250=0.01%, 500=0.01%, 750=0.01%, 1000=0.01%
  lat (msec)   : 2=0.01%, 4=0.62%, 10=66.59%, 20=32.63%, 50=0.15%
  cpu          : usr=4.52%, sys=6.18%, ctx=332982, majf=0, minf=83
  IO depths    : 1=0.1%, 2=0.1%, 4=0.1%, 8=0.1%, 16=0.1%, 32=100.0%, >=64=0.0%
     submit    : 0=0.0%, 4=100.0%, 8=0.0%, 16=0.0%, 32=0.0%, 64=0.0%, >=64=0.0%
     complete  : 0=0.0%, 4=100.0%, 8=0.0%, 16=0.0%, 32=0.1%, 64=0.0%, >=64=0.0%
     issued rwt: total=0,811976,0, short=0,0,0, dropped=0,0,0
     latency   : target=0, window=0, percentile=100.00%, depth=32
randw-4K-n12-c12: (groupid=4, jobs=12): err= 0: pid=1327: Thu Jul 25 20:44:42 2019
  write: IOPS=25.7k, BW=101MiB/s (105MB/s)(3017MiB/30013msec)
    slat (usec): min=3, max=13577, avg=109.80, stdev=573.55
    clat (usec): min=342, max=49732, avg=14797.83, stdev=3496.57
     lat (usec): min=371, max=49759, avg=14909.61, stdev=3569.27
    clat percentiles (usec):
     | 10.000th=[10945], 20.000th=[11994], 30.000th=[12780], 40.000th=[13566],
     | 50.000th=[14222], 70.000th=[15926], 90.000th=[19530], 99.000th=[25822],
     | 99.900th=[32637], 99.990th=[39060], 99.999th=[46400]
   bw (  KiB/s): min= 6438, max=12144, per=8.37%, avg=8620.57, stdev=890.73, samples=720
   iops        : min= 1609, max= 3036, avg=2154.82, stdev=222.69, samples=720
  lat (usec)   : 500=0.01%, 1000=0.01%
  lat (msec)   : 2=0.01%, 4=0.01%, 10=3.85%, 20=87.46%, 50=8.67%
  cpu          : usr=3.55%, sys=5.06%, ctx=426076, majf=0, minf=117
  IO depths    : 1=0.1%, 2=0.1%, 4=0.1%, 8=0.1%, 16=0.1%, 32=100.0%, >=64=0.0%
     submit    : 0=0.0%, 4=100.0%, 8=0.0%, 16=0.0%, 32=0.0%, 64=0.0%, >=64=0.0%
     complete  : 0=0.0%, 4=100.0%, 8=0.0%, 16=0.0%, 32=0.1%, 64=0.0%, >=64=0.0%
     issued rwt: total=0,772449,0, short=0,0,0, dropped=0,0,0
     latency   : target=0, window=0, percentile=100.00%, depth=32

Run status group 0 (all jobs):
  WRITE: bw=108MiB/s (113MB/s), 108MiB/s-108MiB/s (113MB/s-113MB/s), io=3230MiB (3387MB), run=30002-30002msec

Run status group 1 (all jobs):
  WRITE: bw=107MiB/s (113MB/s), 107MiB/s-107MiB/s (113MB/s-113MB/s), io=3222MiB (3378MB), run=30006-30006msec

Run status group 2 (all jobs):
  WRITE: bw=106MiB/s (111MB/s), 106MiB/s-106MiB/s (111MB/s-111MB/s), io=3177MiB (3331MB), run=30007-30007msec

Run status group 3 (all jobs):
  WRITE: bw=106MiB/s (111MB/s), 106MiB/s-106MiB/s (111MB/s-111MB/s), io=3172MiB (3326MB), run=30009-30009msec

Run status group 4 (all jobs):
  WRITE: bw=101MiB/s (105MB/s), 101MiB/s-101MiB/s (105MB/s-105MB/s), io=3017MiB (3164MB), run=30013-30013msec

Disk stats (read/write):
  vda: ios=377/4043919, merge=0/0, ticks=836/24015832, in_queue=24291632, util=99.78%
