randw-4K-n1-c1: (g=0): rw=randwrite, bs=(R) 4096B-4096B, (W) 4096B-4096B, (T) 4096B-4096B, ioengine=libaio, iodepth=32
randw-4K-n2-c2: (g=1): rw=randwrite, bs=(R) 4096B-4096B, (W) 4096B-4096B, (T) 4096B-4096B, ioengine=libaio, iodepth=32
...
randw-4K-n4-c4: (g=2): rw=randwrite, bs=(R) 4096B-4096B, (W) 4096B-4096B, (T) 4096B-4096B, ioengine=libaio, iodepth=32
...
randw-4K-n8-c8: (g=3): rw=randwrite, bs=(R) 4096B-4096B, (W) 4096B-4096B, (T) 4096B-4096B, ioengine=libaio, iodepth=32
...
randw-4K-n12-c12: (g=4): rw=randwrite, bs=(R) 4096B-4096B, (W) 4096B-4096B, (T) 4096B-4096B, ioengine=libaio, iodepth=32
...
fio-3.1
Starting 27 processes

randw-4K-n1-c1: (groupid=0, jobs=1): err= 0: pid=1212: Thu Jul 25 20:44:43 2019
  write: IOPS=28.3k, BW=111MiB/s (116MB/s)(3317MiB/30004msec)
    slat (usec): min=3, max=796, avg= 4.77, stdev= 2.83
    clat (nsec): min=1845, max=8598.6k, avg=1121447.67, stdev=1040240.42
     lat (usec): min=15, max=8605, avg=1127.22, stdev=1040.15
    clat percentiles (usec):
     | 10.000th=[   44], 20.000th=[  119], 30.000th=[  347], 40.000th=[  627],
     | 50.000th=[  881], 70.000th=[ 1352], 90.000th=[ 2868], 99.000th=[ 3359],
     | 99.900th=[ 6259], 99.990th=[ 7898], 99.999th=[ 8455]
   bw (  KiB/s): min=86814, max=122320, per=79.99%, avg=90554.10, stdev=5418.38, samples=59
   iops        : min=21703, max=30580, avg=22638.17, stdev=1354.68, samples=59
  lat (usec)   : 2=0.01%, 4=0.01%, 10=0.01%, 20=3.75%, 50=7.63%
  lat (usec)   : 100=7.04%, 250=7.60%, 500=9.49%, 750=9.07%, 1000=11.78%
  lat (msec)   : 2=21.55%, 4=21.63%, 10=0.46%
  cpu          : usr=16.67%, sys=19.14%, ctx=122531, majf=0, minf=10
  IO depths    : 1=0.1%, 2=0.1%, 4=0.1%, 8=0.1%, 16=0.1%, 32=100.0%, >=64=0.0%
     submit    : 0=0.0%, 4=100.0%, 8=0.0%, 16=0.0%, 32=0.0%, 64=0.0%, >=64=0.0%
     complete  : 0=0.0%, 4=100.0%, 8=0.0%, 16=0.0%, 32=0.1%, 64=0.0%, >=64=0.0%
     issued rwt: total=0,849180,0, short=0,0,0, dropped=0,0,0
     latency   : target=0, window=0, percentile=100.00%, depth=32
randw-4K-n2-c2: (groupid=1, jobs=2): err= 0: pid=1216: Thu Jul 25 20:44:43 2019
  write: IOPS=28.2k, BW=110MiB/s (116MB/s)(3305MiB/30007msec)
    slat (usec): min=3, max=785, avg= 4.99, stdev= 3.09
    clat (nsec): min=1870, max=10912k, avg=2259633.98, stdev=1681844.43
     lat (usec): min=14, max=10916, avg=2265.65, stdev=1681.73
    clat percentiles (usec):
     | 10.000th=[  113], 20.000th=[  537], 30.000th=[ 1020], 40.000th=[ 1532],
     | 50.000th=[ 2114], 70.000th=[ 3228], 90.000th=[ 4424], 99.000th=[ 6259],
     | 99.900th=[ 7832], 99.990th=[ 9110], 99.999th=[10421]
   bw (  KiB/s): min=43058, max=60343, per=39.80%, avg=44892.40, stdev=2764.99, samples=118
   iops        : min=10764, max=15085, avg=11222.76, stdev=691.22, samples=118
  lat (usec)   : 2=0.01%, 4=0.01%, 10=0.01%, 20=1.35%, 50=4.68%
  lat (usec)   : 100=3.50%, 250=4.08%, 500=5.58%, 750=5.17%, 1000=5.27%
  lat (msec)   : 2=18.30%, 4=34.84%, 10=17.21%, 20=0.01%
  cpu          : usr=8.59%, sys=11.07%, ctx=233032, majf=0, minf=18
  IO depths    : 1=0.1%, 2=0.1%, 4=0.1%, 8=0.1%, 16=0.1%, 32=100.0%, >=64=0.0%
     submit    : 0=0.0%, 4=100.0%, 8=0.0%, 16=0.0%, 32=0.0%, 64=0.0%, >=64=0.0%
     complete  : 0=0.0%, 4=100.0%, 8=0.0%, 16=0.0%, 32=0.1%, 64=0.0%, >=64=0.0%
     issued rwt: total=0,846199,0, short=0,0,0, dropped=0,0,0
     latency   : target=0, window=0, percentile=100.00%, depth=32
randw-4K-n4-c4: (groupid=2, jobs=4): err= 0: pid=1221: Thu Jul 25 20:44:43 2019
  write: IOPS=28.2k, BW=110MiB/s (115MB/s)(3301MiB/30006msec)
    slat (usec): min=3, max=4005, avg= 7.45, stdev= 6.87
    clat (usec): min=40, max=12484, avg=4530.17, stdev=1784.78
     lat (usec): min=48, max=12491, avg=4538.98, stdev=1784.53
    clat percentiles (usec):
     | 10.000th=[ 2147], 20.000th=[ 2900], 30.000th=[ 3458], 40.000th=[ 3949],
     | 50.000th=[ 4490], 70.000th=[ 5538], 90.000th=[ 7046], 99.000th=[ 8029],
     | 99.900th=[10159], 99.990th=[11863], 99.999th=[12256]
   bw (  KiB/s): min=25543, max=36298, per=23.75%, avg=26752.36, stdev=1342.99, samples=236
   iops        : min= 6385, max= 9074, avg=6687.73, stdev=335.69, samples=236
  lat (usec)   : 50=0.01%, 100=0.01%, 250=0.15%, 500=0.17%, 750=0.13%
  lat (usec)   : 1000=0.30%
  lat (msec)   : 2=7.61%, 4=32.35%, 10=59.15%, 20=0.13%
  cpu          : usr=6.91%, sys=8.60%, ctx=405020, majf=0, minf=42
  IO depths    : 1=0.1%, 2=0.1%, 4=0.1%, 8=0.1%, 16=0.1%, 32=100.0%, >=64=0.0%
     submit    : 0=0.0%, 4=100.0%, 8=0.0%, 16=0.0%, 32=0.0%, 64=0.0%, >=64=0.0%
     complete  : 0=0.0%, 4=100.0%, 8=0.0%, 16=0.0%, 32=0.1%, 64=0.0%, >=64=0.0%
     issued rwt: total=0,845152,0, short=0,0,0, dropped=0,0,0
     latency   : target=0, window=0, percentile=100.00%, depth=32
randw-4K-n8-c8: (groupid=3, jobs=8): err= 0: pid=1228: Thu Jul 25 20:44:43 2019
  write: IOPS=28.2k, BW=110MiB/s (115MB/s)(3301MiB/30012msec)
    slat (usec): min=3, max=8891, avg=65.69, stdev=360.96
    clat (usec): min=888, max=24353, avg=9016.51, stdev=2227.57
     lat (usec): min=903, max=25613, avg=9083.74, stdev=2265.28
    clat percentiles (usec):
     | 10.000th=[ 6325], 20.000th=[ 7373], 30.000th=[ 7963], 40.000th=[ 8455],
     | 50.000th=[ 8848], 70.000th=[ 9896], 90.000th=[11863], 99.000th=[15270],
     | 99.900th=[18220], 99.990th=[20841], 99.999th=[22414]
   bw (  KiB/s): min= 8468, max=17979, per=9.35%, avg=10533.14, stdev=1203.58, samples=472
   iops        : min= 2117, max= 4494, avg=2632.93, stdev=300.89, samples=472
  lat (usec)   : 1000=0.01%
  lat (msec)   : 2=0.25%, 4=1.00%, 10=70.41%, 20=28.31%, 50=0.03%
  cpu          : usr=3.97%, sys=5.38%, ctx=444410, majf=0, minf=82
  IO depths    : 1=0.1%, 2=0.1%, 4=0.1%, 8=0.1%, 16=0.1%, 32=100.0%, >=64=0.0%
     submit    : 0=0.0%, 4=100.0%, 8=0.0%, 16=0.0%, 32=0.0%, 64=0.0%, >=64=0.0%
     complete  : 0=0.0%, 4=100.0%, 8=0.0%, 16=0.0%, 32=0.1%, 64=0.0%, >=64=0.0%
     issued rwt: total=0,845161,0, short=0,0,0, dropped=0,0,0
     latency   : target=0, window=0, percentile=100.00%, depth=32
randw-4K-n12-c12: (groupid=4, jobs=12): err= 0: pid=1239: Thu Jul 25 20:44:43 2019
  write: IOPS=28.4k, BW=111MiB/s (116MB/s)(3327MiB/30004msec)
    slat (usec): min=3, max=11479, avg=40.13, stdev=298.41
    clat (usec): min=16, max=36362, avg=13474.75, stdev=4222.02
     lat (usec): min=23, max=38832, avg=13516.65, stdev=4242.44
    clat percentiles (usec):
     | 10.000th=[ 9372], 20.000th=[11469], 30.000th=[12387], 40.000th=[13042],
     | 50.000th=[13829], 70.000th=[15401], 90.000th=[17695], 99.000th=[22676],
     | 99.900th=[26346], 99.990th=[30540], 99.999th=[34341]
   bw (  KiB/s): min= 7227, max=40676, per=8.38%, avg=9521.57, stdev=4212.72, samples=720
   iops        : min= 1806, max=10169, avg=2380.00, stdev=1053.21, samples=720
  lat (usec)   : 20=0.01%, 50=0.01%, 100=0.01%, 250=0.01%, 500=0.09%
  lat (usec)   : 750=0.16%, 1000=0.30%
  lat (msec)   : 2=1.44%, 4=4.25%, 10=4.74%, 20=83.78%, 50=5.23%
  cpu          : usr=3.48%, sys=4.76%, ctx=521218, majf=0, minf=125
  IO depths    : 1=0.1%, 2=0.1%, 4=0.1%, 8=0.1%, 16=0.1%, 32=100.0%, >=64=0.0%
     submit    : 0=0.0%, 4=100.0%, 8=0.0%, 16=0.0%, 32=0.0%, 64=0.0%, >=64=0.0%
     complete  : 0=0.0%, 4=100.0%, 8=0.0%, 16=0.0%, 32=0.1%, 64=0.0%, >=64=0.0%
     issued rwt: total=0,851834,0, short=0,0,0, dropped=0,0,0
     latency   : target=0, window=0, percentile=100.00%, depth=32

Run status group 0 (all jobs):
  WRITE: bw=111MiB/s (116MB/s), 111MiB/s-111MiB/s (116MB/s-116MB/s), io=3317MiB (3478MB), run=30004-30004msec

Run status group 1 (all jobs):
  WRITE: bw=110MiB/s (116MB/s), 110MiB/s-110MiB/s (116MB/s-116MB/s), io=3305MiB (3466MB), run=30007-30007msec

Run status group 2 (all jobs):
  WRITE: bw=110MiB/s (115MB/s), 110MiB/s-110MiB/s (115MB/s-115MB/s), io=3301MiB (3462MB), run=30006-30006msec

Run status group 3 (all jobs):
  WRITE: bw=110MiB/s (115MB/s), 110MiB/s-110MiB/s (115MB/s-115MB/s), io=3301MiB (3462MB), run=30012-30012msec

Run status group 4 (all jobs):
  WRITE: bw=111MiB/s (116MB/s), 111MiB/s-111MiB/s (116MB/s-116MB/s), io=3327MiB (3489MB), run=30004-30004msec

Disk stats (read/write):
  vda: ios=356/4216598, merge=0/0, ticks=1292/25021916, in_queue=25036632, util=99.48%
