randw-4K-n1-c1: (g=0): rw=randwrite, bs=(R) 4096B-4096B, (W) 4096B-4096B, (T) 4096B-4096B, ioengine=libaio, iodepth=32
randw-4K-n2-c2: (g=1): rw=randwrite, bs=(R) 4096B-4096B, (W) 4096B-4096B, (T) 4096B-4096B, ioengine=libaio, iodepth=32
...
randw-4K-n4-c4: (g=2): rw=randwrite, bs=(R) 4096B-4096B, (W) 4096B-4096B, (T) 4096B-4096B, ioengine=libaio, iodepth=32
...
randw-4K-n8-c8: (g=3): rw=randwrite, bs=(R) 4096B-4096B, (W) 4096B-4096B, (T) 4096B-4096B, ioengine=libaio, iodepth=32
...
randw-4K-n12-c12: (g=4): rw=randwrite, bs=(R) 4096B-4096B, (W) 4096B-4096B, (T) 4096B-4096B, ioengine=libaio, iodepth=32
...
fio-3.1
Starting 27 processes

randw-4K-n1-c1: (groupid=0, jobs=1): err= 0: pid=1364: Sun Jul 28 11:08:42 2019
  write: IOPS=126k, BW=491MiB/s (515MB/s)(57.5GiB/120001msec)
    slat (usec): min=2, max=113, avg= 2.71, stdev= 1.49
    clat (usec): min=19, max=3479, avg=248.94, stdev=13.70
     lat (usec): min=23, max=3482, avg=252.22, stdev=13.81
    clat percentiles (usec):
     | 10.000th=[  241], 20.000th=[  243], 30.000th=[  243], 40.000th=[  245],
     | 50.000th=[  245], 70.000th=[  247], 90.000th=[  258], 99.000th=[  297],
     | 99.900th=[  318], 99.990th=[  334], 99.999th=[  433]
   bw (  KiB/s): min=386028, max=491899, per=78.26%, avg=393483.97, stdev=6511.74, samples=239
   iops        : min=96507, max=122974, avg=98370.67, stdev=1627.91, samples=239
  lat (usec)   : 20=0.01%, 50=0.01%, 100=0.01%, 250=82.07%, 500=17.93%
  lat (msec)   : 4=0.01%
  cpu          : usr=52.70%, sys=47.30%, ctx=168, majf=0, minf=10
  IO depths    : 1=0.1%, 2=0.1%, 4=0.1%, 8=0.1%, 16=0.1%, 32=100.0%, >=64=0.0%
     submit    : 0=0.0%, 4=100.0%, 8=0.0%, 16=0.0%, 32=0.0%, 64=0.0%, >=64=0.0%
     complete  : 0=0.0%, 4=100.0%, 8=0.0%, 16=0.0%, 32=0.1%, 64=0.0%, >=64=0.0%
     issued rwt: total=0,15082926,0, short=0,0,0, dropped=0,0,0
     latency   : target=0, window=0, percentile=100.00%, depth=32
randw-4K-n2-c2: (groupid=1, jobs=2): err= 0: pid=1371: Sun Jul 28 11:08:42 2019
  write: IOPS=245k, BW=957MiB/s (1003MB/s)(112GiB/120004msec)
    slat (usec): min=2, max=16072, avg= 2.85, stdev= 5.51
    clat (usec): min=13, max=16699, avg=255.25, stdev=41.25
     lat (usec): min=21, max=16707, avg=258.68, stdev=41.69
    clat percentiles (usec):
     | 10.000th=[  245], 20.000th=[  247], 30.000th=[  249], 40.000th=[  249],
     | 50.000th=[  251], 70.000th=[  255], 90.000th=[  273], 99.000th=[  297],
     | 99.900th=[  314], 99.990th=[  330], 99.999th=[  709]
   bw (  KiB/s): min=379438, max=456406, per=39.39%, avg=385926.76, stdev=5049.12, samples=478
   iops        : min=94859, max=114101, avg=96481.32, stdev=1262.29, samples=478
  lat (usec)   : 20=0.01%, 50=0.01%, 100=0.01%, 250=44.47%, 500=55.52%
  lat (usec)   : 750=0.01%
  lat (msec)   : 10=0.01%, 20=0.01%
  cpu          : usr=50.40%, sys=49.56%, ctx=210, majf=0, minf=18
  IO depths    : 1=0.1%, 2=0.1%, 4=0.1%, 8=0.1%, 16=0.1%, 32=100.0%, >=64=0.0%
     submit    : 0=0.0%, 4=100.0%, 8=0.0%, 16=0.0%, 32=0.0%, 64=0.0%, >=64=0.0%
     complete  : 0=0.0%, 4=100.0%, 8=0.0%, 16=0.0%, 32=0.1%, 64=0.0%, >=64=0.0%
     issued rwt: total=0,29394957,0, short=0,0,0, dropped=0,0,0
     latency   : target=0, window=0, percentile=100.00%, depth=32
randw-4K-n4-c4: (groupid=2, jobs=4): err= 0: pid=1376: Sun Jul 28 11:08:42 2019
  write: IOPS=449k, BW=1756MiB/s (1841MB/s)(206GiB/120012msec)
    slat (usec): min=2, max=24029, avg= 3.41, stdev= 7.08
    clat (usec): min=16, max=24717, avg=277.71, stdev=55.76
     lat (usec): min=20, max=24740, avg=281.73, stdev=56.32
    clat percentiles (usec):
     | 10.000th=[  265], 20.000th=[  269], 30.000th=[  273], 40.000th=[  273],
     | 50.000th=[  273], 70.000th=[  281], 90.000th=[  297], 99.000th=[  330],
     | 99.900th=[  347], 99.990th=[  371], 99.999th=[ 1811]
   bw (  KiB/s): min=377712, max=449763, per=23.78%, avg=427478.27, stdev=7574.52, samples=956
   iops        : min=94428, max=112440, avg=106869.18, stdev=1893.64, samples=956
  lat (usec)   : 20=0.01%, 50=0.01%, 100=0.01%, 250=0.47%, 500=99.53%
  lat (usec)   : 750=0.01%, 1000=0.01%
  lat (msec)   : 2=0.01%, 4=0.01%, 10=0.01%, 20=0.01%, 50=0.01%
  cpu          : usr=50.16%, sys=49.78%, ctx=288, majf=0, minf=42
  IO depths    : 1=0.1%, 2=0.1%, 4=0.1%, 8=0.1%, 16=0.1%, 32=100.0%, >=64=0.0%
     submit    : 0=0.0%, 4=100.0%, 8=0.0%, 16=0.0%, 32=0.0%, 64=0.0%, >=64=0.0%
     complete  : 0=0.0%, 4=100.0%, 8=0.0%, 16=0.0%, 32=0.1%, 64=0.0%, >=64=0.0%
     issued rwt: total=0,53944148,0, short=0,0,0, dropped=0,0,0
     latency   : target=0, window=0, percentile=100.00%, depth=32
randw-4K-n8-c8: (groupid=3, jobs=8): err= 0: pid=1382: Sun Jul 28 11:08:42 2019
  write: IOPS=559k, BW=2185MiB/s (2291MB/s)(256GiB/120016msec)
    slat (usec): min=2, max=44083, avg= 3.82, stdev= 9.55
    clat (usec): min=6, max=44532, avg=450.56, stdev=89.18
     lat (usec): min=24, max=44541, avg=455.03, stdev=89.64
    clat percentiles (usec):
     | 10.000th=[  396], 20.000th=[  408], 30.000th=[  429], 40.000th=[  433],
     | 50.000th=[  445], 70.000th=[  469], 90.000th=[  510], 99.000th=[  652],
     | 99.900th=[  807], 99.990th=[  955], 99.999th=[ 5932]
   bw (  KiB/s): min=124779, max=435988, per=9.55%, avg=213563.84, stdev=18258.15, samples=1912
   iops        : min=31194, max=108997, avg=53390.59, stdev=4564.55, samples=1912
  lat (usec)   : 10=0.01%, 20=0.01%, 50=0.01%, 100=0.01%, 250=0.01%
  lat (usec)   : 500=86.55%, 750=13.19%, 1000=0.24%
  lat (msec)   : 2=0.01%, 4=0.01%, 10=0.01%, 20=0.01%, 50=0.01%
  cpu          : usr=31.79%, sys=38.49%, ctx=22863788, majf=0, minf=82
  IO depths    : 1=0.1%, 2=0.1%, 4=0.1%, 8=0.1%, 16=0.1%, 32=100.0%, >=64=0.0%
     submit    : 0=0.0%, 4=100.0%, 8=0.0%, 16=0.0%, 32=0.0%, 64=0.0%, >=64=0.0%
     complete  : 0=0.0%, 4=100.0%, 8=0.0%, 16=0.0%, 32=0.1%, 64=0.0%, >=64=0.0%
     issued rwt: total=0,67126317,0, short=0,0,0, dropped=0,0,0
     latency   : target=0, window=0, percentile=100.00%, depth=32
randw-4K-n12-c12: (groupid=4, jobs=12): err= 0: pid=1393: Sun Jul 28 11:08:42 2019
  write: IOPS=560k, BW=2186MiB/s (2292MB/s)(256GiB/120020msec)
    slat (usec): min=2, max=19287, avg= 3.70, stdev= 5.31
    clat (usec): min=26, max=20596, avg=679.28, stdev=57.47
     lat (usec): min=231, max=20600, avg=683.64, stdev=57.58
    clat percentiles (usec):
     | 10.000th=[  627], 20.000th=[  635], 30.000th=[  652], 40.000th=[  660],
     | 50.000th=[  668], 70.000th=[  701], 90.000th=[  750], 99.000th=[  816],
     | 99.900th=[  865], 99.990th=[  914], 99.999th=[ 1582]
   bw (  KiB/s): min=181464, max=191014, per=8.36%, avg=187084.62, stdev=1057.59, samples=2880
   iops        : min=45366, max=47753, avg=46770.87, stdev=264.31, samples=2880
  lat (usec)   : 50=0.01%, 250=0.01%, 500=0.01%, 750=90.73%, 1000=9.26%
  lat (msec)   : 2=0.01%, 4=0.01%, 10=0.01%, 20=0.01%, 50=0.01%
  cpu          : usr=22.34%, sys=27.49%, ctx=36871945, majf=0, minf=120
  IO depths    : 1=0.1%, 2=0.1%, 4=0.1%, 8=0.1%, 16=0.1%, 32=100.0%, >=64=0.0%
     submit    : 0=0.0%, 4=100.0%, 8=0.0%, 16=0.0%, 32=0.0%, 64=0.0%, >=64=0.0%
     complete  : 0=0.0%, 4=100.0%, 8=0.0%, 16=0.0%, 32=0.1%, 64=0.0%, >=64=0.0%
     issued rwt: total=0,67154834,0, short=0,0,0, dropped=0,0,0
     latency   : target=0, window=0, percentile=100.00%, depth=32

Run status group 0 (all jobs):
  WRITE: bw=491MiB/s (515MB/s), 491MiB/s-491MiB/s (515MB/s-515MB/s), io=57.5GiB (61.8GB), run=120001-120001msec

Run status group 1 (all jobs):
  WRITE: bw=957MiB/s (1003MB/s), 957MiB/s-957MiB/s (1003MB/s-1003MB/s), io=112GiB (120GB), run=120004-120004msec

Run status group 2 (all jobs):
  WRITE: bw=1756MiB/s (1841MB/s), 1756MiB/s-1756MiB/s (1841MB/s-1841MB/s), io=206GiB (221GB), run=120012-120012msec

Run status group 3 (all jobs):
  WRITE: bw=2185MiB/s (2291MB/s), 2185MiB/s-2185MiB/s (2291MB/s-2291MB/s), io=256GiB (275GB), run=120016-120016msec

Run status group 4 (all jobs):
  WRITE: bw=2186MiB/s (2292MB/s), 2186MiB/s-2186MiB/s (2292MB/s-2292MB/s), io=256GiB (275GB), run=120020-120020msec

Disk stats (read/write):
  nvme0n1: ios=322/232613924, merge=0/0, ticks=20/75599332, in_queue=74421492, util=81.43%
