***************************************
*** ###easy### TPC-C Load Generator ***
***************************************
option h with value '192.168.122.85'
option P with value '3306'
option d with value 'benchmarker'
option u with value 'root'
option p with value '123456'
option w with value '11'
option c with value '32'
option r with value '22'
option l with value '60'
option i with value '10'
<Parameters>
     [server]: 192.168.122.85
     [port]: 3306
     [DBname]: benchmarker
       [user]: root
       [pass]: 123456
  [warehouse]: 11
 [connection]: 32
     [rampup]: 22 (sec.)
    [measure]: 60 (sec.)

RAMP-UP TIME.(22 sec.)

MEASURING START.

  10, trx: 809, 95%: 333.377, 99%: 410.352, max_rt: 549.796, 805|418.314, 80|131.095, 82|706.245, 82|1172.327
  20, trx: 868, 95%: 326.073, 99%: 382.020, max_rt: 450.102, 871|273.965, 87|110.112, 85|688.015, 87|948.061
  30, trx: 831, 95%: 357.780, 99%: 436.321, max_rt: 552.610, 830|411.958, 83|83.289, 85|736.960, 83|1022.961
  40, trx: 843, 95%: 340.538, 99%: 436.452, max_rt: 538.587, 844|446.024, 85|70.377, 84|756.557, 84|986.596
  50, trx: 863, 95%: 330.297, 99%: 411.705, max_rt: 533.872, 863|447.811, 86|87.020, 85|652.036, 85|1110.399
  60, trx: 857, 95%: 320.653, 99%: 398.012, max_rt: 445.758, 857|420.533, 85|93.516, 86|690.348, 86|940.231

STOPPING THREADS................................

<Raw Results>
  [0] sc:0 lt:5071  rt:0  fl:0 avg_rt: 272.1 (5)
  [1] sc:91 lt:4979  rt:0  fl:0 avg_rt: 86.8 (5)
  [2] sc:63 lt:443  rt:0  fl:0 avg_rt: 33.8 (5)
  [3] sc:0 lt:507  rt:0  fl:0 avg_rt: 617.7 (80)
  [4] sc:0 lt:507  rt:0  fl:0 avg_rt: 932.9 (20)
 in 60 sec.

<Raw Results2(sum ver.)>
  [0] sc:0  lt:5071  rt:0  fl:0 
  [1] sc:91  lt:4979  rt:0  fl:0 
  [2] sc:63  lt:443  rt:0  fl:0 
  [3] sc:0  lt:507  rt:0  fl:0 
  [4] sc:0  lt:507  rt:0  fl:0 

<Constraint Check> (all must be [OK])
 [transaction percentage]
        Payment: 43.48% (>=43.0%) [OK]
   Order-Status: 4.34% (>= 4.0%) [OK]
       Delivery: 4.35% (>= 4.0%) [OK]
    Stock-Level: 4.35% (>= 4.0%) [OK]
 [response time (at least 90% passed)]
      New-Order: 0.00%  [NG] *
        Payment: 1.79%  [NG] *
   Order-Status: 12.45%  [NG] *
       Delivery: 0.00%  [NG] *
    Stock-Level: 0.00%  [NG] *

<TpmC>
                 5071.000 TpmC
