***************************************
*** ###easy### TPC-C Load Generator ***
***************************************
option h with value '192.168.122.79'
option P with value '3306'
option d with value 'benchmarker'
option u with value 'root'
option p with value '123456'
option w with value '11'
option c with value '1'
option r with value '22'
option l with value '60'
option i with value '10'
<Parameters>
     [server]: 192.168.122.79
     [port]: 3306
     [DBname]: benchmarker
       [user]: root
       [pass]: 123456
  [warehouse]: 11
 [connection]: 1
     [rampup]: 22 (sec.)
    [measure]: 60 (sec.)

RAMP-UP TIME.(22 sec.)

MEASURING START.

  10, trx: 678, 95%: 11.920, 99%: 16.838, max_rt: 25.858, 677|7.670, 68|6.730, 67|47.176, 67|74.893
  20, trx: 599, 95%: 12.656, 99%: 16.768, max_rt: 24.251, 601|6.773, 60|2.506, 61|37.445, 60|67.659
  30, trx: 606, 95%: 12.869, 99%: 17.087, max_rt: 22.815, 610|6.337, 61|3.883, 60|37.793, 61|53.166
  40, trx: 625, 95%: 12.275, 99%: 17.680, max_rt: 24.392, 624|5.065, 63|3.344, 62|51.624, 62|68.576
  50, trx: 618, 95%: 13.787, 99%: 16.683, max_rt: 28.526, 617|12.060, 61|2.601, 62|40.037, 62|51.913
  60, trx: 624, 95%: 12.046, 99%: 16.849, max_rt: 19.663, 620|5.707, 63|3.617, 63|37.957, 63|60.870

STOPPING THREADS.

<Raw Results>
  [0] sc:326 lt:3424  rt:0  fl:0 avg_rt: 11.6 (5)
  [1] sc:3737 lt:13  rt:0  fl:0 avg_rt: 2.8 (5)
  [2] sc:375 lt:1  rt:0  fl:0 avg_rt: 1.7 (5)
  [3] sc:375 lt:0  rt:0  fl:0 avg_rt: 28.1 (80)
  [4] sc:0 lt:375  rt:0  fl:0 avg_rt: 44.8 (20)
 in 60 sec.

<Raw Results2(sum ver.)>
  [0] sc:326  lt:3424  rt:0  fl:0 
  [1] sc:3737  lt:13  rt:0  fl:0 
  [2] sc:375  lt:1  rt:0  fl:0 
  [3] sc:375  lt:0  rt:0  fl:0 
  [4] sc:0  lt:375  rt:0  fl:0 

<Constraint Check> (all must be [OK])
 [transaction percentage]
        Payment: 43.47% (>=43.0%) [OK]
   Order-Status: 4.36% (>= 4.0%) [OK]
       Delivery: 4.35% (>= 4.0%) [OK]
    Stock-Level: 4.35% (>= 4.0%) [OK]
 [response time (at least 90% passed)]
      New-Order: 8.69%  [NG] *
        Payment: 99.65%  [OK]
   Order-Status: 99.73%  [OK]
       Delivery: 100.00%  [OK]
    Stock-Level: 0.00%  [NG] *

<TpmC>
                 3750.000 TpmC
