***************************************
*** ###easy### TPC-C Load Generator ***
***************************************
option h with value '192.168.122.77'
option P with value '3306'
option d with value 'benchmarker'
option u with value 'root'
option p with value '123456'
option w with value '11'
option c with value '8'
option r with value '22'
option l with value '60'
option i with value '10'
<Parameters>
     [server]: 192.168.122.77
     [port]: 3306
     [DBname]: benchmarker
       [user]: root
       [pass]: 123456
  [warehouse]: 11
 [connection]: 8
     [rampup]: 22 (sec.)
    [measure]: 60 (sec.)

RAMP-UP TIME.(22 sec.)

MEASURING START.

  10, trx: 1179, 95%: 53.470, 99%: 64.143, max_rt: 94.564, 1183|47.294, 118|30.326, 117|146.286, 119|177.262
  20, trx: 1187, 95%: 53.502, 99%: 64.124, max_rt: 89.374, 1189|43.905, 118|38.847, 119|137.671, 118|165.311
  30, trx: 1183, 95%: 52.865, 99%: 61.180, max_rt: 84.680, 1180|49.972, 118|17.966, 118|137.885, 118|170.996
  40, trx: 1179, 95%: 54.033, 99%: 68.182, max_rt: 93.225, 1182|47.212, 119|32.761, 119|127.565, 118|173.676
  50, trx: 1165, 95%: 55.226, 99%: 63.665, max_rt: 92.145, 1162|49.133, 116|18.161, 117|144.211, 117|164.804
  60, trx: 1177, 95%: 53.390, 99%: 60.145, max_rt: 74.504, 1174|50.484, 118|10.150, 117|140.503, 117|167.463

STOPPING THREADS........

<Raw Results>
  [0] sc:7 lt:7063  rt:0  fl:0 avg_rt: 47.8 (5)
  [1] sc:628 lt:6442  rt:0  fl:0 avg_rt: 12.2 (5)
  [2] sc:433 lt:274  rt:0  fl:0 avg_rt: 6.5 (5)
  [3] sc:74 lt:633  rt:0  fl:0 avg_rt: 133.1 (80)
  [4] sc:0 lt:707  rt:0  fl:0 avg_rt: 188.0 (20)
 in 60 sec.

<Raw Results2(sum ver.)>
  [0] sc:7  lt:7063  rt:0  fl:0 
  [1] sc:628  lt:6442  rt:0  fl:0 
  [2] sc:433  lt:274  rt:0  fl:0 
  [3] sc:74  lt:633  rt:0  fl:0 
  [4] sc:0  lt:707  rt:0  fl:0 

<Constraint Check> (all must be [OK])
 [transaction percentage]
        Payment: 43.48% (>=43.0%) [OK]
   Order-Status: 4.35% (>= 4.0%) [OK]
       Delivery: 4.35% (>= 4.0%) [OK]
    Stock-Level: 4.35% (>= 4.0%) [OK]
 [response time (at least 90% passed)]
      New-Order: 0.10%  [NG] *
        Payment: 8.88%  [NG] *
   Order-Status: 61.24%  [NG] *
       Delivery: 10.47%  [NG] *
    Stock-Level: 0.00%  [NG] *

<TpmC>
                 7070.000 TpmC
