***************************************
*** ###easy### TPC-C Load Generator ***
***************************************
option h with value '192.168.122.77'
option P with value '3306'
option d with value 'benchmarker'
option u with value 'root'
option p with value '123456'
option w with value '11'
option c with value '24'
option r with value '22'
option l with value '60'
option i with value '10'
<Parameters>
     [server]: 192.168.122.77
     [port]: 3306
     [DBname]: benchmarker
       [user]: root
       [pass]: 123456
  [warehouse]: 11
 [connection]: 24
     [rampup]: 22 (sec.)
    [measure]: 60 (sec.)

RAMP-UP TIME.(22 sec.)

MEASURING START.

  10, trx: 1132, 95%: 161.511, 99%: 173.593, max_rt: 253.448, 1129|166.898, 114|39.592, 113|366.506, 113|501.155
  20, trx: 1136, 95%: 160.019, 99%: 171.373, max_rt: 225.031, 1138|152.387, 113|37.269, 113|337.956, 114|505.100
  30, trx: 1136, 95%: 162.189, 99%: 172.712, max_rt: 205.658, 1133|165.826, 114|35.452, 113|377.712, 113|505.854
  40, trx: 1136, 95%: 160.884, 99%: 175.684, max_rt: 227.834, 1137|151.334, 113|41.820, 114|360.457, 113|514.010
  50, trx: 1127, 95%: 160.211, 99%: 171.219, max_rt: 250.985, 1128|199.154, 112|40.924, 113|395.714, 114|533.544
  60, trx: 1127, 95%: 162.773, 99%: 176.686, max_rt: 219.009, 1125|163.096, 114|35.144, 112|403.687, 112|607.608

STOPPING THREADS........................

<Raw Results>
  [0] sc:0 lt:6794  rt:0  fl:0 avg_rt: 148.9 (5)
  [1] sc:288 lt:6502  rt:0  fl:0 avg_rt: 42.3 (5)
  [2] sc:55 lt:625  rt:0  fl:0 avg_rt: 19.4 (5)
  [3] sc:0 lt:678  rt:0  fl:0 avg_rt: 379.7 (80)
  [4] sc:0 lt:679  rt:0  fl:0 avg_rt: 574.3 (20)
 in 60 sec.

<Raw Results2(sum ver.)>
  [0] sc:0  lt:6794  rt:0  fl:0 
  [1] sc:288  lt:6503  rt:0  fl:0 
  [2] sc:55  lt:625  rt:0  fl:0 
  [3] sc:0  lt:678  rt:0  fl:0 
  [4] sc:0  lt:679  rt:0  fl:0 

<Constraint Check> (all must be [OK])
 [transaction percentage]
        Payment: 43.47% (>=43.0%) [OK]
   Order-Status: 4.35% (>= 4.0%) [OK]
       Delivery: 4.34% (>= 4.0%) [OK]
    Stock-Level: 4.35% (>= 4.0%) [OK]
 [response time (at least 90% passed)]
      New-Order: 0.00%  [NG] *
        Payment: 4.24%  [NG] *
   Order-Status: 8.09%  [NG] *
       Delivery: 0.00%  [NG] *
    Stock-Level: 0.00%  [NG] *

<TpmC>
                 6794.000 TpmC
