***************************************
*** ###easy### TPC-C Load Generator ***
***************************************
option h with value '192.168.122.77'
option P with value '3306'
option d with value 'benchmarker'
option u with value 'root'
option p with value '123456'
option w with value '11'
option c with value '16'
option r with value '22'
option l with value '60'
option i with value '10'
<Parameters>
     [server]: 192.168.122.77
     [port]: 3306
     [DBname]: benchmarker
       [user]: root
       [pass]: 123456
  [warehouse]: 11
 [connection]: 16
     [rampup]: 22 (sec.)
    [measure]: 60 (sec.)

RAMP-UP TIME.(22 sec.)

MEASURING START.

  10, trx: 1158, 95%: 106.888, 99%: 118.908, max_rt: 168.197, 1164|103.494, 116|22.099, 116|266.253, 115|342.763
  20, trx: 1144, 95%: 107.177, 99%: 116.721, max_rt: 151.082, 1138|106.634, 114|54.338, 114|247.059, 114|331.899
  30, trx: 1150, 95%: 106.920, 99%: 117.880, max_rt: 170.124, 1149|99.121, 115|43.564, 115|242.948, 116|325.067
  40, trx: 1159, 95%: 106.123, 99%: 114.747, max_rt: 147.667, 1161|96.336, 116|32.066, 116|253.244, 116|320.969
  50, trx: 1139, 95%: 106.123, 99%: 115.747, max_rt: 139.822, 1139|117.772, 114|57.637, 114|274.056, 114|323.697
  60, trx: 1142, 95%: 108.241, 99%: 123.478, max_rt: 187.385, 1140|98.914, 114|24.521, 115|257.064, 113|329.358

STOPPING THREADS................

<Raw Results>
  [0] sc:1 lt:6891  rt:0  fl:0 avg_rt: 98.3 (5)
  [1] sc:294 lt:6597  rt:0  fl:0 avg_rt: 26.8 (5)
  [2] sc:76 lt:613  rt:0  fl:0 avg_rt: 13.1 (5)
  [3] sc:0 lt:690  rt:0  fl:0 avg_rt: 256.0 (80)
  [4] sc:0 lt:688  rt:0  fl:0 avg_rt: 380.1 (20)
 in 60 sec.

<Raw Results2(sum ver.)>
  [0] sc:1  lt:6891  rt:0  fl:0 
  [1] sc:294  lt:6597  rt:0  fl:0 
  [2] sc:76  lt:613  rt:0  fl:0 
  [3] sc:0  lt:690  rt:0  fl:0 
  [4] sc:0  lt:688  rt:0  fl:0 

<Constraint Check> (all must be [OK])
 [transaction percentage]
        Payment: 43.48% (>=43.0%) [OK]
   Order-Status: 4.35% (>= 4.0%) [OK]
       Delivery: 4.35% (>= 4.0%) [OK]
    Stock-Level: 4.34% (>= 4.0%) [OK]
 [response time (at least 90% passed)]
      New-Order: 0.01%  [NG] *
        Payment: 4.27%  [NG] *
   Order-Status: 11.03%  [NG] *
       Delivery: 0.00%  [NG] *
    Stock-Level: 0.00%  [NG] *

<TpmC>
                 6892.000 TpmC
