***************************************
*** ###easy### TPC-C Load Generator ***
***************************************
option h with value '192.168.122.83'
option P with value '3306'
option d with value 'benchmarker'
option u with value 'root'
option p with value '123456'
option w with value '11'
option c with value '24'
option r with value '22'
option l with value '60'
option i with value '10'
<Parameters>
     [server]: 192.168.122.83
     [port]: 3306
     [DBname]: benchmarker
       [user]: root
       [pass]: 123456
  [warehouse]: 11
 [connection]: 24
     [rampup]: 22 (sec.)
    [measure]: 60 (sec.)

RAMP-UP TIME.(22 sec.)

MEASURING START.

  10, trx: 3014, 95%: 75.328, 99%: 92.527, max_rt: 142.480, 3017|134.543, 301|32.000, 300|208.133, 303|267.013
  20, trx: 3098, 95%: 72.237, 99%: 88.730, max_rt: 131.619, 3098|75.952, 310|25.370, 312|193.519, 309|224.824
  30, trx: 3005, 95%: 75.781, 99%: 93.083, max_rt: 136.294, 3004|110.936, 300|67.525, 299|212.641, 300|266.360
  40, trx: 2884, 95%: 80.288, 99%: 115.125, max_rt: 336.940, 2882|136.079, 289|28.741, 290|285.265, 288|375.271
  50, trx: 3022, 95%: 74.789, 99%: 92.666, max_rt: 123.152, 3022|98.314, 302|25.974, 301|199.119, 303|288.879
  60, trx: 3249, 95%: 69.501, 99%: 90.095, max_rt: 166.262, 3251|104.432, 325|23.403, 325|186.574, 325|240.801

STOPPING THREADS........................

<Raw Results>
  [0] sc:20 lt:18252  rt:0  fl:0 avg_rt: 55.4 (5)
  [1] sc:3326 lt:14948  rt:0  fl:0 avg_rt: 17.8 (5)
  [2] sc:1139 lt:688  rt:0  fl:0 avg_rt: 6.8 (5)
  [3] sc:370 lt:1457  rt:0  fl:0 avg_rt: 144.2 (80)
  [4] sc:0 lt:1828  rt:0  fl:0 avg_rt: 193.2 (20)
 in 60 sec.

<Raw Results2(sum ver.)>
  [0] sc:20  lt:18252  rt:0  fl:0 
  [1] sc:3326  lt:14948  rt:0  fl:0 
  [2] sc:1139  lt:688  rt:0  fl:0 
  [3] sc:370  lt:1457  rt:0  fl:0 
  [4] sc:0  lt:1828  rt:0  fl:0 

<Constraint Check> (all must be [OK])
 [transaction percentage]
        Payment: 43.48% (>=43.0%) [OK]
   Order-Status: 4.35% (>= 4.0%) [OK]
       Delivery: 4.35% (>= 4.0%) [OK]
    Stock-Level: 4.35% (>= 4.0%) [OK]
 [response time (at least 90% passed)]
      New-Order: 0.11%  [NG] *
        Payment: 18.20%  [NG] *
   Order-Status: 62.34%  [NG] *
       Delivery: 20.25%  [NG] *
    Stock-Level: 0.00%  [NG] *

<TpmC>
                 18272.000 TpmC
