***************************************
*** ###easy### TPC-C Load Generator ***
***************************************
option h with value '192.168.122.79'
option P with value '3306'
option d with value 'benchmarker'
option u with value 'root'
option p with value '123456'
option w with value '11'
option c with value '8'
option r with value '22'
option l with value '60'
option i with value '10'
<Parameters>
     [server]: 192.168.122.79
     [port]: 3306
     [DBname]: benchmarker
       [user]: root
       [pass]: 123456
  [warehouse]: 11
 [connection]: 8
     [rampup]: 22 (sec.)
    [measure]: 60 (sec.)

RAMP-UP TIME.(22 sec.)

MEASURING START.

  10, trx: 2770, 95%: 25.299, 99%: 35.877, max_rt: 108.601, 2771|58.565, 277|20.638, 277|179.726, 276|183.304
  20, trx: 3116, 95%: 24.538, 99%: 31.886, max_rt: 59.893, 3112|50.029, 311|10.144, 312|139.696, 312|93.355
  30, trx: 3253, 95%: 23.517, 99%: 28.826, max_rt: 40.920, 3257|23.643, 326|7.954, 325|60.969, 326|83.651
  40, trx: 3182, 95%: 23.922, 99%: 29.613, max_rt: 41.627, 3181|21.562, 318|8.870, 319|65.580, 318|86.959
  50, trx: 3240, 95%: 24.239, 99%: 30.276, max_rt: 39.488, 3239|22.281, 324|7.681, 323|66.998, 323|72.939
  60, trx: 3171, 95%: 23.609, 99%: 29.357, max_rt: 41.804, 3170|28.017, 318|7.694, 317|67.448, 318|89.627

STOPPING THREADS........

<Raw Results>
  [0] sc:324 lt:18408  rt:0  fl:0 avg_rt: 18.5 (5)
  [1] sc:15629 lt:3101  rt:0  fl:0 avg_rt: 5.1 (5)
  [2] sc:1808 lt:66  rt:0  fl:0 avg_rt: 2.5 (5)
  [3] sc:1863 lt:10  rt:0  fl:0 avg_rt: 46.9 (80)
  [4] sc:14 lt:1859  rt:0  fl:0 avg_rt: 64.5 (20)
 in 60 sec.

<Raw Results2(sum ver.)>
  [0] sc:324  lt:18408  rt:0  fl:0 
  [1] sc:15629  lt:3101  rt:0  fl:0 
  [2] sc:1808  lt:66  rt:0  fl:0 
  [3] sc:1863  lt:10  rt:0  fl:0 
  [4] sc:14  lt:1859  rt:0  fl:0 

<Constraint Check> (all must be [OK])
 [transaction percentage]
        Payment: 43.48% (>=43.0%) [OK]
   Order-Status: 4.35% (>= 4.0%) [OK]
       Delivery: 4.35% (>= 4.0%) [OK]
    Stock-Level: 4.35% (>= 4.0%) [OK]
 [response time (at least 90% passed)]
      New-Order: 1.73%  [NG] *
        Payment: 83.44%  [NG] *
   Order-Status: 96.48%  [OK]
       Delivery: 99.47%  [OK]
    Stock-Level: 0.75%  [NG] *

<TpmC>
                 18732.000 TpmC
