***************************************
*** ###easy### TPC-C Load Generator ***
***************************************
option h with value '192.168.122.77'
option P with value '3306'
option d with value 'benchmarker'
option u with value 'root'
option p with value '123456'
option w with value '11'
option c with value '4'
option r with value '22'
option l with value '60'
option i with value '10'
<Parameters>
     [server]: 192.168.122.77
     [port]: 3306
     [DBname]: benchmarker
       [user]: root
       [pass]: 123456
  [warehouse]: 11
 [connection]: 4
     [rampup]: 22 (sec.)
    [measure]: 60 (sec.)

RAMP-UP TIME.(22 sec.)

MEASURING START.

  10, trx: 1928, 95%: 17.169, 99%: 20.339, max_rt: 33.385, 1923|20.525, 193|3.618, 194|47.254, 192|69.070
  20, trx: 2114, 95%: 15.346, 99%: 19.014, max_rt: 29.640, 2116|13.520, 211|2.340, 210|37.704, 212|47.314
  30, trx: 2081, 95%: 15.438, 99%: 17.893, max_rt: 32.844, 2084|16.576, 208|2.780, 209|37.638, 209|47.345
  40, trx: 2069, 95%: 15.634, 99%: 18.805, max_rt: 27.581, 2068|13.165, 207|2.619, 207|34.369, 207|73.742
  50, trx: 2136, 95%: 15.884, 99%: 18.867, max_rt: 27.590, 2137|16.421, 214|2.296, 213|31.177, 213|54.675
  60, trx: 2141, 95%: 15.836, 99%: 18.492, max_rt: 31.142, 2136|13.868, 213|2.970, 214|31.760, 214|71.078

STOPPING THREADS....

<Raw Results>
  [0] sc:33 lt:12436  rt:0  fl:0 avg_rt: 14.4 (5)
  [1] sc:12302 lt:162  rt:0  fl:0 avg_rt: 3.4 (5)
  [2] sc:1246 lt:0  rt:0  fl:0 avg_rt: 1.8 (5)
  [3] sc:1247 lt:0  rt:0  fl:0 avg_rt: 30.9 (80)
  [4] sc:0 lt:1247  rt:0  fl:0 avg_rt: 51.8 (20)
 in 60 sec.

<Raw Results2(sum ver.)>
  [0] sc:33  lt:12436  rt:0  fl:0 
  [1] sc:12302  lt:162  rt:0  fl:0 
  [2] sc:1246  lt:0  rt:0  fl:0 
  [3] sc:1247  lt:0  rt:0  fl:0 
  [4] sc:0  lt:1247  rt:0  fl:0 

<Constraint Check> (all must be [OK])
 [transaction percentage]
        Payment: 43.47% (>=43.0%) [OK]
   Order-Status: 4.35% (>= 4.0%) [OK]
       Delivery: 4.35% (>= 4.0%) [OK]
    Stock-Level: 4.35% (>= 4.0%) [OK]
 [response time (at least 90% passed)]
      New-Order: 0.26%  [NG] *
        Payment: 98.70%  [OK]
   Order-Status: 100.00%  [OK]
       Delivery: 100.00%  [OK]
    Stock-Level: 0.00%  [NG] *

<TpmC>
                 12469.000 TpmC
