***************************************
*** ###easy### TPC-C Load Generator ***
***************************************
option h with value '192.168.122.77'
option P with value '3306'
option d with value 'benchmarker'
option u with value 'root'
option p with value '123456'
option w with value '11'
option c with value '64'
option r with value '22'
option l with value '60'
option i with value '10'
<Parameters>
     [server]: 192.168.122.77
     [port]: 3306
     [DBname]: benchmarker
       [user]: root
       [pass]: 123456
  [warehouse]: 11
 [connection]: 64
     [rampup]: 22 (sec.)
    [measure]: 60 (sec.)

RAMP-UP TIME.(22 sec.)

MEASURING START.

  10, trx: 1463, 95%: 317.121, 99%: 439.073, max_rt: 729.058, 1472|922.727, 147|42.746, 147|414.804, 148|860.538
  20, trx: 1504, 95%: 310.359, 99%: 425.869, max_rt: 576.369, 1496|859.612, 150|34.674, 150|408.974, 150|864.281
  30, trx: 1506, 95%: 317.406, 99%: 434.497, max_rt: 632.814, 1510|956.570, 151|42.428, 151|361.649, 150|861.114
  40, trx: 1521, 95%: 313.910, 99%: 432.550, max_rt: 582.156, 1524|854.954, 152|39.319, 151|421.683, 152|794.625
  50, trx: 1499, 95%: 324.515, 99%: 429.711, max_rt: 637.123, 1505|771.048, 150|37.201, 150|479.035, 150|840.057
  60, trx: 1485, 95%: 323.352, 99%: 420.800, max_rt: 622.986, 1485|827.666, 149|41.841, 149|529.642, 149|844.375

STOPPING THREADS................................................................

<Raw Results>
  [0] sc:0 lt:8978  rt:0  fl:0 avg_rt: 247.4 (5)
  [1] sc:0 lt:8992  rt:0  fl:0 avg_rt: 201.2 (5)
  [2] sc:3 lt:896  rt:0  fl:0 avg_rt: 21.2 (5)
  [3] sc:0 lt:898  rt:0  fl:0 avg_rt: 413.0 (80)
  [4] sc:0 lt:899  rt:0  fl:0 avg_rt: 868.9 (20)
 in 60 sec.

<Raw Results2(sum ver.)>
  [0] sc:0  lt:8978  rt:0  fl:0 
  [1] sc:0  lt:8992  rt:0  fl:0 
  [2] sc:3  lt:896  rt:0  fl:0 
  [3] sc:0  lt:898  rt:0  fl:0 
  [4] sc:0  lt:899  rt:0  fl:0 

<Constraint Check> (all must be [OK])
 [transaction percentage]
        Payment: 43.51% (>=43.0%) [OK]
   Order-Status: 4.35% (>= 4.0%) [OK]
       Delivery: 4.35% (>= 4.0%) [OK]
    Stock-Level: 4.35% (>= 4.0%) [OK]
 [response time (at least 90% passed)]
      New-Order: 0.00%  [NG] *
        Payment: 0.00%  [NG] *
   Order-Status: 0.33%  [NG] *
       Delivery: 0.00%  [NG] *
    Stock-Level: 0.00%  [NG] *

<TpmC>
                 8978.000 TpmC
