***************************************
*** ###easy### TPC-C Load Generator ***
***************************************
option h with value '192.168.122.77'
option P with value '3306'
option d with value 'benchmarker'
option u with value 'root'
option p with value '123456'
option w with value '11'
option c with value '2'
option r with value '22'
option l with value '60'
option i with value '10'
<Parameters>
     [server]: 192.168.122.77
     [port]: 3306
     [DBname]: benchmarker
       [user]: root
       [pass]: 123456
  [warehouse]: 11
 [connection]: 2
     [rampup]: 22 (sec.)
    [measure]: 60 (sec.)

RAMP-UP TIME.(22 sec.)
2003, HY000, Can't connect to MySQL server on '192.168.122.77' (113)
2003, HY000, Can't connect to MySQL server on '192.168.122.77' (113)
error at thread_main
error at thread_main

MEASURING START.

  10, trx: 0, 95%: 0.000, 99%: 0.000, max_rt: 0.000, 0|0.000, 0|0.000, 0|0.000, 0|0.000
  20, trx: 0, 95%: 0.000, 99%: 0.000, max_rt: 0.000, 0|0.000, 0|0.000, 0|0.000, 0|0.000
  30, trx: 0, 95%: 0.000, 99%: 0.000, max_rt: 0.000, 0|0.000, 0|0.000, 0|0.000, 0|0.000
  40, trx: 0, 95%: 0.000, 99%: 0.000, max_rt: 0.000, 0|0.000, 0|0.000, 0|0.000, 0|0.000
  50, trx: 0, 95%: 0.000, 99%: 0.000, max_rt: 0.000, 0|0.000, 0|0.000, 0|0.000, 0|0.000
  60, trx: 0, 95%: 0.000, 99%: 0.000, max_rt: 0.000, 0|0.000, 0|0.000, 0|0.000, 0|0.000

STOPPING THREADS

<Raw Results>
  [0] sc:0 lt:0  rt:0  fl:0 avg_rt: -nan (5)
  [1] sc:0 lt:0  rt:0  fl:0 avg_rt: -nan (5)
  [2] sc:0 lt:0  rt:0  fl:0 avg_rt: -nan (5)
  [3] sc:0 lt:0  rt:0  fl:0 avg_rt: -nan (80)
  [4] sc:0 lt:0  rt:0  fl:0 avg_rt: -nan (20)
 in 60 sec.

<Raw Results2(sum ver.)>
  [0] sc:0  lt:0  rt:0  fl:0 
  [1] sc:0  lt:0  rt:0  fl:0 
  [2] sc:0  lt:0  rt:0  fl:0 
  [3] sc:0  lt:0  rt:0  fl:0 
  [4] sc:0  lt:0  rt:0  fl:0 

<Constraint Check> (all must be [OK])
 [transaction percentage]
        Payment: -nan% (>=43.0%) [NG] *
   Order-Status: -nan% (>= 4.0%) [NG] *
       Delivery: -nan% (>= 4.0%) [NG] *
    Stock-Level: -nan% (>= 4.0%) [NG] *
 [response time (at least 90% passed)]
      New-Order: -nan%  [NG] *
        Payment: -nan%  [NG] *
   Order-Status: -nan%  [NG] *
       Delivery: -nan%  [NG] *
    Stock-Level: -nan%  [NG] *

<TpmC>
                 0.000 TpmC
