***************************************
*** ###easy### TPC-C Load Generator ***
***************************************
option h with value '192.168.122.81'
option P with value '3306'
option d with value 'benchmarker'
option u with value 'root'
option p with value '123456'
option w with value '11'
option c with value '24'
option r with value '22'
option l with value '60'
option i with value '10'
<Parameters>
     [server]: 192.168.122.81
     [port]: 3306
     [DBname]: benchmarker
       [user]: root
       [pass]: 123456
  [warehouse]: 11
 [connection]: 24
     [rampup]: 22 (sec.)
    [measure]: 60 (sec.)

RAMP-UP TIME.(22 sec.)

MEASURING START.

  10, trx: 1048, 95%: 180.427, 99%: 194.856, max_rt: 251.992, 1051|211.347, 106|49.306, 106|417.362, 104|546.932
  20, trx: 1060, 95%: 174.166, 99%: 190.644, max_rt: 252.116, 1056|212.707, 105|45.307, 105|377.666, 106|540.635
  30, trx: 1043, 95%: 174.426, 99%: 186.635, max_rt: 227.893, 1049|174.090, 105|49.332, 105|426.079, 104|506.511
  40, trx: 1049, 95%: 177.163, 99%: 192.594, max_rt: 235.471, 1047|172.112, 104|46.775, 104|394.724, 105|506.969
  50, trx: 1035, 95%: 177.375, 99%: 190.188, max_rt: 235.767, 1034|170.991, 104|32.470, 104|434.411, 104|545.582
  60, trx: 1053, 95%: 174.583, 99%: 187.924, max_rt: 216.415, 1051|220.680, 104|34.081, 105|405.724, 105|538.766

STOPPING THREADS........................

<Raw Results>
  [0] sc:3 lt:6285  rt:0  fl:0 avg_rt: 161.8 (5)
  [1] sc:291 lt:5997  rt:0  fl:0 avg_rt: 47.2 (5)
  [2] sc:47 lt:581  rt:0  fl:0 avg_rt: 22.4 (5)
  [3] sc:0 lt:629  rt:0  fl:0 avg_rt: 419.1 (80)
  [4] sc:0 lt:628  rt:0  fl:0 avg_rt: 594.8 (20)
 in 60 sec.

<Raw Results2(sum ver.)>
  [0] sc:3  lt:6285  rt:0  fl:0 
  [1] sc:291  lt:6000  rt:0  fl:0 
  [2] sc:47  lt:581  rt:0  fl:0 
  [3] sc:0  lt:629  rt:0  fl:0 
  [4] sc:0  lt:628  rt:0  fl:0 

<Constraint Check> (all must be [OK])
 [transaction percentage]
        Payment: 43.48% (>=43.0%) [OK]
   Order-Status: 4.34% (>= 4.0%) [OK]
       Delivery: 4.35% (>= 4.0%) [OK]
    Stock-Level: 4.34% (>= 4.0%) [OK]
 [response time (at least 90% passed)]
      New-Order: 0.05%  [NG] *
        Payment: 4.63%  [NG] *
   Order-Status: 7.48%  [NG] *
       Delivery: 0.00%  [NG] *
    Stock-Level: 0.00%  [NG] *

<TpmC>
                 6288.000 TpmC
