***************************************
*** ###easy### TPC-C Load Generator ***
***************************************
option h with value '192.168.122.81'
option P with value '3306'
option d with value 'benchmarker'
option u with value 'root'
option p with value '123456'
option w with value '11'
option c with value '1'
option r with value '22'
option l with value '60'
option i with value '10'
<Parameters>
     [server]: 192.168.122.81
     [port]: 3306
     [DBname]: benchmarker
       [user]: root
       [pass]: 123456
  [warehouse]: 11
 [connection]: 1
     [rampup]: 22 (sec.)
    [measure]: 60 (sec.)

RAMP-UP TIME.(22 sec.)

MEASURING START.

  10, trx: 1095, 95%: 6.752, 99%: 9.736, max_rt: 22.804, 1098|7.986, 110|2.620, 109|28.076, 110|27.152
  20, trx: 1106, 95%: 6.786, 99%: 10.196, max_rt: 13.947, 1105|5.920, 110|3.034, 110|24.129, 110|25.875
  30, trx: 1085, 95%: 6.890, 99%: 9.362, max_rt: 12.339, 1086|3.470, 109|1.904, 109|30.635, 109|27.069
  40, trx: 1087, 95%: 6.911, 99%: 8.589, max_rt: 16.884, 1087|7.057, 109|3.126, 109|23.924, 109|26.412
  50, trx: 1076, 95%: 7.064, 99%: 10.132, max_rt: 15.314, 1074|6.739, 107|1.303, 108|23.618, 107|25.277
  60, trx: 1041, 95%: 7.157, 99%: 10.343, max_rt: 21.771, 1043|6.750, 104|2.305, 104|26.312, 104|30.553

STOPPING THREADS.

<Raw Results>
  [0] sc:3686 lt:2804  rt:0  fl:0 avg_rt: 6.5 (5)
  [1] sc:6487 lt:6  rt:0  fl:0 avg_rt: 1.8 (5)
  [2] sc:649 lt:0  rt:0  fl:0 avg_rt: 1.0 (5)
  [3] sc:649 lt:0  rt:0  fl:0 avg_rt: 19.2 (80)
  [4] sc:584 lt:65  rt:0  fl:0 avg_rt: 22.8 (20)
 in 60 sec.

<Raw Results2(sum ver.)>
  [0] sc:3686  lt:2804  rt:0  fl:0 
  [1] sc:6487  lt:6  rt:0  fl:0 
  [2] sc:649  lt:0  rt:0  fl:0 
  [3] sc:649  lt:0  rt:0  fl:0 
  [4] sc:584  lt:65  rt:0  fl:0 

<Constraint Check> (all must be [OK])
 [transaction percentage]
        Payment: 43.49% (>=43.0%) [OK]
   Order-Status: 4.35% (>= 4.0%) [OK]
       Delivery: 4.35% (>= 4.0%) [OK]
    Stock-Level: 4.35% (>= 4.0%) [OK]
 [response time (at least 90% passed)]
      New-Order: 56.80%  [NG] *
        Payment: 99.91%  [OK]
   Order-Status: 100.00%  [OK]
       Delivery: 100.00%  [OK]
    Stock-Level: 89.98%  [NG] *

<TpmC>
                 6490.000 TpmC
