***************************************
*** ###easy### TPC-C Load Generator ***
***************************************
option h with value '192.168.122.79'
option P with value '3306'
option d with value 'benchmarker'
option u with value 'root'
option p with value '123456'
option w with value '11'
option c with value '24'
option r with value '22'
option l with value '60'
option i with value '10'
<Parameters>
     [server]: 192.168.122.79
     [port]: 3306
     [DBname]: benchmarker
       [user]: root
       [pass]: 123456
  [warehouse]: 11
 [connection]: 24
     [rampup]: 22 (sec.)
    [measure]: 60 (sec.)

RAMP-UP TIME.(22 sec.)

MEASURING START.

  10, trx: 2147, 95%: 93.838, 99%: 107.080, max_rt: 169.321, 2142|118.957, 214|50.712, 214|265.721, 214|327.432
  20, trx: 2129, 95%: 91.892, 99%: 105.679, max_rt: 148.764, 2128|110.422, 214|24.886, 213|242.821, 213|304.046
  30, trx: 2130, 95%: 94.741, 99%: 107.659, max_rt: 129.146, 2132|105.535, 213|38.642, 213|233.157, 214|288.075
  40, trx: 2161, 95%: 92.389, 99%: 106.187, max_rt: 183.859, 2159|142.276, 216|35.669, 217|256.971, 215|295.434
  50, trx: 2136, 95%: 92.916, 99%: 107.273, max_rt: 153.940, 2136|141.550, 213|41.812, 214|228.026, 214|302.632
  60, trx: 2137, 95%: 93.306, 99%: 110.665, max_rt: 154.127, 2136|169.661, 214|27.394, 212|250.644, 213|314.045

STOPPING THREADS........................

<Raw Results>
  [0] sc:22 lt:12819  rt:0  fl:0 avg_rt: 78.5 (5)
  [1] sc:1008 lt:11825  rt:0  fl:0 avg_rt: 23.7 (5)
  [2] sc:440 lt:844  rt:0  fl:0 avg_rt: 9.8 (5)
  [3] sc:5 lt:1278  rt:0  fl:0 avg_rt: 205.3 (80)
  [4] sc:0 lt:1283  rt:0  fl:0 avg_rt: 294.3 (20)
 in 60 sec.

<Raw Results2(sum ver.)>
  [0] sc:22  lt:12819  rt:0  fl:0 
  [1] sc:1008  lt:11827  rt:0  fl:0 
  [2] sc:440  lt:844  rt:0  fl:0 
  [3] sc:5  lt:1278  rt:0  fl:0 
  [4] sc:0  lt:1283  rt:0  fl:0 

<Constraint Check> (all must be [OK])
 [transaction percentage]
        Payment: 43.47% (>=43.0%) [OK]
   Order-Status: 4.35% (>= 4.0%) [OK]
       Delivery: 4.35% (>= 4.0%) [OK]
    Stock-Level: 4.35% (>= 4.0%) [OK]
 [response time (at least 90% passed)]
      New-Order: 0.17%  [NG] *
        Payment: 7.85%  [NG] *
   Order-Status: 34.27%  [NG] *
       Delivery: 0.39%  [NG] *
    Stock-Level: 0.00%  [NG] *

<TpmC>
                 12841.000 TpmC
