[OVERALL], RunTime(ms), 196
[OVERALL], Throughput(ops/sec), 5102.040816326531
[TOTAL_GCS_PS_Scavenge], Count, 0
[TOTAL_GC_TIME_PS_Scavenge], Time(ms), 0
[TOTAL_GC_TIME_%_PS_Scavenge], Time(%), 0.0
[TOTAL_GCS_PS_MarkSweep], Count, 0
[TOTAL_GC_TIME_PS_MarkSweep], Time(ms), 0
[TOTAL_GC_TIME_%_PS_MarkSweep], Time(%), 0.0
[TOTAL_GCs], Count, 0
[TOTAL_GC_TIME], Time(ms), 0
[TOTAL_GC_TIME_%], Time(%), 0.0
[CLEANUP], Operations, 16
[CLEANUP], AverageLatency(us), 47.625
[CLEANUP], MinLatency(us), 21
[CLEANUP], MaxLatency(us), 307
[CLEANUP], 95thPercentileLatency(us), 49
[CLEANUP], 99thPercentileLatency(us), 307
[INSERT], Operations, 1000
[INSERT], AverageLatency(us), 1604.183
[INSERT], MinLatency(us), 204
[INSERT], MaxLatency(us), 48479
[INSERT], 95thPercentileLatency(us), 5227
[INSERT], 99thPercentileLatency(us), 13895
[INSERT], Return=OK, 1000
