[OVERALL], RunTime(ms), 176
[OVERALL], Throughput(ops/sec), 5681.818181818182
[TOTAL_GCS_PS_Scavenge], Count, 0
[TOTAL_GC_TIME_PS_Scavenge], Time(ms), 0
[TOTAL_GC_TIME_%_PS_Scavenge], Time(%), 0.0
[TOTAL_GCS_PS_MarkSweep], Count, 0
[TOTAL_GC_TIME_PS_MarkSweep], Time(ms), 0
[TOTAL_GC_TIME_%_PS_MarkSweep], Time(%), 0.0
[TOTAL_GCs], Count, 0
[TOTAL_GC_TIME], Time(ms), 0
[TOTAL_GC_TIME_%], Time(%), 0.0
[CLEANUP], Operations, 16
[CLEANUP], AverageLatency(us), 50.125
[CLEANUP], MinLatency(us), 20
[CLEANUP], MaxLatency(us), 353
[CLEANUP], 95thPercentileLatency(us), 70
[CLEANUP], 99thPercentileLatency(us), 353
[INSERT], Operations, 1000
[INSERT], AverageLatency(us), 1257.297
[INSERT], MinLatency(us), 170
[INSERT], MaxLatency(us), 33567
[INSERT], 95thPercentileLatency(us), 4755
[INSERT], 99thPercentileLatency(us), 14127
[INSERT], Return=OK, 1000
