[OVERALL], RunTime(ms), 156
[OVERALL], Throughput(ops/sec), 6410.25641025641
[TOTAL_GCS_PS_Scavenge], Count, 0
[TOTAL_GC_TIME_PS_Scavenge], Time(ms), 0
[TOTAL_GC_TIME_%_PS_Scavenge], Time(%), 0.0
[TOTAL_GCS_PS_MarkSweep], Count, 0
[TOTAL_GC_TIME_PS_MarkSweep], Time(ms), 0
[TOTAL_GC_TIME_%_PS_MarkSweep], Time(%), 0.0
[TOTAL_GCs], Count, 0
[TOTAL_GC_TIME], Time(ms), 0
[TOTAL_GC_TIME_%], Time(%), 0.0
[CLEANUP], Operations, 16
[CLEANUP], AverageLatency(us), 47.3125
[CLEANUP], MinLatency(us), 20
[CLEANUP], MaxLatency(us), 326
[CLEANUP], 95thPercentileLatency(us), 50
[CLEANUP], 99thPercentileLatency(us), 326
[INSERT], Operations, 1000
[INSERT], AverageLatency(us), 1468.562
[INSERT], MinLatency(us), 198
[INSERT], MaxLatency(us), 21215
[INSERT], 95thPercentileLatency(us), 5051
[INSERT], 99thPercentileLatency(us), 12911
[INSERT], Return=OK, 1000
