[OVERALL], RunTime(ms), 154
[OVERALL], Throughput(ops/sec), 6493.506493506494
[TOTAL_GCS_PS_Scavenge], Count, 0
[TOTAL_GC_TIME_PS_Scavenge], Time(ms), 0
[TOTAL_GC_TIME_%_PS_Scavenge], Time(%), 0.0
[TOTAL_GCS_PS_MarkSweep], Count, 0
[TOTAL_GC_TIME_PS_MarkSweep], Time(ms), 0
[TOTAL_GC_TIME_%_PS_MarkSweep], Time(%), 0.0
[TOTAL_GCs], Count, 0
[TOTAL_GC_TIME], Time(ms), 0
[TOTAL_GC_TIME_%], Time(%), 0.0
[CLEANUP], Operations, 16
[CLEANUP], AverageLatency(us), 50.375
[CLEANUP], MinLatency(us), 21
[CLEANUP], MaxLatency(us), 371
[CLEANUP], 95thPercentileLatency(us), 41
[CLEANUP], 99thPercentileLatency(us), 371
[INSERT], Operations, 1000
[INSERT], AverageLatency(us), 1122.079
[INSERT], MinLatency(us), 220
[INSERT], MaxLatency(us), 16927
[INSERT], 95thPercentileLatency(us), 2841
[INSERT], 99thPercentileLatency(us), 8559
[INSERT], Return=OK, 1000
