randw-4K-n1-c1: (g=0): rw=randwrite, bs=(R) 4096B-4096B, (W) 4096B-4096B, (T) 4096B-4096B, ioengine=libaio, iodepth=32
randw-4K-n2-c2: (g=1): rw=randwrite, bs=(R) 4096B-4096B, (W) 4096B-4096B, (T) 4096B-4096B, ioengine=libaio, iodepth=32
...
randw-4K-n4-c4: (g=2): rw=randwrite, bs=(R) 4096B-4096B, (W) 4096B-4096B, (T) 4096B-4096B, ioengine=libaio, iodepth=32
...
randw-4K-n8-c8: (g=3): rw=randwrite, bs=(R) 4096B-4096B, (W) 4096B-4096B, (T) 4096B-4096B, ioengine=libaio, iodepth=32
...
randw-4K-n12-c12: (g=4): rw=randwrite, bs=(R) 4096B-4096B, (W) 4096B-4096B, (T) 4096B-4096B, ioengine=libaio, iodepth=32
...
fio-3.1
Starting 27 processes

randw-4K-n1-c1: (groupid=0, jobs=1): err= 0: pid=1325: Mon Jul 22 02:14:24 2019
  write: IOPS=100k, BW=392MiB/s (411MB/s)(11.5GiB/30001msec)
    slat (usec): min=2, max=740, avg= 3.84, stdev= 2.71
    clat (usec): min=232, max=1552, avg=311.66, stdev=31.14
     lat (usec): min=235, max=1566, avg=316.14, stdev=31.37
    clat percentiles (usec):
     | 10.000th=[  289], 20.000th=[  293], 30.000th=[  297], 40.000th=[  302],
     | 50.000th=[  306], 70.000th=[  322], 90.000th=[  338], 99.000th=[  412],
     | 99.900th=[  494], 99.990th=[ 1057], 99.999th=[ 1303]
   bw (  KiB/s): min=311290, max=414982, per=78.89%, avg=316798.75, stdev=13153.68, samples=59
   iops        : min=77822, max=103745, avg=79199.32, stdev=3288.40, samples=59
  lat (usec)   : 250=0.06%, 500=99.85%, 750=0.03%, 1000=0.01%
  lat (msec)   : 2=0.06%
  cpu          : usr=42.57%, sys=50.57%, ctx=274029, majf=0, minf=10
  IO depths    : 1=0.1%, 2=0.1%, 4=0.1%, 8=0.1%, 16=0.1%, 32=100.0%, >=64=0.0%
     submit    : 0=0.0%, 4=100.0%, 8=0.0%, 16=0.0%, 32=0.0%, 64=0.0%, >=64=0.0%
     complete  : 0=0.0%, 4=100.0%, 8=0.0%, 16=0.0%, 32=0.1%, 64=0.0%, >=64=0.0%
     issued rwt: total=0,3011781,0, short=0,0,0, dropped=0,0,0
     latency   : target=0, window=0, percentile=100.00%, depth=32
randw-4K-n2-c2: (groupid=1, jobs=2): err= 0: pid=1329: Mon Jul 22 02:14:24 2019
  write: IOPS=101k, BW=395MiB/s (415MB/s)(11.6GiB/30001msec)
    slat (usec): min=2, max=16018, avg= 4.41, stdev=10.61
    clat (usec): min=212, max=16631, avg=624.48, stdev=115.37
     lat (usec): min=219, max=16641, avg=629.57, stdev=115.83
    clat percentiles (usec):
     | 10.000th=[  603], 20.000th=[  603], 30.000th=[  611], 40.000th=[  619],
     | 50.000th=[  627], 70.000th=[  635], 90.000th=[  660], 99.000th=[  685],
     | 99.900th=[ 1156], 99.990th=[ 1614], 99.999th=[16319]
   bw (  KiB/s): min=157389, max=283654, per=39.88%, avg=161431.67, stdev=12081.06, samples=118
   iops        : min=39347, max=70913, avg=40357.53, stdev=3020.25, samples=118
  lat (usec)   : 250=0.01%, 500=1.41%, 750=98.45%, 1000=0.01%
  lat (msec)   : 2=0.13%, 10=0.01%, 20=0.01%
  cpu          : usr=24.52%, sys=35.63%, ctx=1616001, majf=0, minf=16
  IO depths    : 1=0.1%, 2=0.1%, 4=0.1%, 8=0.1%, 16=0.1%, 32=100.0%, >=64=0.0%
     submit    : 0=0.0%, 4=100.0%, 8=0.0%, 16=0.0%, 32=0.0%, 64=0.0%, >=64=0.0%
     complete  : 0=0.0%, 4=100.0%, 8=0.0%, 16=0.0%, 32=0.1%, 64=0.0%, >=64=0.0%
     issued rwt: total=0,3036224,0, short=0,0,0, dropped=0,0,0
     latency   : target=0, window=0, percentile=100.00%, depth=32
randw-4K-n4-c4: (groupid=2, jobs=4): err= 0: pid=1333: Mon Jul 22 02:14:24 2019
  write: IOPS=103k, BW=401MiB/s (421MB/s)(11.8GiB/30002msec)
    slat (usec): min=2, max=18608, avg= 5.40, stdev=19.96
    clat (usec): min=184, max=19050, avg=1235.81, stdev=194.56
     lat (usec): min=191, max=19061, avg=1242.07, stdev=195.33
    clat percentiles (usec):
     | 10.000th=[ 1205], 20.000th=[ 1221], 30.000th=[ 1237], 40.000th=[ 1254],
     | 50.000th=[ 1254], 70.000th=[ 1270], 90.000th=[ 1303], 99.000th=[ 1385],
     | 99.900th=[ 1778], 99.990th=[ 2507], 99.999th=[19006]
   bw (  KiB/s): min=90380, max=270661, per=23.50%, avg=96589.37, stdev=16231.76, samples=236
   iops        : min=22595, max=67665, avg=24146.94, stdev=4057.93, samples=236
  lat (usec)   : 250=0.01%, 500=2.17%, 750=0.70%, 1000=0.41%
  lat (msec)   : 2=96.69%, 4=0.02%, 10=0.01%, 20=0.01%
  cpu          : usr=14.96%, sys=20.89%, ctx=1493660, majf=0, minf=37
  IO depths    : 1=0.1%, 2=0.1%, 4=0.1%, 8=0.1%, 16=0.1%, 32=100.0%, >=64=0.0%
     submit    : 0=0.0%, 4=100.0%, 8=0.0%, 16=0.0%, 32=0.0%, 64=0.0%, >=64=0.0%
     complete  : 0=0.0%, 4=100.0%, 8=0.0%, 16=0.0%, 32=0.1%, 64=0.0%, >=64=0.0%
     issued rwt: total=0,3083479,0, short=0,0,0, dropped=0,0,0
     latency   : target=0, window=0, percentile=100.00%, depth=32
randw-4K-n8-c8: (groupid=3, jobs=8): err= 0: pid=1340: Mon Jul 22 02:14:24 2019
  write: IOPS=105k, BW=410MiB/s (430MB/s)(12.0GiB/30003msec)
    slat (usec): min=2, max=16033, avg= 9.63, stdev=46.12
    clat (usec): min=181, max=25787, avg=2423.48, stdev=503.13
     lat (usec): min=189, max=25801, avg=2434.50, stdev=505.61
    clat percentiles (usec):
     | 10.000th=[ 2343], 20.000th=[ 2442], 30.000th=[ 2474], 40.000th=[ 2507],
     | 50.000th=[ 2507], 70.000th=[ 2540], 90.000th=[ 2606], 99.000th=[ 3163],
     | 99.900th=[ 4359], 99.990th=[13960], 99.999th=[25035]
   bw (  KiB/s): min=31244, max=189874, per=9.02%, avg=37876.65, stdev=14140.50, samples=472
   iops        : min= 7811, max=47468, avg=9468.79, stdev=3535.13, samples=472
  lat (usec)   : 250=0.01%, 500=3.80%, 750=0.62%, 1000=0.19%
  lat (msec)   : 2=0.45%, 4=94.69%, 10=0.23%, 20=0.01%, 50=0.01%
  cpu          : usr=10.97%, sys=13.70%, ctx=860055, majf=0, minf=78
  IO depths    : 1=0.1%, 2=0.1%, 4=0.1%, 8=0.1%, 16=0.1%, 32=100.0%, >=64=0.0%
     submit    : 0=0.0%, 4=100.0%, 8=0.0%, 16=0.0%, 32=0.0%, 64=0.0%, >=64=0.0%
     complete  : 0=0.0%, 4=100.0%, 8=0.0%, 16=0.0%, 32=0.1%, 64=0.0%, >=64=0.0%
     issued rwt: total=0,3148288,0, short=0,0,0, dropped=0,0,0
     latency   : target=0, window=0, percentile=100.00%, depth=32
randw-4K-n12-c12: (groupid=4, jobs=12): err= 0: pid=1351: Mon Jul 22 02:14:24 2019
  write: IOPS=107k, BW=417MiB/s (437MB/s)(12.2GiB/30004msec)
    slat (usec): min=2, max=10190, avg=13.36, stdev=77.05
    clat (usec): min=138, max=12182, avg=3580.94, stdev=842.58
     lat (usec): min=145, max=12432, avg=3595.79, stdev=848.24
    clat percentiles (usec):
     | 10.000th=[ 3425], 20.000th=[ 3621], 30.000th=[ 3720], 40.000th=[ 3752],
     | 50.000th=[ 3785], 70.000th=[ 3818], 90.000th=[ 3884], 99.000th=[ 5276],
     | 99.900th=[ 7177], 99.990th=[ 9765], 99.999th=[11863]
   bw (  KiB/s): min=29871, max=192528, per=8.36%, avg=35670.43, stdev=13938.36, samples=720
   iops        : min= 7467, max=48132, avg=8917.26, stdev=3484.61, samples=720
  lat (usec)   : 250=0.01%, 500=2.55%, 750=2.70%, 1000=0.43%
  lat (msec)   : 2=0.77%, 4=90.45%, 10=3.09%, 20=0.01%
  cpu          : usr=8.00%, sys=10.41%, ctx=825359, majf=0, minf=120
  IO depths    : 1=0.1%, 2=0.1%, 4=0.1%, 8=0.1%, 16=0.1%, 32=100.0%, >=64=0.0%
     submit    : 0=0.0%, 4=100.0%, 8=0.0%, 16=0.0%, 32=0.0%, 64=0.0%, >=64=0.0%
     complete  : 0=0.0%, 4=100.0%, 8=0.0%, 16=0.0%, 32=0.1%, 64=0.0%, >=64=0.0%
     issued rwt: total=0,3199161,0, short=0,0,0, dropped=0,0,0
     latency   : target=0, window=0, percentile=100.00%, depth=32

Run status group 0 (all jobs):
  WRITE: bw=392MiB/s (411MB/s), 392MiB/s-392MiB/s (411MB/s-411MB/s), io=11.5GiB (12.3GB), run=30001-30001msec

Run status group 1 (all jobs):
  WRITE: bw=395MiB/s (415MB/s), 395MiB/s-395MiB/s (415MB/s-415MB/s), io=11.6GiB (12.4GB), run=30001-30001msec

Run status group 2 (all jobs):
  WRITE: bw=401MiB/s (421MB/s), 401MiB/s-401MiB/s (421MB/s-421MB/s), io=11.8GiB (12.6GB), run=30002-30002msec

Run status group 3 (all jobs):
  WRITE: bw=410MiB/s (430MB/s), 410MiB/s-410MiB/s (430MB/s-430MB/s), io=12.0GiB (12.9GB), run=30003-30003msec

Run status group 4 (all jobs):
  WRITE: bw=417MiB/s (437MB/s), 417MiB/s-417MiB/s (437MB/s-437MB/s), io=12.2GiB (13.1GB), run=30004-30004msec

Disk stats (read/write):
  vda: ios=282/15463719, merge=0/0, ticks=84/24911800, in_queue=25086792, util=99.21%
