***************************************
*** ###easy### TPC-C Load Generator ***
***************************************
option h with value '192.168.122.79'
option P with value '3306'
option d with value 'benchmarker'
option u with value 'root'
option p with value '123456'
option w with value '11'
option c with value '24'
option r with value '22'
option l with value '60'
option i with value '10'
<Parameters>
     [server]: 192.168.122.79
     [port]: 3306
     [DBname]: benchmarker
       [user]: root
       [pass]: 123456
  [warehouse]: 11
 [connection]: 24
     [rampup]: 22 (sec.)
    [measure]: 60 (sec.)

RAMP-UP TIME.(22 sec.)

MEASURING START.

  10, trx: 1770, 95%: 112.065, 99%: 131.568, max_rt: 212.053, 1773|154.261, 177|39.584, 177|451.738, 176|407.784
  20, trx: 1798, 95%: 111.396, 99%: 130.548, max_rt: 157.621, 1793|135.759, 180|40.585, 181|315.819, 179|374.797
  30, trx: 1823, 95%: 110.831, 99%: 129.691, max_rt: 154.194, 1825|121.291, 182|35.007, 181|287.133, 183|369.128
  40, trx: 1874, 95%: 107.209, 99%: 126.964, max_rt: 169.912, 1872|181.470, 188|39.474, 187|305.916, 188|400.925
  50, trx: 1832, 95%: 109.152, 99%: 127.078, max_rt: 192.839, 1835|146.390, 183|36.266, 183|269.459, 183|362.130
  60, trx: 1814, 95%: 112.300, 99%: 141.199, max_rt: 170.961, 1812|116.553, 181|58.817, 182|300.891, 182|395.082

STOPPING THREADS........................

<Raw Results>
  [0] sc:8 lt:10903  rt:0  fl:0 avg_rt: 92.7 (5)
  [1] sc:685 lt:10225  rt:0  fl:0 avg_rt: 27.9 (5)
  [2] sc:258 lt:833  rt:0  fl:0 avg_rt: 13.5 (5)
  [3] sc:12 lt:1079  rt:0  fl:0 avg_rt: 244.1 (80)
  [4] sc:0 lt:1091  rt:0  fl:0 avg_rt: 337.8 (20)
 in 60 sec.

<Raw Results2(sum ver.)>
  [0] sc:8  lt:10903  rt:0  fl:0 
  [1] sc:685  lt:10226  rt:0  fl:0 
  [2] sc:258  lt:833  rt:0  fl:0 
  [3] sc:12  lt:1079  rt:0  fl:0 
  [4] sc:0  lt:1091  rt:0  fl:0 

<Constraint Check> (all must be [OK])
 [transaction percentage]
        Payment: 43.48% (>=43.0%) [OK]
   Order-Status: 4.35% (>= 4.0%) [OK]
       Delivery: 4.35% (>= 4.0%) [OK]
    Stock-Level: 4.35% (>= 4.0%) [OK]
 [response time (at least 90% passed)]
      New-Order: 0.07%  [NG] *
        Payment: 6.28%  [NG] *
   Order-Status: 23.65%  [NG] *
       Delivery: 1.10%  [NG] *
    Stock-Level: 0.00%  [NG] *

<TpmC>
                 10911.000 TpmC
