Initializing 200 connections...
Initializing 100 workers and preparing statements...
_elapsed___errors__ops/sec(inst)___ops/sec(cum)__p50(ms)__p95(ms)__p99(ms)_pMax(ms)
      1s        0            3.7            7.0     71.3     96.5     96.5     96.5 delivery
      1s        0           32.6           62.0     39.8     92.3     96.5    117.4 newOrder
      1s        0            3.7            7.0      6.0      9.4      9.4      9.4 orderStatus
      1s        0           37.3           71.0     17.8     52.4     71.3     83.9 payment
      1s        0            4.2            8.0     22.0     44.0     44.0     44.0 stockLevel
      2s        0            5.0            6.0     75.5    125.8    125.8    125.8 delivery
      2s        0           85.0           73.5     56.6    218.1    436.2    604.0 newOrder
      2s        0            5.0            6.0      8.9     37.7     37.7     37.7 orderStatus
      2s        0           78.0           74.5     33.6    209.7    704.6    838.9 payment
      2s        0            5.0            6.5     25.2     71.3     71.3     71.3 stockLevel
      3s        0           10.0            7.3    109.1    453.0    453.0    453.0 delivery
      3s        0           87.0           78.0     71.3    268.4    385.9    453.0 newOrder
      3s        0            9.0            7.0      6.8     14.2     14.2     14.2 orderStatus
      3s        0           74.0           74.3     48.2    738.2    838.9   1006.6 payment
      3s        0            9.0            7.3     35.7    260.0    260.0    260.0 stockLevel
      4s        0           13.0            8.7     79.7    201.3    318.8    318.8 delivery
      4s        0           91.0           81.2     75.5    570.4    604.0    604.0 newOrder
      4s        0            8.0            7.2      8.4     11.0     11.0     11.0 orderStatus
      4s        0           82.0           76.2     35.7    604.0   1140.9   1208.0 payment
      4s        0            3.0            6.2     24.1     60.8     60.8     60.8 stockLevel
_elapsed___errors__ops/sec(inst)___ops/sec(cum)__p50(ms)__p95(ms)__p99(ms)_pMax(ms)
      5s        0           11.0            9.2     92.3    117.4    302.0    302.0 delivery
      5s        0           77.0           80.4     83.9    570.4    671.1   1342.2 newOrder
      5s        0            5.0            6.8     10.5     39.8     39.8     39.8 orderStatus
      5s        0           82.0           77.4     62.9   1342.2   1677.7   2415.9 payment
      5s        0            8.0            6.6    100.7    352.3    352.3    352.3 stockLevel
      6s        0            6.0            8.7    100.7    134.2    134.2    134.2 delivery
      6s        0           73.0           79.2     75.5    503.3   1409.3   2147.5 newOrder
      6s        0            7.0            6.8      7.1     14.2     14.2     14.2 orderStatus
      6s        0           82.0           78.2     50.3   1140.9   2281.7   3087.0 payment
      6s        0           10.0            7.2     30.4    218.1    218.1    218.1 stockLevel
      7s        0            7.0            8.4    125.8    369.1    369.1    369.1 delivery
      7s        0           79.0           79.1    121.6   1140.9   1275.1   1409.3 newOrder
      7s        0           12.0            7.6      8.9     21.0     37.7     37.7 orderStatus
      7s        0           76.0           77.9     96.5   1879.0   2550.1   2684.4 payment
      7s        0           10.0            7.6     29.4   1208.0   1208.0   1208.0 stockLevel
      8s        0           10.0            8.6     96.5    243.3    243.3    243.3 delivery
      8s        0           76.0           78.7    142.6    570.4   2013.3   2550.1 newOrder
      8s        0            9.0            7.7      6.8     10.5     10.5     10.5 orderStatus
      8s        0           78.0           77.9     96.5   1342.2   2818.6   3355.4 payment
      8s        0            9.0            7.7     52.4    469.8    469.8    469.8 stockLevel
_elapsed___errors__ops/sec(inst)___ops/sec(cum)__p50(ms)__p95(ms)__p99(ms)_pMax(ms)
      9s        0           11.0            8.9     83.9    335.5    369.1    369.1 delivery
      9s        0           74.0           78.2    167.8   1610.6   2684.4   3489.7 newOrder
      9s        0            6.0            7.6      7.6     12.6     12.6     12.6 orderStatus
      9s        0           81.0           78.2     46.1   1543.5   3087.0   3623.9 payment
      9s        0            7.0            7.7     39.8    151.0    151.0    151.0 stockLevel
     10s        0            8.0            8.8     83.9    402.7    402.7    402.7 delivery
     10s        0           76.0           78.0    151.0    805.3   1811.9   2415.9 newOrder
     10s        0           10.0            7.8      7.6     27.3     27.3     27.3 orderStatus
     10s        0           68.0           77.2     54.5   2415.9   4563.4   5905.6 payment
     10s        0           11.0            8.0     39.8    109.1    302.0    302.0 stockLevel
_elapsed___errors__ops/sec(inst)___ops/sec(cum)__p50(ms)__p95(ms)__p99(ms)_pMax(ms)
      1s        0            8.0            8.0     75.5    104.9    104.9    104.9 delivery
      1s        0           58.0           58.1     65.0    251.7    385.9    738.2 newOrder
      1s        0            9.0            9.0      6.6     14.7     14.7     14.7 orderStatus
      1s        0           65.0           65.1     44.0    302.0    352.3    436.2 payment
      1s        0            6.0            6.0     33.6     75.5     75.5     75.5 stockLevel
      2s        0            5.0            6.5     79.7    201.3    201.3    201.3 delivery
      2s        0           81.0           69.5     88.1   1140.9   1275.1   1342.2 newOrder
      2s        0            6.0            7.5      5.8     12.1     12.1     12.1 orderStatus
      2s        0           65.0           65.0     30.4    142.6    218.1   1543.5 payment
      2s        0            7.0            6.5     30.4     44.0     44.0     44.0 stockLevel
      3s        0            9.0            7.3     58.7    109.1    109.1    109.1 delivery
      3s        0           69.0           69.4     44.0   1208.0   2080.4   2415.9 newOrder
      3s        0            4.0            6.3      5.8      6.3      6.3      6.3 orderStatus
      3s        0           55.0           61.7     19.9   1476.4   1610.6   1811.9 payment
      3s        0            4.0            5.7     25.2     35.7     35.7     35.7 stockLevel
      4s        0            2.0            6.0     44.0     52.4     52.4     52.4 delivery
      4s        0           51.0           64.8     44.0   1610.6   2281.7   2281.7 newOrder
      4s        0            6.0            6.3      5.8      8.4      8.4      8.4 orderStatus
      4s        0           43.0           57.0     14.7   2281.7   3355.4   3355.4 payment
      4s        0            6.0            5.8     18.9     37.7     37.7     37.7 stockLevel
_elapsed___errors__ops/sec(inst)___ops/sec(cum)__p50(ms)__p95(ms)__p99(ms)_pMax(ms)
      5s        0            6.0            6.0     79.7     92.3     92.3     92.3 delivery
      5s        0           84.0           68.6     54.5   1879.0   2818.6   2818.6 newOrder
      5s        0            9.0            6.8      7.1     41.9     41.9     41.9 orderStatus
      5s        0           74.0           60.4     25.2   1476.4   3892.3   4295.0 payment
      5s        0            9.0            6.4     25.2     75.5     75.5     75.5 stockLevel
      6s        0            6.0            6.0     62.9     96.5     96.5     96.5 delivery
      6s        0           70.0           68.8     50.3    352.3    704.6   1946.2 newOrder
      6s        0           12.0            7.7      7.6      9.4     10.0     10.0 orderStatus
      6s        0           66.0           61.3     21.0   3489.7   3758.1   4831.8 payment
      6s        0            8.0            6.7     25.2     96.5     96.5     96.5 stockLevel
      7s        0            3.0            5.6     79.7     83.9     83.9     83.9 delivery
      7s        0           79.0           70.3     62.9   1879.0   2818.6   2818.6 newOrder
      7s        0            6.0            7.4      6.6     12.6     12.6     12.6 orderStatus
      7s        0           84.0           64.6     27.3    771.8   3489.7   6442.5 payment
      7s        0            4.0            6.3     25.2     41.9     41.9     41.9 stockLevel
      8s        0           11.0            6.3     92.3    159.4    302.0    302.0 delivery
      8s        0           84.0           72.0     58.7   3221.2   4563.4   6174.0 newOrder
      8s        0            8.0            7.5      6.6     13.6     13.6     13.6 orderStatus
      8s        0           78.0           66.3     29.4    318.8    419.4    436.2 payment
      8s        0            7.0            6.4     32.5    419.4    419.4    419.4 stockLevel
_elapsed___errors__ops/sec(inst)___ops/sec(cum)__p50(ms)__p95(ms)__p99(ms)_pMax(ms)
      9s        0            3.0            5.9     65.0    130.0    130.0    130.0 delivery
      9s        0           46.0           69.1     37.7    268.4   4160.7   4160.7 newOrder
      9s        0            5.0            7.2      5.8      7.9      7.9      7.9 orderStatus
      9s        0           45.0           63.9     15.2     56.6    402.7    402.7 payment
      9s        0            4.0            6.1     24.1     50.3     50.3     50.3 stockLevel
     10s        0            8.0            6.1     62.9    234.9    234.9    234.9 delivery
     10s        0           67.0           68.9     54.5   2550.1   4831.8   6174.0 newOrder
     10s        0            5.0            7.0      5.8     14.2     14.2     14.2 orderStatus
     10s        0           55.0           63.0     23.1    192.9   4563.4   7247.8 payment
     10s        0            9.0            6.4     24.1   1811.9   1811.9   1811.9 stockLevel
     11s        0            7.0            6.2    167.8    436.2    436.2    436.2 delivery
     11s        0           77.0           69.6     50.3    117.4    159.4   1040.2 newOrder
     11s        0           10.0            7.3      5.5     26.2     26.2     26.2 orderStatus
     11s        0           83.0           64.8     24.1    130.0   7247.8   9663.7 payment
     11s        0            6.0            6.4     26.2    125.8    125.8    125.8 stockLevel
     12s        0            3.0            5.9     75.5     79.7     79.7     79.7 delivery
     12s        0           40.0           67.2     29.4   3355.4   7784.6   7784.6 newOrder
     12s        0            2.0            6.8      4.5      6.6      6.6      6.6 orderStatus
     12s        0           32.0           62.1     12.1     37.7   8589.9   8589.9 payment
     12s        0            3.0            6.1     19.9     21.0     21.0     21.0 stockLevel
_elapsed___errors__ops/sec(inst)___ops/sec(cum)__p50(ms)__p95(ms)__p99(ms)_pMax(ms)
     13s        0            9.0            6.2     75.5    130.0    130.0    130.0 delivery
     13s        0           79.0           68.1     44.0   1879.0   2818.6   5100.3 newOrder
     13s        0            6.0            6.8      7.6      9.4      9.4      9.4 orderStatus
     13s        0           68.0           62.5     18.9     71.3     92.3    104.9 payment
     13s        0            7.0            6.2     21.0     62.9     62.9     62.9 stockLevel
     14s        0            2.0            5.9     44.0     54.5     54.5     54.5 delivery
     14s        0           10.0           63.9     26.2     30.4     30.4     30.4 newOrder
     14s        0            1.0            6.4      4.7      4.7      4.7      4.7 orderStatus
     14s        0            7.0           58.6     11.0     13.1     13.1     13.1 payment
     14s        0            0.0            5.7      0.0      0.0      0.0      0.0 stockLevel
     15s        0            5.0            5.8     88.1    142.6    142.6    142.6 delivery
     15s        0           44.0           62.6     35.7   2013.3   3892.3   3892.3 newOrder
     15s        0            5.0            6.3      6.0     27.3     27.3     27.3 orderStatus
     15s        0           45.0           57.7     14.7   6710.9  13958.6  13958.6 payment
     15s        0            6.0            5.7     15.2   1946.2   1946.2   1946.2 stockLevel
     16s        0            2.0            5.6     44.0     75.5     75.5     75.5 delivery
     16s        0           38.0           61.1     39.8     83.9   2952.8   2952.8 newOrder
     16s        0            6.0            6.3      5.2      7.6      7.6      7.6 orderStatus
     16s        0           31.0           56.0     15.2     56.6  14495.5  14495.5 payment
     16s        0            4.0            5.6     19.9     24.1     24.1     24.1 stockLevel
_elapsed___errors__ops/sec(inst)___ops/sec(cum)__p50(ms)__p95(ms)__p99(ms)_pMax(ms)
     17s        0            0.0            5.2      0.0      0.0      0.0      0.0 delivery
     17s        0            0.0           57.5      0.0      0.0      0.0      0.0 newOrder
     17s        0            0.0            5.9      0.0      0.0      0.0      0.0 orderStatus
     17s        0            0.0           52.7      0.0      0.0      0.0      0.0 payment
     17s        0            0.0            5.3      0.0      0.0      0.0      0.0 stockLevel
     18s        0            0.0            4.9      0.0      0.0      0.0      0.0 delivery
     18s        0            0.0           54.3      0.0      0.0      0.0      0.0 newOrder
     18s        0            0.0            5.6      0.0      0.0      0.0      0.0 orderStatus
     18s        0            0.0           49.8      0.0      0.0      0.0      0.0 payment
     18s        0            0.0            5.0      0.0      0.0      0.0      0.0 stockLevel
     19s        0            2.0            4.8     48.2     54.5     54.5     54.5 delivery
     19s        0            5.0           51.7   4563.4   6442.5   6442.5   6442.5 newOrder
     19s        0            0.0            5.3      0.0      0.0      0.0      0.0 orderStatus
     19s        0            4.0           47.4      9.4     17.8     17.8     17.8 payment
     19s        0            1.0            4.8     17.8     17.8     17.8     17.8 stockLevel
     20s        0            1.0            4.6    117.4    117.4    117.4    117.4 delivery
     20s        0           24.0           50.3     44.0   4831.8   6442.5   6442.5 newOrder
     20s        0            3.0            5.2      5.5     10.0     10.0     10.0 orderStatus
     20s        0           22.0           46.1     19.9  16106.1  16106.1  16106.1 payment
     20s        0            3.0            4.7     21.0     25.2     25.2     25.2 stockLevel
_elapsed___errors__ops/sec(inst)___ops/sec(cum)__p50(ms)__p95(ms)__p99(ms)_pMax(ms)
     21s        0            0.0            4.4      0.0      0.0      0.0      0.0 delivery
     21s        0           12.0           48.5     27.3     32.5     35.7     35.7 newOrder
     21s        0            2.0            5.0      5.2      7.6      7.6      7.6 orderStatus
     21s        0            9.0           44.3     11.0     13.6     13.6     13.6 payment
     21s        0            1.0            4.5     17.8     17.8     17.8     17.8 stockLevel
     22s        0            0.0            4.2      0.0      0.0      0.0      0.0 delivery
     22s        0            0.0           46.3      0.0      0.0      0.0      0.0 newOrder
     22s        0            0.0            4.8      0.0      0.0      0.0      0.0 orderStatus
     22s        0            0.0           42.3      0.0      0.0      0.0      0.0 payment
     22s        0            0.0            4.3      0.0      0.0      0.0      0.0 stockLevel
     23s        0            0.0            4.0      0.0      0.0      0.0      0.0 delivery
     23s        0            0.0           44.3      0.0      0.0      0.0      0.0 newOrder
     23s        0            0.0            4.6      0.0      0.0      0.0      0.0 orderStatus
     23s        0            0.0           40.5      0.0      0.0      0.0      0.0 payment
     23s        0            0.0            4.1      0.0      0.0      0.0      0.0 stockLevel
     24s        0            1.0            3.9     41.9     41.9     41.9     41.9 delivery
     24s        0           10.0           42.8     27.3   8589.9   8589.9   8589.9 newOrder
     24s        0            2.0            4.5      4.5      4.7      4.7      4.7 orderStatus
     24s        0           10.0           39.2     11.0     17.8     17.8     17.8 payment
     24s        0            1.0            4.0     15.7     15.7     15.7     15.7 stockLevel
_elapsed___errors__ops/sec(inst)___ops/sec(cum)__p50(ms)__p95(ms)__p99(ms)_pMax(ms)
     25s        0            0.0            3.7      0.0      0.0      0.0      0.0 delivery
     25s        0            0.0           41.1      0.0      0.0      0.0      0.0 newOrder
     25s        0            0.0            4.3      0.0      0.0      0.0      0.0 orderStatus
     25s        0            0.0           37.6      0.0      0.0      0.0      0.0 payment
     25s        0            0.0            3.8      0.0      0.0      0.0      0.0 stockLevel
     26s        0            0.0            3.6      0.0      0.0      0.0      0.0 delivery
     26s        0            4.0           39.7     35.7  13421.8  13421.8  13421.8 newOrder
     26s        0            0.0            4.1      0.0      0.0      0.0      0.0 orderStatus
     26s        0            4.0           36.3     13.1     17.8     17.8     17.8 payment
     26s        0            1.0            3.7     16.3     16.3     16.3     16.3 stockLevel
     27s        0            8.0            3.7     75.5     83.9     83.9     83.9 delivery
     27s        0           74.0           41.0     41.9   2684.4   7247.8   7247.8 newOrder
     27s        0            7.0            4.2      6.6     19.9     19.9     19.9 orderStatus
     27s        0           81.0           38.0     24.1  20401.1  24696.1  25769.8 payment
     27s        0            5.0            3.8     19.9     48.2     48.2     48.2 stockLevel
     28s        0            2.0            3.7     44.0     44.0     44.0     44.0 delivery
     28s        0           25.0           40.4     27.3     37.7     41.9     41.9 newOrder
     28s        0            2.0            4.1      4.5      5.0      5.0      5.0 orderStatus
     28s        0           26.0           37.6     10.5  22548.6  24696.1  24696.1 payment
     28s        0            2.0            3.7     12.1     14.2     14.2     14.2 stockLevel
_elapsed___errors__ops/sec(inst)___ops/sec(cum)__p50(ms)__p95(ms)__p99(ms)_pMax(ms)
     29s        0            5.0            3.7     92.3    121.6    121.6    121.6 delivery
     29s        0           46.0           40.6     44.0   2013.3   2080.4   2080.4 newOrder
     29s        0            8.0            4.3      5.5     11.0     11.0     11.0 orderStatus
     29s        0           57.0           38.2     22.0  15032.4  19327.4  26843.5 payment
     29s        0            6.0            3.8     17.8     75.5     75.5     75.5 stockLevel
     30s        0            7.0            3.8     58.7    117.4    117.4    117.4 delivery
     30s        0           78.0           41.8     35.7   1811.9   2952.8   3087.0 newOrder
     30s        0            8.0            4.4      5.2     10.5     10.5     10.5 orderStatus
     30s        0           93.0           40.1     18.9  10737.4  24696.1  26843.5 payment
     30s        0           10.0            4.0     19.9    604.0    604.0    604.0 stockLevel
     31s        0            6.0            3.9     60.8     79.7     79.7     79.7 delivery
     31s        0           66.0           42.6     33.6     92.3    704.6   2818.6 newOrder
     31s        0            4.0            4.4      4.7      5.0      5.0      5.0 orderStatus
     31s        0           56.0           40.6     14.7     32.5    151.0  15032.4 payment
     31s        0            6.0            4.1     16.8     25.2     25.2     25.2 stockLevel
     32s        0            0.0            3.8      0.0      0.0      0.0      0.0 delivery
     32s        0            0.0           41.3      0.0      0.0      0.0      0.0 newOrder
     32s        0            0.0            4.3      0.0      0.0      0.0      0.0 orderStatus
     32s        0            0.0           39.3      0.0      0.0      0.0      0.0 payment
     32s        0            0.0            3.9      0.0      0.0      0.0      0.0 stockLevel
_elapsed___errors__ops/sec(inst)___ops/sec(cum)__p50(ms)__p95(ms)__p99(ms)_pMax(ms)
     33s        0            7.0            3.9     71.3     79.7     79.7     79.7 delivery
     33s        0           80.0           42.5     41.9    113.2   2013.3   2415.9 newOrder
     33s        0           11.0            4.5      5.2      7.1     10.5     10.5 orderStatus
     33s        0           72.0           40.3     23.1  23622.3  27917.3  27917.3 payment
     33s        0            9.0            4.1     17.8     28.3     28.3     28.3 stockLevel
     34s        0            9.0            4.0     71.3     79.7     79.7     79.7 delivery
     34s        0           63.0           43.1     33.6     75.5     79.7     79.7 newOrder
     34s        0            4.0            4.4      5.0     29.4     29.4     29.4 orderStatus
     34s        0           65.0           41.0     14.7     48.2   4295.0  23622.3 payment
     34s        0            4.0            4.1     14.7     24.1     24.1     24.1 stockLevel
     35s        0            3.0            4.0     58.7     71.3     71.3     71.3 delivery
     35s        0           31.0           42.7     30.4     54.5   1744.8   1744.8 newOrder
     35s        0            3.0            4.4      4.5      4.7      4.7      4.7 orderStatus
     35s        0           41.0           41.0     12.1  22548.6  31138.5  31138.5 payment
     35s        0            4.0            4.1     14.2   1073.7   1073.7   1073.7 stockLevel
     36s        0            3.0            4.0     52.4     58.7     58.7     58.7 delivery
     36s        0           53.0           43.0     37.7   3087.0   3221.2   5100.3 newOrder
     36s        0            8.0            4.5      6.0      7.1      7.1      7.1 orderStatus
     36s        0           62.0           41.6     17.8   6442.5  30064.8  36507.2 payment
     36s        0            9.0            4.2     21.0    218.1    218.1    218.1 stockLevel
_elapsed___errors__ops/sec(inst)___ops/sec(cum)__p50(ms)__p95(ms)__p99(ms)_pMax(ms)
     37s        0            8.0            4.1     48.2    125.8    125.8    125.8 delivery
     37s        0           54.0           43.3     31.5     65.0    520.1   3758.1 newOrder
     37s        0            7.0            4.6      4.5      6.0      6.0      6.0 orderStatus
     37s        0           55.0           42.0     13.6     71.3  24696.1  28991.0 payment
     37s        0            7.0            4.3     18.9     37.7     37.7     37.7 stockLevel
     38s        0           11.0            4.3     71.3    121.6    159.4    159.4 delivery
     38s        0           75.0           44.1     44.0   2080.4   2550.1   4295.0 newOrder
     38s        0           10.0            4.7      5.5      8.1      8.1      8.1 orderStatus
     38s        0           75.0           42.8     22.0   3892.3  10737.4  32212.3 payment
     38s        0            9.0            4.4     31.5    151.0    151.0    151.0 stockLevel
     39s        0            2.0            4.2     37.7     41.9     41.9     41.9 delivery
     39s        0           17.0           43.4     25.2     30.4     39.8     39.8 newOrder
     39s        0            1.0            4.6      4.2      4.2      4.2      4.2 orderStatus
     39s        0           16.0           42.2     10.5     13.1     15.2     15.2 payment
     39s        0            2.0            4.4     11.5     14.2     14.2     14.2 stockLevel
     40s        0            3.0            4.2     46.1     56.6     56.6     56.6 delivery
     40s        0           37.0           43.3     33.6   3892.3   5637.1   5637.1 newOrder
     40s        0            4.0            4.6      4.1      8.9      8.9      8.9 orderStatus
     40s        0           34.0           42.0     12.6     26.2    117.4    117.4 payment
     40s        0            3.0            4.3     24.1     41.9     41.9     41.9 stockLevel
_elapsed___errors__ops/sec(inst)___ops/sec(cum)__p50(ms)__p95(ms)__p99(ms)_pMax(ms)
     41s        0            8.0            4.3     60.8     92.3     92.3     92.3 delivery
     41s        0           73.0           44.0     41.9   1342.2   3087.0   4563.4 newOrder
     41s        0            6.0            4.6      5.5      8.1      8.1      8.1 orderStatus
     41s        0           71.0           42.7     21.0   2818.6  28991.0  40802.2 payment
     41s        0            6.0            4.4     21.0     35.7     35.7     35.7 stockLevel
     42s        0            7.0            4.3     67.1    142.6    142.6    142.6 delivery
     42s        0           70.0           44.6     32.5    125.8   3758.1   5637.1 newOrder
     42s        0            5.0            4.6      5.0      7.1      7.1      7.1 orderStatus
     42s        0           60.0           43.1     16.3     71.3  33286.0  36507.2 payment
     42s        0           10.0            4.5     16.8     31.5     31.5     31.5 stockLevel
     43s        0            0.0            4.2      0.0      0.0      0.0      0.0 delivery
     43s        0            2.0           43.6     16.3     25.2     25.2     25.2 newOrder
     43s        0            0.0            4.5      0.0      0.0      0.0      0.0 orderStatus
     43s        0            8.0           42.3      9.4     13.6     13.6     13.6 payment
     43s        0            2.0            4.4     13.6     19.9     19.9     19.9 stockLevel
     44s        0            1.0            4.2     33.6     33.6     33.6     33.6 delivery
     44s        0            8.0           42.8     25.2     27.3     27.3     27.3 newOrder
     44s        0            0.0            4.4      0.0      0.0      0.0      0.0 orderStatus
     44s        0            6.0           41.4      9.4     11.5     11.5     11.5 payment
     44s        0            0.0            4.3      0.0      0.0      0.0      0.0 stockLevel
_elapsed___errors__ops/sec(inst)___ops/sec(cum)__p50(ms)__p95(ms)__p99(ms)_pMax(ms)
     45s        0            1.0            4.1     44.0     44.0     44.0     44.0 delivery
     45s        0           33.0           42.6     30.4   6442.5   6979.3   6979.3 newOrder
     45s        0            3.0            4.4      6.6      7.3      7.3      7.3 orderStatus
     45s        0           28.0           41.1     12.1   8589.9  14495.5  14495.5 payment
     45s        0            3.0            4.3     15.2     15.7     15.7     15.7 stockLevel
     46s        0            7.0            4.2     54.5     79.7     79.7     79.7 delivery
     46s        0           75.0           43.3     35.7     88.1   3221.2   4026.5 newOrder
     46s        0            6.0            4.4      5.2      7.3      7.3      7.3 orderStatus
     46s        0           73.0           41.8     17.8  26843.5  40802.2  47244.6 payment
     46s        0            7.0            4.4     14.7     19.9     19.9     19.9 stockLevel
     47s        0            2.0            4.1     41.9     50.3     50.3     50.3 delivery
     47s        0           38.0           43.2     37.7     79.7    771.8    771.8 newOrder
     47s        0            4.0            4.4      6.8     16.3     16.3     16.3 orderStatus
     47s        0           33.0           41.6     15.2     30.4     46.1     46.1 payment
     47s        0            2.0            4.3     25.2     48.2     48.2     48.2 stockLevel
     48s        0            0.0            4.0      0.0      0.0      0.0      0.0 delivery
     48s        0            0.0           42.3      0.0      0.0      0.0      0.0 newOrder
     48s        0            0.0            4.3      0.0      0.0      0.0      0.0 orderStatus
     48s        0            0.0           40.8      0.0      0.0      0.0      0.0 payment
     48s        0            0.0            4.2      0.0      0.0      0.0      0.0 stockLevel
_elapsed___errors__ops/sec(inst)___ops/sec(cum)__p50(ms)__p95(ms)__p99(ms)_pMax(ms)
     49s        0            0.0            3.9      0.0      0.0      0.0      0.0 delivery
     49s        0            6.0           41.6     27.3   7247.8   7247.8   7247.8 newOrder
     49s        0            1.0            4.3      4.5      4.5      4.5      4.5 orderStatus
     49s        0            8.0           40.1     11.0   7516.2   7516.2   7516.2 payment
     49s        0            0.0            4.1      0.0      0.0      0.0      0.0 stockLevel
     50s        0            0.0            3.9      0.0      0.0      0.0      0.0 delivery
     50s        0            2.0           40.8     29.4   4295.0   4295.0   4295.0 newOrder
     50s        0            0.0            4.2      0.0      0.0      0.0      0.0 orderStatus
     50s        0            0.0           39.3      0.0      0.0      0.0      0.0 payment
     50s        0            0.0            4.1      0.0      0.0      0.0      0.0 stockLevel
     51s        0            5.0            3.9     75.5    130.0    130.0    130.0 delivery
     51s        0           43.0           40.8     41.9   4160.7   5100.3   5100.3 newOrder
     51s        0            4.0            4.2      4.7      7.3      7.3      7.3 orderStatus
     51s        0           49.0           39.5     17.8   3758.1  42949.7  42949.7 payment
     51s        0            7.0            4.1     18.9   4026.5   4026.5   4026.5 stockLevel
     52s        0            2.0            3.8     44.0     48.2     48.2     48.2 delivery
     52s        0            8.0           40.2     28.3  10200.5  10200.5  10200.5 newOrder
     52s        0            1.0            4.1      3.9      3.9      3.9      3.9 orderStatus
     52s        0            6.0           38.8     10.0     12.6     12.6     12.6 payment
     52s        0            2.0            4.1     15.2     21.0     21.0     21.0 stockLevel
_elapsed___errors__ops/sec(inst)___ops/sec(cum)__p50(ms)__p95(ms)__p99(ms)_pMax(ms)
     53s        0            0.0            3.8      0.0      0.0      0.0      0.0 delivery
     53s        0            0.0           39.4      0.0      0.0      0.0      0.0 newOrder
     53s        0            0.0            4.0      0.0      0.0      0.0      0.0 orderStatus
     53s        0            0.0           38.1      0.0      0.0      0.0      0.0 payment
     53s        0            0.0            4.0      0.0      0.0      0.0      0.0 stockLevel
     54s        0            0.0            3.7      0.0      0.0      0.0      0.0 delivery
     54s        0            0.0           38.7      0.0      0.0      0.0      0.0 newOrder
     54s        0            0.0            4.0      0.0      0.0      0.0      0.0 orderStatus
     54s        0            0.0           37.4      0.0      0.0      0.0      0.0 payment
     54s        0            0.0            3.9      0.0      0.0      0.0      0.0 stockLevel
     55s        0            2.0            3.7     83.9    130.0    130.0    130.0 delivery
     55s        0            8.0           38.1     30.4     39.8     39.8     39.8 newOrder
     55s        0            0.0            3.9      0.0      0.0      0.0      0.0 orderStatus
     55s        0           18.0           37.1     12.6  24696.1  40802.2  40802.2 payment
     55s        0            2.0            3.9     12.6     37.7     37.7     37.7 stockLevel
     56s        0            4.0            3.7     48.2     71.3     71.3     71.3 delivery
     56s        0           21.0           37.8     33.6     88.1   9126.8   9126.8 newOrder
     56s        0            1.0            3.8      4.7      4.7      4.7      4.7 orderStatus
     56s        0           25.0           36.8     13.1  18253.6  25769.8  25769.8 payment
     56s        0            3.0            3.9     21.0     23.1     23.1     23.1 stockLevel
_elapsed___errors__ops/sec(inst)___ops/sec(cum)__p50(ms)__p95(ms)__p99(ms)_pMax(ms)
     57s        0            0.0            3.6      0.0      0.0      0.0      0.0 delivery
     57s        0            0.0           37.2      0.0      0.0      0.0      0.0 newOrder
     57s        0            0.0            3.8      0.0      0.0      0.0      0.0 orderStatus
     57s        0            0.0           36.2      0.0      0.0      0.0      0.0 payment
     57s        0            0.0            3.8      0.0      0.0      0.0      0.0 stockLevel
     58s        0            0.0            3.6      0.0      0.0      0.0      0.0 delivery
     58s        0            0.0           36.5      0.0      0.0      0.0      0.0 newOrder
     58s        0            0.0            3.7      0.0      0.0      0.0      0.0 orderStatus
     58s        0            0.0           35.6      0.0      0.0      0.0      0.0 payment
     58s        0            0.0            3.7      0.0      0.0      0.0      0.0 stockLevel
     59s        0            0.0            3.5      0.0      0.0      0.0      0.0 delivery
     59s        0            0.0           35.9      0.0      0.0      0.0      0.0 newOrder
     59s        0            0.0            3.6      0.0      0.0      0.0      0.0 orderStatus
     59s        0            0.0           35.0      0.0      0.0      0.0      0.0 payment
     59s        0            0.0            3.7      0.0      0.0      0.0      0.0 stockLevel
    1m0s        0            0.0            3.4      0.0      0.0      0.0      0.0 delivery
    1m0s        0            0.0           35.3      0.0      0.0      0.0      0.0 newOrder
    1m0s        0            0.0            3.6      0.0      0.0      0.0      0.0 orderStatus
    1m0s        0            0.0           34.4      0.0      0.0      0.0      0.0 payment
    1m0s        0            0.0            3.6      0.0      0.0      0.0      0.0 stockLevel

_elapsed___errors_____ops(total)___ops/sec(cum)__avg(ms)__p50(ms)__p95(ms)__p99(ms)_pMax(ms)__total
   60.0s        0            206            3.4     77.2     71.3    159.4    285.2    436.2  delivery
   60.0s        0           2118           35.3    315.4     41.9   2013.3   6174.0  13421.8  newOrder
   60.0s        0            215            3.6      6.8      5.8     13.1     27.3     41.9  orderStatus
   60.0s        0           2063           34.4    944.7     18.9   3892.3  25769.8  47244.6  payment
   60.0s        0            217            3.6     70.7     21.0     96.5   1811.9   4026.5  stockLevel

_elapsed___errors_____ops(total)___ops/sec(cum)__avg(ms)__p50(ms)__p95(ms)__p99(ms)_pMax(ms)__result
   60.0s        0           4819           80.3    549.8     30.4   1946.2  19327.4  47244.6  
Audit check 9.2.1.7: SKIP: not enough delivery transactions to be statistically significant
Audit check 9.2.2.5.1: SKIP: not enough orders to be statistically significant
Audit check 9.2.2.5.2: SKIP: not enough orders to be statistically significant
Audit check 9.2.2.5.3: SKIP: not enough orders to be statistically significant
Audit check 9.2.2.5.4: SKIP: not enough payments to be statistically significant
Audit check 9.2.2.5.5: SKIP: not enough payments to be statistically significant
Audit check 9.2.2.5.6: SKIP: not enough order status transactions to be statistically significant

_elapsed_______tpmC____efc__avg(ms)__p50(ms)__p90(ms)__p95(ms)__p99(ms)_pMax(ms)
   60.0s     2118.0 1647.0%    315.4     41.9    436.2   2013.3   6174.0  13421.8
