***************************************
*** ###easy### TPC-C Load Generator ***
***************************************
option h with value '127.0.0.1'
option P with value '13306'
option d with value 'benchmarker'
option u with value 'root'
option p with value '123456'
option w with value '11'
option c with value '1'
option r with value '22'
option l with value '60'
option i with value '10'
<Parameters>
     [server]: 127.0.0.1
     [port]: 13306
     [DBname]: benchmarker
       [user]: root
       [pass]: 123456
  [warehouse]: 11
 [connection]: 1
     [rampup]: 22 (sec.)
    [measure]: 60 (sec.)

RAMP-UP TIME.(22 sec.)

MEASURING START.

  10, trx: 474, 95%: 17.298, 99%: 25.178, max_rt: 40.063, 474|16.520, 47|2.558, 47|51.597, 48|74.251
  20, trx: 465, 95%: 16.859, 99%: 22.525, max_rt: 47.591, 463|13.951, 46|3.241, 46|55.293, 47|73.324
  30, trx: 467, 95%: 17.067, 99%: 25.565, max_rt: 36.209, 470|13.277, 47|2.587, 48|55.919, 46|74.898
  40, trx: 461, 95%: 17.564, 99%: 22.749, max_rt: 36.246, 461|10.490, 46|3.245, 45|45.997, 46|64.947
  50, trx: 463, 95%: 16.056, 99%: 19.900, max_rt: 31.046, 462|14.418, 47|3.249, 47|48.741, 46|67.089
  60, trx: 478, 95%: 15.401, 99%: 22.505, max_rt: 45.696, 479|9.329, 48|2.862, 48|46.067, 49|64.063

STOPPING THREADS.

<Raw Results>
  [0] sc:0 lt:2808  rt:0  fl:0 avg_rt: 15.4 (5)
  [1] sc:2757 lt:53  rt:0  fl:0 avg_rt: 3.9 (5)
  [2] sc:281 lt:0  rt:0  fl:0 avg_rt: 2.2 (5)
  [3] sc:281 lt:0  rt:0  fl:0 avg_rt: 36.2 (80)
  [4] sc:0 lt:282  rt:0  fl:0 avg_rt: 59.9 (20)
 in 60 sec.

<Raw Results2(sum ver.)>
  [0] sc:0  lt:2808  rt:0  fl:0 
  [1] sc:2757  lt:53  rt:0  fl:0 
  [2] sc:281  lt:0  rt:0  fl:0 
  [3] sc:281  lt:0  rt:0  fl:0 
  [4] sc:0  lt:282  rt:0  fl:0 

<Constraint Check> (all must be [OK])
 [transaction percentage]
        Payment: 43.48% (>=43.0%) [OK]
   Order-Status: 4.35% (>= 4.0%) [OK]
       Delivery: 4.35% (>= 4.0%) [OK]
    Stock-Level: 4.36% (>= 4.0%) [OK]
 [response time (at least 90% passed)]
      New-Order: 0.00%  [NG] *
        Payment: 98.11%  [OK]
   Order-Status: 100.00%  [OK]
       Delivery: 100.00%  [OK]
    Stock-Level: 0.00%  [NG] *

<TpmC>
                 2808.000 TpmC
