Initializing 100 connections...
Initializing 100 workers and preparing statements...
_elapsed___errors__ops/sec(inst)___ops/sec(cum)__p50(ms)__p95(ms)__p99(ms)_pMax(ms)
      1s        0            2.7            5.0    125.8    176.2    176.2    176.2 delivery
      1s        0           23.9           44.0     54.5    117.4    134.2    134.2 newOrder
      1s        0            2.7            5.0     13.1     18.9     18.9     18.9 orderStatus
      1s        0           26.6           49.0     28.3     83.9    100.7    100.7 payment
      1s        0            2.7            5.0     71.3    113.2    113.2    113.2 stockLevel
      2s        0            9.0            7.0     92.3    243.3    243.3    243.3 delivery
      2s        0           71.0           57.5     75.5    209.7    302.0    302.0 newOrder
      2s        0            5.0            5.0      7.6      8.9      8.9      8.9 orderStatus
      2s        0           69.0           59.0     33.6    335.5    385.9    486.5 payment
      2s        0            6.0            5.5     28.3     56.6     56.6     56.6 stockLevel
      3s        0            7.0            7.0    100.7    125.8    125.8    125.8 delivery
      3s        0           66.0           60.3    100.7    369.1    436.2    570.4 newOrder
      3s        0            5.0            5.0      8.9     31.5     31.5     31.5 orderStatus
      3s        0           63.0           60.3     50.3    436.2    671.1   1006.6 payment
      3s        0            8.0            6.3     39.8    159.4    159.4    159.4 stockLevel
      4s        0            5.0            6.5    159.4    167.8    167.8    167.8 delivery
      4s        0           74.0           63.7    151.0    486.5    738.2    838.9 newOrder
      4s        0            8.0            5.7     11.5     39.8     39.8     39.8 orderStatus
      4s        0           70.0           62.7     79.7    906.0   1208.0   1879.0 payment
      4s        0            5.0            6.0     44.0    167.8    167.8    167.8 stockLevel
_elapsed___errors__ops/sec(inst)___ops/sec(cum)__p50(ms)__p95(ms)__p99(ms)_pMax(ms)
      5s        0            4.0            6.0     96.5    142.6    142.6    142.6 delivery
      5s        0           73.0           65.6    125.8    570.4    738.2    805.3 newOrder
      5s        0           10.0            6.6     11.0     52.4     52.4     52.4 orderStatus
      5s        0           66.0           63.4     96.5   1140.9   1677.7   2013.3 payment
      5s        0            6.0            6.0     41.9    302.0    302.0    302.0 stockLevel
      6s        0           10.0            6.7    167.8    335.5    335.5    335.5 delivery
      6s        0           53.0           63.5    218.1    771.8    838.9    906.0 newOrder
      6s        0            6.0            6.5     22.0     50.3     50.3     50.3 orderStatus
      6s        0           57.0           62.3    125.8   1744.8   2550.1   2684.4 payment
      6s        0           10.0            6.7     58.7    176.2    176.2    176.2 stockLevel
      7s        0            4.0            6.3     88.1    184.5    184.5    184.5 delivery
      7s        0           69.0           64.3    260.0    771.8   1140.9   2281.7 newOrder
      7s        0           12.0            7.3     12.6     21.0     22.0     22.0 orderStatus
      7s        0           74.0           64.0     71.3   1275.1   2550.1   2818.6 payment
      7s        0           13.0            7.6     79.7    302.0    385.9    385.9 stockLevel
      8s        0            7.0            6.4    117.4    402.7    402.7    402.7 delivery
      8s        0           68.0           64.7    209.7   1040.2   1275.1   1476.4 newOrder
      8s        0           10.0            7.6      8.1     21.0     21.0     21.0 orderStatus
      8s        0           67.0           64.4    151.0   1543.5   4160.7   4831.8 payment
      8s        0            8.0            7.6     39.8    738.2    738.2    738.2 stockLevel
_elapsed___errors__ops/sec(inst)___ops/sec(cum)__p50(ms)__p95(ms)__p99(ms)_pMax(ms)
      9s        0            9.0            6.7    151.0    385.9    385.9    385.9 delivery
      9s        0           64.0           64.7    167.8   1208.0   2550.1   2818.6 newOrder
      9s        0           11.0            8.0     12.1     30.4     75.5     75.5 orderStatus
      9s        0           72.0           65.2     96.5   2013.3   2818.6   3355.4 payment
      9s        0            8.0            7.7     60.8    285.2    285.2    285.2 stockLevel
     10s        0            7.0            6.7     88.1    176.2    176.2    176.2 delivery
     10s        0           68.0           65.0    167.8    906.0   1140.9   1476.4 newOrder
     10s        0            8.0            8.0     10.0     75.5     75.5     75.5 orderStatus
     10s        0           77.0           66.4    134.2   2684.4   4831.8   5100.3 payment
     10s        0            7.0            7.6     83.9    352.3    352.3    352.3 stockLevel
_elapsed___errors__ops/sec(inst)___ops/sec(cum)__p50(ms)__p95(ms)__p99(ms)_pMax(ms)
      1s        0            6.0            6.0    113.2    285.2    285.2    285.2 delivery
      1s        0           44.0           44.1    100.7    637.5    838.9    838.9 newOrder
      1s        0            3.0            3.0      8.9     15.7     15.7     15.7 orderStatus
      1s        0           36.0           36.1     65.0    419.4    906.0    906.0 payment
      1s        0            3.0            3.0     46.1     60.8     60.8     60.8 stockLevel
      2s        0            6.0            6.0     96.5    142.6    142.6    142.6 delivery
      2s        0           67.0           55.5    125.8   1040.2   1208.0   1409.3 newOrder
      2s        0            3.0            3.0    109.1    167.8    167.8    167.8 orderStatus
      2s        0           52.0           44.0     62.9    604.0    738.2    771.8 payment
      2s        0            5.0            4.0    109.1   1140.9   1140.9   1140.9 stockLevel
      3s        0           11.0            7.7     83.9    167.8    226.5    226.5 delivery
      3s        0           59.0           56.7    117.4   1610.6   2013.3   2147.5 newOrder
      3s        0            7.0            4.3     11.5    192.9    192.9    192.9 orderStatus
      3s        0           55.0           47.7     54.5    268.4    838.9   1342.2 payment
      3s        0            2.0            3.3     17.8     46.1     46.1     46.1 stockLevel
      4s        0            3.0            6.5     79.7     92.3     92.3     92.3 delivery
      4s        0           41.0           52.8    121.6   2818.6   3489.7   3489.7 newOrder
      4s        0            6.0            4.8     17.8    570.4    570.4    570.4 orderStatus
      4s        0           28.0           42.8     33.6   1073.7   2415.9   2415.9 payment
      4s        0            3.0            3.3    771.8    939.5    939.5    939.5 stockLevel
_elapsed___errors__ops/sec(inst)___ops/sec(cum)__p50(ms)__p95(ms)__p99(ms)_pMax(ms)
      5s        0            4.0            6.0    100.7    453.0    453.0    453.0 delivery
      5s        0           63.0           54.8    113.2   1140.9   1342.2   2147.5 newOrder
      5s        0            7.0            5.2     14.2    176.2    176.2    176.2 orderStatus
      5s        0           63.0           46.8     52.4    503.3   2550.1   3355.4 payment
      5s        0           10.0            4.6     39.8    419.4    419.4    419.4 stockLevel
      6s        0            8.0            6.3    100.7    201.3    201.3    201.3 delivery
      6s        0           71.1           57.5     71.3    604.0    771.8   1610.6 newOrder
      6s        0            3.0            4.8      5.8      7.3      7.3      7.3 orderStatus
      6s        0           65.1           49.8     46.1   3087.0   4563.4   5637.1 payment
      6s        0           10.0            5.5     39.8    109.1    109.1    109.1 stockLevel
      7s        0            8.0            6.6     67.1     88.1     88.1     88.1 delivery
      7s        0           67.0           58.9     62.9   1811.9   2415.9   4026.5 newOrder
      7s        0            8.0            5.3      6.8     14.7     14.7     14.7 orderStatus
      7s        0           57.0           50.9     41.9   5368.7   5905.6   6174.0 payment
      7s        0            4.0            5.3     39.8    125.8    125.8    125.8 stockLevel
      8s        0            2.0            6.0     79.7    285.2    285.2    285.2 delivery
      8s        0           66.0           59.8     60.8    570.4    805.3   1744.8 newOrder
      8s        0            6.0            5.4      5.5      7.6      7.6      7.6 orderStatus
      8s        0           78.0           54.3     39.8   3489.7   5637.1   7247.8 payment
      8s        0            6.0            5.4     26.2    369.1    369.1    369.1 stockLevel
_elapsed___errors__ops/sec(inst)___ops/sec(cum)__p50(ms)__p95(ms)__p99(ms)_pMax(ms)
      9s        0            5.0            5.9    100.7    402.7    402.7    402.7 delivery
      9s        0           72.0           61.1     83.9   1811.9   4160.7   4563.4 newOrder
      9s        0            6.0            5.4     11.5     52.4     52.4     52.4 orderStatus
      9s        0           56.0           54.5     37.7   7247.8   8321.5   8321.5 payment
      9s        0            5.0            5.3     33.6    134.2    134.2    134.2 stockLevel
     10s        0            8.0            6.1     79.7    419.4    419.4    419.4 delivery
     10s        0           60.0           61.0     58.7   2415.9   2952.8   3087.0 newOrder
     10s        0            7.0            5.6      5.8     10.0     10.0     10.0 orderStatus
     10s        0           69.0           55.9     28.3   5637.1   6979.3   6979.3 payment
     10s        0            3.0            5.1     39.8    335.5    335.5    335.5 stockLevel
     11s        0            9.0            6.4     71.3    151.0    151.0    151.0 delivery
     11s        0           66.0           61.5     54.5   1208.0   2415.9   5905.6 newOrder
     11s        0           11.0            6.1      7.1      7.9     15.7     15.7 orderStatus
     11s        0           74.0           57.6     32.5   2415.9   5368.7   5637.1 payment
     11s        0            8.0            5.4     23.1    142.6    142.6    142.6 stockLevel
     12s        0            8.0            6.5     71.3    268.4    268.4    268.4 delivery
     12s        0           65.0           61.8     50.3    906.0   1811.9   2550.1 newOrder
     12s        0            9.0            6.3      7.9     15.2     15.2     15.2 orderStatus
     12s        0           71.0           58.7     22.0   2684.4   5100.3   7247.8 payment
     12s        0            9.0            5.7     41.9    285.2    285.2    285.2 stockLevel
_elapsed___errors__ops/sec(inst)___ops/sec(cum)__p50(ms)__p95(ms)__p99(ms)_pMax(ms)
     13s        0            6.0            6.5     65.0    192.9    192.9    192.9 delivery
     13s        0           44.0           60.4     54.5   2013.3   3355.4   3355.4 newOrder
     13s        0            6.0            6.3      6.0    419.4    419.4    419.4 orderStatus
     13s        0           39.0           57.2     19.9   5637.1   6174.0   6174.0 payment
     13s        0            6.0            5.7     22.0    151.0    151.0    151.0 stockLevel
     14s        0            4.0            6.3     60.8    176.2    176.2    176.2 delivery
     14s        0           60.0           60.4     50.3   2684.4   2818.6   3892.3 newOrder
     14s        0            4.0            6.1      5.2      6.8      6.8      6.8 orderStatus
     14s        0           57.0           57.1     24.1    302.0    838.9   4563.4 payment
     14s        0            5.0            5.6     71.3    167.8    167.8    167.8 stockLevel
     15s        0            8.0            6.4     88.1    486.5    486.5    486.5 delivery
     15s        0           41.0           59.1     58.7   4563.4   5100.3   5100.3 newOrder
     15s        0            4.0            6.0      4.2     35.7     35.7     35.7 orderStatus
     15s        0           35.0           55.7     30.4   4831.8   8053.1   8053.1 payment
     15s        0            6.0            5.7     32.5    109.1    109.1    109.1 stockLevel
     16s        0            4.0            6.3     58.7     96.5     96.5     96.5 delivery
     16s        0           46.0           58.3     67.1    184.5   2415.9   2415.9 newOrder
     16s        0            2.0            5.8      6.8     18.9     18.9     18.9 orderStatus
     16s        0           39.0           54.6     28.3    117.4   8321.5   8321.5 payment
     16s        0            5.0            5.6     23.1    100.7    100.7    100.7 stockLevel
_elapsed___errors__ops/sec(inst)___ops/sec(cum)__p50(ms)__p95(ms)__p99(ms)_pMax(ms)
     17s        0            0.0            5.9      0.0      0.0      0.0      0.0 delivery
     17s        0            2.0           54.9   1610.6   3489.7   3489.7   3489.7 newOrder
     17s        0            1.0            5.5      5.2      5.2      5.2      5.2 orderStatus
     17s        0            1.0           51.5     13.6     13.6     13.6     13.6 payment
     17s        0            0.0            5.3      0.0      0.0      0.0      0.0 stockLevel
     18s        0            0.0            5.6      0.0      0.0      0.0      0.0 delivery
     18s        0           23.0           53.2    151.0   6174.0   6442.5   6442.5 newOrder
     18s        0            2.0            5.3      4.5      6.0      6.0      6.0 orderStatus
     18s        0           14.0           49.4     13.1    176.2    285.2    285.2 payment
     18s        0            1.0            5.1   1543.5   1543.5   1543.5   1543.5 stockLevel
     19s        0            0.0            5.3      0.0      0.0      0.0      0.0 delivery
     19s        0            6.0           50.7     32.5   6979.3   6979.3   6979.3 newOrder
     19s        0            0.0            5.0      0.0      0.0      0.0      0.0 orderStatus
     19s        0            3.0           47.0     13.1     24.1     24.1     24.1 payment
     19s        0            1.0            4.8    906.0    906.0    906.0    906.0 stockLevel
     20s        0            8.0            5.4     62.9     83.9     83.9     83.9 delivery
     20s        0           60.0           51.2     58.7   4026.5   6979.3   9126.8 newOrder
     20s        0            6.0            5.1      5.2    151.0    151.0    151.0 orderStatus
     20s        0           65.0           47.9     27.3   4160.7  13958.6  18253.6 payment
     20s        0            7.0            5.0     16.3     33.6     33.6     33.6 stockLevel
_elapsed___errors__ops/sec(inst)___ops/sec(cum)__p50(ms)__p95(ms)__p99(ms)_pMax(ms)
     21s        0            0.0            5.1      0.0      0.0      0.0      0.0 delivery
     21s        0           12.0           49.3     32.5    838.9   3087.0   3087.0 newOrder
     21s        0            0.0            4.8      0.0      0.0      0.0      0.0 orderStatus
     21s        0            9.0           46.0     14.2    453.0    453.0    453.0 payment
     21s        0            1.0            4.8     18.9     18.9     18.9     18.9 stockLevel
     22s        0            0.0            4.9      0.0      0.0      0.0      0.0 delivery
     22s        0            0.0           47.0      0.0      0.0      0.0      0.0 newOrder
     22s        0            0.0            4.6      0.0      0.0      0.0      0.0 orderStatus
     22s        0            0.0           43.9      0.0      0.0      0.0      0.0 payment
     22s        0            0.0            4.5      0.0      0.0      0.0      0.0 stockLevel
     23s        0            0.0            4.7      0.0      0.0      0.0      0.0 delivery
     23s        0            0.0           45.0      0.0      0.0      0.0      0.0 newOrder
     23s        0            0.0            4.4      0.0      0.0      0.0      0.0 orderStatus
     23s        0            0.0           42.0      0.0      0.0      0.0      0.0 payment
     23s        0            0.0            4.3      0.0      0.0      0.0      0.0 stockLevel
     24s        0            0.0            4.5      0.0      0.0      0.0      0.0 delivery
     24s        0            2.0           43.2     27.3     30.4     30.4     30.4 newOrder
     24s        0            0.0            4.2      0.0      0.0      0.0      0.0 orderStatus
     24s        0            2.0           40.3     11.0  17179.9  17179.9  17179.9 payment
     24s        0            0.0            4.2      0.0      0.0      0.0      0.0 stockLevel
_elapsed___errors__ops/sec(inst)___ops/sec(cum)__p50(ms)__p95(ms)__p99(ms)_pMax(ms)
     25s        0            8.0            4.6     67.1    130.0    130.0    130.0 delivery
     25s        0           72.0           44.4     71.3   4295.0   4563.4   4563.4 newOrder
     25s        0            9.0            4.4      7.6    268.4    268.4    268.4 orderStatus
     25s        0           85.0           42.1     37.7   4831.8  13958.6  23622.3 payment
     25s        0            7.0            4.3     33.6    134.2    134.2    134.2 stockLevel
     26s        0            4.0            4.6     75.5    226.5    226.5    226.5 delivery
     26s        0           38.0           44.1     31.5    121.6    251.7    251.7 newOrder
     26s        0            4.0            4.4      5.0    117.4    117.4    117.4 orderStatus
     26s        0           27.0           41.5     13.6     62.9     65.0     65.0 payment
     26s        0            4.0            4.3     14.7     17.8     17.8     17.8 stockLevel
     27s        0            0.0            4.4      0.0      0.0      0.0      0.0 delivery
     27s        0            0.0           42.5      0.0      0.0      0.0      0.0 newOrder
     27s        0            0.0            4.2      0.0      0.0      0.0      0.0 orderStatus
     27s        0            0.0           40.0      0.0      0.0      0.0      0.0 payment
     27s        0            0.0            4.1      0.0      0.0      0.0      0.0 stockLevel
     28s        0            0.0            4.3      0.0      0.0      0.0      0.0 delivery
     28s        0            0.0           41.0      0.0      0.0      0.0      0.0 newOrder
     28s        0            0.0            4.1      0.0      0.0      0.0      0.0 orderStatus
     28s        0            0.0           38.6      0.0      0.0      0.0      0.0 payment
     28s        0            0.0            4.0      0.0      0.0      0.0      0.0 stockLevel
_elapsed___errors__ops/sec(inst)___ops/sec(cum)__p50(ms)__p95(ms)__p99(ms)_pMax(ms)
     29s        0            2.0            4.2     56.6    167.8    167.8    167.8 delivery
     29s        0           15.0           40.1     37.7   9663.7  11811.2  11811.2 newOrder
     29s        0            1.0            4.0     27.3     27.3     27.3     27.3 orderStatus
     29s        0           18.0           37.9     14.2  13958.6  16106.1  16106.1 payment
     29s        0            1.0            3.9   3892.3   3892.3   3892.3   3892.3 stockLevel
     30s        0            4.0            4.2     56.6     75.5     75.5     75.5 delivery
     30s        0           42.0           40.1     35.7    369.1   4563.4   4563.4 newOrder
     30s        0            4.0            4.0      6.0      7.1      7.1      7.1 orderStatus
     30s        0           60.0           38.6     17.8  20401.1  27917.3  28991.0 payment
     30s        0            6.0            3.9     19.9     30.4     30.4     30.4 stockLevel
     31s        0            4.0            4.2    184.5    335.5    335.5    335.5 delivery
     31s        0           55.0           40.6    100.7   5637.1   5905.6   5905.6 newOrder
     31s        0            7.0            4.1      8.9     79.7     79.7     79.7 orderStatus
     31s        0           59.0           39.3     48.2  20401.1  24696.1  26843.5 payment
     31s        0            4.0            3.9     44.0    125.8    125.8    125.8 stockLevel
     32s        0            3.0            4.2     71.3    520.1    520.1    520.1 delivery
     32s        0           27.0           40.2     48.2    176.2   6979.3   6979.3 newOrder
     32s        0            4.0            4.1      7.1     44.0     44.0     44.0 orderStatus
     32s        0           21.0           38.7     19.9    100.7    117.4    117.4 payment
     32s        0            1.0            3.8     41.9     41.9     41.9     41.9 stockLevel
_elapsed___errors__ops/sec(inst)___ops/sec(cum)__p50(ms)__p95(ms)__p99(ms)_pMax(ms)
     33s        0            0.0            4.0      0.0      0.0      0.0      0.0 delivery
     33s        0            0.0           39.0      0.0      0.0      0.0      0.0 newOrder
     33s        0            0.0            3.9      0.0      0.0      0.0      0.0 orderStatus
     33s        0            0.0           37.5      0.0      0.0      0.0      0.0 payment
     33s        0            0.0            3.7      0.0      0.0      0.0      0.0 stockLevel
     34s        0            0.0            3.9      0.0      0.0      0.0      0.0 delivery
     34s        0            2.0           37.9     35.7   8589.9   8589.9   8589.9 newOrder
     34s        0            0.0            3.8      0.0      0.0      0.0      0.0 orderStatus
     34s        0            0.0           36.4      0.0      0.0      0.0      0.0 payment
     34s        0            0.0            3.6      0.0      0.0      0.0      0.0 stockLevel
     35s        0            5.0            3.9     58.7     75.5     75.5     75.5 delivery
     35s        0           57.0           38.4     58.7   3489.7   3623.9   3892.3 newOrder
     35s        0            4.0            3.8      5.0      7.3      7.3      7.3 orderStatus
     35s        0           55.0           36.9     48.2   9126.8  23622.3  32212.3 payment
     35s        0            7.0            3.7     44.0   3355.4   3355.4   3355.4 stockLevel
     36s        0            5.0            4.0     79.7    243.3    243.3    243.3 delivery
     36s        0           70.9           39.3     67.1    209.7    436.2    637.5 newOrder
     36s        0            3.0            3.8      6.6     10.0     10.0     10.0 orderStatus
     36s        0           69.9           37.9     28.3   5905.6  28991.0  28991.0 payment
     36s        0            6.0            3.8     35.7    385.9    385.9    385.9 stockLevel
_elapsed___errors__ops/sec(inst)___ops/sec(cum)__p50(ms)__p95(ms)__p99(ms)_pMax(ms)
     37s        0            0.0            3.9      0.0      0.0      0.0      0.0 delivery
     37s        0            4.0           38.4     92.3    209.7    209.7    209.7 newOrder
     37s        0            0.0            3.7      0.0      0.0      0.0      0.0 orderStatus
     37s        0            5.0           37.0     13.1     71.3     71.3     71.3 payment
     37s        0            0.0            3.7      0.0      0.0      0.0      0.0 stockLevel
     38s        0            4.0            3.9     62.9    142.6    142.6    142.6 delivery
     38s        0           43.9           38.5     79.7   3221.2   6979.3   6979.3 newOrder
     38s        0            4.0            3.7      4.5    121.6    121.6    121.6 orderStatus
     38s        0           36.0           36.9     15.7    201.3   1208.0   1208.0 payment
     38s        0            2.0            3.6     18.9     33.6     33.6     33.6 stockLevel
     39s        0            0.0            3.8      0.0      0.0      0.0      0.0 delivery
     39s        0            5.0           37.7     39.8    520.1    520.1    520.1 newOrder
     39s        0            1.0            3.6      6.6      6.6      6.6      6.6 orderStatus
     39s        0            1.0           36.0     12.6     12.6     12.6     12.6 payment
     39s        0            1.0            3.6     18.9     18.9     18.9     18.9 stockLevel
     40s        0            0.0            3.7      0.0      0.0      0.0      0.0 delivery
     40s        0            0.0           36.7      0.0      0.0      0.0      0.0 newOrder
     40s        0            0.0            3.6      0.0      0.0      0.0      0.0 orderStatus
     40s        0            0.0           35.1      0.0      0.0      0.0      0.0 payment
     40s        0            0.0            3.5      0.0      0.0      0.0      0.0 stockLevel
_elapsed___errors__ops/sec(inst)___ops/sec(cum)__p50(ms)__p95(ms)__p99(ms)_pMax(ms)
     41s        0            1.0            3.6     71.3     71.3     71.3     71.3 delivery
     41s        0           11.0           36.1   5100.3   5637.1   9663.7   9663.7 newOrder
     41s        0            0.0            3.5      0.0      0.0      0.0      0.0 orderStatus
     41s        0            3.0           34.3     48.2  11274.3  11274.3  11274.3 payment
     41s        0            0.0            3.4      0.0      0.0      0.0      0.0 stockLevel
     42s        0            6.0            3.7     96.5    192.9    192.9    192.9 delivery
     42s        0           60.0           36.7     79.7   3355.4   5905.6   6174.0 newOrder
     42s        0            4.0            3.5      6.8     21.0     21.0     21.0 orderStatus
     42s        0           70.0           35.2     79.7  22548.6  33286.0  36507.2 payment
     42s        0            8.0            3.5     37.7    268.4    268.4    268.4 stockLevel
     43s        0           10.0            3.8    109.1    260.0    260.0    260.0 delivery
     43s        0           78.9           37.7     75.5    226.5    469.8   4295.0 newOrder
     43s        0            9.0            3.6      8.9     46.1     46.1     46.1 orderStatus
     43s        0           84.9           36.3     60.8  18253.6  34359.7  38654.7 payment
     43s        0            9.0            3.6     35.7    142.6    142.6    142.6 stockLevel
     44s        0            1.0            3.8     54.5     54.5     54.5     54.5 delivery
     44s        0           16.0           37.2     29.4    151.0    159.4    159.4 newOrder
     44s        0            2.0            3.6     10.5     60.8     60.8     60.8 orderStatus
     44s        0           17.0           35.9     17.8    176.2    234.9    234.9 payment
     44s        0            4.0            3.6     19.9    192.9    192.9    192.9 stockLevel
_elapsed___errors__ops/sec(inst)___ops/sec(cum)__p50(ms)__p95(ms)__p99(ms)_pMax(ms)
     45s        0            3.0            3.7    218.1   1744.8   1744.8   1744.8 delivery
     45s        0           15.0           36.7     39.8   2013.3   3221.2   3221.2 newOrder
     45s        0            0.0            3.5      0.0      0.0      0.0      0.0 orderStatus
     45s        0           22.0           35.6     21.0  30064.8  34359.7  34359.7 payment
     45s        0            1.0            3.6     21.0     21.0     21.0     21.0 stockLevel
     46s        0            3.0            3.7     79.7    184.5    184.5    184.5 delivery
     46s        0           46.0           36.9     52.4   2952.8   4026.5   4026.5 newOrder
     46s        0           11.0            3.7      6.3    302.0    570.4    570.4 orderStatus
     46s        0           45.0           35.8     26.2   1811.9  27917.3  27917.3 payment
     46s        0            0.0            3.5      0.0      0.0      0.0      0.0 stockLevel
     47s        0            5.0            3.7     96.5    302.0    302.0    302.0 delivery
     47s        0           48.0           37.1     88.1   3623.9   4831.8   4831.8 newOrder
     47s        0            7.0            3.7     11.5    167.8    167.8    167.8 orderStatus
     47s        0           44.0           36.0     48.2  32212.3  36507.2  36507.2 payment
     47s        0            7.0            3.6     83.9    260.0    260.0    260.0 stockLevel
     48s        0            4.0            3.8     92.3    469.8    469.8    469.8 delivery
     48s        0           32.0           37.0     58.7    637.5   2013.3   2013.3 newOrder
     48s        0            0.0            3.6      0.0      0.0      0.0      0.0 orderStatus
     48s        0           29.0           35.8     32.5  40802.2  47244.6  47244.6 payment
     48s        0            3.0            3.6     79.7    251.7    251.7    251.7 stockLevel
_elapsed___errors__ops/sec(inst)___ops/sec(cum)__p50(ms)__p95(ms)__p99(ms)_pMax(ms)
     49s        0            5.0            3.8    100.7    117.4    117.4    117.4 delivery
     49s        0           67.0           37.6    117.4   1208.0   2415.9   2952.8 newOrder
     49s        0            5.0            3.7     35.7    973.1    973.1    973.1 orderStatus
     49s        0           57.0           36.3     48.2    973.1  34359.7  45097.2 payment
     49s        0            3.0            3.6     50.3     92.3     92.3     92.3 stockLevel
     50s        0           10.0            3.9     71.3    176.2    176.2    176.2 delivery
     50s        0           59.0           38.0     54.5    285.2    385.9   1543.5 newOrder
     50s        0            4.0            3.7      8.4     14.7     14.7     14.7 orderStatus
     50s        0           68.0           36.9     28.3    352.3  40802.2  47244.6 payment
     50s        0            8.0            3.6     92.3    285.2    285.2    285.2 stockLevel
     51s        0            6.0            3.9     71.3    151.0    151.0    151.0 delivery
     51s        0           46.0           38.2     67.1    402.7   1744.8   1744.8 newOrder
     51s        0            5.0            3.7      6.3    121.6    121.6    121.6 orderStatus
     51s        0           41.0           37.0     25.2  15569.3  49392.1  49392.1 payment
     51s        0            3.0            3.6     22.0     35.7     35.7     35.7 stockLevel
     52s        0            6.0            4.0     62.9    113.2    113.2    113.2 delivery
     52s        0           72.0           38.8     62.9   1879.0   2818.6   3892.3 newOrder
     52s        0            9.0            3.8      5.5      6.8      6.8      6.8 orderStatus
     52s        0           66.0           37.5     25.2    192.9    352.3  47244.6 payment
     52s        0           12.0            3.8     19.9    121.6    805.3    805.3 stockLevel
_elapsed___errors__ops/sec(inst)___ops/sec(cum)__p50(ms)__p95(ms)__p99(ms)_pMax(ms)
     53s        0            1.0            3.9     71.3     71.3     71.3     71.3 delivery
     53s        0           17.0           38.4     44.0     75.5    104.9    104.9 newOrder
     53s        0            0.0            3.7      0.0      0.0      0.0      0.0 orderStatus
     53s        0           18.0           37.2     24.1     79.7   5100.3   5100.3 payment
     53s        0            1.0            3.7     27.3     27.3     27.3     27.3 stockLevel
     54s        0            0.0            3.9      0.0      0.0      0.0      0.0 delivery
     54s        0            2.0           37.8   3087.0   5637.1   5637.1   5637.1 newOrder
     54s        0            0.0            3.7      0.0      0.0      0.0      0.0 orderStatus
     54s        0            0.0           36.5      0.0      0.0      0.0      0.0 payment
     54s        0            0.0            3.7      0.0      0.0      0.0      0.0 stockLevel
     55s        0            4.0            3.9     52.4     79.7     79.7     79.7 delivery
     55s        0           38.0           37.8     31.5    130.0   3087.0   3087.0 newOrder
     55s        0            4.0            3.7      4.7     23.1     23.1     23.1 orderStatus
     55s        0           43.0           36.6     13.1     58.7    121.6    121.6 payment
     55s        0            4.0            3.7     14.7     79.7     79.7     79.7 stockLevel
     56s        0            0.0            3.8      0.0      0.0      0.0      0.0 delivery
     56s        0            9.0           37.3   3758.1   4295.0   4295.0   4295.0 newOrder
     56s        0            1.0            3.6      7.1      7.1      7.1      7.1 orderStatus
     56s        0           14.0           36.2     16.3  32212.3  49392.1  49392.1 payment
     56s        0            1.0            3.6     17.8     17.8     17.8     17.8 stockLevel
_elapsed___errors__ops/sec(inst)___ops/sec(cum)__p50(ms)__p95(ms)__p99(ms)_pMax(ms)
     57s        0            7.0            3.8     65.0    352.3    352.3    352.3 delivery
     57s        0           36.0           37.2     37.7    771.8   5100.3   5100.3 newOrder
     57s        0            3.0            3.6      6.3     10.0     10.0     10.0 orderStatus
     57s        0           35.0           36.2     18.9  27917.3  55834.6  55834.6 payment
     57s        0            3.0            3.6    201.3   1073.7   1073.7   1073.7 stockLevel
     58s        0            2.0            3.8     75.5    536.9    536.9    536.9 delivery
     58s        0           47.0           37.4     52.4    906.0   3221.2   3221.2 newOrder
     58s        0            4.0            3.6      4.7      5.2      5.2      5.2 orderStatus
     58s        0           54.0           36.5     24.1  10737.4  21474.8  51539.6 payment
     58s        0            7.0            3.7     23.1    906.0    906.0    906.0 stockLevel
     59s        0            1.0            3.8    486.5    486.5    486.5    486.5 delivery
     59s        0           41.0           37.5     48.2   1811.9   8589.9   8589.9 newOrder
     59s        0            2.0            3.6    142.6    771.8    771.8    771.8 orderStatus
     59s        0           43.0           36.6     25.2   5905.6  49392.1  49392.1 payment
     59s        0            4.0            3.7     23.1    352.3    352.3    352.3 stockLevel
    1m0s        0            1.0            3.7     71.3     71.3     71.3     71.3 delivery
    1m0s        0           13.0           37.1     62.9   2013.3   2684.4   2684.4 newOrder
    1m0s        0            2.0            3.6      5.2     12.6     12.6     12.6 orderStatus
    1m0s        0           10.0           36.2     28.3  53687.1  53687.1  53687.1 payment
    1m0s        0            0.0            3.6      0.0      0.0      0.0      0.0 stockLevel

_elapsed___errors_____ops(total)___ops/sec(cum)__avg(ms)__p50(ms)__p95(ms)__p99(ms)_pMax(ms)__total
   60.0s        0            223            3.7    120.5     79.7    335.5    520.1   1744.8  delivery
   60.0s        0           2223           37.1    384.2     67.1   2415.9   5368.7  11811.2  newOrder
   60.0s        0            214            3.6     39.3      7.1    167.8    570.4    973.1  orderStatus
   60.0s        0           2169           36.2   1252.6     33.6   5637.1  33286.0  55834.6  payment
   60.0s        0            217            3.6    147.8     35.7    469.8   3355.4   3892.3  stockLevel

_elapsed___errors_____ops(total)___ops/sec(cum)__avg(ms)__p50(ms)__p95(ms)__p99(ms)_pMax(ms)__result
   60.0s        0           5046           84.1    721.0     52.4   2952.8  18253.6  55834.6  
Audit check 9.2.1.7: SKIP: not enough delivery transactions to be statistically significant
Audit check 9.2.2.5.1: SKIP: not enough orders to be statistically significant
Audit check 9.2.2.5.2: SKIP: not enough orders to be statistically significant
Audit check 9.2.2.5.3: SKIP: not enough orders to be statistically significant
Audit check 9.2.2.5.4: SKIP: not enough payments to be statistically significant
Audit check 9.2.2.5.5: SKIP: not enough payments to be statistically significant
Audit check 9.2.2.5.6: SKIP: not enough order status transactions to be statistically significant

_elapsed_______tpmC____efc__avg(ms)__p50(ms)__p90(ms)__p95(ms)__p99(ms)_pMax(ms)
   60.0s     2223.0 1728.6%    384.2     67.1    906.0   2415.9   5368.7  11811.2
