Initializing 200 connections...
Initializing 100 workers and preparing statements...
_elapsed___errors__ops/sec(inst)___ops/sec(cum)__p50(ms)__p95(ms)__p99(ms)_pMax(ms)
      1s        0            3.2            6.0     65.0     88.1     88.1     88.1 delivery
      1s        0           31.1           59.0     41.9     79.7     92.3     92.3 newOrder
      1s        0            3.2            6.0      6.6     16.3     16.3     16.3 orderStatus
      1s        0           32.2           61.0     18.9     52.4     58.7     92.3 payment
      1s        0            2.6            5.0     31.5     44.0     44.0     44.0 stockLevel
      2s        0            7.0            6.5     92.3    159.4    159.4    159.4 delivery
      2s        0           83.0           71.0     62.9    209.7    251.7    335.5 newOrder
      2s        0            8.0            7.0      7.1      9.4      9.4      9.4 orderStatus
      2s        0           80.0           70.5     31.5    285.2    469.8    604.0 payment
      2s        0           12.0            8.5     29.4     35.7     37.7     37.7 stockLevel
      3s        0           10.0            7.7     96.5    192.9    192.9    192.9 delivery
      3s        0           75.0           72.3     96.5    469.8    503.3    536.9 newOrder
      3s        0            7.0            7.0      8.1     10.0     10.0     10.0 orderStatus
      3s        0           89.0           76.7     39.8    436.2   1275.1   1543.5 payment
      3s        0            7.0            8.0     25.2    142.6    142.6    142.6 stockLevel
      4s        0            8.0            7.7    104.9    159.4    159.4    159.4 delivery
      4s        0           82.0           74.7     96.5    570.4    704.6    704.6 newOrder
      4s        0           13.0            8.5     10.5     27.3     30.4     30.4 orderStatus
      4s        0           64.0           73.5     50.3    570.4    973.1   1208.0 payment
      4s        0            7.0            7.7     32.5    402.7    402.7    402.7 stockLevel
_elapsed___errors__ops/sec(inst)___ops/sec(cum)__p50(ms)__p95(ms)__p99(ms)_pMax(ms)
      5s        0            5.0            7.2     92.3    142.6    142.6    142.6 delivery
      5s        0           79.0           75.6     96.5    939.5   1543.5   1610.6 newOrder
      5s        0            7.0            8.2      6.8      9.4      9.4      9.4 orderStatus
      5s        0           75.0           73.8     52.4    570.4   1140.9   1409.3 payment
      5s        0            6.0            7.4     29.4    125.8    125.8    125.8 stockLevel
      6s        0            9.0            7.5    100.7    302.0    302.0    302.0 delivery
      6s        0           64.0           73.7    125.8    486.5   1006.6   1208.0 newOrder
      6s        0            7.0            8.0      8.1     13.1     13.1     13.1 orderStatus
      6s        0           92.0           76.8     71.3    704.6   2952.8   3355.4 payment
      6s        0            8.0            7.5     32.5    121.6    121.6    121.6 stockLevel
      7s        0            6.0            7.3    130.0    184.5    184.5    184.5 delivery
      7s        0           85.0           75.3    159.4   1342.2   1543.5   1543.5 newOrder
      7s        0            6.0            7.7      8.9     13.6     13.6     13.6 orderStatus
      7s        0           57.0           74.0    100.7   1476.4   2415.9   2684.4 payment
      7s        0            4.0            7.0     23.1    318.8    318.8    318.8 stockLevel
      8s        0           10.0            7.6    121.6   1610.6   1610.6   1610.6 delivery
      8s        0           73.0           75.0    209.7    738.2   1275.1   1610.6 newOrder
      8s        0            8.0            7.7      8.4     16.8     16.8     16.8 orderStatus
      8s        0           62.0           72.5    100.7   2281.7   2684.4   3221.2 payment
      8s        0           10.0            7.4     35.7    167.8    167.8    167.8 stockLevel
_elapsed___errors__ops/sec(inst)___ops/sec(cum)__p50(ms)__p95(ms)__p99(ms)_pMax(ms)
      9s        0            7.0            7.6    104.9   1811.9   1811.9   1811.9 delivery
      9s        0           68.0           74.2    184.5    906.0   1208.0   1275.1 newOrder
      9s        0            5.0            7.4     14.7     16.8     16.8     16.8 orderStatus
      9s        0           71.0           72.3    151.0   1744.8   4563.4   5368.7 payment
      9s        0            8.0            7.4     32.5    385.9    385.9    385.9 stockLevel
     10s        0            8.0            7.6    184.5   3758.1   3758.1   3758.1 delivery
     10s        0           63.0           73.1    268.4   2080.4   4831.8   5100.3 newOrder
     10s        0            5.0            7.2     13.1     32.5     32.5     32.5 orderStatus
     10s        0           59.0           71.0    176.2   1543.5   2818.6   2818.6 payment
     10s        0           10.0            7.7     41.9   1409.3   1409.3   1409.3 stockLevel
_elapsed___errors__ops/sec(inst)___ops/sec(cum)__p50(ms)__p95(ms)__p99(ms)_pMax(ms)
      1s        0            3.0            3.0    113.2    117.4    117.4    117.4 delivery
      1s        0           53.0           53.1    134.2    469.8    570.4    604.0 newOrder
      1s        0            6.0            6.0      8.1     15.7     15.7     15.7 orderStatus
      1s        0           41.0           41.1     75.5    402.7    570.4    570.4 payment
      1s        0            5.0            5.0     54.5    113.2    113.2    113.2 stockLevel
      2s        0            7.0            5.0    134.2    536.9    536.9    536.9 delivery
      2s        0           48.0           50.5    159.4   1543.5   1879.0   1879.0 newOrder
      2s        0            3.0            4.5     10.5     16.8     16.8     16.8 orderStatus
      2s        0           32.0           36.5    117.4    704.6   1543.5   1543.5 payment
      2s        0            2.0            3.5     50.3    838.9    838.9    838.9 stockLevel
      3s        0            3.0            4.3    159.4    209.7    209.7    209.7 delivery
      3s        0           57.0           52.7    125.8   1409.3   1610.6   2147.5 newOrder
      3s        0            6.0            5.0     10.5     24.1     24.1     24.1 orderStatus
      3s        0           55.0           42.7     60.8   1946.2   2147.5   2415.9 payment
      3s        0            4.0            3.7     37.7    285.2    285.2    285.2 stockLevel
      4s        0            4.0            4.3    100.7    109.1    109.1    109.1 delivery
      4s        0           57.0           53.8    151.0   2550.1   3355.4   3623.9 newOrder
      4s        0           10.0            6.3      9.4     22.0     22.0     22.0 orderStatus
      4s        0           65.0           48.3     46.1   1140.9   2684.4   3087.0 payment
      4s        0           12.0            5.8     35.7     92.3    570.4    570.4 stockLevel
_elapsed___errors__ops/sec(inst)___ops/sec(cum)__p50(ms)__p95(ms)__p99(ms)_pMax(ms)
      5s        0            8.0            5.0     96.5    159.4    159.4    159.4 delivery
      5s        0           65.9           56.2     83.9   2684.4   2818.6   3087.0 newOrder
      5s        0            5.0            6.0      8.9     15.7     15.7     15.7 orderStatus
      5s        0           59.0           50.4     35.7   1677.7   2952.8   3892.3 payment
      5s        0           11.0            6.8     39.8    419.4   1677.7   1677.7 stockLevel
      6s        0            6.0            5.2     71.3    134.2    134.2    134.2 delivery
      6s        0           63.1           57.3    109.1   2550.1   2952.8   5368.7 newOrder
      6s        0            3.0            5.5      8.9      9.4      9.4      9.4 orderStatus
      6s        0           49.0           50.2     50.3   3489.7   5637.1   5637.1 payment
      6s        0            5.0            6.5     29.4     31.5     31.5     31.5 stockLevel
      7s        0            8.0            5.6    104.9    151.0    151.0    151.0 delivery
      7s        0           59.0           57.6    125.8   1543.5   2415.9   2415.9 newOrder
      7s        0           10.0            6.1      6.0     19.9     19.9     19.9 orderStatus
      7s        0           71.0           53.2     60.8   1811.9   5100.3   5905.6 payment
      7s        0            6.0            6.4     46.1    352.3    352.3    352.3 stockLevel
      8s        0            9.0            6.0    125.8   1073.7   1073.7   1073.7 delivery
      8s        0           75.0           59.8     96.5   1140.9   2013.3   2952.8 newOrder
      8s        0            4.0            5.9      8.9     32.5     32.5     32.5 orderStatus
      8s        0           52.0           53.0     71.3   5368.7   5637.1   6979.3 payment
      8s        0            5.0            6.3     46.1    159.4    159.4    159.4 stockLevel
_elapsed___errors__ops/sec(inst)___ops/sec(cum)__p50(ms)__p95(ms)__p99(ms)_pMax(ms)
      9s        0            6.0            6.0    125.8    243.3    243.3    243.3 delivery
      9s        0           73.0           61.2     96.5   2550.1   3087.0   5368.7 newOrder
      9s        0            7.0            6.0      6.6     12.6     12.6     12.6 orderStatus
      9s        0           62.0           54.0     46.1   1610.6   2281.7   5368.7 payment
      9s        0            4.0            6.0     27.3     41.9     41.9     41.9 stockLevel
     10s        0            5.0            5.9     88.1    113.2    113.2    113.2 delivery
     10s        0           68.0           61.9     83.9   1610.6   2415.9   2550.1 newOrder
     10s        0            3.0            5.7     17.8     17.8     17.8     17.8 orderStatus
     10s        0           57.0           54.3     62.9    385.9   3221.2   3758.1 payment
     10s        0            4.0            5.8     48.2   1879.0   1879.0   1879.0 stockLevel
     11s        0            5.0            5.8    130.0    192.9    192.9    192.9 delivery
     11s        0           45.0           60.4    125.8   1811.9   2281.7   2281.7 newOrder
     11s        0            6.0            5.7     12.6     33.6     33.6     33.6 orderStatus
     11s        0           52.0           54.1     39.8    226.5    369.1   1040.2 payment
     11s        0            8.0            6.0     48.2   1744.8   1744.8   1744.8 stockLevel
     12s        0            6.0            5.8     75.5    117.4    117.4    117.4 delivery
     12s        0           59.0           60.3     67.1   1744.8   2550.1   2818.6 newOrder
     12s        0            8.0            5.9      5.8     14.7     14.7     14.7 orderStatus
     12s        0           74.0           55.8     33.6   4563.4   6710.9   9663.7 payment
     12s        0            1.0            5.6     32.5     32.5     32.5     32.5 stockLevel
_elapsed___errors__ops/sec(inst)___ops/sec(cum)__p50(ms)__p95(ms)__p99(ms)_pMax(ms)
     13s        0            5.0            5.8     92.3    151.0    151.0    151.0 delivery
     13s        0           64.0           60.5     65.0    637.5    906.0   2952.8 newOrder
     13s        0            5.0            5.8      7.3     26.2     26.2     26.2 orderStatus
     13s        0           68.0           56.7     37.7   6442.5   8589.9  12884.9 payment
     13s        0           10.0            5.9     37.7    520.1    520.1    520.1 stockLevel
     14s        0            6.0            5.8     71.3    151.0    151.0    151.0 delivery
     14s        0           78.0           61.8     71.3   2550.1   2818.6   2952.8 newOrder
     14s        0           10.0            6.1      8.4     13.1     13.1     13.1 orderStatus
     14s        0           78.0           58.2     37.7   5368.7   7784.6  10737.4 payment
     14s        0            4.0            5.8     31.5   2684.4   2684.4   2684.4 stockLevel
     15s        0           12.0            6.2    100.7    260.0    260.0    260.0 delivery
     15s        0           75.0           62.7     62.9   1946.2   3355.4   3623.9 newOrder
     15s        0            6.0            6.1      7.3     16.8     16.8     16.8 orderStatus
     15s        0           72.0           59.1     37.7    436.2  10200.5  10737.4 payment
     15s        0            7.0            5.9     39.8    604.0    604.0    604.0 stockLevel
     16s        0            7.0            6.3    117.4    385.9    385.9    385.9 delivery
     16s        0           63.0           62.7     96.5    260.0   3087.0   3623.9 newOrder
     16s        0            5.0            6.1     10.5     19.9     19.9     19.9 orderStatus
     16s        0           68.0           59.7     56.6   1208.0   6174.0  11811.2 payment
     16s        0            7.0            5.9     31.5     83.9     83.9     83.9 stockLevel
_elapsed___errors__ops/sec(inst)___ops/sec(cum)__p50(ms)__p95(ms)__p99(ms)_pMax(ms)
     17s        0            5.0            6.2     71.3     88.1     88.1     88.1 delivery
     17s        0           66.0           62.9     52.4    302.0    486.5   4563.4 newOrder
     17s        0            6.0            6.1      8.1     11.0     11.0     11.0 orderStatus
     17s        0           70.0           60.3     27.3    872.4   5905.6  13421.8 payment
     17s        0            6.0            5.9     27.3    234.9    234.9    234.9 stockLevel
     18s        0            2.0            5.9     48.2     71.3     71.3     71.3 delivery
     18s        0           31.0           61.1     35.7   2147.5   3489.7   3489.7 newOrder
     18s        0            5.0            6.0      4.7      7.1      7.1      7.1 orderStatus
     18s        0           32.0           58.7     14.2   7784.6  11811.2  11811.2 payment
     18s        0            4.0            5.8     15.2     24.1     24.1     24.1 stockLevel
     19s        0            5.0            5.9     62.9     75.5     75.5     75.5 delivery
     19s        0           73.0           61.7     44.0   4563.4   6979.3   7516.2 newOrder
     19s        0            6.0            6.0      7.6     27.3     27.3     27.3 orderStatus
     19s        0           71.0           59.4     22.0    159.4   5100.3  12348.0 payment
     19s        0            9.0            6.0     25.2    704.6    704.6    704.6 stockLevel
     20s        0            6.0            5.9     92.3    192.9    192.9    192.9 delivery
     20s        0           77.0           62.5     56.6    536.9   6174.0   8053.1 newOrder
     20s        0            6.0            6.0      5.8      9.4      9.4      9.4 orderStatus
     20s        0           62.0           59.5     24.1    285.2    402.7  16106.1 payment
     20s        0            5.0            6.0     24.1     35.7     35.7     35.7 stockLevel
_elapsed___errors__ops/sec(inst)___ops/sec(cum)__p50(ms)__p95(ms)__p99(ms)_pMax(ms)
     21s        0            6.0            5.9     60.8    113.2    113.2    113.2 delivery
     21s        0           44.0           61.6     44.0   2415.9   8053.1   8053.1 newOrder
     21s        0            7.0            6.0      7.6     29.4     29.4     29.4 orderStatus
     21s        0           43.0           58.7     16.3   9126.8  11811.2  11811.2 payment
     21s        0            7.0            6.0     25.2    419.4    419.4    419.4 stockLevel
     22s        0            6.0            5.9     88.1    104.9    104.9    104.9 delivery
     22s        0           69.0           62.0     71.3   5100.3   8053.1  10200.5 newOrder
     22s        0            8.0            6.1      5.8     13.1     13.1     13.1 orderStatus
     22s        0           69.0           59.2     30.4    176.2    369.1  11274.3 payment
     22s        0            8.0            6.1     19.9     92.3     92.3     92.3 stockLevel
     23s        0            8.0            6.0     71.3    285.2    285.2    285.2 delivery
     23s        0           78.0           62.7     58.7    159.4    226.5   5368.7 newOrder
     23s        0            5.0            6.1      8.1     10.0     10.0     10.0 orderStatus
     23s        0           71.0           59.7     27.3   5905.6  17179.9  20401.1 payment
     23s        0            3.0            6.0     31.5     58.7     58.7     58.7 stockLevel
     24s        0            7.0            6.0     83.9    142.6    142.6    142.6 delivery
     24s        0           53.0           62.3     71.3   2550.1   3623.9   6710.9 newOrder
     24s        0            6.0            6.1      7.3     11.0     11.0     11.0 orderStatus
     24s        0           56.0           59.5     25.2  10737.4  16106.1  19327.4 payment
     24s        0            4.0            5.9     25.2    151.0    151.0    151.0 stockLevel
_elapsed___errors__ops/sec(inst)___ops/sec(cum)__p50(ms)__p95(ms)__p99(ms)_pMax(ms)
     25s        0           11.0            6.2     75.5    121.6    125.8    125.8 delivery
     25s        0           70.0           62.6     58.7    176.2   1879.0   7516.2 newOrder
     25s        0            9.0            6.2      8.1     21.0     21.0     21.0 orderStatus
     25s        0           66.0           59.8     29.4   1811.9   4563.4  18253.6 payment
     25s        0           11.0            6.1     41.9     79.7     96.5     96.5 stockLevel
     26s        0            3.0            6.1     71.3    100.7    100.7    100.7 delivery
     26s        0           68.0           62.8     35.7   1476.4   4026.5   4563.4 newOrder
     26s        0            6.0            6.2      6.3     11.0     11.0     11.0 orderStatus
     26s        0           66.0           60.0     15.7  10200.5  16106.1  19327.4 payment
     26s        0            7.0            6.1     24.1     52.4     52.4     52.4 stockLevel
     27s        0            4.0            6.0     67.1     96.5     96.5     96.5 delivery
     27s        0           54.0           62.4     54.5   1811.9   1879.0   2550.1 newOrder
     27s        0            6.0            6.2      7.1      7.9      7.9      7.9 orderStatus
     27s        0           48.0           59.6     24.1   3892.3  24696.1  24696.1 payment
     27s        0            5.0            6.1     23.1     35.7     35.7     35.7 stockLevel
     28s        0            6.0            6.0     60.8    151.0    151.0    151.0 delivery
     28s        0           56.0           62.2     41.9   1610.6   2415.9   4160.7 newOrder
     28s        0            5.0            6.1      7.3     13.6     13.6     13.6 orderStatus
     28s        0           66.0           59.8     19.9    125.8  11811.2  20401.1 payment
     28s        0            4.0            6.0     13.6     19.9     19.9     19.9 stockLevel
_elapsed___errors__ops/sec(inst)___ops/sec(cum)__p50(ms)__p95(ms)__p99(ms)_pMax(ms)
     29s        0            1.0            5.9     50.3     50.3     50.3     50.3 delivery
     29s        0           20.0           60.8     26.2   1073.7   3355.4   3355.4 newOrder
     29s        0            1.0            6.0      5.8      5.8      5.8      5.8 orderStatus
     29s        0           19.0           58.4     11.0     28.3     39.8     39.8 payment
     29s        0            1.0            5.8     14.2     14.2     14.2     14.2 stockLevel
     30s        0            1.0            5.7     50.3     50.3     50.3     50.3 delivery
     30s        0           23.0           59.5     32.5   3355.4   3758.1   3758.1 newOrder
     30s        0            3.0            5.9      5.0      6.6      6.6      6.6 orderStatus
     30s        0           25.0           57.3     12.1     17.8  10200.5  10200.5 payment
     30s        0            3.0            5.7     15.7     16.3     16.3     16.3 stockLevel
     31s        0            2.0            5.6     50.3     52.4     52.4     52.4 delivery
     31s        0           27.0           58.5     26.2     62.9   3892.3   3892.3 newOrder
     31s        0            3.0            5.8      5.2      7.1      7.1      7.1 orderStatus
     31s        0           31.0           56.5     12.6   8321.5  18253.6  18253.6 payment
     31s        0            2.0            5.6     17.8     41.9     41.9     41.9 stockLevel
     32s        0            1.0            5.4     52.4     52.4     52.4     52.4 delivery
     32s        0            8.0           56.9     32.5   3355.4   3355.4   3355.4 newOrder
     32s        0            1.0            5.6      7.3      7.3      7.3      7.3 orderStatus
     32s        0            9.0           55.0     12.6     14.7     14.7     14.7 payment
     32s        0            2.0            5.5     18.9   1744.8   1744.8   1744.8 stockLevel
_elapsed___errors__ops/sec(inst)___ops/sec(cum)__p50(ms)__p95(ms)__p99(ms)_pMax(ms)
     33s        0            0.0            5.3      0.0      0.0      0.0      0.0 delivery
     33s        0            0.0           55.2      0.0      0.0      0.0      0.0 newOrder
     33s        0            0.0            5.5      0.0      0.0      0.0      0.0 orderStatus
     33s        0            0.0           53.3      0.0      0.0      0.0      0.0 payment
     33s        0            0.0            5.3      0.0      0.0      0.0      0.0 stockLevel
     34s        0            0.0            5.1      0.0      0.0      0.0      0.0 delivery
     34s        0            0.0           53.5      0.0      0.0      0.0      0.0 newOrder
     34s        0            0.0            5.3      0.0      0.0      0.0      0.0 orderStatus
     34s        0            0.0           51.7      0.0      0.0      0.0      0.0 payment
     34s        0            0.0            5.2      0.0      0.0      0.0      0.0 stockLevel
     35s        0            4.0            5.1     48.2     56.6     56.6     56.6 delivery
     35s        0           28.0           52.8     32.5   5100.3  11811.2  11811.2 newOrder
     35s        0            1.0            5.2      6.8      6.8      6.8      6.8 orderStatus
     35s        0           16.0           50.7     13.6     23.1     48.2     48.2 payment
     35s        0            4.0            5.1     17.8   4831.8   4831.8   4831.8 stockLevel
     36s        0            2.0            5.0     35.7     50.3     50.3     50.3 delivery
     36s        0           19.0           51.9     30.4   9126.8  11274.3  11274.3 newOrder
     36s        0            4.0            5.1      3.9      6.0      6.0      6.0 orderStatus
     36s        0           18.0           49.8     11.0     15.7     29.4     29.4 payment
     36s        0            2.0            5.1     14.7     16.3     16.3     16.3 stockLevel
_elapsed___errors__ops/sec(inst)___ops/sec(cum)__p50(ms)__p95(ms)__p99(ms)_pMax(ms)
     37s        0            7.0            5.1     52.4     60.8     60.8     60.8 delivery
     37s        0           50.0           51.8     35.7     56.6     62.9     62.9 newOrder
     37s        0            7.0            5.2      7.1      7.3      7.3      7.3 orderStatus
     37s        0           65.0           50.2     16.8  21474.8  23622.3  36507.2 payment
     37s        0            7.0            5.1     24.1     31.5     31.5     31.5 stockLevel
     38s        0            6.0            5.1     62.9     92.3     92.3     92.3 delivery
     38s        0           53.0           51.8     39.8    125.8   2952.8   6442.5 newOrder
     38s        0            6.0            5.2      7.1     12.1     12.1     12.1 orderStatus
     38s        0           61.0           50.5     16.8  10200.5  13958.6  16106.1 payment
     38s        0            5.0            5.1     21.0     52.4     52.4     52.4 stockLevel
     39s        0            0.0            4.9      0.0      0.0      0.0      0.0 delivery
     39s        0            1.0           50.5     24.1     24.1     24.1     24.1 newOrder
     39s        0            1.0            5.1      5.0      5.0      5.0      5.0 orderStatus
     39s        0            3.0           49.3     11.5     12.1     12.1     12.1 payment
     39s        0            0.0            5.0      0.0      0.0      0.0      0.0 stockLevel
     40s        0            0.0            4.8      0.0      0.0      0.0      0.0 delivery
     40s        0            1.0           49.3   5368.7   5368.7   5368.7   5368.7 newOrder
     40s        0            0.0            5.0      0.0      0.0      0.0      0.0 orderStatus
     40s        0            1.0           48.1     12.6     12.6     12.6     12.6 payment
     40s        0            0.0            4.9      0.0      0.0      0.0      0.0 stockLevel
_elapsed___errors__ops/sec(inst)___ops/sec(cum)__p50(ms)__p95(ms)__p99(ms)_pMax(ms)
     41s        0            1.0            4.7     46.1     46.1     46.1     46.1 delivery
     41s        0           27.0           48.8     27.3     50.3   2684.4   2684.4 newOrder
     41s        0            3.0            4.9      5.2      6.6      6.6      6.6 orderStatus
     41s        0           24.0           47.5     12.1     18.9     26.2     26.2 payment
     41s        0            1.0            4.8     14.2     14.2     14.2     14.2 stockLevel
     42s        0            3.0            4.7     67.1    159.4    159.4    159.4 delivery
     42s        0           41.0           48.6     50.3   5100.3  10200.5  10200.5 newOrder
     42s        0            9.0            5.0      6.8     15.7     15.7     15.7 orderStatus
     42s        0           29.0           47.0     21.0  16106.1  36507.2  36507.2 payment
     42s        0            2.0            4.7     27.3    209.7    209.7    209.7 stockLevel
     43s        0            8.0            4.8     62.9    104.9    104.9    104.9 delivery
     43s        0           44.0           48.5     39.8     67.1    352.3    352.3 newOrder
     43s        0            1.0            4.9      4.5      4.5      4.5      4.5 orderStatus
     43s        0           45.0           47.0     19.9  28991.0  38654.7  38654.7 payment
     43s        0            6.0            4.7     14.7     33.6     33.6     33.6 stockLevel
     44s        0            0.0            4.7      0.0      0.0      0.0      0.0 delivery
     44s        0            0.0           47.4      0.0      0.0      0.0      0.0 newOrder
     44s        0            0.0            4.8      0.0      0.0      0.0      0.0 orderStatus
     44s        0            0.0           45.9      0.0      0.0      0.0      0.0 payment
     44s        0            0.0            4.6      0.0      0.0      0.0      0.0 stockLevel
_elapsed___errors__ops/sec(inst)___ops/sec(cum)__p50(ms)__p95(ms)__p99(ms)_pMax(ms)
     45s        0            1.0            4.6     58.7     58.7     58.7     58.7 delivery
     45s        0            5.0           46.4   3623.9  10200.5  10200.5  10200.5 newOrder
     45s        0            0.0            4.7      0.0      0.0      0.0      0.0 orderStatus
     45s        0            1.0           44.9     25.2     25.2     25.2     25.2 payment
     45s        0            0.0            4.5      0.0      0.0      0.0      0.0 stockLevel
     46s        0            2.0            4.5     44.0     50.3     50.3     50.3 delivery
     46s        0           14.0           45.7     28.3   3623.9   8053.1   8053.1 newOrder
     46s        0            1.0            4.6      5.8      5.8      5.8      5.8 orderStatus
     46s        0           14.0           44.3     12.1     15.2     18.9     18.9 payment
     46s        0            3.0            4.5     15.7     22.0     22.0     22.0 stockLevel
     47s        0            2.0            4.5     50.3     50.3     50.3     50.3 delivery
     47s        0           17.0           45.1     31.5   3892.3   4026.5   4026.5 newOrder
     47s        0            3.0            4.6      7.1      7.1      7.1      7.1 orderStatus
     47s        0           20.0           43.7     12.6     17.8     23.1     23.1 payment
     47s        0            1.0            4.4     33.6     33.6     33.6     33.6 stockLevel
     48s        0            3.0            4.4     71.3     71.3     71.3     71.3 delivery
     48s        0           56.0           45.3     41.9   5637.1   9663.7  12348.0 newOrder
     48s        0            7.0            4.6      5.8     26.2     26.2     26.2 orderStatus
     48s        0           69.0           44.3     26.2  28991.0  42949.7  42949.7 payment
     48s        0            6.0            4.4     15.2     25.2     25.2     25.2 stockLevel
_elapsed___errors__ops/sec(inst)___ops/sec(cum)__p50(ms)__p95(ms)__p99(ms)_pMax(ms)
     49s        0            9.0            4.5     71.3    100.7    100.7    100.7 delivery
     49s        0           86.0           46.2     44.0    100.7   5905.6  10200.5 newOrder
     49s        0            9.0            4.7      6.6     11.5     11.5     11.5 orderStatus
     49s        0           84.0           45.1     24.1    369.1  25769.8  32212.3 payment
     49s        0           11.0            4.6     25.2     37.7     60.8     60.8 stockLevel
     50s        0            5.0            4.5     56.6     62.9     62.9     62.9 delivery
     50s        0           48.0           46.2     32.5   1543.5   5100.3   5100.3 newOrder
     50s        0            2.0            4.7      5.2      5.8      5.8      5.8 orderStatus
     50s        0           35.0           44.9     15.7    192.9  45097.2  45097.2 payment
     50s        0            1.0            4.5     21.0     21.0     21.0     21.0 stockLevel
     51s        0            4.0            4.5     44.0    142.6    142.6    142.6 delivery
     51s        0           62.0           46.5     60.8   3087.0   7784.6   8589.9 newOrder
     51s        0            9.0            4.8      5.8     15.7     15.7     15.7 orderStatus
     51s        0           67.0           45.3     21.0    100.7  24696.1  27917.3 payment
     51s        0            8.0            4.6     31.5    318.8    318.8    318.8 stockLevel
     52s        0            9.0            4.6     92.3    151.0    151.0    151.0 delivery
     52s        0           76.0           47.1     56.6    159.4    251.7    285.2 newOrder
     52s        0            8.0            4.8      6.8     10.5     10.5     10.5 orderStatus
     52s        0           81.0           46.0     30.4    352.3  26843.5  34359.7 payment
     52s        0            7.0            4.6     28.3     30.4     30.4     30.4 stockLevel
_elapsed___errors__ops/sec(inst)___ops/sec(cum)__p50(ms)__p95(ms)__p99(ms)_pMax(ms)
     53s        0            4.0            4.6     41.9     60.8     60.8     60.8 delivery
     53s        0           52.0           47.2     30.4     92.3   1677.7   2684.4 newOrder
     53s        0            6.0            4.8      5.0      7.3      7.3      7.3 orderStatus
     53s        0           49.0           46.1     13.1  10737.4  36507.2  36507.2 payment
     53s        0            4.0            4.6     13.6     23.1     23.1     23.1 stockLevel
     54s        0            5.0            4.6     44.0     75.5     75.5     75.5 delivery
     54s        0           71.0           47.6     35.7   1946.2   3489.7   5905.6 newOrder
     54s        0            2.0            4.8      4.2      4.7      4.7      4.7 orderStatus
     54s        0           64.0           46.4     19.9  40802.2  49392.1  53687.1 payment
     54s        0            5.0            4.6     26.2     31.5     31.5     31.5 stockLevel
     55s        0           10.0            4.7     75.5    176.2    176.2    176.2 delivery
     55s        0           88.0           48.3     48.2    226.5   1208.0   2281.7 newOrder
     55s        0            7.0            4.8      7.1     19.9     19.9     19.9 orderStatus
     55s        0           93.0           47.2     28.3  27917.3  47244.6  51539.6 payment
     55s        0           10.0            4.7     17.8    113.2    113.2    113.2 stockLevel
     56s        0           10.0            4.8     54.5    318.8    318.8    318.8 delivery
     56s        0           84.0           49.0     33.6    939.5   3355.4   3758.1 newOrder
     56s        0            9.0            4.9      5.5     13.6     13.6     13.6 orderStatus
     56s        0           83.0           47.9     15.7     52.4    121.6    159.4 payment
     56s        0            9.0            4.8     37.7     67.1     67.1     67.1 stockLevel
_elapsed___errors__ops/sec(inst)___ops/sec(cum)__p50(ms)__p95(ms)__p99(ms)_pMax(ms)
     57s        0            6.0            4.8     56.6     88.1     88.1     88.1 delivery
     57s        0           37.9           48.8     56.6   3087.0   3489.7   3489.7 newOrder
     57s        0            4.0            4.9      6.8     35.7     35.7     35.7 orderStatus
     57s        0           36.9           47.7     30.4  26843.5  31138.5  31138.5 payment
     57s        0            4.0            4.8     15.2     23.1     23.1     23.1 stockLevel
     58s        0            9.0            4.9    109.1    142.6    142.6    142.6 delivery
     58s        0           45.1           48.7     92.3   1946.2   2952.8   2952.8 newOrder
     58s        0            5.0            4.9     13.1     18.9     18.9     18.9 orderStatus
     58s        0           45.1           47.6     39.8  21474.8  47244.6  47244.6 payment
     58s        0            5.0            4.8     46.1     83.9     83.9     83.9 stockLevel
     59s        0            3.0            4.9     58.7     60.8     60.8     60.8 delivery
     59s        0           24.0           48.3     33.6     60.8     96.5     96.5 newOrder
     59s        0            4.0            4.9      5.2     13.1     13.1     13.1 orderStatus
     59s        0           18.0           47.1     13.6  10200.5  38654.7  38654.7 payment
     59s        0            1.0            4.7     19.9     19.9     19.9     19.9 stockLevel
    1m0s        0            0.0            4.8      0.0      0.0      0.0      0.0 delivery
    1m0s        0            0.0           47.5      0.0      0.0      0.0      0.0 newOrder
    1m0s        0            0.0            4.8      0.0      0.0      0.0      0.0 orderStatus
    1m0s        0            0.0           46.4      0.0      0.0      0.0      0.0 payment
    1m0s        0            0.0            4.6      0.0      0.0      0.0      0.0 stockLevel

_elapsed___errors_____ops(total)___ops/sec(cum)__avg(ms)__p50(ms)__p95(ms)__p99(ms)_pMax(ms)__total
   60.0s        0            287            4.8     95.9     79.7    209.7    352.3   1073.7  delivery
   60.0s        0           2850           47.5    366.3     56.6   2281.7   5637.1  12348.0  newOrder
   60.0s        0            288            4.8      8.8      7.3     17.8     29.4     35.7  orderStatus
   60.0s        0           2781           46.4   1036.0     28.3   5368.7  28991.0  53687.1  payment
   60.0s        0            278            4.6    104.2     28.3    352.3   1744.8   4831.8  stockLevel

_elapsed___errors_____ops(total)___ops/sec(cum)__avg(ms)__p50(ms)__p95(ms)__p99(ms)_pMax(ms)__result
   60.0s        0           6484          108.1    614.5     41.9   2281.7  16106.1  53687.1  
Audit check 9.2.1.7: SKIP: not enough delivery transactions to be statistically significant
Audit check 9.2.2.5.1: SKIP: not enough orders to be statistically significant
Audit check 9.2.2.5.2: SKIP: not enough orders to be statistically significant
Audit check 9.2.2.5.3: SKIP: not enough orders to be statistically significant
Audit check 9.2.2.5.4: SKIP: not enough payments to be statistically significant
Audit check 9.2.2.5.5: SKIP: not enough payments to be statistically significant
Audit check 9.2.2.5.6: SKIP: not enough order status transactions to be statistically significant

_elapsed_______tpmC____efc__avg(ms)__p50(ms)__p90(ms)__p95(ms)__p99(ms)_pMax(ms)
   60.0s     2850.0 2216.2%    366.3     56.6    939.5   2281.7   5637.1  12348.0
