Initializing 300 connections...
Initializing 100 workers and preparing statements...
_elapsed___errors__ops/sec(inst)___ops/sec(cum)__p50(ms)__p95(ms)__p99(ms)_pMax(ms)
      1s        0            1.8            4.0     65.0     92.3     92.3     92.3 delivery
      1s        0           19.9           45.0     58.7    167.8    184.5    184.5 newOrder
      1s        0            2.7            6.0     10.0     18.9     18.9     18.9 orderStatus
      1s        0           21.2           48.0     24.1     83.9    117.4    117.4 payment
      1s        0            2.2            5.0     50.3     96.5     96.5     96.5 stockLevel
      2s        0            6.0            5.0    100.7    302.0    302.0    302.0 delivery
      2s        0           74.0           59.5     75.5    167.8    260.0    260.0 newOrder
      2s        0            3.0            4.5     14.2     21.0     21.0     21.0 orderStatus
      2s        0           61.0           54.5     44.0    192.9    251.7    260.0 payment
      2s        0            7.0            6.0     71.3    134.2    134.2    134.2 stockLevel
      3s        0            9.0            6.3    218.1    486.5    486.5    486.5 delivery
      3s        0           52.0           57.0    142.6    436.2    469.8    486.5 newOrder
      3s        0            9.0            6.0     14.2     44.0     44.0     44.0 orderStatus
      3s        0           66.0           58.3     96.5    570.4    872.4   1040.2 payment
      3s        0            5.0            5.7     62.9    100.7    100.7    100.7 stockLevel
      4s        0            4.0            5.7    167.8    402.7    402.7    402.7 delivery
      4s        0           58.0           57.2    184.5    536.9    771.8    872.4 newOrder
      4s        0            8.0            6.5     16.8     31.5     31.5     31.5 orderStatus
      4s        0           59.0           58.5    142.6    872.4    973.1   1275.1 payment
      4s        0            9.0            6.5     67.1    167.8    167.8    167.8 stockLevel
_elapsed___errors__ops/sec(inst)___ops/sec(cum)__p50(ms)__p95(ms)__p99(ms)_pMax(ms)
      5s        0            7.0            6.0    218.1    570.4    570.4    570.4 delivery
      5s        0           68.0           59.4    226.5    570.4    671.1    805.3 newOrder
      5s        0            3.0            5.8     44.0     44.0     44.0     44.0 orderStatus
      5s        0           53.0           57.4    184.5   1208.0   1610.6   1610.6 payment
      5s        0            8.0            6.8    201.3    838.9    838.9    838.9 stockLevel
      6s        0            7.0            6.2    117.4    226.5    226.5    226.5 delivery
      6s        0           70.0           61.2    251.7    906.0   1040.2   1140.9 newOrder
      6s        0            6.0            5.8     11.5     16.8     16.8     16.8 orderStatus
      6s        0           62.0           58.2    134.2   1208.0   1677.7   1811.9 payment
      6s        0            6.0            6.7     48.2    402.7    402.7    402.7 stockLevel
      7s        0            7.0            6.3    159.4    738.2    738.2    738.2 delivery
      7s        0           65.0           61.7    335.5    906.0   1208.0   1409.3 newOrder
      7s        0            6.0            5.9     24.1     60.8     60.8     60.8 orderStatus
      7s        0           63.0           58.9    125.8   1543.5   2818.6   3087.0 payment
      7s        0            5.0            6.4    318.8    704.6    704.6    704.6 stockLevel
      8s        0           11.0            6.9    117.4    302.0    503.3    503.3 delivery
      8s        0           68.0           62.5    226.5    738.2   1208.0   1409.3 newOrder
      8s        0            8.0            6.1      9.4     18.9     18.9     18.9 orderStatus
      8s        0           63.0           59.4    142.6   1677.7   2818.6   4563.4 payment
      8s        0            3.0            6.0    100.7    604.0    604.0    604.0 stockLevel
_elapsed___errors__ops/sec(inst)___ops/sec(cum)__p50(ms)__p95(ms)__p99(ms)_pMax(ms)
      9s        0            5.0            6.7    109.1    184.5    184.5    184.5 delivery
      9s        0           70.0           63.3    167.8    906.0   1275.1   1811.9 newOrder
      9s        0            5.0            6.0     17.8     46.1     46.1     46.1 orderStatus
      9s        0           69.0           60.4    176.2   2013.3   2080.4   5100.3 payment
      9s        0           10.0            6.4     65.0    704.6    704.6    704.6 stockLevel
     10s        0            3.0            6.3     96.5    113.2    113.2    113.2 delivery
     10s        0           66.0           63.6    251.7   1208.0   1409.3   2415.9 newOrder
     10s        0            6.0            6.0     13.1     18.9     18.9     18.9 orderStatus
     10s        0           57.0           60.1    184.5   3221.2   3355.4   3623.9 payment
     10s        0            6.0            6.4     28.3    805.3    805.3    805.3 stockLevel
_elapsed___errors__ops/sec(inst)___ops/sec(cum)__p50(ms)__p95(ms)__p99(ms)_pMax(ms)
      1s        0            5.0            5.0    104.9    385.9    385.9    385.9 delivery
      1s        0           31.0           31.0    151.0    453.0    570.4    570.4 newOrder
      1s        0            2.0            2.0     16.3     30.4     30.4     30.4 orderStatus
      1s        0           34.0           34.0     56.6    335.5    637.5    637.5 payment
      1s        0            9.0            9.0     71.3    453.0    453.0    453.0 stockLevel
      2s        0            7.0            6.0    234.9    570.4    570.4    570.4 delivery
      2s        0           61.0           46.0    192.9    805.3    906.0    939.5 newOrder
      2s        0            3.0            2.5     11.0     12.6     12.6     12.6 orderStatus
      2s        0           71.0           52.5     65.0   1040.2   1275.1   1409.3 payment
      2s        0            5.0            7.0     79.7    201.3    201.3    201.3 stockLevel
      3s        0            9.0            7.0    100.7    906.0    906.0    906.0 delivery
      3s        0           63.0           51.7    100.7   1677.7   2550.1   2952.8 newOrder
      3s        0           11.0            5.3      9.4     17.8     19.9     19.9 orderStatus
      3s        0           67.0           57.4     58.7   1543.5   2281.7   2684.4 payment
      3s        0            5.0            6.3     83.9    184.5    184.5    184.5 stockLevel
      4s        0            4.0            6.3     83.9    142.6    142.6    142.6 delivery
      4s        0           64.0           54.8     88.1   2415.9   2684.4   3087.0 newOrder
      4s        0            5.0            5.3      7.1     15.7     15.7     15.7 orderStatus
      4s        0           55.0           56.8     48.2   1946.2   2013.3   2952.8 payment
      4s        0            5.0            6.0     54.5    939.5    939.5    939.5 stockLevel
_elapsed___errors__ops/sec(inst)___ops/sec(cum)__p50(ms)__p95(ms)__p99(ms)_pMax(ms)
      5s        0            3.0            5.6     83.9    100.7    100.7    100.7 delivery
      5s        0           65.0           56.8     75.5   2684.4   3489.7   4160.7 newOrder
      5s        0            3.0            4.8     12.1     48.2     48.2     48.2 orderStatus
      5s        0           51.0           55.6     37.7    352.3   3221.2   3221.2 payment
      5s        0           12.0            7.2     39.8    872.4   1879.0   1879.0 stockLevel
      6s        0            2.0            5.0     71.3     83.9     83.9     83.9 delivery
      6s        0           60.0           57.3     71.3   1140.9   2684.4   4563.4 newOrder
      6s        0           12.0            6.0      7.1     10.0     11.5     11.5 orderStatus
      6s        0           68.0           57.7     31.5   3355.4   4160.7   4563.4 payment
      6s        0            4.0            6.7     26.2    104.9    104.9    104.9 stockLevel
      7s        0            9.0            5.6     88.1    604.0    604.0    604.0 delivery
      7s        0           64.0           58.3     58.7   2818.6   5637.1   6979.3 newOrder
      7s        0            7.0            6.1      7.3     10.5     10.5     10.5 orderStatus
      7s        0           63.0           58.4     31.5   2550.1   3489.7   6710.9 payment
      7s        0            4.0            6.3     28.3     50.3     50.3     50.3 stockLevel
      8s        0            8.0            5.9     88.1    142.6    142.6    142.6 delivery
      8s        0           53.0           57.6     54.5   1543.5   1610.6   3489.7 newOrder
      8s        0            7.0            6.3      9.4     13.6     13.6     13.6 orderStatus
      8s        0           41.0           56.3     26.2   4295.0   7516.2   7516.2 payment
      8s        0            7.0            6.4     31.5     71.3     71.3     71.3 stockLevel
_elapsed___errors__ops/sec(inst)___ops/sec(cum)__p50(ms)__p95(ms)__p99(ms)_pMax(ms)
      9s        0            6.0            5.9     79.7    176.2    176.2    176.2 delivery
      9s        0           63.0           58.2     56.6   3221.2   4026.5   4831.8 newOrder
      9s        0            8.0            6.4      6.6     10.0     10.0     10.0 orderStatus
      9s        0           65.0           57.2     32.5   4563.4   4831.8   8321.5 payment
      9s        0            7.0            6.4     27.3     52.4     52.4     52.4 stockLevel
     10s        0            8.0            6.1    121.6    234.9    234.9    234.9 delivery
     10s        0           69.0           59.3     75.5   1879.0   2952.8   3355.4 newOrder
     10s        0           10.0            6.8     11.0     39.8     39.8     39.8 orderStatus
     10s        0           58.0           57.3     52.4   5100.3   6979.3   7516.2 payment
     10s        0            6.0            6.4     48.2    453.0    453.0    453.0 stockLevel
     11s        0            5.0            6.0     88.1    142.6    142.6    142.6 delivery
     11s        0           51.0           58.6     60.8    738.2    906.0   1140.9 newOrder
     11s        0            7.0            6.8      8.9     25.2     25.2     25.2 orderStatus
     11s        0           54.0           57.0     27.3   5905.6   7784.6  10200.5 payment
     11s        0            5.0            6.3     30.4     62.9     62.9     62.9 stockLevel
     12s        0            4.0            5.8     83.9    117.4    117.4    117.4 delivery
     12s        0           63.0           58.9     60.8    939.5   1811.9   4160.7 newOrder
     12s        0            8.0            6.9     10.0     33.6     33.6     33.6 orderStatus
     12s        0           63.0           57.5     41.9   6174.0   8321.5   9126.8 payment
     12s        0            2.0            5.9     35.7   2281.7   2281.7   2281.7 stockLevel
_elapsed___errors__ops/sec(inst)___ops/sec(cum)__p50(ms)__p95(ms)__p99(ms)_pMax(ms)
     13s        0            6.0            5.8    151.0    176.2    176.2    176.2 delivery
     13s        0           64.0           59.3     88.1   2013.3   3355.4   4563.4 newOrder
     13s        0            3.0            6.6      7.6     10.5     10.5     10.5 orderStatus
     13s        0           56.0           57.4     44.0   3087.0   5100.3  11274.3 payment
     13s        0            7.0            6.0    109.1   2818.6   2818.6   2818.6 stockLevel
     14s        0           11.0            6.2    192.9    318.8    637.5    637.5 delivery
     14s        0           65.0           59.7     96.5    604.0   1476.4   3087.0 newOrder
     14s        0            7.0            6.6      8.9     39.8     39.8     39.8 orderStatus
     14s        0           58.0           57.4     44.0    704.6    838.9   9126.8 payment
     14s        0           10.0            6.3     67.1    335.5    335.5    335.5 stockLevel
     15s        0            4.0            6.1     96.5    159.4    159.4    159.4 delivery
     15s        0           71.0           60.5     67.1   3623.9   5100.3   8053.1 newOrder
     15s        0            4.0            6.5      6.8      7.9      7.9      7.9 orderStatus
     15s        0           71.0           58.3     35.7    503.3  11811.2  13958.6 payment
     15s        0            8.0            6.4     46.1   2080.4   2080.4   2080.4 stockLevel
     16s        0            4.0            5.9    104.9    184.5    184.5    184.5 delivery
     16s        0           69.0           61.0     75.5   5368.7   6710.9   8589.9 newOrder
     16s        0            8.0            6.6      6.0     22.0     22.0     22.0 orderStatus
     16s        0           80.0           59.7     30.4    167.8    369.1    385.9 payment
     16s        0           12.0            6.8     30.4     56.6     62.9     62.9 stockLevel
_elapsed___errors__ops/sec(inst)___ops/sec(cum)__p50(ms)__p95(ms)__p99(ms)_pMax(ms)
     17s        0            6.0            5.9     60.8     79.7     79.7     79.7 delivery
     17s        0           65.0           61.2     44.0   1677.7   2281.7   2415.9 newOrder
     17s        0            6.0            6.5      6.8      7.6      7.6      7.6 orderStatus
     17s        0           63.0           59.9     18.9  11274.3  13958.6  15569.3 payment
     17s        0            5.0            6.6     24.1     62.9     62.9     62.9 stockLevel
     18s        0            8.0            6.1     62.9    201.3    201.3    201.3 delivery
     18s        0           66.0           61.5     48.2   2013.3   3623.9   4563.4 newOrder
     18s        0            4.0            6.4      5.8     10.5     10.5     10.5 orderStatus
     18s        0           68.0           60.3     21.0   7784.6  11811.2  18253.6 payment
     18s        0            5.0            6.6     22.0     29.4     29.4     29.4 stockLevel
     19s        0            7.0            6.1     52.4    104.9    104.9    104.9 delivery
     19s        0           53.0           61.1     39.8   2080.4   2550.1   6979.3 newOrder
     19s        0            4.0            6.3      4.5      5.2      5.2      5.2 orderStatus
     19s        0           46.0           59.6     15.2  10737.4  16643.0  16643.0 payment
     19s        0            6.0            6.5     22.0     60.8     60.8     60.8 stockLevel
     20s        0            6.0            6.1     52.4    142.6    142.6    142.6 delivery
     20s        0           62.0           61.1     37.7   1342.2   2281.7   5637.1 newOrder
     20s        0            6.0            6.3      5.2      8.9      8.9      8.9 orderStatus
     20s        0           54.0           59.3     18.9   4563.4  14495.5  16106.1 payment
     20s        0           10.0            6.7     19.9   1610.6   1610.6   1610.6 stockLevel
_elapsed___errors__ops/sec(inst)___ops/sec(cum)__p50(ms)__p95(ms)__p99(ms)_pMax(ms)
     21s        0            2.0            5.9     52.4     75.5     75.5     75.5 delivery
     21s        0           36.0           59.9     30.4   1744.8   2550.1   2550.1 newOrder
     21s        0            2.0            6.0      4.5     11.0     11.0     11.0 orderStatus
     21s        0           26.0           57.7     13.1     21.0     23.1     23.1 payment
     21s        0            1.0            6.4     15.2     15.2     15.2     15.2 stockLevel
     22s        0            2.0            5.7     46.1     46.1     46.1     46.1 delivery
     22s        0           26.0           58.4     27.3   2952.8   5905.6   5905.6 newOrder
     22s        0            4.0            6.0      4.5      5.8      5.8      5.8 orderStatus
     22s        0           29.0           56.4     11.0     15.7     16.8     16.8 payment
     22s        0            1.0            6.2     19.9     19.9     19.9     19.9 stockLevel
     23s        0            1.0            5.5     48.2     48.2     48.2     48.2 delivery
     23s        0           13.0           56.4     28.3     41.9   4026.5   4026.5 newOrder
     23s        0            1.0            5.7      5.2      5.2      5.2      5.2 orderStatus
     23s        0           12.0           54.5     10.0     15.2     16.3     16.3 payment
     23s        0            1.0            6.0   3087.0   3087.0   3087.0   3087.0 stockLevel
     24s        0            6.0            5.5     71.3     79.7     79.7     79.7 delivery
     24s        0           65.0           56.8     50.3   4295.0   4563.4   4831.8 newOrder
     24s        0            6.0            5.8      6.3     17.8     17.8     17.8 orderStatus
     24s        0           72.0           55.2     24.1   5368.7  15569.3  23622.3 payment
     24s        0           11.0            6.2     25.2     31.5   2818.6   2818.6 stockLevel
_elapsed___errors__ops/sec(inst)___ops/sec(cum)__p50(ms)__p95(ms)__p99(ms)_pMax(ms)
     25s        0            7.0            5.6     62.9    159.4    159.4    159.4 delivery
     25s        0           69.0           57.2     39.8    151.0   3758.1   4563.4 newOrder
     25s        0            6.0            5.8      5.0     22.0     22.0     22.0 orderStatus
     25s        0           65.0           55.6     22.0   5905.6  12884.9  13421.8 payment
     25s        0            6.0            6.2     16.3     71.3     71.3     71.3 stockLevel
     26s        0            6.0            5.6     54.5    113.2    113.2    113.2 delivery
     26s        0           42.0           56.7     44.0   2415.9   3623.9   3623.9 newOrder
     26s        0            4.0            5.7      6.8     10.5     10.5     10.5 orderStatus
     26s        0           43.0           55.1     18.9  12348.0  18253.6  18253.6 payment
     26s        0            6.0            6.2     18.9   1543.5   1543.5   1543.5 stockLevel
     27s        0            6.0            5.6     65.0     79.7     79.7     79.7 delivery
     27s        0           64.0           56.9     52.4   1744.8   2818.6   9126.8 newOrder
     27s        0            9.0            5.8      7.3     12.6     12.6     12.6 orderStatus
     27s        0           70.0           55.7     25.2   1811.9  20401.1  23622.3 payment
     27s        0            6.0            6.1     22.0    704.6    704.6    704.6 stockLevel
     28s        0            4.0            5.6     52.4     92.3     92.3     92.3 delivery
     28s        0           44.0           56.5     35.7     60.8   2818.6   2818.6 newOrder
     28s        0            5.0            5.8      5.8     13.1     13.1     13.1 orderStatus
     28s        0           45.0           55.3     15.2     33.6     39.8     39.8 payment
     28s        0            4.0            6.1     21.0     23.1     23.1     23.1 stockLevel
_elapsed___errors__ops/sec(inst)___ops/sec(cum)__p50(ms)__p95(ms)__p99(ms)_pMax(ms)
     29s        0            3.0            5.5     65.0     71.3     71.3     71.3 delivery
     29s        0           29.0           55.5     31.5   2550.1   4295.0   4295.0 newOrder
     29s        0            1.0            5.6      5.0      5.0      5.0      5.0 orderStatus
     29s        0           28.0           54.3     14.2     30.4     41.9     41.9 payment
     29s        0            4.0            6.0     18.9   2013.3   2013.3   2013.3 stockLevel
     30s        0            0.0            5.3      0.0      0.0      0.0      0.0 delivery
     30s        0           13.0           54.1     48.2   3489.7   3892.3   3892.3 newOrder
     30s        0            0.0            5.4      0.0      0.0      0.0      0.0 orderStatus
     30s        0            9.0           52.8     39.8  18253.6  18253.6  18253.6 payment
     30s        0            3.0            5.9     28.3   3221.2   3221.2   3221.2 stockLevel
     31s        0            7.0            5.4     71.3    184.5    184.5    184.5 delivery
     31s        0           49.9           54.0     44.0    142.6   2952.8   2952.8 newOrder
     31s        0            5.0            5.4      6.0     58.7     58.7     58.7 orderStatus
     31s        0           52.9           52.8     18.9     60.8  11811.2  12884.9 payment
     31s        0            4.0            5.8     23.1     71.3     71.3     71.3 stockLevel
     32s        0            1.0            5.2     58.7     58.7     58.7     58.7 delivery
     32s        0           14.0           52.7     48.2   2952.8   2952.8   2952.8 newOrder
     32s        0            2.0            5.3      9.4     14.7     14.7     14.7 orderStatus
     32s        0           14.0           51.6     19.9     24.1    121.6    121.6 payment
     32s        0            1.0            5.7     33.6     33.6     33.6     33.6 stockLevel
_elapsed___errors__ops/sec(inst)___ops/sec(cum)__p50(ms)__p95(ms)__p99(ms)_pMax(ms)
     33s        0            4.0            5.2    113.2    302.0    302.0    302.0 delivery
     33s        0           55.0           52.8     56.6   2818.6   6710.9   9663.7 newOrder
     33s        0            7.0            5.4      9.4     16.3     16.3     16.3 orderStatus
     33s        0           66.0           52.1     35.7  15569.3  21474.8  26843.5 payment
     33s        0            5.0            5.7     31.5   1946.2   1946.2   1946.2 stockLevel
     34s        0            6.0            5.2     71.3    192.9    192.9    192.9 delivery
     34s        0           77.0           53.5     41.9    201.3    251.7    318.8 newOrder
     34s        0            7.0            5.4      7.6      8.9      8.9      8.9 orderStatus
     34s        0           77.0           52.8     26.2  13958.6  16106.1  18253.6 payment
     34s        0           11.0            5.8     27.3     79.7    104.9    104.9 stockLevel
     35s        0            0.0            5.1      0.0      0.0      0.0      0.0 delivery
     35s        0            0.0           52.0      0.0      0.0      0.0      0.0 newOrder
     35s        0            0.0            5.3      0.0      0.0      0.0      0.0 orderStatus
     35s        0            0.0           51.3      0.0      0.0      0.0      0.0 payment
     35s        0            0.0            5.7      0.0      0.0      0.0      0.0 stockLevel
     36s        0            7.0            5.1     67.1     79.7     79.7     79.7 delivery
     36s        0           56.0           52.1     46.1   2818.6   3087.0   8321.5 newOrder
     36s        0            3.0            5.2      8.1      9.4      9.4      9.4 orderStatus
     36s        0           46.0           51.1     16.8     29.4     54.5     54.5 payment
     36s        0            4.0            5.6     22.0   1409.3   1409.3   1409.3 stockLevel
_elapsed___errors__ops/sec(inst)___ops/sec(cum)__p50(ms)__p95(ms)__p99(ms)_pMax(ms)
     37s        0            6.0            5.1     46.1    104.9    104.9    104.9 delivery
     37s        0           45.0           51.9     30.4   1040.2   2952.8   2952.8 newOrder
     37s        0            6.0            5.2      4.7     11.5     11.5     11.5 orderStatus
     37s        0           49.0           51.1     13.1  20401.1  33286.0  33286.0 payment
     37s        0            6.0            5.6     16.8    637.5    637.5    637.5 stockLevel
     38s        0            8.0            5.2     58.7     96.5     96.5     96.5 delivery
     38s        0           69.0           52.3     39.8    117.4   1677.7   3758.1 newOrder
     38s        0            5.0            5.2      5.8     35.7     35.7     35.7 orderStatus
     38s        0           77.0           51.8     17.8  12884.9  30064.8  34359.7 payment
     38s        0            6.0            5.6     23.1     33.6     33.6     33.6 stockLevel
     39s        0            3.0            5.2     52.4     65.0     65.0     65.0 delivery
     39s        0           23.0           51.6     35.7    268.4   1040.2   1040.2 newOrder
     39s        0            3.0            5.2      7.9      9.4      9.4      9.4 orderStatus
     39s        0           23.0           51.0     12.6     18.9     33.6     33.6 payment
     39s        0            2.0            5.5     16.3     18.9     18.9     18.9 stockLevel
     40s        0            0.0            5.0      0.0      0.0      0.0      0.0 delivery
     40s        0            9.0           50.5     31.5   2818.6   2818.6   2818.6 newOrder
     40s        0            1.0            5.1      5.8      5.8      5.8      5.8 orderStatus
     40s        0            8.0           50.0     12.1     16.3     16.3     16.3 payment
     40s        0            1.0            5.4     14.7     14.7     14.7     14.7 stockLevel
_elapsed___errors__ops/sec(inst)___ops/sec(cum)__p50(ms)__p95(ms)__p99(ms)_pMax(ms)
     41s        0            7.0            5.1     79.7    104.9    104.9    104.9 delivery
     41s        0           71.0           51.0     54.5   3623.9   4831.8   6710.9 newOrder
     41s        0            9.0            5.1      7.1     11.0     11.0     11.0 orderStatus
     41s        0           57.0           50.1     31.5   6979.3  22548.6  26843.5 payment
     41s        0            6.0            5.4     37.7    117.4    117.4    117.4 stockLevel
     42s        0            7.0            5.1     71.3    117.4    117.4    117.4 delivery
     42s        0           73.0           51.5     48.2    151.0   1677.7   3221.2 newOrder
     42s        0            4.0            5.1      6.8      8.9      8.9      8.9 orderStatus
     42s        0           51.0           50.1     23.1  15569.3  25769.8  40802.2 payment
     42s        0            2.0            5.4     14.2     18.9     18.9     18.9 stockLevel
     43s        0            0.0            5.0      0.0      0.0      0.0      0.0 delivery
     43s        0            2.0           50.4     32.5     39.8     39.8     39.8 newOrder
     43s        0            0.0            5.0      0.0      0.0      0.0      0.0 orderStatus
     43s        0            2.0           49.0     13.6     14.2     14.2     14.2 payment
     43s        0            0.0            5.2      0.0      0.0      0.0      0.0 stockLevel
     44s        0            0.0            4.9      0.0      0.0      0.0      0.0 delivery
     44s        0            8.0           49.4     37.7   6442.5   6442.5   6442.5 newOrder
     44s        0            1.0            4.9      8.9      8.9      8.9      8.9 orderStatus
     44s        0            4.0           48.0     14.2  10737.4  10737.4  10737.4 payment
     44s        0            1.0            5.1     21.0     21.0     21.0     21.0 stockLevel
_elapsed___errors__ops/sec(inst)___ops/sec(cum)__p50(ms)__p95(ms)__p99(ms)_pMax(ms)
     45s        0            3.0            4.8     65.0     83.9     83.9     83.9 delivery
     45s        0           43.0           49.3     41.9   2952.8   6174.0   6174.0 newOrder
     45s        0            4.0            4.9      5.8     12.6     12.6     12.6 orderStatus
     45s        0           39.0           47.8     17.8  28991.0  31138.5  31138.5 payment
     45s        0            4.0            5.1     19.9     31.5     31.5     31.5 stockLevel
     46s        0            5.0            4.8     65.0     75.5     75.5     75.5 delivery
     46s        0           40.0           49.1     46.1   1476.4   5100.3   5100.3 newOrder
     46s        0            5.0            4.9      6.8     15.2     15.2     15.2 orderStatus
     46s        0           49.0           47.8     17.8  30064.8  45097.2  45097.2 payment
     46s        0            4.0            5.1     29.4    260.0    260.0    260.0 stockLevel
     47s        0            6.0            4.9     79.7    184.5    184.5    184.5 delivery
     47s        0           57.0           49.3     62.9    151.0    167.8   5905.6 newOrder
     47s        0            7.0            4.9      9.4     12.1     12.1     12.1 orderStatus
     47s        0           67.0           48.2     30.4   8321.5  20401.1  21474.8 payment
     47s        0            6.0            5.1     27.3     96.5     96.5     96.5 stockLevel
     48s        0            4.0            4.9     60.8    104.9    104.9    104.9 delivery
     48s        0           42.0           49.1     35.7    121.6   5368.7   5368.7 newOrder
     48s        0            2.0            4.9      8.9      9.4      9.4      9.4 orderStatus
     48s        0           34.0           47.9     15.7     52.4     79.7     79.7 payment
     48s        0            4.0            5.1     18.9     29.4     29.4     29.4 stockLevel
_elapsed___errors__ops/sec(inst)___ops/sec(cum)__p50(ms)__p95(ms)__p99(ms)_pMax(ms)
     49s        0            0.0            4.8      0.0      0.0      0.0      0.0 delivery
     49s        0            0.0           48.1      0.0      0.0      0.0      0.0 newOrder
     49s        0            0.0            4.8      0.0      0.0      0.0      0.0 orderStatus
     49s        0            0.0           47.0      0.0      0.0      0.0      0.0 payment
     49s        0            0.0            5.0      0.0      0.0      0.0      0.0 stockLevel
     50s        0            3.0            4.7     56.6     71.3     71.3     71.3 delivery
     50s        0           29.0           47.7     46.1   5368.7   7516.2   7516.2 newOrder
     50s        0            3.0            4.7      8.1     16.8     16.8     16.8 orderStatus
     50s        0           32.0           46.7     22.0     79.7  40802.2  40802.2 payment
     50s        0            3.0            4.9   2684.4   2818.6   2818.6   2818.6 stockLevel
     51s        0            5.0            4.7     56.6    125.8    125.8    125.8 delivery
     51s        0           55.9           47.9     52.4    939.5   4295.0  10200.5 newOrder
     51s        0            6.0            4.8      5.8     19.9     19.9     19.9 orderStatus
     51s        0           46.9           46.7     21.0  28991.0  40802.2  40802.2 payment
     51s        0            5.0            4.9     16.3     44.0     44.0     44.0 stockLevel
     52s        0            6.0            4.8     71.3    167.8    167.8    167.8 delivery
     52s        0           43.0           47.8     39.8    130.0   5100.3   5100.3 newOrder
     52s        0            7.0            4.8      8.4     19.9     19.9     19.9 orderStatus
     52s        0           48.1           46.7     17.8  19327.4  47244.6  47244.6 payment
     52s        0            7.0            5.0     28.3     88.1     88.1     88.1 stockLevel
_elapsed___errors__ops/sec(inst)___ops/sec(cum)__p50(ms)__p95(ms)__p99(ms)_pMax(ms)
     53s        0            4.0            4.7     52.4     58.7     58.7     58.7 delivery
     53s        0           33.0           47.5     32.5   4831.8   8589.9   8589.9 newOrder
     53s        0            5.0            4.8      6.3      9.4      9.4      9.4 orderStatus
     53s        0           38.0           46.5     14.7  22548.6  42949.7  42949.7 payment
     53s        0            2.0            4.9     24.1     30.4     30.4     30.4 stockLevel
     54s        0            5.0            4.7     58.7     62.9     62.9     62.9 delivery
     54s        0           36.0           47.3     35.7   2415.9   8589.9   8589.9 newOrder
     54s        0            3.0            4.8      5.8      8.9      8.9      8.9 orderStatus
     54s        0           33.0           46.3     14.7   4160.7  40802.2  40802.2 payment
     54s        0            4.0            4.9     24.1     31.5     31.5     31.5 stockLevel
     55s        0            3.0            4.7     54.5     60.8     60.8     60.8 delivery
     55s        0           57.0           47.5     35.7    104.9    117.4   7516.2 newOrder
     55s        0            4.0            4.8      5.5      8.4      8.4      8.4 orderStatus
     55s        0           49.0           46.3     14.7  12348.0  42949.7  42949.7 payment
     55s        0            6.0            4.9     22.0     92.3     92.3     92.3 stockLevel
     56s        0            3.0            4.7     52.4    104.9    104.9    104.9 delivery
     56s        0           43.0           47.4     44.0   3623.9   5637.1   5637.1 newOrder
     56s        0            7.0            4.8      8.9     18.9     18.9     18.9 orderStatus
     56s        0           35.0           46.1     16.8   3892.3  28991.0  28991.0 payment
     56s        0            5.0            4.9     37.7     44.0     44.0     44.0 stockLevel
_elapsed___errors__ops/sec(inst)___ops/sec(cum)__p50(ms)__p95(ms)__p99(ms)_pMax(ms)
     57s        0           10.0            4.8     83.9    100.7    100.7    100.7 delivery
     57s        0           74.0           47.9     54.5   1409.3  10737.4  12884.9 newOrder
     57s        0            5.0            4.8     10.0     14.2     14.2     14.2 orderStatus
     57s        0           87.0           46.8     33.6   1879.0   5368.7  53687.1 payment
     57s        0            8.0            5.0     30.4    100.7    100.7    100.7 stockLevel
     58s        0            3.0            4.7     56.6     88.1     88.1     88.1 delivery
     58s        0           72.0           48.3     44.0    113.2    151.0    159.4 newOrder
     58s        0            8.0            4.9      6.3     10.5     10.5     10.5 orderStatus
     58s        0           65.0           47.2     17.8     71.3  16643.0  33286.0 payment
     58s        0            8.0            5.0     27.3     75.5     75.5     75.5 stockLevel
     59s        0            6.0            4.8     67.1    159.4    159.4    159.4 delivery
     59s        0           46.0           48.2     39.8   2684.4   8321.5   8321.5 newOrder
     59s        0            5.0            4.9      5.8      7.9      7.9      7.9 orderStatus
     59s        0           66.0           47.5     18.9  21474.8  31138.5  53687.1 payment
     59s        0            2.0            5.0     21.0     26.2     26.2     26.2 stockLevel
    1m0s        0            5.0            4.8     62.9     75.5     75.5     75.5 delivery
    1m0s        0           47.0           48.2     39.8     75.5    738.2    738.2 newOrder
    1m0s        0            6.0            4.9      6.0     10.5     10.5     10.5 orderStatus
    1m0s        0           59.0           47.7     19.9     52.4     71.3  45097.2 payment
    1m0s        0            5.0            5.0     23.1     27.3     27.3     27.3 stockLevel

_elapsed___errors_____ops(total)___ops/sec(cum)__avg(ms)__p50(ms)__p95(ms)__p99(ms)_pMax(ms)__total
   60.0s        0            286            4.8     97.1     75.5    226.5    570.4    906.0  delivery
   60.0s        0           2893           48.2    345.8     50.3   2281.7   5368.7  12884.9  newOrder
   60.0s        0            293            4.9      8.9      7.3     18.9     39.8     58.7  orderStatus
   60.0s        0           2860           47.7   1047.9     25.2   5368.7  26843.5  53687.1  payment
   60.0s        0            299            5.0    173.2     28.3   1409.3   2818.6   3221.2  stockLevel

_elapsed___errors_____ops(total)___ops/sec(cum)__avg(ms)__p50(ms)__p95(ms)__p99(ms)_pMax(ms)__result
   60.0s        0           6631          110.5    615.2     39.8   2684.4  15569.3  53687.1  
Audit check 9.2.1.7: SKIP: not enough delivery transactions to be statistically significant
Audit check 9.2.2.5.1: SKIP: not enough orders to be statistically significant
Audit check 9.2.2.5.2: SKIP: not enough orders to be statistically significant
Audit check 9.2.2.5.3: SKIP: not enough orders to be statistically significant
Audit check 9.2.2.5.4: SKIP: not enough payments to be statistically significant
Audit check 9.2.2.5.5: SKIP: not enough payments to be statistically significant
Audit check 9.2.2.5.6: SKIP: not enough order status transactions to be statistically significant

_elapsed_______tpmC____efc__avg(ms)__p50(ms)__p90(ms)__p95(ms)__p99(ms)_pMax(ms)
   60.0s     2893.0 2249.6%    345.8     50.3    771.8   2281.7   5368.7  12884.9
