***************************************
*** ###easy### TPC-C Load Generator ***
***************************************
option h with value '192.168.122.83'
option P with value '3306'
option d with value 'benchmarker'
option u with value 'root'
option p with value '123456'
option w with value '11'
option c with value '2'
option r with value '22'
option l with value '60'
option i with value '10'
<Parameters>
     [server]: 192.168.122.83
     [port]: 3306
     [DBname]: benchmarker
       [user]: root
       [pass]: 123456
  [warehouse]: 11
 [connection]: 2
     [rampup]: 22 (sec.)
    [measure]: 60 (sec.)

RAMP-UP TIME.(22 sec.)

MEASURING START.

  10, trx: 958, 95%: 17.564, 99%: 28.748, max_rt: 45.147, 956|18.476, 95|6.695, 96|64.022, 95|79.939
  20, trx: 969, 95%: 18.760, 99%: 32.270, max_rt: 45.278, 973|19.386, 97|6.238, 97|67.186, 97|76.129
  30, trx: 959, 95%: 20.510, 99%: 31.337, max_rt: 43.533, 956|19.309, 96|8.372, 95|67.480, 95|84.852
  40, trx: 945, 95%: 20.091, 99%: 30.486, max_rt: 42.941, 948|16.123, 95|9.047, 95|66.072, 95|88.597
  50, trx: 935, 95%: 19.100, 99%: 29.889, max_rt: 43.072, 933|14.190, 93|5.048, 94|69.984, 93|89.469
  60, trx: 944, 95%: 21.280, 99%: 32.193, max_rt: 45.495, 945|18.660, 94|7.525, 95|60.280, 95|83.037

STOPPING THREADS..

<Raw Results>
  [0] sc:110 lt:5600  rt:0  fl:0 avg_rt: 15.0 (5)
  [1] sc:5338 lt:373  rt:0  fl:0 avg_rt: 4.0 (5)
  [2] sc:555 lt:15  rt:0  fl:0 avg_rt: 2.3 (5)
  [3] sc:572 lt:0  rt:0  fl:0 avg_rt: 39.0 (80)
  [4] sc:0 lt:570  rt:0  fl:0 avg_rt: 55.1 (20)
 in 60 sec.

<Raw Results2(sum ver.)>
  [0] sc:110  lt:5600  rt:0  fl:0 
  [1] sc:5338  lt:373  rt:0  fl:0 
  [2] sc:555  lt:15  rt:0  fl:0 
  [3] sc:572  lt:0  rt:0  fl:0 
  [4] sc:0  lt:570  rt:0  fl:0 

<Constraint Check> (all must be [OK])
 [transaction percentage]
        Payment: 43.49% (>=43.0%) [OK]
   Order-Status: 4.34% (>= 4.0%) [OK]
       Delivery: 4.36% (>= 4.0%) [OK]
    Stock-Level: 4.34% (>= 4.0%) [OK]
 [response time (at least 90% passed)]
      New-Order: 1.93%  [NG] *
        Payment: 93.47%  [OK]
   Order-Status: 97.37%  [OK]
       Delivery: 100.00%  [OK]
    Stock-Level: 0.00%  [NG] *

<TpmC>
                 5710.000 TpmC
