***************************************
*** ###easy### TPC-C Load Generator ***
***************************************
option h with value '192.168.122.83'
option P with value '3306'
option d with value 'benchmarker'
option u with value 'root'
option p with value '123456'
option w with value '11'
option c with value '1'
option r with value '22'
option l with value '60'
option i with value '10'
<Parameters>
     [server]: 192.168.122.83
     [port]: 3306
     [DBname]: benchmarker
       [user]: root
       [pass]: 123456
  [warehouse]: 11
 [connection]: 1
     [rampup]: 22 (sec.)
    [measure]: 60 (sec.)

RAMP-UP TIME.(22 sec.)

MEASURING START.

  10, trx: 658, 95%: 12.554, 99%: 18.805, max_rt: 28.045, 659|8.146, 65|22.184, 65|51.685, 66|62.212
  20, trx: 681, 95%: 11.438, 99%: 15.118, max_rt: 33.357, 676|6.816, 68|4.585, 68|44.720, 67|53.905
  30, trx: 674, 95%: 11.493, 99%: 17.702, max_rt: 31.592, 677|9.778, 69|7.370, 68|35.567, 68|45.290
  40, trx: 631, 95%: 11.959, 99%: 16.196, max_rt: 24.078, 631|13.602, 62|3.255, 63|47.332, 63|38.515
  50, trx: 642, 95%: 11.531, 99%: 14.809, max_rt: 23.922, 642|15.396, 64|6.060, 65|32.584, 65|60.783
  60, trx: 633, 95%: 12.038, 99%: 14.091, max_rt: 17.610, 632|5.750, 64|2.551, 62|36.321, 63|38.291

STOPPING THREADS.

<Raw Results>
  [0] sc:448 lt:3471  rt:0  fl:0 avg_rt: 11.0 (5)
  [1] sc:3885 lt:32  rt:0  fl:0 avg_rt: 2.8 (5)
  [2] sc:389 lt:3  rt:0  fl:0 avg_rt: 1.7 (5)
  [3] sc:391 lt:0  rt:0  fl:0 avg_rt: 28.1 (80)
  [4] sc:0 lt:392  rt:0  fl:0 avg_rt: 40.9 (20)
 in 60 sec.

<Raw Results2(sum ver.)>
  [0] sc:448  lt:3471  rt:0  fl:0 
  [1] sc:3885  lt:32  rt:0  fl:0 
  [2] sc:389  lt:3  rt:0  fl:0 
  [3] sc:391  lt:0  rt:0  fl:0 
  [4] sc:0  lt:392  rt:0  fl:0 

<Constraint Check> (all must be [OK])
 [transaction percentage]
        Payment: 43.47% (>=43.0%) [OK]
   Order-Status: 4.35% (>= 4.0%) [OK]
       Delivery: 4.34% (>= 4.0%) [OK]
    Stock-Level: 4.35% (>= 4.0%) [OK]
 [response time (at least 90% passed)]
      New-Order: 11.43%  [NG] *
        Payment: 99.18%  [OK]
   Order-Status: 99.23%  [OK]
       Delivery: 100.00%  [OK]
    Stock-Level: 0.00%  [NG] *

<TpmC>
                 3919.000 TpmC
