Initializing 100 connections...
Initializing 100 workers and preparing statements...
_elapsed___errors__ops/sec(inst)___ops/sec(cum)__p50(ms)__p95(ms)__p99(ms)_pMax(ms)
      1s        0            7.5           11.0     39.8     50.3     88.1     88.1 delivery
      1s        0           71.2          105.0     25.2     41.9     56.6     60.8 newOrder
      1s        0            6.8           10.0      3.8      4.2      4.2      4.2 orderStatus
      1s        0           73.9          109.0     10.5     27.3     39.8    142.6 payment
      1s        0            5.4            8.0     13.1     17.8     17.8     17.8 stockLevel
      2s        0           13.0           12.0     44.0     65.0    113.2    113.2 delivery
      2s        0          173.0          139.0     33.6    109.1    151.0    285.2 newOrder
      2s        0           20.0           15.0      3.8      6.8     10.0     10.0 orderStatus
      2s        0          164.0          136.5     16.3    117.4    302.0    402.7 payment
      2s        0           19.0           13.5     13.1     31.5     50.3     50.3 stockLevel
      3s        0           24.0           16.0     52.4    184.5    302.0    302.0 delivery
      3s        0          183.0          153.7     48.2    151.0    209.7    234.9 newOrder
      3s        0           16.0           15.3      3.5      5.2      6.8      6.8 orderStatus
      3s        0          180.0          151.0     25.2    209.7    260.0    352.3 payment
      3s        0           24.0           17.0     14.2    100.7    167.8    167.8 stockLevel
      4s        0           15.0           15.7     44.0    151.0    176.2    176.2 delivery
      4s        0          197.0          164.5     50.3    201.3    385.9    520.1 newOrder
      4s        0           22.0           17.0      3.8      7.3      8.9      8.9 orderStatus
      4s        0          211.0          166.0     28.3    402.7    604.0    872.4 payment
      4s        0           17.0           17.0     14.2     50.3     79.7     79.7 stockLevel
_elapsed___errors__ops/sec(inst)___ops/sec(cum)__p50(ms)__p95(ms)__p99(ms)_pMax(ms)
      5s        0           22.0           17.0     46.1    142.6    285.2    285.2 delivery
      5s        0          190.9          169.8     37.7    260.0    352.3   1208.0 newOrder
      5s        0           19.0           17.4      3.5      4.7     10.5     10.5 orderStatus
      5s        0          191.9          171.2     22.0    503.3    906.0   1140.9 payment
      5s        0           16.0           16.8     15.7    151.0    209.7    209.7 stockLevel
      6s        0           21.0           17.7     62.9    243.3    268.4    268.4 delivery
      6s        0          184.0          172.2     58.7    285.2    453.0    570.4 newOrder
      6s        0           16.0           17.2      5.0     10.5     13.6     13.6 orderStatus
      6s        0          166.0          170.3     48.2    738.2   1073.7   1208.0 payment
      6s        0           23.0           17.8     17.8    184.5    209.7    209.7 stockLevel
      7s        0           17.0           17.6     58.7    419.4    453.0    453.0 delivery
      7s        0          184.0          173.9     41.9    369.1    637.5    704.6 newOrder
      7s        0           16.0           17.0      3.8     10.5     12.1     12.1 orderStatus
      7s        0          175.0          171.0     23.1    318.8   1275.1   1879.0 payment
      7s        0           14.0           17.3     25.2     71.3    604.0    604.0 stockLevel
      8s        0           16.0           17.4     44.0     62.9    142.6    142.6 delivery
      8s        0          177.0          174.2     31.5    570.4    771.8   1409.3 newOrder
      8s        0           20.0           17.4      3.5      7.3      7.6      7.6 orderStatus
      8s        0          171.0          171.0     18.9    226.5   1342.2   3087.0 payment
      8s        0           15.0           17.0     13.6     56.6    469.8    469.8 stockLevel
_elapsed___errors__ops/sec(inst)___ops/sec(cum)__p50(ms)__p95(ms)__p99(ms)_pMax(ms)
      9s        0           19.0           17.6     41.9     88.1    121.6    121.6 delivery
      9s        0          169.0          173.7     33.6    302.0   1409.3   1677.7 newOrder
      9s        0           16.0           17.2      3.8      6.3      6.3      6.3 orderStatus
      9s        0          164.0          170.2     17.8    109.1   2550.1   3087.0 payment
      9s        0           19.0           17.2     12.6    184.5    486.5    486.5 stockLevel
     10s        0            8.0           16.6     39.8     65.0     65.0     65.0 delivery
     10s        0          122.0          168.5     33.6   1208.0   2281.7   2550.1 newOrder
     10s        0           11.0           16.6      3.8      9.4     50.3     50.3 orderStatus
     10s        0          115.0          164.7     16.8    159.4   3892.3   4026.5 payment
     10s        0           17.0           17.2     18.9    520.1    738.2    738.2 stockLevel
_elapsed___errors__ops/sec(inst)___ops/sec(cum)__p50(ms)__p95(ms)__p99(ms)_pMax(ms)
      1s        0           13.0           13.0     67.1    117.4    142.6    142.6 delivery
      1s        0          145.2          145.3     37.7    113.2    520.1    570.4 newOrder
      1s        0           19.0           19.0      4.5     54.5     56.6     56.6 orderStatus
      1s        0          157.2          157.3     26.2    151.0    260.0    385.9 payment
      1s        0           17.0           17.0     13.1    159.4    159.4    159.4 stockLevel
      2s        0           12.0           12.5     46.1     54.5     62.9     62.9 delivery
      2s        0          114.0          129.6     30.4    486.5   1677.7   1879.0 newOrder
      2s        0           15.0           17.0      3.8      6.3     16.3     16.3 orderStatus
      2s        0          103.0          130.1     15.7     88.1    285.2    335.5 payment
      2s        0            6.0           11.5     11.5     22.0     22.0     22.0 stockLevel
      3s        0           14.0           13.0     56.6    176.2    192.9    192.9 delivery
      3s        0          109.0          122.7     35.7    973.1   1946.2   2415.9 newOrder
      3s        0            9.0           14.3      4.5     11.5     11.5     11.5 orderStatus
      3s        0          119.0          126.4     19.9    125.8    260.0   2415.9 payment
      3s        0           13.0           12.0     14.7     71.3     96.5     96.5 stockLevel
      4s        0            0.0            9.8      0.0      0.0      0.0      0.0 delivery
      4s        0            2.0           92.5     19.9     19.9     19.9     19.9 newOrder
      4s        0            0.0           10.8      0.0      0.0      0.0      0.0 orderStatus
      4s        0            3.0           95.5      8.9     50.3     50.3     50.3 payment
      4s        0            0.0            9.0      0.0      0.0      0.0      0.0 stockLevel
_elapsed___errors__ops/sec(inst)___ops/sec(cum)__p50(ms)__p95(ms)__p99(ms)_pMax(ms)
      5s        0            0.0            7.8      0.0      0.0      0.0      0.0 delivery
      5s        0            0.0           74.0      0.0      0.0      0.0      0.0 newOrder
      5s        0            0.0            8.6      0.0      0.0      0.0      0.0 orderStatus
      5s        0            0.0           76.4      0.0      0.0      0.0      0.0 payment
      5s        0            0.0            7.2      0.0      0.0      0.0      0.0 stockLevel
      6s        0            0.0            6.5      0.0      0.0      0.0      0.0 delivery
      6s        0            1.0           61.9     29.4     29.4     29.4     29.4 newOrder
      6s        0            0.0            7.2      0.0      0.0      0.0      0.0 orderStatus
      6s        0            0.0           63.7      0.0      0.0      0.0      0.0 payment
      6s        0            0.0            6.0      0.0      0.0      0.0      0.0 stockLevel
      7s        0            5.0            6.3     67.1    130.0    130.0    130.0 delivery
      7s        0           52.0           60.4     83.9   4563.4   5100.3   5905.6 newOrder
      7s        0            5.0            6.9     46.1   3758.1   3758.1   3758.1 orderStatus
      7s        0           45.0           61.0     14.7     92.3    973.1    973.1 payment
      7s        0            4.0            5.7     22.0     54.5     54.5     54.5 stockLevel
      8s        0            4.0            6.0     48.2     79.7     79.7     79.7 delivery
      8s        0           31.0           56.8     25.2    243.3   1275.1   1275.1 newOrder
      8s        0            1.0            6.1      4.5      4.5      4.5      4.5 orderStatus
      8s        0           23.0           56.3     12.6    318.8   6442.5   6442.5 payment
      8s        0            2.0            5.3      9.4     21.0     21.0     21.0 stockLevel
_elapsed___errors__ops/sec(inst)___ops/sec(cum)__p50(ms)__p95(ms)__p99(ms)_pMax(ms)
      9s        0           16.0            7.1     62.9    130.0    159.4    159.4 delivery
      9s        0          135.9           65.6     37.7    486.5   1208.0   1610.6 newOrder
      9s        0           18.0            7.4      5.0    192.9    218.1    218.1 orderStatus
      9s        0          151.9           66.9     28.3   5637.1   7516.2   8053.1 payment
      9s        0           18.0            6.7     71.3    226.5    838.9    838.9 stockLevel
     10s        0           14.0            7.8     58.7    130.0    192.9    192.9 delivery
     10s        0          119.0           70.9     48.2    318.8    469.8    604.0 newOrder
     10s        0           11.0            7.8      4.7     71.3     92.3     92.3 orderStatus
     10s        0          117.0           71.9     19.9    436.2   1006.6   1040.2 payment
     10s        0           13.0            7.3     18.9    117.4    234.9    234.9 stockLevel
     11s        0            2.0            7.3     37.7     39.8     39.8     39.8 delivery
     11s        0           54.0           69.4     29.4   1409.3   1677.7   1677.7 newOrder
     11s        0            6.0            7.6      4.7    436.2    436.2    436.2 orderStatus
     11s        0           47.0           69.6     12.1   2147.5   7516.2   7516.2 payment
     11s        0            6.0            7.2     11.5     92.3     92.3     92.3 stockLevel
     12s        0            4.0            7.0     37.7     48.2     48.2     48.2 delivery
     12s        0           42.0           67.1     29.4   2013.3   2080.4   2080.4 newOrder
     12s        0            3.0            7.3      4.5      4.7      4.7      4.7 orderStatus
     12s        0           44.0           67.5     12.1   9126.8  10200.5  10200.5 payment
     12s        0            3.0            6.8     10.0    192.9    192.9    192.9 stockLevel
_elapsed___errors__ops/sec(inst)___ops/sec(cum)__p50(ms)__p95(ms)__p99(ms)_pMax(ms)
     13s        0            2.0            6.6     35.7     44.0     44.0     44.0 delivery
     13s        0           22.0           63.6    167.8   3758.1   4563.4   4563.4 newOrder
     13s        0            1.0            6.8      3.0      3.0      3.0      3.0 orderStatus
     13s        0           16.0           63.5     12.1    121.6   1208.0   1208.0 payment
     13s        0            3.0            6.5     46.1   1275.1   1275.1   1275.1 stockLevel
     14s        0            1.0            6.2     44.0     44.0     44.0     44.0 delivery
     14s        0            8.0           59.7    109.1   3087.0   3087.0   3087.0 newOrder
     14s        0            2.0            6.4      3.3      4.5      4.5      4.5 orderStatus
     14s        0           10.0           59.7     10.0   1140.9   1140.9   1140.9 payment
     14s        0            1.0            6.1   2550.1   2550.1   2550.1   2550.1 stockLevel
     15s        0            8.0            6.3     39.8    469.8    469.8    469.8 delivery
     15s        0           51.0           59.1     27.3   2550.1   3892.3   4563.4 newOrder
     15s        0            6.0            6.4      3.4   1040.2   1040.2   1040.2 orderStatus
     15s        0           41.0           58.5     10.5    939.5   1610.6   1610.6 payment
     15s        0            7.0            6.2     11.0    402.7    402.7    402.7 stockLevel
     16s        0            3.0            6.1     39.8     41.9     41.9     41.9 delivery
     16s        0           22.0           56.8     32.5    604.0    604.0    604.0 newOrder
     16s        0            3.0            6.2      5.5   1040.2   1040.2   1040.2 orderStatus
     16s        0           21.0           56.1     10.0    176.2    318.8    318.8 payment
     16s        0            1.0            5.9     11.5     11.5     11.5     11.5 stockLevel
_elapsed___errors__ops/sec(inst)___ops/sec(cum)__p50(ms)__p95(ms)__p99(ms)_pMax(ms)
     17s        0            2.0            5.9     33.6     48.2     48.2     48.2 delivery
     17s        0           13.0           54.2     24.1   5368.7   6174.0   6174.0 newOrder
     17s        0            1.0            5.9      4.5      4.5      4.5      4.5 orderStatus
     17s        0           13.0           53.6     17.8  16106.1  16643.0  16643.0 payment
     17s        0            1.0            5.6     12.6     12.6     12.6     12.6 stockLevel
     18s        0            3.0            5.7     37.7     39.8     39.8     39.8 delivery
     18s        0           46.0           53.7     27.3   2415.9   4563.4   4563.4 newOrder
     18s        0            4.0            5.8      3.9    738.2    738.2    738.2 orderStatus
     18s        0           45.0           53.1     14.7  16106.1  16643.0  16643.0 payment
     18s        0            4.0            5.5    243.3   2415.9   2415.9   2415.9 stockLevel
     19s        0            2.0            5.5     39.8     41.9     41.9     41.9 delivery
     19s        0           43.0           53.2     33.6   1476.4   1744.8   1744.8 newOrder
     19s        0            5.0            5.7      4.2      5.0      5.0      5.0 orderStatus
     19s        0           44.0           52.6     18.9  11274.3  18253.6  18253.6 payment
     19s        0            5.0            5.5     17.8    838.9    838.9    838.9 stockLevel
     20s        0           16.0            6.1     44.0    285.2    906.0    906.0 delivery
     20s        0          109.0           56.0     33.6    335.5   1140.9   1543.5 newOrder
     20s        0           12.0            6.1      5.5    973.1   1073.7   1073.7 orderStatus
     20s        0          121.0           56.1     16.8    671.1   8589.9  10737.4 payment
     20s        0           12.0            5.8     12.1    109.1    130.0    130.0 stockLevel
_elapsed___errors__ops/sec(inst)___ops/sec(cum)__p50(ms)__p95(ms)__p99(ms)_pMax(ms)
     21s        0            8.0            6.1     41.9    906.0    906.0    906.0 delivery
     21s        0           85.0           57.3     29.4   1040.2   1342.2   1342.2 newOrder
     21s        0           11.0            6.3      3.9    285.2    302.0    302.0 orderStatus
     21s        0           81.0           57.2     12.1  10200.5  13958.6  18253.6 payment
     21s        0            8.0            5.9     13.1    318.8    318.8    318.8 stockLevel
     22s        0           13.0            6.5     54.5    176.2    469.8    469.8 delivery
     22s        0          117.0           60.1     50.3    805.3   1140.9   1677.7 newOrder
     22s        0           10.0            6.5      5.0    130.0    130.0    130.0 orderStatus
     22s        0          112.0           59.7     17.8    352.3  10200.5  11811.2 payment
     22s        0           14.0            6.3     11.0    151.0    176.2    176.2 stockLevel
     23s        0            0.0            6.2      0.0      0.0      0.0      0.0 delivery
     23s        0            0.0           57.4      0.0      0.0      0.0      0.0 newOrder
     23s        0            0.0            6.2      0.0      0.0      0.0      0.0 orderStatus
     23s        0            0.0           57.1      0.0      0.0      0.0      0.0 payment
     23s        0            0.0            6.0      0.0      0.0      0.0      0.0 stockLevel
     24s        0            0.0            5.9      0.0      0.0      0.0      0.0 delivery
     24s        0            0.0           55.0      0.0      0.0      0.0      0.0 newOrder
     24s        0            0.0            5.9      0.0      0.0      0.0      0.0 orderStatus
     24s        0            0.0           54.8      0.0      0.0      0.0      0.0 payment
     24s        0            0.0            5.8      0.0      0.0      0.0      0.0 stockLevel
_elapsed___errors__ops/sec(inst)___ops/sec(cum)__p50(ms)__p95(ms)__p99(ms)_pMax(ms)
     25s        0           10.0            6.1     41.9    285.2    285.2    285.2 delivery
     25s        0          114.0           57.4     44.0   2952.8   3892.3   4160.7 newOrder
     25s        0            8.0            6.0      3.3    352.3    352.3    352.3 orderStatus
     25s        0          100.0           56.6     18.9   3087.0  10200.5  23622.3 payment
     25s        0           10.0            5.9     11.5     48.2     48.2     48.2 stockLevel
     26s        0           10.0            6.2     46.1    352.3    352.3    352.3 delivery
     26s        0          127.0           60.1     35.7    939.5   3758.1   4831.8 newOrder
     26s        0           13.0            6.3      3.9      6.8    369.1    369.1 orderStatus
     26s        0          128.0           59.3     14.2   8053.1  25769.8  25769.8 payment
     26s        0           11.0            6.1     10.5    151.0    151.0    151.0 stockLevel
     27s        0           17.0            6.6     58.7    285.2    469.8    469.8 delivery
     27s        0          168.0           64.1     39.8    402.7    604.0   1140.9 newOrder
     27s        0           18.0            6.7      3.9     83.9    285.2    285.2 orderStatus
     27s        0          162.0           63.1     19.9    906.0  10200.5  25769.8 payment
     27s        0           20.0            6.6     14.2    151.0    176.2    176.2 stockLevel
     28s        0            9.0            6.7     39.8    113.2    113.2    113.2 delivery
     28s        0          103.0           65.5     29.4   1208.0   1879.0   6174.0 newOrder
     28s        0           12.0            6.9      3.5     31.5    130.0    130.0 orderStatus
     28s        0           89.0           64.0     14.2    352.3  18253.6  19327.4 payment
     28s        0            7.0            6.6     16.3    159.4    159.4    159.4 stockLevel
_elapsed___errors__ops/sec(inst)___ops/sec(cum)__p50(ms)__p95(ms)__p99(ms)_pMax(ms)
     29s        0            9.0            6.8     41.9    209.7    209.7    209.7 delivery
     29s        0           54.0           65.1     26.2    771.8   1409.3   1476.4 newOrder
     29s        0            6.0            6.9      3.5    503.3    503.3    503.3 orderStatus
     29s        0           48.0           63.5     13.1    369.1  12884.9  12884.9 payment
     29s        0            4.0            6.6     14.2     75.5     75.5     75.5 stockLevel
     30s        0            2.0            6.6     39.8   1006.6   1006.6   1006.6 delivery
     30s        0           36.0           64.1     32.5   2281.7   2684.4   2684.4 newOrder
     30s        0            2.0            6.7      3.1      3.8      3.8      3.8 orderStatus
     30s        0           27.0           62.3     11.0   3623.9   4563.4   4563.4 payment
     30s        0            1.0            6.4     11.0     11.0     11.0     11.0 stockLevel
     31s        0            3.0            6.5     37.7     46.1     46.1     46.1 delivery
     31s        0           36.0           63.2     31.5   2415.9   2415.9   2415.9 newOrder
     31s        0            4.0            6.6      6.0     54.5     54.5     54.5 orderStatus
     31s        0           36.0           61.4     12.1    402.7   9126.8   9126.8 payment
     31s        0            4.0            6.3     11.5    469.8    469.8    469.8 stockLevel
     32s        0            7.0            6.5     41.9    302.0    302.0    302.0 delivery
     32s        0           75.0           63.6     33.6   2415.9   3623.9   4563.4 newOrder
     32s        0            6.0            6.6      3.8     19.9     19.9     19.9 orderStatus
     32s        0           72.0           61.8     28.3    285.2    570.4   5637.1 payment
     32s        0            8.0            6.3     23.1   1476.4   1476.4   1476.4 stockLevel
_elapsed___errors__ops/sec(inst)___ops/sec(cum)__p50(ms)__p95(ms)__p99(ms)_pMax(ms)
     33s        0           14.0            6.8     56.6    201.3    201.3    201.3 delivery
     33s        0          134.0           65.7     37.7   1006.6   2281.7   3758.1 newOrder
     33s        0           15.0            6.8      4.7    117.4    159.4    159.4 orderStatus
     33s        0          114.0           63.3     15.7   6442.5  23622.3  31138.5 payment
     33s        0           12.0            6.5     24.1     71.3    109.1    109.1 stockLevel
     34s        0            7.0            6.8     92.3    268.4    268.4    268.4 delivery
     34s        0           47.0           65.2     31.5    243.3    318.8    318.8 newOrder
     34s        0            2.0            6.7      3.8      3.8      3.8      3.8 orderStatus
     34s        0           55.0           63.1     18.9   7784.6  15032.4  31138.5 payment
     34s        0            4.0            6.4     12.6    604.0    604.0    604.0 stockLevel
     35s        0            4.0            6.7     44.0    704.6    704.6    704.6 delivery
     35s        0           33.0           64.2     31.5   1208.0   1409.3   1409.3 newOrder
     35s        0            4.0            6.6      4.1    130.0    130.0    130.0 orderStatus
     35s        0           31.0           62.2     10.5    704.6   9126.8   9126.8 payment
     35s        0            1.0            6.3     12.6     12.6     12.6     12.6 stockLevel
     36s        0            0.0            6.5      0.0      0.0      0.0      0.0 delivery
     36s        0            6.0           62.6   1677.7   4160.7   4160.7   4160.7 newOrder
     36s        0            1.0            6.5      5.0      5.0      5.0      5.0 orderStatus
     36s        0            2.0           60.5      9.4     11.0     11.0     11.0 payment
     36s        0            1.0            6.1     11.5     11.5     11.5     11.5 stockLevel
_elapsed___errors__ops/sec(inst)___ops/sec(cum)__p50(ms)__p95(ms)__p99(ms)_pMax(ms)
     37s        0            1.0            6.4     41.9     41.9     41.9     41.9 delivery
     37s        0           17.0           61.4     23.1   3489.7   4160.7   4160.7 newOrder
     37s        0            2.0            6.4      5.0    176.2    176.2    176.2 orderStatus
     37s        0           18.0           59.4     10.0   4026.5   4160.7   4160.7 payment
     37s        0            3.0            6.1   1208.0   2281.7   2281.7   2281.7 stockLevel
     38s        0           12.0            6.5     46.1    121.6    419.4    419.4 delivery
     38s        0          129.9           63.2     35.7    285.2   2952.8   4026.5 newOrder
     38s        0           18.0            6.7      3.9    167.8    176.2    176.2 orderStatus
     38s        0          163.9           62.1     25.2  11811.2  20401.1  27917.3 payment
     38s        0           18.0            6.4     16.3    302.0   1275.1   1275.1 stockLevel
     39s        0           11.0            6.6     48.2    104.9    176.2    176.2 delivery
     39s        0           90.0           63.9     29.4    419.4    704.6    738.2 newOrder
     39s        0            6.0            6.6      4.5    192.9    192.9    192.9 orderStatus
     39s        0           75.0           62.4     16.8   6710.9  18253.6  25769.8 payment
     39s        0            5.0            6.3     11.0     16.3     16.3     16.3 stockLevel
     40s        0            1.0            6.5     52.4     52.4     52.4     52.4 delivery
     40s        0           13.0           62.6    436.2   1409.3   2684.4   2684.4 newOrder
     40s        0            0.0            6.5      0.0      0.0      0.0      0.0 orderStatus
     40s        0           22.0           61.4     11.0    671.1   6174.0   6174.0 payment
     40s        0            2.0            6.2     13.1     13.1     13.1     13.1 stockLevel
_elapsed___errors__ops/sec(inst)___ops/sec(cum)__p50(ms)__p95(ms)__p99(ms)_pMax(ms)
     41s        0            3.0            6.4     48.2   1610.6   1610.6   1610.6 delivery
     41s        0           52.0           62.3     32.5   2281.7   2818.6   3087.0 newOrder
     41s        0            4.0            6.4      8.4    142.6    142.6    142.6 orderStatus
     41s        0           43.0           61.0     14.2  10200.5  40802.2  40802.2 payment
     41s        0            2.0            6.1     10.0     11.0     11.0     11.0 stockLevel
     42s        0            3.0            6.3     44.0    243.3    243.3    243.3 delivery
     42s        0           41.0           61.8     28.3   2147.5   3087.0   3087.0 newOrder
     42s        0            5.0            6.4      4.5    260.0    260.0    260.0 orderStatus
     42s        0           37.0           60.4      9.4    704.6    906.0    906.0 payment
     42s        0            8.0            6.2     11.5    402.7    402.7    402.7 stockLevel
     43s        0            9.0            6.4     54.5    335.5    335.5    335.5 delivery
     43s        0           99.0           62.7     58.7   1342.2   3221.2   3221.2 newOrder
     43s        0            9.0            6.4      7.3    570.4    570.4    570.4 orderStatus
     43s        0          112.0           61.6     22.0  15032.4  23622.3  28991.0 payment
     43s        0            8.0            6.2     22.0   1543.5   1543.5   1543.5 stockLevel
     44s        0           19.0            6.7     56.6    117.4    167.8    167.8 delivery
     44s        0          156.0           64.8     44.0    184.5    570.4   2013.3 newOrder
     44s        0           15.0            6.6      4.5     50.3    104.9    104.9 orderStatus
     44s        0          151.0           63.6     24.1    260.0   9126.8  16643.0 payment
     44s        0           14.0            6.4     15.7     62.9    352.3    352.3 stockLevel
_elapsed___errors__ops/sec(inst)___ops/sec(cum)__p50(ms)__p95(ms)__p99(ms)_pMax(ms)
     45s        0            8.0            6.7     39.8    134.2    134.2    134.2 delivery
     45s        0           92.0           65.4     28.3   1140.9   1476.4   3221.2 newOrder
     45s        0            7.0            6.6      5.0    209.7    209.7    209.7 orderStatus
     45s        0           96.0           64.4     12.6  10200.5  19327.4  25769.8 payment
     45s        0            7.0            6.4     14.7    872.4    872.4    872.4 stockLevel
     46s        0           10.0            6.8     44.0    201.3    201.3    201.3 delivery
     46s        0          100.0           66.2     29.4   1275.1   2281.7   2818.6 newOrder
     46s        0            8.0            6.7     65.0    192.9    192.9    192.9 orderStatus
     46s        0           85.0           64.8     12.6  11274.3  24696.1  26843.5 payment
     46s        0           13.0            6.5     13.1    268.4   1140.9   1140.9 stockLevel
     47s        0            1.0            6.6     41.9     41.9     41.9     41.9 delivery
     47s        0            7.0           64.9    184.5   1006.6   1006.6   1006.6 newOrder
     47s        0            3.0            6.6      4.5    192.9    192.9    192.9 orderStatus
     47s        0           15.0           63.7     12.1    285.2    385.9    385.9 payment
     47s        0            1.0            6.4     13.6     13.6     13.6     13.6 stockLevel
     48s        0            0.0            6.5      0.0      0.0      0.0      0.0 delivery
     48s        0            0.0           63.6      0.0      0.0      0.0      0.0 newOrder
     48s        0            0.0            6.5      0.0      0.0      0.0      0.0 orderStatus
     48s        0            0.0           62.4      0.0      0.0      0.0      0.0 payment
     48s        0            0.0            6.3      0.0      0.0      0.0      0.0 stockLevel
_elapsed___errors__ops/sec(inst)___ops/sec(cum)__p50(ms)__p95(ms)__p99(ms)_pMax(ms)
     49s        0           10.0            6.6     75.5   2147.5   2147.5   2147.5 delivery
     49s        0          124.0           64.8     39.8   2415.9   3489.7   4563.4 newOrder
     49s        0           13.0            6.6      4.5     88.1    251.7    251.7 orderStatus
     49s        0          133.0           63.9     24.1   4563.4  40802.2  40802.2 payment
     49s        0           15.0            6.5     27.3    109.1   2684.4   2684.4 stockLevel
     50s        0            5.0            6.5     83.9    218.1    218.1    218.1 delivery
     50s        0           37.0           64.2     26.2    209.7    285.2    285.2 newOrder
     50s        0            4.0            6.5      3.4      3.9      3.9      3.9 orderStatus
     50s        0           33.0           63.2     11.5    151.0    285.2    285.2 payment
     50s        0            2.0            6.4     13.1     75.5     75.5     75.5 stockLevel
     51s        0            0.0            6.4      0.0      0.0      0.0      0.0 delivery
     51s        0            0.0           63.0      0.0      0.0      0.0      0.0 newOrder
     51s        0            0.0            6.4      0.0      0.0      0.0      0.0 orderStatus
     51s        0            0.0           62.0      0.0      0.0      0.0      0.0 payment
     51s        0            0.0            6.3      0.0      0.0      0.0      0.0 stockLevel
     52s        0            0.0            6.3      0.0      0.0      0.0      0.0 delivery
     52s        0            0.0           61.8      0.0      0.0      0.0      0.0 newOrder
     52s        0            0.0            6.3      0.0      0.0      0.0      0.0 orderStatus
     52s        0            0.0           60.8      0.0      0.0      0.0      0.0 payment
     52s        0            0.0            6.1      0.0      0.0      0.0      0.0 stockLevel
_elapsed___errors__ops/sec(inst)___ops/sec(cum)__p50(ms)__p95(ms)__p99(ms)_pMax(ms)
     53s        0            6.0            6.3     41.9     50.3     50.3     50.3 delivery
     53s        0           55.0           61.6     54.5   3758.1   3892.3   3892.3 newOrder
     53s        0            6.0            6.3      4.7    142.6    142.6    142.6 orderStatus
     53s        0           60.0           60.8     19.9   9663.7  15032.4  21474.8 payment
     53s        0            5.0            6.1     24.1    159.4    159.4    159.4 stockLevel
     54s        0            9.0            6.3     60.8    176.2    176.2    176.2 delivery
     54s        0           84.0           62.1     30.4    113.2    130.0    142.6 newOrder
     54s        0            7.0            6.3      4.1      5.8      5.8      5.8 orderStatus
     54s        0           71.0           61.0     15.2    167.8    285.2   9663.7 payment
     54s        0            8.0            6.1     12.6    142.6    142.6    142.6 stockLevel
     55s        0            4.0            6.3     41.9     79.7     79.7     79.7 delivery
     55s        0           53.0           61.9     29.4   1811.9   1946.2   5637.1 newOrder
     55s        0            5.0            6.3     16.8    637.5    637.5    637.5 orderStatus
     55s        0           67.0           61.1     15.7  16643.0  17179.9  21474.8 payment
     55s        0            6.0            6.1     12.6     27.3     27.3     27.3 stockLevel
     56s        0           10.0            6.4     41.9    113.2    113.2    113.2 delivery
     56s        0           85.0           62.3     35.7   1342.2   2684.4   3087.0 newOrder
     56s        0            9.0            6.3      4.7    251.7    251.7    251.7 orderStatus
     56s        0           93.0           61.7     13.6  10200.5  18253.6  26843.5 payment
     56s        0           10.0            6.2     17.8    906.0    906.0    906.0 stockLevel
_elapsed___errors__ops/sec(inst)___ops/sec(cum)__p50(ms)__p95(ms)__p99(ms)_pMax(ms)
     57s        0           14.0            6.5     58.7    142.6    176.2    176.2 delivery
     57s        0          171.0           64.2     41.9    159.4    872.4   1476.4 newOrder
     57s        0           17.0            6.5      3.9     48.2    117.4    117.4 orderStatus
     57s        0          160.0           63.4     25.2   7784.6  24696.1  38654.7 payment
     57s        0           14.0            6.4     17.8    117.4    142.6    142.6 stockLevel
     58s        0            9.0            6.5     44.0     60.8     60.8     60.8 delivery
     58s        0           89.0           64.6     32.5   1342.2   1946.2   2013.3 newOrder
     58s        0            9.0            6.6      3.8     75.5     75.5     75.5 orderStatus
     58s        0           69.0           63.5     13.6  14495.5  31138.5  31138.5 payment
     58s        0            8.0            6.4     12.1    159.4    159.4    159.4 stockLevel
     59s        0           16.0            6.7     46.1    159.4    167.8    167.8 delivery
     59s        0          113.0           65.5     35.7    939.5   1610.6   1879.0 newOrder
     59s        0           11.0            6.6      3.7     71.3    109.1    109.1 orderStatus
     59s        0          113.0           64.3     15.2  12884.9  31138.5  49392.1 payment
     59s        0           14.0            6.5     19.9    100.7   1006.6   1006.6 stockLevel
    1m0s        0            8.0            6.7     41.9    117.4    117.4    117.4 delivery
    1m0s        0           88.0           65.8     39.8   1275.1   1543.5   2684.4 newOrder
    1m0s        0           11.0            6.7      5.0     88.1    117.4    117.4 orderStatus
    1m0s        0           93.0           64.8     13.1   1946.2  26843.5  34359.7 payment
    1m0s        0            7.0            6.5     13.1    385.9    385.9    385.9 stockLevel

_elapsed___errors_____ops(total)___ops/sec(cum)__avg(ms)__p50(ms)__p95(ms)__p99(ms)_pMax(ms)__total
   60.0s        0            403            6.7     94.8     48.2    268.4    906.0   2147.5  delivery
   60.0s        0           3950           65.8    229.3     35.7   1342.2   3623.9   6174.0  newOrder
   60.0s        0            402            6.7     51.6      4.5    192.9    973.1   3758.1  orderStatus
   60.0s        0           3889           64.8    848.1     17.8   5368.7  21474.8  49392.1  payment
   60.0s        0            391            6.5    107.4     15.2    419.4   1543.5   2684.4  stockLevel

_elapsed___errors_____ops(total)___ops/sec(cum)__avg(ms)__p50(ms)__p95(ms)__p99(ms)_pMax(ms)__result
   60.0s        0           9035          150.6    476.5     29.4   1610.6  12884.9  49392.1  
Audit check 9.2.1.7: SKIP: not enough delivery transactions to be statistically significant
Audit check 9.2.2.5.1: SKIP: not enough orders to be statistically significant
Audit check 9.2.2.5.2: SKIP: not enough orders to be statistically significant
Audit check 9.2.2.5.3: SKIP: not enough orders to be statistically significant
Audit check 9.2.2.5.4: SKIP: not enough payments to be statistically significant
Audit check 9.2.2.5.5: SKIP: not enough payments to be statistically significant
Audit check 9.2.2.5.6: SKIP: not enough order status transactions to be statistically significant

_elapsed_______tpmC____efc__avg(ms)__p50(ms)__p90(ms)__p95(ms)__p99(ms)_pMax(ms)
   60.0s     3950.0 3071.6%    229.3     35.7    469.8   1342.2   3623.9   6174.0
