Initializing 200 connections...
Initializing 100 workers and preparing statements...
_elapsed___errors__ops/sec(inst)___ops/sec(cum)__p50(ms)__p95(ms)__p99(ms)_pMax(ms)
      1s        0            7.5           12.0     44.0     54.5     75.5     75.5 delivery
      1s        0           68.8          110.0     26.2     44.0     54.5     60.8 newOrder
      1s        0            8.1           13.0      3.9      5.8      7.3      7.3 orderStatus
      1s        0           66.9          107.0     12.1     33.6     54.5     54.5 payment
      1s        0            6.3           10.0     12.1     41.9     41.9     41.9 stockLevel
      2s        0           17.0           14.5     46.1    109.1    121.6    121.6 delivery
      2s        0          174.0          142.0     31.5     96.5    121.6    159.4 newOrder
      2s        0           14.0           13.5      4.1      6.0     15.2     15.2 orderStatus
      2s        0          178.0          142.5     17.8     96.5    159.4    302.0 payment
      2s        0           21.0           15.5     15.7     32.5     33.6     33.6 stockLevel
      3s        0           19.0           16.0     46.1     56.6     75.5     75.5 delivery
      3s        0          199.0          161.0     48.2    130.0    209.7    243.3 newOrder
      3s        0           25.0           17.3      3.7      8.9     11.0     11.0 orderStatus
      3s        0          199.0          161.3     26.2    226.5    419.4    637.5 payment
      3s        0           13.0           14.7     14.7     41.9     71.3     71.3 stockLevel
      4s        0           22.0           17.5     44.0    176.2    201.3    201.3 delivery
      4s        0          188.0          167.7     58.7    209.7    302.0    469.8 newOrder
      4s        0           14.0           16.5      3.4      7.1     11.5     11.5 orderStatus
      4s        0          181.0          166.2     29.4    318.8    536.9    637.5 payment
      4s        0           22.0           16.5     15.2     71.3     88.1     88.1 stockLevel
_elapsed___errors__ops/sec(inst)___ops/sec(cum)__p50(ms)__p95(ms)__p99(ms)_pMax(ms)
      5s        0           15.0           17.0     50.3    192.9    302.0    302.0 delivery
      5s        0          184.9          171.2     52.4    302.0    520.1    604.0 newOrder
      5s        0           19.0           17.0      3.4      8.9     21.0     21.0 orderStatus
      5s        0          189.9          171.0     28.3    604.0    771.8    872.4 payment
      5s        0           18.0           16.8     23.1     67.1     71.3     71.3 stockLevel
      6s        0           20.0           17.5     48.2    167.8    209.7    209.7 delivery
      6s        0          158.0          169.0     41.9    251.7    805.3   1140.9 newOrder
      6s        0           14.0           16.5      3.8      5.5     88.1     88.1 orderStatus
      6s        0          173.0          171.3     30.4    436.2    838.9    939.5 payment
      6s        0           20.0           17.3     17.8     79.7    637.5    637.5 stockLevel
      7s        0           20.0           17.9     39.8    159.4    318.8    318.8 delivery
      7s        0          179.0          170.4     30.4    671.1   1543.5   1677.7 newOrder
      7s        0           16.0           16.4      4.5      9.4     16.8     16.8 orderStatus
      7s        0          163.0          170.1     15.7    352.3   1744.8   2818.6 payment
      7s        0           15.0           17.0     22.0    104.9    805.3    805.3 stockLevel
      8s        0           15.0           17.5     46.1     71.3     96.5     96.5 delivery
      8s        0          190.0          172.9     35.7    503.3   1040.2   1476.4 newOrder
      8s        0           17.0           16.5      3.8      5.8     10.0     10.0 orderStatus
      8s        0          197.0          173.5     17.8    159.4   1543.5   3489.7 payment
      8s        0           15.0           16.7     12.6    100.7    142.6    142.6 stockLevel
_elapsed___errors__ops/sec(inst)___ops/sec(cum)__p50(ms)__p95(ms)__p99(ms)_pMax(ms)
      9s        0           19.0           17.7     46.1     67.1    184.5    184.5 delivery
      9s        0          177.0          173.3     33.6    771.8   1879.0   2550.1 newOrder
      9s        0           19.0           16.8      3.9      6.3      8.9      8.9 orderStatus
      9s        0          162.0          172.2     14.7    302.0   2147.5   3355.4 payment
      9s        0           12.0           16.2     14.2     54.5     75.5     75.5 stockLevel
     10s        0           17.0           17.6     44.0     96.5    100.7    100.7 delivery
     10s        0          183.0          174.3     44.0   1006.6   2281.7   3623.9 newOrder
     10s        0           19.0           17.0      3.8      6.6     10.0     10.0 orderStatus
     10s        0          154.0          170.4     18.9    176.2    385.9   3758.1 payment
     10s        0           21.0           16.7     18.9    704.6   1040.2   1040.2 stockLevel
_elapsed___errors__ops/sec(inst)___ops/sec(cum)__p50(ms)__p95(ms)__p99(ms)_pMax(ms)
      1s        0           18.0           18.0     44.0     75.5    100.7    100.7 delivery
      1s        0          145.1          145.2     31.5     79.7    121.6    121.6 newOrder
      1s        0           20.0           20.0      3.8      7.1     11.0     11.0 orderStatus
      1s        0          147.1          147.2     17.8     88.1    201.3    226.5 payment
      1s        0           17.0           17.0     14.7     48.2     52.4     52.4 stockLevel
      2s        0            7.0           12.5     46.1     65.0     65.0     65.0 delivery
      2s        0           88.0          116.6     24.1   1342.2   1409.3   1543.5 newOrder
      2s        0            8.0           14.0      3.9      6.6      6.6      6.6 orderStatus
      2s        0           74.0          110.6     10.0     19.9     27.3     58.7 payment
      2s        0           13.0           15.0     13.6   1275.1   1275.1   1275.1 stockLevel
      3s        0            8.0           11.0     37.7     75.5     75.5     75.5 delivery
      3s        0           71.0          101.4     27.3   1476.4   2013.3   2013.3 newOrder
      3s        0            5.0           11.0      4.7      5.0      5.0      5.0 orderStatus
      3s        0           64.0           95.0     11.5     52.4     62.9    134.2 payment
      3s        0            5.0           11.7     11.5     35.7     35.7     35.7 stockLevel
      4s        0            6.0            9.8     39.8     71.3     71.3     71.3 delivery
      4s        0           34.0           84.5     25.2   1476.4   2415.9   2415.9 newOrder
      4s        0            4.0            9.3      3.7      4.7      4.7      4.7 orderStatus
      4s        0           34.0           79.8      9.4     15.2     19.9     19.9 payment
      4s        0            3.0            9.5     13.1     21.0     21.0     21.0 stockLevel
_elapsed___errors__ops/sec(inst)___ops/sec(cum)__p50(ms)__p95(ms)__p99(ms)_pMax(ms)
      5s        0            0.0            7.8      0.0      0.0      0.0      0.0 delivery
      5s        0            0.0           67.6      0.0      0.0      0.0      0.0 newOrder
      5s        0            0.0            7.4      0.0      0.0      0.0      0.0 orderStatus
      5s        0            0.0           63.8      0.0      0.0      0.0      0.0 payment
      5s        0            0.0            7.6      0.0      0.0      0.0      0.0 stockLevel
      6s        0            1.0            6.7     39.8     39.8     39.8     39.8 delivery
      6s        0           11.0           58.2     26.2   3892.3   5368.7   5368.7 newOrder
      6s        0            1.0            6.3      3.9      3.9      3.9      3.9 orderStatus
      6s        0            6.0           54.2     10.5     14.7     14.7     14.7 payment
      6s        0            2.0            6.7     14.2     17.8     17.8     17.8 stockLevel
      7s        0            0.0            5.7      0.0      0.0      0.0      0.0 delivery
      7s        0            0.0           49.9      0.0      0.0      0.0      0.0 newOrder
      7s        0            0.0            5.4      0.0      0.0      0.0      0.0 orderStatus
      7s        0            0.0           46.4      0.0      0.0      0.0      0.0 payment
      7s        0            0.0            5.7      0.0      0.0      0.0      0.0 stockLevel
      8s        0            6.0            5.8     39.8     58.7     58.7     58.7 delivery
      8s        0           36.0           48.1     26.2   5368.7   5905.6   5905.6 newOrder
      8s        0            2.0            5.0      4.1      6.3      6.3      6.3 orderStatus
      8s        0           32.0           44.6     12.1   4563.4   6979.3   6979.3 payment
      8s        0            2.0            5.3     10.0     18.9     18.9     18.9 stockLevel
_elapsed___errors__ops/sec(inst)___ops/sec(cum)__p50(ms)__p95(ms)__p99(ms)_pMax(ms)
      9s        0            9.0            6.1     62.9     79.7     79.7     79.7 delivery
      9s        0          100.0           53.9     30.4     65.0     83.9   5100.3 newOrder
      9s        0           10.0            5.6      3.7     16.3     16.3     16.3 orderStatus
      9s        0           89.0           49.6     14.7   5905.6   6442.5   6979.3 payment
      9s        0            7.0            5.4     13.1     50.3     50.3     50.3 stockLevel
     10s        0            0.0            5.5      0.0      0.0      0.0      0.0 delivery
     10s        0            0.0           48.5      0.0      0.0      0.0      0.0 newOrder
     10s        0            0.0            5.0      0.0      0.0      0.0      0.0 orderStatus
     10s        0            0.0           44.6      0.0      0.0      0.0      0.0 payment
     10s        0            0.0            4.9      0.0      0.0      0.0      0.0 stockLevel
     11s        0            3.0            5.3     41.9     60.8     60.8     60.8 delivery
     11s        0           45.0           48.2     26.2   2415.9   2818.6   2818.6 newOrder
     11s        0            7.0            5.2      4.1      5.8      5.8      5.8 orderStatus
     11s        0           43.0           44.5     11.5     41.9   9663.7   9663.7 payment
     11s        0            3.0            4.7     14.7     17.8     17.8     17.8 stockLevel
     12s        0            2.0            5.0     33.6     46.1     46.1     46.1 delivery
     12s        0           34.0           47.0     24.1   2684.4  10200.5  10200.5 newOrder
     12s        0            3.0            5.0      3.9      8.4      8.4      8.4 orderStatus
     12s        0           35.0           43.7      9.4     15.2     31.5     31.5 payment
     12s        0            6.0            4.8     10.0     12.6     12.6     12.6 stockLevel
_elapsed___errors__ops/sec(inst)___ops/sec(cum)__p50(ms)__p95(ms)__p99(ms)_pMax(ms)
     13s        0            0.0            4.6      0.0      0.0      0.0      0.0 delivery
     13s        0            8.0           44.0     25.2   4831.8   4831.8   4831.8 newOrder
     13s        0            1.0            4.7      3.7      3.7      3.7      3.7 orderStatus
     13s        0            8.0           40.9     10.0     12.1     12.1     12.1 payment
     13s        0            2.0            4.6      9.4   2013.3   2013.3   2013.3 stockLevel
     14s        0            0.0            4.3      0.0      0.0      0.0      0.0 delivery
     14s        0            3.0           41.1   2952.8   2952.8   2952.8   2952.8 newOrder
     14s        0            0.0            4.4      0.0      0.0      0.0      0.0 orderStatus
     14s        0            3.0           38.2     10.0     10.0     10.0     10.0 payment
     14s        0            0.0            4.3      0.0      0.0      0.0      0.0 stockLevel
     15s        0            3.0            4.2     56.6     58.7     58.7     58.7 delivery
     15s        0           34.0           40.6     24.1   5905.6   6442.5   6442.5 newOrder
     15s        0            0.0            4.1      0.0      0.0      0.0      0.0 orderStatus
     15s        0           43.0           38.5     10.5     25.2  15032.4  15032.4 payment
     15s        0            4.0            4.3     12.1     15.7     15.7     15.7 stockLevel
     16s        0            7.0            4.4     37.7     39.8     39.8     39.8 delivery
     16s        0           63.0           42.0     26.2    151.0   1140.9   1543.5 newOrder
     16s        0           11.0            4.5      3.5      4.7      6.8      6.8 orderStatus
     16s        0           61.0           39.9     10.0   7784.6  12348.0  13421.8 payment
     16s        0            7.0            4.4     12.6     17.8     17.8     17.8 stockLevel
_elapsed___errors__ops/sec(inst)___ops/sec(cum)__p50(ms)__p95(ms)__p99(ms)_pMax(ms)
     17s        0           14.0            4.9     50.3     65.0     83.9     83.9 delivery
     17s        0          123.0           46.8     29.4    805.3   3221.2   3221.2 newOrder
     17s        0           10.0            4.8      3.4      6.3      6.3      6.3 orderStatus
     17s        0          119.0           44.6     13.6     75.5  13958.6  15569.3 payment
     17s        0           16.0            5.1     14.2    369.1    486.5    486.5 stockLevel
     18s        0            7.0            5.1     41.9     54.5     54.5     54.5 delivery
     18s        0           98.0           49.6     25.2   1040.2   2550.1   2684.4 newOrder
     18s        0           11.0            5.2      3.8      5.8      7.1      7.1 orderStatus
     18s        0          104.0           47.9     10.0     23.1  14495.5  16643.0 payment
     18s        0            9.0            5.3     13.1   1275.1   1275.1   1275.1 stockLevel
     19s        0            5.0            5.1     41.9     48.2     48.2     48.2 delivery
     19s        0           35.0           48.8     23.1     41.9   2684.4   2684.4 newOrder
     19s        0            4.0            5.1      3.8     10.0     10.0     10.0 orderStatus
     19s        0           36.0           47.3     10.5     23.1  15032.4  15032.4 payment
     19s        0            4.0            5.3     11.5     15.2     15.2     15.2 stockLevel
     20s        0            2.0            4.9     30.4     44.0     44.0     44.0 delivery
     20s        0           16.0           47.2     24.1   2281.7   3489.7   3489.7 newOrder
     20s        0            3.0            5.0      3.5      4.1      4.1      4.1 orderStatus
     20s        0           18.0           45.8     11.0  17179.9  19327.4  19327.4 payment
     20s        0            2.0            5.1     14.2     14.7     14.7     14.7 stockLevel
_elapsed___errors__ops/sec(inst)___ops/sec(cum)__p50(ms)__p95(ms)__p99(ms)_pMax(ms)
     21s        0            4.0            4.9     39.8     41.9     41.9     41.9 delivery
     21s        0           60.0           47.8     23.1   3355.4   3892.3   3892.3 newOrder
     21s        0            7.0            5.1      3.9      5.0      5.0      5.0 orderStatus
     21s        0           53.0           46.1     10.0   2952.8  19327.4  20401.1 payment
     21s        0            4.0            5.0     12.1     14.7     14.7     14.7 stockLevel
     22s        0           16.0            5.4     52.4    167.8    234.9    234.9 delivery
     22s        0          141.0           52.0     33.6    838.9   2818.6   4831.8 newOrder
     22s        0           10.0            5.3      3.8      9.4      9.4      9.4 orderStatus
     22s        0          135.0           50.2     18.9   3489.7  20401.1  20401.1 payment
     22s        0           13.0            5.4     17.8     52.4    104.9    104.9 stockLevel
     23s        0            7.0            5.4     48.2    243.3    243.3    243.3 delivery
     23s        0           49.0           51.9     26.2     75.5   3087.0   3087.0 newOrder
     23s        0            4.0            5.3      3.4      5.5      5.5      5.5 orderStatus
     23s        0           44.0           49.9     11.5     39.8     75.5     75.5 payment
     23s        0            5.0            5.4     12.1     22.0     22.0     22.0 stockLevel
     24s        0            0.0            5.2      0.0      0.0      0.0      0.0 delivery
     24s        0            0.0           49.8      0.0      0.0      0.0      0.0 newOrder
     24s        0            0.0            5.0      0.0      0.0      0.0      0.0 orderStatus
     24s        0            0.0           47.8      0.0      0.0      0.0      0.0 payment
     24s        0            0.0            5.2      0.0      0.0      0.0      0.0 stockLevel
_elapsed___errors__ops/sec(inst)___ops/sec(cum)__p50(ms)__p95(ms)__p99(ms)_pMax(ms)
     25s        0            0.0            5.0      0.0      0.0      0.0      0.0 delivery
     25s        0            1.0           47.8   3355.4   3355.4   3355.4   3355.4 newOrder
     25s        0            1.0            4.9      4.7      4.7      4.7      4.7 orderStatus
     25s        0            2.0           46.0     11.0     13.6     13.6     13.6 payment
     25s        0            0.0            5.0      0.0      0.0      0.0      0.0 stockLevel
     26s        0            0.0            4.8      0.0      0.0      0.0      0.0 delivery
     26s        0           27.0           47.0     31.5   3892.3   3892.3   3892.3 newOrder
     26s        0            4.0            4.8      3.7      4.5      4.5      4.5 orderStatus
     26s        0           28.0           45.3     10.5     41.9  23622.3  23622.3 payment
     26s        0            3.0            4.9     12.1     15.7     15.7     15.7 stockLevel
     27s        0            0.0            4.6      0.0      0.0      0.0      0.0 delivery
     27s        0           12.0           45.7     23.1     35.7   4563.4   4563.4 newOrder
     27s        0            1.0            4.7      4.7      4.7      4.7      4.7 orderStatus
     27s        0           16.0           44.2      9.4     15.7     19.9     19.9 payment
     27s        0            1.0            4.7   2013.3   2013.3   2013.3   2013.3 stockLevel
     28s        0            0.0            4.5      0.0      0.0      0.0      0.0 delivery
     28s        0            0.0           44.1      0.0      0.0      0.0      0.0 newOrder
     28s        0            0.0            4.5      0.0      0.0      0.0      0.0 orderStatus
     28s        0            0.0           42.6      0.0      0.0      0.0      0.0 payment
     28s        0            0.0            4.6      0.0      0.0      0.0      0.0 stockLevel
_elapsed___errors__ops/sec(inst)___ops/sec(cum)__p50(ms)__p95(ms)__p99(ms)_pMax(ms)
     29s        0            0.0            4.3      0.0      0.0      0.0      0.0 delivery
     29s        0            0.0           42.6      0.0      0.0      0.0      0.0 newOrder
     29s        0            0.0            4.4      0.0      0.0      0.0      0.0 orderStatus
     29s        0            0.0           41.2      0.0      0.0      0.0      0.0 payment
     29s        0            0.0            4.4      0.0      0.0      0.0      0.0 stockLevel
     30s        0            0.0            4.2      0.0      0.0      0.0      0.0 delivery
     30s        0            7.0           41.4     29.4   8053.1   8053.1   8053.1 newOrder
     30s        0            0.0            4.2      0.0      0.0      0.0      0.0 orderStatus
     30s        0            7.0           40.0     10.5     11.0     11.0     11.0 payment
     30s        0            1.0            4.3     12.6     12.6     12.6     12.6 stockLevel
     31s        0            0.0            4.0      0.0      0.0      0.0      0.0 delivery
     31s        0            6.0           40.2     23.1   5368.7   5368.7   5368.7 newOrder
     31s        0            2.0            4.2      3.3      4.5      4.5      4.5 orderStatus
     31s        0            7.0           39.0     10.0  22548.6  22548.6  22548.6 payment
     31s        0            0.0            4.2      0.0      0.0      0.0      0.0 stockLevel
     32s        0            2.0            4.0     44.0     44.0     44.0     44.0 delivery
     32s        0           31.0           39.9     29.4   5100.3   5368.7   5368.7 newOrder
     32s        0            3.0            4.1      5.0      7.6      7.6      7.6 orderStatus
     32s        0           28.0           38.6     10.0   5368.7  15569.3  15569.3 payment
     32s        0            6.0            4.2     12.1     15.2     15.2     15.2 stockLevel
_elapsed___errors__ops/sec(inst)___ops/sec(cum)__p50(ms)__p95(ms)__p99(ms)_pMax(ms)
     33s        0            0.0            3.8      0.0      0.0      0.0      0.0 delivery
     33s        0            0.0           38.7      0.0      0.0      0.0      0.0 newOrder
     33s        0            0.0            4.0      0.0      0.0      0.0      0.0 orderStatus
     33s        0            0.0           37.5      0.0      0.0      0.0      0.0 payment
     33s        0            0.0            4.1      0.0      0.0      0.0      0.0 stockLevel
     34s        0            0.0            3.7      0.0      0.0      0.0      0.0 delivery
     34s        0            0.0           37.6      0.0      0.0      0.0      0.0 newOrder
     34s        0            0.0            3.9      0.0      0.0      0.0      0.0 orderStatus
     34s        0            0.0           36.4      0.0      0.0      0.0      0.0 payment
     34s        0            0.0            4.0      0.0      0.0      0.0      0.0 stockLevel
     35s        0            0.0            3.6      0.0      0.0      0.0      0.0 delivery
     35s        0            0.0           36.5      0.0      0.0      0.0      0.0 newOrder
     35s        0            0.0            3.8      0.0      0.0      0.0      0.0 orderStatus
     35s        0            0.0           35.3      0.0      0.0      0.0      0.0 payment
     35s        0            0.0            3.9      0.0      0.0      0.0      0.0 stockLevel
     36s        0            0.0            3.5      0.0      0.0      0.0      0.0 delivery
     36s        0            0.0           35.5      0.0      0.0      0.0      0.0 newOrder
     36s        0            0.0            3.7      0.0      0.0      0.0      0.0 orderStatus
     36s        0            0.0           34.3      0.0      0.0      0.0      0.0 payment
     36s        0            0.0            3.8      0.0      0.0      0.0      0.0 stockLevel
_elapsed___errors__ops/sec(inst)___ops/sec(cum)__p50(ms)__p95(ms)__p99(ms)_pMax(ms)
     37s        0            0.0            3.4      0.0      0.0      0.0      0.0 delivery
     37s        0            3.0           34.6  11274.3  15032.4  15032.4  15032.4 newOrder
     37s        0            0.0            3.6      0.0      0.0      0.0      0.0 orderStatus
     37s        0            0.0           33.4      0.0      0.0      0.0      0.0 payment
     37s        0            0.0            3.6      0.0      0.0      0.0      0.0 stockLevel
     38s        0           12.0            3.7     41.9     50.3     56.6     56.6 delivery
     38s        0           86.0           36.0     27.3   6174.0   6442.5   7784.6 newOrder
     38s        0            7.0            3.7      5.0      8.9      8.9      8.9 orderStatus
     38s        0           93.0           35.0     12.1  21474.8  36507.2  38654.7 payment
     38s        0            9.0            3.8     12.1     16.3     16.3     16.3 stockLevel
     39s        0           12.0            3.9     39.8     65.0    104.9    104.9 delivery
     39s        0          111.0           37.9     27.3    318.8   7516.2   7516.2 newOrder
     39s        0           12.0            3.9      4.2      6.0      7.6      7.6 orderStatus
     39s        0          107.0           36.8     12.6     46.1  18253.6  31138.5 payment
     39s        0           12.0            4.0     14.7    570.4    704.6    704.6 stockLevel
     40s        0            1.0            3.8     44.0     44.0     44.0     44.0 delivery
     40s        0           25.0           37.6     25.2    251.7    369.1    369.1 newOrder
     40s        0            3.0            3.9      3.8      3.9      3.9      3.9 orderStatus
     40s        0           32.0           36.7     10.5    503.3    637.5    637.5 payment
     40s        0            1.0            3.9     16.8     16.8     16.8     16.8 stockLevel
_elapsed___errors__ops/sec(inst)___ops/sec(cum)__p50(ms)__p95(ms)__p99(ms)_pMax(ms)
     41s        0            2.0            3.8     39.8     46.1     46.1     46.1 delivery
     41s        0           27.0           37.3     24.1   3087.0   3355.4   3355.4 newOrder
     41s        0            3.0            3.8      6.0      8.4      8.4      8.4 orderStatus
     41s        0           26.0           36.4     10.0     14.7  22548.6  22548.6 payment
     41s        0            5.0            4.0     13.6     14.7     14.7     14.7 stockLevel
     42s        0            1.0            3.7     48.2     48.2     48.2     48.2 delivery
     42s        0           15.0           36.8     23.1   2550.1   3623.9   3623.9 newOrder
     42s        0            0.0            3.7      0.0      0.0      0.0      0.0 orderStatus
     42s        0            5.0           35.7     10.0     16.8     16.8     16.8 payment
     42s        0            2.0            3.9     12.6     13.1     13.1     13.1 stockLevel
     43s        0            7.0            3.8     60.8     79.7     79.7     79.7 delivery
     43s        0           79.0           37.8     26.2     50.3   2952.8   3221.2 newOrder
     43s        0            8.0            3.8      3.7      8.9      8.9      8.9 orderStatus
     43s        0           82.0           36.8     10.5  28991.0  36507.2  42949.7 payment
     43s        0           10.0            4.0     14.2     19.9     19.9     19.9 stockLevel
     44s        0            7.0            3.8     44.0     71.3     71.3     71.3 delivery
     44s        0           80.0           38.7     26.2    419.4   1208.0   2818.6 newOrder
     44s        0            9.0            4.0      3.8     16.3     16.3     16.3 orderStatus
     44s        0           86.0           37.9     11.0  26843.5  33286.0  45097.2 payment
     44s        0            7.0            4.1     15.7     26.2     26.2     26.2 stockLevel
_elapsed___errors__ops/sec(inst)___ops/sec(cum)__p50(ms)__p95(ms)__p99(ms)_pMax(ms)
     45s        0           14.0            4.1     44.0     67.1     79.7     79.7 delivery
     45s        0          128.9           40.7     27.3    570.4   1073.7   1610.6 newOrder
     45s        0           11.0            4.1      3.8      5.5      8.9      8.9 orderStatus
     45s        0          140.9           40.2     14.2  23622.3  30064.8  45097.2 payment
     45s        0            9.0            4.2     14.7     41.9     41.9     41.9 stockLevel
     46s        0            6.0            4.1     41.9     46.1     46.1     46.1 delivery
     46s        0           57.0           41.1     25.2     60.8    939.5   2281.7 newOrder
     46s        0            7.0            4.2      4.2      5.8      5.8      5.8 orderStatus
     46s        0           52.0           40.4     10.0     30.4  25769.8  45097.2 payment
     46s        0            4.0            4.2     12.1     37.7     37.7     37.7 stockLevel
     47s        0            0.0            4.0      0.0      0.0      0.0      0.0 delivery
     47s        0            2.0           40.3   1879.0   2415.9   2415.9   2415.9 newOrder
     47s        0            0.0            4.1      0.0      0.0      0.0      0.0 orderStatus
     47s        0            0.0           39.6      0.0      0.0      0.0      0.0 payment
     47s        0            0.0            4.1      0.0      0.0      0.0      0.0 stockLevel
     48s        0            3.0            4.0     41.9     67.1     67.1     67.1 delivery
     48s        0           27.0           40.0     26.2   2952.8   3087.0   3087.0 newOrder
     48s        0            3.0            4.1      5.2      5.8      5.8      5.8 orderStatus
     48s        0           23.0           39.2     10.0     17.8     19.9     19.9 payment
     48s        0            4.0            4.1     13.1   1946.2   1946.2   1946.2 stockLevel
_elapsed___errors__ops/sec(inst)___ops/sec(cum)__p50(ms)__p95(ms)__p99(ms)_pMax(ms)
     49s        0            4.0            4.0     41.9     58.7     58.7     58.7 delivery
     49s        0           84.0           40.9     26.2   3758.1   4026.5   5368.7 newOrder
     49s        0            9.0            4.2      4.1     11.0     11.0     11.0 orderStatus
     49s        0           90.0           40.3     13.1   4831.8  27917.3  34359.7 payment
     49s        0            7.0            4.2     12.6     16.3     16.3     16.3 stockLevel
     50s        0            6.0            4.0     39.8     50.3     50.3     50.3 delivery
     50s        0           61.0           41.3     24.1     54.5   1275.1   1409.3 newOrder
     50s        0            7.0            4.2      4.5      4.7      4.7      4.7 orderStatus
     50s        0           63.0           40.7     11.0  33286.0  38654.7  49392.1 payment
     50s        0            6.0            4.2     13.1   1040.2   1040.2   1040.2 stockLevel
     51s        0           16.0            4.3     44.0     52.4     67.1     67.1 delivery
     51s        0          140.0           43.2     29.4    369.1   1275.1   1409.3 newOrder
     51s        0           10.0            4.3      3.9     10.5     10.5     10.5 orderStatus
     51s        0          136.0           42.6     14.2   5637.1  30064.8  42949.7 payment
     51s        0           15.0            4.4     15.7     44.0     48.2     48.2 stockLevel
     52s        0            6.0            4.3     39.8     44.0     44.0     44.0 delivery
     52s        0           66.0           43.7     23.1     52.4     60.8    872.4 newOrder
     52s        0            5.0            4.3      4.2      5.0      5.0      5.0 orderStatus
     52s        0           63.0           43.0     10.0     29.4     67.1  36507.2 payment
     52s        0            7.0            4.5     14.2     26.2     26.2     26.2 stockLevel
_elapsed___errors__ops/sec(inst)___ops/sec(cum)__p50(ms)__p95(ms)__p99(ms)_pMax(ms)
     53s        0            0.0            4.2      0.0      0.0      0.0      0.0 delivery
     53s        0            0.0           42.8      0.0      0.0      0.0      0.0 newOrder
     53s        0            0.0            4.3      0.0      0.0      0.0      0.0 orderStatus
     53s        0            0.0           42.2      0.0      0.0      0.0      0.0 payment
     53s        0            0.0            4.4      0.0      0.0      0.0      0.0 stockLevel
     54s        0            9.0            4.3     44.0     71.3     71.3     71.3 delivery
     54s        0           83.0           43.6     32.5   3221.2   3623.9   6174.0 newOrder
     54s        0           11.0            4.4      3.9      7.1      7.1      7.1 orderStatus
     54s        0           96.0           43.2     15.7   8321.5  11274.3  36507.2 payment
     54s        0            9.0            4.5     14.2    104.9    104.9    104.9 stockLevel
     55s        0            8.0            4.4     41.9     71.3     71.3     71.3 delivery
     55s        0           75.0           44.1     24.1     44.0    184.5    402.7 newOrder
     55s        0            7.0            4.4      3.7      4.5      4.5      4.5 orderStatus
     55s        0           75.0           43.7     11.5  15569.3  33286.0  38654.7 payment
     55s        0            8.0            4.5     12.1     13.6     13.6     13.6 stockLevel
     56s        0            1.0            4.3     46.1     46.1     46.1     46.1 delivery
     56s        0           26.0           43.8     27.3   2281.7   7247.8   7247.8 newOrder
     56s        0            2.0            4.4      5.0      5.8      5.8      5.8 orderStatus
     56s        0           17.0           43.3     11.5     41.9   4563.4   4563.4 payment
     56s        0            3.0            4.5   1140.9   1879.0   1879.0   1879.0 stockLevel
_elapsed___errors__ops/sec(inst)___ops/sec(cum)__p50(ms)__p95(ms)__p99(ms)_pMax(ms)
     57s        0            9.0            4.4     39.8     52.4     52.4     52.4 delivery
     57s        0           66.0           44.2     26.2   2013.3   2415.9   2684.4 newOrder
     57s        0            7.0            4.4      4.2      6.0      6.0      6.0 orderStatus
     57s        0           57.0           43.5     10.5     18.9     32.5  49392.1 payment
     57s        0            7.0            4.6     12.1     22.0     22.0     22.0 stockLevel
     58s        0            6.0            4.4     39.8     48.2     48.2     48.2 delivery
     58s        0           57.0           44.4     26.2     62.9   1409.3   3355.4 newOrder
     58s        0            7.0            4.5      4.5      5.5      5.5      5.5 orderStatus
     58s        0           56.0           43.7     10.0     26.2   3355.4   8589.9 payment
     58s        0            5.0            4.6     12.6   1275.1   1275.1   1275.1 stockLevel
     59s        0            3.0            4.4     54.5     83.9     83.9     83.9 delivery
     59s        0           32.0           44.2     31.5   4026.5   4563.4   4563.4 newOrder
     59s        0            3.0            4.5      4.5      4.5      4.5      4.5 orderStatus
     59s        0           28.0           43.5     10.0     23.1     28.3     28.3 payment
     59s        0            3.0            4.5     12.6     18.9     18.9     18.9 stockLevel
    1m0s        0            5.0            4.4     41.9     62.9     62.9     62.9 delivery
    1m0s        0           31.0           44.0     25.2     35.7   3087.0   3087.0 newOrder
    1m0s        0            2.0            4.4      3.1      5.5      5.5      5.5 orderStatus
    1m0s        0           34.0           43.3     10.5     18.9     35.7     35.7 payment
    1m0s        0            3.0            4.5     12.1     15.2     15.2     15.2 stockLevel

_elapsed___errors_____ops(total)___ops/sec(cum)__avg(ms)__p50(ms)__p95(ms)__p99(ms)_pMax(ms)__total
   60.0s        0            265            4.4     48.3     44.0     79.7    142.6    243.3  delivery
   60.0s        0           2640           44.0    244.9     27.3   1744.8   5100.3  15032.4  newOrder
   60.0s        0            265            4.4      4.5      3.9      7.6     11.0     16.3  orderStatus
   60.0s        0           2598           43.3    998.4     11.5   5368.7  28991.0  49392.1  payment
   60.0s        0            271            4.5     78.9     13.6    318.8   1879.0   2013.3  stockLevel

_elapsed___errors_____ops(total)___ops/sec(cum)__avg(ms)__p50(ms)__p95(ms)__p99(ms)_pMax(ms)__result
   60.0s        0           6039          100.7    542.4     21.0   1476.4  18253.6  49392.1  
Audit check 9.2.1.7: SKIP: not enough delivery transactions to be statistically significant
Audit check 9.2.2.5.1: SKIP: not enough orders to be statistically significant
Audit check 9.2.2.5.2: SKIP: not enough orders to be statistically significant
Audit check 9.2.2.5.3: SKIP: not enough orders to be statistically significant
Audit check 9.2.2.5.4: SKIP: not enough payments to be statistically significant
Audit check 9.2.2.5.5: SKIP: not enough payments to be statistically significant
Audit check 9.2.2.5.6: SKIP: not enough order status transactions to be statistically significant

_elapsed_______tpmC____efc__avg(ms)__p50(ms)__p90(ms)__p95(ms)__p99(ms)_pMax(ms)
   60.0s     2640.0 2052.9%    244.9     27.3     75.5   1744.8   5100.3  15032.4
