***************************************
*** ###easy### TPC-C Load Generator ***
***************************************
option h with value '192.168.122.79'
option P with value '3306'
option d with value 'benchmarker'
option u with value 'root'
option p with value '123456'
option w with value '11'
option c with value '64'
option r with value '22'
option l with value '60'
option i with value '10'
<Parameters>
     [server]: 192.168.122.79
     [port]: 3306
     [DBname]: benchmarker
       [user]: root
       [pass]: 123456
  [warehouse]: 11
 [connection]: 64
     [rampup]: 22 (sec.)
    [measure]: 60 (sec.)

RAMP-UP TIME.(22 sec.)

MEASURING START.

  10, trx: 795, 95%: 679.936, 99%: 882.469, max_rt: 1357.876, 795|1749.867, 80|264.795, 80|1606.478, 77|2110.125
  20, trx: 763, 95%: 677.296, 99%: 843.469, max_rt: 1129.809, 759|1293.575, 76|201.555, 77|1174.719, 79|1536.904
  30, trx: 777, 95%: 745.828, 99%: 1009.718, max_rt: 1302.963, 774|1520.128, 77|223.282, 75|1245.773, 78|1709.072
  40, trx: 783, 95%: 691.016, 99%: 822.279, max_rt: 1031.730, 779|1722.629, 79|171.342, 82|1411.842, 76|1799.127
  50, trx: 769, 95%: 715.861, 99%: 903.857, max_rt: 1191.507, 775|1760.479, 77|171.450, 74|1295.812, 76|1753.477
  60, trx: 745, 95%: 678.920, 99%: 968.857, max_rt: 1346.598, 743|1265.013, 74|148.316, 76|1289.480, 80|1646.322

STOPPING THREADS................................................................

<Raw Results>
  [0] sc:0 lt:4632  rt:0  fl:0 avg_rt: 532.3 (5)
  [1] sc:34 lt:4591  rt:0  fl:0 avg_rt: 326.6 (5)
  [2] sc:29 lt:434  rt:0  fl:0 avg_rt: 67.4 (5)
  [3] sc:0 lt:464  rt:0  fl:0 avg_rt: 1096.5 (80)
  [4] sc:0 lt:466  rt:0  fl:0 avg_rt: 1556.0 (20)
 in 60 sec.

<Raw Results2(sum ver.)>
  [0] sc:0  lt:4632  rt:0  fl:0 
  [1] sc:34  lt:4592  rt:0  fl:0 
  [2] sc:29  lt:434  rt:0  fl:0 
  [3] sc:0  lt:464  rt:0  fl:0 
  [4] sc:0  lt:466  rt:0  fl:0 

<Constraint Check> (all must be [OK])
 [transaction percentage]
        Payment: 43.43% (>=43.0%) [OK]
   Order-Status: 4.35% (>= 4.0%) [OK]
       Delivery: 4.36% (>= 4.0%) [OK]
    Stock-Level: 4.38% (>= 4.0%) [OK]
 [response time (at least 90% passed)]
      New-Order: 0.00%  [NG] *
        Payment: 0.74%  [NG] *
   Order-Status: 6.26%  [NG] *
       Delivery: 0.00%  [NG] *
    Stock-Level: 0.00%  [NG] *

<TpmC>
                 4632.000 TpmC
