***************************************
*** ###easy### TPC-C Load Generator ***
***************************************
option h with value '192.168.122.79'
option P with value '3306'
option d with value 'benchmarker'
option u with value 'root'
option p with value '123456'
option w with value '11'
option c with value '8'
option r with value '22'
option l with value '60'
option i with value '10'
<Parameters>
     [server]: 192.168.122.79
     [port]: 3306
     [DBname]: benchmarker
       [user]: root
       [pass]: 123456
  [warehouse]: 11
 [connection]: 8
     [rampup]: 22 (sec.)
    [measure]: 60 (sec.)

RAMP-UP TIME.(22 sec.)

MEASURING START.

  10, trx: 1000, 95%: 76.122, 99%: 94.120, max_rt: 115.972, 1000|72.516, 99|23.693, 100|190.018, 100|296.674
  20, trx: 957, 95%: 79.332, 99%: 94.543, max_rt: 133.246, 956|67.715, 96|27.348, 95|176.315, 95|301.738
  30, trx: 939, 95%: 81.206, 99%: 101.130, max_rt: 127.649, 943|63.287, 94|17.724, 95|187.127, 95|262.689
  40, trx: 932, 95%: 80.216, 99%: 93.083, max_rt: 155.135, 925|87.246, 93|25.117, 93|229.994, 92|336.866
  50, trx: 957, 95%: 77.943, 99%: 92.140, max_rt: 110.624, 959|65.281, 96|19.193, 95|176.214, 96|261.799
  60, trx: 928, 95%: 80.528, 99%: 105.964, max_rt: 135.222, 930|82.585, 92|18.863, 93|164.769, 93|273.235

STOPPING THREADS........

<Raw Results>
  [0] sc:0 lt:5713  rt:0  fl:0 avg_rt: 61.4 (5)
  [1] sc:550 lt:5163  rt:0  fl:0 avg_rt: 15.7 (5)
  [2] sc:324 lt:246  rt:0  fl:0 avg_rt: 7.5 (5)
  [3] sc:86 lt:485  rt:0  fl:0 avg_rt: 145.7 (80)
  [4] sc:0 lt:571  rt:0  fl:0 avg_rt: 224.8 (20)
 in 60 sec.

<Raw Results2(sum ver.)>
  [0] sc:0  lt:5713  rt:0  fl:0 
  [1] sc:550  lt:5163  rt:0  fl:0 
  [2] sc:324  lt:246  rt:0  fl:0 
  [3] sc:86  lt:485  rt:0  fl:0 
  [4] sc:0  lt:571  rt:0  fl:0 

<Constraint Check> (all must be [OK])
 [transaction percentage]
        Payment: 43.48% (>=43.0%) [OK]
   Order-Status: 4.34% (>= 4.0%) [OK]
       Delivery: 4.35% (>= 4.0%) [OK]
    Stock-Level: 4.35% (>= 4.0%) [OK]
 [response time (at least 90% passed)]
      New-Order: 0.00%  [NG] *
        Payment: 9.63%  [NG] *
   Order-Status: 56.84%  [NG] *
       Delivery: 15.06%  [NG] *
    Stock-Level: 0.00%  [NG] *

<TpmC>
                 5713.000 TpmC
