Initializing 200 connections...
Initializing 100 workers and preparing statements...
_elapsed___errors__ops/sec(inst)___ops/sec(cum)__p50(ms)__p95(ms)__p99(ms)_pMax(ms)
      1s        0           20.1           31.0     44.0     83.9     83.9     83.9 delivery
      1s        0          198.6          307.0     52.4    268.4    369.1    604.0 newOrder
      1s        0           21.3           33.0      4.7     11.0     21.0     21.0 orderStatus
      1s        0          167.5          259.0     35.7    352.3    503.3    738.2 payment
      1s        0           20.7           32.0     13.6     83.9    369.1    369.1 stockLevel
      2s        0           25.0           28.0     39.8     88.1     96.5     96.5 delivery
      2s        0          172.0          239.5     24.1   1040.2   1208.0   1476.4 newOrder
      2s        0           20.0           26.5      3.7      6.0      6.0      6.0 orderStatus
      2s        0          196.0          227.5      8.9   1006.6   1342.2   1409.3 payment
      2s        0           18.0           25.0     12.6    469.8    939.5    939.5 stockLevel
      3s        0           25.0           27.0     44.0     92.3    109.1    109.1 delivery
      3s        0          282.0          253.7     24.1    637.5   1543.5   2281.7 newOrder
      3s        0           29.0           27.3      3.9      5.0      6.8      6.8 orderStatus
      3s        0          260.0          238.3      8.9   1744.8   2415.9   2952.8 payment
      3s        0           24.0           24.7     11.0     29.4    243.3    243.3 stockLevel
      4s        0           17.0           24.5     35.7     50.3     79.7     79.7 delivery
      4s        0          194.0          238.7     22.0    671.1    906.0   1610.6 newOrder
      4s        0           16.0           24.5      3.8      5.0      5.2      5.2 orderStatus
      4s        0          192.0          226.7      8.4    142.6   1946.2   3221.2 payment
      4s        0           22.0           24.0     12.6    436.2    520.1    520.1 stockLevel
_elapsed___errors__ops/sec(inst)___ops/sec(cum)__p50(ms)__p95(ms)__p99(ms)_pMax(ms)
      5s        0            0.0           19.6      0.0      0.0      0.0      0.0 delivery
      5s        0            0.0          191.0      0.0      0.0      0.0      0.0 newOrder
      5s        0            0.0           19.6      0.0      0.0      0.0      0.0 orderStatus
      5s        0            0.0          181.4      0.0      0.0      0.0      0.0 payment
      5s        0            0.0           19.2      0.0      0.0      0.0      0.0 stockLevel
      6s        0           12.0           18.3     35.7     46.1     48.2     48.2 delivery
      6s        0          113.0          178.0     22.0   2147.5   2952.8   3623.9 newOrder
      6s        0            9.0           17.8      3.9      5.0      5.0      5.0 orderStatus
      6s        0          100.0          167.8      7.9     33.6   4831.8   5368.7 payment
      6s        0           13.0           18.2     10.5     14.2   1744.8   1744.8 stockLevel
      7s        0           15.0           17.9     37.7     54.5     65.0     65.0 delivery
      7s        0          138.0          172.3     21.0     54.5   3221.2   3489.7 newOrder
      7s        0           14.0           17.3      3.7      6.0      6.6      6.6 orderStatus
      7s        0          140.0          163.9      7.9     37.7   6442.5   6710.9 payment
      7s        0           20.0           18.4     10.5     16.3    973.1    973.1 stockLevel
      8s        0            0.0           15.6      0.0      0.0      0.0      0.0 delivery
      8s        0           12.0          152.2     23.1     28.3     31.5     31.5 newOrder
      8s        0            1.0           15.2      4.1      4.1      4.1      4.1 orderStatus
      8s        0           12.0          144.9      8.4     10.0     10.5     10.5 payment
      8s        0            0.0           16.1      0.0      0.0      0.0      0.0 stockLevel
_elapsed___errors__ops/sec(inst)___ops/sec(cum)__p50(ms)__p95(ms)__p99(ms)_pMax(ms)
      9s        0            1.0           14.0     41.9     41.9     41.9     41.9 delivery
      9s        0           17.0          137.2     23.1   1610.6   1744.8   1744.8 newOrder
      9s        0            0.0           13.6      0.0      0.0      0.0      0.0 orderStatus
      9s        0           11.0          130.0      9.4     10.5     10.5     10.5 payment
      9s        0            1.0           14.4     10.5     10.5     10.5     10.5 stockLevel
     10s        0            2.0           12.8     33.6     35.7     35.7     35.7 delivery
     10s        0           30.0          126.5     25.2   6174.0   6710.9   6710.9 newOrder
     10s        0            4.0           12.6      3.9      7.3      7.3      7.3 orderStatus
     10s        0           19.0          118.9      8.1     10.0     10.0     10.0 payment
     10s        0            2.0           13.2      9.4   2684.4   2684.4   2684.4 stockLevel
     11s        0            7.0           12.3     37.7     88.1     88.1     88.1 delivery
     11s        0           64.0          120.8     22.0     52.4    226.5   3758.1 newOrder
     11s        0            6.0           12.0      3.5      6.3      6.3      6.3 orderStatus
     11s        0           63.0          113.8      8.9   7784.6   9126.8  10737.4 payment
     11s        0            4.0           12.4     12.6     15.7     15.7     15.7 stockLevel
     12s        0            0.0           11.2      0.0      0.0      0.0      0.0 delivery
     12s        0            0.0          110.7      0.0      0.0      0.0      0.0 newOrder
     12s        0            0.0           11.0      0.0      0.0      0.0      0.0 orderStatus
     12s        0            0.0          104.3      0.0      0.0      0.0      0.0 payment
     12s        0            0.0           11.3      0.0      0.0      0.0      0.0 stockLevel
_elapsed___errors__ops/sec(inst)___ops/sec(cum)__p50(ms)__p95(ms)__p99(ms)_pMax(ms)
     13s        0            0.0           10.4      0.0      0.0      0.0      0.0 delivery
     13s        0            0.0          102.2      0.0      0.0      0.0      0.0 newOrder
     13s        0            0.0           10.2      0.0      0.0      0.0      0.0 orderStatus
     13s        0            0.0           96.3      0.0      0.0      0.0      0.0 payment
     13s        0            0.0           10.5      0.0      0.0      0.0      0.0 stockLevel
     14s        0            1.0            9.7     46.1     46.1     46.1     46.1 delivery
     14s        0            3.0           95.1     31.5   3758.1   3758.1   3758.1 newOrder
     14s        0            0.0            9.4      0.0      0.0      0.0      0.0 orderStatus
     14s        0            7.0           89.9     10.0     11.0     11.0     11.0 payment
     14s        0            0.0            9.7      0.0      0.0      0.0      0.0 stockLevel
     15s        0            0.0            9.1      0.0      0.0      0.0      0.0 delivery
     15s        0            0.0           88.8      0.0      0.0      0.0      0.0 newOrder
     15s        0            0.0            8.8      0.0      0.0      0.0      0.0 orderStatus
     15s        0            0.0           83.9      0.0      0.0      0.0      0.0 payment
     15s        0            0.0            9.1      0.0      0.0      0.0      0.0 stockLevel
     16s        0            5.0            8.8     46.1     67.1     67.1     67.1 delivery
     16s        0           51.0           86.4     24.1   5637.1   5637.1   5637.1 newOrder
     16s        0            6.0            8.6      3.9      5.5      5.5      5.5 orderStatus
     16s        0           43.0           81.4      9.4  12884.9  13421.8  13421.8 payment
     16s        0            5.0            8.8     21.0     26.2     26.2     26.2 stockLevel
_elapsed___errors__ops/sec(inst)___ops/sec(cum)__p50(ms)__p95(ms)__p99(ms)_pMax(ms)
     17s        0           21.0            9.5     39.8     79.7     79.7     79.7 delivery
     17s        0          199.0           93.1     23.1     48.2    604.0    671.1 newOrder
     17s        0           17.0            9.1      3.8      4.7      4.7      4.7 orderStatus
     17s        0          224.0           89.8      8.9  12884.9  16106.1  16643.0 payment
     17s        0           16.0            9.2     10.5     28.3    536.9    536.9 stockLevel
     18s        0            9.0            9.5     37.7     41.9     41.9     41.9 delivery
     18s        0          148.0           96.1     22.0    704.6   1476.4   1543.5 newOrder
     18s        0           18.0            9.6      3.8      5.0      5.8      5.8 orderStatus
     18s        0          119.0           91.4      8.1  12884.9  15569.3  17179.9 payment
     18s        0           16.0            9.6     10.5     33.6    285.2    285.2 stockLevel
     19s        0            9.0            9.5     37.7     46.1     46.1     46.1 delivery
     19s        0           62.0           94.3     22.0    369.1   1140.9   1208.0 newOrder
     19s        0            7.0            9.5      3.8      5.0      5.0      5.0 orderStatus
     19s        0           71.0           90.3      8.4     27.3     44.0   1275.1 payment
     19s        0            4.0            9.3     12.6     14.2     14.2     14.2 stockLevel
     20s        0            4.0            9.2     39.8     41.9     41.9     41.9 delivery
     20s        0           33.0           91.2     23.1     35.7   2818.6   2818.6 newOrder
     20s        0            3.0            9.1      5.0      5.8      5.8      5.8 orderStatus
     20s        0           23.0           86.9      9.4     10.5     11.5     11.5 payment
     20s        0            2.0            8.9      8.9     13.6     13.6     13.6 stockLevel
_elapsed___errors__ops/sec(inst)___ops/sec(cum)__p50(ms)__p95(ms)__p99(ms)_pMax(ms)
     21s        0            2.0            8.9     44.0     50.3     50.3     50.3 delivery
     21s        0           17.0           87.7     25.2     31.5   3087.0   3087.0 newOrder
     21s        0            2.0            8.8      4.5      4.7      4.7      4.7 orderStatus
     21s        0           14.0           83.5     10.0     12.1     12.1     12.1 payment
     21s        0            2.0            8.6     10.0     11.0     11.0     11.0 stockLevel
     22s        0            5.0            8.7     35.7     44.0     44.0     44.0 delivery
     22s        0           66.0           86.7     22.0   3087.0   3221.2   3892.3 newOrder
     22s        0            8.0            8.8      3.9      4.7      4.7      4.7 orderStatus
     22s        0           85.0           83.5      8.4  14495.5  21474.8  21474.8 payment
     22s        0            8.0            8.6     10.5     16.8     16.8     16.8 stockLevel
     23s        0            4.0            8.5     39.8     41.9     41.9     41.9 delivery
     23s        0           32.0           84.3     22.0   1140.9   1543.5   1543.5 newOrder
     23s        0            4.0            8.6      4.1      4.5      4.5      4.5 orderStatus
     23s        0           41.0           81.7      9.4  12884.9  19327.4  19327.4 payment
     23s        0            2.0            8.3      8.1    973.1    973.1    973.1 stockLevel
     24s        0            8.0            8.5     37.7     79.7     79.7     79.7 delivery
     24s        0          108.0           85.3     23.1   1409.3   4563.4   5637.1 newOrder
     24s        0           14.0            8.8      3.9      7.6     14.2     14.2 orderStatus
     24s        0          102.0           82.5      8.9   7784.6  21474.8  23622.3 payment
     24s        0           12.0            8.5     12.6     21.0     22.0     22.0 stockLevel
_elapsed___errors__ops/sec(inst)___ops/sec(cum)__p50(ms)__p95(ms)__p99(ms)_pMax(ms)
     25s        0           14.0            8.7     37.7     71.3     71.3     71.3 delivery
     25s        0           92.0           85.6     23.1    503.3    939.5   3087.0 newOrder
     25s        0            9.0            8.8      4.1      5.8      5.8      5.8 orderStatus
     25s        0           90.0           82.8      8.4   2952.8  18253.6  23622.3 payment
     25s        0           10.0            8.5     10.0     13.1     13.1     13.1 stockLevel
     26s        0            4.0            8.5     39.8    113.2    113.2    113.2 delivery
     26s        0           31.0           83.5     23.1   1610.6   4563.4   4563.4 newOrder
     26s        0            1.0            8.5      4.5      4.5      4.5      4.5 orderStatus
     26s        0           30.0           80.8      8.9     12.6   9663.7   9663.7 payment
     26s        0            2.0            8.3      8.4     14.2     14.2     14.2 stockLevel
     27s        0            5.0            8.4     41.9     50.3     50.3     50.3 delivery
     27s        0           78.0           83.3     23.1   1073.7   1946.2   2550.1 newOrder
     27s        0            6.0            8.4      3.8      5.0      5.0      5.0 orderStatus
     27s        0           81.0           80.8      8.4   6174.0  25769.8  25769.8 payment
     27s        0            8.0            8.3     11.0    838.9    838.9    838.9 stockLevel
     28s        0            0.0            8.1      0.0      0.0      0.0      0.0 delivery
     28s        0            0.0           80.3      0.0      0.0      0.0      0.0 newOrder
     28s        0            0.0            8.1      0.0      0.0      0.0      0.0 orderStatus
     28s        0            0.0           77.9      0.0      0.0      0.0      0.0 payment
     28s        0            0.0            8.0      0.0      0.0      0.0      0.0 stockLevel
_elapsed___errors__ops/sec(inst)___ops/sec(cum)__p50(ms)__p95(ms)__p99(ms)_pMax(ms)
     29s        0            7.0            8.0     35.7     39.8     39.8     39.8 delivery
     29s        0           76.0           80.2     23.1   1946.2   2952.8   3087.0 newOrder
     29s        0            6.0            8.0      4.1      6.0      6.0      6.0 orderStatus
     29s        0           73.0           77.8      8.1  12884.9  26843.5  28991.0 payment
     29s        0            8.0            8.0     10.0     29.4     29.4     29.4 stockLevel
     30s        0            6.0            8.0     35.7     48.2     48.2     48.2 delivery
     30s        0           46.9           79.1     21.0    637.5   1140.9   1140.9 newOrder
     30s        0            7.0            8.0      5.0      5.8      5.8      5.8 orderStatus
     30s        0           50.9           76.9      8.9     19.9  21474.8  26843.5 payment
     30s        0            5.0            7.9     10.5     14.7     14.7     14.7 stockLevel
     31s        0            0.0            7.7      0.0      0.0      0.0      0.0 delivery
     31s        0            0.0           76.5      0.0      0.0      0.0      0.0 newOrder
     31s        0            0.0            7.7      0.0      0.0      0.0      0.0 orderStatus
     31s        0            0.0           74.4      0.0      0.0      0.0      0.0 payment
     31s        0            0.0            7.6      0.0      0.0      0.0      0.0 stockLevel
     32s        0            0.0            7.5      0.0      0.0      0.0      0.0 delivery
     32s        0            0.0           74.1      0.0      0.0      0.0      0.0 newOrder
     32s        0            0.0            7.5      0.0      0.0      0.0      0.0 orderStatus
     32s        0            0.0           72.1      0.0      0.0      0.0      0.0 payment
     32s        0            0.0            7.4      0.0      0.0      0.0      0.0 stockLevel
_elapsed___errors__ops/sec(inst)___ops/sec(cum)__p50(ms)__p95(ms)__p99(ms)_pMax(ms)
     33s        0            1.0            7.3     41.9     41.9     41.9     41.9 delivery
     33s        0           11.0           72.2     24.1   4563.4   6442.5   6442.5 newOrder
     33s        0            1.0            7.3      4.5      4.5      4.5      4.5 orderStatus
     33s        0           17.0           70.4      8.4     18.9  30064.8  30064.8 payment
     33s        0            2.0            7.2      9.4     10.0     10.0     10.0 stockLevel
     34s        0            2.0            7.1     37.7     39.8     39.8     39.8 delivery
     34s        0           24.0           70.8     23.1   6979.3   6979.3   6979.3 newOrder
     34s        0            2.0            7.1      4.7      5.2      5.2      5.2 orderStatus
     34s        0           25.0           69.1      8.4     11.0     11.5     11.5 payment
     34s        0            2.0            7.1      9.4     10.5     10.5     10.5 stockLevel
     35s        0            0.0            6.9      0.0      0.0      0.0      0.0 delivery
     35s        0            0.0           68.8      0.0      0.0      0.0      0.0 newOrder
     35s        0            0.0            6.9      0.0      0.0      0.0      0.0 orderStatus
     35s        0            0.0           67.1      0.0      0.0      0.0      0.0 payment
     35s        0            0.0            6.9      0.0      0.0      0.0      0.0 stockLevel
     36s        0            0.0            6.7      0.0      0.0      0.0      0.0 delivery
     36s        0            0.0           66.9      0.0      0.0      0.0      0.0 newOrder
     36s        0            0.0            6.7      0.0      0.0      0.0      0.0 orderStatus
     36s        0            0.0           65.2      0.0      0.0      0.0      0.0 payment
     36s        0            0.0            6.7      0.0      0.0      0.0      0.0 stockLevel
_elapsed___errors__ops/sec(inst)___ops/sec(cum)__p50(ms)__p95(ms)__p99(ms)_pMax(ms)
     37s        0            0.0            6.5      0.0      0.0      0.0      0.0 delivery
     37s        0            0.0           65.1      0.0      0.0      0.0      0.0 newOrder
     37s        0            0.0            6.6      0.0      0.0      0.0      0.0 orderStatus
     37s        0            0.0           63.5      0.0      0.0      0.0      0.0 payment
     37s        0            0.0            6.5      0.0      0.0      0.0      0.0 stockLevel
     38s        0            1.0            6.4     35.7     35.7     35.7     35.7 delivery
     38s        0           25.0           64.0     22.0   4831.8   8589.9   8589.9 newOrder
     38s        0            0.0            6.4      0.0      0.0      0.0      0.0 orderStatus
     38s        0           23.0           62.4      8.4  15032.4  21474.8  21474.8 payment
     38s        0            1.0            6.3     11.5     11.5     11.5     11.5 stockLevel
     39s        0            7.0            6.4     33.6     48.2     48.2     48.2 delivery
     39s        0           45.0           63.5     22.0   5368.7   9126.8   9126.8 newOrder
     39s        0            3.0            6.3      4.1      6.0      6.0      6.0 orderStatus
     39s        0           44.0           61.9      8.1  22548.6  33286.0  33286.0 payment
     39s        0            5.0            6.3     12.1     16.8     16.8     16.8 stockLevel
     40s        0            9.0            6.5     37.7     44.0     44.0     44.0 delivery
     40s        0          119.0           64.9     22.0    218.1   1610.6   6442.5 newOrder
     40s        0           14.0            6.5      3.7      4.5      4.5      4.5 orderStatus
     40s        0          120.0           63.4      8.4  16106.1  36507.2  38654.7 payment
     40s        0           14.0            6.5     10.5     17.8    604.0    604.0 stockLevel
_elapsed___errors__ops/sec(inst)___ops/sec(cum)__p50(ms)__p95(ms)__p99(ms)_pMax(ms)
     41s        0           12.0            6.6     33.6     44.0     44.0     44.0 delivery
     41s        0          146.0           66.9     22.0    771.8   1073.7   1543.5 newOrder
     41s        0           15.0            6.7      3.8      4.5      5.0      5.0 orderStatus
     41s        0          154.0           65.6      7.9  16106.1  38654.7  40802.2 payment
     41s        0           14.0            6.7     10.0     11.0     14.2     14.2 stockLevel
     42s        0            3.0            6.5     46.1     50.3     50.3     50.3 delivery
     42s        0           12.0           65.6     26.2     32.5   1610.6   1610.6 newOrder
     42s        0            1.0            6.6      6.6      6.6      6.6      6.6 orderStatus
     42s        0           10.0           64.3      9.4  38654.7  38654.7  38654.7 payment
     42s        0            1.0            6.5     13.1     13.1     13.1     13.1 stockLevel
     43s        0            1.0            6.4     46.1     46.1     46.1     46.1 delivery
     43s        0           15.0           64.4     26.2   2550.1   3221.2   3221.2 newOrder
     43s        0            1.0            6.4      4.5      4.5      4.5      4.5 orderStatus
     43s        0            6.0           62.9      9.4     10.5     10.5     10.5 payment
     43s        0            0.0            6.4      0.0      0.0      0.0      0.0 stockLevel
     44s        0           15.0            6.6     35.7     41.9     52.4     52.4 delivery
     44s        0          129.0           65.9     23.1   2415.9   3087.0   3087.0 newOrder
     44s        0           11.0            6.5      3.9      7.3      7.6      7.6 orderStatus
     44s        0          133.0           64.5      8.4   6174.0  40802.2  42949.7 payment
     44s        0           14.0            6.6     10.0     17.8     18.9     18.9 stockLevel
_elapsed___errors__ops/sec(inst)___ops/sec(cum)__p50(ms)__p95(ms)__p99(ms)_pMax(ms)
     45s        0           21.0            6.9     41.9     92.3    130.0    130.0 delivery
     45s        0          164.0           68.0     23.1    671.1    872.4   2818.6 newOrder
     45s        0           17.0            6.8      3.7      5.5     12.1     12.1 orderStatus
     45s        0          161.0           66.6      8.1   4563.4  21474.8  42949.7 payment
     45s        0           18.0            6.8     11.0     21.0     56.6     56.6 stockLevel
     46s        0           14.0            7.1     37.7     44.0     65.0     65.0 delivery
     46s        0          109.0           68.9     19.9    738.2   1811.9   1879.0 newOrder
     46s        0           10.0            6.8      3.4      4.2      4.2      4.2 orderStatus
     46s        0          107.0           67.5      8.1  19327.4  40802.2  42949.7 payment
     46s        0           10.0            6.9     10.0    335.5    335.5    335.5 stockLevel
     47s        0            4.0            7.0     35.7     44.0     44.0     44.0 delivery
     47s        0           61.0           68.8     21.0    704.6   1543.5   1677.7 newOrder
     47s        0            6.0            6.8      4.2      4.7      4.7      4.7 orderStatus
     47s        0           69.0           67.6      8.1  18253.6  27917.3  28991.0 payment
     47s        0            5.0            6.9     11.5     33.6     33.6     33.6 stockLevel
     48s        0            0.0            6.9      0.0      0.0      0.0      0.0 delivery
     48s        0            0.0           67.3      0.0      0.0      0.0      0.0 newOrder
     48s        0            0.0            6.7      0.0      0.0      0.0      0.0 orderStatus
     48s        0            0.0           66.1      0.0      0.0      0.0      0.0 payment
     48s        0            0.0            6.7      0.0      0.0      0.0      0.0 stockLevel
_elapsed___errors__ops/sec(inst)___ops/sec(cum)__p50(ms)__p95(ms)__p99(ms)_pMax(ms)
     49s        0            0.0            6.7      0.0      0.0      0.0      0.0 delivery
     49s        0            0.0           66.0      0.0      0.0      0.0      0.0 newOrder
     49s        0            0.0            6.6      0.0      0.0      0.0      0.0 orderStatus
     49s        0            0.0           64.8      0.0      0.0      0.0      0.0 payment
     49s        0            0.0            6.6      0.0      0.0      0.0      0.0 stockLevel
     50s        0            9.0            6.8     35.7     48.2     48.2     48.2 delivery
     50s        0           86.0           66.4     23.1   3355.4   4295.0   4831.8 newOrder
     50s        0            9.0            6.6      3.8      5.5      5.5      5.5 orderStatus
     50s        0           82.0           65.1      8.4   5100.3  25769.8  47244.6 payment
     50s        0           11.0            6.7     10.0     14.7   3087.0   3087.0 stockLevel
     51s        0            0.0            6.6      0.0      0.0      0.0      0.0 delivery
     51s        0            3.0           65.1     23.1     24.1     24.1     24.1 newOrder
     51s        0            0.0            6.5      0.0      0.0      0.0      0.0 orderStatus
     51s        0            2.0           63.9      9.4     10.0     10.0     10.0 payment
     51s        0            0.0            6.5      0.0      0.0      0.0      0.0 stockLevel
     52s        0            0.0            6.5      0.0      0.0      0.0      0.0 delivery
     52s        0            0.0           63.9      0.0      0.0      0.0      0.0 newOrder
     52s        0            0.0            6.3      0.0      0.0      0.0      0.0 orderStatus
     52s        0            0.0           62.7      0.0      0.0      0.0      0.0 payment
     52s        0            0.0            6.4      0.0      0.0      0.0      0.0 stockLevel
_elapsed___errors__ops/sec(inst)___ops/sec(cum)__p50(ms)__p95(ms)__p99(ms)_pMax(ms)
     53s        0            0.0            6.4      0.0      0.0      0.0      0.0 delivery
     53s        0            0.0           62.7      0.0      0.0      0.0      0.0 newOrder
     53s        0            0.0            6.2      0.0      0.0      0.0      0.0 orderStatus
     53s        0            0.0           61.5      0.0      0.0      0.0      0.0 payment
     53s        0            0.0            6.3      0.0      0.0      0.0      0.0 stockLevel
     54s        0            1.0            6.3     41.9     41.9     41.9     41.9 delivery
     54s        0           14.0           61.8     21.0   4295.0   4295.0   4295.0 newOrder
     54s        0            3.0            6.2      3.7      4.1      4.1      4.1 orderStatus
     54s        0           11.0           60.6      8.9      9.4  51539.6  51539.6 payment
     54s        0            0.0            6.2      0.0      0.0      0.0      0.0 stockLevel
     55s        0            0.0            6.2      0.0      0.0      0.0      0.0 delivery
     55s        0            5.0           60.7   4295.0   7784.6   7784.6   7784.6 newOrder
     55s        0            0.0            6.1      0.0      0.0      0.0      0.0 orderStatus
     55s        0            0.0           59.5      0.0      0.0      0.0      0.0 payment
     55s        0            0.0            6.1      0.0      0.0      0.0      0.0 stockLevel
     56s        0            0.0            6.1      0.0      0.0      0.0      0.0 delivery
     56s        0            0.0           59.6      0.0      0.0      0.0      0.0 newOrder
     56s        0            0.0            5.9      0.0      0.0      0.0      0.0 orderStatus
     56s        0            0.0           58.4      0.0      0.0      0.0      0.0 payment
     56s        0            0.0            5.9      0.0      0.0      0.0      0.0 stockLevel
_elapsed___errors__ops/sec(inst)___ops/sec(cum)__p50(ms)__p95(ms)__p99(ms)_pMax(ms)
     57s        0            0.0            5.9      0.0      0.0      0.0      0.0 delivery
     57s        0            0.0           58.6      0.0      0.0      0.0      0.0 newOrder
     57s        0            0.0            5.8      0.0      0.0      0.0      0.0 orderStatus
     57s        0            0.0           57.4      0.0      0.0      0.0      0.0 payment
     57s        0            0.0            5.8      0.0      0.0      0.0      0.0 stockLevel
     58s        0            0.0            5.8      0.0      0.0      0.0      0.0 delivery
     58s        0            2.0           57.6     24.1   8321.5   8321.5   8321.5 newOrder
     58s        0            1.0            5.8      5.0      5.0      5.0      5.0 orderStatus
     58s        0            3.0           56.4     11.0     14.2     14.2     14.2 payment
     58s        0            1.0            5.8     13.6     13.6     13.6     13.6 stockLevel
     59s        0            3.0            5.8     41.9     46.1     46.1     46.1 delivery
     59s        0           20.0           57.0     22.0     28.3     32.5     32.5 newOrder
     59s        0            2.0            5.7      4.1      6.6      6.6      6.6 orderStatus
     59s        0           19.0           55.8     10.5     12.6     13.1     13.1 payment
     59s        0            2.0            5.7      9.4     13.1     13.1     13.1 stockLevel
    1m0s        0            0.0            5.7      0.0      0.0      0.0      0.0 delivery
    1m0s        0            0.0           56.0      0.0      0.0      0.0      0.0 newOrder
    1m0s        0            0.0            5.6      0.0      0.0      0.0      0.0 orderStatus
    1m0s        0            0.0           54.9      0.0      0.0      0.0      0.0 payment
    1m0s        0            0.0            5.6      0.0      0.0      0.0      0.0 stockLevel

_elapsed___errors_____ops(total)___ops/sec(cum)__avg(ms)__p50(ms)__p95(ms)__p99(ms)_pMax(ms)__total
   60.0s        0            342            5.7     42.4     37.7     79.7     96.5    130.0  delivery
   60.0s        0           3362           56.0    192.3     23.1   1006.6   4160.7   9126.8  newOrder
   60.0s        0            336            5.6      4.2      3.9      6.0     12.1     21.0  orderStatus
   60.0s        0           3292           54.9    962.5      8.9   5368.7  25769.8  51539.6  payment
   60.0s        0            336            5.6     62.3     11.0    318.8    973.1   3087.0  stockLevel

_elapsed___errors_____ops(total)___ops/sec(cum)__avg(ms)__p50(ms)__p95(ms)__p99(ms)_pMax(ms)__result
   60.0s        0           7668          127.8    502.3     17.8   1208.0  16106.1  51539.6  
Audit check 9.2.1.7: SKIP: not enough delivery transactions to be statistically significant
Audit check 9.2.2.5.1: SKIP: not enough orders to be statistically significant
Audit check 9.2.2.5.2: SKIP: not enough orders to be statistically significant
Audit check 9.2.2.5.3: SKIP: not enough orders to be statistically significant
Audit check 9.2.2.5.4: SKIP: not enough payments to be statistically significant
Audit check 9.2.2.5.5: SKIP: not enough payments to be statistically significant
Audit check 9.2.2.5.6: SKIP: not enough order status transactions to be statistically significant

_elapsed_______tpmC____efc__avg(ms)__p50(ms)__p90(ms)__p95(ms)__p99(ms)_pMax(ms)
   60.0s     3361.9 2614.3%    192.3     23.1    218.1   1006.6   4160.7   9126.8
