Initializing 300 connections...
Initializing 100 workers and preparing statements...
_elapsed___errors__ops/sec(inst)___ops/sec(cum)__p50(ms)__p95(ms)__p99(ms)_pMax(ms)
      1s        0           18.8           31.0     46.1    121.6    192.9    192.9 delivery
      1s        0          198.4          328.0     41.9    285.2    436.2    637.5 newOrder
      1s        0           23.0           38.0      3.9     10.0     11.0     11.0 orderStatus
      1s        0          162.1          268.0     22.0    520.1    805.3    973.1 payment
      1s        0           21.2           35.0     14.7    167.8    243.3    243.3 stockLevel
      2s        0           20.0           25.5     37.7     56.6     96.5     96.5 delivery
      2s        0          212.0          270.0     29.4    453.0    637.5    771.8 newOrder
      2s        0           18.0           28.0      3.7      4.5      5.0      5.0 orderStatus
      2s        0          224.0          246.0     13.6    671.1   1140.9   1946.2 payment
      2s        0           17.0           26.0     11.0    234.9    243.3    243.3 stockLevel
      3s        0           16.0           22.3     37.7     71.3     83.9     83.9 delivery
      3s        0          166.1          235.3     25.2    906.0   1208.0   1275.1 newOrder
      3s        0           17.0           24.3      4.1      4.7      5.0      5.0 orderStatus
      3s        0          178.1          223.3     10.5   1744.8   2550.1   2818.6 payment
      3s        0           18.0           23.3     12.1    738.2    973.1    973.1 stockLevel
      4s        0           17.0           21.0     37.7     48.2     48.2     48.2 delivery
      4s        0          170.0          219.0     22.0    906.0   1744.8   2415.9 newOrder
      4s        0           14.0           21.7      3.9      4.1      5.2      5.2 orderStatus
      4s        0          158.0          207.0      8.4   2013.3   3087.0   3758.1 payment
      4s        0           15.0           21.2     11.5    192.9    570.4    570.4 stockLevel
_elapsed___errors__ops/sec(inst)___ops/sec(cum)__p50(ms)__p95(ms)__p99(ms)_pMax(ms)
      5s        0           15.0           19.8     37.7     50.3     54.5     54.5 delivery
      5s        0          152.9          205.8     21.0   1140.9   2952.8   3758.1 newOrder
      5s        0           16.0           20.6      3.9      5.0      5.0      5.0 orderStatus
      5s        0          152.9          196.2      8.1   1208.0   2952.8   4831.8 payment
      5s        0           16.0           20.2     10.0     16.8    369.1    369.1 stockLevel
      6s        0            8.0           17.8     37.7     50.3     50.3     50.3 delivery
      6s        0           70.0          183.2     21.0     33.6     46.1     54.5 newOrder
      6s        0            7.0           18.3      4.2      4.7      4.7      4.7 orderStatus
      6s        0           75.1          176.0      7.9     23.1   2550.1   2550.1 payment
      6s        0            9.0           18.3     11.0     23.1     23.1     23.1 stockLevel
      7s        0            0.0           15.3      0.0      0.0      0.0      0.0 delivery
      7s        0            1.0          157.1   2415.9   2415.9   2415.9   2415.9 newOrder
      7s        0            0.0           15.7      0.0      0.0      0.0      0.0 orderStatus
      7s        0            0.0          150.9      0.0      0.0      0.0      0.0 payment
      7s        0            0.0           15.7      0.0      0.0      0.0      0.0 stockLevel
      8s        0           13.0           15.0     37.7     48.2     50.3     50.3 delivery
      8s        0          125.0          153.1     23.1   4295.0   5100.3   5905.6 newOrder
      8s        0           14.0           15.5      3.8      5.0      5.2      5.2 orderStatus
      8s        0          125.0          147.6      8.4     27.3   6710.9   7516.2 payment
      8s        0           13.0           15.4     10.5     13.1     92.3     92.3 stockLevel
_elapsed___errors__ops/sec(inst)___ops/sec(cum)__p50(ms)__p95(ms)__p99(ms)_pMax(ms)
      9s        0            7.0           14.1     39.8     48.2     48.2     48.2 delivery
      9s        0           77.0          144.7     22.0   1610.6   3758.1   4831.8 newOrder
      9s        0           11.0           15.0      4.2      5.5      6.3      6.3 orderStatus
      9s        0           66.0          138.6      8.4   6174.0   8053.1   8589.9 payment
      9s        0            3.0           14.0     12.1     12.6     12.6     12.6 stockLevel
     10s        0            8.0           13.5     37.7     41.9     41.9     41.9 delivery
     10s        0           97.0          139.9     23.1    117.4    201.3   1140.9 newOrder
     10s        0           10.0           14.5      3.8      7.9      7.9      7.9 orderStatus
     10s        0          100.0          134.7      8.4   1811.9   6710.9   8589.9 payment
     10s        0            7.0           13.3      9.4     18.9     18.9     18.9 stockLevel
     11s        0           11.0           13.3     39.8     39.8     44.0     44.0 delivery
     11s        0           69.0          133.5     24.1   3087.0   5905.6   6979.3 newOrder
     11s        0            9.0           14.0      4.1      4.7      4.7      4.7 orderStatus
     11s        0           69.0          128.7      8.9     19.9     33.6   9663.7 payment
     11s        0            7.0           12.7     11.0   1140.9   1140.9   1140.9 stockLevel
     12s        0           10.0           13.0     37.7     50.3     50.3     50.3 delivery
     12s        0           99.0          130.6     23.1    906.0   2818.6   2952.8 newOrder
     12s        0            9.0           13.6      4.1     11.0     11.0     11.0 orderStatus
     12s        0          110.0          127.2      8.1   8589.9  11274.3  11274.3 payment
     12s        0           11.0           12.6     10.0     13.1     16.3     16.3 stockLevel
_elapsed___errors__ops/sec(inst)___ops/sec(cum)__p50(ms)__p95(ms)__p99(ms)_pMax(ms)
     13s        0           23.0           13.8     41.9    113.2    134.2    134.2 delivery
     13s        0          212.9          136.9     26.2    419.4   1677.7   2818.6 newOrder
     13s        0           21.0           14.2      4.2      8.4      8.9      8.9 orderStatus
     13s        0          226.9          134.8      8.9   5637.1  11811.2  12884.9 payment
     13s        0           23.0           13.4     12.1     26.2     31.5     31.5 stockLevel
     14s        0            5.0           13.1     46.1     56.6     56.6     56.6 delivery
     14s        0           86.0          133.3     22.0    939.5   3087.0   4831.8 newOrder
     14s        0           11.0           13.9      4.1      4.5      5.2      5.2 orderStatus
     14s        0           87.0          131.4      8.9   1208.0   1409.3   1409.3 payment
     14s        0           11.0           13.2     11.0    318.8    872.4    872.4 stockLevel
     15s        0           13.0           13.1     37.7     41.9     75.5     75.5 delivery
     15s        0          136.0          133.5     23.1     62.9   1879.0   1879.0 newOrder
     15s        0           15.0           14.0      3.8      4.7      4.7      4.7 orderStatus
     15s        0          128.0          131.2      8.1  10200.5  13958.6  14495.5 payment
     15s        0           13.0           13.2     15.2     35.7    637.5    637.5 stockLevel
     16s        0           13.0           13.1     37.7     48.2     88.1     88.1 delivery
     16s        0          126.9          133.1     21.0   1140.9   1543.5   1610.6 newOrder
     16s        0            9.0           13.7      4.5     10.5     10.5     10.5 orderStatus
     16s        0          118.9          130.4      7.9   4160.7  12884.9  15569.3 payment
     16s        0           11.0           13.1      9.4     11.0     13.1     13.1 stockLevel
_elapsed___errors__ops/sec(inst)___ops/sec(cum)__p50(ms)__p95(ms)__p99(ms)_pMax(ms)
     17s        0            3.0           12.5     37.7     39.8     39.8     39.8 delivery
     17s        0            9.0          125.8     21.0     26.2     26.2     26.2 newOrder
     17s        0            2.0           13.0      3.5      4.7      4.7      4.7 orderStatus
     17s        0           13.0          123.5      8.9   2415.9  13958.6  13958.6 payment
     17s        0            1.0           12.4     11.0     11.0     11.0     11.0 stockLevel
     18s        0            5.0           12.1     35.7     46.1     46.1     46.1 delivery
     18s        0           43.0          121.2     23.1   3355.4   3758.1   3758.1 newOrder
     18s        0            2.0           12.4      3.9      4.1      4.1      4.1 orderStatus
     18s        0           47.0          119.3      7.9     17.8   5100.3   5100.3 payment
     18s        0            7.0           12.1     12.6    419.4    419.4    419.4 stockLevel
     19s        0            3.0           11.6     37.7     41.9     41.9     41.9 delivery
     19s        0           24.0          116.1     24.1   2550.1   3355.4   3355.4 newOrder
     19s        0            1.0           11.8      5.0      5.0      5.0      5.0 orderStatus
     19s        0           31.0          114.6      9.4   6710.9  17179.9  17179.9 payment
     19s        0            1.0           11.5     11.5     11.5     11.5     11.5 stockLevel
     20s        0            7.0           11.4     37.7     44.0     44.0     44.0 delivery
     20s        0           68.0          113.6     24.1   1610.6   1879.0   3489.7 newOrder
     20s        0            6.0           11.5      4.5      5.2      5.2      5.2 orderStatus
     20s        0           65.0          112.1      8.9   7247.8  18253.6  20401.1 payment
     20s        0            7.0           11.2     10.5    637.5    637.5    637.5 stockLevel
_elapsed___errors__ops/sec(inst)___ops/sec(cum)__p50(ms)__p95(ms)__p99(ms)_pMax(ms)
     21s        0           12.0           11.4     39.8     54.5     71.3     71.3 delivery
     21s        0           88.0          112.4     22.0   1677.7   4563.4   4831.8 newOrder
     21s        0           11.0           11.5      3.9      4.5      5.0      5.0 orderStatus
     21s        0           86.0          110.9      8.4   5637.1   9126.8  15569.3 payment
     21s        0           10.0           11.2     10.0   1208.0   1208.0   1208.0 stockLevel
     22s        0            0.0           10.9      0.0      0.0      0.0      0.0 delivery
     22s        0            2.0          107.4     21.0     25.2     25.2     25.2 newOrder
     22s        0            0.0           11.0      0.0      0.0      0.0      0.0 orderStatus
     22s        0            4.0          106.0      8.9     10.0     10.0     10.0 payment
     22s        0            0.0           10.7      0.0      0.0      0.0      0.0 stockLevel
     23s        0            1.0           10.5     46.1     46.1     46.1     46.1 delivery
     23s        0            8.0          103.1     24.1   5368.7   5368.7   5368.7 newOrder
     23s        0            1.0           10.5      5.2      5.2      5.2      5.2 orderStatus
     23s        0            3.0          101.6     10.0     10.0     10.0     10.0 payment
     23s        0            0.0           10.2      0.0      0.0      0.0      0.0 stockLevel
     24s        0           12.0           10.5     41.9     79.7     83.9     83.9 delivery
     24s        0          168.9          105.8     22.0   2415.9   3489.7   4026.5 newOrder
     24s        0           17.0           10.8      4.1      4.7      6.3      6.3 orderStatus
     24s        0          158.9          104.0      8.9  12884.9  21474.8  23622.3 payment
     24s        0           18.0           10.5     10.0     31.5     33.6     33.6 stockLevel
_elapsed___errors__ops/sec(inst)___ops/sec(cum)__p50(ms)__p95(ms)__p99(ms)_pMax(ms)
     25s        0            8.0           10.4     37.7     75.5     75.5     75.5 delivery
     25s        0           57.0          103.9     23.1    838.9   1040.2   1208.0 newOrder
     25s        0            2.0           10.4      4.5      6.8      6.8      6.8 orderStatus
     25s        0           56.0          102.0      8.9  10200.5  20401.1  24696.1 payment
     25s        0            6.0           10.4      8.9     12.1     12.1     12.1 stockLevel
     26s        0            4.0           10.2     37.7     44.0     44.0     44.0 delivery
     26s        0           31.0          101.1     23.1   1073.7   1744.8   1744.8 newOrder
     26s        0            3.0           10.2      4.7      5.0      5.0      5.0 orderStatus
     26s        0           33.0           99.4      8.9   7784.6  21474.8  21474.8 payment
     26s        0            2.0           10.0     10.0     13.1     13.1     13.1 stockLevel
     27s        0           12.0           10.3     39.8     48.2     54.5     54.5 delivery
     27s        0          100.0          101.0     23.1   2281.7   2818.6   3221.2 newOrder
     27s        0            9.0           10.1      3.9      6.0      6.0      6.0 orderStatus
     27s        0          107.0           99.7      8.9   8053.1  19327.4  23622.3 payment
     27s        0           10.0           10.0     10.0    234.9    234.9    234.9 stockLevel
     28s        0            3.0           10.0     37.7     39.8     39.8     39.8 delivery
     28s        0           36.0           98.7     22.0     28.3    302.0    302.0 newOrder
     28s        0            1.0            9.8      3.9      3.9      3.9      3.9 orderStatus
     28s        0           37.0           97.4      7.9     30.4   3355.4   3355.4 payment
     28s        0            1.0            9.7     10.5     10.5     10.5     10.5 stockLevel
_elapsed___errors__ops/sec(inst)___ops/sec(cum)__p50(ms)__p95(ms)__p99(ms)_pMax(ms)
     29s        0            1.0            9.7     41.9     41.9     41.9     41.9 delivery
     29s        0            9.0           95.6     23.1   1946.2   1946.2   1946.2 newOrder
     29s        0            1.0            9.5      3.8      3.8      3.8      3.8 orderStatus
     29s        0            1.0           94.1      8.9      8.9      8.9      8.9 payment
     29s        0            1.0            9.4     11.0     11.0     11.0     11.0 stockLevel
     30s        0           15.0            9.9     39.8     79.7     83.9     83.9 delivery
     30s        0          139.0           97.1     24.1    906.0   2550.1   2818.6 newOrder
     30s        0           17.0            9.7      4.1      5.2      6.0      6.0 orderStatus
     30s        0          163.0           96.4     10.5  15569.3  22548.6  28991.0 payment
     30s        0           14.0            9.6     11.5     22.0     29.4     29.4 stockLevel
     31s        0           12.0            9.9     37.7     41.9     44.0     44.0 delivery
     31s        0          103.0           97.3     23.1     33.6     65.0    234.9 newOrder
     31s        0           10.0            9.7      4.5      6.6      6.6      6.6 orderStatus
     31s        0           84.0           96.0      8.4    260.0   6979.3  21474.8 payment
     31s        0           12.0            9.6     11.5     31.5    125.8    125.8 stockLevel
     32s        0            1.0            9.7     50.3     50.3     50.3     50.3 delivery
     32s        0           15.0           94.7     23.1   1342.2   1946.2   1946.2 newOrder
     32s        0            4.0            9.6      5.0      5.8      5.8      5.8 orderStatus
     32s        0           18.0           93.6     10.0     12.1     12.6     12.6 payment
     32s        0            3.0            9.4      9.4     12.6     12.6     12.6 stockLevel
_elapsed___errors__ops/sec(inst)___ops/sec(cum)__p50(ms)__p95(ms)__p99(ms)_pMax(ms)
     33s        0            5.0            9.5     39.8     44.0     44.0     44.0 delivery
     33s        0           44.0           93.2     22.0   2684.4   2818.6   2818.6 newOrder
     33s        0            3.0            9.4      3.8      5.2      5.2      5.2 orderStatus
     33s        0           40.0           91.9      8.1     10.5     25.2     25.2 payment
     33s        0            4.0            9.3     10.5   2415.9   2415.9   2415.9 stockLevel
     34s        0            0.0            9.2      0.0      0.0      0.0      0.0 delivery
     34s        0            2.0           90.5   3892.3   4026.5   4026.5   4026.5 newOrder
     34s        0            0.0            9.1      0.0      0.0      0.0      0.0 orderStatus
     34s        0            5.0           89.4     16.3  20401.1  20401.1  20401.1 payment
     34s        0            0.0            9.0      0.0      0.0      0.0      0.0 stockLevel
     35s        0            5.0            9.1     41.9     46.1     46.1     46.1 delivery
     35s        0           69.0           89.9     22.0     30.4   2550.1   2952.8 newOrder
     35s        0            6.0            9.0      3.9      6.8      6.8      6.8 orderStatus
     35s        0           59.0           88.5      8.9  15032.4  20401.1  32212.3 payment
     35s        0            7.0            8.9     10.5     14.7     14.7     14.7 stockLevel
     36s        0            2.0            8.9     44.0     48.2     48.2     48.2 delivery
     36s        0           39.0           88.4     24.1   2818.6   3087.0   3087.0 newOrder
     36s        0            2.0            8.8      5.5      6.8      6.8      6.8 orderStatus
     36s        0           30.0           86.9      8.9     11.5     11.5     11.5 payment
     36s        0            3.0            8.8     11.5   1140.9   1140.9   1140.9 stockLevel
_elapsed___errors__ops/sec(inst)___ops/sec(cum)__p50(ms)__p95(ms)__p99(ms)_pMax(ms)
     37s        0           10.0            8.9     39.8     92.3     92.3     92.3 delivery
     37s        0           85.9           88.4     22.0   1006.6   3892.3   6174.0 newOrder
     37s        0            4.0            8.7      3.8      4.5      4.5      4.5 orderStatus
     37s        0           83.9           86.8      8.9  18253.6  26843.5  28991.0 payment
     37s        0            7.0            8.7     10.0     33.6     33.6     33.6 stockLevel
     38s        0            1.0            8.7     39.8     39.8     39.8     39.8 delivery
     38s        0           22.0           86.6     24.1     28.3     29.4     29.4 newOrder
     38s        0            3.0            8.5      4.7      5.0      5.0      5.0 orderStatus
     38s        0           27.0           85.2      8.9     10.5     10.5     10.5 payment
     38s        0            2.0            8.6     10.0     12.1     12.1     12.1 stockLevel
     39s        0            1.0            8.5     41.9     41.9     41.9     41.9 delivery
     39s        0           16.0           84.8     24.1   2415.9   2415.9   2415.9 newOrder
     39s        0            1.0            8.3      4.5      4.5      4.5      4.5 orderStatus
     39s        0           15.0           83.4      9.4   2281.7   9126.8   9126.8 payment
     39s        0            1.0            8.4     10.0     10.0     10.0     10.0 stockLevel
     40s        0            3.0            8.4     37.7     39.8     39.8     39.8 delivery
     40s        0           41.0           83.7     23.1   2952.8   5368.7   5368.7 newOrder
     40s        0            5.0            8.2      4.7      6.6      6.6      6.6 orderStatus
     40s        0           48.0           82.5      9.4   9663.7  26843.5  26843.5 payment
     40s        0            8.0            8.3     10.0   2818.6   2818.6   2818.6 stockLevel
_elapsed___errors__ops/sec(inst)___ops/sec(cum)__p50(ms)__p95(ms)__p99(ms)_pMax(ms)
     41s        0           14.0            8.5     37.7     46.1     48.2     48.2 delivery
     41s        0           81.0           83.7     22.0   1342.2   4160.7  11274.3 newOrder
     41s        0           11.0            8.3      3.9      4.7      6.0      6.0 orderStatus
     41s        0           73.0           82.3      8.9  17179.9  25769.8  26843.5 payment
     41s        0            5.0            8.3     10.0     15.2     15.2     15.2 stockLevel
     42s        0            3.0            8.4     46.1     54.5     54.5     54.5 delivery
     42s        0           28.0           82.3     23.1   2147.5   5100.3   5100.3 newOrder
     42s        0            2.0            8.2      4.7      5.2      5.2      5.2 orderStatus
     42s        0           34.0           81.2      8.9   9126.8  18253.6  18253.6 payment
     42s        0            1.0            8.1     28.3     28.3     28.3     28.3 stockLevel
     43s        0            2.0            8.3     44.0     46.1     46.1     46.1 delivery
     43s        0           42.0           81.4     24.1   1610.6   1946.2   1946.2 newOrder
     43s        0            4.0            8.1      4.5      6.3      6.3      6.3 orderStatus
     43s        0           31.0           80.0      8.9     13.1     23.1     23.1 payment
     43s        0            4.0            8.0     10.5     13.1     13.1     13.1 stockLevel
     44s        0            9.0            8.3     37.7     88.1     88.1     88.1 delivery
     44s        0           93.0           81.7     22.0     54.5   2550.1   3087.0 newOrder
     44s        0            8.0            8.1      3.8      5.2      5.2      5.2 orderStatus
     44s        0          118.0           80.9      8.9  17179.9  38654.7  42949.7 payment
     44s        0           10.0            8.0      9.4     15.7     15.7     15.7 stockLevel
_elapsed___errors__ops/sec(inst)___ops/sec(cum)__p50(ms)__p95(ms)__p99(ms)_pMax(ms)
     45s        0            7.0            8.2     37.7     41.9     41.9     41.9 delivery
     45s        0           64.0           81.3     22.0   1275.1   2080.4   4026.5 newOrder
     45s        0            8.0            8.1      4.1      6.0      6.0      6.0 orderStatus
     45s        0           71.0           80.6      8.9  18253.6  25769.8  45097.2 payment
     45s        0            6.0            8.0     10.0     12.1     12.1     12.1 stockLevel
     46s        0            7.0            8.2     37.7     44.0     44.0     44.0 delivery
     46s        0           82.0           81.3     21.0    671.1   2550.1   5100.3 newOrder
     46s        0           10.0            8.1      3.7      6.0      6.0      6.0 orderStatus
     46s        0           72.0           80.5      8.9  12884.9  31138.5  47244.6 payment
     46s        0            6.0            8.0     10.5   1342.2   1342.2   1342.2 stockLevel
     47s        0           10.0            8.3     37.7     39.8     39.8     39.8 delivery
     47s        0           88.9           81.4     23.1   1040.2   2550.1   4563.4 newOrder
     47s        0           15.0            8.3      3.9      5.2      5.5      5.5 orderStatus
     47s        0           98.9           80.9      8.9   5905.6  22548.6  38654.7 payment
     47s        0           11.0            8.0      9.4     15.7     17.8     17.8 stockLevel
     48s        0           12.0            8.3     39.8     52.4     58.7     58.7 delivery
     48s        0          120.1           82.2     23.1    771.8   1275.1   2013.3 newOrder
     48s        0            8.0            8.2      3.7      5.2      5.2      5.2 orderStatus
     48s        0          109.1           81.4      8.4     41.9  32212.3  32212.3 payment
     48s        0           14.0            8.1     10.5     18.9     26.2     26.2 stockLevel
_elapsed___errors__ops/sec(inst)___ops/sec(cum)__p50(ms)__p95(ms)__p99(ms)_pMax(ms)
     49s        0            0.0            8.2      0.0      0.0      0.0      0.0 delivery
     49s        0            0.0           80.6      0.0      0.0      0.0      0.0 newOrder
     49s        0            0.0            8.1      0.0      0.0      0.0      0.0 orderStatus
     49s        0            1.0           79.8  16106.1  16106.1  16106.1  16106.1 payment
     49s        0            0.0            8.0      0.0      0.0      0.0      0.0 stockLevel
     50s        0            2.0            8.0     37.7     48.2     48.2     48.2 delivery
     50s        0           27.0           79.5     23.1   2684.4   3489.7   3489.7 newOrder
     50s        0            3.0            8.0      3.9      4.5      4.5      4.5 orderStatus
     50s        0           20.0           78.6      8.9     17.8     22.0     22.0 payment
     50s        0            3.0            7.9     10.5     11.0     11.0     11.0 stockLevel
     51s        0            1.0            7.9     52.4     52.4     52.4     52.4 delivery
     51s        0           12.0           78.2     25.2   3758.1   3758.1   3758.1 newOrder
     51s        0            2.0            7.9      4.5      4.7      4.7      4.7 orderStatus
     51s        0           16.0           77.4      8.4   9126.8  38654.7  38654.7 payment
     51s        0            1.0            7.7     10.0     10.0     10.0     10.0 stockLevel
     52s        0           25.0            8.2     39.8     62.9     79.7     79.7 delivery
     52s        0          213.9           80.8     23.1     54.5   3623.9   4563.4 newOrder
     52s        0           22.0            8.1      4.2      5.8      7.6      7.6 orderStatus
     52s        0          217.9           80.1      8.9  15569.3  36507.2  38654.7 payment
     52s        0           28.0            8.1     10.5     18.9     23.1     23.1 stockLevel
_elapsed___errors__ops/sec(inst)___ops/sec(cum)__p50(ms)__p95(ms)__p99(ms)_pMax(ms)
     53s        0            2.0            8.1     39.8     41.9     41.9     41.9 delivery
     53s        0           46.0           80.1     22.0    704.6   1140.9   1140.9 newOrder
     53s        0            4.0            8.1      4.1      6.0      6.0      6.0 orderStatus
     53s        0           44.0           79.4      8.9  27917.3  40802.2  40802.2 payment
     53s        0            4.0            8.1      9.4     10.0     10.0     10.0 stockLevel
     54s        0            3.0            8.0     39.8     46.1     46.1     46.1 delivery
     54s        0           36.0           79.3     22.0   1409.3   1744.8   1744.8 newOrder
     54s        0            5.0            8.0      4.1      5.5      5.5      5.5 orderStatus
     54s        0           43.0           78.7      8.1   5905.6  12348.0  12348.0 payment
     54s        0            3.0            8.0      9.4     10.0     10.0     10.0 stockLevel
     55s        0            0.0            7.9      0.0      0.0      0.0      0.0 delivery
     55s        0            0.0           77.9      0.0      0.0      0.0      0.0 newOrder
     55s        0            0.0            7.9      0.0      0.0      0.0      0.0 orderStatus
     55s        0            0.0           77.3      0.0      0.0      0.0      0.0 payment
     55s        0            0.0            7.8      0.0      0.0      0.0      0.0 stockLevel
     56s        0            0.0            7.7      0.0      0.0      0.0      0.0 delivery
     56s        0            9.0           76.6     28.3   4563.4   4563.4   4563.4 newOrder
     56s        0            0.0            7.7      0.0      0.0      0.0      0.0 orderStatus
     56s        0            7.0           76.0      8.9   2818.6   2818.6   2818.6 payment
     56s        0            0.0            7.7      0.0      0.0      0.0      0.0 stockLevel
_elapsed___errors__ops/sec(inst)___ops/sec(cum)__p50(ms)__p95(ms)__p99(ms)_pMax(ms)
     57s        0            1.0            7.6     39.8     39.8     39.8     39.8 delivery
     57s        0            2.0           75.3     21.0     26.2     26.2     26.2 newOrder
     57s        0            0.0            7.6      0.0      0.0      0.0      0.0 orderStatus
     57s        0            1.0           74.7      8.1      8.1      8.1      8.1 payment
     57s        0            0.0            7.5      0.0      0.0      0.0      0.0 stockLevel
     58s        0            1.0            7.5     37.7     37.7     37.7     37.7 delivery
     58s        0           15.0           74.3     24.1   3892.3   6442.5   6442.5 newOrder
     58s        0            0.0            7.4      0.0      0.0      0.0      0.0 orderStatus
     58s        0           16.0           73.7     10.0  18253.6  42949.7  42949.7 payment
     58s        0            2.0            7.4     12.1     12.6     12.6     12.6 stockLevel
     59s        0           11.0            7.6     37.7     37.7     39.8     39.8 delivery
     59s        0           92.0           74.6     22.0    637.5   2550.1   2818.6 newOrder
     59s        0           12.0            7.5      3.9      4.7     11.0     11.0 orderStatus
     59s        0           96.0           74.1      8.9   7247.8  19327.4  47244.6 payment
     59s        0           10.0            7.5     10.0     11.5     11.5     11.5 stockLevel
    1m0s        0            0.0            7.4      0.0      0.0      0.0      0.0 delivery
    1m0s        0           18.0           73.6     23.1     28.3   3892.3   3892.3 newOrder
    1m0s        0            1.0            7.4      4.5      4.5      4.5      4.5 orderStatus
    1m0s        0           19.0           73.2     10.5  30064.8  45097.2  45097.2 payment
    1m0s        0            1.0            7.4     10.0     10.0     10.0     10.0 stockLevel

_elapsed___errors_____ops(total)___ops/sec(cum)__avg(ms)__p50(ms)__p95(ms)__p99(ms)_pMax(ms)__total
   60.0s        0            446            7.4     41.8     39.8     62.9    113.2    192.9  delivery
   60.0s        0           4419           73.6    191.8     23.1   1275.1   3623.9  11274.3  newOrder
   60.0s        0            445            7.4      4.2      4.1      6.0     10.5     11.0  orderStatus
   60.0s        0           4390           73.2    917.3      8.9   5905.6  22548.6  47244.6  payment
   60.0s        0            443            7.4     57.8     10.5    167.8   1208.0   2818.6  stockLevel

_elapsed___errors_____ops(total)___ops/sec(cum)__avg(ms)__p50(ms)__p95(ms)__p99(ms)_pMax(ms)__result
   60.0s        0          10143          169.0    485.1     18.9   1610.6  14495.5  47244.6  
Audit check 9.2.1.7: SKIP: not enough delivery transactions to be statistically significant
Audit check 9.2.2.5.1: SKIP: not enough orders to be statistically significant
Audit check 9.2.2.5.2: SKIP: not enough orders to be statistically significant
Audit check 9.2.2.5.3: SKIP: not enough orders to be statistically significant
Audit check 9.2.2.5.4: SKIP: not enough payments to be statistically significant
Audit check 9.2.2.5.5: SKIP: not enough payments to be statistically significant
Audit check 9.2.2.5.6: SKIP: not enough order status transactions to be statistically significant

_elapsed_______tpmC____efc__avg(ms)__p50(ms)__p90(ms)__p95(ms)__p99(ms)_pMax(ms)
   60.0s     4418.9 3436.2%    191.8     23.1    234.9   1275.1   3623.9  11274.3
