Initializing 100 connections...
Initializing 100 workers and preparing statements...
_elapsed___errors__ops/sec(inst)___ops/sec(cum)__p50(ms)__p95(ms)__p99(ms)_pMax(ms)
      1s        0           20.0           30.0     44.0    113.2    134.2    134.2 delivery
      1s        0          218.4          327.0     41.9    318.8    738.2    939.5 newOrder
      1s        0           23.4           35.0      4.7     30.4     75.5     75.5 orderStatus
      1s        0          205.1          307.0     26.2    419.4    704.6    738.2 payment
      1s        0           18.7           28.0     15.7    159.4    159.4    159.4 stockLevel
      2s        0           13.0           21.5     39.8     88.1    130.0    130.0 delivery
      2s        0          173.1          250.0     32.5    771.8   1073.7   1744.8 newOrder
      2s        0           15.0           25.0      3.9     15.7     17.8     17.8 orderStatus
      2s        0          149.1          228.0     13.6    570.4   1006.6   1342.2 payment
      2s        0           19.0           23.5     16.3    637.5    805.3    805.3 stockLevel
      3s        0           16.0           19.7     44.0    113.2    251.7    251.7 delivery
      3s        0          151.1          217.0     25.2    637.5   1208.0   1543.5 newOrder
      3s        0           14.0           21.3      4.7     35.7    125.8    125.8 orderStatus
      3s        0          147.1          201.0     11.5   2013.3   2281.7   2415.9 payment
      3s        0           20.0           22.3     10.5     30.4    151.0    151.0 stockLevel
      4s        0           19.0           19.5     37.7     83.9     88.1     88.1 delivery
      4s        0          168.0          204.7     24.1    260.0   2281.7   2550.1 newOrder
      4s        0           19.0           20.7      3.4     15.7     60.8     60.8 orderStatus
      4s        0          178.9          195.5      8.9   1946.2   2684.4   3623.9 payment
      4s        0           23.0           22.5     17.8    151.0    671.1    671.1 stockLevel
_elapsed___errors__ops/sec(inst)___ops/sec(cum)__p50(ms)__p95(ms)__p99(ms)_pMax(ms)
      5s        0           12.0           18.0     41.9     88.1    113.2    113.2 delivery
      5s        0          102.0          184.2     25.2   1140.9   1677.7   2281.7 newOrder
      5s        0            8.0           18.2      4.1     25.2     25.2     25.2 orderStatus
      5s        0           87.0          173.8      8.4   3623.9   3892.3   3892.3 payment
      5s        0            3.0           18.6     11.5    302.0    302.0    302.0 stockLevel
      6s        0            1.0           15.2     62.9     62.9     62.9     62.9 delivery
      6s        0           14.0          155.8     22.0    402.7    973.1    973.1 newOrder
      6s        0            2.0           15.5      3.5      4.1      4.1      4.1 orderStatus
      6s        0           14.0          147.2      8.9     79.7    134.2    134.2 payment
      6s        0            0.0           15.5      0.0      0.0      0.0      0.0 stockLevel
      7s        0            1.0           13.1     39.8     39.8     39.8     39.8 delivery
      7s        0            9.0          134.9   1879.0   3355.4   3355.4   3355.4 newOrder
      7s        0            1.0           13.4   1879.0   1879.0   1879.0   1879.0 orderStatus
      7s        0           11.0          127.7      9.4     15.2    436.2    436.2 payment
      7s        0            0.0           13.3      0.0      0.0      0.0      0.0 stockLevel
      8s        0            1.0           11.6     41.9     41.9     41.9     41.9 delivery
      8s        0           18.0          120.2     23.1   2684.4   4563.4   4563.4 newOrder
      8s        0            2.0           12.0      3.3    226.5    226.5    226.5 orderStatus
      8s        0           18.0          114.0     10.0   5637.1   6979.3   6979.3 payment
      8s        0            3.0           12.0    838.9    872.4    872.4    872.4 stockLevel
_elapsed___errors__ops/sec(inst)___ops/sec(cum)__p50(ms)__p95(ms)__p99(ms)_pMax(ms)
      9s        0            1.0           10.4     37.7     37.7     37.7     37.7 delivery
      9s        0           13.0          108.3     37.7   4563.4   5100.3   5100.3 newOrder
      9s        0            0.0           10.7      0.0      0.0      0.0      0.0 orderStatus
      9s        0           12.0          102.7      8.9   5905.6   6174.0   6174.0 payment
      9s        0            2.0           10.9     32.5    209.7    209.7    209.7 stockLevel
     10s        0            4.0            9.8     35.7     39.8     39.8     39.8 delivery
     10s        0           36.0          101.1     24.1   5368.7   7516.2   7516.2 newOrder
     10s        0            4.0           10.0      3.9      6.3      6.3      6.3 orderStatus
     10s        0           37.0           96.1      8.9   8053.1  10200.5  10200.5 payment
     10s        0            1.0            9.9    637.5    637.5    637.5    637.5 stockLevel
     11s        0            2.0            9.1     32.5     33.6     33.6     33.6 delivery
     11s        0           20.0           93.7     23.1    268.4   1208.0   1208.0 newOrder
     11s        0            1.0            9.2      3.9      3.9      3.9      3.9 orderStatus
     11s        0           18.0           89.0      7.9    201.3   9126.8   9126.8 payment
     11s        0            1.0            9.1     56.6     56.6     56.6     56.6 stockLevel
     12s        0            1.0            8.4     41.9     41.9     41.9     41.9 delivery
     12s        0           23.0           87.8     23.1   1879.0   7247.8   7247.8 newOrder
     12s        0            1.0            8.5      4.5      4.5      4.5      4.5 orderStatus
     12s        0           13.0           82.7      9.4     41.9   1610.6   1610.6 payment
     12s        0            2.0            8.5      8.4      8.9      8.9      8.9 stockLevel
_elapsed___errors__ops/sec(inst)___ops/sec(cum)__p50(ms)__p95(ms)__p99(ms)_pMax(ms)
     13s        0            1.0            7.8    117.4    117.4    117.4    117.4 delivery
     13s        0           33.0           83.6     27.3   3087.0   4831.8   4831.8 newOrder
     13s        0            3.0            8.1     23.1     46.1     46.1     46.1 orderStatus
     13s        0           35.0           79.0      8.4   9126.8  10200.5  10200.5 payment
     13s        0            2.0            8.0     10.0     10.5     10.5     10.5 stockLevel
     14s        0            5.0            7.6     33.6     46.1     46.1     46.1 delivery
     14s        0           56.0           81.6     22.0     96.5    151.0    671.1 newOrder
     14s        0            2.0            7.6      3.1      3.7      3.7      3.7 orderStatus
     14s        0           47.0           76.7      7.9  11274.3  13958.6  13958.6 payment
     14s        0            5.0            7.8     10.0     30.4     30.4     30.4 stockLevel
     15s        0            4.0            7.4     39.8    805.3    805.3    805.3 delivery
     15s        0           10.0           76.9     25.2    838.9    838.9    838.9 newOrder
     15s        0            3.0            7.3      4.5      4.7      4.7      4.7 orderStatus
     15s        0           14.0           72.5     10.0     96.5    805.3    805.3 payment
     15s        0            2.0            7.4      8.1     92.3     92.3     92.3 stockLevel
     16s        0            0.0            6.9      0.0      0.0      0.0      0.0 delivery
     16s        0            0.0           72.1      0.0      0.0      0.0      0.0 newOrder
     16s        0            0.0            6.9      0.0      0.0      0.0      0.0 orderStatus
     16s        0            0.0           68.0      0.0      0.0      0.0      0.0 payment
     16s        0            0.0            6.9      0.0      0.0      0.0      0.0 stockLevel
_elapsed___errors__ops/sec(inst)___ops/sec(cum)__p50(ms)__p95(ms)__p99(ms)_pMax(ms)
     17s        0            1.0            6.6     44.0     44.0     44.0     44.0 delivery
     17s        0            6.0           68.2   2684.4   6710.9   6710.9   6710.9 newOrder
     17s        0            1.0            6.5   2818.6   2818.6   2818.6   2818.6 orderStatus
     17s        0            4.0           64.2      8.9     79.7     79.7     79.7 payment
     17s        0            2.0            6.6     12.1     13.6     13.6     13.6 stockLevel
     18s        0           14.0            7.0     39.8     88.1    113.2    113.2 delivery
     18s        0          110.9           70.6     23.1    436.2   4563.4   5637.1 newOrder
     18s        0            9.0            6.7      3.7      4.7      4.7      4.7 orderStatus
     18s        0          109.0           66.7     15.7  16106.1  17179.9  17179.9 payment
     18s        0            9.0            6.8     11.5     23.1     23.1     23.1 stockLevel
     19s        0            0.0            6.6      0.0      0.0      0.0      0.0 delivery
     19s        0            7.0           67.2     31.5   1275.1   1275.1   1275.1 newOrder
     19s        0            0.0            6.3      0.0      0.0      0.0      0.0 orderStatus
     19s        0           10.0           63.7      9.4  19327.4  19327.4  19327.4 payment
     19s        0            1.0            6.5   1040.2   1040.2   1040.2   1040.2 stockLevel
     20s        0            8.0            6.7     41.9     50.3     50.3     50.3 delivery
     20s        0          121.9           69.9     25.2   1543.5   2415.9   2550.1 newOrder
     20s        0           12.0            6.6      4.5    385.9   1342.2   1342.2 orderStatus
     20s        0          136.9           67.4      8.9  16106.1  18253.6  19327.4 payment
     20s        0           20.0            7.1     12.1    704.6   1543.5   1543.5 stockLevel
_elapsed___errors__ops/sec(inst)___ops/sec(cum)__p50(ms)__p95(ms)__p99(ms)_pMax(ms)
     21s        0           22.0            7.4     35.7     96.5    192.9    192.9 delivery
     21s        0          161.0           74.3     23.1    184.5    838.9   3221.2 newOrder
     21s        0           17.0            7.1      4.1    117.4    318.8    318.8 orderStatus
     21s        0          165.0           72.0      8.1    234.9  17179.9  20401.1 payment
     21s        0           11.0            7.3     10.0    109.1    125.8    125.8 stockLevel
     22s        0           12.0            7.6     44.0     65.0     75.5     75.5 delivery
     22s        0          129.0           76.8     24.1    243.3   1677.7   2013.3 newOrder
     22s        0           13.0            7.4      3.9     58.7     83.9     83.9 orderStatus
     22s        0          116.0           74.0      8.4    151.0   8321.5  19327.4 payment
     22s        0           17.0            7.8     10.5    121.6    125.8    125.8 stockLevel
     23s        0            5.0            7.5     44.0     58.7     58.7     58.7 delivery
     23s        0           68.0           76.4     25.2   1879.0   2281.7   2952.8 newOrder
     23s        0            7.0            7.3      4.1    226.5    226.5    226.5 orderStatus
     23s        0           69.0           73.8      8.9   1342.2  22548.6  23622.3 payment
     23s        0            4.0            7.6      8.1     15.2     15.2     15.2 stockLevel
     24s        0            3.0            7.3     35.7     39.8     39.8     39.8 delivery
     24s        0           29.0           74.4     19.9   1275.1   3623.9   3623.9 newOrder
     24s        0            3.0            7.2      4.1     15.2     15.2     15.2 orderStatus
     24s        0           21.0           71.6      8.9  21474.8  23622.3  23622.3 payment
     24s        0            3.0            7.4     10.5     12.1     12.1     12.1 stockLevel
_elapsed___errors__ops/sec(inst)___ops/sec(cum)__p50(ms)__p95(ms)__p99(ms)_pMax(ms)
     25s        0            0.0            7.0      0.0      0.0      0.0      0.0 delivery
     25s        0            3.0           71.6     32.5   1543.5   1543.5   1543.5 newOrder
     25s        0            0.0            6.9      0.0      0.0      0.0      0.0 orderStatus
     25s        0            1.0           68.8  22548.6  22548.6  22548.6  22548.6 payment
     25s        0            0.0            7.1      0.0      0.0      0.0      0.0 stockLevel
     26s        0            3.0            6.9     65.0     75.5     75.5     75.5 delivery
     26s        0           43.0           70.5     24.1   1543.5   2013.3   2013.3 newOrder
     26s        0            6.0            6.8      4.1     92.3     92.3     92.3 orderStatus
     26s        0           44.0           67.8      8.4   1610.6   1610.6   1610.6 payment
     26s        0            6.0            7.1      8.4     14.7     14.7     14.7 stockLevel
     27s        0            2.0            6.7     37.7    604.0    604.0    604.0 delivery
     27s        0           50.0           69.7     24.1   4831.8   6442.5   6442.5 newOrder
     27s        0            7.0            6.9      3.7     52.4     52.4     52.4 orderStatus
     27s        0           38.0           66.7      9.4  13958.6  25769.8  25769.8 payment
     27s        0            3.0            6.9      8.9      9.4      9.4      9.4 stockLevel
     28s        0            9.0            6.8     37.7    142.6    142.6    142.6 delivery
     28s        0           65.9           69.6     22.0    352.3    973.1   2281.7 newOrder
     28s        0            5.0            6.8      3.7    637.5    637.5    637.5 orderStatus
     28s        0           84.9           67.4      9.4  25769.8  27917.3  27917.3 payment
     28s        0            7.0            6.9     10.0    385.9    385.9    385.9 stockLevel
_elapsed___errors__ops/sec(inst)___ops/sec(cum)__p50(ms)__p95(ms)__p99(ms)_pMax(ms)
     29s        0            8.0            6.8     35.7     71.3     71.3     71.3 delivery
     29s        0           88.1           70.2     25.2    209.7   1275.1   2952.8 newOrder
     29s        0           12.0            7.0      3.9     11.0     28.3     28.3 orderStatus
     29s        0           77.1           67.7      8.9   3221.2  25769.8  28991.0 payment
     29s        0           11.0            7.1      9.4     50.3    209.7    209.7 stockLevel
     30s        0            8.0            6.9     39.8    104.9    104.9    104.9 delivery
     30s        0           67.0           70.1     26.2   1342.2   1409.3   2415.9 newOrder
     30s        0            2.0            6.8      3.7      4.5      4.5      4.5 orderStatus
     30s        0           58.0           67.4      8.1  10200.5  18253.6  27917.3 payment
     30s        0            6.0            7.0     11.5    226.5    226.5    226.5 stockLevel
     31s        0           18.0            7.2     46.1    109.1   1040.2   1040.2 delivery
     31s        0          165.0           73.2     33.6   1040.2   2415.9   2550.1 newOrder
     31s        0           21.0            7.3      3.8     25.2     35.7     35.7 orderStatus
     31s        0          204.0           71.8     13.6   9663.7  25769.8  27917.3 payment
     31s        0           20.0            7.5     16.8     83.9   1073.7   1073.7 stockLevel
     32s        0            4.0            7.1     35.7     39.8     39.8     39.8 delivery
     32s        0           58.0           72.7     23.1    104.9    637.5    771.8 newOrder
     32s        0            7.0            7.2      4.2     50.3     50.3     50.3 orderStatus
     32s        0           58.0           71.4     10.5    838.9    906.0    939.5 payment
     32s        0            3.0            7.3    738.2    805.3    805.3    805.3 stockLevel
_elapsed___errors__ops/sec(inst)___ops/sec(cum)__p50(ms)__p95(ms)__p99(ms)_pMax(ms)
     33s        0            7.0            7.1     37.7     67.1     67.1     67.1 delivery
     33s        0           75.0           72.8     30.4   1811.9   1946.2   3355.4 newOrder
     33s        0            6.0            7.2      4.1      9.4      9.4      9.4 orderStatus
     33s        0           65.0           71.2      8.4  11811.2  30064.8  33286.0 payment
     33s        0            6.0            7.3      8.9     83.9     83.9     83.9 stockLevel
     34s        0            5.0            7.1     37.7     39.8     39.8     39.8 delivery
     34s        0           46.0           72.0     23.1    100.7   1073.7   1073.7 newOrder
     34s        0            6.0            7.2      3.7     79.7     79.7     79.7 orderStatus
     34s        0           60.0           70.9      8.4     92.3  13958.6  16106.1 payment
     34s        0            5.0            7.2     10.0     19.9     19.9     19.9 stockLevel
     35s        0            0.0            6.9      0.0      0.0      0.0      0.0 delivery
     35s        0            0.0           69.9      0.0      0.0      0.0      0.0 newOrder
     35s        0            0.0            7.0      0.0      0.0      0.0      0.0 orderStatus
     35s        0            0.0           68.8      0.0      0.0      0.0      0.0 payment
     35s        0            0.0            7.0      0.0      0.0      0.0      0.0 stockLevel
     36s        0           11.0            7.0     41.9     48.2     75.5     75.5 delivery
     36s        0           80.0           70.2     23.1   3087.0   4160.7   5100.3 newOrder
     36s        0            8.0            7.0      3.7     33.6     33.6     33.6 orderStatus
     36s        0           82.0           69.2      9.4  10200.5  32212.3  34359.7 payment
     36s        0           10.0            7.1     12.1    234.9    234.9    234.9 stockLevel
_elapsed___errors__ops/sec(inst)___ops/sec(cum)__p50(ms)__p95(ms)__p99(ms)_pMax(ms)
     37s        0            6.0            6.9     39.8     75.5     75.5     75.5 delivery
     37s        0           81.0           70.5     23.1    486.5   3221.2   4026.5 newOrder
     37s        0            8.0            7.0      3.5      5.2      5.2      5.2 orderStatus
     37s        0           77.0           69.4      8.4   3087.0  28991.0  36507.2 payment
     37s        0            7.0            7.1      9.4    142.6    142.6    142.6 stockLevel
     38s        0            5.0            6.9     37.7    973.1    973.1    973.1 delivery
     38s        0           69.0           70.4     27.3   2013.3   2415.9   4295.0 newOrder
     38s        0            3.0            6.9      4.5     28.3     28.3     28.3 orderStatus
     38s        0           71.0           69.4     10.5   7516.2  34359.7  38654.7 payment
     38s        0            7.0            7.1     10.0    268.4    268.4    268.4 stockLevel
     39s        0           15.0            7.1     44.0     71.3     79.7     79.7 delivery
     39s        0          135.0           72.1     23.1    104.9    335.5   1677.7 newOrder
     39s        0           17.0            7.2      3.5     19.9     21.0     21.0 orderStatus
     39s        0          123.0           70.8      8.1    268.4  10737.4  18253.6 payment
     39s        0           13.0            7.2     13.1     25.2     79.7     79.7 stockLevel
     40s        0            1.0            6.9     35.7     35.7     35.7     35.7 delivery
     40s        0            8.0           70.5     30.4   2013.3   2013.3   2013.3 newOrder
     40s        0            0.0            7.0      0.0      0.0      0.0      0.0 orderStatus
     40s        0            6.0           69.2     10.5  22548.6  22548.6  22548.6 payment
     40s        0            0.0            7.0      0.0      0.0      0.0      0.0 stockLevel
_elapsed___errors__ops/sec(inst)___ops/sec(cum)__p50(ms)__p95(ms)__p99(ms)_pMax(ms)
     41s        0           13.0            7.1     39.8     79.7    125.8    125.8 delivery
     41s        0          129.9           72.0     24.1   1811.9   2013.3   2281.7 newOrder
     41s        0           11.0            7.1      4.5    142.6    159.4    159.4 orderStatus
     41s        0          132.9           70.8     16.8  11274.3  38654.7  40802.2 payment
     41s        0           12.0            7.2     11.0    100.7    142.6    142.6 stockLevel
     42s        0           14.0            7.3     41.9    184.5    419.4    419.4 delivery
     42s        0           94.0           72.5     26.2    738.2    906.0   1946.2 newOrder
     42s        0           14.0            7.3      3.5    100.7    192.9    192.9 orderStatus
     42s        0          114.0           71.8      8.9  10200.5  22548.6  40802.2 payment
     42s        0           13.0            7.3     10.0    159.4    167.8    167.8 stockLevel
     43s        0           13.0            7.4     46.1    109.1    318.8    318.8 delivery
     43s        0          123.9           73.7     25.2    838.9   2415.9   4563.4 newOrder
     43s        0           14.0            7.4      5.0     48.2    704.6    704.6 orderStatus
     43s        0          112.9           72.7     11.5   6979.3  22548.6  38654.7 payment
     43s        0           13.0            7.4     12.6    302.0    738.2    738.2 stockLevel
     44s        0           10.0            7.5     37.7     56.6     56.6     56.6 delivery
     44s        0          105.1           74.4     25.2    671.1    872.4    973.1 newOrder
     44s        0           10.0            7.5      3.4      5.5      5.5      5.5 orderStatus
     44s        0          110.1           73.6      8.4   2818.6  16643.0  30064.8 payment
     44s        0           11.0            7.5     10.5     52.4    130.0    130.0 stockLevel
_elapsed___errors__ops/sec(inst)___ops/sec(cum)__p50(ms)__p95(ms)__p99(ms)_pMax(ms)
     45s        0            5.0            7.4     39.8     71.3     71.3     71.3 delivery
     45s        0           50.0           73.8     22.0    771.8   1610.6   1610.6 newOrder
     45s        0            3.0            7.4      4.2      8.9      8.9      8.9 orderStatus
     45s        0           37.0           72.8      8.9   2818.6  15032.4  15032.4 payment
     45s        0            4.0            7.4      9.4     39.8     39.8     39.8 stockLevel
     46s        0            0.0            7.2      0.0      0.0      0.0      0.0 delivery
     46s        0            0.0           72.2      0.0      0.0      0.0      0.0 newOrder
     46s        0            0.0            7.2      0.0      0.0      0.0      0.0 orderStatus
     46s        0            0.0           71.2      0.0      0.0      0.0      0.0 payment
     46s        0            0.0            7.3      0.0      0.0      0.0      0.0 stockLevel
     47s        0            2.0            7.1     41.9     41.9     41.9     41.9 delivery
     47s        0           32.0           71.4     24.1   2818.6   3489.7   3489.7 newOrder
     47s        0            5.0            7.2      4.5     75.5     75.5     75.5 orderStatus
     47s        0           25.0           70.2      8.1    109.1   2281.7   2281.7 payment
     47s        0            3.0            7.2     10.5     67.1     67.1     67.1 stockLevel
     48s        0           10.0            7.2     37.7     67.1     67.1     67.1 delivery
     48s        0           85.0           71.7     28.3   4160.7   4563.4   4831.8 newOrder
     48s        0            8.0            7.2      3.9     46.1     46.1     46.1 orderStatus
     48s        0           91.0           70.6      8.4    176.2   5637.1   6979.3 payment
     48s        0            9.0            7.2      9.4    671.1    671.1    671.1 stockLevel
_elapsed___errors__ops/sec(inst)___ops/sec(cum)__p50(ms)__p95(ms)__p99(ms)_pMax(ms)
     49s        0            1.0            7.1    151.0    151.0    151.0    151.0 delivery
     49s        0           11.0           70.4     22.0     75.5     79.7     79.7 newOrder
     49s        0            0.0            7.0      0.0      0.0      0.0      0.0 orderStatus
     49s        0            6.0           69.3      7.6     54.5     54.5     54.5 payment
     49s        0            2.0            7.1     10.5     11.0     11.0     11.0 stockLevel
     50s        0            0.0            6.9      0.0      0.0      0.0      0.0 delivery
     50s        0            0.0           69.0      0.0      0.0      0.0      0.0 newOrder
     50s        0            0.0            6.9      0.0      0.0      0.0      0.0 orderStatus
     50s        0            0.0           67.9      0.0      0.0      0.0      0.0 payment
     50s        0            0.0            7.0      0.0      0.0      0.0      0.0 stockLevel
     51s        0            0.0            6.8      0.0      0.0      0.0      0.0 delivery
     51s        0            0.0           67.7      0.0      0.0      0.0      0.0 newOrder
     51s        0            0.0            6.8      0.0      0.0      0.0      0.0 orderStatus
     51s        0            0.0           66.6      0.0      0.0      0.0      0.0 payment
     51s        0            0.0            6.8      0.0      0.0      0.0      0.0 stockLevel
     52s        0            0.0            6.7      0.0      0.0      0.0      0.0 delivery
     52s        0            1.0           66.4   8053.1   8053.1   8053.1   8053.1 newOrder
     52s        0            0.0            6.6      0.0      0.0      0.0      0.0 orderStatus
     52s        0            0.0           65.3      0.0      0.0      0.0      0.0 payment
     52s        0            1.0            6.7     10.5     10.5     10.5     10.5 stockLevel
_elapsed___errors__ops/sec(inst)___ops/sec(cum)__p50(ms)__p95(ms)__p99(ms)_pMax(ms)
     53s        0            4.0            6.6     41.9     67.1     67.1     67.1 delivery
     53s        0           27.0           65.6     23.1   5368.7   5368.7   5368.7 newOrder
     53s        0            4.0            6.6      4.1     88.1     88.1     88.1 orderStatus
     53s        0           24.0           64.5      8.4   4563.4   4831.8   4831.8 payment
     53s        0            4.0            6.7      8.1     30.4     30.4     30.4 stockLevel
     54s        0            7.0            6.6     37.7     60.8     60.8     60.8 delivery
     54s        0           57.0           65.5     26.2   5368.7   5637.1   5637.1 newOrder
     54s        0            7.0            6.6     10.5    113.2    113.2    113.2 orderStatus
     54s        0           84.0           64.9      8.4  21474.8  34359.7  49392.1 payment
     54s        0            6.0            6.7     12.1     56.6     56.6     56.6 stockLevel
     55s        0            7.0            6.6     39.8     54.5     54.5     54.5 delivery
     55s        0           60.0           65.4     24.1    402.7   6710.9   6710.9 newOrder
     55s        0            4.0            6.5      4.7    302.0    302.0    302.0 orderStatus
     55s        0           68.0           65.0      9.4  15032.4  19327.4  21474.8 payment
     55s        0            6.0            6.7     11.0     96.5     96.5     96.5 stockLevel
     56s        0            9.0            6.7     39.8     75.5     75.5     75.5 delivery
     56s        0           83.0           65.7     23.1    704.6   1409.3   1409.3 newOrder
     56s        0           10.0            6.6      3.9     25.2     25.2     25.2 orderStatus
     56s        0           76.0           65.2      8.9  12348.0  24696.1  53687.1 payment
     56s        0            7.0            6.7     12.6     83.9     83.9     83.9 stockLevel
_elapsed___errors__ops/sec(inst)___ops/sec(cum)__p50(ms)__p95(ms)__p99(ms)_pMax(ms)
     57s        0            2.0            6.6     37.7     39.8     39.8     39.8 delivery
     57s        0           20.0           64.9     25.2   1543.5   2281.7   2281.7 newOrder
     57s        0            1.0            6.5      4.2      4.2      4.2      4.2 orderStatus
     57s        0           15.0           64.3      8.9     18.9     21.0     21.0 payment
     57s        0            1.0            6.6     10.5     10.5     10.5     10.5 stockLevel
     58s        0            6.0            6.6     41.9     46.1     46.1     46.1 delivery
     58s        0           52.0           64.7     26.2   2550.1   3758.1   4831.8 newOrder
     58s        0            9.0            6.6      3.9    671.1    671.1    671.1 orderStatus
     58s        0           56.0           64.1     10.5    671.1  10737.4  17179.9 payment
     58s        0            4.0            6.5     11.0   2080.4   2080.4   2080.4 stockLevel
     59s        0            1.0            6.5     39.8     39.8     39.8     39.8 delivery
     59s        0           28.0           64.1     23.1    671.1    771.8    771.8 newOrder
     59s        0            2.0            6.5      4.1     13.6     13.6     13.6 orderStatus
     59s        0           28.0           63.5      8.9  15032.4  18253.6  18253.6 payment
     59s        0            2.0            6.4     11.5     21.0     21.0     21.0 stockLevel
    1m0s        0            0.0            6.4      0.0      0.0      0.0      0.0 delivery
    1m0s        0            8.0           63.1     25.2   5637.1   5637.1   5637.1 newOrder
    1m0s        0            0.0            6.4      0.0      0.0      0.0      0.0 orderStatus
    1m0s        0            6.0           62.6      8.4     37.7     37.7     37.7 payment
    1m0s        0            1.0            6.3     12.6     12.6     12.6     12.6 stockLevel

_elapsed___errors_____ops(total)___ops/sec(cum)__avg(ms)__p50(ms)__p95(ms)__p99(ms)_pMax(ms)__total
   60.0s        0            382            6.4     58.1     39.8    113.2    419.4   1040.2  delivery
   60.0s        0           3787           63.1    218.3     25.2   1342.2   4160.7   8053.1  newOrder
   60.0s        0            382            6.4     36.0      4.1     92.3    671.1   2818.6  orderStatus
   60.0s        0           3754           62.6    990.5      9.4   6979.3  22548.6  53687.1  payment
   60.0s        0            381            6.3     67.7     12.1    302.0    872.4   2080.4  stockLevel

_elapsed___errors_____ops(total)___ops/sec(cum)__avg(ms)__p50(ms)__p95(ms)__p99(ms)_pMax(ms)__result
   60.0s        0           8686          144.8    530.4     22.0   1744.8  16106.1  53687.1  
Audit check 9.2.1.7: SKIP: not enough delivery transactions to be statistically significant
Audit check 9.2.2.5.1: SKIP: not enough orders to be statistically significant
Audit check 9.2.2.5.2: SKIP: not enough orders to be statistically significant
Audit check 9.2.2.5.3: SKIP: not enough orders to be statistically significant
Audit check 9.2.2.5.4: SKIP: not enough payments to be statistically significant
Audit check 9.2.2.5.5: SKIP: not enough payments to be statistically significant
Audit check 9.2.2.5.6: SKIP: not enough order status transactions to be statistically significant

_elapsed_______tpmC____efc__avg(ms)__p50(ms)__p90(ms)__p95(ms)__p99(ms)_pMax(ms)
   60.0s     3786.9 2944.7%    218.3     25.2    385.9   1342.2   4160.7   8053.1
