***************************************
*** ###easy### TPC-C Load Generator ***
***************************************
option h with value '192.168.122.77'
option P with value '3306'
option d with value 'benchmarker'
option u with value 'root'
option p with value '123456'
option w with value '11'
option c with value '2'
option r with value '22'
option l with value '60'
option i with value '10'
<Parameters>
     [server]: 192.168.122.77
     [port]: 3306
     [DBname]: benchmarker
       [user]: root
       [pass]: 123456
  [warehouse]: 11
 [connection]: 2
     [rampup]: 22 (sec.)
    [measure]: 60 (sec.)

RAMP-UP TIME.(22 sec.)

MEASURING START.

  10, trx: 1323, 95%: 12.869, 99%: 16.008, max_rt: 24.179, 1319|11.652, 131|2.727, 131|40.943, 132|57.975
  20, trx: 1342, 95%: 12.216, 99%: 15.123, max_rt: 31.047, 1344|14.667, 135|7.074, 135|30.856, 135|43.508
  30, trx: 1324, 95%: 12.614, 99%: 15.429, max_rt: 21.628, 1326|14.662, 133|2.157, 133|29.681, 132|45.507
  40, trx: 1208, 95%: 13.721, 99%: 16.688, max_rt: 22.254, 1204|14.855, 120|3.504, 120|27.977, 121|54.660
  50, trx: 1261, 95%: 12.939, 99%: 16.239, max_rt: 24.398, 1265|7.223, 127|2.432, 127|37.407, 126|50.709
  60, trx: 1407, 95%: 11.764, 99%: 16.445, max_rt: 22.718, 1406|8.247, 140|1.826, 140|33.501, 141|39.314

STOPPING THREADS..

<Raw Results>
  [0] sc:825 lt:7040  rt:0  fl:0 avg_rt: 11.3 (5)
  [1] sc:7818 lt:46  rt:0  fl:0 avg_rt: 2.7 (5)
  [2] sc:785 lt:1  rt:0  fl:0 avg_rt: 1.5 (5)
  [3] sc:786 lt:0  rt:0  fl:0 avg_rt: 25.7 (80)
  [4] sc:4 lt:783  rt:0  fl:0 avg_rt: 41.3 (20)
 in 60 sec.

<Raw Results2(sum ver.)>
  [0] sc:825  lt:7040  rt:0  fl:0 
  [1] sc:7818  lt:46  rt:0  fl:0 
  [2] sc:785  lt:1  rt:0  fl:0 
  [3] sc:786  lt:0  rt:0  fl:0 
  [4] sc:4  lt:783  rt:0  fl:0 

<Constraint Check> (all must be [OK])
 [transaction percentage]
        Payment: 43.48% (>=43.0%) [OK]
   Order-Status: 4.35% (>= 4.0%) [OK]
       Delivery: 4.35% (>= 4.0%) [OK]
    Stock-Level: 4.35% (>= 4.0%) [OK]
 [response time (at least 90% passed)]
      New-Order: 10.49%  [NG] *
        Payment: 99.42%  [OK]
   Order-Status: 99.87%  [OK]
       Delivery: 100.00%  [OK]
    Stock-Level: 0.51%  [NG] *

<TpmC>
                 7865.000 TpmC
