***************************************
*** ###easy### TPC-C Load Generator ***
***************************************
option h with value '192.168.122.77'
option P with value '3306'
option d with value 'benchmarker'
option u with value 'root'
option p with value '123456'
option w with value '11'
option c with value '8'
option r with value '22'
option l with value '60'
option i with value '10'
<Parameters>
     [server]: 192.168.122.77
     [port]: 3306
     [DBname]: benchmarker
       [user]: root
       [pass]: 123456
  [warehouse]: 11
 [connection]: 8
     [rampup]: 22 (sec.)
    [measure]: 60 (sec.)

RAMP-UP TIME.(22 sec.)

MEASURING START.

  10, trx: 1135, 95%: 67.229, 99%: 85.599, max_rt: 143.536, 1135|66.658, 114|22.048, 113|229.290, 113|323.289
  20, trx: 1085, 95%: 67.958, 99%: 84.479, max_rt: 100.013, 1088|49.966, 108|15.394, 108|175.798, 108|261.069
  30, trx: 1037, 95%: 68.920, 99%: 88.996, max_rt: 114.092, 1034|45.748, 104|26.214, 105|141.741, 105|271.350
  40, trx: 1104, 95%: 65.130, 99%: 79.071, max_rt: 113.948, 1104|61.789, 110|28.021, 110|170.076, 110|222.225
  50, trx: 1154, 95%: 62.775, 99%: 77.432, max_rt: 111.141, 1156|52.596, 116|22.162, 115|135.512, 115|247.291
  60, trx: 1155, 95%: 64.974, 99%: 82.061, max_rt: 128.737, 1158|58.529, 116|21.139, 115|150.663, 116|303.596

STOPPING THREADS........

<Raw Results>
  [0] sc:0 lt:6670  rt:0  fl:0 avg_rt: 52.4 (5)
  [1] sc:733 lt:5942  rt:0  fl:0 avg_rt: 13.2 (5)
  [2] sc:423 lt:245  rt:0  fl:0 avg_rt: 6.7 (5)
  [3] sc:217 lt:449  rt:0  fl:0 avg_rt: 123.1 (80)
  [4] sc:0 lt:667  rt:0  fl:0 avg_rt: 197.7 (20)
 in 60 sec.

<Raw Results2(sum ver.)>
  [0] sc:0  lt:6670  rt:0  fl:0 
  [1] sc:733  lt:5942  rt:0  fl:0 
  [2] sc:423  lt:245  rt:0  fl:0 
  [3] sc:217  lt:449  rt:0  fl:0 
  [4] sc:0  lt:667  rt:0  fl:0 

<Constraint Check> (all must be [OK])
 [transaction percentage]
        Payment: 43.50% (>=43.0%) [OK]
   Order-Status: 4.35% (>= 4.0%) [OK]
       Delivery: 4.34% (>= 4.0%) [OK]
    Stock-Level: 4.35% (>= 4.0%) [OK]
 [response time (at least 90% passed)]
      New-Order: 0.00%  [NG] *
        Payment: 10.98%  [NG] *
   Order-Status: 63.32%  [NG] *
       Delivery: 32.58%  [NG] *
    Stock-Level: 0.00%  [NG] *

<TpmC>
                 6670.000 TpmC
