[OVERALL], RunTime(ms), 299
[OVERALL], Throughput(ops/sec), 3344.4816053511704
[TOTAL_GCS_PS_Scavenge], Count, 0
[TOTAL_GC_TIME_PS_Scavenge], Time(ms), 0
[TOTAL_GC_TIME_%_PS_Scavenge], Time(%), 0.0
[TOTAL_GCS_PS_MarkSweep], Count, 0
[TOTAL_GC_TIME_PS_MarkSweep], Time(ms), 0
[TOTAL_GC_TIME_%_PS_MarkSweep], Time(%), 0.0
[TOTAL_GCs], Count, 0
[TOTAL_GC_TIME], Time(ms), 0
[TOTAL_GC_TIME_%], Time(%), 0.0
[CLEANUP], Operations, 16
[CLEANUP], AverageLatency(us), 806.5
[CLEANUP], MinLatency(us), 2
[CLEANUP], MaxLatency(us), 12815
[CLEANUP], 95thPercentileLatency(us), 17
[CLEANUP], 99thPercentileLatency(us), 12815
[INSERT], Operations, 48
[INSERT], AverageLatency(us), 227.25
[INSERT], MinLatency(us), 67
[INSERT], MaxLatency(us), 2645
[INSERT], 95thPercentileLatency(us), 382
[INSERT], 99thPercentileLatency(us), 2645
[INSERT], Return=OK, 48
[SCAN], Operations, 952
[SCAN], AverageLatency(us), 1116.656512605042
[SCAN], MinLatency(us), 23
[SCAN], MaxLatency(us), 10711
[SCAN], 95thPercentileLatency(us), 3759
[SCAN], 99thPercentileLatency(us), 7195
[SCAN], Return=OK, 952
