[OVERALL], RunTime(ms), 336
[OVERALL], Throughput(ops/sec), 2976.190476190476
[TOTAL_GCS_PS_Scavenge], Count, 0
[TOTAL_GC_TIME_PS_Scavenge], Time(ms), 0
[TOTAL_GC_TIME_%_PS_Scavenge], Time(%), 0.0
[TOTAL_GCS_PS_MarkSweep], Count, 0
[TOTAL_GC_TIME_PS_MarkSweep], Time(ms), 0
[TOTAL_GC_TIME_%_PS_MarkSweep], Time(%), 0.0
[TOTAL_GCs], Count, 0
[TOTAL_GC_TIME], Time(ms), 0
[TOTAL_GC_TIME_%], Time(%), 0.0
[READ], Operations, 1000
[READ], AverageLatency(us), 102.945
[READ], MinLatency(us), 7
[READ], MaxLatency(us), 1957
[READ], 95thPercentileLatency(us), 196
[READ], 99thPercentileLatency(us), 1325
[READ], Return=OK, 1000
[READ-MODIFY-WRITE], Operations, 506
[READ-MODIFY-WRITE], AverageLatency(us), 1075.8774703557312
[READ-MODIFY-WRITE], MinLatency(us), 42
[READ-MODIFY-WRITE], MaxLatency(us), 24879
[READ-MODIFY-WRITE], 95thPercentileLatency(us), 1547
[READ-MODIFY-WRITE], 99thPercentileLatency(us), 24527
[CLEANUP], Operations, 16
[CLEANUP], AverageLatency(us), 882.4375
[CLEANUP], MinLatency(us), 3
[CLEANUP], MaxLatency(us), 14039
[CLEANUP], 95thPercentileLatency(us), 17
[CLEANUP], 99thPercentileLatency(us), 14039
[UPDATE], Operations, 506
[UPDATE], AverageLatency(us), 605.2114624505929
[UPDATE], MinLatency(us), 29
[UPDATE], MaxLatency(us), 2669
[UPDATE], 95thPercentileLatency(us), 1475
[UPDATE], 99thPercentileLatency(us), 2597
[UPDATE], Return=OK, 506
