[OVERALL], RunTime(ms), 300
[OVERALL], Throughput(ops/sec), 3333.3333333333335
[TOTAL_GCS_PS_Scavenge], Count, 0
[TOTAL_GC_TIME_PS_Scavenge], Time(ms), 0
[TOTAL_GC_TIME_%_PS_Scavenge], Time(%), 0.0
[TOTAL_GCS_PS_MarkSweep], Count, 0
[TOTAL_GC_TIME_PS_MarkSweep], Time(ms), 0
[TOTAL_GC_TIME_%_PS_MarkSweep], Time(%), 0.0
[TOTAL_GCs], Count, 0
[TOTAL_GC_TIME], Time(ms), 0
[TOTAL_GC_TIME_%], Time(%), 0.0
[READ], Operations, 952
[READ], AverageLatency(us), 136.8981092436975
[READ], MinLatency(us), 19
[READ], MaxLatency(us), 2191
[READ], 95thPercentileLatency(us), 237
[READ], 99thPercentileLatency(us), 1844
[READ], Return=OK, 952
[CLEANUP], Operations, 16
[CLEANUP], AverageLatency(us), 817.875
[CLEANUP], MinLatency(us), 2
[CLEANUP], MaxLatency(us), 13039
[CLEANUP], 95thPercentileLatency(us), 8
[CLEANUP], 99thPercentileLatency(us), 13039
[INSERT], Operations, 48
[INSERT], AverageLatency(us), 404.2291666666667
[INSERT], MinLatency(us), 121
[INSERT], MaxLatency(us), 1704
[INSERT], 95thPercentileLatency(us), 1394
[INSERT], 99thPercentileLatency(us), 1704
[INSERT], Return=OK, 48
