[OVERALL], RunTime(ms), 337
[OVERALL], Throughput(ops/sec), 2967.359050445104
[TOTAL_GCS_PS_Scavenge], Count, 0
[TOTAL_GC_TIME_PS_Scavenge], Time(ms), 0
[TOTAL_GC_TIME_%_PS_Scavenge], Time(%), 0.0
[TOTAL_GCS_PS_MarkSweep], Count, 0
[TOTAL_GC_TIME_PS_MarkSweep], Time(ms), 0
[TOTAL_GC_TIME_%_PS_MarkSweep], Time(%), 0.0
[TOTAL_GCs], Count, 0
[TOTAL_GC_TIME], Time(ms), 0
[TOTAL_GC_TIME_%], Time(%), 0.0
[READ], Operations, 500
[READ], AverageLatency(us), 139.356
[READ], MinLatency(us), 15
[READ], MaxLatency(us), 3137
[READ], 95thPercentileLatency(us), 184
[READ], 99thPercentileLatency(us), 3013
[READ], Return=OK, 500
[CLEANUP], Operations, 16
[CLEANUP], AverageLatency(us), 765.875
[CLEANUP], MinLatency(us), 2
[CLEANUP], MaxLatency(us), 12207
[CLEANUP], 95thPercentileLatency(us), 7
[CLEANUP], 99thPercentileLatency(us), 12207
[UPDATE], Operations, 500
[UPDATE], AverageLatency(us), 359.102
[UPDATE], MinLatency(us), 75
[UPDATE], MaxLatency(us), 14799
[UPDATE], 95thPercentileLatency(us), 674
[UPDATE], 99thPercentileLatency(us), 2439
[UPDATE], Return=OK, 500
