[OVERALL], RunTime(ms), 325
[OVERALL], Throughput(ops/sec), 3076.923076923077
[TOTAL_GCS_PS_Scavenge], Count, 0
[TOTAL_GC_TIME_PS_Scavenge], Time(ms), 0
[TOTAL_GC_TIME_%_PS_Scavenge], Time(%), 0.0
[TOTAL_GCS_PS_MarkSweep], Count, 0
[TOTAL_GC_TIME_PS_MarkSweep], Time(ms), 0
[TOTAL_GC_TIME_%_PS_MarkSweep], Time(%), 0.0
[TOTAL_GCs], Count, 0
[TOTAL_GC_TIME], Time(ms), 0
[TOTAL_GC_TIME_%], Time(%), 0.0
[READ], Operations, 955
[READ], AverageLatency(us), 140.14659685863873
[READ], MinLatency(us), 15
[READ], MaxLatency(us), 1873
[READ], 95thPercentileLatency(us), 256
[READ], 99thPercentileLatency(us), 1056
[READ], Return=OK, 955
[CLEANUP], Operations, 16
[CLEANUP], AverageLatency(us), 711.875
[CLEANUP], MinLatency(us), 2
[CLEANUP], MaxLatency(us), 11343
[CLEANUP], 95thPercentileLatency(us), 9
[CLEANUP], 99thPercentileLatency(us), 11343
[UPDATE], Operations, 45
[UPDATE], AverageLatency(us), 581.6222222222223
[UPDATE], MinLatency(us), 167
[UPDATE], MaxLatency(us), 2497
[UPDATE], 95thPercentileLatency(us), 1660
[UPDATE], 99thPercentileLatency(us), 2497
[UPDATE], Return=OK, 45
