[OVERALL], RunTime(ms), 294
[OVERALL], Throughput(ops/sec), 3401.360544217687
[TOTAL_GCS_PS_Scavenge], Count, 0
[TOTAL_GC_TIME_PS_Scavenge], Time(ms), 0
[TOTAL_GC_TIME_%_PS_Scavenge], Time(%), 0.0
[TOTAL_GCS_PS_MarkSweep], Count, 0
[TOTAL_GC_TIME_PS_MarkSweep], Time(ms), 0
[TOTAL_GC_TIME_%_PS_MarkSweep], Time(%), 0.0
[TOTAL_GCs], Count, 0
[TOTAL_GC_TIME], Time(ms), 0
[TOTAL_GC_TIME_%], Time(%), 0.0
[READ], Operations, 1000
[READ], AverageLatency(us), 149.161
[READ], MinLatency(us), 15
[READ], MaxLatency(us), 4303
[READ], 95thPercentileLatency(us), 232
[READ], 99thPercentileLatency(us), 1929
[READ], Return=OK, 1000
[CLEANUP], Operations, 16
[CLEANUP], AverageLatency(us), 683.375
[CLEANUP], MinLatency(us), 2
[CLEANUP], MaxLatency(us), 10879
[CLEANUP], 95thPercentileLatency(us), 10
[CLEANUP], 99thPercentileLatency(us), 10879
