***************************************
*** ###easy### TPC-C Load Generator ***
***************************************
option h with value '192.168.122.79'
option P with value '3306'
option d with value 'benchmarker'
option u with value 'root'
option p with value '123456'
option w with value '11'
option c with value '64'
option r with value '22'
option l with value '60'
option i with value '10'
<Parameters>
     [server]: 192.168.122.79
     [port]: 3306
     [DBname]: benchmarker
       [user]: root
       [pass]: 123456
  [warehouse]: 11
 [connection]: 64
     [rampup]: 22 (sec.)
    [measure]: 60 (sec.)

RAMP-UP TIME.(22 sec.)

MEASURING START.

  10, trx: 5016, 95%: 103.612, 99%: 138.727, max_rt: 271.784, 5021|389.262, 503|77.348, 511|719.733, 502|243.282
  20, trx: 5099, 95%: 101.100, 99%: 134.959, max_rt: 229.994, 5086|324.051, 508|57.691, 498|593.827, 506|227.052
  30, trx: 5019, 95%: 101.829, 99%: 137.322, max_rt: 284.592, 5024|414.279, 502|51.450, 510|624.439, 500|193.263
  40, trx: 5049, 95%: 102.624, 99%: 135.242, max_rt: 217.730, 5036|254.375, 505|41.960, 506|702.879, 508|229.922
  50, trx: 4960, 95%: 103.519, 99%: 138.312, max_rt: 214.303, 4967|285.855, 496|57.739, 492|487.553, 497|264.143
  60, trx: 5028, 95%: 103.271, 99%: 135.444, max_rt: 231.264, 5030|343.708, 503|60.834, 499|772.810, 504|216.727

STOPPING THREADS................................................................

<Raw Results>
  [0] sc:2 lt:30169  rt:0  fl:0 avg_rt: 70.7 (5)
  [1] sc:2409 lt:27755  rt:0  fl:0 avg_rt: 55.8 (5)
  [2] sc:1485 lt:1532  rt:0  fl:0 avg_rt: 9.4 (5)
  [3] sc:83 lt:2933  rt:0  fl:0 avg_rt: 323.0 (80)
  [4] sc:0 lt:3017  rt:0  fl:0 avg_rt: 135.0 (20)
 in 60 sec.

<Raw Results2(sum ver.)>
  [0] sc:2  lt:30169  rt:0  fl:0 
  [1] sc:2409  lt:27764  rt:0  fl:0 
  [2] sc:1485  lt:1532  rt:0  fl:0 
  [3] sc:83  lt:2933  rt:0  fl:0 
  [4] sc:0  lt:3017  rt:0  fl:0 

<Constraint Check> (all must be [OK])
 [transaction percentage]
        Payment: 43.47% (>=43.0%) [OK]
   Order-Status: 4.35% (>= 4.0%) [OK]
       Delivery: 4.35% (>= 4.0%) [OK]
    Stock-Level: 4.35% (>= 4.0%) [OK]
 [response time (at least 90% passed)]
      New-Order: 0.01%  [NG] *
        Payment: 7.99%  [NG] *
   Order-Status: 49.22%  [NG] *
       Delivery: 2.75%  [NG] *
    Stock-Level: 0.00%  [NG] *

<TpmC>
                 30171.000 TpmC
