***************************************
*** ###easy### TPC-C Load Generator ***
***************************************
option h with value '192.168.122.79'
option P with value '3306'
option d with value 'benchmarker'
option u with value 'root'
option p with value '123456'
option w with value '11'
option c with value '32'
option r with value '22'
option l with value '60'
option i with value '10'
<Parameters>
     [server]: 192.168.122.79
     [port]: 3306
     [DBname]: benchmarker
       [user]: root
       [pass]: 123456
  [warehouse]: 11
 [connection]: 32
     [rampup]: 22 (sec.)
    [measure]: 60 (sec.)

RAMP-UP TIME.(22 sec.)

MEASURING START.

  10, trx: 5324, 95%: 58.529, 99%: 76.762, max_rt: 146.585, 5325|129.154, 532|46.136, 530|239.446, 533|171.163
  20, trx: 5244, 95%: 60.037, 99%: 75.464, max_rt: 123.726, 5242|128.762, 525|40.460, 526|223.402, 523|149.304
  30, trx: 5173, 95%: 59.714, 99%: 76.579, max_rt: 111.705, 5181|100.911, 518|33.189, 516|226.183, 519|157.299
  40, trx: 5252, 95%: 58.757, 99%: 78.977, max_rt: 130.119, 5246|106.588, 525|33.861, 525|177.668, 523|141.918
  50, trx: 5103, 95%: 61.935, 99%: 82.628, max_rt: 132.841, 5110|112.962, 510|20.375, 512|181.058, 512|144.782
  60, trx: 5354, 95%: 59.983, 99%: 78.318, max_rt: 136.157, 5349|99.208, 535|29.174, 533|177.719, 534|141.426

STOPPING THREADS................................

<Raw Results>
  [0] sc:22 lt:31428  rt:0  fl:0 avg_rt: 43.1 (5)
  [1] sc:8081 lt:23372  rt:0  fl:0 avg_rt: 18.0 (5)
  [2] sc:2057 lt:1088  rt:0  fl:0 avg_rt: 6.3 (5)
  [3] sc:1667 lt:1475  rt:0  fl:0 avg_rt: 111.9 (80)
  [4] sc:0 lt:3144  rt:0  fl:0 avg_rt: 101.6 (20)
 in 60 sec.

<Raw Results2(sum ver.)>
  [0] sc:22  lt:31428  rt:0  fl:0 
  [1] sc:8081  lt:23375  rt:0  fl:0 
  [2] sc:2057  lt:1088  rt:0  fl:0 
  [3] sc:1667  lt:1475  rt:0  fl:0 
  [4] sc:0  lt:3144  rt:0  fl:0 

<Constraint Check> (all must be [OK])
 [transaction percentage]
        Payment: 43.48% (>=43.0%) [OK]
   Order-Status: 4.35% (>= 4.0%) [OK]
       Delivery: 4.34% (>= 4.0%) [OK]
    Stock-Level: 4.35% (>= 4.0%) [OK]
 [response time (at least 90% passed)]
      New-Order: 0.07%  [NG] *
        Payment: 25.69%  [NG] *
   Order-Status: 65.41%  [NG] *
       Delivery: 53.06%  [NG] *
    Stock-Level: 0.00%  [NG] *

<TpmC>
                 31450.000 TpmC
