randw-4K-n1-c1: (g=0): rw=randwrite, bs=(R) 4096B-4096B, (W) 4096B-4096B, (T) 4096B-4096B, ioengine=libaio, iodepth=32
randw-4K-n2-c2: (g=1): rw=randwrite, bs=(R) 4096B-4096B, (W) 4096B-4096B, (T) 4096B-4096B, ioengine=libaio, iodepth=32
...
randw-4K-n4-c4: (g=2): rw=randwrite, bs=(R) 4096B-4096B, (W) 4096B-4096B, (T) 4096B-4096B, ioengine=libaio, iodepth=32
...
randw-4K-n8-c8: (g=3): rw=randwrite, bs=(R) 4096B-4096B, (W) 4096B-4096B, (T) 4096B-4096B, ioengine=libaio, iodepth=32
...
randw-4K-n12-c12: (g=4): rw=randwrite, bs=(R) 4096B-4096B, (W) 4096B-4096B, (T) 4096B-4096B, ioengine=libaio, iodepth=32
...
fio-3.1
Starting 27 processes

randw-4K-n1-c1: (groupid=0, jobs=1): err= 0: pid=1608: Wed Jul 24 23:13:37 2019
  write: IOPS=35.8k, BW=140MiB/s (147MB/s)(4197MiB/30003msec)
    slat (usec): min=2, max=831, avg= 5.35, stdev= 4.36
    clat (nsec): min=1705, max=7950.9k, avg=883705.25, stdev=876762.70
     lat (usec): min=15, max=7957, avg=890.02, stdev=876.67
    clat percentiles (usec):
     | 10.000th=[   62], 20.000th=[  135], 30.000th=[  273], 40.000th=[  412],
     | 50.000th=[  644], 70.000th=[ 1004], 90.000th=[ 2442], 99.000th=[ 3032],
     | 99.900th=[ 5473], 99.990th=[ 7504], 99.999th=[ 7898]
   bw (  KiB/s): min=105299, max=343673, per=78.92%, avg=113035.73, stdev=30598.79, samples=59
   iops        : min=26324, max=85918, avg=28258.59, stdev=7649.71, samples=59
  lat (usec)   : 2=0.01%, 4=0.01%, 10=0.01%, 20=2.23%, 50=5.88%
  lat (usec)   : 100=7.77%, 250=12.61%, 500=15.03%, 750=12.74%, 1000=13.63%
  lat (msec)   : 2=14.97%, 4=14.92%, 10=0.22%
  cpu          : usr=22.91%, sys=24.92%, ctx=85030, majf=0, minf=10
  IO depths    : 1=0.1%, 2=0.1%, 4=0.1%, 8=0.1%, 16=0.1%, 32=100.0%, >=64=0.0%
     submit    : 0=0.0%, 4=100.0%, 8=0.0%, 16=0.0%, 32=0.0%, 64=0.0%, >=64=0.0%
     complete  : 0=0.0%, 4=100.0%, 8=0.0%, 16=0.0%, 32=0.1%, 64=0.0%, >=64=0.0%
     issued rwt: total=0,1074310,0, short=0,0,0, dropped=0,0,0
     latency   : target=0, window=0, percentile=100.00%, depth=32
randw-4K-n2-c2: (groupid=1, jobs=2): err= 0: pid=1613: Wed Jul 24 23:13:37 2019
  write: IOPS=36.0k, BW=141MiB/s (147MB/s)(4220MiB/30003msec)
    slat (usec): min=3, max=16023, avg= 6.86, stdev=19.99
    clat (nsec): min=1568, max=16390k, avg=1765474.94, stdev=1423034.24
     lat (usec): min=15, max=16397, avg=1773.41, stdev=1423.07
    clat percentiles (usec):
     | 10.000th=[   78], 20.000th=[  359], 30.000th=[  717], 40.000th=[ 1106],
     | 50.000th=[ 1516], 70.000th=[ 2507], 90.000th=[ 3720], 99.000th=[ 5538],
     | 99.900th=[ 7242], 99.990th=[14222], 99.999th=[16319]
   bw (  KiB/s): min=53736, max=155679, per=39.66%, avg=57120.56, stdev=11498.06, samples=118
   iops        : min=13434, max=38919, avg=14279.76, stdev=2874.49, samples=118
  lat (usec)   : 2=0.01%, 4=0.01%, 10=0.01%, 20=1.40%, 50=5.83%
  lat (usec)   : 100=4.26%, 250=4.85%, 500=7.86%, 750=6.65%, 1000=6.30%
  lat (msec)   : 2=25.24%, 4=31.51%, 10=6.07%, 20=0.01%
  cpu          : usr=13.91%, sys=17.27%, ctx=230000, majf=0, minf=19
  IO depths    : 1=0.1%, 2=0.1%, 4=0.1%, 8=0.1%, 16=0.1%, 32=100.0%, >=64=0.0%
     submit    : 0=0.0%, 4=100.0%, 8=0.0%, 16=0.0%, 32=0.0%, 64=0.0%, >=64=0.0%
     complete  : 0=0.0%, 4=100.0%, 8=0.0%, 16=0.0%, 32=0.1%, 64=0.0%, >=64=0.0%
     issued rwt: total=0,1080212,0, short=0,0,0, dropped=0,0,0
     latency   : target=0, window=0, percentile=100.00%, depth=32
randw-4K-n4-c4: (groupid=2, jobs=4): err= 0: pid=1618: Wed Jul 24 23:13:37 2019
  write: IOPS=36.8k, BW=144MiB/s (151MB/s)(4310MiB/30007msec)
    slat (usec): min=3, max=3260, avg= 9.81, stdev= 8.41
    clat (usec): min=7, max=12030, avg=3463.99, stdev=1943.08
     lat (usec): min=16, max=12037, avg=3475.14, stdev=1942.91
    clat percentiles (usec):
     | 10.000th=[  922], 20.000th=[ 1516], 30.000th=[ 2180], 40.000th=[ 2802],
     | 50.000th=[ 3359], 70.000th=[ 4621], 90.000th=[ 6259], 99.000th=[ 7570],
     | 99.900th=[ 9634], 99.990th=[11207], 99.999th=[11731]
   bw (  KiB/s): min=32119, max=99132, per=23.68%, avg=34829.43, stdev=7755.43, samples=236
   iops        : min= 8029, max=24783, avg=8706.97, stdev=1938.88, samples=236
  lat (usec)   : 10=0.01%, 20=0.02%, 50=0.12%, 100=0.17%, 250=0.84%
  lat (usec)   : 500=2.43%, 750=3.54%, 1000=4.21%
  lat (msec)   : 2=15.98%, 4=33.35%, 10=39.26%, 20=0.06%
  cpu          : usr=9.88%, sys=13.19%, ctx=395884, majf=0, minf=42
  IO depths    : 1=0.1%, 2=0.1%, 4=0.1%, 8=0.1%, 16=0.1%, 32=100.0%, >=64=0.0%
     submit    : 0=0.0%, 4=100.0%, 8=0.0%, 16=0.0%, 32=0.0%, 64=0.0%, >=64=0.0%
     complete  : 0=0.0%, 4=100.0%, 8=0.0%, 16=0.0%, 32=0.1%, 64=0.0%, >=64=0.0%
     issued rwt: total=0,1103385,0, short=0,0,0, dropped=0,0,0
     latency   : target=0, window=0, percentile=100.00%, depth=32
randw-4K-n8-c8: (groupid=3, jobs=8): err= 0: pid=1624: Wed Jul 24 23:13:37 2019
  write: IOPS=36.6k, BW=143MiB/s (150MB/s)(4296MiB/30011msec)
    slat (usec): min=3, max=1800, avg=11.71, stdev= 8.39
    clat (usec): min=18, max=18515, avg=6964.00, stdev=2030.57
     lat (usec): min=24, max=18523, avg=6977.34, stdev=2030.56
    clat percentiles (usec):
     | 10.000th=[ 4490], 20.000th=[ 5276], 30.000th=[ 5866], 40.000th=[ 6521],
     | 50.000th=[ 7111], 70.000th=[ 8291], 90.000th=[ 9241], 99.000th=[11207],
     | 99.900th=[12780], 99.990th=[14353], 99.999th=[16712]
   bw (  KiB/s): min=12496, max=39013, per=9.10%, avg=13347.61, stdev=3271.02, samples=472
   iops        : min= 3124, max= 9753, avg=3336.53, stdev=817.76, samples=472
  lat (usec)   : 20=0.01%, 50=0.01%, 100=0.03%, 250=0.21%, 500=0.18%
  lat (usec)   : 750=0.12%, 1000=0.37%
  lat (msec)   : 2=1.04%, 4=4.86%, 10=89.50%, 20=3.68%
  cpu          : usr=6.37%, sys=8.67%, ctx=577646, majf=0, minf=84
  IO depths    : 1=0.1%, 2=0.1%, 4=0.1%, 8=0.1%, 16=0.1%, 32=100.0%, >=64=0.0%
     submit    : 0=0.0%, 4=100.0%, 8=0.0%, 16=0.0%, 32=0.0%, 64=0.0%, >=64=0.0%
     complete  : 0=0.0%, 4=100.0%, 8=0.0%, 16=0.0%, 32=0.1%, 64=0.0%, >=64=0.0%
     issued rwt: total=0,1099884,0, short=0,0,0, dropped=0,0,0
     latency   : target=0, window=0, percentile=100.00%, depth=32
randw-4K-n12-c12: (groupid=4, jobs=12): err= 0: pid=1635: Wed Jul 24 23:13:37 2019
  write: IOPS=36.6k, BW=143MiB/s (150MB/s)(4287MiB/30013msec)
    slat (usec): min=3, max=9609, avg=47.14, stdev=302.78
    clat (usec): min=198, max=29830, avg=10443.14, stdev=2615.42
     lat (usec): min=209, max=30669, avg=10492.05, stdev=2644.94
    clat percentiles (usec):
     | 10.000th=[ 7963], 20.000th=[ 8717], 30.000th=[ 9241], 40.000th=[ 9765],
     | 50.000th=[10290], 70.000th=[11731], 90.000th=[13435], 99.000th=[17433],
     | 99.900th=[21365], 99.990th=[24773], 99.999th=[27395]
   bw (  KiB/s): min=10056, max=29656, per=8.35%, avg=12209.30, stdev=2224.35, samples=720
   iops        : min= 2514, max= 7414, avg=3052.13, stdev=556.09, samples=720
  lat (usec)   : 250=0.01%, 500=0.10%, 750=0.09%, 1000=0.29%
  lat (msec)   : 2=0.56%, 4=1.25%, 10=42.11%, 20=55.38%, 50=0.22%
  cpu          : usr=4.52%, sys=6.29%, ctx=607602, majf=0, minf=120
  IO depths    : 1=0.1%, 2=0.1%, 4=0.1%, 8=0.1%, 16=0.1%, 32=100.0%, >=64=0.0%
     submit    : 0=0.0%, 4=100.0%, 8=0.0%, 16=0.0%, 32=0.0%, 64=0.0%, >=64=0.0%
     complete  : 0=0.0%, 4=100.0%, 8=0.0%, 16=0.0%, 32=0.1%, 64=0.0%, >=64=0.0%
     issued rwt: total=0,1097562,0, short=0,0,0, dropped=0,0,0
     latency   : target=0, window=0, percentile=100.00%, depth=32

Run status group 0 (all jobs):
  WRITE: bw=140MiB/s (147MB/s), 140MiB/s-140MiB/s (147MB/s-147MB/s), io=4197MiB (4400MB), run=30003-30003msec

Run status group 1 (all jobs):
  WRITE: bw=141MiB/s (147MB/s), 141MiB/s-141MiB/s (147MB/s-147MB/s), io=4220MiB (4425MB), run=30003-30003msec

Run status group 2 (all jobs):
  WRITE: bw=144MiB/s (151MB/s), 144MiB/s-144MiB/s (151MB/s-151MB/s), io=4310MiB (4519MB), run=30007-30007msec

Run status group 3 (all jobs):
  WRITE: bw=143MiB/s (150MB/s), 143MiB/s-143MiB/s (150MB/s-150MB/s), io=4296MiB (4505MB), run=30011-30011msec

Run status group 4 (all jobs):
  WRITE: bw=143MiB/s (150MB/s), 143MiB/s-143MiB/s (150MB/s-150MB/s), io=4287MiB (4496MB), run=30013-30013msec

Disk stats (read/write):
  vda: ios=396/5449156, merge=0/0, ticks=1392/25168388, in_queue=25422856, util=99.44%
