randw-4K-n1-c1: (g=0): rw=randwrite, bs=(R) 4096B-4096B, (W) 4096B-4096B, (T) 4096B-4096B, ioengine=libaio, iodepth=32
randw-4K-n2-c2: (g=1): rw=randwrite, bs=(R) 4096B-4096B, (W) 4096B-4096B, (T) 4096B-4096B, ioengine=libaio, iodepth=32
...
randw-4K-n4-c4: (g=2): rw=randwrite, bs=(R) 4096B-4096B, (W) 4096B-4096B, (T) 4096B-4096B, ioengine=libaio, iodepth=32
...
randw-4K-n8-c8: (g=3): rw=randwrite, bs=(R) 4096B-4096B, (W) 4096B-4096B, (T) 4096B-4096B, ioengine=libaio, iodepth=32
...
randw-4K-n12-c12: (g=4): rw=randwrite, bs=(R) 4096B-4096B, (W) 4096B-4096B, (T) 4096B-4096B, ioengine=libaio, iodepth=32
...
fio-3.1
Starting 27 processes

randw-4K-n1-c1: (groupid=0, jobs=1): err= 0: pid=1276: Fri Jul 26 11:44:23 2019
  write: IOPS=57.5k, BW=225MiB/s (236MB/s)(6740MiB/30001msec)
    slat (usec): min=2, max=744, avg= 5.16, stdev= 3.33
    clat (nsec): min=1586, max=7356.0k, avg=547575.06, stdev=619550.50
     lat (usec): min=13, max=7360, avg=553.55, stdev=619.31
    clat percentiles (usec):
     | 10.000th=[  192], 20.000th=[  289], 30.000th=[  310], 40.000th=[  322],
     | 50.000th=[  334], 70.000th=[  359], 90.000th=[ 1663], 99.000th=[ 2474],
     | 99.900th=[ 4686], 99.990th=[ 6783], 99.999th=[ 7177]
   bw (  KiB/s): min=161854, max=199278, per=79.16%, avg=182103.66, stdev=4623.68, samples=59
   iops        : min=40463, max=49819, avg=45525.49, stdev=1155.88, samples=59
  lat (usec)   : 2=0.01%, 4=0.01%, 10=0.01%, 20=0.83%, 50=1.64%
  lat (usec)   : 100=2.55%, 250=8.74%, 500=68.90%, 750=1.84%, 1000=1.20%
  lat (msec)   : 2=7.43%, 4=6.74%, 10=0.14%
  cpu          : usr=28.87%, sys=34.53%, ctx=20692, majf=0, minf=10
  IO depths    : 1=0.1%, 2=0.1%, 4=0.1%, 8=0.1%, 16=0.1%, 32=100.0%, >=64=0.0%
     submit    : 0=0.0%, 4=100.0%, 8=0.0%, 16=0.0%, 32=0.0%, 64=0.0%, >=64=0.0%
     complete  : 0=0.0%, 4=100.0%, 8=0.0%, 16=0.0%, 32=0.1%, 64=0.0%, >=64=0.0%
     issued rwt: total=0,1725337,0, short=0,0,0, dropped=0,0,0
     latency   : target=0, window=0, percentile=100.00%, depth=32
randw-4K-n2-c2: (groupid=1, jobs=2): err= 0: pid=1281: Fri Jul 26 11:44:23 2019
  write: IOPS=57.5k, BW=225MiB/s (236MB/s)(6741MiB/30004msec)
    slat (usec): min=3, max=861, avg= 7.73, stdev= 6.55
    clat (nsec): min=1697, max=9025.9k, avg=1099374.29, stdev=1132590.17
     lat (usec): min=15, max=9032, avg=1108.20, stdev=1132.37
    clat percentiles (usec):
     | 10.000th=[   87], 20.000th=[  172], 30.000th=[  255], 40.000th=[  388],
     | 50.000th=[  693], 70.000th=[ 1254], 90.000th=[ 2900], 99.000th=[ 3949],
     | 99.900th=[ 6849], 99.990th=[ 8094], 99.999th=[ 8979]
   bw (  KiB/s): min=88689, max=121134, per=45.40%, avg=104457.89, stdev=6391.81, samples=118
   iops        : min=22172, max=30283, avg=26114.11, stdev=1597.91, samples=118
  lat (usec)   : 2=0.01%, 4=0.01%, 10=0.01%, 20=1.25%, 50=4.46%
  lat (usec)   : 100=5.89%, 250=17.81%, 500=14.82%, 750=8.59%, 1000=12.41%
  lat (msec)   : 2=10.60%, 4=23.22%, 10=0.96%
  cpu          : usr=20.87%, sys=27.40%, ctx=77059, majf=0, minf=16
  IO depths    : 1=0.1%, 2=0.1%, 4=0.1%, 8=0.1%, 16=0.1%, 32=100.0%, >=64=0.0%
     submit    : 0=0.0%, 4=100.0%, 8=0.0%, 16=0.0%, 32=0.0%, 64=0.0%, >=64=0.0%
     complete  : 0=0.0%, 4=100.0%, 8=0.0%, 16=0.0%, 32=0.1%, 64=0.0%, >=64=0.0%
     issued rwt: total=0,1725725,0, short=0,0,0, dropped=0,0,0
     latency   : target=0, window=0, percentile=100.00%, depth=32
randw-4K-n4-c4: (groupid=2, jobs=4): err= 0: pid=1286: Fri Jul 26 11:44:23 2019
  write: IOPS=48.4k, BW=189MiB/s (198MB/s)(5675MiB/30007msec)
    slat (usec): min=3, max=889, avg=10.70, stdev= 9.06
    clat (nsec): min=1640, max=15564k, avg=2625797.35, stdev=2205027.34
     lat (usec): min=17, max=15574, avg=2637.97, stdev=2204.67
    clat percentiles (usec):
     | 10.000th=[  217], 20.000th=[  375], 30.000th=[  791], 40.000th=[ 1434],
     | 50.000th=[ 2147], 70.000th=[ 3884], 90.000th=[ 5866], 99.000th=[ 8291],
     | 99.900th=[11994], 99.990th=[13173], 99.999th=[14091]
   bw (  KiB/s): min=18298, max=51285, per=17.59%, avg=34072.42, stdev=5082.46, samples=236
   iops        : min= 4574, max=12821, avg=8517.74, stdev=1270.62, samples=236
  lat (usec)   : 2=0.01%, 4=0.01%, 10=0.01%, 20=0.05%, 50=0.43%
  lat (usec)   : 100=1.29%, 250=11.11%, 500=11.03%, 750=5.21%, 1000=5.12%
  lat (msec)   : 2=13.64%, 4=24.23%, 10=27.41%, 20=0.48%
  cpu          : usr=11.70%, sys=17.34%, ctx=179700, majf=0, minf=38
  IO depths    : 1=0.1%, 2=0.1%, 4=0.1%, 8=0.1%, 16=0.1%, 32=100.0%, >=64=0.0%
     submit    : 0=0.0%, 4=100.0%, 8=0.0%, 16=0.0%, 32=0.0%, 64=0.0%, >=64=0.0%
     complete  : 0=0.0%, 4=100.0%, 8=0.0%, 16=0.0%, 32=0.1%, 64=0.0%, >=64=0.0%
     issued rwt: total=0,1452723,0, short=0,0,0, dropped=0,0,0
     latency   : target=0, window=0, percentile=100.00%, depth=32
randw-4K-n8-c8: (groupid=3, jobs=8): err= 0: pid=1293: Fri Jul 26 11:44:23 2019
  write: IOPS=28.7k, BW=112MiB/s (118MB/s)(3369MiB/30009msec)
    slat (usec): min=3, max=9636, avg=19.80, stdev=130.93
    clat (usec): min=29, max=23376, avg=8875.28, stdev=4250.73
     lat (usec): min=39, max=24382, avg=8896.97, stdev=4253.39
    clat percentiles (usec):
     | 10.000th=[ 3392], 20.000th=[ 4686], 30.000th=[ 5932], 40.000th=[ 7111],
     | 50.000th=[ 8717], 70.000th=[11731], 90.000th=[15008], 99.000th=[16909],
     | 99.900th=[18482], 99.990th=[20841], 99.999th=[21890]
   bw (  KiB/s): min= 9268, max=24496, per=9.98%, avg=11479.72, stdev=2763.71, samples=472
   iops        : min= 2317, max= 6124, avg=2869.55, stdev=690.93, samples=472
  lat (usec)   : 50=0.01%, 100=0.01%, 250=0.27%, 500=0.34%, 750=0.19%
  lat (usec)   : 1000=0.20%
  lat (msec)   : 2=1.02%, 4=13.23%, 10=45.89%, 20=38.81%, 50=0.03%
  cpu          : usr=5.12%, sys=7.11%, ctx=238589, majf=0, minf=78
  IO depths    : 1=0.1%, 2=0.1%, 4=0.1%, 8=0.1%, 16=0.1%, 32=100.0%, >=64=0.0%
     submit    : 0=0.0%, 4=100.0%, 8=0.0%, 16=0.0%, 32=0.0%, 64=0.0%, >=64=0.0%
     complete  : 0=0.0%, 4=100.0%, 8=0.0%, 16=0.0%, 32=0.1%, 64=0.0%, >=64=0.0%
     issued rwt: total=0,862551,0, short=0,0,0, dropped=0,0,0
     latency   : target=0, window=0, percentile=100.00%, depth=32
randw-4K-n12-c12: (groupid=4, jobs=12): err= 0: pid=1304: Fri Jul 26 11:44:23 2019
  write: IOPS=27.3k, BW=107MiB/s (112MB/s)(3199MiB/30011msec)
    slat (usec): min=3, max=13122, avg=62.35, stdev=395.65
    clat (usec): min=608, max=39073, avg=13994.19, stdev=4505.04
     lat (usec): min=634, max=39086, avg=14058.64, stdev=4519.70
    clat percentiles (usec):
     | 10.000th=[ 7898], 20.000th=[ 9634], 30.000th=[11076], 40.000th=[12780],
     | 50.000th=[14222], 70.000th=[17695], 90.000th=[19006], 99.000th=[22152],
     | 99.900th=[27132], 99.990th=[32637], 99.999th=[35914]
   bw (  KiB/s): min= 6811, max=17911, per=8.38%, avg=9142.74, stdev=1508.35, samples=720
   iops        : min= 1702, max= 4477, avg=2285.38, stdev=377.08, samples=720
  lat (usec)   : 750=0.01%, 1000=0.01%
  lat (msec)   : 2=0.27%, 4=0.83%, 10=21.85%, 20=72.87%, 50=4.18%
  cpu          : usr=3.79%, sys=5.48%, ctx=281925, majf=0, minf=111
  IO depths    : 1=0.1%, 2=0.1%, 4=0.1%, 8=0.1%, 16=0.1%, 32=100.0%, >=64=0.0%
     submit    : 0=0.0%, 4=100.0%, 8=0.0%, 16=0.0%, 32=0.0%, 64=0.0%, >=64=0.0%
     complete  : 0=0.0%, 4=100.0%, 8=0.0%, 16=0.0%, 32=0.1%, 64=0.0%, >=64=0.0%
     issued rwt: total=0,819032,0, short=0,0,0, dropped=0,0,0
     latency   : target=0, window=0, percentile=100.00%, depth=32

Run status group 0 (all jobs):
  WRITE: bw=225MiB/s (236MB/s), 225MiB/s-225MiB/s (236MB/s-236MB/s), io=6740MiB (7067MB), run=30001-30001msec

Run status group 1 (all jobs):
  WRITE: bw=225MiB/s (236MB/s), 225MiB/s-225MiB/s (236MB/s-236MB/s), io=6741MiB (7069MB), run=30004-30004msec

Run status group 2 (all jobs):
  WRITE: bw=189MiB/s (198MB/s), 189MiB/s-189MiB/s (198MB/s-198MB/s), io=5675MiB (5950MB), run=30007-30007msec

Run status group 3 (all jobs):
  WRITE: bw=112MiB/s (118MB/s), 112MiB/s-112MiB/s (118MB/s-118MB/s), io=3369MiB (3533MB), run=30009-30009msec

Run status group 4 (all jobs):
  WRITE: bw=107MiB/s (112MB/s), 107MiB/s-107MiB/s (112MB/s-112MB/s), io=3199MiB (3355MB), run=30011-30011msec

Disk stats (read/write):
  vda: ios=361/6572512, merge=0/0, ticks=1128/24373504, in_queue=24224648, util=91.22%
