randw-4K-n1-c1: (g=0): rw=randwrite, bs=(R) 4096B-4096B, (W) 4096B-4096B, (T) 4096B-4096B, ioengine=libaio, iodepth=32
randw-4K-n2-c2: (g=1): rw=randwrite, bs=(R) 4096B-4096B, (W) 4096B-4096B, (T) 4096B-4096B, ioengine=libaio, iodepth=32
...
randw-4K-n4-c4: (g=2): rw=randwrite, bs=(R) 4096B-4096B, (W) 4096B-4096B, (T) 4096B-4096B, ioengine=libaio, iodepth=32
...
randw-4K-n8-c8: (g=3): rw=randwrite, bs=(R) 4096B-4096B, (W) 4096B-4096B, (T) 4096B-4096B, ioengine=libaio, iodepth=32
...
randw-4K-n12-c12: (g=4): rw=randwrite, bs=(R) 4096B-4096B, (W) 4096B-4096B, (T) 4096B-4096B, ioengine=libaio, iodepth=32
...
fio-3.1
Starting 27 processes

randw-4K-n1-c1: (groupid=0, jobs=1): err= 0: pid=1195: Sun Jul 28 09:21:18 2019
  write: IOPS=118k, BW=462MiB/s (485MB/s)(54.2GiB/120001msec)
    slat (usec): min=2, max=1655, avg= 3.02, stdev= 1.68
    clat (usec): min=217, max=738, avg=263.99, stdev=13.98
     lat (usec): min=220, max=2223, avg=267.68, stdev=14.13
    clat percentiles (usec):
     | 10.000th=[  251], 20.000th=[  255], 30.000th=[  260], 40.000th=[  262],
     | 50.000th=[  262], 70.000th=[  265], 90.000th=[  273], 99.000th=[  314],
     | 99.900th=[  326], 99.990th=[  351], 99.999th=[  644]
   bw (  KiB/s): min=364149, max=463553, per=77.64%, avg=367636.33, stdev=6304.69, samples=239
   iops        : min=91035, max=115888, avg=91908.72, stdev=1576.18, samples=239
  lat (usec)   : 250=6.45%, 500=93.55%, 750=0.01%
  cpu          : usr=51.41%, sys=48.57%, ctx=1093, majf=0, minf=10
  IO depths    : 1=0.1%, 2=0.1%, 4=0.1%, 8=0.1%, 16=0.1%, 32=100.0%, >=64=0.0%
     submit    : 0=0.0%, 4=100.0%, 8=0.0%, 16=0.0%, 32=0.0%, 64=0.0%, >=64=0.0%
     complete  : 0=0.0%, 4=100.0%, 8=0.0%, 16=0.0%, 32=0.1%, 64=0.0%, >=64=0.0%
     issued rwt: total=0,14204777,0, short=0,0,0, dropped=0,0,0
     latency   : target=0, window=0, percentile=100.00%, depth=32
randw-4K-n2-c2: (groupid=1, jobs=2): err= 0: pid=1200: Sun Jul 28 09:21:18 2019
  write: IOPS=141k, BW=550MiB/s (577MB/s)(64.5GiB/120012msec)
    slat (usec): min=2, max=22887, avg= 3.15, stdev= 6.68
    clat (usec): min=95, max=23909, avg=448.23, stdev=57.94
     lat (usec): min=220, max=23913, avg=452.09, stdev=58.22
    clat percentiles (usec):
     | 10.000th=[  396], 20.000th=[  408], 30.000th=[  429], 40.000th=[  433],
     | 50.000th=[  441], 70.000th=[  465], 90.000th=[  502], 99.000th=[  562],
     | 99.900th=[  635], 99.990th=[  750], 99.999th=[ 2737]
   bw (  KiB/s): min=241161, max=305911, per=43.96%, avg=247732.62, stdev=8505.94, samples=478
   iops        : min=60290, max=76477, avg=61932.77, stdev=2126.47, samples=478
  lat (usec)   : 100=0.01%, 250=0.01%, 500=88.23%, 750=11.76%, 1000=0.01%
  lat (msec)   : 2=0.01%, 4=0.01%, 20=0.01%, 50=0.01%
  cpu          : usr=30.66%, sys=37.63%, ctx=10598469, majf=0, minf=18
  IO depths    : 1=0.1%, 2=0.1%, 4=0.1%, 8=0.1%, 16=0.1%, 32=100.0%, >=64=0.0%
     submit    : 0=0.0%, 4=100.0%, 8=0.0%, 16=0.0%, 32=0.0%, 64=0.0%, >=64=0.0%
     complete  : 0=0.0%, 4=100.0%, 8=0.0%, 16=0.0%, 32=0.1%, 64=0.0%, >=64=0.0%
     issued rwt: total=0,16907449,0, short=0,0,0, dropped=0,0,0
     latency   : target=0, window=0, percentile=100.00%, depth=32
randw-4K-n4-c4: (groupid=2, jobs=4): err= 0: pid=1205: Sun Jul 28 09:21:18 2019
  write: IOPS=166k, BW=650MiB/s (681MB/s)(76.1GiB/120014msec)
    slat (usec): min=2, max=19289, avg= 3.26, stdev= 8.16
    clat (usec): min=68, max=21807, avg=763.22, stdev=292.74
     lat (usec): min=126, max=21813, avg=767.19, stdev=293.11
    clat percentiles (usec):
     | 10.000th=[  515], 20.000th=[  537], 30.000th=[  562], 40.000th=[  570],
     | 50.000th=[  594], 70.000th=[ 1074], 90.000th=[ 1172], 99.000th=[ 1385],
     | 99.900th=[ 1696], 99.990th=[ 1926], 99.999th=[ 2376]
   bw (  KiB/s): min=80316, max=282591, per=23.87%, avg=158791.32, stdev=54112.59, samples=956
   iops        : min=20079, max=70647, avg=39697.46, stdev=13528.16, samples=956
  lat (usec)   : 100=0.01%, 250=0.01%, 500=7.19%, 750=58.69%, 1000=0.41%
  lat (msec)   : 2=33.70%, 4=0.01%, 20=0.01%, 50=0.01%
  cpu          : usr=19.97%, sys=25.27%, ctx=17872709, majf=0, minf=41
  IO depths    : 1=0.1%, 2=0.1%, 4=0.1%, 8=0.1%, 16=0.1%, 32=100.0%, >=64=0.0%
     submit    : 0=0.0%, 4=100.0%, 8=0.0%, 16=0.0%, 32=0.0%, 64=0.0%, >=64=0.0%
     complete  : 0=0.0%, 4=100.0%, 8=0.0%, 16=0.0%, 32=0.1%, 64=0.0%, >=64=0.0%
     issued rwt: total=0,19962060,0, short=0,0,0, dropped=0,0,0
     latency   : target=0, window=0, percentile=100.00%, depth=32
randw-4K-n8-c8: (groupid=3, jobs=8): err= 0: pid=1212: Sun Jul 28 09:21:18 2019
  write: IOPS=141k, BW=550MiB/s (577MB/s)(64.4GiB/120024msec)
    slat (usec): min=2, max=24243, avg= 5.49, stdev=10.98
    clat (usec): min=131, max=28006, avg=1808.48, stdev=475.18
     lat (usec): min=229, max=28014, avg=1814.92, stdev=475.58
    clat percentiles (usec):
     | 10.000th=[ 1303], 20.000th=[ 1352], 30.000th=[ 1385], 40.000th=[ 1450],
     | 50.000th=[ 1926], 70.000th=[ 2057], 90.000th=[ 2638], 99.000th=[ 2868],
     | 99.900th=[ 2999], 99.990th=[ 3097], 99.999th=[ 8455]
   bw (  KiB/s): min=31261, max=110206, per=8.53%, avg=48045.71, stdev=12257.83, samples=1912
   iops        : min= 7815, max=27551, avg=12011.06, stdev=3064.45, samples=1912
  lat (usec)   : 250=0.01%, 500=0.01%, 750=0.01%, 1000=0.18%
  lat (msec)   : 2=60.34%, 4=39.47%, 10=0.01%, 20=0.01%, 50=0.01%
  cpu          : usr=12.00%, sys=15.53%, ctx=10645838, majf=0, minf=82
  IO depths    : 1=0.1%, 2=0.1%, 4=0.1%, 8=0.1%, 16=0.1%, 32=100.0%, >=64=0.0%
     submit    : 0=0.0%, 4=100.0%, 8=0.0%, 16=0.0%, 32=0.0%, 64=0.0%, >=64=0.0%
     complete  : 0=0.0%, 4=100.0%, 8=0.0%, 16=0.0%, 32=0.1%, 64=0.0%, >=64=0.0%
     issued rwt: total=0,16894595,0, short=0,0,0, dropped=0,0,0
     latency   : target=0, window=0, percentile=100.00%, depth=32
randw-4K-n12-c12: (groupid=4, jobs=12): err= 0: pid=1223: Sun Jul 28 09:21:18 2019
  write: IOPS=141k, BW=550MiB/s (577MB/s)(64.5GiB/120003msec)
    slat (usec): min=2, max=3633, avg= 6.94, stdev= 5.82
    clat (usec): min=225, max=16017, avg=2713.04, stdev=486.04
     lat (usec): min=229, max=16045, avg=2721.21, stdev=486.24
    clat percentiles (usec):
     | 10.000th=[ 2024], 20.000th=[ 2507], 30.000th=[ 2638], 40.000th=[ 2671],
     | 50.000th=[ 2737], 70.000th=[ 2835], 90.000th=[ 3392], 99.000th=[ 3720],
     | 99.900th=[ 4228], 99.990th=[ 4424], 99.999th=[ 7111]
   bw (  KiB/s): min=30976, max=95456, per=8.35%, avg=47030.93, stdev=8774.10, samples=2880
   iops        : min= 7744, max=23864, avg=11757.54, stdev=2193.56, samples=2880
  lat (usec)   : 250=0.01%, 500=0.01%, 750=0.01%, 1000=0.02%
  lat (msec)   : 2=7.77%, 4=91.51%, 10=0.70%, 20=0.01%
  cpu          : usr=9.76%, sys=12.25%, ctx=8042017, majf=0, minf=122
  IO depths    : 1=0.1%, 2=0.1%, 4=0.1%, 8=0.1%, 16=0.1%, 32=100.0%, >=64=0.0%
     submit    : 0=0.0%, 4=100.0%, 8=0.0%, 16=0.0%, 32=0.0%, 64=0.0%, >=64=0.0%
     complete  : 0=0.0%, 4=100.0%, 8=0.0%, 16=0.0%, 32=0.1%, 64=0.0%, >=64=0.0%
     issued rwt: total=0,16905659,0, short=0,0,0, dropped=0,0,0
     latency   : target=0, window=0, percentile=100.00%, depth=32

Run status group 0 (all jobs):
  WRITE: bw=462MiB/s (485MB/s), 462MiB/s-462MiB/s (485MB/s-485MB/s), io=54.2GiB (58.2GB), run=120001-120001msec

Run status group 1 (all jobs):
  WRITE: bw=550MiB/s (577MB/s), 550MiB/s-550MiB/s (577MB/s-577MB/s), io=64.5GiB (69.3GB), run=120012-120012msec

Run status group 2 (all jobs):
  WRITE: bw=650MiB/s (681MB/s), 650MiB/s-650MiB/s (681MB/s-681MB/s), io=76.1GiB (81.8GB), run=120014-120014msec

Run status group 3 (all jobs):
  WRITE: bw=550MiB/s (577MB/s), 550MiB/s-550MiB/s (577MB/s-577MB/s), io=64.4GiB (69.2GB), run=120024-120024msec

Run status group 4 (all jobs):
  WRITE: bw=550MiB/s (577MB/s), 550MiB/s-550MiB/s (577MB/s-577MB/s), io=64.5GiB (69.2GB), run=120003-120003msec

Disk stats (read/write):
  nvme0n1: ios=362/84853111, merge=0/0, ticks=32/98534864, in_queue=100850040, util=92.37%
