randw-4K-n1-c1: (g=0): rw=randwrite, bs=(R) 4096B-4096B, (W) 4096B-4096B, (T) 4096B-4096B, ioengine=libaio, iodepth=32
randw-4K-n2-c2: (g=1): rw=randwrite, bs=(R) 4096B-4096B, (W) 4096B-4096B, (T) 4096B-4096B, ioengine=libaio, iodepth=32
...
randw-4K-n4-c4: (g=2): rw=randwrite, bs=(R) 4096B-4096B, (W) 4096B-4096B, (T) 4096B-4096B, ioengine=libaio, iodepth=32
...
randw-4K-n8-c8: (g=3): rw=randwrite, bs=(R) 4096B-4096B, (W) 4096B-4096B, (T) 4096B-4096B, ioengine=libaio, iodepth=32
...
randw-4K-n12-c12: (g=4): rw=randwrite, bs=(R) 4096B-4096B, (W) 4096B-4096B, (T) 4096B-4096B, ioengine=libaio, iodepth=32
...
fio-3.1
Starting 27 processes

randw-4K-n1-c1: (groupid=0, jobs=1): err= 0: pid=1177: Sun Jul 28 09:21:19 2019
  write: IOPS=120k, BW=468MiB/s (491MB/s)(54.9GiB/120001msec)
    slat (nsec): min=2351, max=88251, avg=3354.25, stdev=1659.74
    clat (usec): min=210, max=740, avg=260.30, stdev=15.17
     lat (usec): min=215, max=748, avg=264.24, stdev=15.34
    clat percentiles (usec):
     | 10.000th=[  247], 20.000th=[  251], 30.000th=[  255], 40.000th=[  255],
     | 50.000th=[  258], 70.000th=[  262], 90.000th=[  277], 99.000th=[  314],
     | 99.900th=[  367], 99.990th=[  461], 99.999th=[  668]
   bw (  KiB/s): min=343733, max=470809, per=77.70%, avg=372479.93, stdev=6789.36, samples=239
   iops        : min=85933, max=117702, avg=93119.55, stdev=1697.35, samples=239
  lat (usec)   : 250=16.54%, 500=83.45%, 750=0.01%
  cpu          : usr=48.63%, sys=51.26%, ctx=15534, majf=0, minf=9
  IO depths    : 1=0.1%, 2=0.1%, 4=0.1%, 8=0.1%, 16=0.1%, 32=100.0%, >=64=0.0%
     submit    : 0=0.0%, 4=100.0%, 8=0.0%, 16=0.0%, 32=0.0%, 64=0.0%, >=64=0.0%
     complete  : 0=0.0%, 4=100.0%, 8=0.0%, 16=0.0%, 32=0.1%, 64=0.0%, >=64=0.0%
     issued rwt: total=0,14381893,0, short=0,0,0, dropped=0,0,0
     latency   : target=0, window=0, percentile=100.00%, depth=32
randw-4K-n2-c2: (groupid=1, jobs=2): err= 0: pid=1182: Sun Jul 28 09:21:19 2019
  write: IOPS=138k, BW=539MiB/s (565MB/s)(63.1GiB/120003msec)
    slat (usec): min=2, max=16522, avg= 3.58, stdev= 4.76
    clat (usec): min=99, max=17582, avg=457.77, stdev=69.47
     lat (usec): min=192, max=17585, avg=461.96, stdev=69.66
    clat percentiles (usec):
     | 10.000th=[  400], 20.000th=[  420], 30.000th=[  429], 40.000th=[  433],
     | 50.000th=[  449], 70.000th=[  469], 90.000th=[  515], 99.000th=[  791],
     | 99.900th=[  889], 99.990th=[  963], 99.999th=[ 1139]
   bw (  KiB/s): min=143949, max=308059, per=46.16%, avg=254710.25, stdev=20943.81, samples=478
   iops        : min=35987, max=77014, avg=63677.21, stdev=5235.93, samples=478
  lat (usec)   : 100=0.01%, 250=0.01%, 500=85.89%, 750=12.47%, 1000=1.64%
  lat (msec)   : 2=0.01%, 4=0.01%, 20=0.01%
  cpu          : usr=28.82%, sys=38.11%, ctx=10550328, majf=0, minf=15
  IO depths    : 1=0.1%, 2=0.1%, 4=0.1%, 8=0.1%, 16=0.1%, 32=100.0%, >=64=0.0%
     submit    : 0=0.0%, 4=100.0%, 8=0.0%, 16=0.0%, 32=0.0%, 64=0.0%, >=64=0.0%
     complete  : 0=0.0%, 4=100.0%, 8=0.0%, 16=0.0%, 32=0.1%, 64=0.0%, >=64=0.0%
     issued rwt: total=0,16552650,0, short=0,0,0, dropped=0,0,0
     latency   : target=0, window=0, percentile=100.00%, depth=32
randw-4K-n4-c4: (groupid=2, jobs=4): err= 0: pid=1187: Sun Jul 28 09:21:19 2019
  write: IOPS=110k, BW=431MiB/s (452MB/s)(50.5GiB/120003msec)
    slat (usec): min=2, max=11120, avg= 3.87, stdev= 5.86
    clat (usec): min=175, max=14344, avg=1152.31, stdev=148.11
     lat (usec): min=183, max=14348, avg=1156.84, stdev=148.29
    clat percentiles (usec):
     | 10.000th=[ 1057], 20.000th=[ 1074], 30.000th=[ 1106], 40.000th=[ 1123],
     | 50.000th=[ 1139], 70.000th=[ 1172], 90.000th=[ 1237], 99.000th=[ 1844],
     | 99.900th=[ 1975], 99.990th=[ 2089], 99.999th=[13304]
   bw (  KiB/s): min=49982, max=101090, per=18.25%, avg=80607.39, stdev=5880.74, samples=956
   iops        : min=12495, max=25272, avg=20151.47, stdev=1470.18, samples=956
  lat (usec)   : 250=0.01%, 500=0.01%, 750=0.13%, 1000=1.73%
  lat (msec)   : 2=98.07%, 4=0.05%, 10=0.01%, 20=0.01%
  cpu          : usr=13.12%, sys=17.96%, ctx=11920287, majf=0, minf=36
  IO depths    : 1=0.1%, 2=0.1%, 4=0.1%, 8=0.1%, 16=0.1%, 32=100.0%, >=64=0.0%
     submit    : 0=0.0%, 4=100.0%, 8=0.0%, 16=0.0%, 32=0.0%, 64=0.0%, >=64=0.0%
     complete  : 0=0.0%, 4=100.0%, 8=0.0%, 16=0.0%, 32=0.1%, 64=0.0%, >=64=0.0%
     issued rwt: total=0,13250671,0, short=0,0,0, dropped=0,0,0
     latency   : target=0, window=0, percentile=100.00%, depth=32
randw-4K-n8-c8: (groupid=3, jobs=8): err= 0: pid=1194: Sun Jul 28 09:21:19 2019
  write: IOPS=141k, BW=550MiB/s (576MB/s)(64.4GiB/120019msec)
    slat (usec): min=2, max=19217, avg= 4.81, stdev=10.06
    clat (usec): min=108, max=24277, avg=1810.35, stdev=622.02
     lat (usec): min=237, max=24282, avg=1816.03, stdev=623.03
    clat percentiles (usec):
     | 10.000th=[ 1287], 20.000th=[ 1319], 30.000th=[ 1352], 40.000th=[ 1385],
     | 50.000th=[ 1418], 70.000th=[ 2147], 90.000th=[ 2769], 99.000th=[ 2900],
     | 99.900th=[ 3032], 99.990th=[ 3130], 99.999th=[11207]
   bw (  KiB/s): min=37456, max=95662, per=10.22%, avg=57507.12, stdev=18437.89, samples=1912
   iops        : min= 9364, max=23915, avg=14376.40, stdev=4609.47, samples=1912
  lat (usec)   : 250=0.01%, 500=0.01%, 750=0.02%, 1000=0.26%
  lat (msec)   : 2=65.32%, 4=34.39%, 10=0.01%, 20=0.01%, 50=0.01%
  cpu          : usr=10.71%, sys=13.90%, ctx=12222030, majf=0, minf=75
  IO depths    : 1=0.1%, 2=0.1%, 4=0.1%, 8=0.1%, 16=0.1%, 32=100.0%, >=64=0.0%
     submit    : 0=0.0%, 4=100.0%, 8=0.0%, 16=0.0%, 32=0.0%, 64=0.0%, >=64=0.0%
     complete  : 0=0.0%, 4=100.0%, 8=0.0%, 16=0.0%, 32=0.1%, 64=0.0%, >=64=0.0%
     issued rwt: total=0,16888321,0, short=0,0,0, dropped=0,0,0
     latency   : target=0, window=0, percentile=100.00%, depth=32
randw-4K-n12-c12: (groupid=4, jobs=12): err= 0: pid=1205: Sun Jul 28 09:21:19 2019
  write: IOPS=144k, BW=561MiB/s (588MB/s)(65.8GiB/120002msec)
    slat (usec): min=2, max=12606, avg= 7.22, stdev= 9.23
    clat (usec): min=12, max=13964, avg=2659.41, stdev=615.91
     lat (usec): min=22, max=13967, avg=2667.97, stdev=616.45
    clat percentiles (usec):
     | 10.000th=[ 1991], 20.000th=[ 2114], 30.000th=[ 2606], 40.000th=[ 2671],
     | 50.000th=[ 2704], 70.000th=[ 2835], 90.000th=[ 3425], 99.000th=[ 4113],
     | 99.900th=[ 4424], 99.990th=[ 4948], 99.999th=[ 9241]
   bw (  KiB/s): min=28976, max=202605, per=8.32%, avg=47820.11, stdev=13932.04, samples=2877
   iops        : min= 7244, max=50651, avg=11954.82, stdev=3483.03, samples=2877
  lat (usec)   : 20=0.01%, 50=0.01%, 100=0.01%, 250=0.01%, 500=0.06%
  lat (usec)   : 750=2.31%, 1000=0.43%
  lat (msec)   : 2=8.35%, 4=87.15%, 10=1.70%, 20=0.01%
  cpu          : usr=10.43%, sys=12.54%, ctx=7340802, majf=0, minf=112
  IO depths    : 1=0.1%, 2=0.1%, 4=0.1%, 8=0.1%, 16=0.1%, 32=100.0%, >=64=0.0%
     submit    : 0=0.0%, 4=100.0%, 8=0.0%, 16=0.0%, 32=0.0%, 64=0.0%, >=64=0.0%
     complete  : 0=0.0%, 4=100.0%, 8=0.0%, 16=0.0%, 32=0.1%, 64=0.0%, >=64=0.0%
     issued rwt: total=0,17241024,0, short=0,0,0, dropped=0,0,0
     latency   : target=0, window=0, percentile=100.00%, depth=32

Run status group 0 (all jobs):
  WRITE: bw=468MiB/s (491MB/s), 468MiB/s-468MiB/s (491MB/s-491MB/s), io=54.9GiB (58.9GB), run=120001-120001msec

Run status group 1 (all jobs):
  WRITE: bw=539MiB/s (565MB/s), 539MiB/s-539MiB/s (565MB/s-565MB/s), io=63.1GiB (67.8GB), run=120003-120003msec

Run status group 2 (all jobs):
  WRITE: bw=431MiB/s (452MB/s), 431MiB/s-431MiB/s (452MB/s-452MB/s), io=50.5GiB (54.3GB), run=120003-120003msec

Run status group 3 (all jobs):
  WRITE: bw=550MiB/s (576MB/s), 550MiB/s-550MiB/s (576MB/s-576MB/s), io=64.4GiB (69.2GB), run=120019-120019msec

Run status group 4 (all jobs):
  WRITE: bw=561MiB/s (588MB/s), 561MiB/s-561MiB/s (588MB/s-588MB/s), io=65.8GiB (70.6GB), run=120002-120002msec

Disk stats (read/write):
  nvme0n1: ios=362/78191875, merge=0/0, ticks=20/98523552, in_queue=98820464, util=92.78%
