[OVERALL], RunTime(ms), 369
[OVERALL], Throughput(ops/sec), 2710.027100271003
[TOTAL_GCS_PS_Scavenge], Count, 0
[TOTAL_GC_TIME_PS_Scavenge], Time(ms), 0
[TOTAL_GC_TIME_%_PS_Scavenge], Time(%), 0.0
[TOTAL_GCS_PS_MarkSweep], Count, 0
[TOTAL_GC_TIME_PS_MarkSweep], Time(ms), 0
[TOTAL_GC_TIME_%_PS_MarkSweep], Time(%), 0.0
[TOTAL_GCs], Count, 0
[TOTAL_GC_TIME], Time(ms), 0
[TOTAL_GC_TIME_%], Time(%), 0.0
[CLEANUP], Operations, 24
[CLEANUP], AverageLatency(us), 504.5
[CLEANUP], MinLatency(us), 2
[CLEANUP], MaxLatency(us), 12039
[CLEANUP], 95thPercentileLatency(us), 9
[CLEANUP], 99thPercentileLatency(us), 12039
[INSERT], Operations, 49
[INSERT], AverageLatency(us), 267.265306122449
[INSERT], MinLatency(us), 56
[INSERT], MaxLatency(us), 2891
[INSERT], 95thPercentileLatency(us), 628
[INSERT], 99thPercentileLatency(us), 2891
[INSERT], Return=OK, 49
[SCAN], Operations, 951
[SCAN], AverageLatency(us), 1331.769716088328
[SCAN], MinLatency(us), 17
[SCAN], MaxLatency(us), 14135
[SCAN], 95thPercentileLatency(us), 5939
[SCAN], 99thPercentileLatency(us), 11767
[SCAN], Return=OK, 951
