[OVERALL], RunTime(ms), 318
[OVERALL], Throughput(ops/sec), 3144.6540880503144
[TOTAL_GCS_PS_Scavenge], Count, 0
[TOTAL_GC_TIME_PS_Scavenge], Time(ms), 0
[TOTAL_GC_TIME_%_PS_Scavenge], Time(%), 0.0
[TOTAL_GCS_PS_MarkSweep], Count, 0
[TOTAL_GC_TIME_PS_MarkSweep], Time(ms), 0
[TOTAL_GC_TIME_%_PS_MarkSweep], Time(%), 0.0
[TOTAL_GCs], Count, 0
[TOTAL_GC_TIME], Time(ms), 0
[TOTAL_GC_TIME_%], Time(%), 0.0
[READ], Operations, 520
[READ], AverageLatency(us), 156.8019230769231
[READ], MinLatency(us), 11
[READ], MaxLatency(us), 2297
[READ], 95thPercentileLatency(us), 406
[READ], 99thPercentileLatency(us), 1847
[READ], Return=OK, 520
[CLEANUP], Operations, 24
[CLEANUP], AverageLatency(us), 459.1666666666667
[CLEANUP], MinLatency(us), 2
[CLEANUP], MaxLatency(us), 10951
[CLEANUP], 95thPercentileLatency(us), 9
[CLEANUP], 99thPercentileLatency(us), 10951
[UPDATE], Operations, 480
[UPDATE], AverageLatency(us), 531.4104166666667
[UPDATE], MinLatency(us), 61
[UPDATE], MaxLatency(us), 3265
[UPDATE], 95thPercentileLatency(us), 1711
[UPDATE], 99thPercentileLatency(us), 2681
[UPDATE], Return=OK, 480
