[OVERALL], RunTime(ms), 296
[OVERALL], Throughput(ops/sec), 3378.3783783783783
[TOTAL_GCS_PS_Scavenge], Count, 0
[TOTAL_GC_TIME_PS_Scavenge], Time(ms), 0
[TOTAL_GC_TIME_%_PS_Scavenge], Time(%), 0.0
[TOTAL_GCS_PS_MarkSweep], Count, 0
[TOTAL_GC_TIME_PS_MarkSweep], Time(ms), 0
[TOTAL_GC_TIME_%_PS_MarkSweep], Time(%), 0.0
[TOTAL_GCs], Count, 0
[TOTAL_GC_TIME], Time(ms), 0
[TOTAL_GC_TIME_%], Time(%), 0.0
[READ], Operations, 948
[READ], AverageLatency(us), 219.7457805907173
[READ], MinLatency(us), 15
[READ], MaxLatency(us), 2743
[READ], 95thPercentileLatency(us), 816
[READ], 99thPercentileLatency(us), 2173
[READ], Return=OK, 948
[CLEANUP], Operations, 24
[CLEANUP], AverageLatency(us), 451.0416666666667
[CLEANUP], MinLatency(us), 2
[CLEANUP], MaxLatency(us), 10759
[CLEANUP], 95thPercentileLatency(us), 6
[CLEANUP], 99thPercentileLatency(us), 10759
[INSERT], Operations, 52
[INSERT], AverageLatency(us), 737.1730769230769
[INSERT], MinLatency(us), 123
[INSERT], MaxLatency(us), 2385
[INSERT], 95thPercentileLatency(us), 1724
[INSERT], 99thPercentileLatency(us), 1818
[INSERT], Return=OK, 52
