[OVERALL], RunTime(ms), 336
[OVERALL], Throughput(ops/sec), 2976.190476190476
[TOTAL_GCS_PS_Scavenge], Count, 0
[TOTAL_GC_TIME_PS_Scavenge], Time(ms), 0
[TOTAL_GC_TIME_%_PS_Scavenge], Time(%), 0.0
[TOTAL_GCS_PS_MarkSweep], Count, 0
[TOTAL_GC_TIME_PS_MarkSweep], Time(ms), 0
[TOTAL_GC_TIME_%_PS_MarkSweep], Time(%), 0.0
[TOTAL_GCs], Count, 0
[TOTAL_GC_TIME], Time(ms), 0
[TOTAL_GC_TIME_%], Time(%), 0.0
[READ], Operations, 1000
[READ], AverageLatency(us), 224.338
[READ], MinLatency(us), 11
[READ], MaxLatency(us), 2111
[READ], 95thPercentileLatency(us), 521
[READ], 99thPercentileLatency(us), 1634
[READ], Return=OK, 1000
[READ-MODIFY-WRITE], Operations, 507
[READ-MODIFY-WRITE], AverageLatency(us), 1635.5621301775147
[READ-MODIFY-WRITE], MinLatency(us), 68
[READ-MODIFY-WRITE], MaxLatency(us), 20815
[READ-MODIFY-WRITE], 95thPercentileLatency(us), 2099
[READ-MODIFY-WRITE], 99thPercentileLatency(us), 20287
[CLEANUP], Operations, 24
[CLEANUP], AverageLatency(us), 536.7083333333334
[CLEANUP], MinLatency(us), 3
[CLEANUP], MaxLatency(us), 12775
[CLEANUP], 95thPercentileLatency(us), 16
[CLEANUP], 99thPercentileLatency(us), 12775
[UPDATE], Operations, 507
[UPDATE], AverageLatency(us), 1011.2958579881657
[UPDATE], MinLatency(us), 46
[UPDATE], MaxLatency(us), 4423
[UPDATE], 95thPercentileLatency(us), 1813
[UPDATE], 99thPercentileLatency(us), 2739
[UPDATE], Return=OK, 507
