[OVERALL], RunTime(ms), 305
[OVERALL], Throughput(ops/sec), 3278.688524590164
[TOTAL_GCS_PS_Scavenge], Count, 0
[TOTAL_GC_TIME_PS_Scavenge], Time(ms), 0
[TOTAL_GC_TIME_%_PS_Scavenge], Time(%), 0.0
[TOTAL_GCS_PS_MarkSweep], Count, 0
[TOTAL_GC_TIME_PS_MarkSweep], Time(ms), 0
[TOTAL_GC_TIME_%_PS_MarkSweep], Time(%), 0.0
[TOTAL_GCs], Count, 0
[TOTAL_GC_TIME], Time(ms), 0
[TOTAL_GC_TIME_%], Time(%), 0.0
[READ], Operations, 1000
[READ], AverageLatency(us), 183.12
[READ], MinLatency(us), 14
[READ], MaxLatency(us), 2131
[READ], 95thPercentileLatency(us), 630
[READ], 99thPercentileLatency(us), 1958
[READ], Return=OK, 1000
[CLEANUP], Operations, 24
[CLEANUP], AverageLatency(us), 439.5833333333333
[CLEANUP], MinLatency(us), 2
[CLEANUP], MaxLatency(us), 10471
[CLEANUP], 95thPercentileLatency(us), 8
[CLEANUP], 99thPercentileLatency(us), 10471
