[OVERALL], RunTime(ms), 160
[OVERALL], Throughput(ops/sec), 6250.0
[TOTAL_GCS_PS_Scavenge], Count, 0
[TOTAL_GC_TIME_PS_Scavenge], Time(ms), 0
[TOTAL_GC_TIME_%_PS_Scavenge], Time(%), 0.0
[TOTAL_GCS_PS_MarkSweep], Count, 0
[TOTAL_GC_TIME_PS_MarkSweep], Time(ms), 0
[TOTAL_GC_TIME_%_PS_MarkSweep], Time(%), 0.0
[TOTAL_GCs], Count, 0
[TOTAL_GC_TIME], Time(ms), 0
[TOTAL_GC_TIME_%], Time(%), 0.0
[CLEANUP], Operations, 8
[CLEANUP], AverageLatency(us), 71.25
[CLEANUP], MinLatency(us), 24
[CLEANUP], MaxLatency(us), 369
[CLEANUP], 95thPercentileLatency(us), 369
[CLEANUP], 99thPercentileLatency(us), 369
[INSERT], Operations, 1000
[INSERT], AverageLatency(us), 806.914
[INSERT], MinLatency(us), 180
[INSERT], MaxLatency(us), 12335
[INSERT], 95thPercentileLatency(us), 1406
[INSERT], 99thPercentileLatency(us), 8015
[INSERT], Return=OK, 1000
