[OVERALL], RunTime(ms), 163
[OVERALL], Throughput(ops/sec), 6134.9693251533745
[TOTAL_GCS_PS_Scavenge], Count, 0
[TOTAL_GC_TIME_PS_Scavenge], Time(ms), 0
[TOTAL_GC_TIME_%_PS_Scavenge], Time(%), 0.0
[TOTAL_GCS_PS_MarkSweep], Count, 0
[TOTAL_GC_TIME_PS_MarkSweep], Time(ms), 0
[TOTAL_GC_TIME_%_PS_MarkSweep], Time(%), 0.0
[TOTAL_GCs], Count, 0
[TOTAL_GC_TIME], Time(ms), 0
[TOTAL_GC_TIME_%], Time(%), 0.0
[CLEANUP], Operations, 8
[CLEANUP], AverageLatency(us), 115.625
[CLEANUP], MinLatency(us), 23
[CLEANUP], MaxLatency(us), 687
[CLEANUP], 95thPercentileLatency(us), 687
[CLEANUP], 99thPercentileLatency(us), 687
[INSERT], Operations, 1000
[INSERT], AverageLatency(us), 862.62
[INSERT], MinLatency(us), 207
[INSERT], MaxLatency(us), 13991
[INSERT], 95thPercentileLatency(us), 1627
[INSERT], 99thPercentileLatency(us), 6755
[INSERT], Return=OK, 1000
