[OVERALL], RunTime(ms), 159
[OVERALL], Throughput(ops/sec), 6289.308176100629
[TOTAL_GCS_PS_Scavenge], Count, 0
[TOTAL_GC_TIME_PS_Scavenge], Time(ms), 0
[TOTAL_GC_TIME_%_PS_Scavenge], Time(%), 0.0
[TOTAL_GCS_PS_MarkSweep], Count, 0
[TOTAL_GC_TIME_PS_MarkSweep], Time(ms), 0
[TOTAL_GC_TIME_%_PS_MarkSweep], Time(%), 0.0
[TOTAL_GCs], Count, 0
[TOTAL_GC_TIME], Time(ms), 0
[TOTAL_GC_TIME_%], Time(%), 0.0
[CLEANUP], Operations, 8
[CLEANUP], AverageLatency(us), 232.5
[CLEANUP], MinLatency(us), 30
[CLEANUP], MaxLatency(us), 1122
[CLEANUP], 95thPercentileLatency(us), 1122
[CLEANUP], 99thPercentileLatency(us), 1122
[INSERT], Operations, 1000
[INSERT], AverageLatency(us), 814.893
[INSERT], MinLatency(us), 172
[INSERT], MaxLatency(us), 12591
[INSERT], 95thPercentileLatency(us), 1521
[INSERT], 99thPercentileLatency(us), 6671
[INSERT], Return=OK, 1000
