***************************************
*** ###easy### TPC-C Load Generator ***
***************************************
option h with value '192.168.122.77'
option P with value '3306'
option d with value 'benchmarker'
option u with value 'root'
option p with value '123456'
option w with value '11'
option c with value '32'
option r with value '22'
option l with value '60'
option i with value '10'
<Parameters>
     [server]: 192.168.122.77
     [port]: 3306
     [DBname]: benchmarker
       [user]: root
       [pass]: 123456
  [warehouse]: 11
 [connection]: 32
     [rampup]: 22 (sec.)
    [measure]: 60 (sec.)

RAMP-UP TIME.(22 sec.)

MEASURING START.

  10, trx: 630, 95%: 399.205, 99%: 514.561, max_rt: 607.469, 629|483.854, 63|72.675, 63|732.376, 63|1311.167
  20, trx: 631, 95%: 386.390, 99%: 466.301, max_rt: 577.380, 632|476.973, 64|120.246, 63|644.891, 64|1189.684
  30, trx: 624, 95%: 385.005, 99%: 435.408, max_rt: 580.282, 623|443.681, 63|56.210, 62|640.243, 62|1295.332
  40, trx: 627, 95%: 391.396, 99%: 504.646, max_rt: 597.167, 627|435.122, 62|57.518, 63|689.184, 62|1224.321
  50, trx: 630, 95%: 395.163, 99%: 468.119, max_rt: 506.106, 629|382.383, 63|85.049, 63|636.216, 63|1269.956
  60, trx: 627, 95%: 397.060, 99%: 474.468, max_rt: 573.824, 628|417.150, 63|91.513, 63|672.783, 64|1272.907

STOPPING THREADS................................

<Raw Results>
  [0] sc:0 lt:3769  rt:0  fl:0 avg_rt: 364.2 (5)
  [1] sc:82 lt:3686  rt:0  fl:0 avg_rt: 107.9 (5)
  [2] sc:40 lt:338  rt:0  fl:0 avg_rt: 41.0 (5)
  [3] sc:0 lt:377  rt:0  fl:0 avg_rt: 765.3 (80)
  [4] sc:0 lt:378  rt:0  fl:0 avg_rt: 1425.5 (20)
 in 60 sec.

<Raw Results2(sum ver.)>
  [0] sc:0  lt:3769  rt:0  fl:0 
  [1] sc:82  lt:3686  rt:0  fl:0 
  [2] sc:40  lt:338  rt:0  fl:0 
  [3] sc:0  lt:377  rt:0  fl:0 
  [4] sc:0  lt:378  rt:0  fl:0 

<Constraint Check> (all must be [OK])
 [transaction percentage]
        Payment: 43.46% (>=43.0%) [OK]
   Order-Status: 4.36% (>= 4.0%) [OK]
       Delivery: 4.35% (>= 4.0%) [OK]
    Stock-Level: 4.36% (>= 4.0%) [OK]
 [response time (at least 90% passed)]
      New-Order: 0.00%  [NG] *
        Payment: 2.18%  [NG] *
   Order-Status: 10.58%  [NG] *
       Delivery: 0.00%  [NG] *
    Stock-Level: 0.00%  [NG] *

<TpmC>
                 3769.000 TpmC
