***************************************
*** ###easy### TPC-C Load Generator ***
***************************************
option h with value '192.168.122.77'
option P with value '3306'
option d with value 'benchmarker'
option u with value 'root'
option p with value '123456'
option w with value '11'
option c with value '4'
option r with value '22'
option l with value '60'
option i with value '10'
<Parameters>
     [server]: 192.168.122.77
     [port]: 3306
     [DBname]: benchmarker
       [user]: root
       [pass]: 123456
  [warehouse]: 11
 [connection]: 4
     [rampup]: 22 (sec.)
    [measure]: 60 (sec.)

RAMP-UP TIME.(22 sec.)

MEASURING START.

  10, trx: 646, 95%: 48.324, 99%: 58.179, max_rt: 66.440, 647|41.066, 65|12.645, 65|100.992, 66|174.684
  20, trx: 655, 95%: 48.950, 99%: 58.951, max_rt: 64.199, 654|33.005, 66|11.301, 65|101.712, 65|173.724
  30, trx: 677, 95%: 47.878, 99%: 55.111, max_rt: 63.170, 676|42.069, 67|8.207, 67|95.451, 67|168.869
  40, trx: 675, 95%: 46.956, 99%: 55.458, max_rt: 61.379, 673|24.079, 67|10.959, 68|97.102, 67|169.442
  50, trx: 659, 95%: 48.339, 99%: 56.939, max_rt: 68.098, 659|52.755, 66|8.897, 66|113.336, 67|167.245
  60, trx: 652, 95%: 49.972, 99%: 59.875, max_rt: 62.923, 656|22.042, 65|10.500, 66|100.569, 65|168.829

STOPPING THREADS....

<Raw Results>
  [0] sc:0 lt:3964  rt:0  fl:0 avg_rt: 43.9 (5)
  [1] sc:89 lt:3876  rt:0  fl:0 avg_rt: 10.6 (5)
  [2] sc:336 lt:60  rt:0  fl:0 avg_rt: 5.6 (5)
  [3] sc:340 lt:57  rt:0  fl:0 avg_rt: 97.9 (80)
  [4] sc:0 lt:397  rt:0  fl:0 avg_rt: 178.9 (20)
 in 60 sec.

<Raw Results2(sum ver.)>
  [0] sc:0  lt:3964  rt:0  fl:0 
  [1] sc:89  lt:3876  rt:0  fl:0 
  [2] sc:336  lt:60  rt:0  fl:0 
  [3] sc:340  lt:57  rt:0  fl:0 
  [4] sc:0  lt:397  rt:0  fl:0 

<Constraint Check> (all must be [OK])
 [transaction percentage]
        Payment: 43.48% (>=43.0%) [OK]
   Order-Status: 4.34% (>= 4.0%) [OK]
       Delivery: 4.35% (>= 4.0%) [OK]
    Stock-Level: 4.35% (>= 4.0%) [OK]
 [response time (at least 90% passed)]
      New-Order: 0.00%  [NG] *
        Payment: 2.24%  [NG] *
   Order-Status: 84.85%  [NG] *
       Delivery: 85.64%  [NG] *
    Stock-Level: 0.00%  [NG] *

<TpmC>
                 3964.000 TpmC
