***************************************
*** ###easy### TPC-C Load Generator ***
***************************************
option h with value '192.168.122.77'
option P with value '3306'
option d with value 'benchmarker'
option u with value 'root'
option p with value '123456'
option w with value '11'
option c with value '1'
option r with value '22'
option l with value '60'
option i with value '10'
<Parameters>
     [server]: 192.168.122.77
     [port]: 3306
     [DBname]: benchmarker
       [user]: root
       [pass]: 123456
  [warehouse]: 11
 [connection]: 1
     [rampup]: 22 (sec.)
    [measure]: 60 (sec.)

RAMP-UP TIME.(22 sec.)

MEASURING START.

  10, trx: 687, 95%: 11.024, 99%: 20.019, max_rt: 28.435, 682|9.611, 68|9.539, 68|64.873, 68|85.290
  20, trx: 679, 95%: 10.578, 99%: 15.378, max_rt: 26.581, 682|9.344, 69|9.625, 69|40.376, 69|49.791
  30, trx: 681, 95%: 10.722, 99%: 21.026, max_rt: 31.242, 682|9.854, 67|3.707, 68|36.762, 67|50.728
  40, trx: 670, 95%: 10.699, 99%: 19.359, max_rt: 29.086, 668|9.007, 68|9.834, 67|42.979, 68|52.351
  50, trx: 683, 95%: 10.613, 99%: 17.036, max_rt: 22.276, 684|9.672, 68|2.577, 69|40.890, 68|53.100
  60, trx: 683, 95%: 10.680, 99%: 18.300, max_rt: 24.313, 683|8.971, 68|2.086, 67|40.258, 68|52.524

STOPPING THREADS.

<Raw Results>
  [0] sc:684 lt:3399  rt:0  fl:0 avg_rt: 10.5 (5)
  [1] sc:4029 lt:52  rt:0  fl:0 avg_rt: 2.6 (5)
  [2] sc:405 lt:3  rt:0  fl:0 avg_rt: 1.5 (5)
  [3] sc:408 lt:0  rt:0  fl:0 avg_rt: 26.7 (80)
  [4] sc:0 lt:408  rt:0  fl:0 avg_rt: 42.2 (20)
 in 60 sec.

<Raw Results2(sum ver.)>
  [0] sc:684  lt:3399  rt:0  fl:0 
  [1] sc:4029  lt:52  rt:0  fl:0 
  [2] sc:405  lt:3  rt:0  fl:0 
  [3] sc:408  lt:0  rt:0  fl:0 
  [4] sc:0  lt:408  rt:0  fl:0 

<Constraint Check> (all must be [OK])
 [transaction percentage]
        Payment: 43.47% (>=43.0%) [OK]
   Order-Status: 4.35% (>= 4.0%) [OK]
       Delivery: 4.35% (>= 4.0%) [OK]
    Stock-Level: 4.35% (>= 4.0%) [OK]
 [response time (at least 90% passed)]
      New-Order: 16.75%  [NG] *
        Payment: 98.73%  [OK]
   Order-Status: 99.26%  [OK]
       Delivery: 100.00%  [OK]
    Stock-Level: 0.00%  [NG] *

<TpmC>
                 4083.000 TpmC
