***************************************
*** ###easy### TPC-C Load Generator ***
***************************************
option h with value '192.168.122.77'
option P with value '3306'
option d with value 'benchmarker'
option u with value 'root'
option p with value '123456'
option w with value '11'
option c with value '64'
option r with value '22'
option l with value '60'
option i with value '10'
<Parameters>
     [server]: 192.168.122.77
     [port]: 3306
     [DBname]: benchmarker
       [user]: root
       [pass]: 123456
  [warehouse]: 11
 [connection]: 64
     [rampup]: 22 (sec.)
    [measure]: 60 (sec.)

RAMP-UP TIME.(22 sec.)

MEASURING START.

  10, trx: 598, 95%: 791.606, 99%: 1020.658, max_rt: 1471.331, 582|1420.895, 60|151.847, 60|1544.604, 60|2555.004
  20, trx: 593, 95%: 796.121, 99%: 981.996, max_rt: 1110.865, 603|1060.129, 59|158.279, 58|1424.471, 58|2681.588
  30, trx: 599, 95%: 815.416, 99%: 1007.604, max_rt: 1453.288, 588|1047.293, 59|155.437, 61|1411.612, 60|2378.367
  40, trx: 601, 95%: 784.764, 99%: 1016.998, max_rt: 1383.563, 599|1405.155, 61|172.921, 60|1393.537, 61|2339.160
  50, trx: 587, 95%: 788.531, 99%: 1047.587, max_rt: 1434.186, 596|1375.855, 58|168.323, 59|1405.873, 58|2489.937
  60, trx: 600, 95%: 792.080, 99%: 981.996, max_rt: 1237.769, 601|1469.782, 61|115.134, 58|1357.313, 60|2365.866

STOPPING THREADS................................................................

<Raw Results>
  [0] sc:0 lt:3578  rt:0  fl:0 avg_rt: 703.2 (5)
  [1] sc:35 lt:3534  rt:0  fl:0 avg_rt: 331.8 (5)
  [2] sc:35 lt:323  rt:0  fl:0 avg_rt: 78.6 (5)
  [3] sc:0 lt:356  rt:0  fl:0 avg_rt: 1484.9 (80)
  [4] sc:0 lt:357  rt:0  fl:0 avg_rt: 2760.3 (20)
 in 60 sec.

<Raw Results2(sum ver.)>
  [0] sc:0  lt:3578  rt:0  fl:0 
  [1] sc:35  lt:3534  rt:0  fl:0 
  [2] sc:35  lt:323  rt:0  fl:0 
  [3] sc:0  lt:356  rt:0  fl:0 
  [4] sc:0  lt:357  rt:0  fl:0 

<Constraint Check> (all must be [OK])
 [transaction percentage]
        Payment: 43.43% (>=43.0%) [OK]
   Order-Status: 4.36% (>= 4.0%) [OK]
       Delivery: 4.33% (>= 4.0%) [OK]
    Stock-Level: 4.34% (>= 4.0%) [OK]
 [response time (at least 90% passed)]
      New-Order: 0.00%  [NG] *
        Payment: 0.98%  [NG] *
   Order-Status: 9.78%  [NG] *
       Delivery: 0.00%  [NG] *
    Stock-Level: 0.00%  [NG] *

<TpmC>
                 3578.000 TpmC
