***************************************
*** ###easy### TPC-C Load Generator ***
***************************************
option h with value '127.0.0.1'
option P with value '13306'
option d with value 'benchmarker'
option u with value 'root'
option p with value '123456'
option w with value '11'
option c with value '2'
option r with value '22'
option l with value '60'
option i with value '10'
<Parameters>
     [server]: 127.0.0.1
     [port]: 13306
     [DBname]: benchmarker
       [user]: root
       [pass]: 123456
  [warehouse]: 11
 [connection]: 2
     [rampup]: 22 (sec.)
    [measure]: 60 (sec.)

RAMP-UP TIME.(22 sec.)

MEASURING START.

  10, trx: 774, 95%: 26.029, 99%: 31.828, max_rt: 50.000, 775|16.159, 78|15.986, 77|83.014, 77|98.519
  20, trx: 772, 95%: 24.878, 99%: 29.454, max_rt: 35.686, 771|14.095, 76|3.989, 76|57.655, 77|82.316
  30, trx: 767, 95%: 24.686, 99%: 30.577, max_rt: 37.759, 767|16.311, 78|6.445, 78|56.699, 77|81.184
  40, trx: 766, 95%: 25.118, 99%: 28.766, max_rt: 35.531, 768|14.602, 77|12.913, 76|51.650, 76|81.172
  50, trx: 769, 95%: 24.568, 99%: 29.480, max_rt: 32.888, 767|14.910, 76|6.686, 76|52.910, 78|85.507
  60, trx: 762, 95%: 24.290, 99%: 28.432, max_rt: 32.226, 764|17.729, 76|4.791, 78|56.514, 76|87.960

STOPPING THREADS..

<Raw Results>
  [0] sc:0 lt:4610  rt:0  fl:0 avg_rt: 19.3 (5)
  [1] sc:4152 lt:460  rt:0  fl:0 avg_rt: 4.6 (5)
  [2] sc:456 lt:5  rt:0  fl:0 avg_rt: 2.5 (5)
  [3] sc:461 lt:0  rt:0  fl:0 avg_rt: 42.2 (80)
  [4] sc:0 lt:461  rt:0  fl:0 avg_rt: 71.9 (20)
 in 60 sec.

<Raw Results2(sum ver.)>
  [0] sc:0  lt:4610  rt:0  fl:0 
  [1] sc:4152  lt:460  rt:0  fl:0 
  [2] sc:456  lt:5  rt:0  fl:0 
  [3] sc:461  lt:0  rt:0  fl:0 
  [4] sc:0  lt:461  rt:0  fl:0 

<Constraint Check> (all must be [OK])
 [transaction percentage]
        Payment: 43.49% (>=43.0%) [OK]
   Order-Status: 4.35% (>= 4.0%) [OK]
       Delivery: 4.35% (>= 4.0%) [OK]
    Stock-Level: 4.35% (>= 4.0%) [OK]
 [response time (at least 90% passed)]
      New-Order: 0.00%  [NG] *
        Payment: 90.03%  [OK]
   Order-Status: 98.92%  [OK]
       Delivery: 100.00%  [OK]
    Stock-Level: 0.00%  [NG] *

<TpmC>
                 4610.000 TpmC
