[OVERALL], RunTime(ms), 307
[OVERALL], Throughput(ops/sec), 3257.328990228013
[TOTAL_GCS_PS_Scavenge], Count, 0
[TOTAL_GC_TIME_PS_Scavenge], Time(ms), 0
[TOTAL_GC_TIME_%_PS_Scavenge], Time(%), 0.0
[TOTAL_GCS_PS_MarkSweep], Count, 0
[TOTAL_GC_TIME_PS_MarkSweep], Time(ms), 0
[TOTAL_GC_TIME_%_PS_MarkSweep], Time(%), 0.0
[TOTAL_GCs], Count, 0
[TOTAL_GC_TIME], Time(ms), 0
[TOTAL_GC_TIME_%], Time(%), 0.0
[READ], Operations, 487
[READ], AverageLatency(us), 86.01848049281314
[READ], MinLatency(us), 12
[READ], MaxLatency(us), 2761
[READ], 95thPercentileLatency(us), 130
[READ], 99thPercentileLatency(us), 488
[READ], Return=OK, 487
[CLEANUP], Operations, 8
[CLEANUP], AverageLatency(us), 1396.0
[CLEANUP], MinLatency(us), 2
[CLEANUP], MaxLatency(us), 11143
[CLEANUP], 95thPercentileLatency(us), 11143
[CLEANUP], 99thPercentileLatency(us), 11143
[UPDATE], Operations, 513
[UPDATE], AverageLatency(us), 195.86744639376218
[UPDATE], MinLatency(us), 46
[UPDATE], MaxLatency(us), 2609
[UPDATE], 95thPercentileLatency(us), 349
[UPDATE], 99thPercentileLatency(us), 662
[UPDATE], Return=OK, 513
