[OVERALL], RunTime(ms), 383
[OVERALL], Throughput(ops/sec), 2610.9660574412533
[TOTAL_GCS_PS_Scavenge], Count, 0
[TOTAL_GC_TIME_PS_Scavenge], Time(ms), 0
[TOTAL_GC_TIME_%_PS_Scavenge], Time(%), 0.0
[TOTAL_GCS_PS_MarkSweep], Count, 0
[TOTAL_GC_TIME_PS_MarkSweep], Time(ms), 0
[TOTAL_GC_TIME_%_PS_MarkSweep], Time(%), 0.0
[TOTAL_GCs], Count, 0
[TOTAL_GC_TIME], Time(ms), 0
[TOTAL_GC_TIME_%], Time(%), 0.0
[CLEANUP], Operations, 8
[CLEANUP], AverageLatency(us), 1647.75
[CLEANUP], MinLatency(us), 2
[CLEANUP], MaxLatency(us), 13159
[CLEANUP], 95thPercentileLatency(us), 13159
[CLEANUP], 99thPercentileLatency(us), 13159
[INSERT], Operations, 32
[INSERT], AverageLatency(us), 199.53125
[INSERT], MinLatency(us), 51
[INSERT], MaxLatency(us), 1748
[INSERT], 95thPercentileLatency(us), 210
[INSERT], 99thPercentileLatency(us), 1748
[INSERT], Return=OK, 32
[SCAN], Operations, 968
[SCAN], AverageLatency(us), 746.0413223140496
[SCAN], MinLatency(us), 14
[SCAN], MaxLatency(us), 9511
[SCAN], 95thPercentileLatency(us), 2447
[SCAN], 99thPercentileLatency(us), 3547
[SCAN], Return=OK, 968
