[OVERALL], RunTime(ms), 304
[OVERALL], Throughput(ops/sec), 3289.4736842105262
[TOTAL_GCS_PS_Scavenge], Count, 0
[TOTAL_GC_TIME_PS_Scavenge], Time(ms), 0
[TOTAL_GC_TIME_%_PS_Scavenge], Time(%), 0.0
[TOTAL_GCS_PS_MarkSweep], Count, 0
[TOTAL_GC_TIME_PS_MarkSweep], Time(ms), 0
[TOTAL_GC_TIME_%_PS_MarkSweep], Time(%), 0.0
[TOTAL_GCs], Count, 0
[TOTAL_GC_TIME], Time(ms), 0
[TOTAL_GC_TIME_%], Time(%), 0.0
[READ], Operations, 950
[READ], AverageLatency(us), 89.92315789473685
[READ], MinLatency(us), 14
[READ], MaxLatency(us), 1916
[READ], 95thPercentileLatency(us), 184
[READ], 99thPercentileLatency(us), 450
[READ], Return=OK, 950
[CLEANUP], Operations, 8
[CLEANUP], AverageLatency(us), 1328.5
[CLEANUP], MinLatency(us), 2
[CLEANUP], MaxLatency(us), 10607
[CLEANUP], 95thPercentileLatency(us), 10607
[CLEANUP], 99thPercentileLatency(us), 10607
[UPDATE], Operations, 50
[UPDATE], AverageLatency(us), 352.26
[UPDATE], MinLatency(us), 97
[UPDATE], MaxLatency(us), 2044
[UPDATE], 95thPercentileLatency(us), 837
[UPDATE], 99thPercentileLatency(us), 2044
[UPDATE], Return=OK, 50
