[OVERALL], RunTime(ms), 272
[OVERALL], Throughput(ops/sec), 3676.470588235294
[TOTAL_GCS_PS_Scavenge], Count, 0
[TOTAL_GC_TIME_PS_Scavenge], Time(ms), 0
[TOTAL_GC_TIME_%_PS_Scavenge], Time(%), 0.0
[TOTAL_GCS_PS_MarkSweep], Count, 0
[TOTAL_GC_TIME_PS_MarkSweep], Time(ms), 0
[TOTAL_GC_TIME_%_PS_MarkSweep], Time(%), 0.0
[TOTAL_GCs], Count, 0
[TOTAL_GC_TIME], Time(ms), 0
[TOTAL_GC_TIME_%], Time(%), 0.0
[READ], Operations, 946
[READ], AverageLatency(us), 83.44080338266384
[READ], MinLatency(us), 9
[READ], MaxLatency(us), 2129
[READ], 95thPercentileLatency(us), 153
[READ], 99thPercentileLatency(us), 340
[READ], Return=OK, 946
[CLEANUP], Operations, 8
[CLEANUP], AverageLatency(us), 1520.375
[CLEANUP], MinLatency(us), 2
[CLEANUP], MaxLatency(us), 12143
[CLEANUP], 95thPercentileLatency(us), 12143
[CLEANUP], 99thPercentileLatency(us), 12143
[INSERT], Operations, 54
[INSERT], AverageLatency(us), 326.3333333333333
[INSERT], MinLatency(us), 58
[INSERT], MaxLatency(us), 2181
[INSERT], 95thPercentileLatency(us), 1193
[INSERT], 99thPercentileLatency(us), 1933
[INSERT], Return=OK, 54
