[OVERALL], RunTime(ms), 304
[OVERALL], Throughput(ops/sec), 3289.4736842105262
[TOTAL_GCS_PS_Scavenge], Count, 0
[TOTAL_GC_TIME_PS_Scavenge], Time(ms), 0
[TOTAL_GC_TIME_%_PS_Scavenge], Time(%), 0.0
[TOTAL_GCS_PS_MarkSweep], Count, 0
[TOTAL_GC_TIME_PS_MarkSweep], Time(ms), 0
[TOTAL_GC_TIME_%_PS_MarkSweep], Time(%), 0.0
[TOTAL_GCs], Count, 0
[TOTAL_GC_TIME], Time(ms), 0
[TOTAL_GC_TIME_%], Time(%), 0.0
[READ], Operations, 1000
[READ], AverageLatency(us), 91.676
[READ], MinLatency(us), 10
[READ], MaxLatency(us), 2181
[READ], 95thPercentileLatency(us), 156
[READ], 99thPercentileLatency(us), 327
[READ], Return=OK, 1000
[CLEANUP], Operations, 8
[CLEANUP], AverageLatency(us), 1532.0
[CLEANUP], MinLatency(us), 2
[CLEANUP], MaxLatency(us), 12239
[CLEANUP], 95thPercentileLatency(us), 12239
[CLEANUP], 99thPercentileLatency(us), 12239
