***************************************
*** ###easy### TPC-C Load Generator ***
***************************************
option h with value '192.168.122.89'
option P with value '3306'
option d with value 'benchmarker'
option u with value 'root'
option p with value '123456'
option w with value '11'
option c with value '8'
option r with value '22'
option l with value '60'
option i with value '10'
<Parameters>
     [server]: 192.168.122.89
     [port]: 3306
     [DBname]: benchmarker
       [user]: root
       [pass]: 123456
  [warehouse]: 11
 [connection]: 8
     [rampup]: 22 (sec.)
    [measure]: 60 (sec.)

RAMP-UP TIME.(22 sec.)

MEASURING START.

  10, trx: 975, 95%: 78.458, 99%: 96.170, max_rt: 130.405, 970|78.960, 97|32.032, 97|197.781, 97|289.200
  20, trx: 945, 95%: 81.743, 99%: 109.709, max_rt: 144.842, 946|108.846, 94|16.788, 94|229.836, 95|291.764
  30, trx: 975, 95%: 80.192, 99%: 102.073, max_rt: 144.667, 974|54.735, 98|20.542, 98|280.779, 97|246.962
  40, trx: 930, 95%: 84.936, 99%: 112.772, max_rt: 150.874, 934|84.292, 93|21.734, 93|192.583, 94|269.227
  50, trx: 967, 95%: 80.168, 99%: 88.068, max_rt: 115.989, 964|76.877, 97|21.133, 96|191.000, 96|229.563
  60, trx: 944, 95%: 81.890, 99%: 95.453, max_rt: 136.751, 945|104.985, 94|18.952, 95|188.636, 94|286.772

STOPPING THREADS........

<Raw Results>
  [0] sc:0 lt:5736  rt:0  fl:0 avg_rt: 61.1 (5)
  [1] sc:624 lt:5109  rt:0  fl:0 avg_rt: 15.8 (5)
  [2] sc:331 lt:242  rt:0  fl:0 avg_rt: 7.5 (5)
  [3] sc:120 lt:453  rt:0  fl:0 avg_rt: 144.8 (80)
  [4] sc:0 lt:573  rt:0  fl:0 avg_rt: 222.3 (20)
 in 60 sec.

<Raw Results2(sum ver.)>
  [0] sc:0  lt:5736  rt:0  fl:0 
  [1] sc:624  lt:5109  rt:0  fl:0 
  [2] sc:331  lt:242  rt:0  fl:0 
  [3] sc:120  lt:453  rt:0  fl:0 
  [4] sc:0  lt:573  rt:0  fl:0 

<Constraint Check> (all must be [OK])
 [transaction percentage]
        Payment: 43.47% (>=43.0%) [OK]
   Order-Status: 4.34% (>= 4.0%) [OK]
       Delivery: 4.34% (>= 4.0%) [OK]
    Stock-Level: 4.34% (>= 4.0%) [OK]
 [response time (at least 90% passed)]
      New-Order: 0.00%  [NG] *
        Payment: 10.88%  [NG] *
   Order-Status: 57.77%  [NG] *
       Delivery: 20.94%  [NG] *
    Stock-Level: 0.00%  [NG] *

<TpmC>
                 5736.000 TpmC
