Initializing 200 connections...
Initializing 100 workers and preparing statements...
_elapsed___errors__ops/sec(inst)___ops/sec(cum)__p50(ms)__p95(ms)__p99(ms)_pMax(ms)
      1s        0            0.5            2.0     52.4    453.0    453.0    453.0 delivery
      1s        0            2.4           10.0    176.2    285.2    285.2    285.2 newOrder
      1s        0            0.2            1.0     96.5     96.5     96.5     96.5 orderStatus
      1s        0            3.4           14.0     83.9    130.0    151.0    151.0 payment
      1s        0            0.0            0.0      0.0      0.0      0.0      0.0 stockLevel
      2s        0            1.0            1.5    939.5    939.5    939.5    939.5 delivery
      2s        0           12.0           11.0    486.5    637.5    671.1    671.1 newOrder
      2s        0            2.0            1.5    151.0    268.4    268.4    268.4 orderStatus
      2s        0           13.0           13.5    218.1    402.7    453.0    453.0 payment
      2s        0            1.0            0.5    151.0    151.0    151.0    151.0 stockLevel
      3s        0            2.0            1.7    704.6    771.8    771.8    771.8 delivery
      3s        0           17.0           13.0    369.1   1140.9   1409.3   1409.3 newOrder
      3s        0            1.0            1.3     79.7     79.7     79.7     79.7 orderStatus
      3s        0           10.0           12.3    184.5    604.0    604.0    604.0 payment
      3s        0            1.0            0.7    226.5    226.5    226.5    226.5 stockLevel
      4s        0            2.0            1.7    436.2    570.4    570.4    570.4 delivery
      4s        0           18.0           14.2    385.9   1543.5   1610.6   1610.6 newOrder
      4s        0            2.0            1.5    113.2    176.2    176.2    176.2 orderStatus
      4s        0           10.0           11.7    184.5   2550.1   2550.1   2550.1 payment
      4s        0            3.0            1.2    151.0   1006.6   1006.6   1006.6 stockLevel
_elapsed___errors__ops/sec(inst)___ops/sec(cum)__p50(ms)__p95(ms)__p99(ms)_pMax(ms)
      5s        0            1.0            1.6    906.0    906.0    906.0    906.0 delivery
      5s        0           10.0           13.4    486.5   2415.9   2415.9   2415.9 newOrder
      5s        0            0.0            1.2      0.0      0.0      0.0      0.0 orderStatus
      5s        0            9.0           11.2    268.4   1677.7   1677.7   1677.7 payment
      5s        0            0.0            1.0      0.0      0.0      0.0      0.0 stockLevel
      6s        0            2.0            1.7    872.4   1073.7   1073.7   1073.7 delivery
      6s        0           10.0           12.8    738.2   2952.8   2952.8   2952.8 newOrder
      6s        0            2.0            1.3    125.8    184.5    184.5    184.5 orderStatus
      6s        0            7.0           10.5    226.5   2684.4   2684.4   2684.4 payment
      6s        0            1.0            1.0     88.1     88.1     88.1     88.1 stockLevel
      7s        0            0.0            1.4      0.0      0.0      0.0      0.0 delivery
      7s        0           11.0           12.6    335.5   2952.8   3087.0   3087.0 newOrder
      7s        0            2.0            1.4     65.0     71.3     71.3     71.3 orderStatus
      7s        0           14.0           11.0    604.0   2147.5   2818.6   2818.6 payment
      7s        0            0.0            0.9      0.0      0.0      0.0      0.0 stockLevel
      8s        0            2.0            1.5    738.2   3489.7   3489.7   3489.7 delivery
      8s        0           15.0           12.9   1946.2   4563.4   5100.3   5100.3 newOrder
      8s        0            3.0            1.6    201.3    486.5    486.5    486.5 orderStatus
      8s        0            7.0           10.5    402.7   4026.5   4026.5   4026.5 payment
      8s        0            0.0            0.7      0.0      0.0      0.0      0.0 stockLevel
_elapsed___errors__ops/sec(inst)___ops/sec(cum)__p50(ms)__p95(ms)__p99(ms)_pMax(ms)
      9s        0            2.0            1.6    771.8   3087.0   3087.0   3087.0 delivery
      9s        0            8.0           12.3    352.3   2684.4   2684.4   2684.4 newOrder
      9s        0            0.0            1.4      0.0      0.0      0.0      0.0 orderStatus
      9s        0            9.0           10.3    176.2   7784.6   7784.6   7784.6 payment
      9s        0            1.0            0.8    125.8    125.8    125.8    125.8 stockLevel
     10s        0            1.0            1.5    838.9    838.9    838.9    838.9 delivery
     10s        0           12.0           12.3    604.0   1811.9   1946.2   1946.2 newOrder
     10s        0            2.0            1.5    117.4    369.1    369.1    369.1 orderStatus
     10s        0           12.0           10.5   1946.2   5637.1   6442.5   6442.5 payment
     10s        0            1.0            0.8    151.0    151.0    151.0    151.0 stockLevel
_elapsed___errors__ops/sec(inst)___ops/sec(cum)__p50(ms)__p95(ms)__p99(ms)_pMax(ms)
      1s        0            0.0            0.0      0.0      0.0      0.0      0.0 delivery
      1s        0            5.0            5.0    385.9    486.5    486.5    486.5 newOrder
      1s        0            2.0            2.0     67.1    142.6    142.6    142.6 orderStatus
      1s        0            4.0            4.0    226.5    260.0    260.0    260.0 payment
      1s        0            0.0            0.0      0.0      0.0      0.0      0.0 stockLevel
      2s        0            0.0            0.0      0.0      0.0      0.0      0.0 delivery
      2s        0            9.0            7.0    285.2    570.4    570.4    570.4 newOrder
      2s        0            2.0            2.0     58.7    113.2    113.2    113.2 orderStatus
      2s        0            3.0            3.5    167.8    201.3    201.3    201.3 payment
      2s        0            2.0            1.0    121.6   1073.7   1073.7   1073.7 stockLevel
      3s        0            0.0            0.0      0.0      0.0      0.0      0.0 delivery
      3s        0            5.0            6.3    318.8   1879.0   1879.0   1879.0 newOrder
      3s        0            1.0            1.7     96.5     96.5     96.5     96.5 orderStatus
      3s        0            4.0            3.7    109.1    176.2    176.2    176.2 payment
      3s        0            1.0            1.0     83.9     83.9     83.9     83.9 stockLevel
      4s        0            0.0            0.0      0.0      0.0      0.0      0.0 delivery
      4s        0            4.0            5.8    570.4   2415.9   2415.9   2415.9 newOrder
      4s        0            0.0            1.3      0.0      0.0      0.0      0.0 orderStatus
      4s        0            7.0            4.5    218.1   2415.9   2415.9   2415.9 payment
      4s        0            2.0            1.3     92.3    100.7    100.7    100.7 stockLevel
_elapsed___errors__ops/sec(inst)___ops/sec(cum)__p50(ms)__p95(ms)__p99(ms)_pMax(ms)
      5s        0            2.0            0.4    402.7   2818.6   2818.6   2818.6 delivery
      5s        0           13.0            7.2    243.3   3892.3   3892.3   3892.3 newOrder
      5s        0            1.0            1.2     71.3     71.3     71.3     71.3 orderStatus
      5s        0            7.0            5.0    520.1   1811.9   1811.9   1811.9 payment
      5s        0            1.0            1.2     88.1     88.1     88.1     88.1 stockLevel
      6s        0            1.0            0.5   5368.7   5368.7   5368.7   5368.7 delivery
      6s        0           16.0            8.7    385.9   2415.9   3221.2   3221.2 newOrder
      6s        0            2.0            1.3    125.8    192.9    192.9    192.9 orderStatus
      6s        0            8.0            5.5    192.9    234.9    234.9    234.9 payment
      6s        0            0.0            1.0      0.0      0.0      0.0      0.0 stockLevel
      7s        0            2.0            0.7    486.5    671.1    671.1    671.1 delivery
      7s        0           11.0            9.0   2415.9   5637.1   5905.6   5905.6 newOrder
      7s        0            1.0            1.3     75.5     75.5     75.5     75.5 orderStatus
      7s        0           10.0            6.1    234.9   4563.4   4563.4   4563.4 payment
      7s        0            0.0            0.9      0.0      0.0      0.0      0.0 stockLevel
      8s        0            0.0            0.6      0.0      0.0      0.0      0.0 delivery
      8s        0           16.0            9.9   1476.4   4563.4   6174.0   6174.0 newOrder
      8s        0            0.0            1.1      0.0      0.0      0.0      0.0 orderStatus
      8s        0           14.0            7.1    113.2   4563.4   7784.6   7784.6 payment
      8s        0            1.0            0.9   3623.9   3623.9   3623.9   3623.9 stockLevel
_elapsed___errors__ops/sec(inst)___ops/sec(cum)__p50(ms)__p95(ms)__p99(ms)_pMax(ms)
      9s        0            1.0            0.7    385.9    385.9    385.9    385.9 delivery
      9s        0            8.0            9.7   1040.2   3489.7   3489.7   3489.7 newOrder
      9s        0            2.0            1.2     71.3    117.4    117.4    117.4 orderStatus
      9s        0            6.0            7.0    159.4   5100.3   5100.3   5100.3 payment
      9s        0            4.0            1.2    117.4    771.8    771.8    771.8 stockLevel
     10s        0            1.0            0.7    486.5    486.5    486.5    486.5 delivery
     10s        0            9.0            9.6   1040.2   5905.6   5905.6   5905.6 newOrder
     10s        0            1.0            1.2    113.2    113.2    113.2    113.2 orderStatus
     10s        0           11.0            7.4    167.8   4831.8   7784.6   7784.6 payment
     10s        0            1.0            1.2    117.4    117.4    117.4    117.4 stockLevel
     11s        0            0.0            0.6      0.0      0.0      0.0      0.0 delivery
     11s        0           10.0            9.6   1275.1  10737.4  10737.4  10737.4 newOrder
     11s        0            0.0            1.1      0.0      0.0      0.0      0.0 orderStatus
     11s        0            5.0            7.2    201.3    973.1    973.1    973.1 payment
     11s        0            0.0            1.1      0.0      0.0      0.0      0.0 stockLevel
     12s        0            0.0            0.6      0.0      0.0      0.0      0.0 delivery
     12s        0           12.0            9.8   3087.0   6979.3  10737.4  10737.4 newOrder
     12s        0            0.0            1.0      0.0      0.0      0.0      0.0 orderStatus
     12s        0            9.0            7.3   1409.3   9126.8   9126.8   9126.8 payment
     12s        0            2.0            1.2    100.7   4831.8   4831.8   4831.8 stockLevel
_elapsed___errors__ops/sec(inst)___ops/sec(cum)__p50(ms)__p95(ms)__p99(ms)_pMax(ms)
     13s        0            0.0            0.5      0.0      0.0      0.0      0.0 delivery
     13s        0           12.0           10.0    872.4   9663.7  11274.3  11274.3 newOrder
     13s        0            1.0            1.0    109.1    109.1    109.1    109.1 orderStatus
     13s        0           10.0            7.5   3758.1  12884.9  12884.9  12884.9 payment
     13s        0            0.0            1.1      0.0      0.0      0.0      0.0 stockLevel
     14s        0            1.0            0.6    503.3    503.3    503.3    503.3 delivery
     14s        0           15.0           10.4    637.5   4831.8  12348.0  12348.0 newOrder
     14s        0            2.0            1.1    167.8    218.1    218.1    218.1 orderStatus
     14s        0            7.0            7.5   1208.0  12348.0  12348.0  12348.0 payment
     14s        0            2.0            1.1    125.8   1140.9   1140.9   1140.9 stockLevel
     15s        0            1.0            0.6    771.8    771.8    771.8    771.8 delivery
     15s        0           10.0           10.3    486.5   6174.0   6174.0   6174.0 newOrder
     15s        0            4.0            1.3     75.5     96.5     96.5     96.5 orderStatus
     15s        0            7.0            7.5    243.3   7516.2   7516.2   7516.2 payment
     15s        0            1.0            1.1   7247.8   7247.8   7247.8   7247.8 stockLevel
     16s        0            2.0            0.7    604.0   2281.7   2281.7   2281.7 delivery
     16s        0           16.0           10.7    335.5   7784.6  10200.5  10200.5 newOrder
     16s        0            1.0            1.3     79.7     79.7     79.7     79.7 orderStatus
     16s        0            7.0            7.4    192.9   8321.5   8321.5   8321.5 payment
     16s        0            1.0            1.1    113.2    113.2    113.2    113.2 stockLevel
_elapsed___errors__ops/sec(inst)___ops/sec(cum)__p50(ms)__p95(ms)__p99(ms)_pMax(ms)
     17s        0            1.0            0.7    369.1    369.1    369.1    369.1 delivery
     17s        0           12.0           10.8    260.0  10200.5  11274.3  11274.3 newOrder
     17s        0            1.0            1.2    704.6    704.6    704.6    704.6 orderStatus
     17s        0            8.0            7.5     92.3  12348.0  12348.0  12348.0 payment
     17s        0            2.0            1.2    113.2   1073.7   1073.7   1073.7 stockLevel
     18s        0            2.0            0.8    385.9   1409.3   1409.3   1409.3 delivery
     18s        0           13.0           10.9    738.2   8321.5  10737.4  10737.4 newOrder
     18s        0            0.0            1.2      0.0      0.0      0.0      0.0 orderStatus
     18s        0           11.0            7.7   1677.7   6174.0  12884.9  12884.9 payment
     18s        0            0.0            1.1      0.0      0.0      0.0      0.0 stockLevel
     19s        0            2.0            0.8    604.0   1140.9   1140.9   1140.9 delivery
     19s        0           12.0           10.9    436.2   3892.3   8589.9   8589.9 newOrder
     19s        0            3.0            1.3    109.1    117.4    117.4    117.4 orderStatus
     19s        0            9.0            7.7    335.5   9126.8   9126.8   9126.8 payment
     19s        0            1.0            1.1    104.9    104.9    104.9    104.9 stockLevel
     20s        0            1.0            0.9    805.3    805.3    805.3    805.3 delivery
     20s        0           17.0           11.3    335.5   2952.8  11811.2  11811.2 newOrder
     20s        0            0.0            1.2      0.0      0.0      0.0      0.0 orderStatus
     20s        0           18.0            8.3    243.3   7247.8  10737.4  10737.4 payment
     20s        0            3.0            1.2     96.5    100.7    100.7    100.7 stockLevel
_elapsed___errors__ops/sec(inst)___ops/sec(cum)__p50(ms)__p95(ms)__p99(ms)_pMax(ms)
     21s        0            0.0            0.8      0.0      0.0      0.0      0.0 delivery
     21s        0           11.0           11.2   1275.1   5100.3   5368.7   5368.7 newOrder
     21s        0            0.0            1.1      0.0      0.0      0.0      0.0 orderStatus
     21s        0           11.0            8.4    335.5   2415.9   9663.7   9663.7 payment
     21s        0            0.0            1.1      0.0      0.0      0.0      0.0 stockLevel
     22s        0            0.0            0.8      0.0      0.0      0.0      0.0 delivery
     22s        0           11.0           11.2    234.9   4831.8  12348.0  12348.0 newOrder
     22s        0            2.0            1.2     83.9    151.0    151.0    151.0 orderStatus
     22s        0           16.0            8.7   1040.2  13421.8  17179.9  17179.9 payment
     22s        0            1.0            1.1    113.2    113.2    113.2    113.2 stockLevel
     23s        0            2.0            0.8    318.8    536.9    536.9    536.9 delivery
     23s        0            5.0           11.0   1543.5  10200.5  10200.5  10200.5 newOrder
     23s        0            1.0            1.2     79.7     79.7     79.7     79.7 orderStatus
     23s        0           12.0            8.9    234.9   9126.8  12348.0  12348.0 payment
     23s        0            1.0            1.1    402.7    402.7    402.7    402.7 stockLevel
     24s        0            1.0            0.8    671.1    671.1    671.1    671.1 delivery
     24s        0            9.0           10.9    939.5   4563.4   4563.4   4563.4 newOrder
     24s        0            1.0            1.2     79.7     79.7     79.7     79.7 orderStatus
     24s        0           18.0            9.3    637.5   9126.8  12348.0  12348.0 payment
     24s        0            1.0            1.1     83.9     83.9     83.9     83.9 stockLevel
_elapsed___errors__ops/sec(inst)___ops/sec(cum)__p50(ms)__p95(ms)__p99(ms)_pMax(ms)
     25s        0            2.0            0.9    486.5    486.5    486.5    486.5 delivery
     25s        0           15.0           11.0   3758.1  10737.4  10737.4  10737.4 newOrder
     25s        0            1.0            1.2     88.1     88.1     88.1     88.1 orderStatus
     25s        0           13.0            9.4    167.8  12348.0  12884.9  12884.9 payment
     25s        0            1.0            1.1     96.5     96.5     96.5     96.5 stockLevel
     26s        0            1.0            0.9    570.4    570.4    570.4    570.4 delivery
     26s        0           14.0           11.2    352.3   7516.2   8053.1   8053.1 newOrder
     26s        0            2.0            1.2    113.2    130.0    130.0    130.0 orderStatus
     26s        0            9.0            9.4    176.2  24696.1  24696.1  24696.1 payment
     26s        0            0.0            1.1      0.0      0.0      0.0      0.0 stockLevel
     27s        0            1.0            0.9    570.4    570.4    570.4    570.4 delivery
     27s        0           10.0           11.1   2818.6   8321.5   8321.5   8321.5 newOrder
     27s        0            3.0            1.3     96.5    234.9    234.9    234.9 orderStatus
     27s        0            6.0            9.3    117.4    335.5    335.5    335.5 payment
     27s        0            0.0            1.0      0.0      0.0      0.0      0.0 stockLevel
     28s        0            2.0            0.9    419.4   2550.1   2550.1   2550.1 delivery
     28s        0            7.0           11.0   3221.2   4831.8   4831.8   4831.8 newOrder
     28s        0            1.0            1.3     27.3     27.3     27.3     27.3 orderStatus
     28s        0           14.0            9.4    142.6   6442.5   6710.9   6710.9 payment
     28s        0            2.0            1.1     31.5   1476.4   1476.4   1476.4 stockLevel
_elapsed___errors__ops/sec(inst)___ops/sec(cum)__p50(ms)__p95(ms)__p99(ms)_pMax(ms)
     29s        0            1.0            0.9   1073.7   1073.7   1073.7   1073.7 delivery
     29s        0           12.0           11.0    302.0   2952.8   3758.1   3758.1 newOrder
     29s        0            0.0            1.2      0.0      0.0      0.0      0.0 orderStatus
     29s        0           15.0            9.6    503.3  20401.1  25769.8  25769.8 payment
     29s        0            1.0            1.1    104.9    104.9    104.9    104.9 stockLevel
     30s        0            2.0            1.0    486.5   2147.5   2147.5   2147.5 delivery
     30s        0           12.0           11.0    352.3   3623.9   5368.7   5368.7 newOrder
     30s        0            2.0            1.2     79.7    104.9    104.9    104.9 orderStatus
     30s        0           11.0            9.7    201.3   5637.1  24696.1  24696.1 payment
     30s        0            2.0            1.1    167.8    604.0    604.0    604.0 stockLevel
     31s        0            1.0            1.0    604.0    604.0    604.0    604.0 delivery
     31s        0            7.0           10.9    637.5   7247.8   7247.8   7247.8 newOrder
     31s        0            3.0            1.3     92.3    104.9    104.9    104.9 orderStatus
     31s        0           16.0            9.9    369.1  13421.8  26843.5  26843.5 payment
     31s        0            1.0            1.1    159.4    159.4    159.4    159.4 stockLevel
     32s        0            0.0            0.9      0.0      0.0      0.0      0.0 delivery
     32s        0           15.0           11.0    570.4   7516.2   9126.8   9126.8 newOrder
     32s        0            0.0            1.3      0.0      0.0      0.0      0.0 orderStatus
     32s        0           15.0           10.0    192.9  11811.2  26843.5  26843.5 payment
     32s        0            4.0            1.2     92.3    184.5    184.5    184.5 stockLevel
_elapsed___errors__ops/sec(inst)___ops/sec(cum)__p50(ms)__p95(ms)__p99(ms)_pMax(ms)
     33s        0            2.0            1.0    469.8    503.3    503.3    503.3 delivery
     33s        0           13.0           11.1    318.8   4563.4  12348.0  12348.0 newOrder
     33s        0            1.0            1.2     88.1     88.1     88.1     88.1 orderStatus
     33s        0           10.0           10.0    738.2   7516.2   7516.2   7516.2 payment
     33s        0            2.0            1.2     83.9    704.6    704.6    704.6 stockLevel
     34s        0            1.0            1.0    436.2    436.2    436.2    436.2 delivery
     34s        0            8.0           11.0    260.0  13958.6  13958.6  13958.6 newOrder
     34s        0            1.0            1.2     83.9     83.9     83.9     83.9 orderStatus
     34s        0           17.0           10.2    302.0  19327.4  19327.4  19327.4 payment
     34s        0            3.0            1.3     92.3    159.4    159.4    159.4 stockLevel
     35s        0            0.0            0.9      0.0      0.0      0.0      0.0 delivery
     35s        0           15.0           11.1    469.8   3623.9   5905.6   5905.6 newOrder
     35s        0            3.0            1.3     92.3    113.2    113.2    113.2 orderStatus
     35s        0            9.0           10.2    268.4  17179.9  17179.9  17179.9 payment
     35s        0            1.0            1.3    109.1    109.1    109.1    109.1 stockLevel
     36s        0            2.0            1.0    570.4    570.4    570.4    570.4 delivery
     36s        0            8.0           11.0    234.9   1879.0   1879.0   1879.0 newOrder
     36s        0            0.0            1.3      0.0      0.0      0.0      0.0 orderStatus
     36s        0            9.0           10.2   1543.5  13421.8  13421.8  13421.8 payment
     36s        0            0.0            1.2      0.0      0.0      0.0      0.0 stockLevel
_elapsed___errors__ops/sec(inst)___ops/sec(cum)__p50(ms)__p95(ms)__p99(ms)_pMax(ms)
     37s        0            3.0            1.0    385.9    385.9    385.9    385.9 delivery
     37s        0           13.0           11.1   1208.0   4831.8  20401.1  20401.1 newOrder
     37s        0            0.0            1.2      0.0      0.0      0.0      0.0 orderStatus
     37s        0           11.0           10.2   2281.7  10200.5  20401.1  20401.1 payment
     37s        0            0.0            1.2      0.0      0.0      0.0      0.0 stockLevel
     38s        0            1.0            1.0    436.2    436.2    436.2    436.2 delivery
     38s        0           14.0           11.2    260.0   1879.0   4563.4   4563.4 newOrder
     38s        0            3.0            1.3     79.7     79.7     79.7     79.7 orderStatus
     38s        0           11.0           10.2    130.0   1677.7  12884.9  12884.9 payment
     38s        0            1.0            1.2     83.9     83.9     83.9     83.9 stockLevel
     39s        0            1.0            1.0   1409.3   1409.3   1409.3   1409.3 delivery
     39s        0            9.0           11.1    369.1   5905.6   5905.6   5905.6 newOrder
     39s        0            0.0            1.2      0.0      0.0      0.0      0.0 orderStatus
     39s        0           12.0           10.3    192.9  11811.2  36507.2  36507.2 payment
     39s        0            1.0            1.2    218.1    218.1    218.1    218.1 stockLevel
     40s        0            1.0            1.0    436.2    436.2    436.2    436.2 delivery
     40s        0           13.0           11.2   5368.7  17179.9  31138.5  31138.5 newOrder
     40s        0            0.0            1.2      0.0      0.0      0.0      0.0 orderStatus
     40s        0           10.0           10.3    167.8  38654.7  38654.7  38654.7 payment
     40s        0            0.0            1.2      0.0      0.0      0.0      0.0 stockLevel
_elapsed___errors__ops/sec(inst)___ops/sec(cum)__p50(ms)__p95(ms)__p99(ms)_pMax(ms)
     41s        0            4.0            1.1    369.1    738.2    738.2    738.2 delivery
     41s        0            9.0           11.1    536.9  33286.0  33286.0  33286.0 newOrder
     41s        0            2.0            1.2     67.1     83.9     83.9     83.9 orderStatus
     41s        0           12.0           10.3    218.1    318.8   1342.2   1342.2 payment
     41s        0            0.0            1.1      0.0      0.0      0.0      0.0 stockLevel
     42s        0            0.0            1.1      0.0      0.0      0.0      0.0 delivery
     42s        0           12.0           11.1   1040.2   5905.6  14495.5  14495.5 newOrder
     42s        0            1.0            1.2    117.4    117.4    117.4    117.4 orderStatus
     42s        0           13.0           10.4    167.8   5905.6  20401.1  20401.1 payment
     42s        0            2.0            1.1    142.6    184.5    184.5    184.5 stockLevel
     43s        0            2.0            1.1    704.6    805.3    805.3    805.3 delivery
     43s        0            9.0           11.1   4295.0   9126.8   9126.8   9126.8 newOrder
     43s        0            2.0            1.2     92.3    142.6    142.6    142.6 orderStatus
     43s        0           14.0           10.4    142.6    838.9  33286.0  33286.0 payment
     43s        0            3.0            1.2  11274.3  12884.9  12884.9  12884.9 stockLevel
     44s        0            1.0            1.1    469.8    469.8    469.8    469.8 delivery
     44s        0           14.0           11.1    260.0   6442.5   7516.2   7516.2 newOrder
     44s        0            2.0            1.3     75.5     75.5     75.5     75.5 orderStatus
     44s        0           16.0           10.6    167.8  16106.1  21474.8  21474.8 payment
     44s        0            2.0            1.2     83.9     88.1     88.1     88.1 stockLevel
_elapsed___errors__ops/sec(inst)___ops/sec(cum)__p50(ms)__p95(ms)__p99(ms)_pMax(ms)
     45s        0            2.0            1.1    318.8    318.8    318.8    318.8 delivery
     45s        0            9.0           11.1    302.0   1677.7   1677.7   1677.7 newOrder
     45s        0            0.0            1.2      0.0      0.0      0.0      0.0 orderStatus
     45s        0           10.0           10.6    805.3  34359.7  34359.7  34359.7 payment
     45s        0            0.0            1.2      0.0      0.0      0.0      0.0 stockLevel
     46s        0            1.0            1.1    570.4    570.4    570.4    570.4 delivery
     46s        0           13.0           11.1    352.3   2952.8   4831.8   4831.8 newOrder
     46s        0            1.0            1.2     88.1     88.1     88.1     88.1 orderStatus
     46s        0           17.0           10.7    167.8   9663.7  19327.4  19327.4 payment
     46s        0            4.0            1.2    121.6    243.3    243.3    243.3 stockLevel
     47s        0            1.0            1.1   1342.2   1342.2   1342.2   1342.2 delivery
     47s        0            5.0           11.0   1040.2   1073.7   1073.7   1073.7 newOrder
     47s        0            0.0            1.2      0.0      0.0      0.0      0.0 orderStatus
     47s        0            1.0           10.5     88.1     88.1     88.1     88.1 payment
     47s        0            0.0            1.2      0.0      0.0      0.0      0.0 stockLevel
     48s        0            2.0            1.1    453.0   2684.4   2684.4   2684.4 delivery
     48s        0           15.0           11.1    352.3   3758.1  10200.5  10200.5 newOrder
     48s        0            2.0            1.2    121.6    130.0    130.0    130.0 orderStatus
     48s        0           12.0           10.5   1140.9  42949.7  42949.7  42949.7 payment
     48s        0            2.0            1.2    234.9   5368.7   5368.7   5368.7 stockLevel
_elapsed___errors__ops/sec(inst)___ops/sec(cum)__p50(ms)__p95(ms)__p99(ms)_pMax(ms)
     49s        0            2.0            1.1    352.3   1275.1   1275.1   1275.1 delivery
     49s        0           13.0           11.1    209.7    243.3   5368.7   5368.7 newOrder
     49s        0            3.0            1.2     71.3     92.3     92.3     92.3 orderStatus
     49s        0           13.0           10.6    104.9   1275.1   6174.0   6174.0 payment
     49s        0            0.0            1.2      0.0      0.0      0.0      0.0 stockLevel
     50s        0            0.0            1.1      0.0      0.0      0.0      0.0 delivery
     50s        0            8.0           11.1    302.0  11274.3  11274.3  11274.3 newOrder
     50s        0            1.0            1.2     96.5     96.5     96.5     96.5 orderStatus
     50s        0           12.0           10.6    134.2  32212.3  33286.0  33286.0 payment
     50s        0            1.0            1.2     71.3     71.3     71.3     71.3 stockLevel
     51s        0            0.0            1.1      0.0      0.0      0.0      0.0 delivery
     51s        0           13.0           11.1   4831.8  21474.8  22548.6  22548.6 newOrder
     51s        0            0.0            1.2      0.0      0.0      0.0      0.0 orderStatus
     51s        0            9.0           10.6    285.2  22548.6  22548.6  22548.6 payment
     51s        0            0.0            1.2      0.0      0.0      0.0      0.0 stockLevel
     52s        0            1.0            1.1   1006.6   1006.6   1006.6   1006.6 delivery
     52s        0           20.0           11.3    486.5  20401.1  40802.2  40802.2 newOrder
     52s        0            0.0            1.2      0.0      0.0      0.0      0.0 orderStatus
     52s        0            9.0           10.5    201.3  42949.7  42949.7  42949.7 payment
     52s        0            1.0            1.2    134.2    134.2    134.2    134.2 stockLevel
_elapsed___errors__ops/sec(inst)___ops/sec(cum)__p50(ms)__p95(ms)__p99(ms)_pMax(ms)
     53s        0            1.0            1.1    604.0    604.0    604.0    604.0 delivery
     53s        0           15.0           11.3    260.0  10200.5  27917.3  27917.3 newOrder
     53s        0            4.0            1.2     79.7    125.8    125.8    125.8 orderStatus
     53s        0            9.0           10.5    151.0  24696.1  24696.1  24696.1 payment
     53s        0            2.0            1.2    130.0    671.1    671.1    671.1 stockLevel
     54s        0            1.0            1.1    385.9    385.9    385.9    385.9 delivery
     54s        0            8.0           11.3    218.1   4831.8   4831.8   4831.8 newOrder
     54s        0            2.0            1.3     71.3    125.8    125.8    125.8 orderStatus
     54s        0           20.0           10.7    159.4  19327.4  53687.1  53687.1 payment
     54s        0            2.0            1.2     71.3     96.5     96.5     96.5 stockLevel
     55s        0            2.0            1.1    402.7    419.4    419.4    419.4 delivery
     55s        0            7.0           11.2    318.8   2684.4   2684.4   2684.4 newOrder
     55s        0            0.0            1.2      0.0      0.0      0.0      0.0 orderStatus
     55s        0            8.0           10.6    536.9  10737.4  10737.4  10737.4 payment
     55s        0            1.0            1.2    130.0    130.0    130.0    130.0 stockLevel
     56s        0            1.0            1.1    419.4    419.4    419.4    419.4 delivery
     56s        0           15.0           11.3    243.3   1342.2   5905.6   5905.6 newOrder
     56s        0            0.0            1.2      0.0      0.0      0.0      0.0 orderStatus
     56s        0           12.0           10.7    184.5  15569.3  21474.8  21474.8 payment
     56s        0            2.0            1.2     79.7     79.7     79.7     79.7 stockLevel
_elapsed___errors__ops/sec(inst)___ops/sec(cum)__p50(ms)__p95(ms)__p99(ms)_pMax(ms)
     57s        0            2.0            1.1    385.9    402.7    402.7    402.7 delivery
     57s        0           10.0           11.2    234.9    302.0    302.0    302.0 newOrder
     57s        0            2.0            1.2     67.1    104.9    104.9    104.9 orderStatus
     57s        0           14.0           10.7    151.0  13421.8  15032.4  15032.4 payment
     57s        0            2.0            1.2    109.1    113.2    113.2    113.2 stockLevel
     58s        0            1.0            1.1    453.0    453.0    453.0    453.0 delivery
     58s        0           18.0           11.4    302.0   5905.6  13421.8  13421.8 newOrder
     58s        0            1.0            1.2     83.9     83.9     83.9     83.9 orderStatus
     58s        0           13.0           10.8    201.3   9126.8  53687.1  53687.1 payment
     58s        0            2.0            1.2     79.7    130.0    130.0    130.0 stockLevel
     59s        0            2.0            1.1    771.8   1140.9   1140.9   1140.9 delivery
     59s        0           11.0           11.4    469.8   5368.7  16106.1  16106.1 newOrder
     59s        0            0.0            1.2      0.0      0.0      0.0      0.0 orderStatus
     59s        0            4.0           10.6    302.0  18253.6  18253.6  18253.6 payment
     59s        0            1.0            1.2    159.4    159.4    159.4    159.4 stockLevel
    1m0s        0            2.0            1.2    738.2   1543.5   1543.5   1543.5 delivery
    1m0s        0           14.0           11.4    209.7    268.4   4831.8   4831.8 newOrder
    1m0s        0            3.0            1.2     88.1    142.6    142.6    142.6 orderStatus
    1m0s        0           13.0           10.7    121.6  33286.0  40802.2  40802.2 payment
    1m0s        0            2.0            1.3    130.0    335.5    335.5    335.5 stockLevel

_elapsed___errors_____ops(total)___ops/sec(cum)__avg(ms)__p50(ms)__p95(ms)__p99(ms)_pMax(ms)__total
   60.0s        0             69            1.1    799.6    536.9   2550.1   2818.6   5368.7  delivery
   60.0s        0            684           11.4   2274.0    469.8  10200.5  20401.1  40802.2  newOrder
   60.0s        0             74            1.2    105.1     88.1    167.8    234.9    704.6  orderStatus
   60.0s        0            641           10.7   3229.0    226.5  18253.6  38654.7  53687.1  payment
   60.0s        0             75            1.2    795.4    121.6   4831.8  11274.3  12884.9  stockLevel

_elapsed___errors_____ops(total)___ops/sec(cum)__avg(ms)__p50(ms)__p95(ms)__p99(ms)_pMax(ms)__result
   60.0s        0           1543           25.7   2428.9    335.5  12348.0  31138.5  53687.1  
Audit check 9.2.1.7: SKIP: not enough delivery transactions to be statistically significant
Audit check 9.2.2.5.1: SKIP: not enough orders to be statistically significant
Audit check 9.2.2.5.2: SKIP: not enough orders to be statistically significant
Audit check 9.2.2.5.3: SKIP: not enough orders to be statistically significant
Audit check 9.2.2.5.4: SKIP: not enough payments to be statistically significant
Audit check 9.2.2.5.5: SKIP: not enough payments to be statistically significant
Audit check 9.2.2.5.6: SKIP: not enough order status transactions to be statistically significant

_elapsed_______tpmC____efc__avg(ms)__p50(ms)__p90(ms)__p95(ms)__p99(ms)_pMax(ms)
   60.0s      684.0 531.9%   2274.0    469.8   5905.6  10200.5  20401.1  40802.2
