Initializing 300 connections...
Initializing 100 workers and preparing statements...
_elapsed___errors__ops/sec(inst)___ops/sec(cum)__p50(ms)__p95(ms)__p99(ms)_pMax(ms)
      1s        0            0.0            0.0      0.0      0.0      0.0      0.0 delivery
      1s        0            1.4            9.0    218.1    486.5    486.5    486.5 newOrder
      1s        0            0.0            0.0      0.0      0.0      0.0      0.0 orderStatus
      1s        0            1.6           10.0     83.9    352.3    352.3    352.3 payment
      1s        0            0.3            2.0     44.0    260.0    260.0    260.0 stockLevel
      2s        0            1.0            0.5    604.0    604.0    604.0    604.0 delivery
      2s        0           13.0           11.0    285.2    352.3    838.9    838.9 newOrder
      2s        0            2.0            1.0     75.5    104.9    104.9    104.9 orderStatus
      2s        0           19.0           14.5    142.6    402.7    671.1    671.1 payment
      2s        0            2.0            2.0     92.3    192.9    192.9    192.9 stockLevel
      3s        0            3.0            1.3    570.4    704.6    704.6    704.6 delivery
      3s        0           14.0           12.0    335.5   1208.0   1275.1   1275.1 newOrder
      3s        0            4.0            2.0    121.6    226.5    226.5    226.5 orderStatus
      3s        0            8.0           12.3    159.4    838.9    838.9    838.9 payment
      3s        0            2.0            2.0    134.2    201.3    201.3    201.3 stockLevel
      4s        0            1.0            1.2    503.3    503.3    503.3    503.3 delivery
      4s        0            9.0           11.2    268.4   2147.5   2147.5   2147.5 newOrder
      4s        0            0.0            1.5      0.0      0.0      0.0      0.0 orderStatus
      4s        0           15.0           13.0    201.3   1040.2   1879.0   1879.0 payment
      4s        0            1.0            1.7    109.1    109.1    109.1    109.1 stockLevel
_elapsed___errors__ops/sec(inst)___ops/sec(cum)__p50(ms)__p95(ms)__p99(ms)_pMax(ms)
      5s        0            1.0            1.2   2281.7   2281.7   2281.7   2281.7 delivery
      5s        0            9.0           10.8   1476.4   2550.1   2550.1   2550.1 newOrder
      5s        0            1.0            1.4     92.3     92.3     92.3     92.3 orderStatus
      5s        0            9.0           12.2    243.3   2013.3   2013.3   2013.3 payment
      5s        0            2.0            1.8    218.1    486.5    486.5    486.5 stockLevel
      6s        0            2.0            1.3   1342.2   2080.4   2080.4   2080.4 delivery
      6s        0           15.0           11.5    771.8   2080.4   4026.5   4026.5 newOrder
      6s        0            2.0            1.5    151.0    251.7    251.7    251.7 orderStatus
      6s        0           10.0           11.8    335.5   3758.1   3758.1   3758.1 payment
      6s        0            2.0            1.8    113.2    167.8    167.8    167.8 stockLevel
      7s        0            2.0            1.4    503.3    520.1    520.1    520.1 delivery
      7s        0           10.0           11.3    402.7   4160.7   4160.7   4160.7 newOrder
      7s        0            1.0            1.4    159.4    159.4    159.4    159.4 orderStatus
      7s        0           11.0           11.7    201.3   2550.1   2684.4   2684.4 payment
      7s        0            1.0            1.7    201.3    201.3    201.3    201.3 stockLevel
      8s        0            1.0            1.4    671.1    671.1    671.1    671.1 delivery
      8s        0           10.0           11.1   1409.3   4295.0   4295.0   4295.0 newOrder
      8s        0            3.0            1.6     88.1    125.8    125.8    125.8 orderStatus
      8s        0           13.0           11.9    184.5   3221.2   6442.5   6442.5 payment
      8s        0            1.0            1.6   1342.2   1342.2   1342.2   1342.2 stockLevel
_elapsed___errors__ops/sec(inst)___ops/sec(cum)__p50(ms)__p95(ms)__p99(ms)_pMax(ms)
      9s        0            3.0            1.6   1140.9   2147.5   2147.5   2147.5 delivery
      9s        0            9.0           10.9    520.1   5100.3   5100.3   5100.3 newOrder
      9s        0            0.0            1.4      0.0      0.0      0.0      0.0 orderStatus
      9s        0           10.0           11.7    142.6   5368.7   5368.7   5368.7 payment
      9s        0            2.0            1.7   1006.6   2684.4   2684.4   2684.4 stockLevel
     10s        0            1.0            1.5   1073.7   1073.7   1073.7   1073.7 delivery
     10s        0           10.0           10.8    872.4   6174.0   6174.0   6174.0 newOrder
     10s        0            1.0            1.4    436.2    436.2    436.2    436.2 orderStatus
     10s        0            5.0           11.0    637.5   6174.0   6174.0   6174.0 payment
     10s        0            1.0            1.6   1879.0   1879.0   1879.0   1879.0 stockLevel
_elapsed___errors__ops/sec(inst)___ops/sec(cum)__p50(ms)__p95(ms)__p99(ms)_pMax(ms)
      1s        0            0.0            0.0      0.0      0.0      0.0      0.0 delivery
      1s        0            3.0            3.0    318.8    385.9    385.9    385.9 newOrder
      1s        0            0.0            0.0      0.0      0.0      0.0      0.0 orderStatus
      1s        0            2.0            2.0    121.6    536.9    536.9    536.9 payment
      1s        0            0.0            0.0      0.0      0.0      0.0      0.0 stockLevel
      2s        0            1.0            0.5   1208.0   1208.0   1208.0   1208.0 delivery
      2s        0            5.0            4.0    402.7   1744.8   1744.8   1744.8 newOrder
      2s        0            1.0            0.5    109.1    109.1    109.1    109.1 orderStatus
      2s        0            2.0            2.0    159.4   1342.2   1342.2   1342.2 payment
      2s        0            0.0            0.0      0.0      0.0      0.0      0.0 stockLevel
      3s        0            0.0            0.3      0.0      0.0      0.0      0.0 delivery
      3s        0            7.0            5.0    838.9   2415.9   2415.9   2415.9 newOrder
      3s        0            0.0            0.3      0.0      0.0      0.0      0.0 orderStatus
      3s        0            6.0            3.3    176.2   1073.7   1073.7   1073.7 payment
      3s        0            0.0            0.0      0.0      0.0      0.0      0.0 stockLevel
      4s        0            1.0            0.5    469.8    469.8    469.8    469.8 delivery
      4s        0            6.0            5.3   1040.2   1543.5   1543.5   1543.5 newOrder
      4s        0            2.0            0.8     92.3    113.2    113.2    113.2 orderStatus
      4s        0            8.0            4.5    104.9   3355.4   3355.4   3355.4 payment
      4s        0            1.0            0.3    805.3    805.3    805.3    805.3 stockLevel
_elapsed___errors__ops/sec(inst)___ops/sec(cum)__p50(ms)__p95(ms)__p99(ms)_pMax(ms)
      5s        0            1.0            0.6    838.9    838.9    838.9    838.9 delivery
      5s        0            3.0            4.8   1946.2   2684.4   2684.4   2684.4 newOrder
      5s        0            1.0            0.8    226.5    226.5    226.5    226.5 orderStatus
      5s        0            6.0            4.8    704.6   3892.3   3892.3   3892.3 payment
      5s        0            1.0            0.4    142.6    142.6    142.6    142.6 stockLevel
      6s        0            0.0            0.5      0.0      0.0      0.0      0.0 delivery
      6s        0            8.0            5.3    453.0   1610.6   1610.6   1610.6 newOrder
      6s        0            2.0            1.0    151.0    209.7    209.7    209.7 orderStatus
      6s        0            5.0            4.8    268.4    318.8    318.8    318.8 payment
      6s        0            1.0            0.5   1409.3   1409.3   1409.3   1409.3 stockLevel
      7s        0            1.0            0.6    704.6    704.6    704.6    704.6 delivery
      7s        0           12.0            6.3    637.5   4831.8   5637.1   5637.1 newOrder
      7s        0            1.0            1.0    234.9    234.9    234.9    234.9 orderStatus
      7s        0            2.0            4.4    159.4    268.4    268.4    268.4 payment
      7s        0            0.0            0.4      0.0      0.0      0.0      0.0 stockLevel
      8s        0            0.0            0.5      0.0      0.0      0.0      0.0 delivery
      8s        0           10.0            6.8    234.9   2415.9   2415.9   2415.9 newOrder
      8s        0            1.0            1.0    226.5    226.5    226.5    226.5 orderStatus
      8s        0           10.0            5.1    117.4   6442.5   6442.5   6442.5 payment
      8s        0            1.0            0.5   2684.4   2684.4   2684.4   2684.4 stockLevel
_elapsed___errors__ops/sec(inst)___ops/sec(cum)__p50(ms)__p95(ms)__p99(ms)_pMax(ms)
      9s        0            1.0            0.6    604.0    604.0    604.0    604.0 delivery
      9s        0            5.0            6.6   1140.9   2952.8   2952.8   2952.8 newOrder
      9s        0            1.0            1.0     75.5     75.5     75.5     75.5 orderStatus
      9s        0            9.0            5.6    201.3    637.5    637.5    637.5 payment
      9s        0            1.0            0.6    192.9    192.9    192.9    192.9 stockLevel
     10s        0            1.0            0.6    704.6    704.6    704.6    704.6 delivery
     10s        0            7.0            6.6    671.1   1275.1   1275.1   1275.1 newOrder
     10s        0            0.0            0.9      0.0      0.0      0.0      0.0 orderStatus
     10s        0            9.0            5.9    302.0   8053.1   8053.1   8053.1 payment
     10s        0            0.0            0.5      0.0      0.0      0.0      0.0 stockLevel
     11s        0            3.0            0.8    838.9    872.4    872.4    872.4 delivery
     11s        0            8.0            6.7    285.2  10200.5  10200.5  10200.5 newOrder
     11s        0            2.0            1.0     83.9    100.7    100.7    100.7 orderStatus
     11s        0            7.0            6.0    184.5   2684.4   2684.4   2684.4 payment
     11s        0            1.0            0.5    469.8    469.8    469.8    469.8 stockLevel
     12s        0            0.0            0.8      0.0      0.0      0.0      0.0 delivery
     12s        0           10.0            7.0    251.7   6442.5   6442.5   6442.5 newOrder
     12s        0            0.0            0.9      0.0      0.0      0.0      0.0 orderStatus
     12s        0            7.0            6.1    117.4  10737.4  10737.4  10737.4 payment
     12s        0            1.0            0.6    302.0    302.0    302.0    302.0 stockLevel
_elapsed___errors__ops/sec(inst)___ops/sec(cum)__p50(ms)__p95(ms)__p99(ms)_pMax(ms)
     13s        0            1.0            0.8    385.9    385.9    385.9    385.9 delivery
     13s        0           13.0            7.5    385.9   9126.8  10737.4  10737.4 newOrder
     13s        0            3.0            1.1     79.7    209.7    209.7    209.7 orderStatus
     13s        0           11.0            6.5    142.6    872.4   5905.6   5905.6 payment
     13s        0            0.0            0.5      0.0      0.0      0.0      0.0 stockLevel
     14s        0            1.0            0.8   1275.1   1275.1   1275.1   1275.1 delivery
     14s        0           14.0            7.9    318.8   9663.7  13958.6  13958.6 newOrder
     14s        0            0.0            1.0      0.0      0.0      0.0      0.0 orderStatus
     14s        0            8.0            6.6    536.9   9663.7   9663.7   9663.7 payment
     14s        0            0.0            0.5      0.0      0.0      0.0      0.0 stockLevel
     15s        0            0.0            0.7      0.0      0.0      0.0      0.0 delivery
     15s        0            7.0            7.9   1006.6  11811.2  11811.2  11811.2 newOrder
     15s        0            1.0            1.0    268.4    268.4    268.4    268.4 orderStatus
     15s        0           10.0            6.8    167.8  15032.4  15032.4  15032.4 payment
     15s        0            1.0            0.5   3087.0   3087.0   3087.0   3087.0 stockLevel
     16s        0            1.0            0.8    570.4    570.4    570.4    570.4 delivery
     16s        0           16.0            8.4    369.1   6442.5  12884.9  12884.9 newOrder
     16s        0            1.0            1.0    113.2    113.2    113.2    113.2 orderStatus
     16s        0           15.0            7.3    159.4   9126.8   9126.8   9126.8 payment
     16s        0            1.0            0.6    142.6    142.6    142.6    142.6 stockLevel
_elapsed___errors__ops/sec(inst)___ops/sec(cum)__p50(ms)__p95(ms)__p99(ms)_pMax(ms)
     17s        0            2.0            0.8    369.1    486.5    486.5    486.5 delivery
     17s        0           12.0            8.6    838.9   3758.1  12348.0  12348.0 newOrder
     17s        0            0.0            0.9      0.0      0.0      0.0      0.0 orderStatus
     17s        0           12.0            7.6    134.2   1342.2   3892.3   3892.3 payment
     17s        0            2.0            0.6     92.3    142.6    142.6    142.6 stockLevel
     18s        0            1.0            0.8    486.5    486.5    486.5    486.5 delivery
     18s        0           10.0            8.7    285.2   3623.9   3623.9   3623.9 newOrder
     18s        0            1.0            0.9     83.9     83.9     83.9     83.9 orderStatus
     18s        0           10.0            7.7    285.2   2952.8   2952.8   2952.8 payment
     18s        0            1.0            0.7    503.3    503.3    503.3    503.3 stockLevel
     19s        0            1.0            0.8    570.4    570.4    570.4    570.4 delivery
     19s        0           10.0            8.7    604.0  15569.3  15569.3  15569.3 newOrder
     19s        0            0.0            0.9      0.0      0.0      0.0      0.0 orderStatus
     19s        0            8.0            7.7    469.8  15032.4  15032.4  15032.4 payment
     19s        0            0.0            0.6      0.0      0.0      0.0      0.0 stockLevel
     20s        0            1.0            0.9    453.0    453.0    453.0    453.0 delivery
     20s        0           13.0            9.0    604.0  11274.3  18253.6  18253.6 newOrder
     20s        0            1.0            0.9     79.7     79.7     79.7     79.7 orderStatus
     20s        0           10.0            7.9    125.8   1275.1   1275.1   1275.1 payment
     20s        0            2.0            0.7    113.2   3221.2   3221.2   3221.2 stockLevel
_elapsed___errors__ops/sec(inst)___ops/sec(cum)__p50(ms)__p95(ms)__p99(ms)_pMax(ms)
     21s        0            2.0            0.9    436.2    604.0    604.0    604.0 delivery
     21s        0           12.0            9.1    939.5  11274.3  11811.2  11811.2 newOrder
     21s        0            6.0            1.1    104.9    167.8    167.8    167.8 orderStatus
     21s        0            8.0            7.9    142.6   1610.6   1610.6   1610.6 payment
     21s        0            1.0            0.7   2684.4   2684.4   2684.4   2684.4 stockLevel
     22s        0            2.0            1.0   1409.3   1744.8   1744.8   1744.8 delivery
     22s        0           12.0            9.2    335.5  13958.6  15569.3  15569.3 newOrder
     22s        0            1.0            1.1     46.1     46.1     46.1     46.1 orderStatus
     22s        0            9.0            7.9    738.2   9126.8   9126.8   9126.8 payment
     22s        0            1.0            0.7    209.7    209.7    209.7    209.7 stockLevel
     23s        0            2.0            1.0    436.2    486.5    486.5    486.5 delivery
     23s        0            6.0            9.1    243.3   1208.0   1208.0   1208.0 newOrder
     23s        0            1.0            1.1    117.4    117.4    117.4    117.4 orderStatus
     23s        0           12.0            8.1    167.8  16106.1  23622.3  23622.3 payment
     23s        0            1.0            0.7   2147.5   2147.5   2147.5   2147.5 stockLevel
     24s        0            1.0            1.0    436.2    436.2    436.2    436.2 delivery
     24s        0           11.0            9.2    469.8   6442.5  15032.4  15032.4 newOrder
     24s        0            3.0            1.2     92.3    369.1    369.1    369.1 orderStatus
     24s        0           11.0            8.2    151.0   2952.8  20401.1  20401.1 payment
     24s        0            2.0            0.8    100.7    604.0    604.0    604.0 stockLevel
_elapsed___errors__ops/sec(inst)___ops/sec(cum)__p50(ms)__p95(ms)__p99(ms)_pMax(ms)
     25s        0            1.0            1.0   1476.4   1476.4   1476.4   1476.4 delivery
     25s        0           12.0            9.3    302.0   1610.6   2415.9   2415.9 newOrder
     25s        0            0.0            1.2      0.0      0.0      0.0      0.0 orderStatus
     25s        0           11.0            8.3    184.5   6174.0   7247.8   7247.8 payment
     25s        0            2.0            0.8     88.1    117.4    117.4    117.4 stockLevel
     26s        0            1.0            1.0    352.3    352.3    352.3    352.3 delivery
     26s        0            9.0            9.3    570.4  12348.0  12348.0  12348.0 newOrder
     26s        0            1.0            1.2     92.3     92.3     92.3     92.3 orderStatus
     26s        0           10.0            8.4    159.4   2684.4   2684.4   2684.4 payment
     26s        0            1.0            0.8    121.6    121.6    121.6    121.6 stockLevel
     27s        0            0.0            1.0      0.0      0.0      0.0      0.0 delivery
     27s        0           11.0            9.3    486.5   7516.2  10737.4  10737.4 newOrder
     27s        0            2.0            1.2     71.3    117.4    117.4    117.4 orderStatus
     27s        0            8.0            8.4    243.3  25769.8  25769.8  25769.8 payment
     27s        0            1.0            0.9    159.4    159.4    159.4    159.4 stockLevel
     28s        0            1.0            1.0    453.0    453.0    453.0    453.0 delivery
     28s        0           11.0            9.4    268.4   1342.2   2684.4   2684.4 newOrder
     28s        0            0.0            1.1      0.0      0.0      0.0      0.0 orderStatus
     28s        0           11.0            8.5    142.6   1342.2   6442.5   6442.5 payment
     28s        0            0.0            0.8      0.0      0.0      0.0      0.0 stockLevel
_elapsed___errors__ops/sec(inst)___ops/sec(cum)__p50(ms)__p95(ms)__p99(ms)_pMax(ms)
     29s        0            0.0            0.9      0.0      0.0      0.0      0.0 delivery
     29s        0            8.0            9.3    419.4  11274.3  11274.3  11274.3 newOrder
     29s        0            0.0            1.1      0.0      0.0      0.0      0.0 orderStatus
     29s        0           11.0            8.6    159.4   2684.4  18253.6  18253.6 payment
     29s        0            0.0            0.8      0.0      0.0      0.0      0.0 stockLevel
     30s        0            0.0            0.9      0.0      0.0      0.0      0.0 delivery
     30s        0           14.0            9.5    771.8  11274.3  16106.1  16106.1 newOrder
     30s        0            1.0            1.1    125.8    125.8    125.8    125.8 orderStatus
     30s        0            7.0            8.5    201.3  26843.5  26843.5  26843.5 payment
     30s        0            0.0            0.8      0.0      0.0      0.0      0.0 stockLevel
     31s        0            0.0            0.9      0.0      0.0      0.0      0.0 delivery
     31s        0           15.0            9.7    302.0  10737.4  14495.5  14495.5 newOrder
     31s        0            2.0            1.1     62.9     71.3     71.3     71.3 orderStatus
     31s        0           15.0            8.7    125.8   1342.2  27917.3  27917.3 payment
     31s        0            0.0            0.7      0.0      0.0      0.0      0.0 stockLevel
     32s        0            1.0            0.9    369.1    369.1    369.1    369.1 delivery
     32s        0           15.0            9.8    243.3  10200.5  11811.2  11811.2 newOrder
     32s        0            3.0            1.2     92.3     96.5     96.5     96.5 orderStatus
     32s        0           20.0            9.1    109.1    570.4    604.0    604.0 payment
     32s        0            2.0            0.8     79.7     83.9     83.9     83.9 stockLevel
_elapsed___errors__ops/sec(inst)___ops/sec(cum)__p50(ms)__p95(ms)__p99(ms)_pMax(ms)
     33s        0            1.0            0.9    604.0    604.0    604.0    604.0 delivery
     33s        0           12.0            9.9    226.5  12884.9  13958.6  13958.6 newOrder
     33s        0            0.0            1.2      0.0      0.0      0.0      0.0 orderStatus
     33s        0            5.0            8.9    142.6    209.7    209.7    209.7 payment
     33s        0            0.0            0.8      0.0      0.0      0.0      0.0 stockLevel
     34s        0            0.0            0.9      0.0      0.0      0.0      0.0 delivery
     34s        0           17.0           10.1    184.5   1543.5  15032.4  15032.4 newOrder
     34s        0            2.0            1.2     58.7     75.5     75.5     75.5 orderStatus
     34s        0            6.0            8.9    117.4   9126.8   9126.8   9126.8 payment
     34s        0            0.0            0.7      0.0      0.0      0.0      0.0 stockLevel
     35s        0            1.0            0.9    453.0    453.0    453.0    453.0 delivery
     35s        0           11.0           10.1    226.5  10737.4  32212.3  32212.3 newOrder
     35s        0            1.0            1.2    109.1    109.1    109.1    109.1 orderStatus
     35s        0           13.0            9.0    142.6  20401.1  23622.3  23622.3 payment
     35s        0            0.0            0.7      0.0      0.0      0.0      0.0 stockLevel
     36s        0            2.0            0.9    469.8    570.4    570.4    570.4 delivery
     36s        0           12.0           10.2    771.8  12884.9  13958.6  13958.6 newOrder
     36s        0            0.0            1.1      0.0      0.0      0.0      0.0 orderStatus
     36s        0            6.0            8.9    159.4   5368.7   5368.7   5368.7 payment
     36s        0            2.0            0.8     88.1    184.5    184.5    184.5 stockLevel
_elapsed___errors__ops/sec(inst)___ops/sec(cum)__p50(ms)__p95(ms)__p99(ms)_pMax(ms)
     37s        0            1.0            0.9    570.4    570.4    570.4    570.4 delivery
     37s        0           11.0           10.2    385.9   6174.0   7247.8   7247.8 newOrder
     37s        0            2.0            1.2     92.3    125.8    125.8    125.8 orderStatus
     37s        0            9.0            8.9    176.2  33286.0  33286.0  33286.0 payment
     37s        0            3.0            0.8    113.2   8053.1   8053.1   8053.1 stockLevel
     38s        0            0.0            0.9      0.0      0.0      0.0      0.0 delivery
     38s        0           12.0           10.3    234.9    838.9  12884.9  12884.9 newOrder
     38s        0            0.0            1.1      0.0      0.0      0.0      0.0 orderStatus
     38s        0            6.0            8.8   1073.7   2281.7   2281.7   2281.7 payment
     38s        0            0.0            0.8      0.0      0.0      0.0      0.0 stockLevel
     39s        0            1.0            0.9    419.4    419.4    419.4    419.4 delivery
     39s        0           11.0           10.3    218.1    285.2   9126.8   9126.8 newOrder
     39s        0            1.0            1.1     71.3     71.3     71.3     71.3 orderStatus
     39s        0           16.0            9.0    134.2  32212.3  36507.2  36507.2 payment
     39s        0            1.0            0.8    100.7    100.7    100.7    100.7 stockLevel
     40s        0            2.0            0.9    436.2   1543.5   1543.5   1543.5 delivery
     40s        0           11.0           10.3    285.2   9126.8  13421.8  13421.8 newOrder
     40s        0            0.0            1.1      0.0      0.0      0.0      0.0 orderStatus
     40s        0            7.0            9.0    142.6   1073.7   1073.7   1073.7 payment
     40s        0            2.0            0.8    113.2    637.5    637.5    637.5 stockLevel
_elapsed___errors__ops/sec(inst)___ops/sec(cum)__p50(ms)__p95(ms)__p99(ms)_pMax(ms)
     41s        0            1.0            0.9    369.1    369.1    369.1    369.1 delivery
     41s        0           17.0           10.5    260.0    604.0   9663.7   9663.7 newOrder
     41s        0            4.0            1.2     67.1     92.3     92.3     92.3 orderStatus
     41s        0           14.0            9.1    113.2   3623.9  38654.7  38654.7 payment
     41s        0            1.0            0.8    113.2    113.2    113.2    113.2 stockLevel
     42s        0            0.0            0.9      0.0      0.0      0.0      0.0 delivery
     42s        0           12.0           10.5    226.5  15569.3  15569.3  15569.3 newOrder
     42s        0            0.0            1.1      0.0      0.0      0.0      0.0 orderStatus
     42s        0            9.0            9.1    121.6  36507.2  36507.2  36507.2 payment
     42s        0            0.0            0.8      0.0      0.0      0.0      0.0 stockLevel
     43s        0            2.0            0.9    369.1    385.9    385.9    385.9 delivery
     43s        0           11.0           10.5    218.1  13421.8  28991.0  28991.0 newOrder
     43s        0            2.0            1.2     71.3     96.5     96.5     96.5 orderStatus
     43s        0           13.0            9.2    104.9  10200.5  38654.7  38654.7 payment
     43s        0            0.0            0.8      0.0      0.0      0.0      0.0 stockLevel
     44s        0            4.0            1.0    402.7    453.0    453.0    453.0 delivery
     44s        0           11.0           10.5    234.9   4160.7  12884.9  12884.9 newOrder
     44s        0            0.0            1.1      0.0      0.0      0.0      0.0 orderStatus
     44s        0           21.0            9.4    125.8  19327.4  33286.0  33286.0 payment
     44s        0            3.0            0.8    100.7    125.8    125.8    125.8 stockLevel
_elapsed___errors__ops/sec(inst)___ops/sec(cum)__p50(ms)__p95(ms)__p99(ms)_pMax(ms)
     45s        0            1.0            1.0    385.9    385.9    385.9    385.9 delivery
     45s        0           12.0           10.6    218.1    335.5    704.6    704.6 newOrder
     45s        0            1.0            1.1    142.6    142.6    142.6    142.6 orderStatus
     45s        0           14.0            9.5    125.8  27917.3  40802.2  40802.2 payment
     45s        0            1.0            0.8   3355.4   3355.4   3355.4   3355.4 stockLevel
     46s        0            6.0            1.1    385.9    671.1    671.1    671.1 delivery
     46s        0            7.0           10.5    838.9  10737.4  10737.4  10737.4 newOrder
     46s        0            1.0            1.1     75.5     75.5     75.5     75.5 orderStatus
     46s        0           10.0            9.5    142.6  18253.6  18253.6  18253.6 payment
     46s        0            1.0            0.8    113.2    113.2    113.2    113.2 stockLevel
     47s        0            0.0            1.1      0.0      0.0      0.0      0.0 delivery
     47s        0           12.0           10.5    218.1    486.5   9126.8   9126.8 newOrder
     47s        0            3.0            1.2     96.5    117.4    117.4    117.4 orderStatus
     47s        0           21.0            9.8    113.2  31138.5  34359.7  34359.7 payment
     47s        0            0.0            0.8      0.0      0.0      0.0      0.0 stockLevel
     48s        0            2.0            1.1    469.8    486.5    486.5    486.5 delivery
     48s        0           13.0           10.6    285.2   6979.3  18253.6  18253.6 newOrder
     48s        0            3.0            1.2    104.9    151.0    151.0    151.0 orderStatus
     48s        0           11.0            9.8    121.6    520.1  12884.9  12884.9 payment
     48s        0            1.0            0.8    436.2    436.2    436.2    436.2 stockLevel
_elapsed___errors__ops/sec(inst)___ops/sec(cum)__p50(ms)__p95(ms)__p99(ms)_pMax(ms)
     49s        0            1.0            1.1    402.7    402.7    402.7    402.7 delivery
     49s        0           10.0           10.6    226.5    469.8    469.8    469.8 newOrder
     49s        0            0.0            1.2      0.0      0.0      0.0      0.0 orderStatus
     49s        0            8.0            9.8    226.5  23622.3  23622.3  23622.3 payment
     49s        0            2.0            0.9     71.3    260.0    260.0    260.0 stockLevel
     50s        0            1.0            1.1    369.1    369.1    369.1    369.1 delivery
     50s        0           20.0           10.7    201.3   5100.3   7784.6   7784.6 newOrder
     50s        0            1.0            1.2     79.7     79.7     79.7     79.7 orderStatus
     50s        0           14.0            9.9    117.4  24696.1  34359.7  34359.7 payment
     50s        0            2.0            0.9     79.7     79.7     79.7     79.7 stockLevel
     51s        0            2.0            1.1    486.5    520.1    520.1    520.1 delivery
     51s        0           14.0           10.8    285.2   5100.3   8053.1   8053.1 newOrder
     51s        0            2.0            1.2    100.7    109.1    109.1    109.1 orderStatus
     51s        0            9.0            9.8    151.0    184.5    184.5    184.5 payment
     51s        0            5.0            1.0    104.9    536.9    536.9    536.9 stockLevel
     52s        0            0.0            1.1      0.0      0.0      0.0      0.0 delivery
     52s        0           12.0           10.8    209.7   8321.5   8589.9   8589.9 newOrder
     52s        0            3.0            1.2     75.5    104.9    104.9    104.9 orderStatus
     52s        0           17.0           10.0    109.1    520.1   8589.9   8589.9 payment
     52s        0            1.0            1.0   5637.1   5637.1   5637.1   5637.1 stockLevel
_elapsed___errors__ops/sec(inst)___ops/sec(cum)__p50(ms)__p95(ms)__p99(ms)_pMax(ms)
     53s        0            1.0            1.1    704.6    704.6    704.6    704.6 delivery
     53s        0           10.0           10.8    570.4  20401.1  20401.1  20401.1 newOrder
     53s        0            0.0            1.2      0.0      0.0      0.0      0.0 orderStatus
     53s        0            8.0            9.9    130.0   7784.6   7784.6   7784.6 payment
     53s        0            2.0            1.0    100.7   6174.0   6174.0   6174.0 stockLevel
     54s        0            2.0            1.1    335.5    385.9    385.9    385.9 delivery
     54s        0           13.0           10.9    302.0   5368.7   9126.8   9126.8 newOrder
     54s        0            3.0            1.2     71.3    104.9    104.9    104.9 orderStatus
     54s        0           12.0           10.0    151.0  31138.5  40802.2  40802.2 payment
     54s        0            1.0            1.0    151.0    151.0    151.0    151.0 stockLevel
     55s        0            3.0            1.1    939.5   1040.2   1040.2   1040.2 delivery
     55s        0           19.0           11.0    209.7   6710.9  10737.4  10737.4 newOrder
     55s        0            2.0            1.3     56.6     83.9     83.9     83.9 orderStatus
     55s        0           14.0           10.1     92.3    570.4  21474.8  21474.8 payment
     55s        0            1.0            1.0     83.9     83.9     83.9     83.9 stockLevel
     56s        0            3.0            1.2    436.2    469.8    469.8    469.8 delivery
     56s        0           14.0           11.1    234.9    335.5   4563.4   4563.4 newOrder
     56s        0            1.0            1.3     56.6     56.6     56.6     56.6 orderStatus
     56s        0           12.0           10.1    130.0  33286.0  36507.2  36507.2 payment
     56s        0            2.0            1.0     96.5    125.8    125.8    125.8 stockLevel
_elapsed___errors__ops/sec(inst)___ops/sec(cum)__p50(ms)__p95(ms)__p99(ms)_pMax(ms)
     57s        0            1.0            1.2    385.9    385.9    385.9    385.9 delivery
     57s        0           14.0           11.1    209.7   2952.8   3758.1   3758.1 newOrder
     57s        0            3.0            1.3     88.1     92.3     92.3     92.3 orderStatus
     57s        0           16.0           10.2    184.5   4563.4  25769.8  25769.8 payment
     57s        0            2.0            1.0    117.4    302.0    302.0    302.0 stockLevel
     58s        0            2.0            1.2    385.9    402.7    402.7    402.7 delivery
     58s        0           16.0           11.2    234.9    503.3   6174.0   6174.0 newOrder
     58s        0            2.0            1.3     65.0    100.7    100.7    100.7 orderStatus
     58s        0           26.0           10.5    104.9  17179.9  45097.2  45097.2 payment
     58s        0            1.0            1.0    113.2    113.2    113.2    113.2 stockLevel
     59s        0            0.0            1.2      0.0      0.0      0.0      0.0 delivery
     59s        0           16.0           11.3    209.7    486.5  16643.0  16643.0 newOrder
     59s        0            2.0            1.3     75.5     92.3     92.3     92.3 orderStatus
     59s        0           20.0           10.6    125.8  49392.1  57982.1  57982.1 payment
     59s        0            2.0            1.0     71.3     88.1     88.1     88.1 stockLevel
    1m0s        0            2.0            1.2    318.8    704.6    704.6    704.6 delivery
    1m0s        0           16.0           11.4    192.9   2281.7   3221.2   3221.2 newOrder
    1m0s        0            1.0            1.3     75.5     75.5     75.5     75.5 orderStatus
    1m0s        0           17.0           10.7     92.3    671.1   9126.8   9126.8 payment
    1m0s        0            1.0            1.0    201.3    201.3    201.3    201.3 stockLevel

_elapsed___errors_____ops(total)___ops/sec(cum)__avg(ms)__p50(ms)__p95(ms)__p99(ms)_pMax(ms)__total
   60.0s        0             70            1.2    567.7    469.8   1409.3   1543.5   1744.8  delivery
   60.0s        0            681           11.3   1992.9    302.0  11274.3  16106.1  32212.3  newOrder
   60.0s        0             78            1.3    102.8     92.3    226.5    268.4    369.1  orderStatus
   60.0s        0            644           10.7   2725.1    151.0  21474.8  38654.7  57982.1  payment
   60.0s        0             62            1.0    759.9    125.8   3355.4   6174.0   8053.1  stockLevel

_elapsed___errors_____ops(total)___ops/sec(cum)__avg(ms)__p50(ms)__p95(ms)__p99(ms)_pMax(ms)__result
   60.0s        0           1535           25.6   2089.2    234.9  12348.0  32212.3  57982.1  
Audit check 9.2.1.7: SKIP: not enough delivery transactions to be statistically significant
Audit check 9.2.2.5.1: SKIP: not enough orders to be statistically significant
Audit check 9.2.2.5.2: SKIP: not enough orders to be statistically significant
Audit check 9.2.2.5.3: SKIP: not enough orders to be statistically significant
Audit check 9.2.2.5.4: SKIP: not enough payments to be statistically significant
Audit check 9.2.2.5.5: SKIP: not enough payments to be statistically significant
Audit check 9.2.2.5.6: SKIP: not enough order status transactions to be statistically significant

_elapsed_______tpmC____efc__avg(ms)__p50(ms)__p90(ms)__p95(ms)__p99(ms)_pMax(ms)
   60.0s      681.0 529.5%   1992.9    302.0   7784.6  11274.3  16106.1  32212.3
