***************************************
*** ###easy### TPC-C Load Generator ***
***************************************
option h with value '192.168.122.81'
option P with value '3306'
option d with value 'benchmarker'
option u with value 'root'
option p with value '123456'
option w with value '11'
option c with value '64'
option r with value '22'
option l with value '60'
option i with value '10'
<Parameters>
     [server]: 192.168.122.81
     [port]: 3306
     [DBname]: benchmarker
       [user]: root
       [pass]: 123456
  [warehouse]: 11
 [connection]: 64
     [rampup]: 22 (sec.)
    [measure]: 60 (sec.)

RAMP-UP TIME.(22 sec.)

MEASURING START.

  10, trx: 834, 95%: 603.751, 99%: 774.032, max_rt: 1113.224, 831|1306.253, 83|190.867, 82|1475.474, 81|1784.821
  20, trx: 869, 95%: 630.533, 99%: 736.290, max_rt: 1067.891, 875|905.887, 88|160.669, 86|1203.649, 86|1799.702
  30, trx: 936, 95%: 570.884, 99%: 740.489, max_rt: 995.574, 931|907.234, 93|153.163, 94|1016.477, 95|1692.204
  40, trx: 898, 95%: 587.175, 99%: 707.552, max_rt: 983.765, 901|823.210, 90|146.251, 89|1086.391, 88|1488.096
  50, trx: 890, 95%: 598.891, 99%: 789.004, max_rt: 907.238, 876|1062.858, 88|140.676, 89|1257.488, 91|1812.160
  60, trx: 913, 95%: 544.675, 99%: 707.764, max_rt: 835.577, 933|1127.921, 93|171.574, 94|1003.598, 91|1765.792

STOPPING THREADS................................................................

<Raw Results>
  [0] sc:0 lt:5340  rt:0  fl:0 avg_rt: 467.2 (5)
  [1] sc:46 lt:5301  rt:0  fl:0 avg_rt: 253.7 (5)
  [2] sc:47 lt:488  rt:0  fl:0 avg_rt: 55.7 (5)
  [3] sc:0 lt:534  rt:0  fl:0 avg_rt: 987.2 (80)
  [4] sc:0 lt:532  rt:0  fl:0 avg_rt: 1567.1 (20)
 in 60 sec.

<Raw Results2(sum ver.)>
  [0] sc:0  lt:5340  rt:0  fl:0 
  [1] sc:46  lt:5302  rt:0  fl:0 
  [2] sc:47  lt:488  rt:0  fl:0 
  [3] sc:0  lt:534  rt:0  fl:0 
  [4] sc:0  lt:532  rt:0  fl:0 

<Constraint Check> (all must be [OK])
 [transaction percentage]
        Payment: 43.51% (>=43.0%) [OK]
   Order-Status: 4.35% (>= 4.0%) [OK]
       Delivery: 4.35% (>= 4.0%) [OK]
    Stock-Level: 4.33% (>= 4.0%) [OK]
 [response time (at least 90% passed)]
      New-Order: 0.00%  [NG] *
        Payment: 0.86%  [NG] *
   Order-Status: 8.79%  [NG] *
       Delivery: 0.00%  [NG] *
    Stock-Level: 0.00%  [NG] *

<TpmC>
                 5340.000 TpmC
