***************************************
*** ###easy### TPC-C Load Generator ***
***************************************
option h with value '192.168.122.81'
option P with value '3306'
option d with value 'benchmarker'
option u with value 'root'
option p with value '123456'
option w with value '11'
option c with value '1'
option r with value '22'
option l with value '60'
option i with value '10'
<Parameters>
     [server]: 192.168.122.81
     [port]: 3306
     [DBname]: benchmarker
       [user]: root
       [pass]: 123456
  [warehouse]: 11
 [connection]: 1
     [rampup]: 22 (sec.)
    [measure]: 60 (sec.)

RAMP-UP TIME.(22 sec.)

MEASURING START.

  10, trx: 623, 95%: 11.942, 99%: 15.332, max_rt: 29.428, 629|9.543, 63|4.190, 63|39.140, 63|59.941
  20, trx: 634, 95%: 11.856, 99%: 14.533, max_rt: 24.223, 632|8.918, 64|10.829, 63|37.933, 63|65.439
  30, trx: 655, 95%: 11.400, 99%: 15.676, max_rt: 26.130, 650|6.686, 64|3.128, 65|30.180, 65|41.733
  40, trx: 655, 95%: 11.258, 99%: 14.721, max_rt: 20.255, 658|4.718, 66|3.533, 66|28.902, 66|45.626
  50, trx: 671, 95%: 11.104, 99%: 13.111, max_rt: 17.748, 672|5.768, 67|5.086, 67|29.420, 67|38.750
  60, trx: 658, 95%: 11.451, 99%: 14.730, max_rt: 18.110, 658|6.296, 66|3.603, 66|32.225, 66|44.931

STOPPING THREADS.

<Raw Results>
  [0] sc:346 lt:3551  rt:0  fl:0 avg_rt: 11.1 (5)
  [1] sc:3888 lt:11  rt:0  fl:0 avg_rt: 2.8 (5)
  [2] sc:388 lt:2  rt:0  fl:0 avg_rt: 1.7 (5)
  [3] sc:390 lt:0  rt:0  fl:0 avg_rt: 27.7 (80)
  [4] sc:0 lt:390  rt:0  fl:0 avg_rt: 42.4 (20)
 in 60 sec.

<Raw Results2(sum ver.)>
  [0] sc:346  lt:3551  rt:0  fl:0 
  [1] sc:3888  lt:11  rt:0  fl:0 
  [2] sc:388  lt:2  rt:0  fl:0 
  [3] sc:390  lt:0  rt:0  fl:0 
  [4] sc:0  lt:390  rt:0  fl:0 

<Constraint Check> (all must be [OK])
 [transaction percentage]
        Payment: 43.49% (>=43.0%) [OK]
   Order-Status: 4.35% (>= 4.0%) [OK]
       Delivery: 4.35% (>= 4.0%) [OK]
    Stock-Level: 4.35% (>= 4.0%) [OK]
 [response time (at least 90% passed)]
      New-Order: 8.88%  [NG] *
        Payment: 99.72%  [OK]
   Order-Status: 99.49%  [OK]
       Delivery: 100.00%  [OK]
    Stock-Level: 0.00%  [NG] *

<TpmC>
                 3897.000 TpmC
