***************************************
*** ###easy### TPC-C Load Generator ***
***************************************
option h with value '192.168.122.79'
option P with value '3306'
option d with value 'benchmarker'
option u with value 'root'
option p with value '123456'
option w with value '11'
option c with value '8'
option r with value '22'
option l with value '60'
option i with value '10'
<Parameters>
     [server]: 192.168.122.79
     [port]: 3306
     [DBname]: benchmarker
       [user]: root
       [pass]: 123456
  [warehouse]: 11
 [connection]: 8
     [rampup]: 22 (sec.)
    [measure]: 60 (sec.)

RAMP-UP TIME.(22 sec.)

MEASURING START.

  10, trx: 1026, 95%: 62.588, 99%: 77.641, max_rt: 174.289, 1025|134.677, 103|25.731, 103|176.721, 103|7564.774
  20, trx: 1035, 95%: 62.326, 99%: 76.076, max_rt: 100.213, 1034|50.525, 102|16.855, 104|136.910, 103|187.817
  30, trx: 1028, 95%: 61.271, 99%: 70.887, max_rt: 88.341, 1032|48.051, 104|11.004, 102|143.966, 104|189.247
  40, trx: 1027, 95%: 61.639, 99%: 69.044, max_rt: 94.222, 1025|58.278, 103|35.391, 103|141.878, 102|198.124
  50, trx: 1043, 95%: 61.991, 99%: 70.128, max_rt: 97.275, 1039|48.071, 103|16.151, 103|145.328, 105|187.297
  60, trx: 1023, 95%: 61.529, 99%: 70.212, max_rt: 88.958, 1025|52.733, 103|11.757, 103|151.222, 102|186.609

STOPPING THREADS........

<Raw Results>
  [0] sc:2 lt:6180  rt:0  fl:0 avg_rt: 55.4 (5)
  [1] sc:461 lt:5719  rt:0  fl:0 avg_rt: 13.8 (5)
  [2] sc:303 lt:315  rt:0  fl:0 avg_rt: 6.9 (5)
  [3] sc:18 lt:600  rt:0  fl:0 avg_rt: 140.5 (80)
  [4] sc:0 lt:619  rt:0  fl:0 avg_rt: 221.2 (20)
 in 60 sec.

<Raw Results2(sum ver.)>
  [0] sc:2  lt:6180  rt:0  fl:0 
  [1] sc:461  lt:5719  rt:0  fl:0 
  [2] sc:303  lt:315  rt:0  fl:0 
  [3] sc:18  lt:600  rt:0  fl:0 
  [4] sc:0  lt:619  rt:0  fl:0 

<Constraint Check> (all must be [OK])
 [transaction percentage]
        Payment: 43.47% (>=43.0%) [OK]
   Order-Status: 4.35% (>= 4.0%) [OK]
       Delivery: 4.35% (>= 4.0%) [OK]
    Stock-Level: 4.35% (>= 4.0%) [OK]
 [response time (at least 90% passed)]
      New-Order: 0.03%  [NG] *
        Payment: 7.46%  [NG] *
   Order-Status: 49.03%  [NG] *
       Delivery: 2.91%  [NG] *
    Stock-Level: 0.00%  [NG] *

<TpmC>
                 6182.000 TpmC
