***************************************
*** ###easy### TPC-C Load Generator ***
***************************************
option h with value '192.168.122.77'
option P with value '3306'
option d with value 'benchmarker'
option u with value 'root'
option p with value '123456'
option w with value '11'
option c with value '8'
option r with value '22'
option l with value '60'
option i with value '10'
<Parameters>
     [server]: 192.168.122.77
     [port]: 3306
     [DBname]: benchmarker
       [user]: root
       [pass]: 123456
  [warehouse]: 11
 [connection]: 8
     [rampup]: 22 (sec.)
    [measure]: 60 (sec.)

RAMP-UP TIME.(22 sec.)

MEASURING START.

  10, trx: 3341, 95%: 33.220, 99%: 40.550, max_rt: 1951.424, 3340|316.661, 334|12.353, 334|236.525, 334|197.032
  20, trx: 3302, 95%: 34.077, 99%: 40.769, max_rt: 59.506, 3302|39.907, 330|16.787, 329|90.372, 331|115.013
  30, trx: 3342, 95%: 34.466, 99%: 41.433, max_rt: 62.705, 3339|43.545, 334|14.285, 335|86.900, 333|121.614
  40, trx: 3232, 95%: 34.809, 99%: 43.129, max_rt: 57.058, 3235|35.052, 324|15.444, 324|90.989, 323|118.534
  50, trx: 3189, 95%: 35.291, 99%: 42.033, max_rt: 75.375, 3193|36.721, 319|11.656, 319|88.769, 320|111.270
  60, trx: 3189, 95%: 35.503, 99%: 42.209, max_rt: 83.625, 3187|34.081, 318|19.075, 319|121.002, 318|151.821

STOPPING THREADS........

<Raw Results>
  [0] sc:4112 lt:15483  rt:0  fl:0 avg_rt: 17.7 (5)
  [1] sc:14933 lt:4663  rt:0  fl:0 avg_rt: 4.9 (5)
  [2] sc:1861 lt:98  rt:0  fl:0 avg_rt: 2.3 (5)
  [3] sc:1902 lt:58  rt:0  fl:0 avg_rt: 46.3 (80)
  [4] sc:626 lt:1333  rt:0  fl:0 avg_rt: 59.9 (20)
 in 60 sec.

<Raw Results2(sum ver.)>
  [0] sc:4112  lt:15483  rt:0  fl:0 
  [1] sc:14933  lt:4663  rt:0  fl:0 
  [2] sc:1861  lt:98  rt:0  fl:0 
  [3] sc:1902  lt:58  rt:0  fl:0 
  [4] sc:626  lt:1333  rt:0  fl:0 

<Constraint Check> (all must be [OK])
 [transaction percentage]
        Payment: 43.48% (>=43.0%) [OK]
   Order-Status: 4.35% (>= 4.0%) [OK]
       Delivery: 4.35% (>= 4.0%) [OK]
    Stock-Level: 4.35% (>= 4.0%) [OK]
 [response time (at least 90% passed)]
      New-Order: 20.98%  [NG] *
        Payment: 76.20%  [NG] *
   Order-Status: 95.00%  [OK]
       Delivery: 97.04%  [OK]
    Stock-Level: 31.96%  [NG] *

<TpmC>
                 19595.000 TpmC
