***************************************
*** ###easy### TPC-C Load Generator ***
***************************************
option h with value '10.0.1.105'
option P with value '3306'
option d with value 'benchmarker'
option u with value 'root'
option p with value '123456'
option w with value '11'
option c with value '1'
option r with value '22'
option l with value '60'
option i with value '10'
<Parameters>
     [server]: 10.0.1.105
     [port]: 3306
     [DBname]: benchmarker
       [user]: root
       [pass]: 123456
  [warehouse]: 11
 [connection]: 1
     [rampup]: 22 (sec.)
    [measure]: 60 (sec.)

RAMP-UP TIME.(22 sec.)

MEASURING START.

  10, trx: 1106, 95%: 7.224, 99%: 10.168, max_rt: 14.693, 1102|6.083, 111|2.461, 111|29.171, 111|28.992
  20, trx: 1099, 95%: 7.730, 99%: 11.479, max_rt: 14.823, 1102|5.785, 109|3.417, 110|29.152, 110|26.696
  30, trx: 1088, 95%: 7.868, 99%: 11.697, max_rt: 23.227, 1087|8.084, 109|2.776, 109|26.794, 108|25.725
  40, trx: 1108, 95%: 7.579, 99%: 11.047, max_rt: 23.279, 1109|6.405, 111|2.657, 111|20.830, 111|24.536
  50, trx: 1101, 95%: 7.344, 99%: 11.462, max_rt: 16.480, 1101|3.403, 110|2.352, 110|28.037, 111|26.275
  60, trx: 1107, 95%: 7.581, 99%: 10.632, max_rt: 18.816, 1106|3.573, 110|3.150, 110|25.156, 110|25.017

STOPPING THREADS.

<Raw Results>
  [0] sc:3750 lt:2859  rt:0  fl:0 avg_rt: 6.6 (5)
  [1] sc:6601 lt:6  rt:0  fl:0 avg_rt: 1.6 (5)
  [2] sc:660 lt:0  rt:0  fl:0 avg_rt: 0.9 (5)
  [3] sc:661 lt:0  rt:0  fl:0 avg_rt: 17.4 (80)
  [4] sc:575 lt:86  rt:0  fl:0 avg_rt: 23.2 (20)
 in 60 sec.

<Raw Results2(sum ver.)>
  [0] sc:3750  lt:2859  rt:0  fl:0 
  [1] sc:6601  lt:6  rt:0  fl:0 
  [2] sc:660  lt:0  rt:0  fl:0 
  [3] sc:661  lt:0  rt:0  fl:0 
  [4] sc:575  lt:86  rt:0  fl:0 

<Constraint Check> (all must be [OK])
 [transaction percentage]
        Payment: 43.47% (>=43.0%) [OK]
   Order-Status: 4.34% (>= 4.0%) [OK]
       Delivery: 4.35% (>= 4.0%) [OK]
    Stock-Level: 4.35% (>= 4.0%) [OK]
 [response time (at least 90% passed)]
      New-Order: 56.74%  [NG] *
        Payment: 99.91%  [OK]
   Order-Status: 100.00%  [OK]
       Delivery: 100.00%  [OK]
    Stock-Level: 86.99%  [NG] *

<TpmC>
                 6609.000 TpmC
