***************************************
*** ###easy### TPC-C Load Generator ***
***************************************
option h with value '10.0.1.105'
option P with value '3306'
option d with value 'benchmarker'
option u with value 'root'
option p with value '123456'
option w with value '11'
option c with value '24'
option r with value '22'
option l with value '60'
option i with value '10'
<Parameters>
     [server]: 10.0.1.105
     [port]: 3306
     [DBname]: benchmarker
       [user]: root
       [pass]: 123456
  [warehouse]: 11
 [connection]: 24
     [rampup]: 22 (sec.)
    [measure]: 60 (sec.)

RAMP-UP TIME.(22 sec.)

MEASURING START.

  10, trx: 2591, 95%: 72.215, 99%: 84.961, max_rt: 143.586, 2590|117.051, 260|22.207, 258|227.701, 259|240.447
  20, trx: 2620, 95%: 72.692, 99%: 84.936, max_rt: 115.610, 2617|84.193, 262|20.938, 263|194.047, 262|226.018
  30, trx: 2601, 95%: 73.766, 99%: 86.708, max_rt: 122.300, 2608|90.795, 260|24.566, 259|195.902, 259|237.696
  40, trx: 2577, 95%: 74.321, 99%: 88.518, max_rt: 113.674, 2577|104.513, 258|25.120, 258|218.599, 259|221.054
  50, trx: 2604, 95%: 73.899, 99%: 86.890, max_rt: 122.725, 2601|91.798, 259|18.237, 261|179.199, 260|224.704
  60, trx: 2583, 95%: 75.148, 99%: 87.229, max_rt: 120.476, 2583|93.904, 259|20.426, 258|192.644, 258|224.678

STOPPING THREADS........................

<Raw Results>
  [0] sc:70 lt:15506  rt:0  fl:0 avg_rt: 64.5 (5)
  [1] sc:1361 lt:14217  rt:0  fl:0 avg_rt: 19.8 (5)
  [2] sc:640 lt:918  rt:0  fl:0 avg_rt: 7.8 (5)
  [3] sc:19 lt:1538  rt:0  fl:0 avg_rt: 177.1 (80)
  [4] sc:0 lt:1557  rt:0  fl:0 avg_rt: 234.9 (20)
 in 60 sec.

<Raw Results2(sum ver.)>
  [0] sc:70  lt:15506  rt:0  fl:0 
  [1] sc:1361  lt:14217  rt:0  fl:0 
  [2] sc:640  lt:918  rt:0  fl:0 
  [3] sc:19  lt:1538  rt:0  fl:0 
  [4] sc:0  lt:1557  rt:0  fl:0 

<Constraint Check> (all must be [OK])
 [transaction percentage]
        Payment: 43.48% (>=43.0%) [OK]
   Order-Status: 4.35% (>= 4.0%) [OK]
       Delivery: 4.35% (>= 4.0%) [OK]
    Stock-Level: 4.35% (>= 4.0%) [OK]
 [response time (at least 90% passed)]
      New-Order: 0.45%  [NG] *
        Payment: 8.74%  [NG] *
   Order-Status: 41.08%  [NG] *
       Delivery: 1.22%  [NG] *
    Stock-Level: 0.00%  [NG] *

<TpmC>
                 15576.000 TpmC
