***************************************
*** ###easy### TPC-C Load Generator ***
***************************************
option h with value '10.0.1.105'
option P with value '3306'
option d with value 'benchmarker'
option u with value 'root'
option p with value '123456'
option w with value '11'
option c with value '1'
option r with value '22'
option l with value '60'
option i with value '10'
<Parameters>
     [server]: 10.0.1.105
     [port]: 3306
     [DBname]: benchmarker
       [user]: root
       [pass]: 123456
  [warehouse]: 11
 [connection]: 1
     [rampup]: 22 (sec.)
    [measure]: 60 (sec.)

RAMP-UP TIME.(22 sec.)

MEASURING START.

  10, trx: 1400, 95%: 5.371, 99%: 5.628, max_rt: 7.391, 1399|1.981, 140|0.963, 140|12.755, 140|16.140
  20, trx: 1434, 95%: 5.243, 99%: 5.497, max_rt: 6.051, 1435|1.856, 143|0.796, 144|11.621, 143|15.099
  30, trx: 1407, 95%: 5.301, 99%: 5.434, max_rt: 6.249, 1405|2.465, 141|0.806, 140|13.595, 141|14.694
  40, trx: 1410, 95%: 5.290, 99%: 5.513, max_rt: 7.022, 1409|1.981, 141|0.825, 141|12.305, 141|15.618
  50, trx: 1435, 95%: 5.262, 99%: 5.475, max_rt: 11.378, 1435|2.018, 144|1.454, 143|13.955, 143|14.986
  60, trx: 1439, 95%: 5.216, 99%: 5.402, max_rt: 9.224, 1437|1.859, 144|1.462, 144|12.936, 144|14.710

STOPPING THREADS.

<Raw Results>
  [0] sc:7506 lt:1019  rt:0  fl:0 avg_rt: 5.1 (5)
  [1] sc:8520 lt:0  rt:0  fl:0 avg_rt: 1.3 (5)
  [2] sc:853 lt:0  rt:0  fl:0 avg_rt: 0.8 (5)
  [3] sc:852 lt:0  rt:0  fl:0 avg_rt: 14.1 (80)
  [4] sc:852 lt:0  rt:0  fl:0 avg_rt: 17.1 (20)
 in 60 sec.

<Raw Results2(sum ver.)>
  [0] sc:7506  lt:1019  rt:0  fl:0 
  [1] sc:8520  lt:0  rt:0  fl:0 
  [2] sc:853  lt:0  rt:0  fl:0 
  [3] sc:852  lt:0  rt:0  fl:0 
  [4] sc:852  lt:0  rt:0  fl:0 

<Constraint Check> (all must be [OK])
 [transaction percentage]
        Payment: 43.46% (>=43.0%) [OK]
   Order-Status: 4.35% (>= 4.0%) [OK]
       Delivery: 4.35% (>= 4.0%) [OK]
    Stock-Level: 4.35% (>= 4.0%) [OK]
 [response time (at least 90% passed)]
      New-Order: 88.05%  [NG] *
        Payment: 100.00%  [OK]
   Order-Status: 100.00%  [OK]
       Delivery: 100.00%  [OK]
    Stock-Level: 100.00%  [OK]

<TpmC>
                 8525.000 TpmC
