***************************************
*** ###easy### TPC-C Load Generator ***
***************************************
option h with value '192.168.122.77'
option P with value '3306'
option d with value 'benchmarker'
option u with value 'root'
option p with value '123456'
option w with value '11'
option c with value '8'
option r with value '22'
option l with value '60'
option i with value '10'
<Parameters>
     [server]: 192.168.122.77
     [port]: 3306
     [DBname]: benchmarker
       [user]: root
       [pass]: 123456
  [warehouse]: 11
 [connection]: 8
     [rampup]: 22 (sec.)
    [measure]: 60 (sec.)

RAMP-UP TIME.(22 sec.)

MEASURING START.

  10, trx: 3941, 95%: 19.152, 99%: 25.020, max_rt: 78.376, 3945|47.942, 395|7.388, 394|99.119, 395|123.329
  20, trx: 3909, 95%: 19.728, 99%: 24.443, max_rt: 39.430, 3907|24.913, 390|6.953, 391|60.375, 391|66.065
  30, trx: 3913, 95%: 19.516, 99%: 25.208, max_rt: 35.448, 3914|24.524, 392|8.049, 392|51.768, 391|71.093
  40, trx: 3899, 95%: 19.106, 99%: 23.843, max_rt: 35.110, 3900|21.531, 390|5.336, 390|48.021, 390|70.788
  50, trx: 3907, 95%: 19.816, 99%: 24.849, max_rt: 41.627, 3905|24.803, 391|6.983, 390|51.120, 390|66.296
  60, trx: 3886, 95%: 19.009, 99%: 24.239, max_rt: 31.726, 3884|24.623, 389|7.407, 389|48.204, 388|70.462

STOPPING THREADS........

<Raw Results>
  [0] sc:1047 lt:22408  rt:0  fl:0 avg_rt: 15.0 (5)
  [1] sc:21687 lt:1768  rt:0  fl:0 avg_rt: 4.0 (5)
  [2] sc:2324 lt:23  rt:0  fl:0 avg_rt: 1.9 (5)
  [3] sc:2346 lt:0  rt:0  fl:0 avg_rt: 36.5 (80)
  [4] sc:48 lt:2297  rt:0  fl:0 avg_rt: 50.9 (20)
 in 60 sec.

<Raw Results2(sum ver.)>
  [0] sc:1047  lt:22408  rt:0  fl:0 
  [1] sc:21687  lt:1768  rt:0  fl:0 
  [2] sc:2324  lt:23  rt:0  fl:0 
  [3] sc:2346  lt:0  rt:0  fl:0 
  [4] sc:48  lt:2297  rt:0  fl:0 

<Constraint Check> (all must be [OK])
 [transaction percentage]
        Payment: 43.48% (>=43.0%) [OK]
   Order-Status: 4.35% (>= 4.0%) [OK]
       Delivery: 4.35% (>= 4.0%) [OK]
    Stock-Level: 4.35% (>= 4.0%) [OK]
 [response time (at least 90% passed)]
      New-Order: 4.46%  [NG] *
        Payment: 92.46%  [OK]
   Order-Status: 99.02%  [OK]
       Delivery: 100.00%  [OK]
    Stock-Level: 2.05%  [NG] *

<TpmC>
                 23455.000 TpmC
