[OVERALL], RunTime(ms), 156
[OVERALL], Throughput(ops/sec), 6410.25641025641
[TOTAL_GCS_PS_Scavenge], Count, 0
[TOTAL_GC_TIME_PS_Scavenge], Time(ms), 0
[TOTAL_GC_TIME_%_PS_Scavenge], Time(%), 0.0
[TOTAL_GCS_PS_MarkSweep], Count, 0
[TOTAL_GC_TIME_PS_MarkSweep], Time(ms), 0
[TOTAL_GC_TIME_%_PS_MarkSweep], Time(%), 0.0
[TOTAL_GCs], Count, 0
[TOTAL_GC_TIME], Time(ms), 0
[TOTAL_GC_TIME_%], Time(%), 0.0
[CLEANUP], Operations, 24
[CLEANUP], AverageLatency(us), 40.375
[CLEANUP], MinLatency(us), 21
[CLEANUP], MaxLatency(us), 369
[CLEANUP], 95thPercentileLatency(us), 41
[CLEANUP], 99thPercentileLatency(us), 369
[INSERT], Operations, 1000
[INSERT], AverageLatency(us), 1490.712
[INSERT], MinLatency(us), 187
[INSERT], MaxLatency(us), 24575
[INSERT], 95thPercentileLatency(us), 4587
[INSERT], 99thPercentileLatency(us), 15159
[INSERT], Return=OK, 1000
