[OVERALL], RunTime(ms), 154
[OVERALL], Throughput(ops/sec), 6493.506493506494
[TOTAL_GCS_PS_Scavenge], Count, 0
[TOTAL_GC_TIME_PS_Scavenge], Time(ms), 0
[TOTAL_GC_TIME_%_PS_Scavenge], Time(%), 0.0
[TOTAL_GCS_PS_MarkSweep], Count, 0
[TOTAL_GC_TIME_PS_MarkSweep], Time(ms), 0
[TOTAL_GC_TIME_%_PS_MarkSweep], Time(%), 0.0
[TOTAL_GCs], Count, 0
[TOTAL_GC_TIME], Time(ms), 0
[TOTAL_GC_TIME_%], Time(%), 0.0
[CLEANUP], Operations, 24
[CLEANUP], AverageLatency(us), 53.791666666666664
[CLEANUP], MinLatency(us), 23
[CLEANUP], MaxLatency(us), 556
[CLEANUP], 95thPercentileLatency(us), 45
[CLEANUP], 99thPercentileLatency(us), 556
[INSERT], Operations, 1000
[INSERT], AverageLatency(us), 1318.75
[INSERT], MinLatency(us), 206
[INSERT], MaxLatency(us), 21247
[INSERT], 95thPercentileLatency(us), 3051
[INSERT], 99thPercentileLatency(us), 9895
[INSERT], Return=OK, 1000
