[OVERALL], RunTime(ms), 158
[OVERALL], Throughput(ops/sec), 6329.113924050633
[TOTAL_GCS_PS_Scavenge], Count, 0
[TOTAL_GC_TIME_PS_Scavenge], Time(ms), 0
[TOTAL_GC_TIME_%_PS_Scavenge], Time(%), 0.0
[TOTAL_GCS_PS_MarkSweep], Count, 0
[TOTAL_GC_TIME_PS_MarkSweep], Time(ms), 0
[TOTAL_GC_TIME_%_PS_MarkSweep], Time(%), 0.0
[TOTAL_GCs], Count, 0
[TOTAL_GC_TIME], Time(ms), 0
[TOTAL_GC_TIME_%], Time(%), 0.0
[CLEANUP], Operations, 24
[CLEANUP], AverageLatency(us), 45.625
[CLEANUP], MinLatency(us), 21
[CLEANUP], MaxLatency(us), 376
[CLEANUP], 95thPercentileLatency(us), 57
[CLEANUP], 99thPercentileLatency(us), 376
[INSERT], Operations, 1000
[INSERT], AverageLatency(us), 1263.539
[INSERT], MinLatency(us), 203
[INSERT], MaxLatency(us), 31327
[INSERT], 95thPercentileLatency(us), 3467
[INSERT], 99thPercentileLatency(us), 11495
[INSERT], Return=OK, 1000
