[OVERALL], RunTime(ms), 141
[OVERALL], Throughput(ops/sec), 7092.198581560284
[TOTAL_GCS_PS_Scavenge], Count, 0
[TOTAL_GC_TIME_PS_Scavenge], Time(ms), 0
[TOTAL_GC_TIME_%_PS_Scavenge], Time(%), 0.0
[TOTAL_GCS_PS_MarkSweep], Count, 0
[TOTAL_GC_TIME_PS_MarkSweep], Time(ms), 0
[TOTAL_GC_TIME_%_PS_MarkSweep], Time(%), 0.0
[TOTAL_GCs], Count, 0
[TOTAL_GC_TIME], Time(ms), 0
[TOTAL_GC_TIME_%], Time(%), 0.0
[CLEANUP], Operations, 24
[CLEANUP], AverageLatency(us), 40.583333333333336
[CLEANUP], MinLatency(us), 18
[CLEANUP], MaxLatency(us), 290
[CLEANUP], 95thPercentileLatency(us), 53
[CLEANUP], 99thPercentileLatency(us), 290
[INSERT], Operations, 1000
[INSERT], AverageLatency(us), 1403.486
[INSERT], MinLatency(us), 177
[INSERT], MaxLatency(us), 38367
[INSERT], 95thPercentileLatency(us), 5183
[INSERT], 99thPercentileLatency(us), 17215
[INSERT], Return=OK, 1000
