[OVERALL], RunTime(ms), 159
[OVERALL], Throughput(ops/sec), 6289.308176100629
[TOTAL_GCS_PS_Scavenge], Count, 0
[TOTAL_GC_TIME_PS_Scavenge], Time(ms), 0
[TOTAL_GC_TIME_%_PS_Scavenge], Time(%), 0.0
[TOTAL_GCS_PS_MarkSweep], Count, 0
[TOTAL_GC_TIME_PS_MarkSweep], Time(ms), 0
[TOTAL_GC_TIME_%_PS_MarkSweep], Time(%), 0.0
[TOTAL_GCs], Count, 0
[TOTAL_GC_TIME], Time(ms), 0
[TOTAL_GC_TIME_%], Time(%), 0.0
[CLEANUP], Operations, 24
[CLEANUP], AverageLatency(us), 49.125
[CLEANUP], MinLatency(us), 20
[CLEANUP], MaxLatency(us), 448
[CLEANUP], 95thPercentileLatency(us), 101
[CLEANUP], 99thPercentileLatency(us), 448
[INSERT], Operations, 1000
[INSERT], AverageLatency(us), 1401.265
[INSERT], MinLatency(us), 191
[INSERT], MaxLatency(us), 37023
[INSERT], 95thPercentileLatency(us), 4603
[INSERT], 99thPercentileLatency(us), 11703
[INSERT], Return=OK, 1000
