***************************************
*** ###easy### TPC-C Load Generator ***
***************************************
option h with value '192.168.122.77'
option P with value '3306'
option d with value 'benchmarker'
option u with value 'root'
option p with value '123456'
option w with value '11'
option c with value '8'
option r with value '22'
option l with value '60'
option i with value '10'
<Parameters>
     [server]: 192.168.122.77
     [port]: 3306
     [DBname]: benchmarker
       [user]: root
       [pass]: 123456
  [warehouse]: 11
 [connection]: 8
     [rampup]: 22 (sec.)
    [measure]: 60 (sec.)

RAMP-UP TIME.(22 sec.)

MEASURING START.

  10, trx: 5781, 95%: 13.545, 99%: 18.587, max_rt: 36.449, 5782|20.987, 579|6.048, 579|47.543, 579|54.137
  20, trx: 5295, 95%: 15.087, 99%: 19.799, max_rt: 29.671, 5298|23.195, 529|6.284, 529|42.687, 529|53.549
  30, trx: 5041, 95%: 15.960, 99%: 20.627, max_rt: 35.585, 5035|23.365, 503|5.417, 503|43.741, 504|43.970
  40, trx: 4916, 95%: 16.249, 99%: 21.913, max_rt: 35.929, 4918|30.810, 492|5.769, 492|41.057, 493|41.867
  50, trx: 5046, 95%: 16.089, 99%: 21.254, max_rt: 34.794, 5048|18.580, 505|5.677, 506|39.831, 503|41.387
  60, trx: 5001, 95%: 16.529, 99%: 21.536, max_rt: 30.974, 5003|20.222, 500|7.066, 500|43.612, 501|42.437

STOPPING THREADS........

<Raw Results>
  [0] sc:6113 lt:24967  rt:0  fl:0 avg_rt: 11.3 (5)
  [1] sc:29645 lt:1439  rt:0  fl:0 avg_rt: 3.1 (5)
  [2] sc:3093 lt:15  rt:0  fl:0 avg_rt: 1.8 (5)
  [3] sc:3109 lt:0  rt:0  fl:0 avg_rt: 29.7 (80)
  [4] sc:288 lt:2821  rt:0  fl:0 avg_rt: 35.4 (20)
 in 60 sec.

<Raw Results2(sum ver.)>
  [0] sc:6113  lt:24967  rt:0  fl:0 
  [1] sc:29645  lt:1439  rt:0  fl:0 
  [2] sc:3093  lt:15  rt:0  fl:0 
  [3] sc:3109  lt:0  rt:0  fl:0 
  [4] sc:288  lt:2821  rt:0  fl:0 

<Constraint Check> (all must be [OK])
 [transaction percentage]
        Payment: 43.48% (>=43.0%) [OK]
   Order-Status: 4.35% (>= 4.0%) [OK]
       Delivery: 4.35% (>= 4.0%) [OK]
    Stock-Level: 4.35% (>= 4.0%) [OK]
 [response time (at least 90% passed)]
      New-Order: 19.67%  [NG] *
        Payment: 95.37%  [OK]
   Order-Status: 99.52%  [OK]
       Delivery: 100.00%  [OK]
    Stock-Level: 9.26%  [NG] *

<TpmC>
                 31080.000 TpmC
