***************************************
*** ###easy### TPC-C Load Generator ***
***************************************
option h with value '192.168.122.77'
option P with value '3306'
option d with value 'benchmarker'
option u with value 'root'
option p with value '123456'
option w with value '11'
option c with value '16'
option r with value '22'
option l with value '60'
option i with value '10'
<Parameters>
     [server]: 192.168.122.77
     [port]: 3306
     [DBname]: benchmarker
       [user]: root
       [pass]: 123456
  [warehouse]: 11
 [connection]: 16
     [rampup]: 22 (sec.)
    [measure]: 60 (sec.)

RAMP-UP TIME.(22 sec.)

MEASURING START.

  10, trx: 6610, 95%: 24.443, 99%: 32.561, max_rt: 66.198, 6611|41.543, 661|15.143, 661|106.997, 660|77.254
  20, trx: 6372, 95%: 25.619, 99%: 34.117, max_rt: 62.714, 6371|39.246, 637|10.738, 637|75.184, 636|71.008
  30, trx: 6531, 95%: 24.745, 99%: 33.002, max_rt: 61.298, 6531|39.597, 654|10.263, 654|68.275, 653|93.291
  40, trx: 6575, 95%: 24.923, 99%: 32.963, max_rt: 58.251, 6573|40.252, 657|11.588, 656|74.768, 658|85.151
  50, trx: 6565, 95%: 24.901, 99%: 32.600, max_rt: 51.071, 6570|39.814, 656|18.201, 657|67.974, 657|72.872
  60, trx: 6621, 95%: 24.487, 99%: 32.551, max_rt: 57.268, 6617|42.835, 662|12.428, 663|62.241, 662|72.078

STOPPING THREADS................

<Raw Results>
  [0] sc:1302 lt:37972  rt:0  fl:0 avg_rt: 18.2 (5)
  [1] sc:31019 lt:8254  rt:0  fl:0 avg_rt: 5.5 (5)
  [2] sc:3762 lt:165  rt:0  fl:0 avg_rt: 2.8 (5)
  [3] sc:3925 lt:3  rt:0  fl:0 avg_rt: 44.2 (80)
  [4] sc:36 lt:3890  rt:0  fl:0 avg_rt: 49.4 (20)
 in 60 sec.

<Raw Results2(sum ver.)>
  [0] sc:1302  lt:37972  rt:0  fl:0 
  [1] sc:31019  lt:8254  rt:0  fl:0 
  [2] sc:3762  lt:165  rt:0  fl:0 
  [3] sc:3925  lt:3  rt:0  fl:0 
  [4] sc:36  lt:3890  rt:0  fl:0 

<Constraint Check> (all must be [OK])
 [transaction percentage]
        Payment: 43.48% (>=43.0%) [OK]
   Order-Status: 4.35% (>= 4.0%) [OK]
       Delivery: 4.35% (>= 4.0%) [OK]
    Stock-Level: 4.35% (>= 4.0%) [OK]
 [response time (at least 90% passed)]
      New-Order: 3.32%  [NG] *
        Payment: 78.98%  [NG] *
   Order-Status: 95.80%  [OK]
       Delivery: 99.92%  [OK]
    Stock-Level: 0.92%  [NG] *

<TpmC>
                 39274.000 TpmC
