***************************************
*** ###easy### TPC-C Load Generator ***
***************************************
option h with value '10.0.1.105'
option P with value '3306'
option d with value 'benchmarker'
option u with value 'root'
option p with value '123456'
option w with value '11'
option c with value '24'
option r with value '22'
option l with value '60'
option i with value '10'
<Parameters>
     [server]: 10.0.1.105
     [port]: 3306
     [DBname]: benchmarker
       [user]: root
       [pass]: 123456
  [warehouse]: 11
 [connection]: 24
     [rampup]: 22 (sec.)
    [measure]: 60 (sec.)

RAMP-UP TIME.(22 sec.)

MEASURING START.

  10, trx: 5986, 95%: 34.829, 99%: 44.333, max_rt: 70.955, 5987|60.477, 599|18.525, 598|112.666, 598|109.629
  20, trx: 5962, 95%: 36.648, 99%: 47.110, max_rt: 71.734, 5966|56.464, 597|23.158, 597|98.151, 597|104.159
  30, trx: 5956, 95%: 35.503, 99%: 46.885, max_rt: 75.716, 5955|56.903, 596|20.549, 595|111.049, 595|100.623
  40, trx: 5888, 95%: 35.791, 99%: 44.813, max_rt: 62.302, 5888|55.774, 589|26.372, 589|123.878, 589|119.153
  50, trx: 5970, 95%: 35.228, 99%: 45.339, max_rt: 94.816, 5971|63.015, 596|21.470, 597|110.838, 597|121.193
  60, trx: 5969, 95%: 35.845, 99%: 46.009, max_rt: 69.863, 5971|51.540, 597|15.582, 597|101.867, 597|107.494

STOPPING THREADS........................

<Raw Results>
  [0] sc:670 lt:35063  rt:0  fl:0 avg_rt: 27.9 (5)
  [1] sc:18350 lt:17388  rt:0  fl:0 avg_rt: 9.4 (5)
  [2] sc:3452 lt:122  rt:0  fl:0 avg_rt: 3.0 (5)
  [3] sc:3431 lt:142  rt:0  fl:0 avg_rt: 78.4 (80)
  [4] sc:3 lt:3570  rt:0  fl:0 avg_rt: 96.8 (20)
 in 60 sec.

<Raw Results2(sum ver.)>
  [0] sc:670  lt:35064  rt:0  fl:0 
  [1] sc:18350  lt:17388  rt:0  fl:0 
  [2] sc:3452  lt:122  rt:0  fl:0 
  [3] sc:3431  lt:142  rt:0  fl:0 
  [4] sc:3  lt:3570  rt:0  fl:0 

<Constraint Check> (all must be [OK])
 [transaction percentage]
        Payment: 43.48% (>=43.0%) [OK]
   Order-Status: 4.35% (>= 4.0%) [OK]
       Delivery: 4.35% (>= 4.0%) [OK]
    Stock-Level: 4.35% (>= 4.0%) [OK]
 [response time (at least 90% passed)]
      New-Order: 1.88%  [NG] *
        Payment: 51.35%  [NG] *
   Order-Status: 96.59%  [OK]
       Delivery: 96.03%  [OK]
    Stock-Level: 0.08%  [NG] *

<TpmC>
                 35733.000 TpmC
