***************************************
*** ###easy### TPC-C Load Generator ***
***************************************
option h with value '10.0.1.105'
option P with value '3306'
option d with value 'benchmarker'
option u with value 'root'
option p with value '123456'
option w with value '11'
option c with value '1'
option r with value '22'
option l with value '60'
option i with value '10'
<Parameters>
     [server]: 10.0.1.105
     [port]: 3306
     [DBname]: benchmarker
       [user]: root
       [pass]: 123456
  [warehouse]: 11
 [connection]: 1
     [rampup]: 22 (sec.)
    [measure]: 60 (sec.)

RAMP-UP TIME.(22 sec.)

MEASURING START.

  10, trx: 1444, 95%: 5.213, 99%: 5.655, max_rt: 12.848, 1445|5.902, 144|0.845, 144|16.958, 144|15.594
  20, trx: 1441, 95%: 5.168, 99%: 5.309, max_rt: 5.977, 1441|1.816, 144|0.729, 144|12.619, 144|14.443
  30, trx: 1428, 95%: 5.160, 99%: 5.322, max_rt: 11.176, 1429|4.272, 143|0.789, 142|12.260, 143|14.450
  40, trx: 1428, 95%: 5.188, 99%: 5.343, max_rt: 6.113, 1427|1.490, 142|0.736, 143|13.144, 142|14.286
  50, trx: 1426, 95%: 5.160, 99%: 5.330, max_rt: 6.045, 1425|2.177, 143|0.810, 143|13.501, 144|15.481
  60, trx: 1449, 95%: 5.137, 99%: 5.293, max_rt: 6.757, 1448|2.030, 145|0.747, 145|11.822, 144|15.848

STOPPING THREADS.

<Raw Results>
  [0] sc:7870 lt:746  rt:0  fl:0 avg_rt: 5.0 (5)
  [1] sc:8615 lt:0  rt:0  fl:0 avg_rt: 1.3 (5)
  [2] sc:861 lt:0  rt:0  fl:0 avg_rt: 0.7 (5)
  [3] sc:861 lt:0  rt:0  fl:0 avg_rt: 14.1 (80)
  [4] sc:861 lt:0  rt:0  fl:0 avg_rt: 17.0 (20)
 in 60 sec.

<Raw Results2(sum ver.)>
  [0] sc:7870  lt:746  rt:0  fl:0 
  [1] sc:8615  lt:0  rt:0  fl:0 
  [2] sc:861  lt:0  rt:0  fl:0 
  [3] sc:861  lt:0  rt:0  fl:0 
  [4] sc:861  lt:0  rt:0  fl:0 

<Constraint Check> (all must be [OK])
 [transaction percentage]
        Payment: 43.48% (>=43.0%) [OK]
   Order-Status: 4.35% (>= 4.0%) [OK]
       Delivery: 4.35% (>= 4.0%) [OK]
    Stock-Level: 4.35% (>= 4.0%) [OK]
 [response time (at least 90% passed)]
      New-Order: 91.34%  [OK]
        Payment: 100.00%  [OK]
   Order-Status: 100.00%  [OK]
       Delivery: 100.00%  [OK]
    Stock-Level: 100.00%  [OK]

<TpmC>
                 8616.000 TpmC
