***************************************
*** ###easy### TPC-C Load Generator ***
***************************************
option h with value '192.168.122.77'
option P with value '3306'
option d with value 'benchmarker'
option u with value 'root'
option p with value '123456'
option w with value '11'
option c with value '1'
option r with value '22'
option l with value '60'
option i with value '10'
<Parameters>
     [server]: 192.168.122.77
     [port]: 3306
     [DBname]: benchmarker
       [user]: root
       [pass]: 123456
  [warehouse]: 11
 [connection]: 1
     [rampup]: 22 (sec.)
    [measure]: 60 (sec.)

RAMP-UP TIME.(22 sec.)

MEASURING START.

  10, trx: 1076, 95%: 7.274, 99%: 11.462, max_rt: 26.838, 1076|10.959, 108|3.659, 107|34.547, 107|35.702
  20, trx: 1071, 95%: 7.028, 99%: 9.748, max_rt: 20.894, 1068|4.641, 106|2.012, 108|27.704, 108|31.150
  30, trx: 1087, 95%: 6.661, 99%: 8.713, max_rt: 20.394, 1089|4.111, 109|2.519, 108|26.951, 108|28.576
  40, trx: 1062, 95%: 6.827, 99%: 9.387, max_rt: 13.934, 1062|5.751, 106|3.418, 107|29.769, 106|28.389
  50, trx: 1066, 95%: 6.788, 99%: 9.960, max_rt: 16.564, 1068|4.823, 107|2.861, 106|31.864, 107|28.075
  60, trx: 1066, 95%: 7.036, 99%: 10.111, max_rt: 17.685, 1063|4.290, 107|2.475, 106|27.225, 107|27.852

STOPPING THREADS.

<Raw Results>
  [0] sc:3662 lt:2766  rt:0  fl:0 avg_rt: 6.5 (5)
  [1] sc:6422 lt:4  rt:0  fl:0 avg_rt: 1.8 (5)
  [2] sc:643 lt:0  rt:0  fl:0 avg_rt: 1.0 (5)
  [3] sc:642 lt:0  rt:0  fl:0 avg_rt: 20.4 (80)
  [4] sc:577 lt:66  rt:0  fl:0 avg_rt: 22.5 (20)
 in 60 sec.

<Raw Results2(sum ver.)>
  [0] sc:3662  lt:2766  rt:0  fl:0 
  [1] sc:6422  lt:4  rt:0  fl:0 
  [2] sc:643  lt:0  rt:0  fl:0 
  [3] sc:642  lt:0  rt:0  fl:0 
  [4] sc:577  lt:66  rt:0  fl:0 

<Constraint Check> (all must be [OK])
 [transaction percentage]
        Payment: 43.47% (>=43.0%) [OK]
   Order-Status: 4.35% (>= 4.0%) [OK]
       Delivery: 4.34% (>= 4.0%) [OK]
    Stock-Level: 4.35% (>= 4.0%) [OK]
 [response time (at least 90% passed)]
      New-Order: 56.97%  [NG] *
        Payment: 99.94%  [OK]
   Order-Status: 100.00%  [OK]
       Delivery: 100.00%  [OK]
    Stock-Level: 89.74%  [NG] *

<TpmC>
                 6428.000 TpmC
