***************************************
*** ###easy### TPC-C Load Generator ***
***************************************
option h with value '192.168.122.77'
option P with value '3306'
option d with value 'benchmarker'
option u with value 'root'
option p with value '123456'
option w with value '11'
option c with value '16'
option r with value '22'
option l with value '60'
option i with value '10'
<Parameters>
     [server]: 192.168.122.77
     [port]: 3306
     [DBname]: benchmarker
       [user]: root
       [pass]: 123456
  [warehouse]: 11
 [connection]: 16
     [rampup]: 22 (sec.)
    [measure]: 60 (sec.)

RAMP-UP TIME.(22 sec.)

MEASURING START.

  10, trx: 1104, 95%: 110.103, 99%: 123.441, max_rt: 176.506, 1103|143.544, 109|30.143, 110|277.389, 110|351.009
  20, trx: 1095, 95%: 111.230, 99%: 124.667, max_rt: 155.781, 1098|107.120, 110|19.509, 110|257.747, 110|353.174
  30, trx: 1096, 95%: 111.230, 99%: 122.558, max_rt: 167.920, 1099|100.579, 110|65.639, 110|266.056, 110|352.787
  40, trx: 1103, 95%: 110.864, 99%: 123.589, max_rt: 188.056, 1103|100.611, 110|37.787, 110|261.358, 110|348.280
  50, trx: 1094, 95%: 111.230, 99%: 118.340, max_rt: 162.848, 1093|106.602, 110|31.832, 109|268.374, 109|351.305
  60, trx: 1088, 95%: 112.806, 99%: 123.811, max_rt: 148.681, 1089|113.227, 109|23.531, 109|286.591, 110|352.855

STOPPING THREADS................

<Raw Results>
  [0] sc:3 lt:6577  rt:0  fl:0 avg_rt: 103.0 (5)
  [1] sc:282 lt:6303  rt:0  fl:0 avg_rt: 28.0 (5)
  [2] sc:72 lt:586  rt:0  fl:0 avg_rt: 13.5 (5)
  [3] sc:0 lt:658  rt:0  fl:0 avg_rt: 269.9 (80)
  [4] sc:0 lt:659  rt:0  fl:0 avg_rt: 397.7 (20)
 in 60 sec.

<Raw Results2(sum ver.)>
  [0] sc:3  lt:6577  rt:0  fl:0 
  [1] sc:282  lt:6303  rt:0  fl:0 
  [2] sc:72  lt:586  rt:0  fl:0 
  [3] sc:0  lt:658  rt:0  fl:0 
  [4] sc:0  lt:659  rt:0  fl:0 

<Constraint Check> (all must be [OK])
 [transaction percentage]
        Payment: 43.49% (>=43.0%) [OK]
   Order-Status: 4.35% (>= 4.0%) [OK]
       Delivery: 4.35% (>= 4.0%) [OK]
    Stock-Level: 4.35% (>= 4.0%) [OK]
 [response time (at least 90% passed)]
      New-Order: 0.05%  [NG] *
        Payment: 4.28%  [NG] *
   Order-Status: 10.94%  [NG] *
       Delivery: 0.00%  [NG] *
    Stock-Level: 0.00%  [NG] *

<TpmC>
                 6580.000 TpmC
