***************************************
*** ###easy### TPC-C Load Generator ***
***************************************
option h with value '192.168.122.79'
option P with value '3306'
option d with value 'benchmarker'
option u with value 'root'
option p with value '123456'
option w with value '11'
option c with value '16'
option r with value '22'
option l with value '60'
option i with value '10'
<Parameters>
     [server]: 192.168.122.79
     [port]: 3306
     [DBname]: benchmarker
       [user]: root
       [pass]: 123456
  [warehouse]: 11
 [connection]: 16
     [rampup]: 22 (sec.)
    [measure]: 60 (sec.)

RAMP-UP TIME.(22 sec.)

MEASURING START.

  10, trx: 5254, 95%: 29.693, 99%: 38.619, max_rt: 73.706, 5253|66.359, 525|18.812, 525|89.761, 525|75.465
  20, trx: 5143, 95%: 31.346, 99%: 39.995, max_rt: 66.159, 5145|46.882, 515|9.923, 514|79.475, 515|82.729
  30, trx: 5128, 95%: 31.047, 99%: 40.989, max_rt: 66.107, 5127|51.512, 513|12.121, 513|88.139, 513|84.223
  40, trx: 5061, 95%: 31.876, 99%: 41.920, max_rt: 74.633, 5060|47.246, 506|14.167, 507|93.579, 505|82.392
  50, trx: 5051, 95%: 32.337, 99%: 41.832, max_rt: 62.177, 5053|60.184, 505|19.403, 505|86.227, 507|82.007
  60, trx: 5103, 95%: 31.403, 99%: 41.632, max_rt: 69.599, 5103|56.267, 510|14.615, 510|88.455, 510|77.838

STOPPING THREADS................

<Raw Results>
  [0] sc:473 lt:30267  rt:0  fl:0 avg_rt: 23.1 (5)
  [1] sc:18971 lt:11770  rt:0  fl:0 avg_rt: 7.4 (5)
  [2] sc:2766 lt:308  rt:0  fl:0 avg_rt: 3.5 (5)
  [3] sc:3063 lt:11  rt:0  fl:0 avg_rt: 57.5 (80)
  [4] sc:5 lt:3070  rt:0  fl:0 avg_rt: 59.9 (20)
 in 60 sec.

<Raw Results2(sum ver.)>
  [0] sc:473  lt:30267  rt:0  fl:0 
  [1] sc:18971  lt:11771  rt:0  fl:0 
  [2] sc:2766  lt:308  rt:0  fl:0 
  [3] sc:3063  lt:11  rt:0  fl:0 
  [4] sc:5  lt:3070  rt:0  fl:0 

<Constraint Check> (all must be [OK])
 [transaction percentage]
        Payment: 43.48% (>=43.0%) [OK]
   Order-Status: 4.35% (>= 4.0%) [OK]
       Delivery: 4.35% (>= 4.0%) [OK]
    Stock-Level: 4.35% (>= 4.0%) [OK]
 [response time (at least 90% passed)]
      New-Order: 1.54%  [NG] *
        Payment: 61.71%  [NG] *
   Order-Status: 89.98%  [NG] *
       Delivery: 99.64%  [OK]
    Stock-Level: 0.16%  [NG] *

<TpmC>
                 30740.000 TpmC
