***************************************
*** ###easy### TPC-C Load Generator ***
***************************************
option h with value '192.168.122.79'
option P with value '3306'
option d with value 'benchmarker'
option u with value 'root'
option p with value '123456'
option w with value '11'
option c with value '8'
option r with value '22'
option l with value '60'
option i with value '10'
<Parameters>
     [server]: 192.168.122.79
     [port]: 3306
     [DBname]: benchmarker
       [user]: root
       [pass]: 123456
  [warehouse]: 11
 [connection]: 8
     [rampup]: 22 (sec.)
    [measure]: 60 (sec.)

RAMP-UP TIME.(22 sec.)

MEASURING START.

  10, trx: 1093, 95%: 59.358, 99%: 72.671, max_rt: 309.461, 1091|64.837, 109|50.580, 109|224.050, 109|319.290
  20, trx: 1121, 95%: 57.349, 99%: 66.369, max_rt: 96.856, 1122|42.060, 113|17.066, 112|146.964, 112|170.717
  30, trx: 1119, 95%: 55.708, 99%: 65.462, max_rt: 87.270, 1118|44.251, 111|39.381, 112|149.041, 111|181.393
  40, trx: 1126, 95%: 55.012, 99%: 63.474, max_rt: 96.938, 1127|45.867, 113|18.389, 112|153.578, 114|171.075
  50, trx: 1129, 95%: 56.143, 99%: 63.836, max_rt: 105.758, 1128|45.016, 112|14.254, 113|143.078, 112|184.391
  60, trx: 1082, 95%: 61.898, 99%: 78.741, max_rt: 87.485, 1083|53.904, 109|15.343, 109|192.368, 109|264.795

STOPPING THREADS........

<Raw Results>
  [0] sc:1 lt:6669  rt:0  fl:0 avg_rt: 50.6 (5)
  [1] sc:529 lt:6141  rt:0  fl:0 avg_rt: 13.2 (5)
  [2] sc:279 lt:388  rt:0  fl:0 avg_rt: 8.1 (5)
  [3] sc:45 lt:622  rt:0  fl:0 avg_rt: 138.8 (80)
  [4] sc:0 lt:667  rt:0  fl:0 avg_rt: 197.6 (20)
 in 60 sec.

<Raw Results2(sum ver.)>
  [0] sc:1  lt:6669  rt:0  fl:0 
  [1] sc:529  lt:6141  rt:0  fl:0 
  [2] sc:279  lt:388  rt:0  fl:0 
  [3] sc:45  lt:622  rt:0  fl:0 
  [4] sc:0  lt:667  rt:0  fl:0 

<Constraint Check> (all must be [OK])
 [transaction percentage]
        Payment: 43.48% (>=43.0%) [OK]
   Order-Status: 4.35% (>= 4.0%) [OK]
       Delivery: 4.35% (>= 4.0%) [OK]
    Stock-Level: 4.35% (>= 4.0%) [OK]
 [response time (at least 90% passed)]
      New-Order: 0.01%  [NG] *
        Payment: 7.93%  [NG] *
   Order-Status: 41.83%  [NG] *
       Delivery: 6.75%  [NG] *
    Stock-Level: 0.00%  [NG] *

<TpmC>
                 6670.000 TpmC
