***************************************
*** ###easy### TPC-C Load Generator ***
***************************************
option h with value '127.0.0.1'
option P with value '13306'
option d with value 'benchmarker'
option u with value 'root'
option p with value '123456'
option w with value '11'
option c with value '1'
option r with value '22'
option l with value '60'
option i with value '10'
<Parameters>
     [server]: 127.0.0.1
     [port]: 13306
     [DBname]: benchmarker
       [user]: root
       [pass]: 123456
  [warehouse]: 11
 [connection]: 1
     [rampup]: 22 (sec.)
    [measure]: 60 (sec.)

RAMP-UP TIME.(22 sec.)

MEASURING START.

  10, trx: 619, 95%: 12.356, 99%: 16.264, max_rt: 30.288, 617|9.926, 62|2.632, 61|51.822, 61|76.984
  20, trx: 579, 95%: 14.563, 99%: 16.519, max_rt: 34.771, 584|11.479, 59|1.642, 58|36.338, 58|55.716
  30, trx: 485, 95%: 18.907, 99%: 26.350, max_rt: 33.409, 482|9.921, 48|2.705, 49|43.303, 49|82.726
  40, trx: 537, 95%: 16.945, 99%: 21.014, max_rt: 41.213, 538|12.169, 54|4.215, 54|44.720, 54|60.984
  50, trx: 553, 95%: 16.152, 99%: 21.568, max_rt: 27.227, 553|11.702, 55|2.730, 55|34.925, 55|59.670
  60, trx: 463, 95%: 18.033, 99%: 25.141, max_rt: 38.672, 462|14.960, 46|2.980, 46|54.987, 46|63.043

STOPPING THREADS.

<Raw Results>
  [0] sc:131 lt:3105  rt:0  fl:0 avg_rt: 13.5 (5)
  [1] sc:3209 lt:27  rt:0  fl:0 avg_rt: 3.3 (5)
  [2] sc:324 lt:0  rt:0  fl:0 avg_rt: 1.8 (5)
  [3] sc:323 lt:0  rt:0  fl:0 avg_rt: 31.7 (80)
  [4] sc:0 lt:323  rt:0  fl:0 avg_rt: 51.1 (20)
 in 60 sec.

<Raw Results2(sum ver.)>
  [0] sc:131  lt:3105  rt:0  fl:0 
  [1] sc:3209  lt:27  rt:0  fl:0 
  [2] sc:324  lt:0  rt:0  fl:0 
  [3] sc:323  lt:0  rt:0  fl:0 
  [4] sc:0  lt:323  rt:0  fl:0 

<Constraint Check> (all must be [OK])
 [transaction percentage]
        Payment: 43.48% (>=43.0%) [OK]
   Order-Status: 4.35% (>= 4.0%) [OK]
       Delivery: 4.34% (>= 4.0%) [OK]
    Stock-Level: 4.34% (>= 4.0%) [OK]
 [response time (at least 90% passed)]
      New-Order: 4.05%  [NG] *
        Payment: 99.17%  [OK]
   Order-Status: 100.00%  [OK]
       Delivery: 100.00%  [OK]
    Stock-Level: 0.00%  [NG] *

<TpmC>
                 3236.000 TpmC
