***************************************
*** ###easy### TPC-C Load Generator ***
***************************************
option h with value '192.168.122.77'
option P with value '3306'
option d with value 'benchmarker'
option u with value 'root'
option p with value '123456'
option w with value '11'
option c with value '16'
option r with value '22'
option l with value '60'
option i with value '10'
<Parameters>
     [server]: 192.168.122.77
     [port]: 3306
     [DBname]: benchmarker
       [user]: root
       [pass]: 123456
  [warehouse]: 11
 [connection]: 16
     [rampup]: 22 (sec.)
    [measure]: 60 (sec.)

RAMP-UP TIME.(22 sec.)

MEASURING START.

  10, trx: 1752, 95%: 77.990, 99%: 96.256, max_rt: 214.673, 1753|123.432, 176|83.054, 177|481.138, 176|399.711
  20, trx: 1781, 95%: 78.177, 99%: 93.446, max_rt: 152.158, 1783|109.638, 177|27.048, 177|339.311, 177|250.425
  30, trx: 1825, 95%: 78.811, 99%: 96.921, max_rt: 141.029, 1822|116.410, 183|35.249, 181|417.463, 183|277.095
  40, trx: 1824, 95%: 76.304, 99%: 87.595, max_rt: 106.727, 1822|87.580, 182|25.402, 183|189.682, 181|258.620
  50, trx: 1791, 95%: 80.673, 99%: 100.858, max_rt: 385.282, 1790|135.276, 179|53.951, 179|575.586, 180|270.156
  60, trx: 1754, 95%: 80.456, 99%: 96.776, max_rt: 132.837, 1757|100.913, 176|21.867, 176|343.602, 175|271.281

STOPPING THREADS................

<Raw Results>
  [0] sc:8 lt:10719  rt:0  fl:0 avg_rt: 63.5 (5)
  [1] sc:1188 lt:9539  rt:0  fl:0 avg_rt: 17.7 (5)
  [2] sc:414 lt:659  rt:0  fl:0 avg_rt: 9.5 (5)
  [3] sc:64 lt:1009  rt:0  fl:0 avg_rt: 169.4 (80)
  [4] sc:0 lt:1072  rt:0  fl:0 avg_rt: 231.4 (20)
 in 60 sec.

<Raw Results2(sum ver.)>
  [0] sc:8  lt:10719  rt:0  fl:0 
  [1] sc:1188  lt:9539  rt:0  fl:0 
  [2] sc:414  lt:659  rt:0  fl:0 
  [3] sc:64  lt:1009  rt:0  fl:0 
  [4] sc:0  lt:1072  rt:0  fl:0 

<Constraint Check> (all must be [OK])
 [transaction percentage]
        Payment: 43.48% (>=43.0%) [OK]
   Order-Status: 4.35% (>= 4.0%) [OK]
       Delivery: 4.35% (>= 4.0%) [OK]
    Stock-Level: 4.35% (>= 4.0%) [OK]
 [response time (at least 90% passed)]
      New-Order: 0.07%  [NG] *
        Payment: 11.07%  [NG] *
   Order-Status: 38.58%  [NG] *
       Delivery: 5.96%  [NG] *
    Stock-Level: 0.00%  [NG] *

<TpmC>
                 10727.000 TpmC
