***************************************
*** ###easy### TPC-C Load Generator ***
***************************************
option h with value '192.168.122.79'
option P with value '3306'
option d with value 'benchmarker'
option u with value 'root'
option p with value '123456'
option w with value '11'
option c with value '16'
option r with value '22'
option l with value '60'
option i with value '10'
<Parameters>
     [server]: 192.168.122.79
     [port]: 3306
     [DBname]: benchmarker
       [user]: root
       [pass]: 123456
  [warehouse]: 11
 [connection]: 16
     [rampup]: 22 (sec.)
    [measure]: 60 (sec.)

RAMP-UP TIME.(22 sec.)

MEASURING START.

  10, trx: 1053, 95%: 139.937, 99%: 178.440, max_rt: 223.734, 1056|145.322, 105|34.712, 105|338.720, 104|486.859
  20, trx: 1070, 95%: 137.610, 99%: 184.358, max_rt: 234.839, 1065|114.979, 108|33.963, 107|311.654, 107|511.115
  30, trx: 1079, 95%: 130.861, 99%: 157.453, max_rt: 248.754, 1079|135.981, 108|28.562, 108|273.614, 108|437.652
  40, trx: 955, 95%: 160.499, 99%: 199.220, max_rt: 255.004, 957|136.117, 95|45.290, 95|397.957, 96|532.536
  50, trx: 1109, 95%: 131.450, 99%: 153.085, max_rt: 170.500, 1104|109.497, 110|22.951, 111|315.387, 110|448.280
  60, trx: 1136, 95%: 124.294, 99%: 154.419, max_rt: 224.512, 1141|177.234, 115|37.151, 113|419.386, 115|421.945

STOPPING THREADS................

<Raw Results>
  [0] sc:1 lt:6401  rt:0  fl:0 avg_rt: 109.3 (5)
  [1] sc:318 lt:6084  rt:0  fl:0 avg_rt: 29.3 (5)
  [2] sc:184 lt:457  rt:0  fl:0 avg_rt: 12.3 (5)
  [3] sc:7 lt:632  rt:0  fl:0 avg_rt: 250.4 (80)
  [4] sc:0 lt:640  rt:0  fl:0 avg_rt: 399.3 (20)
 in 60 sec.

<Raw Results2(sum ver.)>
  [0] sc:1  lt:6401  rt:0  fl:0 
  [1] sc:318  lt:6084  rt:0  fl:0 
  [2] sc:184  lt:457  rt:0  fl:0 
  [3] sc:7  lt:632  rt:0  fl:0 
  [4] sc:0  lt:640  rt:0  fl:0 

<Constraint Check> (all must be [OK])
 [transaction percentage]
        Payment: 43.48% (>=43.0%) [OK]
   Order-Status: 4.35% (>= 4.0%) [OK]
       Delivery: 4.34% (>= 4.0%) [OK]
    Stock-Level: 4.35% (>= 4.0%) [OK]
 [response time (at least 90% passed)]
      New-Order: 0.02%  [NG] *
        Payment: 4.97%  [NG] *
   Order-Status: 28.71%  [NG] *
       Delivery: 1.10%  [NG] *
    Stock-Level: 0.00%  [NG] *

<TpmC>
                 6402.000 TpmC
