***************************************
*** ###easy### TPC-C Load Generator ***
***************************************
option h with value '192.168.122.91'
option P with value '3306'
option d with value 'benchmarker'
option u with value 'root'
option p with value '123456'
option w with value '11'
option c with value '8'
option r with value '22'
option l with value '60'
option i with value '10'
<Parameters>
     [server]: 192.168.122.91
     [port]: 3306
     [DBname]: benchmarker
       [user]: root
       [pass]: 123456
  [warehouse]: 11
 [connection]: 8
     [rampup]: 22 (sec.)
    [measure]: 60 (sec.)

RAMP-UP TIME.(22 sec.)

MEASURING START.

  10, trx: 937, 95%: 81.792, 99%: 101.707, max_rt: 131.335, 936|65.313, 94|19.229, 93|209.448, 94|278.935
  20, trx: 905, 95%: 81.109, 99%: 100.436, max_rt: 111.770, 906|54.342, 91|30.785, 91|162.308, 90|269.046
  30, trx: 906, 95%: 81.645, 99%: 98.707, max_rt: 134.286, 910|68.478, 90|28.387, 91|180.079, 92|288.555
  40, trx: 899, 95%: 77.409, 99%: 97.620, max_rt: 122.005, 895|73.151, 90|26.366, 90|190.966, 89|278.010
  50, trx: 914, 95%: 81.377, 99%: 102.655, max_rt: 118.047, 913|57.382, 91|19.976, 91|179.980, 91|249.030
  60, trx: 903, 95%: 82.160, 99%: 103.612, max_rt: 168.304, 906|61.345, 91|15.503, 90|193.035, 91|313.538

STOPPING THREADS........

<Raw Results>
  [0] sc:0 lt:5464  rt:0  fl:0 avg_rt: 64.1 (5)
  [1] sc:463 lt:5003  rt:0  fl:0 avg_rt: 16.2 (5)
  [2] sc:290 lt:257  rt:0  fl:0 avg_rt: 7.8 (5)
  [3] sc:61 lt:485  rt:0  fl:0 avg_rt: 153.1 (80)
  [4] sc:0 lt:547  rt:0  fl:0 avg_rt: 236.9 (20)
 in 60 sec.

<Raw Results2(sum ver.)>
  [0] sc:0  lt:5464  rt:0  fl:0 
  [1] sc:463  lt:5003  rt:0  fl:0 
  [2] sc:290  lt:257  rt:0  fl:0 
  [3] sc:61  lt:485  rt:0  fl:0 
  [4] sc:0  lt:547  rt:0  fl:0 

<Constraint Check> (all must be [OK])
 [transaction percentage]
        Payment: 43.48% (>=43.0%) [OK]
   Order-Status: 4.35% (>= 4.0%) [OK]
       Delivery: 4.34% (>= 4.0%) [OK]
    Stock-Level: 4.35% (>= 4.0%) [OK]
 [response time (at least 90% passed)]
      New-Order: 0.00%  [NG] *
        Payment: 8.47%  [NG] *
   Order-Status: 53.02%  [NG] *
       Delivery: 11.17%  [NG] *
    Stock-Level: 0.00%  [NG] *

<TpmC>
                 5464.000 TpmC
