***************************************
*** ###easy### TPC-C Load Generator ***
***************************************
option h with value '192.168.122.79'
option P with value '3306'
option d with value 'benchmarker'
option u with value 'root'
option p with value '123456'
option w with value '11'
option c with value '8'
option r with value '22'
option l with value '60'
option i with value '10'
<Parameters>
     [server]: 192.168.122.79
     [port]: 3306
     [DBname]: benchmarker
       [user]: root
       [pass]: 123456
  [warehouse]: 11
 [connection]: 8
     [rampup]: 22 (sec.)
    [measure]: 60 (sec.)

RAMP-UP TIME.(22 sec.)

MEASURING START.

  10, trx: 1033, 95%: 68.100, 99%: 82.086, max_rt: 126.616, 1029|75.168, 104|16.457, 102|214.809, 103|304.321
  20, trx: 1085, 95%: 65.052, 99%: 78.764, max_rt: 102.124, 1089|53.679, 108|15.766, 109|165.897, 109|221.707
  30, trx: 1110, 95%: 67.089, 99%: 85.190, max_rt: 109.904, 1112|54.043, 111|14.494, 111|142.193, 111|235.142
  40, trx: 1052, 95%: 71.313, 99%: 88.042, max_rt: 118.528, 1049|54.643, 105|18.509, 106|171.576, 104|253.361
  50, trx: 1051, 95%: 68.427, 99%: 81.450, max_rt: 105.035, 1052|82.004, 105|14.292, 105|158.241, 106|230.075
  60, trx: 1053, 95%: 68.243, 99%: 81.767, max_rt: 102.831, 1052|57.468, 106|18.119, 105|149.010, 106|244.552

STOPPING THREADS........

<Raw Results>
  [0] sc:0 lt:6384  rt:0  fl:0 avg_rt: 54.9 (5)
  [1] sc:563 lt:5820  rt:0  fl:0 avg_rt: 13.8 (5)
  [2] sc:404 lt:235  rt:0  fl:0 avg_rt: 6.7 (5)
  [3] sc:177 lt:461  rt:0  fl:0 avg_rt: 127.1 (80)
  [4] sc:0 lt:639  rt:0  fl:0 avg_rt: 207.3 (20)
 in 60 sec.

<Raw Results2(sum ver.)>
  [0] sc:0  lt:6384  rt:0  fl:0 
  [1] sc:563  lt:5820  rt:0  fl:0 
  [2] sc:404  lt:235  rt:0  fl:0 
  [3] sc:177  lt:461  rt:0  fl:0 
  [4] sc:0  lt:639  rt:0  fl:0 

<Constraint Check> (all must be [OK])
 [transaction percentage]
        Payment: 43.47% (>=43.0%) [OK]
   Order-Status: 4.35% (>= 4.0%) [OK]
       Delivery: 4.35% (>= 4.0%) [OK]
    Stock-Level: 4.35% (>= 4.0%) [OK]
 [response time (at least 90% passed)]
      New-Order: 0.00%  [NG] *
        Payment: 8.82%  [NG] *
   Order-Status: 63.22%  [NG] *
       Delivery: 27.74%  [NG] *
    Stock-Level: 0.00%  [NG] *

<TpmC>
                 6384.000 TpmC
