***************************************
*** ###easy### TPC-C Load Generator ***
***************************************
option h with value '192.168.122.79'
option P with value '3306'
option d with value 'benchmarker'
option u with value 'root'
option p with value '123456'
option w with value '11'
option c with value '4'
option r with value '22'
option l with value '60'
option i with value '10'
<Parameters>
     [server]: 192.168.122.79
     [port]: 3306
     [DBname]: benchmarker
       [user]: root
       [pass]: 123456
  [warehouse]: 11
 [connection]: 4
     [rampup]: 22 (sec.)
    [measure]: 60 (sec.)

RAMP-UP TIME.(22 sec.)

MEASURING START.

  10, trx: 1139, 95%: 32.629, 99%: 42.577, max_rt: 70.584, 1137|29.023, 115|12.817, 114|80.087, 115|166.766
  20, trx: 1156, 95%: 32.874, 99%: 42.159, max_rt: 72.337, 1155|32.258, 115|12.563, 116|90.157, 114|141.828
  30, trx: 1140, 95%: 34.986, 99%: 49.230, max_rt: 59.427, 1142|26.811, 114|11.262, 114|89.218, 115|113.900
  40, trx: 1116, 95%: 33.490, 99%: 44.240, max_rt: 63.736, 1118|18.744, 112|11.162, 112|100.298, 111|133.543
  50, trx: 1090, 95%: 35.780, 99%: 45.625, max_rt: 57.856, 1089|23.127, 109|15.071, 108|90.029, 110|139.337
  60, trx: 1188, 95%: 31.337, 99%: 43.336, max_rt: 57.422, 1186|20.856, 119|17.716, 120|75.582, 118|114.350

STOPPING THREADS....

<Raw Results>
  [0] sc:1 lt:6829  rt:0  fl:0 avg_rt: 25.5 (5)
  [1] sc:4692 lt:2135  rt:0  fl:0 avg_rt: 6.4 (5)
  [2] sc:650 lt:34  rt:0  fl:0 avg_rt: 3.5 (5)
  [3] sc:677 lt:7  rt:0  fl:0 avg_rt: 60.0 (80)
  [4] sc:0 lt:683  rt:0  fl:0 avg_rt: 97.1 (20)
 in 60 sec.

<Raw Results2(sum ver.)>
  [0] sc:1  lt:6829  rt:0  fl:0 
  [1] sc:4692  lt:2135  rt:0  fl:0 
  [2] sc:650  lt:34  rt:0  fl:0 
  [3] sc:677  lt:7  rt:0  fl:0 
  [4] sc:0  lt:683  rt:0  fl:0 

<Constraint Check> (all must be [OK])
 [transaction percentage]
        Payment: 43.46% (>=43.0%) [OK]
   Order-Status: 4.35% (>= 4.0%) [OK]
       Delivery: 4.35% (>= 4.0%) [OK]
    Stock-Level: 4.35% (>= 4.0%) [OK]
 [response time (at least 90% passed)]
      New-Order: 0.01%  [NG] *
        Payment: 68.73%  [NG] *
   Order-Status: 95.03%  [OK]
       Delivery: 98.98%  [OK]
    Stock-Level: 0.00%  [NG] *

<TpmC>
                 6830.000 TpmC
