***************************************
*** ###easy### TPC-C Load Generator ***
***************************************
option h with value '192.168.122.79'
option P with value '3306'
option d with value 'benchmarker'
option u with value 'root'
option p with value '123456'
option w with value '11'
option c with value '32'
option r with value '22'
option l with value '60'
option i with value '10'
<Parameters>
     [server]: 192.168.122.79
     [port]: 3306
     [DBname]: benchmarker
       [user]: root
       [pass]: 123456
  [warehouse]: 11
 [connection]: 32
     [rampup]: 22 (sec.)
    [measure]: 60 (sec.)

RAMP-UP TIME.(22 sec.)

MEASURING START.

  10, trx: 1041, 95%: 266.418, 99%: 320.941, max_rt: 443.109, 1039|316.075, 103|69.395, 104|602.498, 105|906.592
  20, trx: 1018, 95%: 263.484, 99%: 324.224, max_rt: 435.421, 1018|290.077, 103|56.216, 103|602.078, 104|900.380
  30, trx: 1009, 95%: 270.679, 99%: 325.878, max_rt: 561.455, 1007|415.556, 101|74.341, 101|580.997, 99|857.185
  40, trx: 993, 95%: 263.958, 99%: 304.288, max_rt: 382.648, 995|277.032, 99|65.195, 98|651.902, 100|887.227
  50, trx: 989, 95%: 276.493, 99%: 341.150, max_rt: 460.185, 990|345.126, 98|100.712, 101|698.012, 98|913.139
  60, trx: 1003, 95%: 280.243, 99%: 339.927, max_rt: 458.337, 1003|482.999, 101|73.618, 98|662.650, 101|902.537

STOPPING THREADS................................

<Raw Results>
  [0] sc:0 lt:6053  rt:0  fl:0 avg_rt: 225.6 (5)
  [1] sc:177 lt:5876  rt:0  fl:0 avg_rt: 71.3 (5)
  [2] sc:79 lt:526  rt:0  fl:0 avg_rt: 27.4 (5)
  [3] sc:0 lt:605  rt:0  fl:0 avg_rt: 514.9 (80)
  [4] sc:0 lt:607  rt:0  fl:0 avg_rt: 819.3 (20)
 in 60 sec.

<Raw Results2(sum ver.)>
  [0] sc:0  lt:6053  rt:0  fl:0 
  [1] sc:177  lt:5877  rt:0  fl:0 
  [2] sc:79  lt:526  rt:0  fl:0 
  [3] sc:0  lt:605  rt:0  fl:0 
  [4] sc:0  lt:607  rt:0  fl:0 

<Constraint Check> (all must be [OK])
 [transaction percentage]
        Payment: 43.47% (>=43.0%) [OK]
   Order-Status: 4.35% (>= 4.0%) [OK]
       Delivery: 4.35% (>= 4.0%) [OK]
    Stock-Level: 4.36% (>= 4.0%) [OK]
 [response time (at least 90% passed)]
      New-Order: 0.00%  [NG] *
        Payment: 2.92%  [NG] *
   Order-Status: 13.06%  [NG] *
       Delivery: 0.00%  [NG] *
    Stock-Level: 0.00%  [NG] *

<TpmC>
                 6053.000 TpmC
