***************************************
*** ###easy### TPC-C Load Generator ***
***************************************
option h with value '192.168.122.77'
option P with value '3306'
option d with value 'benchmarker'
option u with value 'root'
option p with value '123456'
option w with value '11'
option c with value '16'
option r with value '22'
option l with value '60'
option i with value '10'
<Parameters>
     [server]: 192.168.122.77
     [port]: 3306
     [DBname]: benchmarker
       [user]: root
       [pass]: 123456
  [warehouse]: 11
 [connection]: 16
     [rampup]: 22 (sec.)
    [measure]: 60 (sec.)

RAMP-UP TIME.(22 sec.)

MEASURING START.

  10, trx: 2273, 95%: 71.591, 99%: 91.207, max_rt: 151.139, 2273|99.845, 228|21.697, 227|186.817, 228|306.693
  20, trx: 2250, 95%: 73.129, 99%: 99.152, max_rt: 151.984, 2249|102.352, 224|20.385, 226|186.348, 224|288.173
  30, trx: 2250, 95%: 72.627, 99%: 96.516, max_rt: 140.642, 2251|83.701, 226|19.836, 225|175.526, 226|254.928
  40, trx: 2276, 95%: 71.634, 99%: 97.474, max_rt: 123.402, 2278|101.734, 227|39.278, 228|164.089, 227|253.352
  50, trx: 2282, 95%: 71.484, 99%: 93.530, max_rt: 139.736, 2281|124.267, 229|28.734, 227|195.656, 229|246.116
  60, trx: 2280, 95%: 74.076, 99%: 98.295, max_rt: 127.570, 2279|88.510, 228|15.018, 229|175.965, 227|270.668

STOPPING THREADS................

<Raw Results>
  [0] sc:0 lt:13611  rt:0  fl:0 avg_rt: 52.3 (5)
  [1] sc:2725 lt:10886  rt:0  fl:0 avg_rt: 14.2 (5)
  [2] sc:1049 lt:313  rt:0  fl:0 avg_rt: 5.5 (5)
  [3] sc:776 lt:587  rt:0  fl:0 avg_rt: 111.5 (80)
  [4] sc:0 lt:1361  rt:0  fl:0 avg_rt: 180.9 (20)
 in 60 sec.

<Raw Results2(sum ver.)>
  [0] sc:0  lt:13611  rt:0  fl:0 
  [1] sc:2725  lt:10886  rt:0  fl:0 
  [2] sc:1049  lt:313  rt:0  fl:0 
  [3] sc:776  lt:587  rt:0  fl:0 
  [4] sc:0  lt:1361  rt:0  fl:0 

<Constraint Check> (all must be [OK])
 [transaction percentage]
        Payment: 43.47% (>=43.0%) [OK]
   Order-Status: 4.35% (>= 4.0%) [OK]
       Delivery: 4.35% (>= 4.0%) [OK]
    Stock-Level: 4.35% (>= 4.0%) [OK]
 [response time (at least 90% passed)]
      New-Order: 0.00%  [NG] *
        Payment: 20.02%  [NG] *
   Order-Status: 77.02%  [NG] *
       Delivery: 56.93%  [NG] *
    Stock-Level: 0.00%  [NG] *

<TpmC>
                 13611.000 TpmC
