***************************************
*** ###easy### TPC-C Load Generator ***
***************************************
option h with value '127.0.0.1'
option P with value '13306'
option d with value 'benchmarker'
option u with value 'root'
option p with value '123456'
option w with value '11'
option c with value '4'
option r with value '22'
option l with value '60'
option i with value '10'
<Parameters>
     [server]: 127.0.0.1
     [port]: 13306
     [DBname]: benchmarker
       [user]: root
       [pass]: 123456
  [warehouse]: 11
 [connection]: 4
     [rampup]: 22 (sec.)
    [measure]: 60 (sec.)

RAMP-UP TIME.(22 sec.)

MEASURING START.

  10, trx: 461, 95%: 75.013, 99%: 87.020, max_rt: 100.602, 463|46.301, 47|17.238, 47|136.037, 47|253.278
  20, trx: 466, 95%: 68.468, 99%: 83.274, max_rt: 90.466, 465|60.087, 45|16.179, 46|124.044, 45|227.560
  30, trx: 457, 95%: 72.280, 99%: 79.976, max_rt: 102.614, 455|83.839, 46|19.215, 45|135.792, 47|222.501
  40, trx: 468, 95%: 67.673, 99%: 80.432, max_rt: 93.955, 468|30.372, 47|17.358, 48|128.017, 46|206.191
  50, trx: 454, 95%: 71.015, 99%: 84.176, max_rt: 93.273, 458|26.242, 46|11.096, 45|130.907, 46|227.113
  60, trx: 444, 95%: 73.129, 99%: 83.174, max_rt: 86.327, 439|44.020, 44|21.577, 45|142.178, 44|230.025

STOPPING THREADS....

<Raw Results>
  [0] sc:0 lt:2750  rt:0  fl:0 avg_rt: 64.1 (5)
  [1] sc:226 lt:2522  rt:0  fl:0 avg_rt: 15.8 (5)
  [2] sc:152 lt:123  rt:0  fl:0 avg_rt: 7.2 (5)
  [3] sc:2 lt:274  rt:0  fl:0 avg_rt: 136.3 (80)
  [4] sc:0 lt:275  rt:0  fl:0 avg_rt: 242.0 (20)
 in 60 sec.

<Raw Results2(sum ver.)>
  [0] sc:0  lt:2750  rt:0  fl:0 
  [1] sc:226  lt:2522  rt:0  fl:0 
  [2] sc:152  lt:123  rt:0  fl:0 
  [3] sc:2  lt:274  rt:0  fl:0 
  [4] sc:0  lt:275  rt:0  fl:0 

<Constraint Check> (all must be [OK])
 [transaction percentage]
        Payment: 43.45% (>=43.0%) [OK]
   Order-Status: 4.35% (>= 4.0%) [OK]
       Delivery: 4.36% (>= 4.0%) [OK]
    Stock-Level: 4.35% (>= 4.0%) [OK]
 [response time (at least 90% passed)]
      New-Order: 0.00%  [NG] *
        Payment: 8.22%  [NG] *
   Order-Status: 55.27%  [NG] *
       Delivery: 0.72%  [NG] *
    Stock-Level: 0.00%  [NG] *

<TpmC>
                 2750.000 TpmC
