***************************************
*** ###easy### TPC-C Load Generator ***
***************************************
option h with value '127.0.0.1'
option P with value '13306'
option d with value 'benchmarker'
option u with value 'root'
option p with value '123456'
option w with value '11'
option c with value '2'
option r with value '22'
option l with value '60'
option i with value '10'
<Parameters>
     [server]: 127.0.0.1
     [port]: 13306
     [DBname]: benchmarker
       [user]: root
       [pass]: 123456
  [warehouse]: 11
 [connection]: 2
     [rampup]: 22 (sec.)
    [measure]: 60 (sec.)

RAMP-UP TIME.(22 sec.)

MEASURING START.

  10, trx: 462, 95%: 33.873, 99%: 45.886, max_rt: 59.334, 462|21.035, 47|11.776, 46|82.958, 47|122.581
  20, trx: 472, 95%: 33.893, 99%: 46.355, max_rt: 53.433, 471|23.325, 47|8.619, 47|89.452, 46|116.067
  30, trx: 459, 95%: 34.819, 99%: 41.982, max_rt: 53.313, 454|13.301, 45|11.747, 46|75.120, 46|123.051
  40, trx: 459, 95%: 33.201, 99%: 42.209, max_rt: 51.014, 464|13.801, 47|12.346, 46|87.603, 46|121.458
  50, trx: 460, 95%: 34.087, 99%: 39.673, max_rt: 47.791, 456|19.427, 45|9.722, 47|77.754, 46|107.951
  60, trx: 482, 95%: 33.230, 99%: 37.412, max_rt: 52.530, 486|24.405, 49|9.086, 48|77.542, 49|118.368

STOPPING THREADS..

<Raw Results>
  [0] sc:0 lt:2794  rt:0  fl:0 avg_rt: 30.8 (5)
  [1] sc:1032 lt:1761  rt:0  fl:0 avg_rt: 8.3 (5)
  [2] sc:228 lt:52  rt:0  fl:0 avg_rt: 4.5 (5)
  [3] sc:276 lt:4  rt:0  fl:0 avg_rt: 74.8 (80)
  [4] sc:0 lt:280  rt:0  fl:0 avg_rt: 115.2 (20)
 in 60 sec.

<Raw Results2(sum ver.)>
  [0] sc:0  lt:2794  rt:0  fl:0 
  [1] sc:1032  lt:1761  rt:0  fl:0 
  [2] sc:228  lt:52  rt:0  fl:0 
  [3] sc:276  lt:4  rt:0  fl:0 
  [4] sc:0  lt:280  rt:0  fl:0 

<Constraint Check> (all must be [OK])
 [transaction percentage]
        Payment: 43.46% (>=43.0%) [OK]
   Order-Status: 4.36% (>= 4.0%) [OK]
       Delivery: 4.36% (>= 4.0%) [OK]
    Stock-Level: 4.36% (>= 4.0%) [OK]
 [response time (at least 90% passed)]
      New-Order: 0.00%  [NG] *
        Payment: 36.95%  [NG] *
   Order-Status: 81.43%  [NG] *
       Delivery: 98.57%  [OK]
    Stock-Level: 0.00%  [NG] *

<TpmC>
                 2794.000 TpmC
