***************************************
*** ###easy### TPC-C Load Generator ***
***************************************
option h with value '127.0.0.1'
option P with value '13306'
option d with value 'benchmarker'
option u with value 'root'
option p with value '123456'
option w with value '11'
option c with value '1'
option r with value '22'
option l with value '60'
option i with value '10'
<Parameters>
     [server]: 127.0.0.1
     [port]: 13306
     [DBname]: benchmarker
       [user]: root
       [pass]: 123456
  [warehouse]: 11
 [connection]: 1
     [rampup]: 22 (sec.)
    [measure]: 60 (sec.)

RAMP-UP TIME.(22 sec.)

MEASURING START.

  10, trx: 484, 95%: 16.534, 99%: 26.421, max_rt: 42.147, 483|14.442, 47|12.517, 48|50.040, 48|81.510
  20, trx: 488, 95%: 15.323, 99%: 26.556, max_rt: 42.917, 486|11.797, 50|5.273, 49|33.870, 49|72.850
  30, trx: 480, 95%: 15.355, 99%: 19.598, max_rt: 29.339, 484|12.477, 47|2.210, 48|41.627, 48|68.653
  40, trx: 474, 95%: 15.471, 99%: 22.257, max_rt: 37.115, 474|14.582, 48|2.723, 48|54.847, 48|68.539
  50, trx: 475, 95%: 15.328, 99%: 20.145, max_rt: 31.750, 479|7.611, 48|2.120, 47|53.416, 48|69.641
  60, trx: 474, 95%: 15.438, 99%: 19.307, max_rt: 32.888, 470|11.289, 47|2.300, 48|51.353, 47|73.739

STOPPING THREADS.

<Raw Results>
  [0] sc:1 lt:2874  rt:0  fl:0 avg_rt: 15.1 (5)
  [1] sc:2838 lt:38  rt:0  fl:0 avg_rt: 3.7 (5)
  [2] sc:284 lt:3  rt:0  fl:0 avg_rt: 2.3 (5)
  [3] sc:288 lt:0  rt:0  fl:0 avg_rt: 34.9 (80)
  [4] sc:0 lt:288  rt:0  fl:0 avg_rt: 59.8 (20)
 in 60 sec.

<Raw Results2(sum ver.)>
  [0] sc:1  lt:2874  rt:0  fl:0 
  [1] sc:2838  lt:38  rt:0  fl:0 
  [2] sc:284  lt:3  rt:0  fl:0 
  [3] sc:288  lt:0  rt:0  fl:0 
  [4] sc:0  lt:288  rt:0  fl:0 

<Constraint Check> (all must be [OK])
 [transaction percentage]
        Payment: 43.48% (>=43.0%) [OK]
   Order-Status: 4.34% (>= 4.0%) [OK]
       Delivery: 4.35% (>= 4.0%) [OK]
    Stock-Level: 4.35% (>= 4.0%) [OK]
 [response time (at least 90% passed)]
      New-Order: 0.03%  [NG] *
        Payment: 98.68%  [OK]
   Order-Status: 98.95%  [OK]
       Delivery: 100.00%  [OK]
    Stock-Level: 0.00%  [NG] *

<TpmC>
                 2875.000 TpmC
