randw-4K-n1-c1: (g=0): rw=randwrite, bs=(R) 4096B-4096B, (W) 4096B-4096B, (T) 4096B-4096B, ioengine=libaio, iodepth=32
randw-4K-n2-c2: (g=1): rw=randwrite, bs=(R) 4096B-4096B, (W) 4096B-4096B, (T) 4096B-4096B, ioengine=libaio, iodepth=32
...
randw-4K-n4-c4: (g=2): rw=randwrite, bs=(R) 4096B-4096B, (W) 4096B-4096B, (T) 4096B-4096B, ioengine=libaio, iodepth=32
...
randw-4K-n8-c8: (g=3): rw=randwrite, bs=(R) 4096B-4096B, (W) 4096B-4096B, (T) 4096B-4096B, ioengine=libaio, iodepth=32
...
randw-4K-n12-c12: (g=4): rw=randwrite, bs=(R) 4096B-4096B, (W) 4096B-4096B, (T) 4096B-4096B, ioengine=libaio, iodepth=32
...
fio-3.1
Starting 27 processes

randw-4K-n1-c1: (groupid=0, jobs=1): err= 0: pid=1358: Sat Jul 27 22:33:52 2019
  write: IOPS=113k, BW=440MiB/s (462MB/s)(51.6GiB/120001msec)
    slat (nsec): min=2818, max=87321, avg=3577.75, stdev=1580.63
    clat (usec): min=21, max=517, avg=277.19, stdev=13.61
     lat (usec): min=25, max=525, avg=281.49, stdev=13.72
    clat percentiles (usec):
     | 10.000th=[  269], 20.000th=[  269], 30.000th=[  273], 40.000th=[  273],
     | 50.000th=[  273], 70.000th=[  277], 90.000th=[  297], 99.000th=[  326],
     | 99.900th=[  343], 99.990th=[  367], 99.999th=[  457]
   bw (  KiB/s): min=343956, max=442217, per=77.73%, avg=350399.65, stdev=6397.66, samples=239
   iops        : min=85989, max=110554, avg=87599.56, stdev=1599.42, samples=239
  lat (usec)   : 50=0.01%, 100=0.01%, 250=0.01%, 500=100.00%, 750=0.01%
  cpu          : usr=50.12%, sys=49.88%, ctx=168, majf=0, minf=9
  IO depths    : 1=0.1%, 2=0.1%, 4=0.1%, 8=0.1%, 16=0.1%, 32=100.0%, >=64=0.0%
     submit    : 0=0.0%, 4=100.0%, 8=0.0%, 16=0.0%, 32=0.0%, 64=0.0%, >=64=0.0%
     complete  : 0=0.0%, 4=100.0%, 8=0.0%, 16=0.0%, 32=0.1%, 64=0.0%, >=64=0.0%
     issued rwt: total=0,13524592,0, short=0,0,0, dropped=0,0,0
     latency   : target=0, window=0, percentile=100.00%, depth=32
randw-4K-n2-c2: (groupid=1, jobs=2): err= 0: pid=1363: Sat Jul 27 22:33:52 2019
  write: IOPS=214k, BW=838MiB/s (879MB/s)(98.2GiB/120001msec)
    slat (usec): min=2, max=16047, avg= 3.66, stdev= 5.77
    clat (usec): min=67, max=19186, avg=291.15, stdev=44.32
     lat (usec): min=228, max=19204, avg=295.51, stdev=44.78
    clat percentiles (usec):
     | 10.000th=[  281], 20.000th=[  281], 30.000th=[  285], 40.000th=[  285],
     | 50.000th=[  289], 70.000th=[  293], 90.000th=[  310], 99.000th=[  338],
     | 99.900th=[  355], 99.990th=[  412], 99.999th=[  758]
   bw (  KiB/s): min=330878, max=412528, per=39.41%, avg=338119.69, stdev=6262.89, samples=478
   iops        : min=82719, max=103132, avg=84529.53, stdev=1565.71, samples=478
  lat (usec)   : 100=0.01%, 250=0.01%, 500=100.00%, 750=0.01%, 1000=0.01%
  lat (msec)   : 10=0.01%, 20=0.01%
  cpu          : usr=50.00%, sys=49.95%, ctx=1736, majf=0, minf=18
  IO depths    : 1=0.1%, 2=0.1%, 4=0.1%, 8=0.1%, 16=0.1%, 32=100.0%, >=64=0.0%
     submit    : 0=0.0%, 4=100.0%, 8=0.0%, 16=0.0%, 32=0.0%, 64=0.0%, >=64=0.0%
     complete  : 0=0.0%, 4=100.0%, 8=0.0%, 16=0.0%, 32=0.1%, 64=0.0%, >=64=0.0%
     issued rwt: total=0,25738739,0, short=0,0,0, dropped=0,0,0
     latency   : target=0, window=0, percentile=100.00%, depth=32
randw-4K-n4-c4: (groupid=2, jobs=4): err= 0: pid=1368: Sat Jul 27 22:33:52 2019
  write: IOPS=279k, BW=1091MiB/s (1144MB/s)(128GiB/120020msec)
    slat (usec): min=2, max=22408, avg= 3.94, stdev= 7.55
    clat (usec): min=71, max=23351, avg=451.01, stdev=68.32
     lat (usec): min=214, max=23355, avg=455.65, stdev=68.75
    clat percentiles (usec):
     | 10.000th=[  396], 20.000th=[  420], 30.000th=[  429], 40.000th=[  433],
     | 50.000th=[  449], 70.000th=[  469], 90.000th=[  506], 99.000th=[  562],
     | 99.900th=[  635], 99.990th=[ 1090], 99.999th=[ 2638]
   bw (  KiB/s): min=179864, max=329363, per=23.64%, avg=264141.81, stdev=5754.13, samples=956
   iops        : min=44966, max=82340, avg=66035.07, stdev=1438.51, samples=956
  lat (usec)   : 100=0.01%, 250=0.01%, 500=87.56%, 750=12.37%, 1000=0.03%
  lat (msec)   : 2=0.04%, 4=0.01%, 20=0.01%, 50=0.01%
  cpu          : usr=32.87%, sys=40.70%, ctx=17722152, majf=0, minf=41
  IO depths    : 1=0.1%, 2=0.1%, 4=0.1%, 8=0.1%, 16=0.1%, 32=100.0%, >=64=0.0%
     submit    : 0=0.0%, 4=100.0%, 8=0.0%, 16=0.0%, 32=0.0%, 64=0.0%, >=64=0.0%
     complete  : 0=0.0%, 4=100.0%, 8=0.0%, 16=0.0%, 32=0.1%, 64=0.0%, >=64=0.0%
     issued rwt: total=0,33522338,0, short=0,0,0, dropped=0,0,0
     latency   : target=0, window=0, percentile=100.00%, depth=32
randw-4K-n8-c8: (groupid=3, jobs=8): err= 0: pid=1375: Sat Jul 27 22:33:52 2019
  write: IOPS=281k, BW=1096MiB/s (1149MB/s)(128GiB/120022msec)
    slat (usec): min=2, max=23572, avg= 4.12, stdev= 7.46
    clat (usec): min=127, max=25104, avg=904.59, stdev=460.81
     lat (usec): min=259, max=25109, avg=909.43, stdev=461.04
    clat percentiles (usec):
     | 10.000th=[  420], 20.000th=[  433], 30.000th=[  461], 40.000th=[  486],
     | 50.000th=[  832], 70.000th=[ 1336], 90.000th=[ 1418], 99.000th=[ 1516],
     | 99.900th=[ 1598], 99.990th=[ 1663], 99.999th=[ 3032]
   bw (  KiB/s): min=64585, max=278271, per=8.85%, avg=99308.30, stdev=56978.11, samples=1912
   iops        : min=16146, max=69567, avg=24826.70, stdev=14244.53, samples=1912
  lat (usec)   : 250=0.01%, 500=43.87%, 750=6.04%, 1000=0.74%
  lat (msec)   : 2=49.36%, 4=0.01%, 10=0.01%, 20=0.01%, 50=0.01%
  cpu          : usr=17.28%, sys=22.26%, ctx=20445267, majf=0, minf=84
  IO depths    : 1=0.1%, 2=0.1%, 4=0.1%, 8=0.1%, 16=0.1%, 32=100.0%, >=64=0.0%
     submit    : 0=0.0%, 4=100.0%, 8=0.0%, 16=0.0%, 32=0.0%, 64=0.0%, >=64=0.0%
     complete  : 0=0.0%, 4=100.0%, 8=0.0%, 16=0.0%, 32=0.1%, 64=0.0%, >=64=0.0%
     issued rwt: total=0,33680950,0, short=0,0,0, dropped=0,0,0
     latency   : target=0, window=0, percentile=100.00%, depth=32
randw-4K-n12-c12: (groupid=4, jobs=12): err= 0: pid=1387: Sat Jul 27 22:33:52 2019
  write: IOPS=282k, BW=1101MiB/s (1155MB/s)(129GiB/120001msec)
    slat (usec): min=2, max=536, avg= 4.96, stdev= 3.50
    clat (usec): min=12, max=4438, avg=1352.51, stdev=364.95
     lat (usec): min=16, max=4443, avg=1358.35, stdev=365.47
    clat percentiles (usec):
     | 10.000th=[  881], 20.000th=[  938], 30.000th=[ 1254], 40.000th=[ 1303],
     | 50.000th=[ 1352], 70.000th=[ 1434], 90.000th=[ 1844], 99.000th=[ 2343],
     | 99.900th=[ 2474], 99.990th=[ 2540], 99.999th=[ 2737]
   bw (  KiB/s): min=55406, max=280448, per=8.36%, avg=94290.45, stdev=25389.55, samples=2880
   iops        : min=13851, max=70112, avg=23572.31, stdev=6347.39, samples=2880
  lat (usec)   : 20=0.01%, 50=0.01%, 100=0.01%, 250=0.01%, 500=0.21%
  lat (usec)   : 750=0.48%, 1000=24.15%
  lat (msec)   : 2=70.41%, 4=4.75%, 10=0.01%
  cpu          : usr=14.50%, sys=17.40%, ctx=17488834, majf=0, minf=117
  IO depths    : 1=0.1%, 2=0.1%, 4=0.1%, 8=0.1%, 16=0.1%, 32=100.0%, >=64=0.0%
     submit    : 0=0.0%, 4=100.0%, 8=0.0%, 16=0.0%, 32=0.0%, 64=0.0%, >=64=0.0%
     complete  : 0=0.0%, 4=100.0%, 8=0.0%, 16=0.0%, 32=0.1%, 64=0.0%, >=64=0.0%
     issued rwt: total=0,33836071,0, short=0,0,0, dropped=0,0,0
     latency   : target=0, window=0, percentile=100.00%, depth=32

Run status group 0 (all jobs):
  WRITE: bw=440MiB/s (462MB/s), 440MiB/s-440MiB/s (462MB/s-462MB/s), io=51.6GiB (55.4GB), run=120001-120001msec

Run status group 1 (all jobs):
  WRITE: bw=838MiB/s (879MB/s), 838MiB/s-838MiB/s (879MB/s-879MB/s), io=98.2GiB (105GB), run=120001-120001msec

Run status group 2 (all jobs):
  WRITE: bw=1091MiB/s (1144MB/s), 1091MiB/s-1091MiB/s (1144MB/s-1144MB/s), io=128GiB (137GB), run=120020-120020msec

Run status group 3 (all jobs):
  WRITE: bw=1096MiB/s (1149MB/s), 1096MiB/s-1096MiB/s (1149MB/s-1149MB/s), io=128GiB (138GB), run=120022-120022msec

Run status group 4 (all jobs):
  WRITE: bw=1101MiB/s (1155MB/s), 1101MiB/s-1101MiB/s (1155MB/s-1155MB/s), io=129GiB (139GB), run=120001-120001msec

Disk stats (read/write):
  nvme0n1: ios=365/140218422, merge=0/0, ticks=12/90757176, in_queue=91687448, util=81.64%
