randw-4K-n1-c1: (g=0): rw=randwrite, bs=(R) 4096B-4096B, (W) 4096B-4096B, (T) 4096B-4096B, ioengine=libaio, iodepth=32
randw-4K-n2-c2: (g=1): rw=randwrite, bs=(R) 4096B-4096B, (W) 4096B-4096B, (T) 4096B-4096B, ioengine=libaio, iodepth=32
...
randw-4K-n4-c4: (g=2): rw=randwrite, bs=(R) 4096B-4096B, (W) 4096B-4096B, (T) 4096B-4096B, ioengine=libaio, iodepth=32
...
randw-4K-n8-c8: (g=3): rw=randwrite, bs=(R) 4096B-4096B, (W) 4096B-4096B, (T) 4096B-4096B, ioengine=libaio, iodepth=32
...
randw-4K-n12-c12: (g=4): rw=randwrite, bs=(R) 4096B-4096B, (W) 4096B-4096B, (T) 4096B-4096B, ioengine=libaio, iodepth=32
...
fio-3.1
Starting 27 processes

randw-4K-n1-c1: (groupid=0, jobs=1): err= 0: pid=3338: Sat Jul 27 22:33:51 2019
  write: IOPS=122k, BW=477MiB/s (500MB/s)(55.9GiB/120001msec)
    slat (usec): min=2, max=261, avg= 2.74, stdev= 1.57
    clat (usec): min=20, max=750, avg=255.77, stdev=15.08
     lat (usec): min=23, max=763, avg=259.09, stdev=15.25
    clat percentiles (usec):
     | 10.000th=[  245], 20.000th=[  247], 30.000th=[  249], 40.000th=[  251],
     | 50.000th=[  251], 70.000th=[  255], 90.000th=[  273], 99.000th=[  314],
     | 99.900th=[  338], 99.990th=[  371], 99.999th=[  652]
   bw (  KiB/s): min=368816, max=483962, per=77.93%, avg=380915.08, stdev=7049.05, samples=239
   iops        : min=92202, max=120990, avg=95228.42, stdev=1762.25, samples=239
  lat (usec)   : 50=0.01%, 100=0.01%, 250=38.39%, 500=61.61%, 750=0.01%
  lat (usec)   : 1000=0.01%
  cpu          : usr=51.37%, sys=48.63%, ctx=412, majf=0, minf=9
  IO depths    : 1=0.1%, 2=0.1%, 4=0.1%, 8=0.1%, 16=0.1%, 32=100.0%, >=64=0.0%
     submit    : 0=0.0%, 4=100.0%, 8=0.0%, 16=0.0%, 32=0.0%, 64=0.0%, >=64=0.0%
     complete  : 0=0.0%, 4=100.0%, 8=0.0%, 16=0.0%, 32=0.1%, 64=0.0%, >=64=0.0%
     issued rwt: total=0,14663035,0, short=0,0,0, dropped=0,0,0
     latency   : target=0, window=0, percentile=100.00%, depth=32
randw-4K-n2-c2: (groupid=1, jobs=2): err= 0: pid=3343: Sat Jul 27 22:33:51 2019
  write: IOPS=240k, BW=936MiB/s (981MB/s)(110GiB/120001msec)
    slat (usec): min=2, max=7117, avg= 3.36, stdev= 2.23
    clat (usec): min=18, max=4461, avg=260.22, stdev=19.29
     lat (usec): min=23, max=7723, avg=264.16, stdev=19.52
    clat percentiles (usec):
     | 10.000th=[  243], 20.000th=[  249], 30.000th=[  251], 40.000th=[  253],
     | 50.000th=[  255], 70.000th=[  265], 90.000th=[  285], 99.000th=[  322],
     | 99.900th=[  347], 99.990th=[  375], 99.999th=[  709]
   bw (  KiB/s): min=363337, max=462542, per=38.78%, avg=371511.49, stdev=6152.35, samples=478
   iops        : min=90834, max=115635, avg=92877.50, stdev=1538.09, samples=478
  lat (usec)   : 20=0.01%, 50=0.01%, 100=0.01%, 250=25.19%, 500=74.80%
  lat (usec)   : 750=0.01%, 1000=0.01%
  lat (msec)   : 2=0.01%, 4=0.01%, 10=0.01%
  cpu          : usr=49.31%, sys=50.68%, ctx=963, majf=0, minf=15
  IO depths    : 1=0.1%, 2=0.1%, 4=0.1%, 8=0.1%, 16=0.1%, 32=100.0%, >=64=0.0%
     submit    : 0=0.0%, 4=100.0%, 8=0.0%, 16=0.0%, 32=0.0%, 64=0.0%, >=64=0.0%
     complete  : 0=0.0%, 4=100.0%, 8=0.0%, 16=0.0%, 32=0.1%, 64=0.0%, >=64=0.0%
     issued rwt: total=0,28742408,0, short=0,0,0, dropped=0,0,0
     latency   : target=0, window=0, percentile=100.00%, depth=32
randw-4K-n4-c4: (groupid=2, jobs=4): err= 0: pid=3348: Sat Jul 27 22:33:51 2019
  write: IOPS=280k, BW=1094MiB/s (1148MB/s)(128GiB/120001msec)
    slat (usec): min=2, max=6767, avg= 3.68, stdev= 3.09
    clat (usec): min=206, max=7112, avg=450.35, stdev=46.31
     lat (usec): min=210, max=7330, avg=454.66, stdev=46.25
    clat percentiles (usec):
     | 10.000th=[  396], 20.000th=[  416], 30.000th=[  429], 40.000th=[  433],
     | 50.000th=[  449], 70.000th=[  469], 90.000th=[  506], 99.000th=[  562],
     | 99.900th=[  611], 99.990th=[  685], 99.999th=[ 2966]
   bw (  KiB/s): min=216482, max=425830, per=19.61%, avg=219719.05, stdev=13411.92, samples=956
   iops        : min=54120, max=106457, avg=54929.38, stdev=3352.96, samples=956
  lat (usec)   : 250=0.08%, 500=87.19%, 750=12.73%, 1000=0.01%
  lat (msec)   : 2=0.01%, 4=0.01%, 10=0.01%
  cpu          : usr=29.04%, sys=40.35%, ctx=19318483, majf=0, minf=35
  IO depths    : 1=0.1%, 2=0.1%, 4=0.1%, 8=0.1%, 16=0.1%, 32=100.0%, >=64=0.0%
     submit    : 0=0.0%, 4=100.0%, 8=0.0%, 16=0.0%, 32=0.0%, 64=0.0%, >=64=0.0%
     complete  : 0=0.0%, 4=100.0%, 8=0.0%, 16=0.0%, 32=0.1%, 64=0.0%, >=64=0.0%
     issued rwt: total=0,33620410,0, short=0,0,0, dropped=0,0,0
     latency   : target=0, window=0, percentile=100.00%, depth=32
randw-4K-n8-c8: (groupid=3, jobs=8): err= 0: pid=3355: Sat Jul 27 22:33:51 2019
  write: IOPS=281k, BW=1096MiB/s (1149MB/s)(128GiB/120012msec)
    slat (usec): min=2, max=13955, avg= 3.80, stdev= 4.40
    clat (usec): min=64, max=16017, avg=905.57, stdev=329.94
     lat (usec): min=239, max=16021, avg=910.03, stdev=330.14
    clat percentiles (usec):
     | 10.000th=[  433], 20.000th=[  486], 30.000th=[  832], 40.000th=[  873],
     | 50.000th=[  906], 70.000th=[  988], 90.000th=[ 1385], 99.000th=[ 1500],
     | 99.900th=[ 1582], 99.990th=[ 1647], 99.999th=[ 3261]
   bw (  KiB/s): min=73326, max=368793, per=10.03%, avg=112513.72, stdev=46214.24, samples=1912
   iops        : min=18331, max=92198, avg=28128.08, stdev=11553.57, samples=1912
  lat (usec)   : 100=0.01%, 250=0.01%, 500=22.16%, 750=3.25%, 1000=46.46%
  lat (msec)   : 2=28.12%, 4=0.01%, 10=0.01%, 20=0.01%
  cpu          : usr=16.03%, sys=22.02%, ctx=23553814, majf=0, minf=75
  IO depths    : 1=0.1%, 2=0.1%, 4=0.1%, 8=0.1%, 16=0.1%, 32=100.0%, >=64=0.0%
     submit    : 0=0.0%, 4=100.0%, 8=0.0%, 16=0.0%, 32=0.0%, 64=0.0%, >=64=0.0%
     complete  : 0=0.0%, 4=100.0%, 8=0.0%, 16=0.0%, 32=0.1%, 64=0.0%, >=64=0.0%
     issued rwt: total=0,33671156,0, short=0,0,0, dropped=0,0,0
     latency   : target=0, window=0, percentile=100.00%, depth=32
randw-4K-n12-c12: (groupid=4, jobs=12): err= 0: pid=3367: Sat Jul 27 22:33:51 2019
  write: IOPS=281k, BW=1099MiB/s (1152MB/s)(129GiB/120021msec)
    slat (usec): min=2, max=18217, avg= 4.87, stdev= 5.52
    clat (usec): min=100, max=22317, avg=1355.48, stdev=196.94
     lat (usec): min=239, max=22322, avg=1361.23, stdev=197.28
    clat percentiles (usec):
     | 10.000th=[ 1221], 20.000th=[ 1287], 30.000th=[ 1303], 40.000th=[ 1336],
     | 50.000th=[ 1352], 70.000th=[ 1401], 90.000th=[ 1500], 99.000th=[ 1926],
     | 99.900th=[ 2343], 99.990th=[ 2540], 99.999th=[ 4817]
   bw (  KiB/s): min=55494, max=146821, per=8.36%, avg=94046.10, stdev=12571.60, samples=2880
   iops        : min=13873, max=36705, avg=23511.23, stdev=3142.90, samples=2880
  lat (usec)   : 250=0.01%, 500=0.01%, 750=0.54%, 1000=6.29%
  lat (msec)   : 2=92.56%, 4=0.60%, 10=0.01%, 50=0.01%
  cpu          : usr=13.89%, sys=17.47%, ctx=16871690, majf=0, minf=107
  IO depths    : 1=0.1%, 2=0.1%, 4=0.1%, 8=0.1%, 16=0.1%, 32=100.0%, >=64=0.0%
     submit    : 0=0.0%, 4=100.0%, 8=0.0%, 16=0.0%, 32=0.0%, 64=0.0%, >=64=0.0%
     complete  : 0=0.0%, 4=100.0%, 8=0.0%, 16=0.0%, 32=0.1%, 64=0.0%, >=64=0.0%
     issued rwt: total=0,33769706,0, short=0,0,0, dropped=0,0,0
     latency   : target=0, window=0, percentile=100.00%, depth=32

Run status group 0 (all jobs):
  WRITE: bw=477MiB/s (500MB/s), 477MiB/s-477MiB/s (500MB/s-500MB/s), io=55.9GiB (60.1GB), run=120001-120001msec

Run status group 1 (all jobs):
  WRITE: bw=936MiB/s (981MB/s), 936MiB/s-936MiB/s (981MB/s-981MB/s), io=110GiB (118GB), run=120001-120001msec

Run status group 2 (all jobs):
  WRITE: bw=1094MiB/s (1148MB/s), 1094MiB/s-1094MiB/s (1148MB/s-1148MB/s), io=128GiB (138GB), run=120001-120001msec

Run status group 3 (all jobs):
  WRITE: bw=1096MiB/s (1149MB/s), 1096MiB/s-1096MiB/s (1149MB/s-1149MB/s), io=128GiB (138GB), run=120012-120012msec

Run status group 4 (all jobs):
  WRITE: bw=1099MiB/s (1152MB/s), 1099MiB/s-1099MiB/s (1152MB/s-1152MB/s), io=129GiB (138GB), run=120021-120021msec

Disk stats (read/write):
  nvme0n1: ios=362/144466714, merge=0/0, ticks=12/90551328, in_queue=92413852, util=86.94%
