***************************************
*** ###easy### TPC-C Load Generator ***
***************************************
option h with value '10.0.1.105'
option P with value '3306'
option d with value 'benchmarker'
option u with value 'root'
option p with value '123456'
option w with value '11'
option c with value '1'
option r with value '22'
option l with value '60'
option i with value '10'
<Parameters>
     [server]: 10.0.1.105
     [port]: 3306
     [DBname]: benchmarker
       [user]: root
       [pass]: 123456
  [warehouse]: 11
 [connection]: 1
     [rampup]: 22 (sec.)
    [measure]: 60 (sec.)

RAMP-UP TIME.(22 sec.)

MEASURING START.

  10, trx: 1045, 95%: 7.889, 99%: 12.187, max_rt: 19.255, 1045|9.498, 105|4.443, 105|30.332, 104|40.484
  20, trx: 1096, 95%: 7.453, 99%: 9.978, max_rt: 20.110, 1097|8.756, 110|2.734, 110|25.758, 110|25.302
  30, trx: 1104, 95%: 7.597, 99%: 11.207, max_rt: 18.070, 1102|6.618, 111|2.248, 110|26.667, 110|25.584
  40, trx: 1094, 95%: 7.371, 99%: 10.524, max_rt: 14.287, 1097|6.165, 108|3.838, 109|29.117, 109|26.709
  50, trx: 1096, 95%: 7.601, 99%: 11.285, max_rt: 16.426, 1096|5.691, 110|3.219, 111|25.445, 111|26.759
  60, trx: 1099, 95%: 7.823, 99%: 11.506, max_rt: 14.276, 1097|5.426, 110|3.559, 109|23.209, 109|24.847

STOPPING THREADS.

<Raw Results>
  [0] sc:3632 lt:2902  rt:0  fl:0 avg_rt: 6.7 (5)
  [1] sc:6520 lt:14  rt:0  fl:0 avg_rt: 1.7 (5)
  [2] sc:654 lt:0  rt:0  fl:0 avg_rt: 1.0 (5)
  [3] sc:654 lt:0  rt:0  fl:0 avg_rt: 17.8 (80)
  [4] sc:565 lt:88  rt:0  fl:0 avg_rt: 23.2 (20)
 in 60 sec.

<Raw Results2(sum ver.)>
  [0] sc:3632  lt:2902  rt:0  fl:0 
  [1] sc:6520  lt:14  rt:0  fl:0 
  [2] sc:654  lt:0  rt:0  fl:0 
  [3] sc:654  lt:0  rt:0  fl:0 
  [4] sc:565  lt:88  rt:0  fl:0 

<Constraint Check> (all must be [OK])
 [transaction percentage]
        Payment: 43.48% (>=43.0%) [OK]
   Order-Status: 4.35% (>= 4.0%) [OK]
       Delivery: 4.35% (>= 4.0%) [OK]
    Stock-Level: 4.34% (>= 4.0%) [OK]
 [response time (at least 90% passed)]
      New-Order: 55.59%  [NG] *
        Payment: 99.79%  [OK]
   Order-Status: 100.00%  [OK]
       Delivery: 100.00%  [OK]
    Stock-Level: 86.52%  [NG] *

<TpmC>
                 6534.000 TpmC
