***************************************
*** ###easy### TPC-C Load Generator ***
***************************************
option h with value '10.0.1.105'
option P with value '3306'
option d with value 'benchmarker'
option u with value 'root'
option p with value '123456'
option w with value '11'
option c with value '16'
option r with value '22'
option l with value '60'
option i with value '10'
<Parameters>
     [server]: 10.0.1.105
     [port]: 3306
     [DBname]: benchmarker
       [user]: root
       [pass]: 123456
  [warehouse]: 11
 [connection]: 16
     [rampup]: 22 (sec.)
    [measure]: 60 (sec.)

RAMP-UP TIME.(22 sec.)

MEASURING START.

  10, trx: 4580, 95%: 35.291, 99%: 43.297, max_rt: 73.780, 4580|54.719, 458|18.717, 460|103.879, 458|115.973
  20, trx: 4664, 95%: 35.080, 99%: 43.271, max_rt: 62.297, 4662|43.534, 466|18.354, 466|106.970, 467|106.231
  30, trx: 4592, 95%: 35.028, 99%: 43.362, max_rt: 62.858, 4592|43.154, 459|19.691, 458|95.469, 459|114.500
  40, trx: 4638, 95%: 35.931, 99%: 44.813, max_rt: 61.058, 4637|43.244, 464|15.677, 465|110.751, 465|133.370
  50, trx: 4567, 95%: 36.028, 99%: 45.653, max_rt: 63.675, 4568|42.768, 457|16.907, 455|103.584, 455|116.215
  60, trx: 4623, 95%: 35.408, 99%: 42.948, max_rt: 57.477, 4622|56.419, 462|10.028, 463|97.862, 462|112.972

STOPPING THREADS................

<Raw Results>
  [0] sc:1086 lt:26578  rt:0  fl:0 avg_rt: 24.9 (5)
  [1] sc:17312 lt:10349  rt:0  fl:0 avg_rt: 7.2 (5)
  [2] sc:2456 lt:310  rt:0  fl:0 avg_rt: 3.5 (5)
  [3] sc:2659 lt:108  rt:0  fl:0 avg_rt: 67.3 (80)
  [4] sc:102 lt:2664  rt:0  fl:0 avg_rt: 81.7 (20)
 in 60 sec.

<Raw Results2(sum ver.)>
  [0] sc:1086  lt:26578  rt:0  fl:0 
  [1] sc:17312  lt:10349  rt:0  fl:0 
  [2] sc:2456  lt:310  rt:0  fl:0 
  [3] sc:2659  lt:108  rt:0  fl:0 
  [4] sc:102  lt:2664  rt:0  fl:0 

<Constraint Check> (all must be [OK])
 [transaction percentage]
        Payment: 43.48% (>=43.0%) [OK]
   Order-Status: 4.35% (>= 4.0%) [OK]
       Delivery: 4.35% (>= 4.0%) [OK]
    Stock-Level: 4.35% (>= 4.0%) [OK]
 [response time (at least 90% passed)]
      New-Order: 3.93%  [NG] *
        Payment: 62.59%  [NG] *
   Order-Status: 88.79%  [NG] *
       Delivery: 96.10%  [OK]
    Stock-Level: 3.69%  [NG] *

<TpmC>
                 27664.000 TpmC
