***************************************
*** ###easy### TPC-C Load Generator ***
***************************************
option h with value '192.168.122.77'
option P with value '3306'
option d with value 'benchmarker'
option u with value 'root'
option p with value '123456'
option w with value '11'
option c with value '16'
option r with value '22'
option l with value '60'
option i with value '10'
<Parameters>
     [server]: 192.168.122.77
     [port]: 3306
     [DBname]: benchmarker
       [user]: root
       [pass]: 123456
  [warehouse]: 11
 [connection]: 16
     [rampup]: 22 (sec.)
    [measure]: 60 (sec.)

RAMP-UP TIME.(22 sec.)

MEASURING START.

  10, trx: 1945, 95%: 71.313, 99%: 81.328, max_rt: 122.185, 1946|82.670, 194|26.699, 195|202.684, 193|238.756
  20, trx: 1964, 95%: 67.370, 99%: 77.873, max_rt: 93.883, 1964|65.353, 196|19.652, 197|174.692, 197|220.896
  30, trx: 1984, 95%: 68.838, 99%: 79.618, max_rt: 118.978, 1986|99.670, 199|33.899, 198|163.425, 199|240.988
  40, trx: 2001, 95%: 70.296, 99%: 82.431, max_rt: 117.864, 1999|75.180, 200|32.202, 199|165.210, 200|250.646
  50, trx: 2032, 95%: 65.796, 99%: 75.464, max_rt: 96.910, 2032|74.140, 203|31.774, 204|171.932, 203|205.917
  60, trx: 2037, 95%: 66.529, 99%: 78.318, max_rt: 96.466, 2039|85.889, 204|21.160, 204|158.981, 204|221.761

STOPPING THREADS................

<Raw Results>
  [0] sc:7 lt:11957  rt:0  fl:0 avg_rt: 57.2 (5)
  [1] sc:1389 lt:10577  rt:0  fl:0 avg_rt: 15.5 (5)
  [2] sc:558 lt:638  rt:0  fl:0 avg_rt: 8.0 (5)
  [3] sc:119 lt:1078  rt:0  fl:0 avg_rt: 147.3 (80)
  [4] sc:0 lt:1196  rt:0  fl:0 avg_rt: 214.1 (20)
 in 60 sec.

<Raw Results2(sum ver.)>
  [0] sc:7  lt:11957  rt:0  fl:0 
  [1] sc:1389  lt:10577  rt:0  fl:0 
  [2] sc:558  lt:638  rt:0  fl:0 
  [3] sc:119  lt:1078  rt:0  fl:0 
  [4] sc:0  lt:1196  rt:0  fl:0 

<Constraint Check> (all must be [OK])
 [transaction percentage]
        Payment: 43.48% (>=43.0%) [OK]
   Order-Status: 4.35% (>= 4.0%) [OK]
       Delivery: 4.35% (>= 4.0%) [OK]
    Stock-Level: 4.35% (>= 4.0%) [OK]
 [response time (at least 90% passed)]
      New-Order: 0.06%  [NG] *
        Payment: 11.61%  [NG] *
   Order-Status: 46.66%  [NG] *
       Delivery: 9.94%  [NG] *
    Stock-Level: 0.00%  [NG] *

<TpmC>
                 11964.000 TpmC
