***************************************
*** ###easy### TPC-C Load Generator ***
***************************************
option h with value '192.168.122.79'
option P with value '3306'
option d with value 'benchmarker'
option u with value 'root'
option p with value '123456'
option w with value '11'
option c with value '8'
option r with value '22'
option l with value '60'
option i with value '10'
<Parameters>
     [server]: 192.168.122.79
     [port]: 3306
     [DBname]: benchmarker
       [user]: root
       [pass]: 123456
  [warehouse]: 11
 [connection]: 8
     [rampup]: 22 (sec.)
    [measure]: 60 (sec.)

RAMP-UP TIME.(22 sec.)

MEASURING START.

  10, trx: 4978, 95%: 16.381, 99%: 21.815, max_rt: 38.331, 4973|21.453, 497|9.991, 498|60.996, 499|52.002
  20, trx: 4650, 95%: 18.687, 99%: 25.269, max_rt: 37.501, 4653|30.360, 465|5.319, 465|47.348, 464|53.065
  30, trx: 4415, 95%: 19.134, 99%: 25.704, max_rt: 39.765, 4413|23.165, 442|8.136, 442|46.199, 441|46.272
  40, trx: 3963, 95%: 21.782, 99%: 28.930, max_rt: 48.382, 3964|43.464, 396|8.968, 396|53.101, 397|56.410
  50, trx: 3969, 95%: 21.737, 99%: 27.618, max_rt: 43.526, 3969|30.389, 397|8.560, 397|57.039, 397|50.408
  60, trx: 3888, 95%: 21.789, 99%: 29.252, max_rt: 42.212, 3887|25.815, 389|8.689, 388|60.398, 389|53.439

STOPPING THREADS........

<Raw Results>
  [0] sc:3901 lt:21962  rt:0  fl:0 avg_rt: 13.5 (5)
  [1] sc:23031 lt:2828  rt:0  fl:0 avg_rt: 3.8 (5)
  [2] sc:2541 lt:45  rt:0  fl:0 avg_rt: 2.2 (5)
  [3] sc:2586 lt:0  rt:0  fl:0 avg_rt: 35.9 (80)
  [4] sc:140 lt:2447  rt:0  fl:0 avg_rt: 41.4 (20)
 in 60 sec.

<Raw Results2(sum ver.)>
  [0] sc:3901  lt:21962  rt:0  fl:0 
  [1] sc:23032  lt:2828  rt:0  fl:0 
  [2] sc:2541  lt:45  rt:0  fl:0 
  [3] sc:2586  lt:0  rt:0  fl:0 
  [4] sc:140  lt:2447  rt:0  fl:0 

<Constraint Check> (all must be [OK])
 [transaction percentage]
        Payment: 43.47% (>=43.0%) [OK]
   Order-Status: 4.35% (>= 4.0%) [OK]
       Delivery: 4.35% (>= 4.0%) [OK]
    Stock-Level: 4.35% (>= 4.0%) [OK]
 [response time (at least 90% passed)]
      New-Order: 15.08%  [NG] *
        Payment: 89.06%  [NG] *
   Order-Status: 98.26%  [OK]
       Delivery: 100.00%  [OK]
    Stock-Level: 5.41%  [NG] *

<TpmC>
                 25863.000 TpmC
