***************************************
*** ###easy### TPC-C Load Generator ***
***************************************
option h with value '192.168.122.79'
option P with value '3306'
option d with value 'benchmarker'
option u with value 'root'
option p with value '123456'
option w with value '11'
option c with value '64'
option r with value '22'
option l with value '60'
option i with value '10'
<Parameters>
     [server]: 192.168.122.79
     [port]: 3306
     [DBname]: benchmarker
       [user]: root
       [pass]: 123456
  [warehouse]: 11
 [connection]: 64
     [rampup]: 22 (sec.)
    [measure]: 60 (sec.)

RAMP-UP TIME.(22 sec.)

MEASURING START.

  10, trx: 4402, 95%: 120.954, 99%: 158.874, max_rt: 320.285, 4404|367.995, 441|99.622, 434|668.468, 442|218.436
  20, trx: 4489, 95%: 119.336, 99%: 151.625, max_rt: 280.332, 4480|271.092, 448|84.606, 450|673.662, 450|235.293
  30, trx: 4419, 95%: 125.378, 99%: 164.094, max_rt: 308.169, 4423|317.761, 442|46.891, 448|597.911, 440|229.047
  40, trx: 4443, 95%: 121.535, 99%: 161.173, max_rt: 269.459, 4447|361.348, 445|44.196, 439|508.834, 443|229.092
  50, trx: 4394, 95%: 125.716, 99%: 168.020, max_rt: 271.612, 4401|320.033, 439|63.489, 439|583.385, 442|223.477
  60, trx: 4277, 95%: 120.846, 99%: 156.139, max_rt: 221.664, 4268|333.952, 428|70.833, 429|850.319, 429|276.545

STOPPING THREADS................................................................

<Raw Results>
  [0] sc:0 lt:26424  rt:0  fl:0 avg_rt: 85.6 (5)
  [1] sc:2727 lt:23696  rt:0  fl:0 avg_rt: 59.0 (5)
  [2] sc:966 lt:1677  rt:0  fl:0 avg_rt: 11.7 (5)
  [3] sc:7 lt:2632  rt:0  fl:0 avg_rt: 377.0 (80)
  [4] sc:0 lt:2646  rt:0  fl:0 avg_rt: 144.4 (20)
 in 60 sec.

<Raw Results2(sum ver.)>
  [0] sc:0  lt:26424  rt:0  fl:0 
  [1] sc:2728  lt:23700  rt:0  fl:0 
  [2] sc:966  lt:1677  rt:0  fl:0 
  [3] sc:7  lt:2632  rt:0  fl:0 
  [4] sc:0  lt:2646  rt:0  fl:0 

<Constraint Check> (all must be [OK])
 [transaction percentage]
        Payment: 43.48% (>=43.0%) [OK]
   Order-Status: 4.35% (>= 4.0%) [OK]
       Delivery: 4.34% (>= 4.0%) [OK]
    Stock-Level: 4.35% (>= 4.0%) [OK]
 [response time (at least 90% passed)]
      New-Order: 0.00%  [NG] *
        Payment: 10.32%  [NG] *
   Order-Status: 36.55%  [NG] *
       Delivery: 0.27%  [NG] *
    Stock-Level: 0.00%  [NG] *

<TpmC>
                 26424.000 TpmC
