***************************************
*** ###easy### TPC-C Load Generator ***
***************************************
option h with value '192.168.122.79'
option P with value '3306'
option d with value 'benchmarker'
option u with value 'root'
option p with value '123456'
option w with value '11'
option c with value '16'
option r with value '22'
option l with value '60'
option i with value '10'
<Parameters>
     [server]: 192.168.122.79
     [port]: 3306
     [DBname]: benchmarker
       [user]: root
       [pass]: 123456
  [warehouse]: 11
 [connection]: 16
     [rampup]: 22 (sec.)
    [measure]: 60 (sec.)

RAMP-UP TIME.(22 sec.)

MEASURING START.

  10, trx: 4719, 95%: 34.621, 99%: 45.612, max_rt: 82.154, 4719|67.463, 472|15.217, 471|85.226, 473|106.390
  20, trx: 4775, 95%: 33.883, 99%: 44.867, max_rt: 70.986, 4774|51.116, 477|9.889, 479|89.181, 477|118.097
  30, trx: 4795, 95%: 35.059, 99%: 46.175, max_rt: 68.798, 4795|51.197, 480|16.176, 479|111.896, 479|93.975
  40, trx: 4866, 95%: 33.330, 99%: 43.362, max_rt: 71.231, 4869|46.323, 487|18.602, 486|83.190, 487|95.396
  50, trx: 4794, 95%: 33.621, 99%: 45.069, max_rt: 73.475, 4786|67.464, 479|15.831, 479|103.865, 480|86.553
  60, trx: 4788, 95%: 34.508, 99%: 45.639, max_rt: 69.067, 4789|46.803, 479|12.119, 480|92.272, 477|87.525

STOPPING THREADS................

<Raw Results>
  [0] sc:284 lt:28453  rt:0  fl:0 avg_rt: 24.9 (5)
  [1] sc:16847 lt:11885  rt:0  fl:0 avg_rt: 7.7 (5)
  [2] sc:2509 lt:365  rt:0  fl:0 avg_rt: 3.8 (5)
  [3] sc:2851 lt:23  rt:0  fl:0 avg_rt: 60.3 (80)
  [4] sc:5 lt:2868  rt:0  fl:0 avg_rt: 64.6 (20)
 in 60 sec.

<Raw Results2(sum ver.)>
  [0] sc:284  lt:28454  rt:0  fl:0 
  [1] sc:16850  lt:11886  rt:0  fl:0 
  [2] sc:2509  lt:365  rt:0  fl:0 
  [3] sc:2851  lt:23  rt:0  fl:0 
  [4] sc:5  lt:2868  rt:0  fl:0 

<Constraint Check> (all must be [OK])
 [transaction percentage]
        Payment: 43.47% (>=43.0%) [OK]
   Order-Status: 4.35% (>= 4.0%) [OK]
       Delivery: 4.35% (>= 4.0%) [OK]
    Stock-Level: 4.35% (>= 4.0%) [OK]
 [response time (at least 90% passed)]
      New-Order: 0.99%  [NG] *
        Payment: 58.63%  [NG] *
   Order-Status: 87.30%  [NG] *
       Delivery: 99.20%  [OK]
    Stock-Level: 0.17%  [NG] *

<TpmC>
                 28737.000 TpmC
