***************************************
*** ###easy### TPC-C Load Generator ***
***************************************
option h with value '127.0.0.1'
option P with value '13306'
option d with value 'benchmarker'
option u with value 'root'
option p with value '123456'
option w with value '11'
option c with value '16'
option r with value '22'
option l with value '60'
option i with value '10'
<Parameters>
     [server]: 127.0.0.1
     [port]: 13306
     [DBname]: benchmarker
       [user]: root
       [pass]: 123456
  [warehouse]: 11
 [connection]: 16
     [rampup]: 22 (sec.)
    [measure]: 60 (sec.)

RAMP-UP TIME.(22 sec.)

MEASURING START.

  10, trx: 922, 95%: 250.187, 99%: 334.376, max_rt: 457.653, 918|350.399, 93|60.207, 92|755.910, 92|932.273
  20, trx: 906, 95%: 252.368, 99%: 331.288, max_rt: 501.021, 906|163.845, 90|46.802, 90|531.993, 92|853.125
  30, trx: 927, 95%: 240.206, 99%: 326.659, max_rt: 414.401, 925|224.118, 93|52.535, 93|654.935, 90|762.488
  40, trx: 918, 95%: 254.492, 99%: 342.070, max_rt: 404.314, 919|324.261, 92|51.660, 93|687.622, 93|1234.411
  50, trx: 910, 95%: 255.561, 99%: 344.846, max_rt: 460.640, 909|162.181, 90|55.485, 90|651.516, 90|986.529
  60, trx: 918, 95%: 259.725, 99%: 346.709, max_rt: 471.119, 921|284.712, 92|40.713, 93|580.604, 92|901.884

STOPPING THREADS...............2013, HY000, Lost connection to MySQL server at 'reading initial communication packet', system error: 104
error at thread_main


<Raw Results>
  [0] sc:0 lt:5501  rt:0  fl:0 avg_rt: 119.0 (5)
  [1] sc:398 lt:5100  rt:0  fl:0 avg_rt: 36.1 (5)
  [2] sc:211 lt:339  rt:0  fl:0 avg_rt: 12.8 (5)
  [3] sc:11 lt:540  rt:0  fl:0 avg_rt: 255.4 (80)
  [4] sc:0 lt:549  rt:0  fl:0 avg_rt: 415.2 (20)
 in 60 sec.

<Raw Results2(sum ver.)>
  [0] sc:0  lt:5501  rt:0  fl:0 
  [1] sc:398  lt:5100  rt:0  fl:0 
  [2] sc:211  lt:339  rt:0  fl:0 
  [3] sc:11  lt:540  rt:0  fl:0 
  [4] sc:0  lt:549  rt:0  fl:0 

<Constraint Check> (all must be [OK])
 [transaction percentage]
        Payment: 43.47% (>=43.0%) [OK]
   Order-Status: 4.35% (>= 4.0%) [OK]
       Delivery: 4.36% (>= 4.0%) [OK]
    Stock-Level: 4.34% (>= 4.0%) [OK]
 [response time (at least 90% passed)]
      New-Order: 0.00%  [NG] *
        Payment: 7.24%  [NG] *
   Order-Status: 38.36%  [NG] *
       Delivery: 2.00%  [NG] *
    Stock-Level: 0.00%  [NG] *

<TpmC>
                 5501.000 TpmC
