***************************************
*** ###easy### TPC-C Load Generator ***
***************************************
option h with value '127.0.0.1'
option P with value '13306'
option d with value 'benchmarker'
option u with value 'root'
option p with value '123456'
option w with value '11'
option c with value '4'
option r with value '22'
option l with value '60'
option i with value '10'
<Parameters>
     [server]: 127.0.0.1
     [port]: 13306
     [DBname]: benchmarker
       [user]: root
       [pass]: 123456
  [warehouse]: 11
 [connection]: 4
     [rampup]: 22 (sec.)
    [measure]: 60 (sec.)

RAMP-UP TIME.(22 sec.)

MEASURING START.

  10, trx: 935, 95%: 45.421, 99%: 62.158, max_rt: 94.257, 937|35.018, 93|12.269, 94|185.793, 94|251.240
  20, trx: 943, 95%: 47.649, 99%: 70.128, max_rt: 102.830, 940|35.143, 95|13.983, 95|181.387, 94|214.908
  30, trx: 935, 95%: 50.197, 99%: 65.423, max_rt: 86.523, 941|33.825, 93|7.503, 94|111.501, 95|183.814
  40, trx: 937, 95%: 51.061, 99%: 70.170, max_rt: 101.212, 933|51.960, 94|11.560, 92|163.164, 93|253.668
  50, trx: 926, 95%: 49.083, 99%: 70.909, max_rt: 89.355, 929|31.629, 93|14.016, 94|133.789, 93|220.008
  60, trx: 945, 95%: 44.492, 99%: 60.724, max_rt: 101.074, 941|32.569, 95|9.062, 94|147.215, 93|195.976

STOPPING THREADS....

<Raw Results>
  [0] sc:0 lt:5621  rt:0  fl:0 avg_rt: 31.1 (5)
  [1] sc:3433 lt:2188  rt:0  fl:0 avg_rt: 7.7 (5)
  [2] sc:513 lt:50  rt:0  fl:0 avg_rt: 3.7 (5)
  [3] sc:487 lt:76  rt:0  fl:0 avg_rt: 71.1 (80)
  [4] sc:0 lt:562  rt:0  fl:0 avg_rt: 117.7 (20)
 in 60 sec.

<Raw Results2(sum ver.)>
  [0] sc:0  lt:5621  rt:0  fl:0 
  [1] sc:3433  lt:2188  rt:0  fl:0 
  [2] sc:513  lt:50  rt:0  fl:0 
  [3] sc:487  lt:76  rt:0  fl:0 
  [4] sc:0  lt:562  rt:0  fl:0 

<Constraint Check> (all must be [OK])
 [transaction percentage]
        Payment: 43.47% (>=43.0%) [OK]
   Order-Status: 4.35% (>= 4.0%) [OK]
       Delivery: 4.35% (>= 4.0%) [OK]
    Stock-Level: 4.35% (>= 4.0%) [OK]
 [response time (at least 90% passed)]
      New-Order: 0.00%  [NG] *
        Payment: 61.07%  [NG] *
   Order-Status: 91.12%  [OK]
       Delivery: 86.50%  [NG] *
    Stock-Level: 0.00%  [NG] *

<TpmC>
                 5621.000 TpmC
