randw-4K-n1-c1: (g=0): rw=randwrite, bs=(R) 4096B-4096B, (W) 4096B-4096B, (T) 4096B-4096B, ioengine=libaio, iodepth=32
randw-4K-n2-c2: (g=1): rw=randwrite, bs=(R) 4096B-4096B, (W) 4096B-4096B, (T) 4096B-4096B, ioengine=libaio, iodepth=32
...
randw-4K-n4-c4: (g=2): rw=randwrite, bs=(R) 4096B-4096B, (W) 4096B-4096B, (T) 4096B-4096B, ioengine=libaio, iodepth=32
...
randw-4K-n8-c8: (g=3): rw=randwrite, bs=(R) 4096B-4096B, (W) 4096B-4096B, (T) 4096B-4096B, ioengine=libaio, iodepth=32
...
randw-4K-n12-c12: (g=4): rw=randwrite, bs=(R) 4096B-4096B, (W) 4096B-4096B, (T) 4096B-4096B, ioengine=libaio, iodepth=32
...
fio-3.1
Starting 27 processes

randw-4K-n1-c1: (groupid=0, jobs=1): err= 0: pid=1428: Mon Jul 22 01:41:12 2019
  write: IOPS=50.9k, BW=199MiB/s (209MB/s)(5969MiB/30001msec)
    slat (usec): min=2, max=751, avg= 3.51, stdev= 2.14
    clat (usec): min=244, max=1447, avg=621.79, stdev=46.86
     lat (usec): min=248, max=1451, avg=625.99, stdev=46.53
    clat percentiles (usec):
     | 10.000th=[  603], 20.000th=[  603], 30.000th=[  611], 40.000th=[  619],
     | 50.000th=[  627], 70.000th=[  635], 90.000th=[  660], 99.000th=[  685],
     | 99.900th=[ 1057], 99.990th=[ 1319], 99.999th=[ 1385]
   bw (  KiB/s): min=158318, max=215425, per=79.20%, avg=161352.54, stdev=11002.61, samples=59
   iops        : min=39579, max=53856, avg=40337.75, stdev=2750.70, samples=59
  lat (usec)   : 250=0.01%, 500=3.73%, 750=96.14%, 1000=0.01%
  lat (msec)   : 2=0.12%
  cpu          : usr=23.41%, sys=34.20%, ctx=1311551, majf=0, minf=11
  IO depths    : 1=0.1%, 2=0.1%, 4=0.1%, 8=0.1%, 16=0.1%, 32=100.0%, >=64=0.0%
     submit    : 0=0.0%, 4=100.0%, 8=0.0%, 16=0.0%, 32=0.0%, 64=0.0%, >=64=0.0%
     complete  : 0=0.0%, 4=100.0%, 8=0.0%, 16=0.0%, 32=0.1%, 64=0.0%, >=64=0.0%
     issued rwt: total=0,1528021,0, short=0,0,0, dropped=0,0,0
     latency   : target=0, window=0, percentile=100.00%, depth=32
randw-4K-n2-c2: (groupid=1, jobs=2): err= 0: pid=1432: Mon Jul 22 01:41:12 2019
  write: IOPS=50.7k, BW=198MiB/s (208MB/s)(5945MiB/30002msec)
    slat (usec): min=2, max=716, avg= 3.59, stdev= 1.67
    clat (usec): min=290, max=5878, avg=1255.17, stdev=80.09
     lat (usec): min=296, max=5886, avg=1259.42, stdev=79.88
    clat percentiles (usec):
     | 10.000th=[ 1221], 20.000th=[ 1237], 30.000th=[ 1254], 40.000th=[ 1254],
     | 50.000th=[ 1270], 70.000th=[ 1287], 90.000th=[ 1303], 99.000th=[ 1336],
     | 99.900th=[ 1631], 99.990th=[ 2245], 99.999th=[ 5735]
   bw (  KiB/s): min=90690, max=122095, per=45.58%, avg=92470.70, stdev=4417.13, samples=118
   iops        : min=22672, max=30523, avg=23117.36, stdev=1104.23, samples=118
  lat (usec)   : 500=0.04%, 750=0.54%, 1000=0.92%
  lat (msec)   : 2=98.49%, 4=0.01%, 10=0.01%
  cpu          : usr=11.37%, sys=18.09%, ctx=1462793, majf=0, minf=17
  IO depths    : 1=0.1%, 2=0.1%, 4=0.1%, 8=0.1%, 16=0.1%, 32=100.0%, >=64=0.0%
     submit    : 0=0.0%, 4=100.0%, 8=0.0%, 16=0.0%, 32=0.0%, 64=0.0%, >=64=0.0%
     complete  : 0=0.0%, 4=100.0%, 8=0.0%, 16=0.0%, 32=0.1%, 64=0.0%, >=64=0.0%
     issued rwt: total=0,1521812,0, short=0,0,0, dropped=0,0,0
     latency   : target=0, window=0, percentile=100.00%, depth=32
randw-4K-n4-c4: (groupid=2, jobs=4): err= 0: pid=1437: Mon Jul 22 01:41:12 2019
  write: IOPS=50.8k, BW=199MiB/s (208MB/s)(5958MiB/30003msec)
    slat (usec): min=2, max=1123, avg= 3.80, stdev= 2.53
    clat (usec): min=195, max=11788, avg=2510.68, stdev=161.18
     lat (usec): min=202, max=11797, avg=2515.13, stdev=160.98
    clat percentiles (usec):
     | 10.000th=[ 2474], 20.000th=[ 2507], 30.000th=[ 2507], 40.000th=[ 2540],
     | 50.000th=[ 2540], 70.000th=[ 2573], 90.000th=[ 2573], 99.000th=[ 2638],
     | 99.900th=[ 2966], 99.990th=[ 3589], 99.999th=[11731]
   bw (  KiB/s): min=35568, max=57102, per=18.02%, avg=36648.61, stdev=3145.91, samples=236
   iops        : min= 8892, max=14275, avg=9161.84, stdev=786.45, samples=236
  lat (usec)   : 250=0.01%, 500=0.01%, 750=0.01%, 1000=0.01%
  lat (msec)   : 2=2.01%, 4=97.96%, 10=0.01%, 20=0.01%
  cpu          : usr=5.75%, sys=9.48%, ctx=1397874, majf=0, minf=39
  IO depths    : 1=0.1%, 2=0.1%, 4=0.1%, 8=0.1%, 16=0.1%, 32=100.0%, >=64=0.0%
     submit    : 0=0.0%, 4=100.0%, 8=0.0%, 16=0.0%, 32=0.0%, 64=0.0%, >=64=0.0%
     complete  : 0=0.0%, 4=100.0%, 8=0.0%, 16=0.0%, 32=0.1%, 64=0.0%, >=64=0.0%
     issued rwt: total=0,1525366,0, short=0,0,0, dropped=0,0,0
     latency   : target=0, window=0, percentile=100.00%, depth=32
randw-4K-n8-c8: (groupid=3, jobs=8): err= 0: pid=1444: Mon Jul 22 01:41:12 2019
  write: IOPS=50.9k, BW=199MiB/s (208MB/s)(5962MiB/30006msec)
    slat (usec): min=2, max=7226, avg=105.90, stdev=345.26
    clat (usec): min=333, max=17293, avg=4920.45, stdev=1639.98
     lat (usec): min=348, max=17625, avg=5027.63, stdev=1691.86
    clat percentiles (usec):
     | 10.000th=[ 3163], 20.000th=[ 3687], 30.000th=[ 3818], 40.000th=[ 4178],
     | 50.000th=[ 4424], 70.000th=[ 5473], 90.000th=[ 7308], 99.000th=[10028],
     | 99.900th=[12125], 99.990th=[14222], 99.999th=[15795]
   bw (  KiB/s): min=16991, max=42883, per=10.52%, avg=21415.23, stdev=3951.51, samples=472
   iops        : min= 4247, max=10720, avg=5353.46, stdev=987.88, samples=472
  lat (usec)   : 500=0.01%, 750=0.01%, 1000=0.01%
  lat (msec)   : 2=0.01%, 4=37.40%, 10=61.60%, 20=0.97%
  cpu          : usr=4.77%, sys=5.99%, ctx=422444, majf=0, minf=82
  IO depths    : 1=0.1%, 2=0.1%, 4=0.1%, 8=0.1%, 16=0.1%, 32=100.0%, >=64=0.0%
     submit    : 0=0.0%, 4=100.0%, 8=0.0%, 16=0.0%, 32=0.0%, 64=0.0%, >=64=0.0%
     complete  : 0=0.0%, 4=100.0%, 8=0.0%, 16=0.0%, 32=0.1%, 64=0.0%, >=64=0.0%
     issued rwt: total=0,1526393,0, short=0,0,0, dropped=0,0,0
     latency   : target=0, window=0, percentile=100.00%, depth=32
randw-4K-n12-c12: (groupid=4, jobs=12): err= 0: pid=1455: Mon Jul 22 01:41:12 2019
  write: IOPS=50.9k, BW=199MiB/s (208MB/s)(5964MiB/30008msec)
    slat (usec): min=3, max=7242, avg=24.66, stdev=178.70
    clat (usec): min=320, max=21915, avg=7514.12, stdev=839.61
     lat (usec): min=334, max=21932, avg=7540.47, stdev=868.47
    clat percentiles (usec):
     | 10.000th=[ 6915], 20.000th=[ 7242], 30.000th=[ 7504], 40.000th=[ 7570],
     | 50.000th=[ 7570], 70.000th=[ 7635], 90.000th=[ 7701], 99.000th=[11207],
     | 99.900th=[14877], 99.990th=[18482], 99.999th=[20055]
   bw (  KiB/s): min=14322, max=24398, per=8.38%, avg=17044.15, stdev=1116.36, samples=720
   iops        : min= 3580, max= 6099, avg=4260.73, stdev=279.08, samples=720
  lat (usec)   : 500=0.01%, 750=0.01%, 1000=0.01%
  lat (msec)   : 2=0.01%, 4=0.02%, 10=98.14%, 20=1.83%, 50=0.01%
  cpu          : usr=4.86%, sys=5.90%, ctx=490645, majf=0, minf=117
  IO depths    : 1=0.1%, 2=0.1%, 4=0.1%, 8=0.1%, 16=0.1%, 32=100.0%, >=64=0.0%
     submit    : 0=0.0%, 4=100.0%, 8=0.0%, 16=0.0%, 32=0.0%, 64=0.0%, >=64=0.0%
     complete  : 0=0.0%, 4=100.0%, 8=0.0%, 16=0.0%, 32=0.1%, 64=0.0%, >=64=0.0%
     issued rwt: total=0,1526717,0, short=0,0,0, dropped=0,0,0
     latency   : target=0, window=0, percentile=100.00%, depth=32

Run status group 0 (all jobs):
  WRITE: bw=199MiB/s (209MB/s), 199MiB/s-199MiB/s (209MB/s-209MB/s), io=5969MiB (6259MB), run=30001-30001msec

Run status group 1 (all jobs):
  WRITE: bw=198MiB/s (208MB/s), 198MiB/s-198MiB/s (208MB/s-208MB/s), io=5945MiB (6233MB), run=30002-30002msec

Run status group 2 (all jobs):
  WRITE: bw=199MiB/s (208MB/s), 199MiB/s-199MiB/s (208MB/s-208MB/s), io=5958MiB (6248MB), run=30003-30003msec

Run status group 3 (all jobs):
  WRITE: bw=199MiB/s (208MB/s), 199MiB/s-199MiB/s (208MB/s-208MB/s), io=5962MiB (6252MB), run=30006-30006msec

Run status group 4 (all jobs):
  WRITE: bw=199MiB/s (208MB/s), 199MiB/s-199MiB/s (208MB/s-208MB/s), io=5964MiB (6253MB), run=30008-30008msec

Disk stats (read/write):
  vda: ios=293/7627825, merge=0/0, ticks=60/23263304, in_queue=23237296, util=98.58%
