randw-4K-n1-c1: (g=0): rw=randwrite, bs=(R) 4096B-4096B, (W) 4096B-4096B, (T) 4096B-4096B, ioengine=libaio, iodepth=32
randw-4K-n2-c2: (g=1): rw=randwrite, bs=(R) 4096B-4096B, (W) 4096B-4096B, (T) 4096B-4096B, ioengine=libaio, iodepth=32
...
randw-4K-n4-c4: (g=2): rw=randwrite, bs=(R) 4096B-4096B, (W) 4096B-4096B, (T) 4096B-4096B, ioengine=libaio, iodepth=32
...
randw-4K-n8-c8: (g=3): rw=randwrite, bs=(R) 4096B-4096B, (W) 4096B-4096B, (T) 4096B-4096B, ioengine=libaio, iodepth=32
...
randw-4K-n12-c12: (g=4): rw=randwrite, bs=(R) 4096B-4096B, (W) 4096B-4096B, (T) 4096B-4096B, ioengine=libaio, iodepth=32
...
fio-3.1
Starting 27 processes

randw-4K-n1-c1: (groupid=0, jobs=1): err= 0: pid=1141: Mon Jul 22 01:41:14 2019
  write: IOPS=51.1k, BW=199MiB/s (209MB/s)(5983MiB/30001msec)
    slat (usec): min=2, max=724, avg= 3.57, stdev= 2.26
    clat (usec): min=252, max=1376, avg=620.21, stdev=54.30
     lat (usec): min=256, max=1380, avg=624.46, stdev=54.21
    clat percentiles (usec):
     | 10.000th=[  603], 20.000th=[  603], 30.000th=[  611], 40.000th=[  619],
     | 50.000th=[  627], 70.000th=[  635], 90.000th=[  660], 99.000th=[  685],
     | 99.900th=[ 1057], 99.990th=[ 1303], 99.999th=[ 1352]
   bw (  KiB/s): min=159132, max=227942, per=79.56%, avg=162458.25, stdev=12249.59, samples=59
   iops        : min=39783, max=56985, avg=40614.22, stdev=3062.38, samples=59
  lat (usec)   : 500=3.33%, 750=96.54%, 1000=0.01%
  lat (msec)   : 2=0.12%
  cpu          : usr=23.23%, sys=35.82%, ctx=1307549, majf=0, minf=11
  IO depths    : 1=0.1%, 2=0.1%, 4=0.1%, 8=0.1%, 16=0.1%, 32=100.0%, >=64=0.0%
     submit    : 0=0.0%, 4=100.0%, 8=0.0%, 16=0.0%, 32=0.0%, 64=0.0%, >=64=0.0%
     complete  : 0=0.0%, 4=100.0%, 8=0.0%, 16=0.0%, 32=0.1%, 64=0.0%, >=64=0.0%
     issued rwt: total=0,1531571,0, short=0,0,0, dropped=0,0,0
     latency   : target=0, window=0, percentile=100.00%, depth=32
randw-4K-n2-c2: (groupid=1, jobs=2): err= 0: pid=1145: Mon Jul 22 01:41:14 2019
  write: IOPS=51.1k, BW=200MiB/s (210MB/s)(5994MiB/30002msec)
    slat (usec): min=2, max=16038, avg= 4.07, stdev=13.17
    clat (usec): min=232, max=16761, avg=1243.93, stdev=183.36
     lat (usec): min=244, max=16778, avg=1248.74, stdev=184.13
    clat percentiles (usec):
     | 10.000th=[ 1221], 20.000th=[ 1237], 30.000th=[ 1254], 40.000th=[ 1254],
     | 50.000th=[ 1254], 70.000th=[ 1287], 90.000th=[ 1303], 99.000th=[ 1336],
     | 99.900th=[ 1647], 99.990th=[13960], 99.999th=[16712]
   bw (  KiB/s): min=88110, max=137681, per=46.41%, avg=94957.93, stdev=7778.71, samples=118
   iops        : min=22027, max=34420, avg=23739.10, stdev=1944.70, samples=118
  lat (usec)   : 250=0.01%, 500=0.01%, 750=1.59%, 1000=2.57%
  lat (msec)   : 2=95.81%, 4=0.01%, 20=0.01%
  cpu          : usr=12.30%, sys=20.52%, ctx=1449868, majf=0, minf=18
  IO depths    : 1=0.1%, 2=0.1%, 4=0.1%, 8=0.1%, 16=0.1%, 32=100.0%, >=64=0.0%
     submit    : 0=0.0%, 4=100.0%, 8=0.0%, 16=0.0%, 32=0.0%, 64=0.0%, >=64=0.0%
     complete  : 0=0.0%, 4=100.0%, 8=0.0%, 16=0.0%, 32=0.1%, 64=0.0%, >=64=0.0%
     issued rwt: total=0,1534552,0, short=0,0,0, dropped=0,0,0
     latency   : target=0, window=0, percentile=100.00%, depth=32
randw-4K-n4-c4: (groupid=2, jobs=4): err= 0: pid=1149: Mon Jul 22 01:41:14 2019
  write: IOPS=51.1k, BW=200MiB/s (209MB/s)(5991MiB/30003msec)
    slat (usec): min=2, max=24035, avg= 4.13, stdev=19.66
    clat (usec): min=215, max=35491, avg=2496.52, stdev=322.99
     lat (usec): min=224, max=35496, avg=2501.39, stdev=323.50
    clat percentiles (usec):
     | 10.000th=[ 2474], 20.000th=[ 2507], 30.000th=[ 2507], 40.000th=[ 2507],
     | 50.000th=[ 2540], 70.000th=[ 2540], 90.000th=[ 2573], 99.000th=[ 2638],
     | 99.900th=[ 3032], 99.990th=[15926], 99.999th=[35390]
   bw (  KiB/s): min=36057, max=53592, per=18.37%, avg=37565.23, stdev=3323.25, samples=236
   iops        : min= 9014, max=13398, avg=9390.92, stdev=830.83, samples=236
  lat (usec)   : 250=0.01%, 500=0.01%, 750=0.15%, 1000=0.01%
  lat (msec)   : 2=3.77%, 4=96.05%, 10=0.01%, 20=0.01%, 50=0.01%
  cpu          : usr=6.53%, sys=9.78%, ctx=1383887, majf=0, minf=40
  IO depths    : 1=0.1%, 2=0.1%, 4=0.1%, 8=0.1%, 16=0.1%, 32=100.0%, >=64=0.0%
     submit    : 0=0.0%, 4=100.0%, 8=0.0%, 16=0.0%, 32=0.0%, 64=0.0%, >=64=0.0%
     complete  : 0=0.0%, 4=100.0%, 8=0.0%, 16=0.0%, 32=0.1%, 64=0.0%, >=64=0.0%
     issued rwt: total=0,1533579,0, short=0,0,0, dropped=0,0,0
     latency   : target=0, window=0, percentile=100.00%, depth=32
randw-4K-n8-c8: (groupid=3, jobs=8): err= 0: pid=1156: Mon Jul 22 01:41:14 2019
  write: IOPS=51.2k, BW=200MiB/s (210MB/s)(5997MiB/30006msec)
    slat (usec): min=2, max=5904, avg=54.20, stdev=252.67
    clat (usec): min=336, max=17274, avg=4942.62, stdev=1121.24
     lat (usec): min=348, max=17279, avg=4998.16, stdev=1159.69
    clat percentiles (usec):
     | 10.000th=[ 3752], 20.000th=[ 4293], 30.000th=[ 4424], 40.000th=[ 4752],
     | 50.000th=[ 5014], 70.000th=[ 5080], 90.000th=[ 6194], 99.000th=[ 8979],
     | 99.900th=[11338], 99.990th=[13435], 99.999th=[15270]
   bw (  KiB/s): min=18275, max=33602, per=10.76%, avg=22016.14, stdev=3052.37, samples=472
   iops        : min= 4568, max= 8400, avg=5503.65, stdev=763.09, samples=472
  lat (usec)   : 500=0.01%, 750=0.02%, 1000=0.01%
  lat (msec)   : 2=0.02%, 4=18.18%, 10=81.38%, 20=0.41%
  cpu          : usr=5.15%, sys=6.15%, ctx=558707, majf=0, minf=82
  IO depths    : 1=0.1%, 2=0.1%, 4=0.1%, 8=0.1%, 16=0.1%, 32=100.0%, >=64=0.0%
     submit    : 0=0.0%, 4=100.0%, 8=0.0%, 16=0.0%, 32=0.0%, 64=0.0%, >=64=0.0%
     complete  : 0=0.0%, 4=100.0%, 8=0.0%, 16=0.0%, 32=0.1%, 64=0.0%, >=64=0.0%
     issued rwt: total=0,1535265,0, short=0,0,0, dropped=0,0,0
     latency   : target=0, window=0, percentile=100.00%, depth=32
randw-4K-n12-c12: (groupid=4, jobs=12): err= 0: pid=1167: Mon Jul 22 01:41:14 2019
  write: IOPS=67.9k, BW=265MiB/s (278MB/s)(7957MiB/30001msec)
    slat (usec): min=2, max=8791, avg=21.58, stdev=171.01
    clat (usec): min=13, max=21527, avg=5626.17, stdev=3120.72
     lat (usec): min=19, max=22124, avg=5649.34, stdev=3136.38
    clat percentiles (usec):
     | 10.000th=[  578], 20.000th=[  619], 30.000th=[ 4686], 40.000th=[ 6980],
     | 50.000th=[ 7504], 70.000th=[ 7570], 90.000th=[ 7701], 99.000th=[10945],
     | 99.900th=[14222], 99.990th=[17957], 99.999th=[20055]
   bw (  KiB/s): min=14300, max=219103, per=8.31%, avg=22568.57, stdev=29408.46, samples=719
   iops        : min= 3575, max=54775, avg=5641.79, stdev=7352.10, samples=719
  lat (usec)   : 20=0.01%, 50=0.01%, 100=0.01%, 250=0.01%, 500=0.36%
  lat (usec)   : 750=24.84%, 1000=0.45%
  lat (msec)   : 2=0.26%, 4=2.27%, 10=70.34%, 20=1.47%, 50=0.01%
  cpu          : usr=5.60%, sys=7.21%, ctx=605973, majf=0, minf=120
  IO depths    : 1=0.1%, 2=0.1%, 4=0.1%, 8=0.1%, 16=0.1%, 32=100.0%, >=64=0.0%
     submit    : 0=0.0%, 4=100.0%, 8=0.0%, 16=0.0%, 32=0.0%, 64=0.0%, >=64=0.0%
     complete  : 0=0.0%, 4=100.0%, 8=0.0%, 16=0.0%, 32=0.1%, 64=0.0%, >=64=0.0%
     issued rwt: total=0,2036994,0, short=0,0,0, dropped=0,0,0
     latency   : target=0, window=0, percentile=100.00%, depth=32

Run status group 0 (all jobs):
  WRITE: bw=199MiB/s (209MB/s), 199MiB/s-199MiB/s (209MB/s-209MB/s), io=5983MiB (6273MB), run=30001-30001msec

Run status group 1 (all jobs):
  WRITE: bw=200MiB/s (210MB/s), 200MiB/s-200MiB/s (210MB/s-210MB/s), io=5994MiB (6286MB), run=30002-30002msec

Run status group 2 (all jobs):
  WRITE: bw=200MiB/s (209MB/s), 200MiB/s-200MiB/s (209MB/s-209MB/s), io=5991MiB (6282MB), run=30003-30003msec

Run status group 3 (all jobs):
  WRITE: bw=200MiB/s (210MB/s), 200MiB/s-200MiB/s (210MB/s-210MB/s), io=5997MiB (6288MB), run=30006-30006msec

Run status group 4 (all jobs):
  WRITE: bw=265MiB/s (278MB/s), 265MiB/s-265MiB/s (278MB/s-278MB/s), io=7957MiB (8344MB), run=30001-30001msec

Disk stats (read/write):
  vda: ios=272/8166104, merge=0/0, ticks=108/24533756, in_queue=24593968, util=99.26%
