***************************************
*** ###easy### TPC-C Load Generator ***
***************************************
option h with value '192.168.122.81'
option P with value '3306'
option d with value 'benchmarker'
option u with value 'root'
option p with value '123456'
option w with value '11'
option c with value '8'
option r with value '22'
option l with value '60'
option i with value '10'
<Parameters>
     [server]: 192.168.122.81
     [port]: 3306
     [DBname]: benchmarker
       [user]: root
       [pass]: 123456
  [warehouse]: 11
 [connection]: 8
     [rampup]: 22 (sec.)
    [measure]: 60 (sec.)

RAMP-UP TIME.(22 sec.)

MEASURING START.

  10, trx: 1123, 95%: 64.200, 99%: 78.411, max_rt: 113.549, 1125|81.430, 112|24.649, 113|157.159, 112|228.873
  20, trx: 1123, 95%: 65.481, 99%: 81.230, max_rt: 136.846, 1122|40.388, 112|17.567, 112|149.450, 112|217.977
  30, trx: 1103, 95%: 66.052, 99%: 81.596, max_rt: 107.405, 1105|54.357, 110|15.983, 110|213.023, 111|238.881
  40, trx: 1122, 95%: 62.813, 99%: 79.142, max_rt: 100.708, 1120|44.756, 112|15.805, 112|159.993, 112|243.172
  50, trx: 1157, 95%: 63.285, 99%: 83.824, max_rt: 136.697, 1159|72.969, 116|18.708, 117|147.874, 115|208.253
  60, trx: 1162, 95%: 61.750, 99%: 73.260, max_rt: 97.381, 1161|48.198, 116|16.533, 115|154.580, 118|231.058

STOPPING THREADS........

<Raw Results>
  [0] sc:1 lt:6789  rt:0  fl:0 avg_rt: 51.7 (5)
  [1] sc:858 lt:5934  rt:0  fl:0 avg_rt: 12.9 (5)
  [2] sc:458 lt:220  rt:0  fl:0 avg_rt: 6.3 (5)
  [3] sc:246 lt:433  rt:0  fl:0 avg_rt: 120.3 (80)
  [4] sc:0 lt:680  rt:0  fl:0 avg_rt: 193.1 (20)
 in 60 sec.

<Raw Results2(sum ver.)>
  [0] sc:1  lt:6789  rt:0  fl:0 
  [1] sc:858  lt:5934  rt:0  fl:0 
  [2] sc:458  lt:220  rt:0  fl:0 
  [3] sc:246  lt:433  rt:0  fl:0 
  [4] sc:0  lt:680  rt:0  fl:0 

<Constraint Check> (all must be [OK])
 [transaction percentage]
        Payment: 43.49% (>=43.0%) [OK]
   Order-Status: 4.34% (>= 4.0%) [OK]
       Delivery: 4.35% (>= 4.0%) [OK]
    Stock-Level: 4.35% (>= 4.0%) [OK]
 [response time (at least 90% passed)]
      New-Order: 0.01%  [NG] *
        Payment: 12.63%  [NG] *
   Order-Status: 67.55%  [NG] *
       Delivery: 36.23%  [NG] *
    Stock-Level: 0.00%  [NG] *

<TpmC>
                 6790.000 TpmC
