randw-4K-n1-c1: (g=0): rw=randwrite, bs=(R) 4096B-4096B, (W) 4096B-4096B, (T) 4096B-4096B, ioengine=libaio, iodepth=32
randw-4K-n2-c2: (g=1): rw=randwrite, bs=(R) 4096B-4096B, (W) 4096B-4096B, (T) 4096B-4096B, ioengine=libaio, iodepth=32
...
randw-4K-n4-c4: (g=2): rw=randwrite, bs=(R) 4096B-4096B, (W) 4096B-4096B, (T) 4096B-4096B, ioengine=libaio, iodepth=32
...
randw-4K-n8-c8: (g=3): rw=randwrite, bs=(R) 4096B-4096B, (W) 4096B-4096B, (T) 4096B-4096B, ioengine=libaio, iodepth=32
...
randw-4K-n12-c12: (g=4): rw=randwrite, bs=(R) 4096B-4096B, (W) 4096B-4096B, (T) 4096B-4096B, ioengine=libaio, iodepth=32
...
fio-3.1
Starting 27 processes

randw-4K-n1-c1: (groupid=0, jobs=1): err= 0: pid=1413: Sat Jul 27 22:59:32 2019
  write: IOPS=119k, BW=463MiB/s (485MB/s)(54.3GiB/120001msec)
    slat (usec): min=2, max=100, avg= 2.91, stdev= 1.54
    clat (usec): min=15, max=702, avg=263.87, stdev=13.50
     lat (usec): min=18, max=714, avg=267.48, stdev=13.61
    clat percentiles (usec):
     | 10.000th=[  255], 20.000th=[  258], 30.000th=[  260], 40.000th=[  260],
     | 50.000th=[  262], 70.000th=[  265], 90.000th=[  269], 99.000th=[  318],
     | 99.900th=[  326], 99.990th=[  351], 99.999th=[  644]
   bw (  KiB/s): min=365757, max=480889, per=77.89%, avg=369248.44, stdev=7345.99, samples=239
   iops        : min=91439, max=120222, avg=92311.77, stdev=1836.51, samples=239
  lat (usec)   : 20=0.01%, 50=0.01%, 100=0.01%, 250=2.41%, 500=97.58%
  lat (usec)   : 750=0.01%
  cpu          : usr=50.68%, sys=49.32%, ctx=168, majf=0, minf=10
  IO depths    : 1=0.1%, 2=0.1%, 4=0.1%, 8=0.1%, 16=0.1%, 32=100.0%, >=64=0.0%
     submit    : 0=0.0%, 4=100.0%, 8=0.0%, 16=0.0%, 32=0.0%, 64=0.0%, >=64=0.0%
     complete  : 0=0.0%, 4=100.0%, 8=0.0%, 16=0.0%, 32=0.1%, 64=0.0%, >=64=0.0%
     issued rwt: total=0,14222150,0, short=0,0,0, dropped=0,0,0
     latency   : target=0, window=0, percentile=100.00%, depth=32
randw-4K-n2-c2: (groupid=1, jobs=2): err= 0: pid=1418: Sat Jul 27 22:59:32 2019
  write: IOPS=186k, BW=727MiB/s (762MB/s)(85.2GiB/120010msec)
    slat (usec): min=2, max=20020, avg= 3.59, stdev= 4.85
    clat (usec): min=106, max=20823, avg=337.24, stdev=60.08
     lat (usec): min=127, max=20826, avg=341.51, stdev=60.22
    clat percentiles (usec):
     | 10.000th=[  293], 20.000th=[  297], 30.000th=[  318], 40.000th=[  326],
     | 50.000th=[  330], 70.000th=[  359], 90.000th=[  392], 99.000th=[  441],
     | 99.900th=[  482], 99.990th=[  603], 99.999th=[  742]
   bw (  KiB/s): min=282275, max=424591, per=39.00%, avg=290205.57, stdev=9492.52, samples=478
   iops        : min=70568, max=106147, avg=72551.03, stdev=2373.14, samples=478
  lat (usec)   : 250=0.03%, 500=99.93%, 750=0.04%, 1000=0.01%
  lat (msec)   : 20=0.01%, 50=0.01%
  cpu          : usr=38.03%, sys=45.79%, ctx=4177671, majf=0, minf=18
  IO depths    : 1=0.1%, 2=0.1%, 4=0.1%, 8=0.1%, 16=0.1%, 32=100.0%, >=64=0.0%
     submit    : 0=0.0%, 4=100.0%, 8=0.0%, 16=0.0%, 32=0.0%, 64=0.0%, >=64=0.0%
     complete  : 0=0.0%, 4=100.0%, 8=0.0%, 16=0.0%, 32=0.1%, 64=0.0%, >=64=0.0%
     issued rwt: total=0,22324960,0, short=0,0,0, dropped=0,0,0
     latency   : target=0, window=0, percentile=100.00%, depth=32
randw-4K-n4-c4: (groupid=2, jobs=4): err= 0: pid=1423: Sat Jul 27 22:59:32 2019
  write: IOPS=176k, BW=687MiB/s (720MB/s)(80.5GiB/120021msec)
    slat (usec): min=2, max=24066, avg= 3.53, stdev=10.90
    clat (usec): min=77, max=24687, avg=721.08, stdev=279.65
     lat (usec): min=104, max=24692, avg=725.33, stdev=280.19
    clat percentiles (usec):
     | 10.000th=[  474], 20.000th=[  510], 30.000th=[  537], 40.000th=[  562],
     | 50.000th=[  586], 70.000th=[  914], 90.000th=[ 1156], 99.000th=[ 1254],
     | 99.900th=[ 1336], 99.990th=[ 1401], 99.999th=[15664]
   bw (  KiB/s): min=93349, max=281886, per=21.69%, avg=152545.33, stdev=52150.63, samples=956
   iops        : min=23337, max=70471, avg=38135.95, stdev=13037.67, samples=956
  lat (usec)   : 100=0.01%, 250=0.01%, 500=17.70%, 750=49.15%, 1000=6.94%
  lat (msec)   : 2=26.20%, 4=0.01%, 10=0.01%, 20=0.01%, 50=0.01%
  cpu          : usr=20.74%, sys=27.28%, ctx=17899025, majf=0, minf=40
  IO depths    : 1=0.1%, 2=0.1%, 4=0.1%, 8=0.1%, 16=0.1%, 32=100.0%, >=64=0.0%
     submit    : 0=0.0%, 4=100.0%, 8=0.0%, 16=0.0%, 32=0.0%, 64=0.0%, >=64=0.0%
     complete  : 0=0.0%, 4=100.0%, 8=0.0%, 16=0.0%, 32=0.1%, 64=0.0%, >=64=0.0%
     issued rwt: total=0,21107511,0, short=0,0,0, dropped=0,0,0
     latency   : target=0, window=0, percentile=100.00%, depth=32
randw-4K-n8-c8: (groupid=3, jobs=8): err= 0: pid=1430: Sat Jul 27 22:59:32 2019
  write: IOPS=186k, BW=727MiB/s (762MB/s)(85.2GiB/120018msec)
    slat (usec): min=2, max=18383, avg= 4.25, stdev= 9.29
    clat (usec): min=83, max=20065, avg=1367.93, stdev=766.11
     lat (usec): min=217, max=20070, avg=1372.98, stdev=766.97
    clat percentiles (usec):
     | 10.000th=[  635], 20.000th=[  668], 30.000th=[  709], 40.000th=[  766],
     | 50.000th=[ 1303], 70.000th=[ 1450], 90.000th=[ 2737], 99.000th=[ 2900],
     | 99.900th=[ 3032], 99.990th=[ 3130], 99.999th=[ 5014]
   bw (  KiB/s): min=45251, max=240408, per=12.44%, avg=92563.50, stdev=52326.33, samples=1917
   iops        : min=11312, max=60102, avg=23140.52, stdev=13081.57, samples=1917
  lat (usec)   : 100=0.01%, 250=0.01%, 500=0.27%, 750=38.39%, 1000=4.70%
  lat (msec)   : 2=33.55%, 4=23.08%, 10=0.01%, 20=0.01%, 50=0.01%
  cpu          : usr=13.16%, sys=17.17%, ctx=18133088, majf=0, minf=83
  IO depths    : 1=0.1%, 2=0.1%, 4=0.1%, 8=0.1%, 16=0.1%, 32=100.0%, >=64=0.0%
     submit    : 0=0.0%, 4=100.0%, 8=0.0%, 16=0.0%, 32=0.0%, 64=0.0%, >=64=0.0%
     complete  : 0=0.0%, 4=100.0%, 8=0.0%, 16=0.0%, 32=0.1%, 64=0.0%, >=64=0.0%
     issued rwt: total=0,22329069,0, short=0,0,0, dropped=0,0,0
     latency   : target=0, window=0, percentile=100.00%, depth=32
randw-4K-n12-c12: (groupid=4, jobs=12): err= 0: pid=1441: Sat Jul 27 22:59:32 2019
  write: IOPS=187k, BW=732MiB/s (767MB/s)(85.7GiB/120003msec)
    slat (usec): min=2, max=2578, avg= 5.90, stdev= 4.25
    clat (usec): min=267, max=5657, avg=2039.04, stdev=293.20
     lat (usec): min=273, max=5663, avg=2046.02, stdev=293.41
    clat percentiles (usec):
     | 10.000th=[ 1893], 20.000th=[ 1958], 30.000th=[ 1991], 40.000th=[ 2008],
     | 50.000th=[ 2040], 70.000th=[ 2114], 90.000th=[ 2212], 99.000th=[ 2868],
     | 99.900th=[ 3523], 99.990th=[ 3654], 99.999th=[ 3949]
   bw (  KiB/s): min=37368, max=272312, per=8.35%, avg=62531.97, stdev=9834.88, samples=2880
   iops        : min= 9342, max=68078, avg=15632.84, stdev=2458.69, samples=2880
  lat (usec)   : 500=0.12%, 750=0.37%, 1000=0.04%
  lat (msec)   : 2=33.97%, 4=65.50%, 10=0.01%
  cpu          : usr=11.65%, sys=14.27%, ctx=11808802, majf=0, minf=120
  IO depths    : 1=0.1%, 2=0.1%, 4=0.1%, 8=0.1%, 16=0.1%, 32=100.0%, >=64=0.0%
     submit    : 0=0.0%, 4=100.0%, 8=0.0%, 16=0.0%, 32=0.0%, 64=0.0%, >=64=0.0%
     complete  : 0=0.0%, 4=100.0%, 8=0.0%, 16=0.0%, 32=0.1%, 64=0.0%, >=64=0.0%
     issued rwt: total=0,22476699,0, short=0,0,0, dropped=0,0,0
     latency   : target=0, window=0, percentile=100.00%, depth=32

Run status group 0 (all jobs):
  WRITE: bw=463MiB/s (485MB/s), 463MiB/s-463MiB/s (485MB/s-485MB/s), io=54.3GiB (58.3GB), run=120001-120001msec

Run status group 1 (all jobs):
  WRITE: bw=727MiB/s (762MB/s), 727MiB/s-727MiB/s (762MB/s-762MB/s), io=85.2GiB (91.4GB), run=120010-120010msec

Run status group 2 (all jobs):
  WRITE: bw=687MiB/s (720MB/s), 687MiB/s-687MiB/s (720MB/s-720MB/s), io=80.5GiB (86.5GB), run=120021-120021msec

Run status group 3 (all jobs):
  WRITE: bw=727MiB/s (762MB/s), 727MiB/s-727MiB/s (762MB/s-762MB/s), io=85.2GiB (91.5GB), run=120018-120018msec

Run status group 4 (all jobs):
  WRITE: bw=732MiB/s (767MB/s), 732MiB/s-732MiB/s (767MB/s-767MB/s), io=85.7GiB (92.1GB), run=120003-120003msec

Disk stats (read/write):
  nvme0n1: ios=365/102445260, merge=0/0, ticks=24/98185804, in_queue=98744744, util=88.25%
