***************************************
*** ###easy### TPC-C Load Generator ***
***************************************
option h with value '192.168.122.79'
option P with value '3306'
option d with value 'benchmarker'
option u with value 'root'
option p with value '123456'
option w with value '11'
option c with value '16'
option r with value '22'
option l with value '60'
option i with value '10'
<Parameters>
     [server]: 192.168.122.79
     [port]: 3306
     [DBname]: benchmarker
       [user]: root
       [pass]: 123456
  [warehouse]: 11
 [connection]: 16
     [rampup]: 22 (sec.)
    [measure]: 60 (sec.)

RAMP-UP TIME.(22 sec.)

MEASURING START.

  10, trx: 3190, 95%: 49.927, 99%: 60.524, max_rt: 89.382, 3190|65.862, 318|20.063, 320|149.276, 318|206.819
  20, trx: 3220, 95%: 49.097, 99%: 59.057, max_rt: 77.054, 3218|59.051, 323|21.105, 322|139.785, 323|191.347
  30, trx: 3138, 95%: 51.260, 99%: 63.077, max_rt: 81.767, 3143|69.461, 313|14.294, 313|155.947, 313|188.773
  40, trx: 3216, 95%: 49.972, 99%: 66.072, max_rt: 133.934, 3210|107.756, 321|15.298, 322|186.327, 322|282.817
  50, trx: 3303, 95%: 48.050, 99%: 59.003, max_rt: 86.600, 3302|75.398, 331|43.103, 330|122.339, 331|177.656
  60, trx: 3262, 95%: 49.230, 99%: 62.869, max_rt: 89.535, 3261|76.556, 326|19.375, 326|148.007, 325|177.220

STOPPING THREADS................

<Raw Results>
  [0] sc:99 lt:19230  rt:0  fl:0 avg_rt: 35.4 (5)
  [1] sc:7511 lt:11814  rt:0  fl:0 avg_rt: 10.4 (5)
  [2] sc:1558 lt:374  rt:0  fl:0 avg_rt: 4.7 (5)
  [3] sc:1373 lt:560  rt:0  fl:0 avg_rt: 92.9 (80)
  [4] sc:2 lt:1930  rt:0  fl:0 avg_rt: 122.1 (20)
 in 60 sec.

<Raw Results2(sum ver.)>
  [0] sc:99  lt:19230  rt:0  fl:0 
  [1] sc:7512  lt:11815  rt:0  fl:0 
  [2] sc:1558  lt:374  rt:0  fl:0 
  [3] sc:1373  lt:560  rt:0  fl:0 
  [4] sc:2  lt:1930  rt:0  fl:0 

<Constraint Check> (all must be [OK])
 [transaction percentage]
        Payment: 43.47% (>=43.0%) [OK]
   Order-Status: 4.35% (>= 4.0%) [OK]
       Delivery: 4.35% (>= 4.0%) [OK]
    Stock-Level: 4.35% (>= 4.0%) [OK]
 [response time (at least 90% passed)]
      New-Order: 0.51%  [NG] *
        Payment: 38.87%  [NG] *
   Order-Status: 80.64%  [NG] *
       Delivery: 71.03%  [NG] *
    Stock-Level: 0.10%  [NG] *

<TpmC>
                 19329.000 TpmC
