***************************************
*** ###easy### TPC-C Load Generator ***
***************************************
option h with value '192.168.122.77'
option P with value '3306'
option d with value 'benchmarker'
option u with value 'root'
option p with value '123456'
option w with value '11'
option c with value '128'
option r with value '22'
option l with value '60'
option i with value '10'
<Parameters>
     [server]: 192.168.122.77
     [port]: 3306
     [DBname]: benchmarker
       [user]: root
       [pass]: 123456
  [warehouse]: 11
 [connection]: 128
     [rampup]: 22 (sec.)
    [measure]: 60 (sec.)

RAMP-UP TIME.(22 sec.)

MEASURING START.

  10, trx: 5561, 95%: 125.415, 99%: 183.642, max_rt: 518.217, 5538|702.630, 556|66.472, 574|1820.518, 557|223.306
  20, trx: 5609, 95%: 124.779, 99%: 188.826, max_rt: 547.717, 5620|583.996, 562|34.482, 554|1548.563, 562|182.926
  30, trx: 5445, 95%: 125.228, 99%: 191.330, max_rt: 495.420, 5464|557.153, 544|75.006, 526|1221.275, 545|198.739
  40, trx: 5589, 95%: 129.072, 99%: 175.684, max_rt: 381.594, 5586|556.346, 560|58.203, 565|1437.593, 560|194.950
  50, trx: 5527, 95%: 130.587, 99%: 190.416, max_rt: 576.832, 5520|586.548, 551|76.858, 562|1884.153, 552|195.017
  60, trx: 5516, 95%: 125.867, 99%: 174.113, max_rt: 356.716, 5509|627.448, 552|78.027, 553|1525.623, 549|225.853

STOPPING THREADS................................................................................................................................

<Raw Results>
  [0] sc:3 lt:33244  rt:0  fl:0 avg_rt: 82.0 (5)
  [1] sc:1957 lt:31280  rt:0  fl:0 avg_rt: 131.4 (5)
  [2] sc:1583 lt:1742  rt:0  fl:0 avg_rt: 9.5 (5)
  [3] sc:0 lt:3334  rt:0  fl:0 avg_rt: 881.0 (80)
  [4] sc:4 lt:3321  rt:0  fl:0 avg_rt: 115.5 (20)
 in 60 sec.

<Raw Results2(sum ver.)>
  [0] sc:3  lt:33244  rt:0  fl:0 
  [1] sc:1957  lt:31281  rt:0  fl:0 
  [2] sc:1583  lt:1742  rt:0  fl:0 
  [3] sc:0  lt:3334  rt:0  fl:0 
  [4] sc:4  lt:3321  rt:0  fl:0 

<Constraint Check> (all must be [OK])
 [transaction percentage]
        Payment: 43.47% (>=43.0%) [OK]
   Order-Status: 4.35% (>= 4.0%) [OK]
       Delivery: 4.36% (>= 4.0%) [OK]
    Stock-Level: 4.35% (>= 4.0%) [OK]
 [response time (at least 90% passed)]
      New-Order: 0.01%  [NG] *
        Payment: 5.89%  [NG] *
   Order-Status: 47.61%  [NG] *
       Delivery: 0.00%  [NG] *
    Stock-Level: 0.12%  [NG] *

<TpmC>
                 33247.000 TpmC
