***************************************
*** ###easy### TPC-C Load Generator ***
***************************************
option h with value '192.168.122.77'
option P with value '3306'
option d with value 'benchmarker'
option u with value 'root'
option p with value '123456'
option w with value '11'
option c with value '8'
option r with value '22'
option l with value '60'
option i with value '10'
<Parameters>
     [server]: 192.168.122.77
     [port]: 3306
     [DBname]: benchmarker
       [user]: root
       [pass]: 123456
  [warehouse]: 11
 [connection]: 8
     [rampup]: 22 (sec.)
    [measure]: 60 (sec.)

RAMP-UP TIME.(22 sec.)

MEASURING START.

  10, trx: 5826, 95%: 13.558, 99%: 18.487, max_rt: 62.964, 5824|50.473, 582|33.035, 584|88.165, 582|50.804
  20, trx: 5477, 95%: 14.836, 99%: 19.799, max_rt: 29.893, 5478|23.560, 548|6.752, 548|35.912, 548|36.049
  30, trx: 5187, 95%: 15.365, 99%: 20.560, max_rt: 36.197, 5186|25.236, 519|6.398, 517|44.135, 519|40.202
  40, trx: 5041, 95%: 16.215, 99%: 21.058, max_rt: 36.842, 5044|24.073, 504|6.175, 505|42.481, 504|37.921
  50, trx: 5023, 95%: 16.763, 99%: 21.854, max_rt: 31.387, 5022|20.679, 502|10.588, 502|41.511, 503|40.660
  60, trx: 5080, 95%: 16.147, 99%: 21.926, max_rt: 35.255, 5077|18.646, 508|5.235, 508|40.194, 507|43.430

STOPPING THREADS........

<Raw Results>
  [0] sc:6309 lt:25325  rt:0  fl:0 avg_rt: 11.1 (5)
  [1] sc:30263 lt:1368  rt:0  fl:0 avg_rt: 3.0 (5)
  [2] sc:3149 lt:14  rt:0  fl:0 avg_rt: 1.8 (5)
  [3] sc:3164 lt:0  rt:0  fl:0 avg_rt: 28.9 (80)
  [4] sc:341 lt:2822  rt:0  fl:0 avg_rt: 34.1 (20)
 in 60 sec.

<Raw Results2(sum ver.)>
  [0] sc:6309  lt:25325  rt:0  fl:0 
  [1] sc:30263  lt:1368  rt:0  fl:0 
  [2] sc:3149  lt:14  rt:0  fl:0 
  [3] sc:3164  lt:0  rt:0  fl:0 
  [4] sc:341  lt:2822  rt:0  fl:0 

<Constraint Check> (all must be [OK])
 [transaction percentage]
        Payment: 43.48% (>=43.0%) [OK]
   Order-Status: 4.35% (>= 4.0%) [OK]
       Delivery: 4.35% (>= 4.0%) [OK]
    Stock-Level: 4.35% (>= 4.0%) [OK]
 [response time (at least 90% passed)]
      New-Order: 19.94%  [NG] *
        Payment: 95.68%  [OK]
   Order-Status: 99.56%  [OK]
       Delivery: 100.00%  [OK]
    Stock-Level: 10.78%  [NG] *

<TpmC>
                 31634.000 TpmC
