***************************************
*** ###easy### TPC-C Load Generator ***
***************************************
option h with value '192.168.122.77'
option P with value '3306'
option d with value 'benchmarker'
option u with value 'root'
option p with value '123456'
option w with value '11'
option c with value '16'
option r with value '22'
option l with value '60'
option i with value '10'
<Parameters>
     [server]: 192.168.122.77
     [port]: 3306
     [DBname]: benchmarker
       [user]: root
       [pass]: 123456
  [warehouse]: 11
 [connection]: 16
     [rampup]: 22 (sec.)
    [measure]: 60 (sec.)

RAMP-UP TIME.(22 sec.)

MEASURING START.

  10, trx: 6480, 95%: 23.879, 99%: 31.886, max_rt: 54.258, 6480|41.102, 647|14.257, 648|88.340, 648|73.042
  20, trx: 6449, 95%: 25.193, 99%: 32.766, max_rt: 53.210, 6446|44.905, 646|9.888, 645|70.272, 644|72.311
  30, trx: 6452, 95%: 25.254, 99%: 32.894, max_rt: 52.638, 6456|32.828, 645|11.350, 647|69.143, 646|67.514
  40, trx: 6569, 95%: 24.480, 99%: 31.506, max_rt: 59.539, 6566|42.792, 657|12.988, 656|83.209, 656|63.346
  50, trx: 6620, 95%: 24.138, 99%: 31.972, max_rt: 52.164, 6622|40.111, 661|13.886, 661|76.220, 662|75.571
  60, trx: 6608, 95%: 24.159, 99%: 31.800, max_rt: 57.546, 6605|49.410, 661|26.429, 662|75.994, 661|74.220

STOPPING THREADS................

<Raw Results>
  [0] sc:1081 lt:38097  rt:0  fl:0 avg_rt: 18.2 (5)
  [1] sc:31076 lt:8099  rt:0  fl:0 avg_rt: 5.5 (5)
  [2] sc:3757 lt:160  rt:0  fl:0 avg_rt: 2.8 (5)
  [3] sc:3916 lt:3  rt:0  fl:0 avg_rt: 44.7 (80)
  [4] sc:33 lt:3884  rt:0  fl:0 avg_rt: 49.6 (20)
 in 60 sec.

<Raw Results2(sum ver.)>
  [0] sc:1081  lt:38097  rt:0  fl:0 
  [1] sc:31077  lt:8099  rt:0  fl:0 
  [2] sc:3757  lt:160  rt:0  fl:0 
  [3] sc:3916  lt:3  rt:0  fl:0 
  [4] sc:33  lt:3884  rt:0  fl:0 

<Constraint Check> (all must be [OK])
 [transaction percentage]
        Payment: 43.48% (>=43.0%) [OK]
   Order-Status: 4.35% (>= 4.0%) [OK]
       Delivery: 4.35% (>= 4.0%) [OK]
    Stock-Level: 4.35% (>= 4.0%) [OK]
 [response time (at least 90% passed)]
      New-Order: 2.76%  [NG] *
        Payment: 79.33%  [NG] *
   Order-Status: 95.92%  [OK]
       Delivery: 99.92%  [OK]
    Stock-Level: 0.84%  [NG] *

<TpmC>
                 39178.000 TpmC
