***************************************
*** ###easy### TPC-C Load Generator ***
***************************************
option h with value '192.168.122.77'
option P with value '3306'
option d with value 'benchmarker'
option u with value 'root'
option p with value '123456'
option w with value '11'
option c with value '4'
option r with value '22'
option l with value '60'
option i with value '10'
<Parameters>
     [server]: 192.168.122.77
     [port]: 3306
     [DBname]: benchmarker
       [user]: root
       [pass]: 123456
  [warehouse]: 11
 [connection]: 4
     [rampup]: 22 (sec.)
    [measure]: 60 (sec.)

RAMP-UP TIME.(22 sec.)

MEASURING START.

  10, trx: 2119, 95%: 17.303, 99%: 21.350, max_rt: 31.636, 2119|14.535, 211|6.004, 212|55.659, 212|63.347
  20, trx: 2073, 95%: 16.823, 99%: 20.976, max_rt: 29.795, 2073|19.439, 207|4.995, 207|43.546, 207|54.712
  30, trx: 2097, 95%: 17.082, 99%: 21.286, max_rt: 29.267, 2097|16.500, 210|6.391, 210|36.851, 209|54.875
  40, trx: 2120, 95%: 17.231, 99%: 21.414, max_rt: 29.847, 2122|12.924, 212|5.071, 212|52.637, 213|52.725
  50, trx: 2129, 95%: 17.643, 99%: 21.802, max_rt: 30.567, 2127|12.413, 213|4.368, 212|39.498, 212|53.078
  60, trx: 2077, 95%: 17.819, 99%: 22.377, max_rt: 27.328, 2077|11.642, 208|4.166, 208|41.429, 208|56.034

STOPPING THREADS....

<Raw Results>
  [0] sc:437 lt:12178  rt:0  fl:0 avg_rt: 13.8 (5)
  [1] sc:12282 lt:334  rt:0  fl:0 avg_rt: 3.5 (5)
  [2] sc:1257 lt:4  rt:0  fl:0 avg_rt: 2.0 (5)
  [3] sc:1261 lt:0  rt:0  fl:0 avg_rt: 33.2 (80)
  [4] sc:6 lt:1255  rt:0  fl:0 avg_rt: 51.6 (20)
 in 60 sec.

<Raw Results2(sum ver.)>
  [0] sc:437  lt:12178  rt:0  fl:0 
  [1] sc:12282  lt:334  rt:0  fl:0 
  [2] sc:1257  lt:4  rt:0  fl:0 
  [3] sc:1261  lt:0  rt:0  fl:0 
  [4] sc:6  lt:1255  rt:0  fl:0 

<Constraint Check> (all must be [OK])
 [transaction percentage]
        Payment: 43.48% (>=43.0%) [OK]
   Order-Status: 4.35% (>= 4.0%) [OK]
       Delivery: 4.35% (>= 4.0%) [OK]
    Stock-Level: 4.35% (>= 4.0%) [OK]
 [response time (at least 90% passed)]
      New-Order: 3.46%  [NG] *
        Payment: 97.35%  [OK]
   Order-Status: 99.68%  [OK]
       Delivery: 100.00%  [OK]
    Stock-Level: 0.48%  [NG] *

<TpmC>
                 12615.000 TpmC
