***************************************
*** ###easy### TPC-C Load Generator ***
***************************************
option h with value '192.168.122.77'
option P with value '3306'
option d with value 'benchmarker'
option u with value 'root'
option p with value '123456'
option w with value '11'
option c with value '32'
option r with value '22'
option l with value '60'
option i with value '10'
<Parameters>
     [server]: 192.168.122.77
     [port]: 3306
     [DBname]: benchmarker
       [user]: root
       [pass]: 123456
  [warehouse]: 11
 [connection]: 32
     [rampup]: 22 (sec.)
    [measure]: 60 (sec.)

RAMP-UP TIME.(22 sec.)

MEASURING START.

  10, trx: 1974, 95%: 130.979, 99%: 146.758, max_rt: 244.381, 1973|233.506, 198|58.562, 197|318.553, 197|432.911
  20, trx: 1958, 95%: 130.041, 99%: 147.286, max_rt: 173.917, 1957|197.978, 195|40.226, 196|306.850, 196|393.583
  30, trx: 1981, 95%: 128.956, 99%: 143.114, max_rt: 176.362, 1981|201.365, 198|74.511, 199|291.842, 198|442.156
  40, trx: 1971, 95%: 127.727, 99%: 144.621, max_rt: 182.492, 1970|155.453, 198|37.857, 196|305.209, 197|423.679
  50, trx: 1959, 95%: 128.802, 99%: 143.328, max_rt: 161.239, 1963|151.625, 195|47.956, 197|294.191, 197|413.816
  60, trx: 1938, 95%: 132.994, 99%: 149.328, max_rt: 176.520, 1933|166.234, 193|36.116, 193|310.879, 192|420.929

STOPPING THREADS................................

<Raw Results>
  [0] sc:12 lt:11769  rt:0  fl:0 avg_rt: 112.3 (5)
  [1] sc:801 lt:10976  rt:0  fl:0 avg_rt: 36.0 (5)
  [2] sc:186 lt:991  rt:0  fl:0 avg_rt: 15.5 (5)
  [3] sc:2 lt:1176  rt:0  fl:0 avg_rt: 290.3 (80)
  [4] sc:0 lt:1177  rt:0  fl:0 avg_rt: 434.5 (20)
 in 60 sec.

<Raw Results2(sum ver.)>
  [0] sc:12  lt:11769  rt:0  fl:0 
  [1] sc:801  lt:10978  rt:0  fl:0 
  [2] sc:186  lt:991  rt:0  fl:0 
  [3] sc:2  lt:1176  rt:0  fl:0 
  [4] sc:0  lt:1177  rt:0  fl:0 

<Constraint Check> (all must be [OK])
 [transaction percentage]
        Payment: 43.47% (>=43.0%) [OK]
   Order-Status: 4.34% (>= 4.0%) [OK]
       Delivery: 4.35% (>= 4.0%) [OK]
    Stock-Level: 4.34% (>= 4.0%) [OK]
 [response time (at least 90% passed)]
      New-Order: 0.10%  [NG] *
        Payment: 6.80%  [NG] *
   Order-Status: 15.80%  [NG] *
       Delivery: 0.17%  [NG] *
    Stock-Level: 0.00%  [NG] *

<TpmC>
                 11781.000 TpmC
